2023-09-27 20:40:06,890 [INFO] Activator:176 - 


2023-09-27 20:40:06,899 [INFO] Activator:177 - !SESSION log4j initialized
2023-09-27 20:40:09,684 [INFO] LogOutputStream:77 - [STDOUT_REDIRECT] 
2023-09-27 20:40:10,037 [ERROR] ConfigurationRetriever:142 - IOException on connection: sw-center.st.com
2023-09-27 20:40:10,038 [ERROR] ConfigurationRetriever:142 - IOException on connection: sw-center.st.com
2023-09-27 20:40:10,038 [ERROR] ConfigurationRetriever:142 - IOException on connection: sw-center.st.com
2023-09-27 20:40:11,679 [INFO] ApplicationProperties:184 - Using Application install path: C:\ST\STM32CubeIDE_1.13.1\STM32CubeIDE\plugins\com.st.stm32cube.common.mx_6.9.1.202307191849
2023-09-27 20:40:11,706 [INFO] DbMcusXml:78 - Set database path to: C:\ST\STM32CubeIDE_1.13.1\STM32CubeIDE\plugins\com.st.stm32cube.common.mx_6.9.1.202307191849\\db\/mcu/
2023-09-27 20:40:11,706 [INFO] ApiDb:274 - Set plugin database path to: C:\ST\STM32CubeIDE_1.13.1\STM32CubeIDE\plugins\com.st.stm32cube.common.mx_6.9.1.202307191849\\db\/plugins/boardmanager/
2023-09-27 20:40:11,707 [WARN] ApiDb:259 - Overriding images path with different value:  => C:\ST\STM32CubeIDE_1.13.1\STM32CubeIDE\plugins\com.st.stm32cube.common.mx_6.9.1.202307191849\\db\/plugins/mcufinder/images/
2023-09-27 20:40:11,728 [INFO] ApiDb:250 - Set database path to: C:\Users\brbar\.stmcufinder\plugins\mcufinder//mcu/
2023-09-27 20:40:11,729 [INFO] DbMcusAds:125 - Set database path to: C:\Users\brbar\.stmcufinder\plugins\mcufinder//mcu/
2023-09-27 20:40:11,732 [INFO] CrossReferenceDbSqlite:203 - Set database path to: C:\Users\brbar\.stmcufinder\plugins\mcufinder//mcu/cs/
2023-09-27 20:40:11,896 [INFO] RulesReader:64 - Compatibility file has been processed (293 Rules)
2023-09-27 20:40:12,021 [INFO] DbMcusXml:78 - Set database path to: C:\ST\STM32CubeIDE_1.13.1\STM32CubeIDE\plugins\com.st.stm32cube.common.mx_6.9.1.202307191849\\db\/mcu/
2023-09-27 20:40:12,021 [INFO] ApiDb:274 - Set plugin database path to: C:\ST\STM32CubeIDE_1.13.1\STM32CubeIDE\plugins\com.st.stm32cube.common.mx_6.9.1.202307191849\\db\/plugins/boardmanager/
2023-09-27 20:40:12,021 [INFO] ApiDb:261 - Set plugin images path to: C:\ST\STM32CubeIDE_1.13.1\STM32CubeIDE\plugins\com.st.stm32cube.common.mx_6.9.1.202307191849\\db\/plugins/mcufinder/images/
2023-09-27 20:40:12,022 [WARN] DbFile:41 - Overriding database path with different value: C:\Users\brbar\.stmcufinder\plugins\mcufinder/ => C:\Users\brbar\.stmcufinder\plugins\mcufinder
2023-09-27 20:40:12,022 [INFO] ApiDb:250 - Set database path to: C:\Users\brbar\.stmcufinder\plugins\mcufinder//mcu/
2023-09-27 20:40:12,022 [WARN] DbFile:41 - Overriding database path with different value: C:\Users\brbar\.stmcufinder\plugins\mcufinder/ => C:\Users\brbar\.stmcufinder\plugins\mcufinder
2023-09-27 20:40:12,022 [INFO] DbMcusAds:125 - Set database path to: C:\Users\brbar\.stmcufinder\plugins\mcufinder//mcu/
2023-09-27 20:40:12,022 [WARN] DbFile:41 - Overriding database path with different value: C:\Users\brbar\.stmcufinder\plugins\mcufinder/ => C:\Users\brbar\.stmcufinder\plugins\mcufinder
2023-09-27 20:40:12,022 [WARN] DbFile:41 - Overriding database path with different value: C:\Users\brbar\.stmcufinder\plugins\mcufinder/ => C:\Users\brbar\.stmcufinder\plugins\mcufinder
2023-09-27 20:40:12,022 [INFO] CrossReferenceDbSqlite:203 - Set database path to: C:\Users\brbar\.stmcufinder\plugins\mcufinder//mcu/cs/
2023-09-27 20:40:12,121 [INFO] MainPanel:262 - HeapMemory: 268435456
2023-09-27 20:40:12,238 [INFO] DbMcusXml:78 - Set database path to: C:\ST\STM32CubeIDE_1.13.1\STM32CubeIDE\plugins\com.st.stm32cube.common.mx_6.9.1.202307191849\\db\/mcu/
2023-09-27 20:40:12,238 [INFO] ApiDb:274 - Set plugin database path to: C:\ST\STM32CubeIDE_1.13.1\STM32CubeIDE\plugins\com.st.stm32cube.common.mx_6.9.1.202307191849\\db\/plugins/boardmanager/
2023-09-27 20:40:12,238 [INFO] ApiDb:261 - Set plugin images path to: C:\ST\STM32CubeIDE_1.13.1\STM32CubeIDE\plugins\com.st.stm32cube.common.mx_6.9.1.202307191849\\db\/plugins/mcufinder/images/
2023-09-27 20:40:12,239 [WARN] DbFile:41 - Overriding database path with different value: C:\Users\brbar\.stmcufinder\plugins\mcufinder/ => C:\Users\brbar\.stmcufinder\plugins\mcufinder
2023-09-27 20:40:12,239 [INFO] ApiDb:250 - Set database path to: C:\Users\brbar\.stmcufinder\plugins\mcufinder//mcu/
2023-09-27 20:40:12,239 [WARN] DbFile:41 - Overriding database path with different value: C:\Users\brbar\.stmcufinder\plugins\mcufinder/ => C:\Users\brbar\.stmcufinder\plugins\mcufinder
2023-09-27 20:40:12,240 [INFO] DbMcusAds:125 - Set database path to: C:\Users\brbar\.stmcufinder\plugins\mcufinder//mcu/
2023-09-27 20:40:12,240 [WARN] DbFile:41 - Overriding database path with different value: C:\Users\brbar\.stmcufinder\plugins\mcufinder/ => C:\Users\brbar\.stmcufinder\plugins\mcufinder
2023-09-27 20:40:12,240 [WARN] DbFile:41 - Overriding database path with different value: C:\Users\brbar\.stmcufinder\plugins\mcufinder/ => C:\Users\brbar\.stmcufinder\plugins\mcufinder
2023-09-27 20:40:12,240 [INFO] CrossReferenceDbSqlite:203 - Set database path to: C:\Users\brbar\.stmcufinder\plugins\mcufinder//mcu/cs/
2023-09-27 20:40:12,263 [INFO] ApplicationProperties:184 - Using Application install path: C:\ST\STM32CubeIDE_1.13.1\STM32CubeIDE\plugins\com.st.stm32cube.common.mx_6.9.1.202307191849
2023-09-27 20:40:12,264 [INFO] PluginManage:196 - Search for loadable plugins [exclusion list=, ]
2023-09-27 20:40:12,267 [INFO] PluginManage:310 - Check plugin analytics
2023-09-27 20:40:12,506 [INFO] AnalyticsPlugin:253 - Accepted Software Licenses: 
2023-09-27 20:40:12,506 [INFO] AnalyticsPlugin:255 - Accepted CMSIS Pack Licenses: 
2023-09-27 20:40:12,506 [INFO] AnalyticsPlugin:257 - Accepted Firmware Licenses: 
2023-09-27 20:40:12,510 [INFO] PluginManage:359 - Loaded plugin analytics (category:tool,tabindex:-1)
2023-09-27 20:40:12,511 [ERROR] ConfigurationRetriever:142 - IOException on connection: sw-center.st.com
2023-09-27 20:40:12,511 [INFO] PluginManage:310 - Check plugin cadmodel
2023-09-27 20:40:12,512 [ERROR] ConfigurationRetriever:142 - IOException on connection: sw-center.st.com
2023-09-27 20:40:12,512 [ERROR] ConfigurationRetriever:142 - IOException on connection: sw-center.st.com
2023-09-27 20:40:12,520 [INFO] CADModel:105 - Init CAD model plugin
2023-09-27 20:40:12,520 [INFO] PluginManage:359 - Loaded plugin cadmodel (category:power,tabindex:5)
2023-09-27 20:40:12,520 [INFO] PluginManage:310 - Check plugin clock
2023-09-27 20:40:12,535 [INFO] PluginManage:359 - Loaded plugin clock (category:base,tabindex:2)
2023-09-27 20:40:12,535 [INFO] PluginManage:310 - Check plugin ddr
2023-09-27 20:40:12,539 [INFO] PluginManage:359 - Loaded plugin ddr (category:tool,tabindex:6)
2023-09-27 20:40:12,539 [INFO] PluginManage:310 - Check plugin filemanager
2023-09-27 20:40:12,713 [INFO] PluginManage:359 - Loaded plugin filemanager (category:base,tabindex:10)
2023-09-27 20:40:12,714 [INFO] PluginManage:310 - Check plugin ipmanager
2023-09-27 20:40:12,723 [INFO] PluginManage:359 - Loaded plugin ipmanager (category:base,tabindex:5)
2023-09-27 20:40:12,724 [INFO] PluginManage:310 - Check plugin lpbam
2023-09-27 20:40:12,734 [INFO] PluginManage:359 - Loaded plugin lpbam (category:base,tabindex:0)
2023-09-27 20:40:12,735 [INFO] PluginManage:310 - Check plugin memorymap
2023-09-27 20:40:12,753 [INFO] PluginManage:359 - Loaded plugin memorymap (category:base,tabindex:4)
2023-09-27 20:40:12,753 [INFO] PluginManage:310 - Check plugin pinoutandconfiguration
2023-09-27 20:40:12,766 [INFO] PluginManage:359 - Loaded plugin pinoutandconfiguration (category:base,tabindex:1)
2023-09-27 20:40:12,766 [INFO] PluginManage:310 - Check plugin pinoutconfig
2023-09-27 20:40:12,899 [WARN] SupportedApi:132 - Cannot load RTOS API schema: s4s-elt-must-match.1: The content of 'definitions' must match (annotation?, (simpleType | complexType)?, (unique | key | keyref)*)). A problem was found starting at: attribute.
2023-09-27 20:40:13,099 [INFO] PluginManage:359 - Loaded plugin pinoutconfig (category:base,tabindex:0)
2023-09-27 20:40:13,100 [INFO] PluginManage:310 - Check plugin power
2023-09-27 20:40:13,117 [INFO] PluginManage:359 - Loaded plugin power (category:power,tabindex:4)
2023-09-27 20:40:13,117 [INFO] PluginManage:310 - Check plugin projectmanager
2023-09-27 20:40:13,139 [INFO] PluginManage:359 - Loaded plugin projectmanager (category:projectmanager,tabindex:3)
2023-09-27 20:40:13,139 [INFO] PluginManage:310 - Check plugin thirdparty
2023-09-27 20:40:13,362 [INFO] PluginManage:359 - Loaded plugin thirdparty (category:base,tabindex:-1)
2023-09-27 20:40:13,362 [WARN] IntegrityCheckThread:84 - waiting for thirdparty lock release [integrity check]
2023-09-27 20:40:13,362 [INFO] IntegrityCheckThread:86 - entering critical section [integrity check]
2023-09-27 20:40:13,362 [INFO] PluginManage:310 - Check plugin tools
2023-09-27 20:40:13,363 [INFO] ThirdPartyUpdaterWithRetryManager:70 - Updater plugin not ready yet. [1/15]
2023-09-27 20:40:13,365 [INFO] PluginManage:359 - Loaded plugin tools (category:base,tabindex:7)
2023-09-27 20:40:13,366 [INFO] PluginManage:310 - Check plugin tutovideos
2023-09-27 20:40:13,598 [INFO] PluginManage:359 - Loaded plugin tutovideos (category:base,tabindex:-1)
2023-09-27 20:40:13,599 [INFO] PluginManage:310 - Check plugin updater
2023-09-27 20:40:13,613 [INFO] PluginManage:359 - Loaded plugin updater (category:base,tabindex:12)
2023-09-27 20:40:13,614 [INFO] PluginManage:310 - Check plugin userauth
2023-09-27 20:40:13,622 [INFO] UserAuth:113 - Init User Auth plugin
2023-09-27 20:40:13,623 [INFO] PluginManage:359 - Loaded plugin userauth (category:base,tabindex:14)
2023-09-27 20:40:13,624 [INFO] PluginManage:283 - PluginManage : Loaded plugins [17]
2023-09-27 20:40:13,917 [INFO] PinOutPanel:1499 - setPackage(No Configuration,No Configuration)
2023-09-27 20:40:14,068 [INFO] CADModel:165 - CPN selected for project level
2023-09-27 20:40:14,068 [INFO] CADModel:114 - Register for checkConnection events
2023-09-27 20:40:14,092 [INFO] IPUIPlugin:80 - create IPUIPlugin
2023-09-27 20:40:14,093 [INFO] PluginManager:220 - loadIPPluginJar : add adc
2023-09-27 20:40:14,097 [INFO] IPUIPlugin:80 - create IPUIPlugin
2023-09-27 20:40:14,097 [INFO] PluginManager:220 - loadIPPluginJar : add aes
2023-09-27 20:40:14,100 [INFO] IPUIPlugin:80 - create IPUIPlugin
2023-09-27 20:40:14,100 [INFO] PluginManager:220 - loadIPPluginJar : add can
2023-09-27 20:40:14,102 [INFO] IPUIPlugin:80 - create IPUIPlugin
2023-09-27 20:40:14,103 [INFO] PluginManager:220 - loadIPPluginJar : add comp
2023-09-27 20:40:14,106 [INFO] IPUIPlugin:80 - create IPUIPlugin
2023-09-27 20:40:14,106 [INFO] PluginManager:220 - loadIPPluginJar : add cryp
2023-09-27 20:40:14,111 [INFO] IPUIPlugin:80 - create IPUIPlugin
2023-09-27 20:40:14,111 [INFO] PluginManager:220 - loadIPPluginJar : add dfsdm
2023-09-27 20:40:14,120 [INFO] IPUIPlugin:80 - create IPUIPlugin
2023-09-27 20:40:14,121 [INFO] PluginManager:220 - loadIPPluginJar : add dma
2023-09-27 20:40:14,126 [INFO] IPUIPlugin:80 - create IPUIPlugin
2023-09-27 20:40:14,127 [INFO] PluginManager:220 - loadIPPluginJar : add dma3
2023-09-27 20:40:14,130 [INFO] IPUIPlugin:80 - create IPUIPlugin
2023-09-27 20:40:14,130 [INFO] PluginManager:220 - loadIPPluginJar : add fatfs
2023-09-27 20:40:14,137 [INFO] IPUIPlugin:80 - create IPUIPlugin
2023-09-27 20:40:14,137 [INFO] PluginManager:220 - loadIPPluginJar : add fmc
2023-09-27 20:40:14,145 [INFO] IPUIPlugin:80 - create IPUIPlugin
2023-09-27 20:40:14,145 [INFO] PluginManager:220 - loadIPPluginJar : add freertos
2023-09-27 20:40:14,147 [INFO] IPUIPlugin:80 - create IPUIPlugin
2023-09-27 20:40:14,148 [INFO] PluginManager:220 - loadIPPluginJar : add genericplugin
2023-09-27 20:40:14,152 [INFO] IPUIPlugin:80 - create IPUIPlugin
2023-09-27 20:40:14,152 [INFO] PluginManager:220 - loadIPPluginJar : add gfxmmu
2023-09-27 20:40:14,157 [INFO] IPUIPlugin:80 - create IPUIPlugin
2023-09-27 20:40:14,157 [INFO] PluginManager:220 - loadIPPluginJar : add gic
2023-09-27 20:40:14,161 [INFO] IPUIPlugin:80 - create IPUIPlugin
2023-09-27 20:40:14,162 [INFO] PluginManager:220 - loadIPPluginJar : add gpio
2023-09-27 20:40:14,165 [INFO] IPUIPlugin:80 - create IPUIPlugin
2023-09-27 20:40:14,165 [INFO] PluginManager:220 - loadIPPluginJar : add gtzc
2023-09-27 20:40:14,168 [INFO] IPUIPlugin:80 - create IPUIPlugin
2023-09-27 20:40:14,168 [INFO] PluginManager:220 - loadIPPluginJar : add hash
2023-09-27 20:40:14,171 [INFO] IPUIPlugin:80 - create IPUIPlugin
2023-09-27 20:40:14,171 [INFO] PluginManager:220 - loadIPPluginJar : add i2c
2023-09-27 20:40:14,176 [INFO] IPUIPlugin:80 - create IPUIPlugin
2023-09-27 20:40:14,176 [INFO] PluginManager:220 - loadIPPluginJar : add i2s
2023-09-27 20:40:14,181 [INFO] IPUIPlugin:80 - create IPUIPlugin
2023-09-27 20:40:14,181 [INFO] PluginManager:220 - loadIPPluginJar : add i3c
2023-09-27 20:40:14,185 [INFO] IPUIPlugin:80 - create IPUIPlugin
2023-09-27 20:40:14,185 [INFO] PluginManager:220 - loadIPPluginJar : add ipddr
2023-09-27 20:40:14,194 [INFO] IPUIPlugin:80 - create IPUIPlugin
2023-09-27 20:40:14,194 [INFO] PluginManager:220 - loadIPPluginJar : add linkedlist
2023-09-27 20:40:14,197 [INFO] IPUIPlugin:80 - create IPUIPlugin
2023-09-27 20:40:14,197 [INFO] PluginManager:220 - loadIPPluginJar : add lorawan
2023-09-27 20:40:14,200 [INFO] IPUIPlugin:80 - create IPUIPlugin
2023-09-27 20:40:14,200 [INFO] PluginManager:220 - loadIPPluginJar : add ltdc
2023-09-27 20:40:14,210 [INFO] IPUIPlugin:80 - create IPUIPlugin
2023-09-27 20:40:14,211 [INFO] PluginManager:220 - loadIPPluginJar : add mdma
2023-09-27 20:40:14,219 [INFO] IPUIPlugin:80 - create IPUIPlugin
2023-09-27 20:40:14,219 [INFO] PluginManager:220 - loadIPPluginJar : add nvic
2023-09-27 20:40:14,226 [INFO] IPUIPlugin:80 - create IPUIPlugin
2023-09-27 20:40:14,226 [INFO] PluginManager:220 - loadIPPluginJar : add opamp
2023-09-27 20:40:14,233 [INFO] IPUIPlugin:80 - create IPUIPlugin
2023-09-27 20:40:14,233 [INFO] PluginManager:220 - loadIPPluginJar : add openamp
2023-09-27 20:40:14,240 [INFO] IPUIPlugin:80 - create IPUIPlugin
2023-09-27 20:40:14,241 [INFO] PluginManager:220 - loadIPPluginJar : add pdm2pcm
2023-09-27 20:40:14,252 [INFO] IPUIPlugin:80 - create IPUIPlugin
2023-09-27 20:40:14,255 [INFO] PluginManager:220 - loadIPPluginJar : add plateformsettings
2023-09-27 20:40:14,257 [INFO] IPUIPlugin:80 - create IPUIPlugin
2023-09-27 20:40:14,257 [INFO] PluginManager:220 - loadIPPluginJar : add quadspi
2023-09-27 20:40:14,263 [INFO] IPUIPlugin:80 - create IPUIPlugin
2023-09-27 20:40:14,263 [INFO] PluginManager:220 - loadIPPluginJar : add resmgrutility
2023-09-27 20:40:14,266 [INFO] IPUIPlugin:80 - create IPUIPlugin
2023-09-27 20:40:14,266 [INFO] PluginManager:220 - loadIPPluginJar : add sai
2023-09-27 20:40:14,269 [INFO] IPUIPlugin:80 - create IPUIPlugin
2023-09-27 20:40:14,269 [INFO] PluginManager:220 - loadIPPluginJar : add spi
2023-09-27 20:40:14,275 [INFO] IPUIPlugin:80 - create IPUIPlugin
2023-09-27 20:40:14,275 [INFO] PluginManager:220 - loadIPPluginJar : add stm32_wpan
2023-09-27 20:40:14,278 [INFO] IPUIPlugin:80 - create IPUIPlugin
2023-09-27 20:40:14,278 [INFO] PluginManager:220 - loadIPPluginJar : add tim
2023-09-27 20:40:14,282 [INFO] IPUIPlugin:80 - create IPUIPlugin
2023-09-27 20:40:14,282 [INFO] PluginManager:220 - loadIPPluginJar : add touchsensing
2023-09-27 20:40:14,285 [INFO] IPUIPlugin:80 - create IPUIPlugin
2023-09-27 20:40:14,285 [INFO] PluginManager:220 - loadIPPluginJar : add tracer_emb
2023-09-27 20:40:14,287 [INFO] IPUIPlugin:80 - create IPUIPlugin
2023-09-27 20:40:14,287 [INFO] PluginManager:220 - loadIPPluginJar : add ts
2023-09-27 20:40:14,289 [INFO] IPUIPlugin:80 - create IPUIPlugin
2023-09-27 20:40:14,289 [INFO] PluginManager:220 - loadIPPluginJar : add tsc
2023-09-27 20:40:14,295 [INFO] IPUIPlugin:80 - create IPUIPlugin
2023-09-27 20:40:14,295 [INFO] PluginManager:220 - loadIPPluginJar : add ucpd
2023-09-27 20:40:14,302 [INFO] IPUIPlugin:80 - create IPUIPlugin
2023-09-27 20:40:14,303 [INFO] PluginManager:220 - loadIPPluginJar : add usart
2023-09-27 20:40:14,309 [INFO] IPUIPlugin:80 - create IPUIPlugin
2023-09-27 20:40:14,309 [INFO] PluginManager:220 - loadIPPluginJar : add usbx
2023-09-27 20:40:14,462 [INFO] CADModel:165 - CPN selected for project level
2023-09-27 20:40:14,463 [INFO] CADModel:114 - Register for checkConnection events
2023-09-27 20:40:14,463 [FATAL] Updater:308 - Updater called before beeing initialized
2023-09-27 20:40:14,463 [ERROR] CADModel:125 - Updater not yet initialized, retry later 
2023-09-27 20:40:14,686 [INFO] CADModel:165 - CPN selected for project level
2023-09-27 20:40:14,686 [INFO] CADModel:114 - Register for checkConnection events
2023-09-27 20:40:14,686 [FATAL] Updater:308 - Updater called before beeing initialized
2023-09-27 20:40:14,686 [ERROR] CADModel:125 - Updater not yet initialized, retry later 
2023-09-27 20:40:14,691 [FATAL] Updater:308 - Updater called before beeing initialized
2023-09-27 20:40:14,827 [FATAL] Updater:308 - Updater called before beeing initialized
2023-09-27 20:40:14,835 [INFO] DbMcusAds:53 - JSON generation date=Tue Mar 07 10:50:55 EET 2023 (1678179055335)
2023-09-27 20:40:14,835 [FATAL] Updater:308 - Updater called before beeing initialized
2023-09-27 20:40:14,918 [WARN] DetailPanel:346 - Failed to get advertising image, set to default
2023-09-27 20:40:15,054 [FATAL] Updater:308 - Updater called before beeing initialized
2023-09-27 20:40:15,059 [FATAL] Updater:308 - Updater called before beeing initialized
2023-09-27 20:40:15,059 [FATAL] Updater:308 - Updater called before beeing initialized
2023-09-27 20:40:15,060 [WARN] DetailPanel:346 - Failed to get advertising image, set to default
2023-09-27 20:40:15,063 [FATAL] Updater:308 - Updater called before beeing initialized
2023-09-27 20:40:15,221 [ERROR] Updater:1120 - MainUpdater not yet initialized. External WinMGr cannot be set.
2023-09-27 20:40:15,228 [INFO] Updater:1056 - Updater Version found : 6.9.1
2023-09-27 20:40:15,287 [INFO] ApplicationProperties:184 - Using Application install path: C:\ST\STM32CubeIDE_1.13.1\STM32CubeIDE\plugins\com.st.stm32cube.common.mx_6.9.1.202307191849
2023-09-27 20:40:15,589 [ERROR] ServerAccessManage:1146 - Warning during Server Connection :  Unknown host sw-center.st.com
2023-09-27 20:40:15,602 [INFO] MainUpdater:2868 - connection check result : 22
2023-09-27 20:40:15,605 [INFO] MainUpdater:285 - Updater Check For Update Now.
2023-09-27 20:40:15,606 [INFO] MicroXplorer:498 - Change Database Version : DB.6.0.91
2023-09-27 20:40:15,626 [INFO] McuFinderGlobals:63 - Set McuFinder mode to 2 (CubeIDE integrated)
2023-09-27 20:40:15,953 [INFO] CheckServerUpdateThread:120 - End of CheckServer Thread
2023-09-27 20:40:16,977 [WARN] PackLoader:240 - Cannot read IP mode file for STMicroelectronics.X-CUBE-SMBUS.2.1.0
2023-09-27 20:40:17,114 [WARN] PackLoader:240 - Cannot read IP mode file for STMicroelectronics.X-CUBE-AZRTOS-F7.1.1.0
2023-09-27 20:40:17,163 [WARN] PackLoader:240 - Cannot read IP mode file for STMicroelectronics.FP-SNS-MOTENV1.4.3.2
2023-09-27 20:40:17,186 [WARN] PackLoader:240 - Cannot read IP mode file for STMicroelectronics.FP-SNS-FLIGHT1.5.0.2
2023-09-27 20:40:17,214 [WARN] PackLoader:240 - Cannot read IP mode file for STMicroelectronics.X-CUBE-DISPLAY.3.0.0
2023-09-27 20:40:17,263 [WARN] PackLoader:240 - Cannot read IP mode file for STMicroelectronics.X-CUBE-BLE1.7.0.0
2023-09-27 20:40:17,282 [WARN] PackLoader:240 - Cannot read IP mode file for emotas.I-CUBE-CANOPEN.1.3.0
2023-09-27 20:40:17,300 [WARN] PackLoader:240 - Cannot read IP mode file for STMicroelectronics.X-CUBE-TOUCHGFX.4.22.0
2023-09-27 20:40:17,318 [WARN] PackLoader:240 - Cannot read IP mode file for STMicroelectronics.FP-SNS-SMARTAG2.1.2.0
2023-09-27 20:40:17,358 [INFO] LogOutputStream:77 - [STDOUT_REDIRECT] 1 : Invalid condition id : UX_CORESTACK_Condition cause : null
2023-09-27 20:40:17,360 [INFO] LogOutputStream:77 - [STDOUT_REDIRECT] 1 : Invalid condition id : UX_CORESTACK_Condition cause : null
2023-09-27 20:40:17,363 [INFO] LogOutputStream:77 - [STDOUT_REDIRECT] 1 : Invalid condition id : UX_CORESTACK_Condition cause : null
2023-09-27 20:40:17,366 [INFO] LogOutputStream:77 - [STDOUT_REDIRECT] 1 : Invalid condition id : UX_CORESTACK_Condition cause : null
2023-09-27 20:40:17,372 [INFO] LogOutputStream:77 - [STDOUT_REDIRECT] 1 : Invalid condition id : UX_CORESTACK_Condition cause : null
2023-09-27 20:40:17,392 [WARN] PackLoader:240 - Cannot read IP mode file for STMicroelectronics.X-CUBE-AZRTOS-WL.2.0.0
2023-09-27 20:40:17,433 [WARN] PackLoader:240 - Cannot read IP mode file for WES.I-CUBE-Cesium.1.3.0
2023-09-27 20:40:17,452 [WARN] PackLoader:240 - Cannot read IP mode file for STMicroelectronics.X-CUBE-BLE2.3.3.0
2023-09-27 20:40:17,476 [WARN] PackLoader:240 - Cannot read IP mode file for STMicroelectronics.X-CUBE-ALGOBUILD.1.3.0
2023-09-27 20:40:17,545 [WARN] PackLoader:240 - Cannot read IP mode file for STMicroelectronics.X-CUBE-AZRTOS-G0.1.1.0
2023-09-27 20:40:17,574 [WARN] PackLoader:240 - Cannot read IP mode file for STMicroelectronics.X-CUBE-NFC4.3.0.0
2023-09-27 20:40:17,594 [WARN] PackLoader:240 - Cannot read IP mode file for STMicroelectronics.FP-ATR-SIGFOX1.3.2.0
2023-09-27 20:40:17,748 [WARN] PackLoader:240 - Cannot read IP mode file for SEGGER.I-CUBE-embOS.1.3.1
2023-09-27 20:40:17,897 [WARN] PackLoader:240 - Cannot read IP mode file for STMicroelectronics.X-CUBE-GNSS1.6.0.0
2023-09-27 20:40:17,966 [WARN] PackLoader:240 - Cannot read IP mode file for STMicroelectronics.X-CUBE-AZRTOS-F4.1.1.0
2023-09-27 20:40:17,981 [WARN] PackLoader:240 - Cannot read IP mode file for wolfSSL.I-CUBE-wolfSSL.5.6.3
2023-09-27 20:40:18,043 [WARN] PackLoader:240 - Cannot read IP mode file for STMicroelectronics.X-CUBE-AZRTOS-L5.2.0.0
2023-09-27 20:40:18,186 [WARN] PackLoader:240 - Cannot read IP mode file for STMicroelectronics.X-CUBE-MEMS1.9.6.0
2023-09-27 20:40:18,732 [WARN] PackLoader:240 - Cannot read IP mode file for STMicroelectronics.X-CUBE-BLEMGR.2.0.0
2023-09-27 20:40:18,812 [WARN] ConditionMgr:438 - getConditionDescription Invalid condition id : UX DEVICE CLASS RTOS Condition cause : null
2023-09-27 20:40:18,813 [WARN] ConditionMgr:438 - getConditionDescription Invalid condition id : UX DEVICE CLASS RTOS Condition cause : null
2023-09-27 20:40:18,827 [WARN] PackLoader:240 - Cannot read IP mode file for STMicroelectronics.X-CUBE-AZRTOS-H7.3.1.0
2023-09-27 20:40:18,832 [WARN] ConditionMgr:1039 - genDependencies : Invalid condition id : UX DEVICE CLASS RTOS Condition cause : null
2023-09-27 20:40:18,833 [WARN] ConditionMgr:1039 - genDependencies : Invalid condition id : UX DEVICE CLASS RTOS Condition cause : null
2023-09-27 20:40:18,836 [WARN] ConditionMgr:1039 - genDependencies : Invalid condition id : UX DEVICE CLASS RTOS Condition cause : null
2023-09-27 20:40:18,837 [WARN] ConditionMgr:1039 - genDependencies : Invalid condition id : UX DEVICE CLASS RTOS Condition cause : null
2023-09-27 20:40:18,838 [WARN] ConditionMgr:1039 - genDependencies : Invalid condition id : UX DEVICE CLASS RTOS Condition cause : null
2023-09-27 20:40:18,861 [WARN] PackLoader:240 - Cannot read IP mode file for STMicroelectronics.X-CUBE-NFC7.1.0.1
2023-09-27 20:40:18,897 [WARN] PackLoader:240 - Cannot read IP mode file for STMicroelectronics.X-CUBE-NFC6.3.0.0
2023-09-27 20:40:18,926 [WARN] PackLoader:240 - Cannot read IP mode file for STMicroelectronics.X-CUBE-EEPRMA1.4.1.0
2023-09-27 20:40:18,946 [WARN] PackLoader:240 - Cannot read IP mode file for STMicroelectronics.X-CUBE-AI.8.1.0
2023-09-27 20:40:19,008 [WARN] ConditionMgr:438 - getConditionDescription Invalid condition id : LAN8742 Phy interface Condition cause : null
2023-09-27 20:40:19,010 [WARN] PackLoader:240 - Cannot read IP mode file for STMicroelectronics.X-CUBE-AZRTOS-L4.2.0.0
2023-09-27 20:40:19,014 [WARN] ConditionMgr:1039 - genDependencies : Invalid condition id : LAN8742 Phy interface Condition cause : null
2023-09-27 20:40:19,015 [WARN] ConditionMgr:1039 - genDependencies : Invalid condition id : LAN8742 Phy interface Condition cause : null
2023-09-27 20:40:19,018 [WARN] ConditionMgr:1039 - genDependencies : Invalid condition id : LAN8742 Phy interface Condition cause : null
2023-09-27 20:40:19,050 [WARN] PackLoader:240 - Cannot read IP mode file for STMicroelectronics.X-CUBE-SFXS2LP1.4.0.0
2023-09-27 20:40:19,071 [WARN] PackLoader:240 - Cannot read IP mode file for STMicroelectronics.X-CUBE-ISPU.1.1.0
2023-09-27 20:40:19,124 [WARN] ConditionMgr:438 - getConditionDescription Invalid condition id : UX DEVICE CLASS RTOS Condition cause : null
2023-09-27 20:40:19,126 [WARN] ConditionMgr:438 - getConditionDescription Invalid condition id : UX DEVICE CLASS RTOS Condition cause : null
2023-09-27 20:40:19,139 [WARN] PackLoader:240 - Cannot read IP mode file for STMicroelectronics.X-CUBE-AZRTOS-WB.2.0.0
2023-09-27 20:40:19,142 [WARN] ConditionMgr:1039 - genDependencies : Invalid condition id : UX DEVICE CLASS RTOS Condition cause : null
2023-09-27 20:40:19,143 [WARN] ConditionMgr:1039 - genDependencies : Invalid condition id : UX DEVICE CLASS RTOS Condition cause : null
2023-09-27 20:40:19,145 [WARN] ConditionMgr:1039 - genDependencies : Invalid condition id : UX DEVICE CLASS RTOS Condition cause : null
2023-09-27 20:40:19,146 [WARN] ConditionMgr:1039 - genDependencies : Invalid condition id : UX DEVICE CLASS RTOS Condition cause : null
2023-09-27 20:40:19,147 [WARN] ConditionMgr:1039 - genDependencies : Invalid condition id : UX DEVICE CLASS RTOS Condition cause : null
2023-09-27 20:40:19,190 [WARN] PackLoader:240 - Cannot read IP mode file for STMicroelectronics.X-CUBE-SUBG2.5.0.0
2023-09-27 20:40:19,238 [WARN] PackLoader:240 - Cannot read IP mode file for STMicroelectronics.X-CUBE-TOF1.3.3.1
2023-09-27 20:40:19,300 [WARN] PackLoader:240 - Cannot read IP mode file for STMicroelectronics.X-CUBE-AZRTOS-G4.2.0.0
2023-09-27 20:40:19,320 [WARN] PackLoader:240 - Cannot read IP mode file for STMicroelectronics.X-CUBE-FREERTOS.1.1.0
2023-09-27 20:40:19,340 [WARN] PackLoader:240 - Cannot read IP mode file for portGmbH.I-Cube-SoM-uGOAL.1.1.0
2023-09-27 20:40:19,354 [WARN] PackLoader:240 - Cannot read IP mode file for STMicroelectronics.X-CUBE-ALS.1.0.1
2023-09-27 20:40:19,369 [WARN] PackLoader:240 - Cannot read IP mode file for STMicroelectronics.FP-ATR-ASTRA1.2.0.0
2023-09-27 20:40:19,371 [INFO] ThirdParty:978 - Integrity check success = true
2023-09-27 20:40:19,372 [INFO] IntegrityCheckThread:100 - exiting critical section [integrity check]
2023-09-27 20:40:19,372 [INFO] IntegrityCheckThread:103 - End integrity checks thread
2023-09-27 20:40:37,657 [ERROR] LogOutputStream:75 - [STDERR_REDIRECT] SLF4J: Failed to load class "org.slf4j.impl.StaticLoggerBinder".
2023-09-27 20:40:37,658 [ERROR] LogOutputStream:75 - [STDERR_REDIRECT] SLF4J: Defaulting to no-operation (NOP) logger implementation
2023-09-27 20:40:37,663 [ERROR] LogOutputStream:75 - [STDERR_REDIRECT] SLF4J: See http://www.slf4j.org/codes.html#StaticLoggerBinder for further details.
2023-09-27 21:16:46,467 [ERROR] ConfigurationRetriever:142 - IOException on connection: sw-center.st.com
2023-09-27 21:16:46,468 [ERROR] ConfigurationRetriever:142 - IOException on connection: sw-center.st.com
2023-09-27 21:16:46,468 [ERROR] ConfigurationRetriever:142 - IOException on connection: sw-center.st.com
