2025-09-15 22:19:02,767 [INFO] Activator:176 - 


2025-09-15 22:19:02,776 [INFO] Activator:177 - !SESSION log4j initialized
2025-09-15 22:19:09,349 [INFO] LogOutputStream:77 - [STDOUT_REDIRECT] 
2025-09-15 22:19:10,444 [INFO] ApplicationProperties:184 - Using Application install path: C:\ST\STM32CubeIDE_1.13.1\STM32CubeIDE\plugins\com.st.stm32cube.common.mx_6.9.1.202307191849
2025-09-15 22:19:10,470 [INFO] DbMcusXml:78 - Set database path to: C:\ST\STM32CubeIDE_1.13.1\STM32CubeIDE\plugins\com.st.stm32cube.common.mx_6.9.1.202307191849\\db\/mcu/
2025-09-15 22:19:10,471 [INFO] ApiDb:274 - Set plugin database path to: C:\ST\STM32CubeIDE_1.13.1\STM32CubeIDE\plugins\com.st.stm32cube.common.mx_6.9.1.202307191849\\db\/plugins/boardmanager/
2025-09-15 22:19:10,472 [WARN] ApiDb:259 - Overriding images path with different value:  => C:\ST\STM32CubeIDE_1.13.1\STM32CubeIDE\plugins\com.st.stm32cube.common.mx_6.9.1.202307191849\\db\/plugins/mcufinder/images/
2025-09-15 22:19:10,490 [INFO] ApiDb:250 - Set database path to: C:\Users\brbar\.stmcufinder\plugins\mcufinder//mcu/
2025-09-15 22:19:10,491 [INFO] DbMcusAds:125 - Set database path to: C:\Users\brbar\.stmcufinder\plugins\mcufinder//mcu/
2025-09-15 22:19:10,494 [INFO] CrossReferenceDbSqlite:203 - Set database path to: C:\Users\brbar\.stmcufinder\plugins\mcufinder//mcu/cs/
2025-09-15 22:19:10,646 [INFO] RulesReader:64 - Compatibility file has been processed (293 Rules)
2025-09-15 22:19:10,766 [INFO] DbMcusXml:78 - Set database path to: C:\ST\STM32CubeIDE_1.13.1\STM32CubeIDE\plugins\com.st.stm32cube.common.mx_6.9.1.202307191849\\db\/mcu/
2025-09-15 22:19:10,766 [INFO] ApiDb:274 - Set plugin database path to: C:\ST\STM32CubeIDE_1.13.1\STM32CubeIDE\plugins\com.st.stm32cube.common.mx_6.9.1.202307191849\\db\/plugins/boardmanager/
2025-09-15 22:19:10,767 [INFO] ApiDb:261 - Set plugin images path to: C:\ST\STM32CubeIDE_1.13.1\STM32CubeIDE\plugins\com.st.stm32cube.common.mx_6.9.1.202307191849\\db\/plugins/mcufinder/images/
2025-09-15 22:19:10,767 [WARN] DbFile:41 - Overriding database path with different value: C:\Users\brbar\.stmcufinder\plugins\mcufinder/ => C:\Users\brbar\.stmcufinder\plugins\mcufinder
2025-09-15 22:19:10,767 [INFO] ApiDb:250 - Set database path to: C:\Users\brbar\.stmcufinder\plugins\mcufinder//mcu/
2025-09-15 22:19:10,767 [WARN] DbFile:41 - Overriding database path with different value: C:\Users\brbar\.stmcufinder\plugins\mcufinder/ => C:\Users\brbar\.stmcufinder\plugins\mcufinder
2025-09-15 22:19:10,767 [INFO] DbMcusAds:125 - Set database path to: C:\Users\brbar\.stmcufinder\plugins\mcufinder//mcu/
2025-09-15 22:19:10,767 [WARN] DbFile:41 - Overriding database path with different value: C:\Users\brbar\.stmcufinder\plugins\mcufinder/ => C:\Users\brbar\.stmcufinder\plugins\mcufinder
2025-09-15 22:19:10,767 [WARN] DbFile:41 - Overriding database path with different value: C:\Users\brbar\.stmcufinder\plugins\mcufinder/ => C:\Users\brbar\.stmcufinder\plugins\mcufinder
2025-09-15 22:19:10,767 [INFO] CrossReferenceDbSqlite:203 - Set database path to: C:\Users\brbar\.stmcufinder\plugins\mcufinder//mcu/cs/
2025-09-15 22:19:10,884 [INFO] MainPanel:262 - HeapMemory: 268435456
2025-09-15 22:19:11,013 [INFO] DbMcusXml:78 - Set database path to: C:\ST\STM32CubeIDE_1.13.1\STM32CubeIDE\plugins\com.st.stm32cube.common.mx_6.9.1.202307191849\\db\/mcu/
2025-09-15 22:19:11,013 [INFO] ApiDb:274 - Set plugin database path to: C:\ST\STM32CubeIDE_1.13.1\STM32CubeIDE\plugins\com.st.stm32cube.common.mx_6.9.1.202307191849\\db\/plugins/boardmanager/
2025-09-15 22:19:11,014 [INFO] ApiDb:261 - Set plugin images path to: C:\ST\STM32CubeIDE_1.13.1\STM32CubeIDE\plugins\com.st.stm32cube.common.mx_6.9.1.202307191849\\db\/plugins/mcufinder/images/
2025-09-15 22:19:11,014 [WARN] DbFile:41 - Overriding database path with different value: C:\Users\brbar\.stmcufinder\plugins\mcufinder/ => C:\Users\brbar\.stmcufinder\plugins\mcufinder
2025-09-15 22:19:11,014 [INFO] ApiDb:250 - Set database path to: C:\Users\brbar\.stmcufinder\plugins\mcufinder//mcu/
2025-09-15 22:19:11,014 [WARN] DbFile:41 - Overriding database path with different value: C:\Users\brbar\.stmcufinder\plugins\mcufinder/ => C:\Users\brbar\.stmcufinder\plugins\mcufinder
2025-09-15 22:19:11,015 [INFO] DbMcusAds:125 - Set database path to: C:\Users\brbar\.stmcufinder\plugins\mcufinder//mcu/
2025-09-15 22:19:11,015 [WARN] DbFile:41 - Overriding database path with different value: C:\Users\brbar\.stmcufinder\plugins\mcufinder/ => C:\Users\brbar\.stmcufinder\plugins\mcufinder
2025-09-15 22:19:11,015 [WARN] DbFile:41 - Overriding database path with different value: C:\Users\brbar\.stmcufinder\plugins\mcufinder/ => C:\Users\brbar\.stmcufinder\plugins\mcufinder
2025-09-15 22:19:11,015 [INFO] CrossReferenceDbSqlite:203 - Set database path to: C:\Users\brbar\.stmcufinder\plugins\mcufinder//mcu/cs/
2025-09-15 22:19:11,043 [INFO] ApplicationProperties:184 - Using Application install path: C:\ST\STM32CubeIDE_1.13.1\STM32CubeIDE\plugins\com.st.stm32cube.common.mx_6.9.1.202307191849
2025-09-15 22:19:11,045 [INFO] PluginManage:196 - Search for loadable plugins [exclusion list=, ]
2025-09-15 22:19:11,047 [INFO] PluginManage:310 - Check plugin analytics
2025-09-15 22:19:11,272 [INFO] AnalyticsPlugin:253 - Accepted Software Licenses: 
2025-09-15 22:19:11,272 [INFO] AnalyticsPlugin:255 - Accepted CMSIS Pack Licenses: 
2025-09-15 22:19:11,272 [INFO] AnalyticsPlugin:257 - Accepted Firmware Licenses: 
2025-09-15 22:19:11,277 [INFO] PluginManage:359 - Loaded plugin analytics (category:tool,tabindex:-1)
2025-09-15 22:19:11,278 [INFO] PluginManage:310 - Check plugin cadmodel
2025-09-15 22:19:11,287 [INFO] CADModel:105 - Init CAD model plugin
2025-09-15 22:19:11,287 [INFO] PluginManage:359 - Loaded plugin cadmodel (category:power,tabindex:5)
2025-09-15 22:19:11,288 [INFO] PluginManage:310 - Check plugin clock
2025-09-15 22:19:11,304 [INFO] PluginManage:359 - Loaded plugin clock (category:base,tabindex:2)
2025-09-15 22:19:11,304 [INFO] PluginManage:310 - Check plugin ddr
2025-09-15 22:19:11,308 [INFO] PluginManage:359 - Loaded plugin ddr (category:tool,tabindex:6)
2025-09-15 22:19:11,308 [INFO] PluginManage:310 - Check plugin filemanager
2025-09-15 22:19:11,497 [INFO] PluginManage:359 - Loaded plugin filemanager (category:base,tabindex:10)
2025-09-15 22:19:11,497 [INFO] PluginManage:310 - Check plugin ipmanager
2025-09-15 22:19:11,508 [INFO] PluginManage:359 - Loaded plugin ipmanager (category:base,tabindex:5)
2025-09-15 22:19:11,509 [INFO] PluginManage:310 - Check plugin lpbam
2025-09-15 22:19:11,521 [INFO] PluginManage:359 - Loaded plugin lpbam (category:base,tabindex:0)
2025-09-15 22:19:11,521 [INFO] PluginManage:310 - Check plugin memorymap
2025-09-15 22:19:11,541 [INFO] PluginManage:359 - Loaded plugin memorymap (category:base,tabindex:4)
2025-09-15 22:19:11,541 [INFO] PluginManage:310 - Check plugin pinoutandconfiguration
2025-09-15 22:19:11,552 [INFO] PluginManage:359 - Loaded plugin pinoutandconfiguration (category:base,tabindex:1)
2025-09-15 22:19:11,552 [INFO] PluginManage:310 - Check plugin pinoutconfig
2025-09-15 22:19:11,666 [WARN] SupportedApi:132 - Cannot load RTOS API schema: s4s-elt-must-match.1: The content of 'definitions' must match (annotation?, (simpleType | complexType)?, (unique | key | keyref)*)). A problem was found starting at: attribute.
2025-09-15 22:19:11,857 [INFO] PluginManage:359 - Loaded plugin pinoutconfig (category:base,tabindex:0)
2025-09-15 22:19:11,857 [INFO] PluginManage:310 - Check plugin power
2025-09-15 22:19:11,872 [INFO] PluginManage:359 - Loaded plugin power (category:power,tabindex:4)
2025-09-15 22:19:11,872 [INFO] PluginManage:310 - Check plugin projectmanager
2025-09-15 22:19:11,892 [INFO] PluginManage:359 - Loaded plugin projectmanager (category:projectmanager,tabindex:3)
2025-09-15 22:19:11,892 [INFO] PluginManage:310 - Check plugin thirdparty
2025-09-15 22:19:12,072 [WARN] IntegrityCheckThread:84 - waiting for thirdparty lock release [integrity check]
2025-09-15 22:19:12,072 [INFO] PluginManage:359 - Loaded plugin thirdparty (category:base,tabindex:-1)
2025-09-15 22:19:12,072 [INFO] IntegrityCheckThread:86 - entering critical section [integrity check]
2025-09-15 22:19:12,072 [INFO] PluginManage:310 - Check plugin tools
2025-09-15 22:19:12,073 [INFO] ThirdPartyUpdaterWithRetryManager:70 - Updater plugin not ready yet. [1/15]
2025-09-15 22:19:12,076 [INFO] PluginManage:359 - Loaded plugin tools (category:base,tabindex:7)
2025-09-15 22:19:12,076 [INFO] PluginManage:310 - Check plugin tutovideos
2025-09-15 22:19:12,303 [INFO] PluginManage:359 - Loaded plugin tutovideos (category:base,tabindex:-1)
2025-09-15 22:19:12,303 [INFO] PluginManage:310 - Check plugin updater
2025-09-15 22:19:12,319 [INFO] PluginManage:359 - Loaded plugin updater (category:base,tabindex:12)
2025-09-15 22:19:12,319 [INFO] PluginManage:310 - Check plugin userauth
2025-09-15 22:19:12,327 [INFO] UserAuth:113 - Init User Auth plugin
2025-09-15 22:19:12,328 [INFO] PluginManage:359 - Loaded plugin userauth (category:base,tabindex:14)
2025-09-15 22:19:12,328 [INFO] PluginManage:283 - PluginManage : Loaded plugins [17]
2025-09-15 22:19:12,620 [INFO] PinOutPanel:1499 - setPackage(No Configuration,No Configuration)
2025-09-15 22:19:12,798 [INFO] CADModel:165 - CPN selected for project level
2025-09-15 22:19:12,798 [INFO] CADModel:114 - Register for checkConnection events
2025-09-15 22:19:12,824 [INFO] IPUIPlugin:80 - create IPUIPlugin
2025-09-15 22:19:12,824 [INFO] PluginManager:220 - loadIPPluginJar : add adc
2025-09-15 22:19:12,829 [INFO] IPUIPlugin:80 - create IPUIPlugin
2025-09-15 22:19:12,829 [INFO] PluginManager:220 - loadIPPluginJar : add aes
2025-09-15 22:19:12,834 [INFO] IPUIPlugin:80 - create IPUIPlugin
2025-09-15 22:19:12,834 [INFO] PluginManager:220 - loadIPPluginJar : add can
2025-09-15 22:19:12,838 [INFO] IPUIPlugin:80 - create IPUIPlugin
2025-09-15 22:19:12,838 [INFO] PluginManager:220 - loadIPPluginJar : add comp
2025-09-15 22:19:12,843 [INFO] IPUIPlugin:80 - create IPUIPlugin
2025-09-15 22:19:12,843 [INFO] PluginManager:220 - loadIPPluginJar : add cryp
2025-09-15 22:19:12,849 [INFO] IPUIPlugin:80 - create IPUIPlugin
2025-09-15 22:19:12,849 [INFO] PluginManager:220 - loadIPPluginJar : add dfsdm
2025-09-15 22:19:12,859 [INFO] IPUIPlugin:80 - create IPUIPlugin
2025-09-15 22:19:12,860 [INFO] PluginManager:220 - loadIPPluginJar : add dma
2025-09-15 22:19:12,865 [INFO] IPUIPlugin:80 - create IPUIPlugin
2025-09-15 22:19:12,866 [INFO] PluginManager:220 - loadIPPluginJar : add dma3
2025-09-15 22:19:12,869 [INFO] IPUIPlugin:80 - create IPUIPlugin
2025-09-15 22:19:12,869 [INFO] PluginManager:220 - loadIPPluginJar : add fatfs
2025-09-15 22:19:12,876 [INFO] IPUIPlugin:80 - create IPUIPlugin
2025-09-15 22:19:12,877 [INFO] PluginManager:220 - loadIPPluginJar : add fmc
2025-09-15 22:19:12,885 [INFO] IPUIPlugin:80 - create IPUIPlugin
2025-09-15 22:19:12,885 [INFO] PluginManager:220 - loadIPPluginJar : add freertos
2025-09-15 22:19:12,889 [INFO] IPUIPlugin:80 - create IPUIPlugin
2025-09-15 22:19:12,889 [INFO] PluginManager:220 - loadIPPluginJar : add genericplugin
2025-09-15 22:19:12,894 [INFO] IPUIPlugin:80 - create IPUIPlugin
2025-09-15 22:19:12,894 [INFO] PluginManager:220 - loadIPPluginJar : add gfxmmu
2025-09-15 22:19:12,902 [INFO] IPUIPlugin:80 - create IPUIPlugin
2025-09-15 22:19:12,902 [INFO] PluginManager:220 - loadIPPluginJar : add gic
2025-09-15 22:19:12,909 [INFO] IPUIPlugin:80 - create IPUIPlugin
2025-09-15 22:19:12,910 [INFO] PluginManager:220 - loadIPPluginJar : add gpio
2025-09-15 22:19:12,914 [INFO] IPUIPlugin:80 - create IPUIPlugin
2025-09-15 22:19:12,914 [INFO] PluginManager:220 - loadIPPluginJar : add gtzc
2025-09-15 22:19:12,918 [INFO] IPUIPlugin:80 - create IPUIPlugin
2025-09-15 22:19:12,919 [INFO] PluginManager:220 - loadIPPluginJar : add hash
2025-09-15 22:19:12,923 [INFO] IPUIPlugin:80 - create IPUIPlugin
2025-09-15 22:19:12,924 [INFO] PluginManager:220 - loadIPPluginJar : add i2c
2025-09-15 22:19:12,928 [INFO] IPUIPlugin:80 - create IPUIPlugin
2025-09-15 22:19:12,928 [INFO] PluginManager:220 - loadIPPluginJar : add i2s
2025-09-15 22:19:12,933 [INFO] IPUIPlugin:80 - create IPUIPlugin
2025-09-15 22:19:12,933 [INFO] PluginManager:220 - loadIPPluginJar : add i3c
2025-09-15 22:19:12,939 [INFO] IPUIPlugin:80 - create IPUIPlugin
2025-09-15 22:19:12,940 [INFO] PluginManager:220 - loadIPPluginJar : add ipddr
2025-09-15 22:19:12,952 [INFO] IPUIPlugin:80 - create IPUIPlugin
2025-09-15 22:19:12,952 [INFO] PluginManager:220 - loadIPPluginJar : add linkedlist
2025-09-15 22:19:12,958 [INFO] IPUIPlugin:80 - create IPUIPlugin
2025-09-15 22:19:12,959 [INFO] PluginManager:220 - loadIPPluginJar : add lorawan
2025-09-15 22:19:12,963 [INFO] IPUIPlugin:80 - create IPUIPlugin
2025-09-15 22:19:12,963 [INFO] PluginManager:220 - loadIPPluginJar : add ltdc
2025-09-15 22:19:12,977 [INFO] IPUIPlugin:80 - create IPUIPlugin
2025-09-15 22:19:12,978 [INFO] PluginManager:220 - loadIPPluginJar : add mdma
2025-09-15 22:19:12,984 [INFO] IPUIPlugin:80 - create IPUIPlugin
2025-09-15 22:19:12,984 [INFO] PluginManager:220 - loadIPPluginJar : add nvic
2025-09-15 22:19:12,989 [INFO] IPUIPlugin:80 - create IPUIPlugin
2025-09-15 22:19:12,989 [INFO] PluginManager:220 - loadIPPluginJar : add opamp
2025-09-15 22:19:12,993 [INFO] IPUIPlugin:80 - create IPUIPlugin
2025-09-15 22:19:12,994 [INFO] PluginManager:220 - loadIPPluginJar : add openamp
2025-09-15 22:19:12,998 [INFO] IPUIPlugin:80 - create IPUIPlugin
2025-09-15 22:19:12,999 [INFO] PluginManager:220 - loadIPPluginJar : add pdm2pcm
2025-09-15 22:19:13,008 [INFO] IPUIPlugin:80 - create IPUIPlugin
2025-09-15 22:19:13,011 [INFO] PluginManager:220 - loadIPPluginJar : add plateformsettings
2025-09-15 22:19:13,014 [INFO] IPUIPlugin:80 - create IPUIPlugin
2025-09-15 22:19:13,014 [INFO] PluginManager:220 - loadIPPluginJar : add quadspi
2025-09-15 22:19:13,020 [INFO] IPUIPlugin:80 - create IPUIPlugin
2025-09-15 22:19:13,020 [INFO] PluginManager:220 - loadIPPluginJar : add resmgrutility
2025-09-15 22:19:13,025 [INFO] IPUIPlugin:80 - create IPUIPlugin
2025-09-15 22:19:13,025 [INFO] PluginManager:220 - loadIPPluginJar : add sai
2025-09-15 22:19:13,030 [INFO] IPUIPlugin:80 - create IPUIPlugin
2025-09-15 22:19:13,030 [INFO] PluginManager:220 - loadIPPluginJar : add spi
2025-09-15 22:19:13,037 [INFO] IPUIPlugin:80 - create IPUIPlugin
2025-09-15 22:19:13,037 [INFO] PluginManager:220 - loadIPPluginJar : add stm32_wpan
2025-09-15 22:19:13,040 [INFO] IPUIPlugin:80 - create IPUIPlugin
2025-09-15 22:19:13,041 [INFO] PluginManager:220 - loadIPPluginJar : add tim
2025-09-15 22:19:13,045 [INFO] IPUIPlugin:80 - create IPUIPlugin
2025-09-15 22:19:13,046 [INFO] PluginManager:220 - loadIPPluginJar : add touchsensing
2025-09-15 22:19:13,049 [INFO] IPUIPlugin:80 - create IPUIPlugin
2025-09-15 22:19:13,049 [INFO] PluginManager:220 - loadIPPluginJar : add tracer_emb
2025-09-15 22:19:13,052 [INFO] IPUIPlugin:80 - create IPUIPlugin
2025-09-15 22:19:13,053 [INFO] PluginManager:220 - loadIPPluginJar : add ts
2025-09-15 22:19:13,056 [INFO] IPUIPlugin:80 - create IPUIPlugin
2025-09-15 22:19:13,057 [INFO] PluginManager:220 - loadIPPluginJar : add tsc
2025-09-15 22:19:13,060 [INFO] IPUIPlugin:80 - create IPUIPlugin
2025-09-15 22:19:13,060 [INFO] PluginManager:220 - loadIPPluginJar : add ucpd
2025-09-15 22:19:13,064 [INFO] IPUIPlugin:80 - create IPUIPlugin
2025-09-15 22:19:13,064 [INFO] PluginManager:220 - loadIPPluginJar : add usart
2025-09-15 22:19:13,068 [INFO] IPUIPlugin:80 - create IPUIPlugin
2025-09-15 22:19:13,068 [INFO] PluginManager:220 - loadIPPluginJar : add usbx
2025-09-15 22:19:13,219 [INFO] CADModel:165 - CPN selected for project level
2025-09-15 22:19:13,220 [INFO] CADModel:114 - Register for checkConnection events
2025-09-15 22:19:13,220 [FATAL] Updater:308 - Updater called before beeing initialized
2025-09-15 22:19:13,220 [ERROR] CADModel:125 - Updater not yet initialized, retry later 
2025-09-15 22:19:13,420 [INFO] CADModel:165 - CPN selected for project level
2025-09-15 22:19:13,420 [INFO] CADModel:114 - Register for checkConnection events
2025-09-15 22:19:13,420 [FATAL] Updater:308 - Updater called before beeing initialized
2025-09-15 22:19:13,420 [ERROR] CADModel:125 - Updater not yet initialized, retry later 
2025-09-15 22:19:13,425 [FATAL] Updater:308 - Updater called before beeing initialized
2025-09-15 22:19:13,558 [FATAL] Updater:308 - Updater called before beeing initialized
2025-09-15 22:19:13,565 [INFO] DbMcusAds:53 - JSON generation date=Tue Mar 07 10:50:55 EET 2023 (1678179055114)
2025-09-15 22:19:13,566 [FATAL] Updater:308 - Updater called before beeing initialized
2025-09-15 22:19:13,635 [WARN] DetailPanel:346 - Failed to get advertising image, set to default
2025-09-15 22:19:13,774 [FATAL] Updater:308 - Updater called before beeing initialized
2025-09-15 22:19:13,776 [FATAL] Updater:308 - Updater called before beeing initialized
2025-09-15 22:19:13,777 [FATAL] Updater:308 - Updater called before beeing initialized
2025-09-15 22:19:13,777 [WARN] DetailPanel:346 - Failed to get advertising image, set to default
2025-09-15 22:19:13,778 [FATAL] Updater:308 - Updater called before beeing initialized
2025-09-15 22:19:13,827 [ERROR] Updater:1120 - MainUpdater not yet initialized. External WinMGr cannot be set.
2025-09-15 22:19:13,829 [INFO] Updater:1056 - Updater Version found : 6.9.1
2025-09-15 22:19:13,851 [INFO] ApplicationProperties:184 - Using Application install path: C:\ST\STM32CubeIDE_1.13.1\STM32CubeIDE\plugins\com.st.stm32cube.common.mx_6.9.1.202307191849
2025-09-15 22:19:14,297 [INFO] MainUpdater:2868 - connection check result : 10
2025-09-15 22:19:14,298 [INFO] MainUpdater:285 - Updater Check For Update Now.
2025-09-15 22:19:14,298 [INFO] MicroXplorer:498 - Change Database Version : DB.6.0.91
2025-09-15 22:19:14,308 [INFO] McuFinderGlobals:63 - Set McuFinder mode to 2 (CubeIDE integrated)
2025-09-15 22:19:14,500 [INFO] CheckServerUpdateThread:120 - End of CheckServer Thread
2025-09-15 22:19:15,392 [WARN] PackLoader:240 - Cannot read IP mode file for STMicroelectronics.FP-SNS-MOTENVWB1.1.4.0
2025-09-15 22:19:15,403 [WARN] PackLoader:240 - Cannot read IP mode file for STMicroelectronics.FP-ATR-ASTRA1.2.0.2
2025-09-15 22:19:15,415 [WARN] PackLoader:240 - Cannot read IP mode file for STMicroelectronics.X-CUBE-SMBUS.2.1.0
2025-09-15 22:19:15,419 [ERROR] Engine:466 - C:\Users\brbar\.stm32cubemx\thirdparties\pdsc\STMicroelectronics.X-CUBE-ST60.1.0.0.pdsc: PDSC version is not supported
2025-09-15 22:19:15,449 [WARN] PackLoader:240 - Cannot read IP mode file for STMicroelectronics.X-CUBE-AZRTOS-F7.1.1.0
2025-09-15 22:19:15,462 [WARN] PackLoader:240 - Cannot read IP mode file for STMicroelectronics.FP-SNS-MOTENV1.4.3.2
2025-09-15 22:19:15,470 [WARN] PackLoader:240 - Cannot read IP mode file for STMicroelectronics.FP-SNS-FLIGHT1.5.0.2
2025-09-15 22:19:15,477 [ERROR] Engine:466 - C:\Users\brbar\.stm32cubemx\thirdparties\pdsc\Infineon.AIROC-Wi-Fi-Bluetooth-STM32.1.7.0.pdsc: PDSC version is not supported
2025-09-15 22:19:15,487 [WARN] PackLoader:240 - Cannot read IP mode file for STMicroelectronics.X-CUBE-DISPLAY.3.0.0
2025-09-15 22:19:15,501 [WARN] PackLoader:240 - Cannot read IP mode file for STMicroelectronics.X-CUBE-BLE1.7.0.0
2025-09-15 22:19:15,510 [WARN] PackLoader:240 - Cannot read IP mode file for STMicroelectronics.X-CUBE-NFC10.1.0.0
2025-09-15 22:19:15,516 [ERROR] Engine:466 - C:\Users\brbar\.stm32cubemx\thirdparties\pdsc\STMicroelectronics.X-CUBE-BLEMGR.4.0.0.pdsc: PDSC version is not supported
2025-09-15 22:19:15,523 [WARN] PackLoader:240 - Cannot read IP mode file for emotas.I-CUBE-CANOPEN.1.3.0
2025-09-15 22:19:15,530 [WARN] PackLoader:240 - Cannot read IP mode file for STMicroelectronics.X-CUBE-TOUCHGFX.4.22.0
2025-09-15 22:19:15,532 [ERROR] Engine:466 - C:\Users\brbar\.stm32cubemx\thirdparties\pdsc\quantropi.X-CUBE-qispace-sdk-base.2.0.0.pdsc: PDSC version is not supported
2025-09-15 22:19:15,537 [WARN] PackLoader:240 - Cannot read IP mode file for STMicroelectronics.X-CUBE-AI.10.0.0
2025-09-15 22:19:15,544 [WARN] PackLoader:240 - Cannot read IP mode file for STMicroelectronics.FP-SNS-SMARTAG2.1.2.0
2025-09-15 22:19:15,547 [ERROR] Engine:466 - C:\Users\brbar\.stm32cubemx\thirdparties\pdsc\STMicroelectronics.FP-SNS-FLIGHT1.5.1.0.pdsc: PDSC version is not supported
2025-09-15 22:19:15,557 [INFO] LogOutputStream:77 - [STDOUT_REDIRECT] 1 : Invalid condition id : UX_CORESTACK_Condition cause : null
2025-09-15 22:19:15,558 [INFO] LogOutputStream:77 - [STDOUT_REDIRECT] 1 : Invalid condition id : UX_CORESTACK_Condition cause : null
2025-09-15 22:19:15,559 [INFO] LogOutputStream:77 - [STDOUT_REDIRECT] 1 : Invalid condition id : UX_CORESTACK_Condition cause : null
2025-09-15 22:19:15,560 [INFO] LogOutputStream:77 - [STDOUT_REDIRECT] 1 : Invalid condition id : UX_CORESTACK_Condition cause : null
2025-09-15 22:19:15,562 [INFO] LogOutputStream:77 - [STDOUT_REDIRECT] 1 : Invalid condition id : UX_CORESTACK_Condition cause : null
2025-09-15 22:19:15,565 [WARN] PackLoader:240 - Cannot read IP mode file for STMicroelectronics.X-CUBE-AZRTOS-WL.2.0.0
2025-09-15 22:19:15,571 [WARN] PackLoader:240 - Cannot read IP mode file for STMicroelectronics.FP-SNS-MOTENV1.5.0.0
2025-09-15 22:19:15,581 [WARN] PackLoader:240 - Cannot read IP mode file for WES.I-CUBE-Cesium.1.3.0
2025-09-15 22:19:15,587 [WARN] PackLoader:240 - Cannot read IP mode file for STMicroelectronics.X-CUBE-BLE2.3.3.0
2025-09-15 22:19:15,595 [WARN] PackLoader:240 - Cannot read IP mode file for STMicroelectronics.X-CUBE-NFC9.1.0.0
2025-09-15 22:19:15,600 [WARN] PackLoader:240 - Cannot read IP mode file for STMicroelectronics.X-CUBE-BLE1.7.1.0
2025-09-15 22:19:15,606 [WARN] PackLoader:240 - Cannot read IP mode file for wolfSSL.I-CUBE-wolfMQTT.1.19.2
2025-09-15 22:19:15,613 [WARN] PackLoader:240 - Cannot read IP mode file for STMicroelectronics.X-CUBE-ALGOBUILD.1.3.0
2025-09-15 22:19:15,664 [WARN] PackLoader:240 - Cannot read IP mode file for STMicroelectronics.X-CUBE-MEMS1.11.2.0
2025-09-15 22:19:15,850 [WARN] PackLoader:240 - Cannot read IP mode file for STMicroelectronics.X-CUBE-AZRTOS-G0.1.1.0
2025-09-15 22:19:15,859 [WARN] PackLoader:240 - Cannot read IP mode file for STMicroelectronics.X-CUBE-SAFEA1.1.2.2
2025-09-15 22:19:15,866 [WARN] PackLoader:240 - Cannot read IP mode file for STMicroelectronics.X-CUBE-NFC4.3.0.0
2025-09-15 22:19:15,870 [ERROR] Engine:466 - C:\Users\brbar\.stm32cubemx\thirdparties\pdsc\EmbeddedOffice.I-CUBE-FS-RTOS.1.0.1.pdsc: PDSC version is not supported
2025-09-15 22:19:15,875 [WARN] PackLoader:240 - Cannot read IP mode file for STMicroelectronics.X-CUBE-WB05N.2.0.0
2025-09-15 22:19:15,881 [WARN] PackLoader:240 - Cannot read IP mode file for wolfSSL.I-CUBE-wolfTPM.3.8.0
2025-09-15 22:19:15,884 [ERROR] Engine:466 - C:\Users\brbar\.stm32cubemx\thirdparties\pdsc\STMicroelectronics.X-CUBE-TCPP.4.2.0.pdsc: PDSC version is not supported
2025-09-15 22:19:15,886 [ERROR] Engine:466 - C:\Users\brbar\.stm32cubemx\thirdparties\pdsc\RealThread.X-CUBE-RT-Thread_Nano.4.1.1.pdsc: PDSC version is not supported
2025-09-15 22:19:15,891 [WARN] PackLoader:240 - Cannot read IP mode file for STMicroelectronics.FP-ATR-SIGFOX1.3.2.0
2025-09-15 22:19:15,898 [WARN] PackLoader:240 - Cannot read IP mode file for STMicroelectronics.X-CUBE-EEPRMA1.5.1.0
2025-09-15 22:19:15,907 [WARN] PackLoader:240 - Cannot read IP mode file for ITTIA_DB.I-CUBE-ITTIADB.8.9.0
2025-09-15 22:19:15,937 [WARN] PackLoader:240 - Cannot read IP mode file for SEGGER.I-CUBE-embOS.1.3.1
2025-09-15 22:19:15,984 [WARN] PackLoader:240 - Cannot read IP mode file for STMicroelectronics.X-CUBE-ALGOBUILD.1.4.0
2025-09-15 22:19:15,990 [WARN] PackLoader:240 - Cannot read IP mode file for STMicroelectronics.X-CUBE-GNSS1.6.0.0
2025-09-15 22:19:16,004 [WARN] PackLoader:240 - Cannot read IP mode file for STMicroelectronics.X-CUBE-AZRTOS-F4.1.1.0
2025-09-15 22:19:16,012 [WARN] PackLoader:240 - Cannot read IP mode file for wolfSSL.I-CUBE-wolfSSL.5.6.3
2025-09-15 22:19:16,017 [WARN] PackLoader:240 - Cannot read IP mode file for STMicroelectronics.X-CUBE-ISPU.2.1.0
2025-09-15 22:19:16,032 [WARN] PackLoader:240 - Cannot read IP mode file for STMicroelectronics.X-CUBE-AZRTOS-L5.2.0.0
2025-09-15 22:19:16,064 [WARN] PackLoader:240 - Cannot read IP mode file for STMicroelectronics.X-CUBE-MEMS1.9.6.0
2025-09-15 22:19:16,169 [WARN] PackLoader:240 - Cannot read IP mode file for STMicroelectronics.X-CUBE-NFC6.3.1.0
2025-09-15 22:19:16,178 [WARN] PackLoader:240 - Cannot read IP mode file for STMicroelectronics.X-CUBE-BLEMGR.2.0.0
2025-09-15 22:19:16,193 [WARN] ConditionMgr:438 - getConditionDescription Invalid condition id : UX DEVICE CLASS RTOS Condition cause : null
2025-09-15 22:19:16,193 [WARN] ConditionMgr:438 - getConditionDescription Invalid condition id : UX DEVICE CLASS RTOS Condition cause : null
2025-09-15 22:19:16,196 [WARN] PackLoader:240 - Cannot read IP mode file for STMicroelectronics.X-CUBE-AZRTOS-H7.3.1.0
2025-09-15 22:19:16,197 [WARN] ConditionMgr:1039 - genDependencies : Invalid condition id : UX DEVICE CLASS RTOS Condition cause : null
2025-09-15 22:19:16,197 [WARN] ConditionMgr:1039 - genDependencies : Invalid condition id : UX DEVICE CLASS RTOS Condition cause : null
2025-09-15 22:19:16,197 [WARN] ConditionMgr:1039 - genDependencies : Invalid condition id : UX DEVICE CLASS RTOS Condition cause : null
2025-09-15 22:19:16,198 [WARN] ConditionMgr:1039 - genDependencies : Invalid condition id : UX DEVICE CLASS RTOS Condition cause : null
2025-09-15 22:19:16,198 [WARN] ConditionMgr:1039 - genDependencies : Invalid condition id : UX DEVICE CLASS RTOS Condition cause : null
2025-09-15 22:19:16,205 [WARN] PackLoader:240 - Cannot read IP mode file for STMicroelectronics.X-CUBE-FREERTOS.1.3.1
2025-09-15 22:19:16,210 [WARN] PackLoader:240 - Cannot read IP mode file for STMicroelectronics.X-CUBE-NFC7.1.0.1
2025-09-15 22:19:16,217 [WARN] PackLoader:240 - Cannot read IP mode file for STMicroelectronics.X-CUBE-NFC6.3.0.0
2025-09-15 22:19:16,223 [WARN] PackLoader:240 - Cannot read IP mode file for STMicroelectronics.X-CUBE-EEPRMA1.4.1.0
2025-09-15 22:19:16,226 [ERROR] Engine:466 - C:\Users\brbar\.stm32cubemx\thirdparties\pdsc\STMicroelectronics.X-CUBE-DPower.1.3.0.pdsc: PDSC version is not supported
2025-09-15 22:19:16,231 [WARN] PackLoader:240 - Cannot read IP mode file for STMicroelectronics.X-CUBE-AI.8.1.0
2025-09-15 22:19:16,245 [WARN] ConditionMgr:438 - getConditionDescription Invalid condition id : LAN8742 Phy interface Condition cause : null
2025-09-15 22:19:16,246 [WARN] PackLoader:240 - Cannot read IP mode file for STMicroelectronics.X-CUBE-AZRTOS-L4.2.0.0
2025-09-15 22:19:16,247 [WARN] ConditionMgr:1039 - genDependencies : Invalid condition id : LAN8742 Phy interface Condition cause : null
2025-09-15 22:19:16,247 [WARN] ConditionMgr:1039 - genDependencies : Invalid condition id : LAN8742 Phy interface Condition cause : null
2025-09-15 22:19:16,248 [WARN] ConditionMgr:1039 - genDependencies : Invalid condition id : LAN8742 Phy interface Condition cause : null
2025-09-15 22:19:16,255 [WARN] PackLoader:240 - Cannot read IP mode file for STMicroelectronics.X-CUBE-SFXS2LP1.4.0.0
2025-09-15 22:19:16,260 [WARN] PackLoader:240 - Cannot read IP mode file for STMicroelectronics.X-CUBE-ISPU.1.1.0
2025-09-15 22:19:16,276 [WARN] PackLoader:240 - Cannot read IP mode file for STMicroelectronics.X-CUBE-AZRTOS-H7.3.3.0
2025-09-15 22:19:16,289 [WARN] ConditionMgr:438 - getConditionDescription Invalid condition id : UX DEVICE CLASS RTOS Condition cause : null
2025-09-15 22:19:16,290 [WARN] ConditionMgr:438 - getConditionDescription Invalid condition id : UX DEVICE CLASS RTOS Condition cause : null
2025-09-15 22:19:16,291 [WARN] PackLoader:240 - Cannot read IP mode file for STMicroelectronics.X-CUBE-AZRTOS-WB.2.0.0
2025-09-15 22:19:16,292 [WARN] ConditionMgr:1039 - genDependencies : Invalid condition id : UX DEVICE CLASS RTOS Condition cause : null
2025-09-15 22:19:16,292 [WARN] ConditionMgr:1039 - genDependencies : Invalid condition id : UX DEVICE CLASS RTOS Condition cause : null
2025-09-15 22:19:16,292 [WARN] ConditionMgr:1039 - genDependencies : Invalid condition id : UX DEVICE CLASS RTOS Condition cause : null
2025-09-15 22:19:16,292 [WARN] ConditionMgr:1039 - genDependencies : Invalid condition id : UX DEVICE CLASS RTOS Condition cause : null
2025-09-15 22:19:16,292 [WARN] ConditionMgr:1039 - genDependencies : Invalid condition id : UX DEVICE CLASS RTOS Condition cause : null
2025-09-15 22:19:16,298 [WARN] PackLoader:240 - Cannot read IP mode file for STMicroelectronics.X-CUBE-GNSS1.7.0.1
2025-09-15 22:19:16,302 [WARN] PackLoader:240 - Cannot read IP mode file for STMicroelectronics.X-CUBE-TOUCHGFX.4.25.0
2025-09-15 22:19:16,305 [ERROR] Engine:466 - C:\Users\brbar\.stm32cubemx\thirdparties\pdsc\STMicroelectronics.FP-SNS-STBOX1.2.0.0.pdsc: PDSC version is not supported
2025-09-15 22:19:16,314 [WARN] PackLoader:240 - Cannot read IP mode file for STMicroelectronics.X-CUBE-SUBG2.5.0.0
2025-09-15 22:19:16,333 [WARN] PackLoader:240 - Cannot read IP mode file for STMicroelectronics.X-CUBE-AZRTOS-H7RS.1.1.0
2025-09-15 22:19:16,340 [WARN] PackLoader:240 - Cannot read IP mode file for Cesanta.I-CUBE-Mongoose.7.13.0
2025-09-15 22:19:16,352 [WARN] PackLoader:240 - Cannot read IP mode file for STMicroelectronics.X-CUBE-TOF1.3.3.1
2025-09-15 22:19:16,370 [WARN] PackLoader:240 - Cannot read IP mode file for STMicroelectronics.X-CUBE-AZRTOS-G4.2.0.0
2025-09-15 22:19:16,377 [WARN] PackLoader:240 - Cannot read IP mode file for wolfSSL.I-CUBE-wolfSSH.1.4.20
2025-09-15 22:19:16,381 [WARN] PackLoader:240 - Cannot read IP mode file for STMicroelectronics.X-CUBE-NFC7.2.0.0
2025-09-15 22:19:16,386 [ERROR] Engine:466 - C:\Users\brbar\.stm32cubemx\thirdparties\pdsc\STMicroelectronics.X-CUBE-IPS.3.1.0.pdsc: PDSC version is not supported
2025-09-15 22:19:16,392 [WARN] PackLoader:240 - Cannot read IP mode file for STMicroelectronics.X-CUBE-ALS.1.0.2
2025-09-15 22:19:16,397 [WARN] PackLoader:240 - Cannot read IP mode file for STMicroelectronics.X-CUBE-FREERTOS.1.1.0
2025-09-15 22:19:16,405 [WARN] PackLoader:240 - Cannot read IP mode file for portGmbH.I-Cube-SoM-uGOAL.1.1.0
2025-09-15 22:19:16,409 [WARN] PackLoader:240 - Cannot read IP mode file for STMicroelectronics.X-CUBE-ALS.1.0.1
2025-09-15 22:19:16,413 [WARN] PackLoader:240 - Cannot read IP mode file for STMicroelectronics.FP-ATR-ASTRA1.2.0.0
2025-09-15 22:19:16,417 [ERROR] Engine:466 - C:\Users\brbar\.stm32cubemx\thirdparties\pdsc\STMicroelectronics.X-CUBE-TOF1.3.4.3.pdsc: PDSC version is not supported
2025-09-15 22:19:16,418 [INFO] ThirdParty:978 - Integrity check success = true
2025-09-15 22:19:16,418 [INFO] IntegrityCheckThread:100 - exiting critical section [integrity check]
2025-09-15 22:19:16,419 [INFO] IntegrityCheckThread:103 - End integrity checks thread
2025-09-15 22:19:35,131 [ERROR] LogOutputStream:75 - [STDERR_REDIRECT] SLF4J: Failed to load class "org.slf4j.impl.StaticLoggerBinder".
2025-09-15 22:19:35,132 [ERROR] LogOutputStream:75 - [STDERR_REDIRECT] SLF4J: Defaulting to no-operation (NOP) logger implementation
2025-09-15 22:19:35,134 [ERROR] LogOutputStream:75 - [STDERR_REDIRECT] SLF4J: See http://www.slf4j.org/codes.html#StaticLoggerBinder for further details.
2025-09-15 22:43:54,871 [INFO] McuFinderGlobals:63 - Set McuFinder mode to 2 (CubeIDE integrated)
2025-09-15 22:43:54,892 [INFO] MainUpdater:2868 - connection check result : 10
2025-09-15 22:43:54,902 [INFO] McuFinderGlobals:76 - Set McuFinderConnectedMode to true
2025-09-15 22:43:55,577 [INFO] ServerAccessManage:473 - Download File mcusAds.json._tmp_
2025-09-15 22:43:55,697 [INFO] LoadUrlFilesThread:156 - End of LoadUrlFiles Thread
2025-09-15 22:43:56,416 [INFO] ServerAccessManage:473 - Download File cube-finder-db.zip
2025-09-15 22:44:18,307 [INFO] FileExtend:240 - Unzip File : cube-finder-db.zip
2025-09-15 22:44:18,308 [INFO] FileExtend:255 - Standard Zip Deflate
2025-09-15 22:44:20,156 [INFO] LoadUrlFilesThread:156 - End of LoadUrlFiles Thread
2025-09-15 22:44:20,637 [INFO] ServerAccessManage:473 - Download File crdb.zip
2025-09-15 22:44:21,133 [INFO] FileExtend:240 - Unzip File : crdb.zip
2025-09-15 22:44:21,134 [INFO] FileExtend:255 - Standard Zip Deflate
2025-09-15 22:44:21,257 [INFO] LoadUrlFilesThread:156 - End of LoadUrlFiles Thread
2025-09-15 22:44:21,666 [INFO] ServerAccessManage:473 - Download File tutoVideoDB.zip
2025-09-15 22:44:21,732 [INFO] FileExtend:240 - Unzip File : tutoVideoDB.zip
2025-09-15 22:44:21,733 [INFO] FileExtend:255 - Standard Zip Deflate
2025-09-15 22:44:21,849 [INFO] LoadUrlFilesThread:156 - End of LoadUrlFiles Thread
2025-09-15 22:44:21,885 [WARN] DbFile:41 - Overriding database path with different value: C:\Users\brbar\.stmcufinder\plugins\mcufinder/ => C:\Users\brbar\.stmcufinder\plugins\mcufinder
2025-09-15 22:44:22,057 [INFO] ServerAccessManage:473 - Download File api_config.json
2025-09-15 22:44:22,174 [INFO] LoadUrlFilesThread:156 - End of LoadUrlFiles Thread
2025-09-15 22:44:22,181 [INFO] DbMcusAds:53 - JSON generation date=Tue Jul 08 10:14:23 EET 2025 (1751962463582)
2025-09-15 22:44:22,475 [INFO] ServerAccessManage:473 - Download File 
2025-09-15 22:44:22,884 [INFO] LoadUrlFilesThread:185 - End of LoadServerUrlFiles without Thread
2025-09-15 22:44:22,884 [INFO] TargetSelectorAdapter:259 - Refresh data is successful
2025-09-15 22:44:30,290 [INFO] ApiDb:581 - Connected to CubeFinder SQLite database (C:\Users\brbar\.stmcufinder\plugins\mcufinder\mcu\cube-finder-db.db)
2025-09-15 22:44:30,436 [INFO] ApiDb:668 - CubeFinder database Data Model version=2.1
2025-09-15 22:44:30,436 [INFO] ApiDb:669 - CubeFinder database Configuration version=3.0.39
2025-09-15 22:44:30,439 [INFO] ApiDb:670 - CubeFinder database generation date=2025-08-25 (1756130511)
2025-09-15 22:44:30,440 [INFO] ApiDb:671 - CubeFinder database FW Pack versions=[FP-ATR-ASTRA1_V2.0.0, FP-SNS-FLIGHT1_V5.1.0, FP-SNS-MOTENV1_V5.0.0, FP-SNS-MOTENVWB1_V1.4.0, FP-SNS-SMARTAG2_V1.2.0, FP-SNS-STBOX1_V2.1.0, STM32Cube_FW_C0_V1.4.0, STM32Cube_FW_F4_V1.28.3, STM32Cube_FW_F7_V1.17.4, STM32Cube_FW_G0_V1.6.2, STM32Cube_FW_G4_V1.6.1, STM32Cube_FW_H5_V1.5.0, STM32Cube_FW_H7RS_V1.2.0, STM32Cube_FW_H7_V1.12.1, STM32Cube_FW_L0_V1.12.2, STM32Cube_FW_L4_V1.18.1, STM32Cube_FW_L5_V1.5.1, STM32Cube_FW_N6_V1.2.0, STM32Cube_FW_U0_V1.3.0, STM32Cube_FW_U3_V1.2.0, STM32Cube_FW_U5_V1.8.0, STM32Cube_FW_WB0_V1.3.0, STM32Cube_FW_WBA_V1.7.0, STM32Cube_FW_WB_V1.23.0, STM32Cube_FW_WL3_V1.2.0, STM32Cube_FW_WL_V1.3.1, X-CUBE-ALGOBUILD_V1.4.0, X-CUBE-ALS_V1.0.2, X-CUBE-AZRTOS-F4_V1.1.0, X-CUBE-AZRTOS-F7_V1.1.0, X-CUBE-AZRTOS-G0_V1.1.0, X-CUBE-AZRTOS-G4_V2.0.0, X-CUBE-AZRTOS-H7RS_V1.1.0, X-CUBE-AZRTOS-H7_V3.4.0, X-CUBE-AZRTOS-L4_V2.0.0, X-CUBE-AZRTOS-L5_V2.0.0, X-CUBE-AZRTOS-WB_V2.0.0, X-CUBE-AZRTOS-WL_V2.0.0, X-CUBE-BLE1_V7.1.0, X-CUBE-BLE2_V3.3.0, X-CUBE-BLEMGR_V4.1.0, X-CUBE-EEPRMA1_V5.2.0, X-CUBE-FREERTOS_V1.3.1, X-CUBE-GNSS1_V6.0.0, X-CUBE-MEMS1_V11.3.0, X-CUBE-NFC4_V3.0.0, X-CUBE-NFC7_V2.0.0, X-CUBE-SFXS2LP1_V4.0.0, X-CUBE-ST67W61_V1.0.0, X-CUBE-SUBG2_V5.0.0, X-CUBE-TOF1_V3.4.3]
2025-09-15 22:44:33,826 [INFO] ApiDb:240 - Found 323 in-development CPN: [B-G473E-ZEST1S, B-WB1M-WPAN1, B-WL5M-SUBG1, NUCLEO-C031C6, NUCLEO-H503RB, NUCLEO-H563ZI, NUCLEO-U545RE-Q, NUCLEO-U5A5ZJ-Q, NUCLEO-WBA52CG, STEVAL-PROTEUS1, STEVAL-SMARTAG2, STEVAL-STWINBX1, STM320518-EVAL, STM32C0116-DK, STM32C011D6Y3TR, STM32C011D6Y6TR, STM32C011F4P3, STM32C011F4P6, STM32C011F4U3, STM32C011F4U6TR, STM32C011F6P3, STM32C011F6P6, STM32C011F6U3, STM32C011F6U6TR, STM32C011J4M3, STM32C011J4M6, STM32C011J6M3, STM32C011J6M6, STM32C0316-DK, STM32C031C4T3, STM32C031C4T6, STM32C031C4U3, STM32C031C4U6, STM32C031C6T3, STM32C031C6T6, STM32C031C6U3, STM32C031C6U6, STM32C031F4P3, STM32C031F4P6, STM32C031F6P3, STM32C031F6P6, STM32C031G4U3, STM32C031G4U6, STM32C031G6U3, STM32C031G6U6, STM32C031K4T3, STM32C031K4T6, STM32C031K4U3, STM32C031K4U6, STM32C031K6T3, STM32C031K6T6, STM32C031K6U3, STM32C031K6U6, STM32G071K8TXN, STM32G071K8UXN, STM32G081GBU6N, STM32G081KBT6N, STM32G081KBUXN, STM32G0B1CCT6N, STM32G0B1KCT6, STM32G0B1NEY6TR, STM32G0B1RCT6N, STM32G0C1CCT6, STM32G0C1CCT6N, STM32G0C1CCU6N, STM32G0C1CET6N, STM32G0C1CEU6N, STM32G0C1KCT6, STM32G0C1NEY6TR, STM32G0C1RCI6N, STM32G0C1RCT6N, STM32G0C1REI6N, STM32G0C1RET6N, STM32G0C1VCI6, STM32G0C1VEI6, STM32G471CCT6, STM32G471CCU6, STM32G471CET3, STM32G471CET6, STM32G471CEU3, STM32G471CEU6, STM32G471MCT6, STM32G471MET3, STM32G471MET6, STM32G471MEY6TR, STM32G471QCT6, STM32G471QET3, STM32G471RCT6, STM32G471RET3, STM32G471RET6, STM32G471VCH6, STM32G471VCI6, STM32G471VCT6, STM32G471VEH3, STM32G471VEH6, STM32G471VEI3, STM32G471VEI6, STM32G471VET3, STM32G471VET6, STM32G474CCT6, STM32H503CBT6, STM32H503CBU6, STM32H503EBY6TR, STM32H503KBU6, STM32H503RBT6, STM32H562AGI6, STM32H562AII6, STM32H562IGK6, STM32H562IGT6, STM32H562IIK6, STM32H562IIT6, STM32H562RGT6, STM32H562RGV6, STM32H562RIT6, STM32H562RIV6, STM32H562VGT6, STM32H562VIT6, STM32H562ZGT6, STM32H562ZIT6, STM32H563AGI6, STM32H563AII3Q, STM32H563AII6, STM32H563IGK6, STM32H563IGT6, STM32H563IIK3Q, STM32H563IIK6, STM32H563IIT3Q, STM32H563IIT6, STM32H563MIY3QTR, STM32H563RGT6, STM32H563RGV6, STM32H563RIT6, STM32H563RIV6, STM32H563VGT6, STM32H563VIT3Q, STM32H563VIT6, STM32H563ZGT6, STM32H563ZIT3Q, STM32H563ZIT6, STM32H573AII3Q, STM32H573AII6, STM32H573I-DK, STM32H573IIK3Q, STM32H573IIK6, STM32H573IIT3Q, STM32H573IIT6, STM32H573MIY3QTR, STM32H573RIT6, STM32H573RIV6, STM32H573VIT3Q, STM32H573VIT6, STM32H573ZIT3Q, STM32H573ZIT6, STM32L4R5QGI6STR, STM32MP131AAE3, STM32MP131AAF3, STM32MP131AAG3, STM32MP131CAE3, STM32MP131CAF3, STM32MP131CAG3, STM32MP131DAE7, STM32MP131DAF7, STM32MP131DAG7, STM32MP131FAE7, STM32MP131FAF7, STM32MP131FAG7, STM32MP133AAE3, STM32MP133AAF3, STM32MP133AAG3, STM32MP133CAE3, STM32MP133CAF3, STM32MP133CAG3, STM32MP133DAE7, STM32MP133DAF7, STM32MP133DAG7, STM32MP133FAE7, STM32MP133FAF7, STM32MP133FAG7, STM32MP135AAE3, STM32MP135AAF3, STM32MP135AAG3, STM32MP135CAE3, STM32MP135CAF3, STM32MP135CAG3, STM32MP135DAE7, STM32MP135DAF7, STM32MP135DAG7, STM32MP135F-DK, STM32MP135FAE7, STM32MP135FAF7, STM32MP135FAF7T, STM32MP135FAF7U, STM32MP135FAG7, STM32U535CBT6, STM32U535CBT6Q, STM32U535CBU6, STM32U535CBU6Q, STM32U535CCT6, STM32U535CCT6Q, STM32U535CCU6, STM32U535CCU6Q, STM32U535CET6, STM32U535CET6Q, STM32U535CEU6, STM32U535CEU6Q, STM32U535JEY6QTR, STM32U535NCY6QTR, STM32U535NEY6QTR, STM32U535RBI6, STM32U535RBI6Q, STM32U535RBT6, STM32U535RBT6Q, STM32U535RCI6, STM32U535RCI6Q, STM32U535RCT6, STM32U535RCT6Q, STM32U535REI6, STM32U535REI6Q, STM32U535RET6, STM32U535RET6Q, STM32U535VCI6, STM32U535VCI6Q, STM32U535VCT6, STM32U535VCT6Q, STM32U535VEI6, STM32U535VEI6Q, STM32U535VET6, STM32U535VET6Q, STM32U545CET6, STM32U545CET6Q, STM32U545CEU6, STM32U545CEU6Q, STM32U545JEY6QTR, STM32U545NEY6QTR, STM32U545REI6, STM32U545REI6Q, STM32U545RET6, STM32U545RET6Q, STM32U545VEI6, STM32U545VEI6Q, STM32U545VET6, STM32U545VET6Q, STM32U595AIH6, STM32U595AIH6Q, STM32U595AJH6, STM32U595AJH6Q, STM32U595QII6, STM32U595QII6Q, STM32U595QJI6, STM32U595QJI6Q, STM32U595RIT6, STM32U595RIT6Q, STM32U595RJT6, STM32U595RJT6Q, STM32U595VIT6, STM32U595VIT6Q, STM32U595VJT6, STM32U595VJT6Q, STM32U595ZIT6, STM32U595ZIT6Q, STM32U595ZIY6QTR, STM32U595ZJT6, STM32U595ZJT6Q, STM32U595ZJY6QTR, STM32U599BJY6QTR, STM32U599NIH6Q, STM32U599NJH6Q, STM32U599VIT6Q, STM32U599VJT6, STM32U599VJT6Q, STM32U599ZIT6Q, STM32U599ZIY6QTR, STM32U599ZJT6Q, STM32U599ZJY6QTR, STM32U5A5AJH6, STM32U5A5AJH6Q, STM32U5A5QJI6, STM32U5A5QJI6Q, STM32U5A5RJT6, STM32U5A5RJT6Q, STM32U5A5VJT6, STM32U5A5VJT6Q, STM32U5A5ZJT6, STM32U5A5ZJT6Q, STM32U5A5ZJY6QTR, STM32U5A9BJY6QTR, STM32U5A9J-DK, STM32U5A9NJH6Q, STM32U5A9VJT6Q, STM32U5A9ZJT6Q, STM32U5A9ZJY6QTR, STM32U5F7VIT6, STM32U5F7VIT6Q, STM32U5F7VJT6, STM32U5F7VJT6Q, STM32U5F9BJY6QTR, STM32U5F9NJH6Q, STM32U5F9VIT6Q, STM32U5F9VJT6Q, STM32U5F9ZIJ6QTR, STM32U5F9ZIT6Q, STM32U5F9ZJJ6QTR, STM32U5F9ZJT6Q, STM32U5G7VJT6, STM32U5G7VJT6Q, STM32U5G9BJY6QTR, STM32U5G9J-DK1, STM32U5G9J-DK2, STM32U5G9NJH6Q, STM32U5G9VJT6Q, STM32U5G9ZJJ6QTR, STM32U5G9ZJT6Q, STM32WB1MMCH6, STM32WBA52CEU6, STM32WBA52CEU6T, STM32WBA52CGU6, STM32WBA52CGU6T, STM32WBA52KEU6, STM32WBA52KEU6T, STM32WBA52KGU6, STM32WBA52KGU6T, STM32WL5MOCH6, STM32WL5MOCH6TR]
2025-09-15 22:44:33,837 [INFO] DbMcus:217 - Found 4718 MCUs, 4718 are supported
2025-09-15 22:44:33,841 [INFO] ApiDb:423 - Load user favorites file C:\Users\brbar/.stm32cubeide/favorites.mcus.txt: 0 item(s)
2025-09-15 22:44:33,841 [INFO] ApiDb:427 - User favorites MCUs=[]
2025-09-15 22:44:33,841 [INFO] DbMcus:223 - Set 0 / 0 favorites MCUs
2025-09-15 22:44:34,585 [INFO] ApiDb:668 - CubeFinder database Data Model version=2.1
2025-09-15 22:44:34,585 [INFO] ApiDb:669 - CubeFinder database Configuration version=3.0.39
2025-09-15 22:44:34,585 [INFO] ApiDb:670 - CubeFinder database generation date=2025-08-25 (1756130511)
2025-09-15 22:44:34,586 [INFO] ApiDb:671 - CubeFinder database FW Pack versions=[FP-ATR-ASTRA1_V2.0.0, FP-SNS-FLIGHT1_V5.1.0, FP-SNS-MOTENV1_V5.0.0, FP-SNS-MOTENVWB1_V1.4.0, FP-SNS-SMARTAG2_V1.2.0, FP-SNS-STBOX1_V2.1.0, STM32Cube_FW_C0_V1.4.0, STM32Cube_FW_F4_V1.28.3, STM32Cube_FW_F7_V1.17.4, STM32Cube_FW_G0_V1.6.2, STM32Cube_FW_G4_V1.6.1, STM32Cube_FW_H5_V1.5.0, STM32Cube_FW_H7RS_V1.2.0, STM32Cube_FW_H7_V1.12.1, STM32Cube_FW_L0_V1.12.2, STM32Cube_FW_L4_V1.18.1, STM32Cube_FW_L5_V1.5.1, STM32Cube_FW_N6_V1.2.0, STM32Cube_FW_U0_V1.3.0, STM32Cube_FW_U3_V1.2.0, STM32Cube_FW_U5_V1.8.0, STM32Cube_FW_WB0_V1.3.0, STM32Cube_FW_WBA_V1.7.0, STM32Cube_FW_WB_V1.23.0, STM32Cube_FW_WL3_V1.2.0, STM32Cube_FW_WL_V1.3.1, X-CUBE-ALGOBUILD_V1.4.0, X-CUBE-ALS_V1.0.2, X-CUBE-AZRTOS-F4_V1.1.0, X-CUBE-AZRTOS-F7_V1.1.0, X-CUBE-AZRTOS-G0_V1.1.0, X-CUBE-AZRTOS-G4_V2.0.0, X-CUBE-AZRTOS-H7RS_V1.1.0, X-CUBE-AZRTOS-H7_V3.4.0, X-CUBE-AZRTOS-L4_V2.0.0, X-CUBE-AZRTOS-L5_V2.0.0, X-CUBE-AZRTOS-WB_V2.0.0, X-CUBE-AZRTOS-WL_V2.0.0, X-CUBE-BLE1_V7.1.0, X-CUBE-BLE2_V3.3.0, X-CUBE-BLEMGR_V4.1.0, X-CUBE-EEPRMA1_V5.2.0, X-CUBE-FREERTOS_V1.3.1, X-CUBE-GNSS1_V6.0.0, X-CUBE-MEMS1_V11.3.0, X-CUBE-NFC4_V3.0.0, X-CUBE-NFC7_V2.0.0, X-CUBE-SFXS2LP1_V4.0.0, X-CUBE-ST67W61_V1.0.0, X-CUBE-SUBG2_V5.0.0, X-CUBE-TOF1_V3.4.3]
2025-09-15 22:44:34,679 [INFO] DbBoardsSqlite:226 - include board P-NUCLEO-WB55-NUCLEO as a kit item of type 'Nucleo-64'
2025-09-15 22:44:34,680 [INFO] DbBoardsSqlite:226 - include board P-NUCLEO-WB55-USBDONGLE as a kit item of type 'Nucleo USB Dongle'
2025-09-15 22:44:34,680 [INFO] DbBoardsSqlite:226 - include board STEVAL-IDP005V1 as a kit item of type 'Evaluation Board'
2025-09-15 22:44:34,680 [INFO] DbBoardsSqlite:226 - include board STEVAL-IDP005V2 as a kit item of type 'Evaluation Board'
2025-09-15 22:44:34,789 [INFO] ApiDb:240 - Found 323 in-development CPN: [B-G473E-ZEST1S, B-WB1M-WPAN1, B-WL5M-SUBG1, NUCLEO-C031C6, NUCLEO-H503RB, NUCLEO-H563ZI, NUCLEO-U545RE-Q, NUCLEO-U5A5ZJ-Q, NUCLEO-WBA52CG, STEVAL-PROTEUS1, STEVAL-SMARTAG2, STEVAL-STWINBX1, STM320518-EVAL, STM32C0116-DK, STM32C011D6Y3TR, STM32C011D6Y6TR, STM32C011F4P3, STM32C011F4P6, STM32C011F4U3, STM32C011F4U6TR, STM32C011F6P3, STM32C011F6P6, STM32C011F6U3, STM32C011F6U6TR, STM32C011J4M3, STM32C011J4M6, STM32C011J6M3, STM32C011J6M6, STM32C0316-DK, STM32C031C4T3, STM32C031C4T6, STM32C031C4U3, STM32C031C4U6, STM32C031C6T3, STM32C031C6T6, STM32C031C6U3, STM32C031C6U6, STM32C031F4P3, STM32C031F4P6, STM32C031F6P3, STM32C031F6P6, STM32C031G4U3, STM32C031G4U6, STM32C031G6U3, STM32C031G6U6, STM32C031K4T3, STM32C031K4T6, STM32C031K4U3, STM32C031K4U6, STM32C031K6T3, STM32C031K6T6, STM32C031K6U3, STM32C031K6U6, STM32G071K8TXN, STM32G071K8UXN, STM32G081GBU6N, STM32G081KBT6N, STM32G081KBUXN, STM32G0B1CCT6N, STM32G0B1KCT6, STM32G0B1NEY6TR, STM32G0B1RCT6N, STM32G0C1CCT6, STM32G0C1CCT6N, STM32G0C1CCU6N, STM32G0C1CET6N, STM32G0C1CEU6N, STM32G0C1KCT6, STM32G0C1NEY6TR, STM32G0C1RCI6N, STM32G0C1RCT6N, STM32G0C1REI6N, STM32G0C1RET6N, STM32G0C1VCI6, STM32G0C1VEI6, STM32G471CCT6, STM32G471CCU6, STM32G471CET3, STM32G471CET6, STM32G471CEU3, STM32G471CEU6, STM32G471MCT6, STM32G471MET3, STM32G471MET6, STM32G471MEY6TR, STM32G471QCT6, STM32G471QET3, STM32G471RCT6, STM32G471RET3, STM32G471RET6, STM32G471VCH6, STM32G471VCI6, STM32G471VCT6, STM32G471VEH3, STM32G471VEH6, STM32G471VEI3, STM32G471VEI6, STM32G471VET3, STM32G471VET6, STM32G474CCT6, STM32H503CBT6, STM32H503CBU6, STM32H503EBY6TR, STM32H503KBU6, STM32H503RBT6, STM32H562AGI6, STM32H562AII6, STM32H562IGK6, STM32H562IGT6, STM32H562IIK6, STM32H562IIT6, STM32H562RGT6, STM32H562RGV6, STM32H562RIT6, STM32H562RIV6, STM32H562VGT6, STM32H562VIT6, STM32H562ZGT6, STM32H562ZIT6, STM32H563AGI6, STM32H563AII3Q, STM32H563AII6, STM32H563IGK6, STM32H563IGT6, STM32H563IIK3Q, STM32H563IIK6, STM32H563IIT3Q, STM32H563IIT6, STM32H563MIY3QTR, STM32H563RGT6, STM32H563RGV6, STM32H563RIT6, STM32H563RIV6, STM32H563VGT6, STM32H563VIT3Q, STM32H563VIT6, STM32H563ZGT6, STM32H563ZIT3Q, STM32H563ZIT6, STM32H573AII3Q, STM32H573AII6, STM32H573I-DK, STM32H573IIK3Q, STM32H573IIK6, STM32H573IIT3Q, STM32H573IIT6, STM32H573MIY3QTR, STM32H573RIT6, STM32H573RIV6, STM32H573VIT3Q, STM32H573VIT6, STM32H573ZIT3Q, STM32H573ZIT6, STM32L4R5QGI6STR, STM32MP131AAE3, STM32MP131AAF3, STM32MP131AAG3, STM32MP131CAE3, STM32MP131CAF3, STM32MP131CAG3, STM32MP131DAE7, STM32MP131DAF7, STM32MP131DAG7, STM32MP131FAE7, STM32MP131FAF7, STM32MP131FAG7, STM32MP133AAE3, STM32MP133AAF3, STM32MP133AAG3, STM32MP133CAE3, STM32MP133CAF3, STM32MP133CAG3, STM32MP133DAE7, STM32MP133DAF7, STM32MP133DAG7, STM32MP133FAE7, STM32MP133FAF7, STM32MP133FAG7, STM32MP135AAE3, STM32MP135AAF3, STM32MP135AAG3, STM32MP135CAE3, STM32MP135CAF3, STM32MP135CAG3, STM32MP135DAE7, STM32MP135DAF7, STM32MP135DAG7, STM32MP135F-DK, STM32MP135FAE7, STM32MP135FAF7, STM32MP135FAF7T, STM32MP135FAF7U, STM32MP135FAG7, STM32U535CBT6, STM32U535CBT6Q, STM32U535CBU6, STM32U535CBU6Q, STM32U535CCT6, STM32U535CCT6Q, STM32U535CCU6, STM32U535CCU6Q, STM32U535CET6, STM32U535CET6Q, STM32U535CEU6, STM32U535CEU6Q, STM32U535JEY6QTR, STM32U535NCY6QTR, STM32U535NEY6QTR, STM32U535RBI6, STM32U535RBI6Q, STM32U535RBT6, STM32U535RBT6Q, STM32U535RCI6, STM32U535RCI6Q, STM32U535RCT6, STM32U535RCT6Q, STM32U535REI6, STM32U535REI6Q, STM32U535RET6, STM32U535RET6Q, STM32U535VCI6, STM32U535VCI6Q, STM32U535VCT6, STM32U535VCT6Q, STM32U535VEI6, STM32U535VEI6Q, STM32U535VET6, STM32U535VET6Q, STM32U545CET6, STM32U545CET6Q, STM32U545CEU6, STM32U545CEU6Q, STM32U545JEY6QTR, STM32U545NEY6QTR, STM32U545REI6, STM32U545REI6Q, STM32U545RET6, STM32U545RET6Q, STM32U545VEI6, STM32U545VEI6Q, STM32U545VET6, STM32U545VET6Q, STM32U595AIH6, STM32U595AIH6Q, STM32U595AJH6, STM32U595AJH6Q, STM32U595QII6, STM32U595QII6Q, STM32U595QJI6, STM32U595QJI6Q, STM32U595RIT6, STM32U595RIT6Q, STM32U595RJT6, STM32U595RJT6Q, STM32U595VIT6, STM32U595VIT6Q, STM32U595VJT6, STM32U595VJT6Q, STM32U595ZIT6, STM32U595ZIT6Q, STM32U595ZIY6QTR, STM32U595ZJT6, STM32U595ZJT6Q, STM32U595ZJY6QTR, STM32U599BJY6QTR, STM32U599NIH6Q, STM32U599NJH6Q, STM32U599VIT6Q, STM32U599VJT6, STM32U599VJT6Q, STM32U599ZIT6Q, STM32U599ZIY6QTR, STM32U599ZJT6Q, STM32U599ZJY6QTR, STM32U5A5AJH6, STM32U5A5AJH6Q, STM32U5A5QJI6, STM32U5A5QJI6Q, STM32U5A5RJT6, STM32U5A5RJT6Q, STM32U5A5VJT6, STM32U5A5VJT6Q, STM32U5A5ZJT6, STM32U5A5ZJT6Q, STM32U5A5ZJY6QTR, STM32U5A9BJY6QTR, STM32U5A9J-DK, STM32U5A9NJH6Q, STM32U5A9VJT6Q, STM32U5A9ZJT6Q, STM32U5A9ZJY6QTR, STM32U5F7VIT6, STM32U5F7VIT6Q, STM32U5F7VJT6, STM32U5F7VJT6Q, STM32U5F9BJY6QTR, STM32U5F9NJH6Q, STM32U5F9VIT6Q, STM32U5F9VJT6Q, STM32U5F9ZIJ6QTR, STM32U5F9ZIT6Q, STM32U5F9ZJJ6QTR, STM32U5F9ZJT6Q, STM32U5G7VJT6, STM32U5G7VJT6Q, STM32U5G9BJY6QTR, STM32U5G9J-DK1, STM32U5G9J-DK2, STM32U5G9NJH6Q, STM32U5G9VJT6Q, STM32U5G9ZJJ6QTR, STM32U5G9ZJT6Q, STM32WB1MMCH6, STM32WBA52CEU6, STM32WBA52CEU6T, STM32WBA52CGU6, STM32WBA52CGU6T, STM32WBA52KEU6, STM32WBA52KEU6T, STM32WBA52KGU6, STM32WBA52KGU6T, STM32WL5MOCH6, STM32WL5MOCH6TR]
2025-09-15 22:44:34,884 [INFO] BoardInfo:880 - No configuration file found for board B-WBA5M-WPAN
2025-09-15 22:44:34,885 [INFO] DbBoards:157 - Board is not supported: B-WBA5M-WPAN
2025-09-15 22:44:34,892 [INFO] BoardInfo:880 - No configuration file found for board NUCLEO-C051C8
2025-09-15 22:44:34,892 [INFO] DbBoards:157 - Board is not supported: NUCLEO-C051C8
2025-09-15 22:44:34,894 [INFO] BoardInfo:880 - No configuration file found for board NUCLEO-C071RB
2025-09-15 22:44:34,894 [INFO] DbBoards:157 - Board is not supported: NUCLEO-C071RB
2025-09-15 22:44:34,896 [INFO] BoardInfo:880 - No configuration file found for board NUCLEO-C092RC
2025-09-15 22:44:34,896 [INFO] DbBoards:157 - Board is not supported: NUCLEO-C092RC
2025-09-15 22:44:34,947 [INFO] BoardInfo:880 - No configuration file found for board NUCLEO-H533RE
2025-09-15 22:44:34,947 [INFO] DbBoards:157 - Board is not supported: NUCLEO-H533RE
2025-09-15 22:44:34,959 [INFO] BoardInfo:880 - No configuration file found for board NUCLEO-H7S3L8
2025-09-15 22:44:34,959 [INFO] DbBoards:157 - Board is not supported: NUCLEO-H7S3L8
2025-09-15 22:44:35,034 [INFO] BoardInfo:880 - No configuration file found for board NUCLEO-N657X0-Q
2025-09-15 22:44:35,034 [INFO] DbBoards:157 - Board is not supported: NUCLEO-N657X0-Q
2025-09-15 22:44:35,036 [INFO] BoardInfo:880 - No configuration file found for board NUCLEO-U031R8
2025-09-15 22:44:35,036 [INFO] DbBoards:157 - Board is not supported: NUCLEO-U031R8
2025-09-15 22:44:35,037 [INFO] BoardInfo:880 - No configuration file found for board NUCLEO-U083RC
2025-09-15 22:44:35,037 [INFO] DbBoards:157 - Board is not supported: NUCLEO-U083RC
2025-09-15 22:44:35,039 [INFO] BoardInfo:880 - No configuration file found for board NUCLEO-U385RG-Q
2025-09-15 22:44:35,039 [INFO] DbBoards:157 - Board is not supported: NUCLEO-U385RG-Q
2025-09-15 22:44:35,044 [INFO] BoardInfo:880 - No configuration file found for board NUCLEO-WB05KZ
2025-09-15 22:44:35,045 [INFO] DbBoards:157 - Board is not supported: NUCLEO-WB05KZ
2025-09-15 22:44:35,046 [INFO] BoardInfo:880 - No configuration file found for board NUCLEO-WB07CC
2025-09-15 22:44:35,046 [INFO] DbBoards:157 - Board is not supported: NUCLEO-WB07CC
2025-09-15 22:44:35,047 [INFO] BoardInfo:880 - No configuration file found for board NUCLEO-WB09KE
2025-09-15 22:44:35,048 [INFO] DbBoards:157 - Board is not supported: NUCLEO-WB09KE
2025-09-15 22:44:35,053 [INFO] BoardInfo:880 - No configuration file found for board NUCLEO-WBA55CG
2025-09-15 22:44:35,053 [INFO] DbBoards:157 - Board is not supported: NUCLEO-WBA55CG
2025-09-15 22:44:35,054 [INFO] BoardInfo:880 - No configuration file found for board NUCLEO-WBA65RI
2025-09-15 22:44:35,055 [INFO] DbBoards:157 - Board is not supported: NUCLEO-WBA65RI
2025-09-15 22:44:35,056 [INFO] BoardInfo:880 - No configuration file found for board NUCLEO-WL33CC1
2025-09-15 22:44:35,056 [INFO] DbBoards:157 - Board is not supported: NUCLEO-WL33CC1
2025-09-15 22:44:35,057 [INFO] BoardInfo:880 - No configuration file found for board NUCLEO-WL33CC2
2025-09-15 22:44:35,057 [INFO] DbBoards:157 - Board is not supported: NUCLEO-WL33CC2
2025-09-15 22:44:35,064 [INFO] BoardInfo:880 - No configuration file found for board P-NUCLEO-WB55
2025-09-15 22:44:35,064 [INFO] DbBoards:157 - Kit is not supported: P-NUCLEO-WB55
2025-09-15 22:44:35,070 [INFO] BoardInfo:880 - No configuration file found for board STEVAL-BFA001V1B
2025-09-15 22:44:35,070 [INFO] DbBoards:157 - Kit is not supported: STEVAL-BFA001V1B
2025-09-15 22:44:35,071 [INFO] BoardInfo:880 - No configuration file found for board STEVAL-BFA001V2B
2025-09-15 22:44:35,071 [INFO] DbBoards:157 - Kit is not supported: STEVAL-BFA001V2B
2025-09-15 22:44:35,075 [INFO] BoardInfo:880 - No configuration file found for board STEVAL-MKBOXPRO
2025-09-15 22:44:35,076 [INFO] DbBoards:157 - Board is not supported: STEVAL-MKBOXPRO
2025-09-15 22:44:35,172 [INFO] BoardInfo:880 - No configuration file found for board STM32H7S78-DK
2025-09-15 22:44:35,172 [INFO] DbBoards:157 - Board is not supported: STM32H7S78-DK
2025-09-15 22:44:35,202 [INFO] BoardInfo:880 - No configuration file found for board STM32MP257F-DK
2025-09-15 22:44:35,203 [INFO] DbBoards:157 - Board is not supported: STM32MP257F-DK
2025-09-15 22:44:35,204 [INFO] BoardInfo:880 - No configuration file found for board STM32MP257F-EV1
2025-09-15 22:44:35,204 [INFO] DbBoards:157 - Board is not supported: STM32MP257F-EV1
2025-09-15 22:44:35,206 [INFO] BoardInfo:880 - No configuration file found for board STM32N6570-DK
2025-09-15 22:44:35,206 [INFO] DbBoards:157 - Board is not supported: STM32N6570-DK
2025-09-15 22:44:35,207 [INFO] BoardInfo:880 - No configuration file found for board STM32U083C-DK
2025-09-15 22:44:35,207 [INFO] DbBoards:157 - Board is not supported: STM32U083C-DK
2025-09-15 22:44:35,216 [INFO] BoardInfo:880 - No configuration file found for board STM32WBA55G-DK1
2025-09-15 22:44:35,217 [INFO] DbBoards:157 - Board is not supported: STM32WBA55G-DK1
2025-09-15 22:44:35,219 [INFO] BoardInfo:880 - No configuration file found for board STM32WBA65I-DK1
2025-09-15 22:44:35,219 [INFO] DbBoards:157 - Board is not supported: STM32WBA65I-DK1
2025-09-15 22:44:35,219 [INFO] DbBoards:161 - Found 211 boards, 183 are supported
2025-09-15 22:44:35,223 [INFO] ApiDb:423 - Load user favorites file C:\Users\brbar/.stm32cubeide/favorites.boards.txt: 0 item(s)
2025-09-15 22:44:35,223 [INFO] ApiDb:427 - User favorites Boards=[]
2025-09-15 22:44:35,223 [INFO] DbBoards:190 - Set 0 / 0 favorites Boards
2025-09-15 22:44:35,227 [INFO] ApiDb:668 - CubeFinder database Data Model version=2.1
2025-09-15 22:44:35,228 [INFO] ApiDb:669 - CubeFinder database Configuration version=3.0.39
2025-09-15 22:44:35,228 [INFO] ApiDb:670 - CubeFinder database generation date=2025-08-25 (1756130511)
2025-09-15 22:44:35,228 [INFO] ApiDb:671 - CubeFinder database FW Pack versions=[FP-ATR-ASTRA1_V2.0.0, FP-SNS-FLIGHT1_V5.1.0, FP-SNS-MOTENV1_V5.0.0, FP-SNS-MOTENVWB1_V1.4.0, FP-SNS-SMARTAG2_V1.2.0, FP-SNS-STBOX1_V2.1.0, STM32Cube_FW_C0_V1.4.0, STM32Cube_FW_F4_V1.28.3, STM32Cube_FW_F7_V1.17.4, STM32Cube_FW_G0_V1.6.2, STM32Cube_FW_G4_V1.6.1, STM32Cube_FW_H5_V1.5.0, STM32Cube_FW_H7RS_V1.2.0, STM32Cube_FW_H7_V1.12.1, STM32Cube_FW_L0_V1.12.2, STM32Cube_FW_L4_V1.18.1, STM32Cube_FW_L5_V1.5.1, STM32Cube_FW_N6_V1.2.0, STM32Cube_FW_U0_V1.3.0, STM32Cube_FW_U3_V1.2.0, STM32Cube_FW_U5_V1.8.0, STM32Cube_FW_WB0_V1.3.0, STM32Cube_FW_WBA_V1.7.0, STM32Cube_FW_WB_V1.23.0, STM32Cube_FW_WL3_V1.2.0, STM32Cube_FW_WL_V1.3.1, X-CUBE-ALGOBUILD_V1.4.0, X-CUBE-ALS_V1.0.2, X-CUBE-AZRTOS-F4_V1.1.0, X-CUBE-AZRTOS-F7_V1.1.0, X-CUBE-AZRTOS-G0_V1.1.0, X-CUBE-AZRTOS-G4_V2.0.0, X-CUBE-AZRTOS-H7RS_V1.1.0, X-CUBE-AZRTOS-H7_V3.4.0, X-CUBE-AZRTOS-L4_V2.0.0, X-CUBE-AZRTOS-L5_V2.0.0, X-CUBE-AZRTOS-WB_V2.0.0, X-CUBE-AZRTOS-WL_V2.0.0, X-CUBE-BLE1_V7.1.0, X-CUBE-BLE2_V3.3.0, X-CUBE-BLEMGR_V4.1.0, X-CUBE-EEPRMA1_V5.2.0, X-CUBE-FREERTOS_V1.3.1, X-CUBE-GNSS1_V6.0.0, X-CUBE-MEMS1_V11.3.0, X-CUBE-NFC4_V3.0.0, X-CUBE-NFC7_V2.0.0, X-CUBE-SFXS2LP1_V4.0.0, X-CUBE-ST67W61_V1.0.0, X-CUBE-SUBG2_V5.0.0, X-CUBE-TOF1_V3.4.3]
2025-09-15 22:44:36,310 [ERROR] DbExamplesSqlite:437 - Missing JSON key: board_cpn
2025-09-15 22:44:36,311 [ERROR] DbExamplesSqlite:437 - Missing JSON key: board_cpn
2025-09-15 22:44:36,311 [ERROR] DbExamplesSqlite:437 - Missing JSON key: board_cpn
2025-09-15 22:44:36,311 [ERROR] DbExamplesSqlite:437 - Missing JSON key: board_cpn
2025-09-15 22:44:36,761 [ERROR] DbExamplesSqlite:437 - Missing JSON key: board_cpn
2025-09-15 22:44:36,761 [ERROR] DbExamplesSqlite:437 - Missing JSON key: board_cpn
2025-09-15 22:44:36,935 [INFO] DbExamplesSqlite:395 - Ignored 33 examples not supported by CubeIDE
2025-09-15 22:44:36,935 [INFO] DbExamplesSqlite:396 - Found 10871 examples active
2025-09-15 22:44:36,935 [INFO] DbExamplesSqlite:397 - Found 0 examples obsolete
2025-09-15 22:44:36,935 [INFO] DbExamplesSqlite:398 - Found 0 examples under development
2025-09-15 22:44:36,935 [INFO] DbExamplesSqlite:399 - Found 65 examples not building
2025-09-15 22:44:36,938 [INFO] DbExamples:125 - Found 10903 examples
2025-09-15 22:44:36,957 [INFO] DbExamples:222 - Found 134 boards with related examples
2025-09-15 22:44:36,958 [INFO] DbExamples:235 - Found 111 MCUs with related examples
2025-09-15 22:44:36,987 [INFO] ApiDb:423 - Load user favorites file C:\Users\brbar/.stm32cubeide/favorites.examples.txt: 0 item(s)
2025-09-15 22:44:36,987 [INFO] ApiDb:427 - User favorites Examples=[]
2025-09-15 22:44:36,987 [INFO] DbExamples:250 - Set 0 / 0 favorites Examples
2025-09-15 22:44:39,287 [INFO] McuFinderGlobals:76 - Set McuFinderConnectedMode to true
2025-09-15 22:44:39,299 [INFO] MultiScanPanel:200 - Auto-refresh data requested => check proxy status ongoing
2025-09-15 22:44:39,305 [INFO] FinderPluginLoader:95 - Searching for filters in installed packs
2025-09-15 22:44:40,951 [INFO] LoadUrlFilesThread:185 - End of LoadServerUrlFiles without Thread
2025-09-15 22:44:41,067 [INFO] DetailPanel:341 - Set advertising image to C:/Users/brbar/STM32Cube/Repository/\en.2400x1350px.jpeg
2025-09-15 22:45:01,578 [INFO] MainUpdater:2868 - connection check result : 10
2025-09-15 22:45:01,735 [INFO] McuFinderGlobals:76 - Set McuFinderConnectedMode to true
2025-09-15 22:45:01,737 [INFO] MultiScanPanel:200 - Auto-refresh data requested => check proxy status ongoing
2025-09-15 22:45:01,737 [INFO] FinderPluginLoader:95 - Searching for filters in installed packs
2025-09-15 22:45:02,830 [INFO] LoadUrlFilesThread:185 - End of LoadServerUrlFiles without Thread
2025-09-15 22:45:02,830 [INFO] DetailPanel:341 - Set advertising image to C:/Users/brbar/STM32Cube/Repository/\en.2400x1350px.jpeg
2025-09-15 22:46:01,778 [INFO] MainUpdater:2868 - connection check result : 10
2025-09-15 22:46:01,778 [INFO] MainUpdater:2868 - connection check result : 10
2025-09-15 22:46:01,809 [INFO] MicroXplorer:468 - Change Database Path : 
2025-09-15 22:46:01,809 [INFO] MicroXplorer:498 - Change Database Version : DB.6.0.91
2025-09-15 22:46:01,815 [WARN] ThirdParty:871 - waiting for thirdparty lock release [close project]
2025-09-15 22:46:01,815 [INFO] ThirdParty:873 - entering critical section [close project]
2025-09-15 22:46:01,818 [INFO] ThirdParty:883 - exiting critical section [close project]
2025-09-15 22:46:01,822 [INFO] PinOutPanel:1499 - setPackage(No Configuration,No Configuration)
2025-09-15 22:46:01,828 [INFO] UtilMem:75 - Begin LoadConfig() Used Memory: 788767288 Bytes (1073741824)
2025-09-15 22:46:01,830 [INFO] MicroXplorer:468 - Change Database Path : 
2025-09-15 22:46:01,830 [INFO] MicroXplorer:498 - Change Database Version : DB.6.0.91
2025-09-15 22:46:01,830 [INFO] OpenFileManager:308 - Change cursor
2025-09-15 22:46:02,025 [INFO] Mcu:1946 - Initializing MCU STM32F103C8Tx STM32F103C8Tx STM32F103C8T6
2025-09-15 22:46:03,137 [INFO] Context:659 - Trying to add GPIOservice into a context  which must be forbidden
2025-09-15 22:46:03,410 [INFO] ImportTextPane:194 - (OptionalMessage_ERROR) Unable to find key (Mcu.ThirdPartyNb) in loaded IOC file
2025-09-15 22:46:03,411 [INFO] ImportTextPane:194 - (OptionalMessage_ERROR) Unable to find key (Mcu.PinsNb) in loaded IOC file
2025-09-15 22:46:03,411 [INFO] ImportTextPane:194 - (OptionalMessage_ERROR) Unable to find key (Mcu.IPNb) in loaded IOC file
2025-09-15 22:46:03,716 [INFO] RtosManager:555 - Registered RTOS mode: class=CMSIS, group=RTOS, mode=CMSIS_V1, owner=FREERTOS
2025-09-15 22:46:03,717 [INFO] RtosManager:555 - Registered RTOS mode: class=CMSIS, group=RTOS2, mode=CMSIS_V2, owner=FREERTOS
2025-09-15 22:46:03,717 [INFO] RtosManager:555 - Registered RTOS mode: class=RTOS, group=Core, mode=CMSIS_V1, owner=FREERTOS
2025-09-15 22:46:03,717 [INFO] RtosManager:555 - Registered RTOS mode: class=RTOS, group=Core, mode=CMSIS_V2, owner=FREERTOS
2025-09-15 22:46:03,717 [WARN] ModelIntegratedComponent:184 - Missing modes for component STMicroelectronics:FreeRTOS:0.0.1:STMicroelectronics:RTOS:FreeRTOS:Core:::10.2.0:
2025-09-15 22:46:03,731 [WARN] ModelIntegratedComponent:63 - No mode defined for component null
2025-09-15 22:46:03,731 [WARN] ModelIntegratedComponent:63 - No mode defined for component null
2025-09-15 22:46:03,731 [WARN] ModelIntegratedComponent:63 - No mode defined for component null
2025-09-15 22:46:03,731 [WARN] ModelIntegratedComponent:63 - No mode defined for component null
2025-09-15 22:46:03,731 [WARN] ModelIntegratedComponent:63 - No mode defined for component null
2025-09-15 22:46:03,731 [WARN] ModelIntegratedComponent:63 - No mode defined for component null
2025-09-15 22:46:03,732 [WARN] ModelIntegratedComponent:63 - No mode defined for component null
2025-09-15 22:46:03,732 [WARN] ModelIntegratedComponent:63 - No mode defined for component null
2025-09-15 22:46:03,732 [WARN] ModelIntegratedComponent:63 - No mode defined for component null
2025-09-15 22:46:03,732 [WARN] ModelIntegratedComponent:63 - No mode defined for component null
2025-09-15 22:46:03,732 [WARN] ModelIntegratedComponent:63 - No mode defined for component null
2025-09-15 22:46:03,732 [WARN] ModelIntegratedComponent:63 - No mode defined for component null
2025-09-15 22:46:03,732 [WARN] ModelIntegratedComponent:63 - No mode defined for component null
2025-09-15 22:46:03,732 [WARN] ModelIntegratedComponent:63 - No mode defined for component null
2025-09-15 22:46:03,732 [WARN] ModelIntegratedComponent:63 - No mode defined for component null
2025-09-15 22:46:03,732 [WARN] ModelIntegratedComponent:63 - No mode defined for component null
2025-09-15 22:46:03,732 [WARN] ModelIntegratedComponent:63 - No mode defined for component null
2025-09-15 22:46:03,732 [WARN] ModelIntegratedComponent:63 - No mode defined for component null
2025-09-15 22:46:03,732 [WARN] ModelIntegratedComponent:63 - No mode defined for component null
2025-09-15 22:46:03,732 [WARN] ModelIntegratedComponent:63 - No mode defined for component null
2025-09-15 22:46:03,732 [WARN] ModelIntegratedComponent:63 - No mode defined for component null
2025-09-15 22:46:03,732 [WARN] ModelIntegratedComponent:63 - No mode defined for component null
2025-09-15 22:46:03,733 [WARN] ModelIntegratedComponent:63 - No mode defined for component null
2025-09-15 22:46:03,733 [WARN] ModelIntegratedComponent:63 - No mode defined for component null
2025-09-15 22:46:03,733 [WARN] ModelIntegratedComponent:63 - No mode defined for component null
2025-09-15 22:46:03,733 [WARN] ModelIntegratedComponent:63 - No mode defined for component null
2025-09-15 22:46:03,733 [WARN] ModelIntegratedComponent:63 - No mode defined for component null
2025-09-15 22:46:03,733 [WARN] ModelIntegratedComponent:63 - No mode defined for component null
2025-09-15 22:46:03,733 [WARN] ModelIntegratedComponent:63 - No mode defined for component null
2025-09-15 22:46:03,733 [WARN] ModelIntegratedComponent:63 - No mode defined for component null
2025-09-15 22:46:03,733 [WARN] ModelIntegratedComponent:63 - No mode defined for component null
2025-09-15 22:46:03,733 [WARN] ModelIntegratedComponent:63 - No mode defined for component null
2025-09-15 22:46:03,733 [WARN] ModelIntegratedComponent:63 - No mode defined for component null
2025-09-15 22:46:03,758 [INFO] ThirdPartyModel:298 - Start build external matchings
2025-09-15 22:46:04,494 [INFO] ThirdPartyModel:316 - End build external matchings
2025-09-15 22:46:04,744 [INFO] UtilMem:75 - End LoadConfig() Used Memory: 898077064 Bytes (1073741824)
2025-09-15 22:46:04,810 [WARN] ThirdParty:833 - waiting for thirdparty lock release [change project]
2025-09-15 22:46:04,811 [INFO] ThirdParty:835 - entering critical section [change project]
2025-09-15 22:46:04,811 [INFO] ThirdParty:1030 - CMSIS Pack Vendor :STMicroelectronics X-CUBE-ISPU 1.1.0
2025-09-15 22:46:04,811 [INFO] ThirdParty:1030 - CMSIS Pack Vendor :STMicroelectronics USBPD 4.1
2025-09-15 22:46:04,811 [INFO] ThirdParty:1030 - CMSIS Pack Vendor :STMicroelectronics X-CUBE-AZRTOS-H7 3.3.0
2025-09-15 22:46:04,811 [INFO] ThirdParty:1030 - CMSIS Pack Vendor :STMicroelectronics X-CUBE-NFC9 1.0.0
2025-09-15 22:46:04,811 [INFO] ThirdParty:1030 - CMSIS Pack Vendor :STMicroelectronics X-CUBE-GNSS1 6.0.0
2025-09-15 22:46:04,812 [INFO] ThirdParty:1030 - CMSIS Pack Vendor :STMicroelectronics USB_HOST 2.0.0
2025-09-15 22:46:04,812 [INFO] ThirdParty:1030 - CMSIS Pack Vendor :STMicroelectronics FP-SNS-MOTENVWB1 1.4.0
2025-09-15 22:46:04,812 [INFO] ThirdParty:1030 - CMSIS Pack Vendor :STMicroelectronics X-CUBE-AZRTOS-F4 1.1.0
2025-09-15 22:46:04,812 [INFO] ThirdParty:1030 - CMSIS Pack Vendor :STMicroelectronics LIBJPEG 8.0.0
2025-09-15 22:46:04,812 [INFO] ThirdParty:1030 - CMSIS Pack Vendor :STMicroelectronics FP-ATR-ASTRA1 2.0.2
2025-09-15 22:46:04,812 [INFO] ThirdParty:1030 - CMSIS Pack Vendor :STMicroelectronics X-CUBE-BLE1 7.1.0
2025-09-15 22:46:04,812 [INFO] ThirdParty:1030 - CMSIS Pack Vendor :wolfSSL I-CUBE-wolfSSL 5.6.3
2025-09-15 22:46:04,812 [INFO] ThirdParty:1030 - CMSIS Pack Vendor :STMicroelectronics X-CUBE-SMBUS 2.1.0
2025-09-15 22:46:04,812 [INFO] ThirdParty:1030 - CMSIS Pack Vendor :wolfSSL I-CUBE-wolfMQTT 1.19.2
2025-09-15 22:46:04,812 [INFO] ThirdParty:1030 - CMSIS Pack Vendor :STMicroelectronics USB_DEVICE 3.0.0
2025-09-15 22:46:04,812 [INFO] ThirdParty:1030 - CMSIS Pack Vendor :STMicroelectronics X-CUBE-ISPU 2.1.0
2025-09-15 22:46:04,812 [INFO] ThirdParty:1030 - CMSIS Pack Vendor :STMicroelectronics X-CUBE-AZRTOS-WB 2.0.0
2025-09-15 22:46:04,812 [INFO] ThirdParty:1030 - CMSIS Pack Vendor :STMicroelectronics X-CUBE-GNSS1 7.0.1
2025-09-15 22:46:04,813 [INFO] ThirdParty:1030 - CMSIS Pack Vendor :STMicroelectronics X-CUBE-AZRTOS-F7 1.1.0
2025-09-15 22:46:04,813 [INFO] ThirdParty:1030 - CMSIS Pack Vendor :STMicroelectronics X-CUBE-AZRTOS-L5 2.0.0
2025-09-15 22:46:04,813 [INFO] ThirdParty:1030 - CMSIS Pack Vendor :STMicroelectronics X-CUBE-TOUCHGFX 4.25.0
2025-09-15 22:46:04,813 [INFO] ThirdParty:1030 - CMSIS Pack Vendor :STMicroelectronics USB_DEVICE 2.0.0
2025-09-15 22:46:04,813 [INFO] ThirdParty:1030 - CMSIS Pack Vendor :STMicroelectronics X-CUBE-MEMS1 9.6.0
2025-09-15 22:46:04,813 [INFO] ThirdParty:1030 - CMSIS Pack Vendor :STMicroelectronics X-CUBE-NFC6 3.1.0
2025-09-15 22:46:04,813 [INFO] ThirdParty:1030 - CMSIS Pack Vendor :STMicroelectronics FP-SNS-MOTENV1 4.3.2
2025-09-15 22:46:04,813 [INFO] ThirdParty:1030 - CMSIS Pack Vendor :STMicroelectronics X-CUBE-ALGOBUILD 1.3.0
2025-09-15 22:46:04,813 [INFO] ThirdParty:1030 - CMSIS Pack Vendor :STMicroelectronics X-CUBE-MEMS1 11.2.0
2025-09-15 22:46:04,813 [INFO] ThirdParty:1030 - CMSIS Pack Vendor :STMicroelectronics FreeRTOS 0.0.1
2025-09-15 22:46:04,813 [INFO] ThirdParty:1030 - CMSIS Pack Vendor :STMicroelectronics X-CUBE-AZRTOS-G0 1.1.0
2025-09-15 22:46:04,814 [INFO] ThirdParty:1030 - CMSIS Pack Vendor :STMicroelectronics X-CUBE-BLEMGR 2.0.0
2025-09-15 22:46:04,814 [INFO] ThirdParty:1030 - CMSIS Pack Vendor :STMicroelectronics X-CUBE-SAFEA1 1.2.2
2025-09-15 22:46:04,814 [INFO] ThirdParty:1030 - CMSIS Pack Vendor :STMicroelectronics X-CUBE-NFC4 3.0.0
2025-09-15 22:46:04,814 [INFO] ThirdParty:1030 - CMSIS Pack Vendor :STMicroelectronics X-CUBE-SUBG2 5.0.0
2025-09-15 22:46:04,814 [INFO] ThirdParty:1030 - CMSIS Pack Vendor :STMicroelectronics X-CUBE-AZRTOS-H7RS 1.1.0
2025-09-15 22:46:04,814 [INFO] ThirdParty:1030 - CMSIS Pack Vendor :STMicroelectronics STM32_WPAN 1.0.0
2025-09-15 22:46:04,814 [INFO] ThirdParty:1030 - CMSIS Pack Vendor :STMicroelectronics lwIP 2.0.3
2025-09-15 22:46:04,814 [INFO] ThirdParty:1030 - CMSIS Pack Vendor :STMicroelectronics FP-SNS-FLIGHT1 5.0.2
2025-09-15 22:46:04,815 [INFO] ThirdParty:1030 - CMSIS Pack Vendor :Cesanta I-CUBE-Mongoose 7.13.0
2025-09-15 22:46:04,815 [INFO] ThirdParty:1030 - CMSIS Pack Vendor :STMicroelectronics USB_HOST 1.0.0
2025-09-15 22:46:04,815 [INFO] ThirdParty:1030 - CMSIS Pack Vendor :STMicroelectronics X-CUBE-TOF1 3.3.1
2025-09-15 22:46:04,815 [INFO] ThirdParty:1030 - CMSIS Pack Vendor :STMicroelectronics X-CUBE-AZRTOS-G4 2.0.0
2025-09-15 22:46:04,815 [INFO] ThirdParty:1030 - CMSIS Pack Vendor :STMicroelectronics X-CUBE-WB05N 2.0.0
2025-09-15 22:46:04,815 [INFO] ThirdParty:1030 - CMSIS Pack Vendor :STMicroelectronics PDM2PCM 3.1.0
2025-09-15 22:46:04,815 [INFO] ThirdParty:1030 - CMSIS Pack Vendor :STMicroelectronics X-CUBE-AZRTOS-H7 3.1.0
2025-09-15 22:46:04,815 [INFO] ThirdParty:1030 - CMSIS Pack Vendor :STMicroelectronics PDM2PCM 3.3.0
2025-09-15 22:46:04,815 [INFO] ThirdParty:1030 - CMSIS Pack Vendor :wolfSSL I-CUBE-wolfTPM 3.8.0
2025-09-15 22:46:04,815 [INFO] ThirdParty:1030 - CMSIS Pack Vendor :STMicroelectronics X-CUBE-DISPLAY 3.0.0
2025-09-15 22:46:04,815 [INFO] ThirdParty:1030 - CMSIS Pack Vendor :wolfSSL I-CUBE-wolfSSH 1.4.20
2025-09-15 22:46:04,815 [INFO] ThirdParty:1030 - CMSIS Pack Vendor :STMicroelectronics X-CUBE-NFC7 2.0.0
2025-09-15 22:46:04,815 [INFO] ThirdParty:1030 - CMSIS Pack Vendor :STMicroelectronics X-CUBE-BLE1 7.0.0
2025-09-15 22:46:04,815 [INFO] ThirdParty:1030 - CMSIS Pack Vendor :STMicroelectronics FP-ATR-SIGFOX1 3.2.0
2025-09-15 22:46:04,815 [INFO] ThirdParty:1030 - CMSIS Pack Vendor :STMicroelectronics X-CUBE-NFC10 1.0.0
2025-09-15 22:46:04,815 [INFO] ThirdParty:1030 - CMSIS Pack Vendor :STMicroelectronics X-CUBE-EEPRMA1 5.1.0
2025-09-15 22:46:04,815 [INFO] ThirdParty:1030 - CMSIS Pack Vendor :STMicroelectronics X-CUBE-FREERTOS 1.3.1
2025-09-15 22:46:04,816 [INFO] ThirdParty:1030 - CMSIS Pack Vendor :STMicroelectronics HAL Drivers 0.0.0
2025-09-15 22:46:04,816 [INFO] ThirdParty:1030 - CMSIS Pack Vendor :STMicroelectronics MBEDTLS 2.16.2
2025-09-15 22:46:04,816 [INFO] ThirdParty:1030 - CMSIS Pack Vendor :STMicroelectronics X-CUBE-ALS 1.0.2
2025-09-15 22:46:04,816 [INFO] ThirdParty:1030 - CMSIS Pack Vendor :emotas I-CUBE-CANOPEN 1.3.0
2025-09-15 22:46:04,816 [INFO] ThirdParty:1030 - CMSIS Pack Vendor :STMicroelectronics X-CUBE-FREERTOS 1.1.0
2025-09-15 22:46:04,816 [INFO] ThirdParty:1030 - CMSIS Pack Vendor :STMicroelectronics X-CUBE-TOUCHGFX 4.22.0
2025-09-15 22:46:04,816 [INFO] ThirdParty:1030 - CMSIS Pack Vendor :STMicroelectronics X-CUBE-NFC7 1.0.1
2025-09-15 22:46:04,816 [INFO] ThirdParty:1030 - CMSIS Pack Vendor :STMicroelectronics MBEDTLS 2.14.1
2025-09-15 22:46:04,816 [INFO] ThirdParty:1030 - CMSIS Pack Vendor :ITTIA_DB I-CUBE-ITTIADB 8.9.0
2025-09-15 22:46:04,816 [INFO] ThirdParty:1030 - CMSIS Pack Vendor :STMicroelectronics X-CUBE-NFC6 3.0.0
2025-09-15 22:46:04,816 [INFO] ThirdParty:1030 - CMSIS Pack Vendor :STMicroelectronics X-CUBE-EEPRMA1 4.1.0
2025-09-15 22:46:04,816 [INFO] ThirdParty:1030 - CMSIS Pack Vendor :portGmbH I-Cube-SoM-uGOAL 1.1.0
2025-09-15 22:46:04,816 [INFO] ThirdParty:1030 - CMSIS Pack Vendor :STMicroelectronics X-CUBE-ALS 1.0.1
2025-09-15 22:46:04,816 [INFO] ThirdParty:1030 - CMSIS Pack Vendor :STMicroelectronics X-CUBE-AI 10.0.0
2025-09-15 22:46:04,816 [INFO] ThirdParty:1030 - CMSIS Pack Vendor :STMicroelectronics ThreadX 1.0.0
2025-09-15 22:46:04,816 [INFO] ThirdParty:1030 - CMSIS Pack Vendor :STMicroelectronics FP-SNS-SMARTAG2 1.2.0
2025-09-15 22:46:04,816 [INFO] ThirdParty:1030 - CMSIS Pack Vendor :STMicroelectronics X-CUBE-AZRTOS-WL 2.0.0
2025-09-15 22:46:04,816 [INFO] ThirdParty:1030 - CMSIS Pack Vendor :SEGGER I-CUBE-embOS 1.3.1
2025-09-15 22:46:04,816 [INFO] ThirdParty:1030 - CMSIS Pack Vendor :STMicroelectronics X-CUBE-ALGOBUILD 1.4.0
2025-09-15 22:46:04,816 [INFO] ThirdParty:1030 - CMSIS Pack Vendor :STMicroelectronics FP-SNS-MOTENV1 5.0.0
2025-09-15 22:46:04,816 [INFO] ThirdParty:1030 - CMSIS Pack Vendor :STMicroelectronics USB_DEVICE 1.0.0
2025-09-15 22:46:04,817 [INFO] ThirdParty:1030 - CMSIS Pack Vendor :STMicroelectronics X-CUBE-AI 8.1.0
2025-09-15 22:46:04,817 [INFO] ThirdParty:1030 - CMSIS Pack Vendor :STMicroelectronics X-CUBE-AZRTOS-L4 2.0.0
2025-09-15 22:46:04,817 [INFO] ThirdParty:1030 - CMSIS Pack Vendor :STMicroelectronics ThreadX 0.0.2
2025-09-15 22:46:04,817 [INFO] ThirdParty:1030 - CMSIS Pack Vendor :WES I-CUBE-Cesium 1.3.0
2025-09-15 22:46:04,817 [INFO] ThirdParty:1030 - CMSIS Pack Vendor :STMicroelectronics FP-ATR-ASTRA1 2.0.0
2025-09-15 22:46:04,817 [INFO] ThirdParty:1030 - CMSIS Pack Vendor :STMicroelectronics lwIP 2.1.2
2025-09-15 22:46:04,817 [INFO] ThirdParty:1030 - CMSIS Pack Vendor :STMicroelectronics X-CUBE-SFXS2LP1 4.0.0
2025-09-15 22:46:04,817 [INFO] ThirdParty:1030 - CMSIS Pack Vendor :STMicroelectronics X-CUBE-BLE2 3.3.0
2025-09-15 22:46:04,817 [INFO] ThirdParty:1030 - CMSIS Pack Vendor :STMicroelectronics PDM2PCM 3.2.0
2025-09-15 22:46:04,817 [INFO] ThirdParty:841 - exiting critical section [change project]
2025-09-15 22:46:05,086 [INFO] PinOutPanel:1499 - setPackage(No Configuration,No Configuration)
2025-09-15 22:46:05,089 [INFO] PinOutPanel:1499 - setPackage(STM32F103C8Tx,LQFP48)
2025-09-15 22:46:05,706 [INFO] UtilMem:75 - Before build in PCC Used Memory: 719452736 Bytes (1073741824)
2025-09-15 22:46:06,851 [INFO] UtilMem:75 - After build in PCC Used Memory: 784464448 Bytes (1073741824)
2025-09-15 22:46:06,875 [INFO] IPUIPlugin:80 - create IPUIPlugin
2025-09-15 22:46:06,875 [INFO] IPUIPlugin:80 - create IPUIPlugin
2025-09-15 22:46:06,875 [INFO] IPUIPlugin:80 - create IPUIPlugin
2025-09-15 22:46:06,876 [INFO] IPUIPlugin:80 - create IPUIPlugin
2025-09-15 22:46:06,876 [INFO] IPUIPlugin:80 - create IPUIPlugin
2025-09-15 22:46:06,876 [INFO] IPUIPlugin:80 - create IPUIPlugin
2025-09-15 22:46:06,877 [INFO] IPUIPlugin:80 - create IPUIPlugin
2025-09-15 22:46:06,877 [INFO] IPUIPlugin:80 - create IPUIPlugin
2025-09-15 22:46:06,877 [INFO] IPUIPlugin:80 - create IPUIPlugin
2025-09-15 22:46:06,877 [INFO] IPUIPlugin:80 - create IPUIPlugin
2025-09-15 22:46:06,878 [INFO] IPUIPlugin:80 - create IPUIPlugin
2025-09-15 22:46:06,878 [INFO] IPUIPlugin:80 - create IPUIPlugin
2025-09-15 22:46:06,878 [INFO] IPUIPlugin:80 - create IPUIPlugin
2025-09-15 22:46:06,878 [INFO] IPUIPlugin:80 - create IPUIPlugin
2025-09-15 22:46:06,878 [INFO] IPUIPlugin:80 - create IPUIPlugin
2025-09-15 22:46:06,878 [INFO] IPUIPlugin:80 - create IPUIPlugin
2025-09-15 22:46:06,879 [INFO] IPUIPlugin:80 - create IPUIPlugin
2025-09-15 22:46:06,879 [INFO] IPUIPlugin:80 - create IPUIPlugin
2025-09-15 22:46:06,879 [INFO] IPUIPlugin:80 - create IPUIPlugin
2025-09-15 22:46:06,879 [INFO] IPUIPlugin:80 - create IPUIPlugin
2025-09-15 22:46:06,880 [INFO] IPUIPlugin:80 - create IPUIPlugin
2025-09-15 22:46:06,880 [INFO] IPUIPlugin:80 - create IPUIPlugin
2025-09-15 22:46:06,880 [INFO] IPUIPlugin:80 - create IPUIPlugin
2025-09-15 22:46:06,880 [INFO] IPUIPlugin:80 - create IPUIPlugin
2025-09-15 22:46:06,881 [INFO] IPUIPlugin:80 - create IPUIPlugin
2025-09-15 22:46:06,881 [INFO] IPUIPlugin:80 - create IPUIPlugin
2025-09-15 22:46:06,881 [INFO] IPUIPlugin:80 - create IPUIPlugin
2025-09-15 22:46:07,153 [INFO] CADModel:165 - CPN selected for project levelSTM32F103C8T6
2025-09-15 22:46:07,153 [INFO] CADModel:114 - Register for checkConnection events
2025-09-15 22:46:07,215 [INFO] OpenFileManager:328 - Restore cursor
2025-09-15 22:46:08,179 [INFO] UtilMem:75 - End SaveConfig() Used Memory: 856293944 Bytes (1073741824)
2025-09-15 22:46:10,246 [ERROR] FileExtend:455 - File entry not found
2025-09-15 22:46:10,247 [INFO] FileExtend:240 - Unzip File : stm32cube_fw_f1_v180.zip
2025-09-15 22:46:10,247 [INFO] FileExtend:255 - Standard Zip Deflate
2025-09-15 22:46:19,070 [ERROR] FileExtend:336 - User cancelled unzip
2025-09-15 22:46:19,192 [INFO] LoadServerPackagesThread:196 - End of LoadServerPackages Thread
2025-09-15 22:46:19,342 [INFO] ThirdPartyModel:298 - Start build external matchings
2025-09-15 22:46:20,211 [INFO] ThirdPartyModel:316 - End build external matchings
2025-09-15 22:46:20,233 [INFO] CheckServerUpdateThread:120 - End of CheckServer Thread
2025-09-15 22:46:21,504 [INFO] McuFinderGlobals:76 - Set McuFinderConnectedMode to true
2025-09-15 22:46:21,512 [INFO] ApiDb:448 - Save user favorites file C:\Users\brbar/.stm32cubeide/favorites.mcus.txt: 0 item(s)
2025-09-15 22:46:21,512 [INFO] ApiDb:452 - User favorites MCUs=[]
2025-09-15 23:17:25,072 [ERROR] LogOutputStream:75 - [STDERR_REDIRECT] Exception in thread "AWT-EventQueue-0" org.eclipse.swt.SWTException: Device is disposed
2025-09-15 23:17:25,092 [ERROR] LogOutputStream:75 - [STDERR_REDIRECT] 	at org.eclipse.swt.SWT.error(SWT.java:4918)
2025-09-15 23:17:25,093 [ERROR] LogOutputStream:75 - [STDERR_REDIRECT] 	at org.eclipse.swt.SWT.error(SWT.java:4833)
2025-09-15 23:17:25,095 [ERROR] LogOutputStream:75 - [STDERR_REDIRECT] 	at org.eclipse.swt.SWT.error(SWT.java:4804)
2025-09-15 23:17:25,097 [ERROR] LogOutputStream:75 - [STDERR_REDIRECT] 	at org.eclipse.swt.widgets.Display.error(Display.java:1278)
2025-09-15 23:17:25,099 [ERROR] LogOutputStream:75 - [STDERR_REDIRECT] 	at org.eclipse.swt.widgets.Display.asyncExec(Display.java:774)
2025-09-15 23:17:25,101 [ERROR] LogOutputStream:75 - [STDERR_REDIRECT] 	at com.st.stm32cube.common.mx.oss.core.awtswtbridge.AwtEnvironment$2.run(AwtEnvironment.java:168)
2025-09-15 23:17:25,105 [ERROR] LogOutputStream:75 - [STDERR_REDIRECT] 	at java.desktop/java.awt.event.InvocationEvent.dispatch(InvocationEvent.java:318)
2025-09-15 23:17:25,107 [ERROR] LogOutputStream:75 - [STDERR_REDIRECT] 	at java.desktop/java.awt.EventQueue.dispatchEventImpl(EventQueue.java:771)
2025-09-15 23:17:25,108 [ERROR] LogOutputStream:75 - [STDERR_REDIRECT] 	at java.desktop/java.awt.EventQueue$4.run(EventQueue.java:722)
2025-09-15 23:17:25,110 [ERROR] LogOutputStream:75 - [STDERR_REDIRECT] 	at java.desktop/java.awt.EventQueue$4.run(EventQueue.java:716)
2025-09-15 23:17:25,111 [ERROR] LogOutputStream:75 - [STDERR_REDIRECT] 	at java.base/java.security.AccessController.doPrivileged(AccessController.java:399)
2025-09-15 23:17:25,115 [ERROR] LogOutputStream:75 - [STDERR_REDIRECT] 	at java.base/java.security.ProtectionDomain$JavaSecurityAccessImpl.doIntersectionPrivilege(ProtectionDomain.java:86)
2025-09-15 23:17:25,118 [ERROR] LogOutputStream:75 - [STDERR_REDIRECT] 	at java.desktop/java.awt.EventQueue.dispatchEvent(EventQueue.java:741)
2025-09-15 23:17:25,120 [ERROR] LogOutputStream:75 - [STDERR_REDIRECT] 	at java.desktop/java.awt.EventDispatchThread.pumpOneEventForFilters(EventDispatchThread.java:203)
2025-09-15 23:17:25,123 [ERROR] LogOutputStream:75 - [STDERR_REDIRECT] 	at java.desktop/java.awt.EventDispatchThread.pumpEventsForFilter(EventDispatchThread.java:124)
2025-09-15 23:17:25,127 [ERROR] LogOutputStream:75 - [STDERR_REDIRECT] 	at java.desktop/java.awt.EventDispatchThread.pumpEventsForHierarchy(EventDispatchThread.java:113)
2025-09-15 23:17:25,129 [ERROR] LogOutputStream:75 - [STDERR_REDIRECT] 	at java.desktop/java.awt.EventDispatchThread.pumpEvents(EventDispatchThread.java:109)
2025-09-15 23:17:25,133 [ERROR] LogOutputStream:75 - [STDERR_REDIRECT] 	at java.desktop/java.awt.EventDispatchThread.pumpEvents(EventDispatchThread.java:101)
2025-09-15 23:17:25,136 [ERROR] LogOutputStream:75 - [STDERR_REDIRECT] 	at java.desktop/java.awt.EventDispatchThread.run(EventDispatchThread.java:90)
