2023-09-10 12:50:25,460 [INFO] Activator:176 - 


2023-09-10 12:50:25,470 [INFO] Activator:177 - !SESSION log4j initialized
2023-09-10 12:50:31,417 [INFO] LogOutputStream:77 - [STDOUT_REDIRECT] 
2023-09-10 12:50:46,076 [ERROR] ConfigurationRetriever:142 - IOException on connection: Connect timed out
2023-09-10 12:50:46,818 [INFO] ApplicationProperties:184 - Using Application install path: C:\ST\STM32CubeIDE_1.13.1\STM32CubeIDE\plugins\com.st.stm32cube.common.mx_6.9.1.202307191849
2023-09-10 12:50:46,840 [INFO] DbMcusXml:78 - Set database path to: C:\ST\STM32CubeIDE_1.13.1\STM32CubeIDE\plugins\com.st.stm32cube.common.mx_6.9.1.202307191849\\db\/mcu/
2023-09-10 12:50:46,841 [INFO] ApiDb:274 - Set plugin database path to: C:\ST\STM32CubeIDE_1.13.1\STM32CubeIDE\plugins\com.st.stm32cube.common.mx_6.9.1.202307191849\\db\/plugins/boardmanager/
2023-09-10 12:50:46,841 [WARN] ApiDb:259 - Overriding images path with different value:  => C:\ST\STM32CubeIDE_1.13.1\STM32CubeIDE\plugins\com.st.stm32cube.common.mx_6.9.1.202307191849\\db\/plugins/mcufinder/images/
2023-09-10 12:50:46,873 [INFO] ApiDb:250 - Set database path to: C:\Users\brbar\.stmcufinder\plugins\mcufinder//mcu/
2023-09-10 12:50:46,875 [INFO] DbMcusAds:125 - Set database path to: C:\Users\brbar\.stmcufinder\plugins\mcufinder//mcu/
2023-09-10 12:50:46,878 [INFO] CrossReferenceDbSqlite:203 - Set database path to: C:\Users\brbar\.stmcufinder\plugins\mcufinder//mcu/cs/
2023-09-10 12:50:47,011 [INFO] RulesReader:64 - Compatibility file has been processed (293 Rules)
2023-09-10 12:50:47,109 [INFO] DbMcusXml:78 - Set database path to: C:\ST\STM32CubeIDE_1.13.1\STM32CubeIDE\plugins\com.st.stm32cube.common.mx_6.9.1.202307191849\\db\/mcu/
2023-09-10 12:50:47,110 [INFO] ApiDb:274 - Set plugin database path to: C:\ST\STM32CubeIDE_1.13.1\STM32CubeIDE\plugins\com.st.stm32cube.common.mx_6.9.1.202307191849\\db\/plugins/boardmanager/
2023-09-10 12:50:47,110 [INFO] ApiDb:261 - Set plugin images path to: C:\ST\STM32CubeIDE_1.13.1\STM32CubeIDE\plugins\com.st.stm32cube.common.mx_6.9.1.202307191849\\db\/plugins/mcufinder/images/
2023-09-10 12:50:47,110 [WARN] DbFile:41 - Overriding database path with different value: C:\Users\brbar\.stmcufinder\plugins\mcufinder/ => C:\Users\brbar\.stmcufinder\plugins\mcufinder
2023-09-10 12:50:47,110 [INFO] ApiDb:250 - Set database path to: C:\Users\brbar\.stmcufinder\plugins\mcufinder//mcu/
2023-09-10 12:50:47,111 [WARN] DbFile:41 - Overriding database path with different value: C:\Users\brbar\.stmcufinder\plugins\mcufinder/ => C:\Users\brbar\.stmcufinder\plugins\mcufinder
2023-09-10 12:50:47,111 [INFO] DbMcusAds:125 - Set database path to: C:\Users\brbar\.stmcufinder\plugins\mcufinder//mcu/
2023-09-10 12:50:47,111 [WARN] DbFile:41 - Overriding database path with different value: C:\Users\brbar\.stmcufinder\plugins\mcufinder/ => C:\Users\brbar\.stmcufinder\plugins\mcufinder
2023-09-10 12:50:47,111 [WARN] DbFile:41 - Overriding database path with different value: C:\Users\brbar\.stmcufinder\plugins\mcufinder/ => C:\Users\brbar\.stmcufinder\plugins\mcufinder
2023-09-10 12:50:47,111 [INFO] CrossReferenceDbSqlite:203 - Set database path to: C:\Users\brbar\.stmcufinder\plugins\mcufinder//mcu/cs/
2023-09-10 12:50:47,214 [INFO] MainPanel:262 - HeapMemory: 268435456
2023-09-10 12:50:47,318 [INFO] DbMcusXml:78 - Set database path to: C:\ST\STM32CubeIDE_1.13.1\STM32CubeIDE\plugins\com.st.stm32cube.common.mx_6.9.1.202307191849\\db\/mcu/
2023-09-10 12:50:47,319 [INFO] ApiDb:274 - Set plugin database path to: C:\ST\STM32CubeIDE_1.13.1\STM32CubeIDE\plugins\com.st.stm32cube.common.mx_6.9.1.202307191849\\db\/plugins/boardmanager/
2023-09-10 12:50:47,319 [INFO] ApiDb:261 - Set plugin images path to: C:\ST\STM32CubeIDE_1.13.1\STM32CubeIDE\plugins\com.st.stm32cube.common.mx_6.9.1.202307191849\\db\/plugins/mcufinder/images/
2023-09-10 12:50:47,320 [WARN] DbFile:41 - Overriding database path with different value: C:\Users\brbar\.stmcufinder\plugins\mcufinder/ => C:\Users\brbar\.stmcufinder\plugins\mcufinder
2023-09-10 12:50:47,320 [INFO] ApiDb:250 - Set database path to: C:\Users\brbar\.stmcufinder\plugins\mcufinder//mcu/
2023-09-10 12:50:47,320 [WARN] DbFile:41 - Overriding database path with different value: C:\Users\brbar\.stmcufinder\plugins\mcufinder/ => C:\Users\brbar\.stmcufinder\plugins\mcufinder
2023-09-10 12:50:47,320 [INFO] DbMcusAds:125 - Set database path to: C:\Users\brbar\.stmcufinder\plugins\mcufinder//mcu/
2023-09-10 12:50:47,320 [WARN] DbFile:41 - Overriding database path with different value: C:\Users\brbar\.stmcufinder\plugins\mcufinder/ => C:\Users\brbar\.stmcufinder\plugins\mcufinder
2023-09-10 12:50:47,320 [WARN] DbFile:41 - Overriding database path with different value: C:\Users\brbar\.stmcufinder\plugins\mcufinder/ => C:\Users\brbar\.stmcufinder\plugins\mcufinder
2023-09-10 12:50:47,320 [INFO] CrossReferenceDbSqlite:203 - Set database path to: C:\Users\brbar\.stmcufinder\plugins\mcufinder//mcu/cs/
2023-09-10 12:50:47,342 [INFO] ApplicationProperties:184 - Using Application install path: C:\ST\STM32CubeIDE_1.13.1\STM32CubeIDE\plugins\com.st.stm32cube.common.mx_6.9.1.202307191849
2023-09-10 12:50:47,343 [INFO] PluginManage:196 - Search for loadable plugins [exclusion list=, ]
2023-09-10 12:50:47,345 [INFO] PluginManage:310 - Check plugin analytics
2023-09-10 12:50:47,551 [INFO] AnalyticsPlugin:253 - Accepted Software Licenses: 
2023-09-10 12:50:47,551 [INFO] AnalyticsPlugin:255 - Accepted CMSIS Pack Licenses: 
2023-09-10 12:50:47,551 [INFO] AnalyticsPlugin:257 - Accepted Firmware Licenses: 
2023-09-10 12:50:47,554 [INFO] PluginManage:359 - Loaded plugin analytics (category:tool,tabindex:-1)
2023-09-10 12:50:47,555 [INFO] PluginManage:310 - Check plugin cadmodel
2023-09-10 12:50:47,562 [INFO] CADModel:105 - Init CAD model plugin
2023-09-10 12:50:47,563 [INFO] PluginManage:359 - Loaded plugin cadmodel (category:power,tabindex:5)
2023-09-10 12:50:47,563 [INFO] PluginManage:310 - Check plugin clock
2023-09-10 12:50:47,578 [INFO] PluginManage:359 - Loaded plugin clock (category:base,tabindex:2)
2023-09-10 12:50:47,578 [INFO] PluginManage:310 - Check plugin ddr
2023-09-10 12:50:47,581 [INFO] PluginManage:359 - Loaded plugin ddr (category:tool,tabindex:6)
2023-09-10 12:50:47,582 [INFO] PluginManage:310 - Check plugin filemanager
2023-09-10 12:50:47,735 [INFO] PluginManage:359 - Loaded plugin filemanager (category:base,tabindex:10)
2023-09-10 12:50:47,735 [INFO] PluginManage:310 - Check plugin ipmanager
2023-09-10 12:50:47,742 [INFO] PluginManage:359 - Loaded plugin ipmanager (category:base,tabindex:5)
2023-09-10 12:50:47,743 [INFO] PluginManage:310 - Check plugin lpbam
2023-09-10 12:50:47,758 [INFO] PluginManage:359 - Loaded plugin lpbam (category:base,tabindex:0)
2023-09-10 12:50:47,758 [INFO] PluginManage:310 - Check plugin memorymap
2023-09-10 12:50:47,772 [INFO] PluginManage:359 - Loaded plugin memorymap (category:base,tabindex:4)
2023-09-10 12:50:47,772 [INFO] PluginManage:310 - Check plugin pinoutandconfiguration
2023-09-10 12:50:47,781 [INFO] PluginManage:359 - Loaded plugin pinoutandconfiguration (category:base,tabindex:1)
2023-09-10 12:50:47,781 [INFO] PluginManage:310 - Check plugin pinoutconfig
2023-09-10 12:50:47,883 [WARN] SupportedApi:132 - Cannot load RTOS API schema: s4s-elt-must-match.1: The content of 'definitions' must match (annotation?, (simpleType | complexType)?, (unique | key | keyref)*)). A problem was found starting at: attribute.
2023-09-10 12:50:48,081 [INFO] PluginManage:359 - Loaded plugin pinoutconfig (category:base,tabindex:0)
2023-09-10 12:50:48,081 [INFO] PluginManage:310 - Check plugin power
2023-09-10 12:50:48,098 [INFO] PluginManage:359 - Loaded plugin power (category:power,tabindex:4)
2023-09-10 12:50:48,098 [INFO] PluginManage:310 - Check plugin projectmanager
2023-09-10 12:50:48,120 [INFO] PluginManage:359 - Loaded plugin projectmanager (category:projectmanager,tabindex:3)
2023-09-10 12:50:48,120 [INFO] PluginManage:310 - Check plugin thirdparty
2023-09-10 12:50:48,335 [INFO] PluginManage:359 - Loaded plugin thirdparty (category:base,tabindex:-1)
2023-09-10 12:50:48,335 [WARN] IntegrityCheckThread:84 - waiting for thirdparty lock release [integrity check]
2023-09-10 12:50:48,335 [INFO] IntegrityCheckThread:86 - entering critical section [integrity check]
2023-09-10 12:50:48,335 [INFO] PluginManage:310 - Check plugin tools
2023-09-10 12:50:48,336 [INFO] ThirdPartyUpdaterWithRetryManager:70 - Updater plugin not ready yet. [1/15]
2023-09-10 12:50:48,338 [INFO] PluginManage:359 - Loaded plugin tools (category:base,tabindex:7)
2023-09-10 12:50:48,339 [INFO] PluginManage:310 - Check plugin tutovideos
2023-09-10 12:50:48,538 [INFO] PluginManage:359 - Loaded plugin tutovideos (category:base,tabindex:-1)
2023-09-10 12:50:48,538 [INFO] PluginManage:310 - Check plugin updater
2023-09-10 12:50:48,554 [INFO] PluginManage:359 - Loaded plugin updater (category:base,tabindex:12)
2023-09-10 12:50:48,554 [INFO] PluginManage:310 - Check plugin userauth
2023-09-10 12:50:48,561 [INFO] UserAuth:113 - Init User Auth plugin
2023-09-10 12:50:48,561 [INFO] PluginManage:359 - Loaded plugin userauth (category:base,tabindex:14)
2023-09-10 12:50:48,562 [INFO] PluginManage:283 - PluginManage : Loaded plugins [17]
2023-09-10 12:50:48,816 [INFO] PinOutPanel:1499 - setPackage(No Configuration,No Configuration)
2023-09-10 12:50:48,946 [INFO] CADModel:165 - CPN selected for project level
2023-09-10 12:50:48,947 [INFO] CADModel:114 - Register for checkConnection events
2023-09-10 12:50:48,967 [INFO] IPUIPlugin:80 - create IPUIPlugin
2023-09-10 12:50:48,967 [INFO] PluginManager:220 - loadIPPluginJar : add adc
2023-09-10 12:50:48,971 [INFO] IPUIPlugin:80 - create IPUIPlugin
2023-09-10 12:50:48,971 [INFO] PluginManager:220 - loadIPPluginJar : add aes
2023-09-10 12:50:48,974 [INFO] IPUIPlugin:80 - create IPUIPlugin
2023-09-10 12:50:48,974 [INFO] PluginManager:220 - loadIPPluginJar : add can
2023-09-10 12:50:48,975 [INFO] IPUIPlugin:80 - create IPUIPlugin
2023-09-10 12:50:48,975 [INFO] PluginManager:220 - loadIPPluginJar : add comp
2023-09-10 12:50:48,978 [INFO] IPUIPlugin:80 - create IPUIPlugin
2023-09-10 12:50:48,978 [INFO] PluginManager:220 - loadIPPluginJar : add cryp
2023-09-10 12:50:48,981 [INFO] IPUIPlugin:80 - create IPUIPlugin
2023-09-10 12:50:48,981 [INFO] PluginManager:220 - loadIPPluginJar : add dfsdm
2023-09-10 12:50:48,987 [INFO] IPUIPlugin:80 - create IPUIPlugin
2023-09-10 12:50:48,988 [INFO] PluginManager:220 - loadIPPluginJar : add dma
2023-09-10 12:50:48,990 [INFO] IPUIPlugin:80 - create IPUIPlugin
2023-09-10 12:50:48,991 [INFO] PluginManager:220 - loadIPPluginJar : add dma3
2023-09-10 12:50:48,993 [INFO] IPUIPlugin:80 - create IPUIPlugin
2023-09-10 12:50:48,993 [INFO] PluginManager:220 - loadIPPluginJar : add fatfs
2023-09-10 12:50:48,998 [INFO] IPUIPlugin:80 - create IPUIPlugin
2023-09-10 12:50:48,998 [INFO] PluginManager:220 - loadIPPluginJar : add fmc
2023-09-10 12:50:49,006 [INFO] IPUIPlugin:80 - create IPUIPlugin
2023-09-10 12:50:49,006 [INFO] PluginManager:220 - loadIPPluginJar : add freertos
2023-09-10 12:50:49,008 [INFO] IPUIPlugin:80 - create IPUIPlugin
2023-09-10 12:50:49,008 [INFO] PluginManager:220 - loadIPPluginJar : add genericplugin
2023-09-10 12:50:49,010 [INFO] IPUIPlugin:80 - create IPUIPlugin
2023-09-10 12:50:49,010 [INFO] PluginManager:220 - loadIPPluginJar : add gfxmmu
2023-09-10 12:50:49,015 [INFO] IPUIPlugin:80 - create IPUIPlugin
2023-09-10 12:50:49,016 [INFO] PluginManager:220 - loadIPPluginJar : add gic
2023-09-10 12:50:49,022 [INFO] IPUIPlugin:80 - create IPUIPlugin
2023-09-10 12:50:49,022 [INFO] PluginManager:220 - loadIPPluginJar : add gpio
2023-09-10 12:50:49,025 [INFO] IPUIPlugin:80 - create IPUIPlugin
2023-09-10 12:50:49,025 [INFO] PluginManager:220 - loadIPPluginJar : add gtzc
2023-09-10 12:50:49,028 [INFO] IPUIPlugin:80 - create IPUIPlugin
2023-09-10 12:50:49,028 [INFO] PluginManager:220 - loadIPPluginJar : add hash
2023-09-10 12:50:49,031 [INFO] IPUIPlugin:80 - create IPUIPlugin
2023-09-10 12:50:49,031 [INFO] PluginManager:220 - loadIPPluginJar : add i2c
2023-09-10 12:50:49,035 [INFO] IPUIPlugin:80 - create IPUIPlugin
2023-09-10 12:50:49,035 [INFO] PluginManager:220 - loadIPPluginJar : add i2s
2023-09-10 12:50:49,038 [INFO] IPUIPlugin:80 - create IPUIPlugin
2023-09-10 12:50:49,038 [INFO] PluginManager:220 - loadIPPluginJar : add i3c
2023-09-10 12:50:49,042 [INFO] IPUIPlugin:80 - create IPUIPlugin
2023-09-10 12:50:49,042 [INFO] PluginManager:220 - loadIPPluginJar : add ipddr
2023-09-10 12:50:49,052 [INFO] IPUIPlugin:80 - create IPUIPlugin
2023-09-10 12:50:49,052 [INFO] PluginManager:220 - loadIPPluginJar : add linkedlist
2023-09-10 12:50:49,055 [INFO] IPUIPlugin:80 - create IPUIPlugin
2023-09-10 12:50:49,056 [INFO] PluginManager:220 - loadIPPluginJar : add lorawan
2023-09-10 12:50:49,057 [INFO] IPUIPlugin:80 - create IPUIPlugin
2023-09-10 12:50:49,058 [INFO] PluginManager:220 - loadIPPluginJar : add ltdc
2023-09-10 12:50:49,065 [INFO] IPUIPlugin:80 - create IPUIPlugin
2023-09-10 12:50:49,065 [INFO] PluginManager:220 - loadIPPluginJar : add mdma
2023-09-10 12:50:49,070 [INFO] IPUIPlugin:80 - create IPUIPlugin
2023-09-10 12:50:49,070 [INFO] PluginManager:220 - loadIPPluginJar : add nvic
2023-09-10 12:50:49,073 [INFO] IPUIPlugin:80 - create IPUIPlugin
2023-09-10 12:50:49,074 [INFO] PluginManager:220 - loadIPPluginJar : add opamp
2023-09-10 12:50:49,077 [INFO] IPUIPlugin:80 - create IPUIPlugin
2023-09-10 12:50:49,077 [INFO] PluginManager:220 - loadIPPluginJar : add openamp
2023-09-10 12:50:49,081 [INFO] IPUIPlugin:80 - create IPUIPlugin
2023-09-10 12:50:49,081 [INFO] PluginManager:220 - loadIPPluginJar : add pdm2pcm
2023-09-10 12:50:49,088 [INFO] IPUIPlugin:80 - create IPUIPlugin
2023-09-10 12:50:49,091 [INFO] PluginManager:220 - loadIPPluginJar : add plateformsettings
2023-09-10 12:50:49,093 [INFO] IPUIPlugin:80 - create IPUIPlugin
2023-09-10 12:50:49,093 [INFO] PluginManager:220 - loadIPPluginJar : add quadspi
2023-09-10 12:50:49,098 [INFO] IPUIPlugin:80 - create IPUIPlugin
2023-09-10 12:50:49,098 [INFO] PluginManager:220 - loadIPPluginJar : add resmgrutility
2023-09-10 12:50:49,103 [INFO] IPUIPlugin:80 - create IPUIPlugin
2023-09-10 12:50:49,103 [INFO] PluginManager:220 - loadIPPluginJar : add sai
2023-09-10 12:50:49,106 [INFO] IPUIPlugin:80 - create IPUIPlugin
2023-09-10 12:50:49,106 [INFO] PluginManager:220 - loadIPPluginJar : add spi
2023-09-10 12:50:49,110 [INFO] IPUIPlugin:80 - create IPUIPlugin
2023-09-10 12:50:49,111 [INFO] PluginManager:220 - loadIPPluginJar : add stm32_wpan
2023-09-10 12:50:49,112 [INFO] IPUIPlugin:80 - create IPUIPlugin
2023-09-10 12:50:49,112 [INFO] PluginManager:220 - loadIPPluginJar : add tim
2023-09-10 12:50:49,116 [INFO] IPUIPlugin:80 - create IPUIPlugin
2023-09-10 12:50:49,116 [INFO] PluginManager:220 - loadIPPluginJar : add touchsensing
2023-09-10 12:50:49,118 [INFO] IPUIPlugin:80 - create IPUIPlugin
2023-09-10 12:50:49,118 [INFO] PluginManager:220 - loadIPPluginJar : add tracer_emb
2023-09-10 12:50:49,120 [INFO] IPUIPlugin:80 - create IPUIPlugin
2023-09-10 12:50:49,120 [INFO] PluginManager:220 - loadIPPluginJar : add ts
2023-09-10 12:50:49,122 [INFO] IPUIPlugin:80 - create IPUIPlugin
2023-09-10 12:50:49,122 [INFO] PluginManager:220 - loadIPPluginJar : add tsc
2023-09-10 12:50:49,124 [INFO] IPUIPlugin:80 - create IPUIPlugin
2023-09-10 12:50:49,124 [INFO] PluginManager:220 - loadIPPluginJar : add ucpd
2023-09-10 12:50:49,126 [INFO] IPUIPlugin:80 - create IPUIPlugin
2023-09-10 12:50:49,126 [INFO] PluginManager:220 - loadIPPluginJar : add usart
2023-09-10 12:50:49,130 [INFO] IPUIPlugin:80 - create IPUIPlugin
2023-09-10 12:50:49,130 [INFO] PluginManager:220 - loadIPPluginJar : add usbx
2023-09-10 12:50:49,260 [INFO] CADModel:165 - CPN selected for project level
2023-09-10 12:50:49,261 [INFO] CADModel:114 - Register for checkConnection events
2023-09-10 12:50:49,261 [FATAL] Updater:308 - Updater called before beeing initialized
2023-09-10 12:50:49,261 [ERROR] CADModel:125 - Updater not yet initialized, retry later 
2023-09-10 12:50:49,486 [INFO] CADModel:165 - CPN selected for project level
2023-09-10 12:50:49,486 [INFO] CADModel:114 - Register for checkConnection events
2023-09-10 12:50:49,486 [FATAL] Updater:308 - Updater called before beeing initialized
2023-09-10 12:50:49,486 [ERROR] CADModel:125 - Updater not yet initialized, retry later 
2023-09-10 12:50:49,491 [FATAL] Updater:308 - Updater called before beeing initialized
2023-09-10 12:50:49,628 [FATAL] Updater:308 - Updater called before beeing initialized
2023-09-10 12:50:49,637 [INFO] DbMcusAds:53 - JSON generation date=Tue Mar 07 10:50:55 EET 2023 (1678179055114)
2023-09-10 12:50:49,637 [FATAL] Updater:308 - Updater called before beeing initialized
2023-09-10 12:50:49,719 [WARN] DetailPanel:346 - Failed to get advertising image, set to default
2023-09-10 12:50:49,816 [FATAL] Updater:308 - Updater called before beeing initialized
2023-09-10 12:50:49,819 [FATAL] Updater:308 - Updater called before beeing initialized
2023-09-10 12:50:49,819 [FATAL] Updater:308 - Updater called before beeing initialized
2023-09-10 12:50:49,819 [WARN] DetailPanel:346 - Failed to get advertising image, set to default
2023-09-10 12:50:49,820 [FATAL] Updater:308 - Updater called before beeing initialized
2023-09-10 12:50:49,882 [ERROR] Updater:1120 - MainUpdater not yet initialized. External WinMGr cannot be set.
2023-09-10 12:50:49,885 [INFO] Updater:1056 - Updater Version found : 6.9.1
2023-09-10 12:50:49,913 [INFO] ApplicationProperties:184 - Using Application install path: C:\ST\STM32CubeIDE_1.13.1\STM32CubeIDE\plugins\com.st.stm32cube.common.mx_6.9.1.202307191849
2023-09-10 12:50:51,339 [INFO] ThirdPartyUpdaterWithRetryManager:70 - Updater plugin not ready yet. [2/15]
2023-09-10 12:50:52,347 [ERROR] ConfigurationRetriever:142 - IOException on connection: Read timed out
2023-09-10 12:50:52,884 [INFO] MainUpdater:2868 - connection check result : 10
2023-09-10 12:50:52,886 [INFO] MainUpdater:3562 - Updater definition file requires update
2023-09-10 12:50:52,888 [INFO] MainUpdater:285 - Updater Check For Update Now.
2023-09-10 12:50:52,889 [INFO] MicroXplorer:498 - Change Database Version : DB.6.0.91
2023-09-10 12:50:52,907 [INFO] McuFinderGlobals:63 - Set McuFinder mode to 2 (CubeIDE integrated)
2023-09-10 12:50:53,561 [INFO] ServerAccessManage:473 - Download File updaters.zip
2023-09-10 12:50:53,640 [ERROR] ConfigurationRetriever:142 - IOException on connection: Read timed out
2023-09-10 12:50:54,340 [WARN] MainUpdater:1189 - Updater busy. Cannot search thirdparties
2023-09-10 12:50:54,340 [INFO] ThirdPartyUpdaterWithRetryManager:96 - Updater plugin is busy. [1/15]
2023-09-10 12:50:54,898 [ERROR] ConfigurationRetriever:142 - IOException on connection: Read timed out
2023-09-10 12:50:57,341 [WARN] MainUpdater:1189 - Updater busy. Cannot search thirdparties
2023-09-10 12:50:57,341 [INFO] ThirdPartyUpdaterWithRetryManager:96 - Updater plugin is busy. [2/15]
2023-09-10 12:51:00,343 [WARN] MainUpdater:1189 - Updater busy. Cannot search thirdparties
2023-09-10 12:51:00,344 [INFO] ThirdPartyUpdaterWithRetryManager:96 - Updater plugin is busy. [3/15]
2023-09-10 12:51:03,349 [WARN] MainUpdater:1189 - Updater busy. Cannot search thirdparties
2023-09-10 12:51:03,349 [INFO] ThirdPartyUpdaterWithRetryManager:96 - Updater plugin is busy. [4/15]
2023-09-10 12:51:06,356 [WARN] MainUpdater:1189 - Updater busy. Cannot search thirdparties
2023-09-10 12:51:06,356 [INFO] ThirdPartyUpdaterWithRetryManager:96 - Updater plugin is busy. [5/15]
2023-09-10 12:51:09,367 [WARN] MainUpdater:1189 - Updater busy. Cannot search thirdparties
2023-09-10 12:51:09,368 [INFO] ThirdPartyUpdaterWithRetryManager:96 - Updater plugin is busy. [6/15]
2023-09-10 12:51:12,377 [WARN] MainUpdater:1189 - Updater busy. Cannot search thirdparties
2023-09-10 12:51:12,377 [INFO] ThirdPartyUpdaterWithRetryManager:96 - Updater plugin is busy. [7/15]
2023-09-10 12:51:15,382 [WARN] MainUpdater:1189 - Updater busy. Cannot search thirdparties
2023-09-10 12:51:15,382 [INFO] ThirdPartyUpdaterWithRetryManager:96 - Updater plugin is busy. [8/15]
2023-09-10 12:51:17,127 [INFO] FileExtend:240 - Unzip File : updaters.zip
2023-09-10 12:51:17,127 [INFO] FileExtend:255 - Standard Zip Deflate
2023-09-10 12:51:18,398 [WARN] MainUpdater:1189 - Updater busy. Cannot search thirdparties
2023-09-10 12:51:18,398 [INFO] ThirdPartyUpdaterWithRetryManager:96 - Updater plugin is busy. [9/15]
2023-09-10 12:51:21,300 [ERROR] LogOutputStream:75 - [STDERR_REDIRECT] SLF4J: Failed to load class "org.slf4j.impl.StaticLoggerBinder".
2023-09-10 12:51:21,310 [ERROR] LogOutputStream:75 - [STDERR_REDIRECT] SLF4J: Defaulting to no-operation (NOP) logger implementation
2023-09-10 12:51:21,317 [ERROR] LogOutputStream:75 - [STDERR_REDIRECT] SLF4J: See http://www.slf4j.org/codes.html#StaticLoggerBinder for further details.
2023-09-10 12:51:21,401 [WARN] MainUpdater:1189 - Updater busy. Cannot search thirdparties
2023-09-10 12:51:21,401 [INFO] ThirdPartyUpdaterWithRetryManager:96 - Updater plugin is busy. [10/15]
2023-09-10 12:51:24,410 [WARN] MainUpdater:1189 - Updater busy. Cannot search thirdparties
2023-09-10 12:51:24,410 [INFO] ThirdPartyUpdaterWithRetryManager:96 - Updater plugin is busy. [11/15]
2023-09-10 12:51:27,418 [WARN] MainUpdater:1189 - Updater busy. Cannot search thirdparties
2023-09-10 12:51:27,418 [INFO] ThirdPartyUpdaterWithRetryManager:96 - Updater plugin is busy. [12/15]
2023-09-10 12:51:30,430 [WARN] MainUpdater:1189 - Updater busy. Cannot search thirdparties
2023-09-10 12:51:30,431 [INFO] ThirdPartyUpdaterWithRetryManager:96 - Updater plugin is busy. [13/15]
2023-09-10 12:51:33,445 [WARN] MainUpdater:1189 - Updater busy. Cannot search thirdparties
2023-09-10 12:51:33,445 [INFO] ThirdPartyUpdaterWithRetryManager:96 - Updater plugin is busy. [14/15]
2023-09-10 12:51:34,586 [INFO] ServerAccessManage:473 - Download File PacksControlFlags.xml
2023-09-10 12:51:36,452 [WARN] MainUpdater:1189 - Updater busy. Cannot search thirdparties
2023-09-10 12:51:36,452 [INFO] ThirdPartyUpdaterWithRetryManager:96 - Updater plugin is busy. [15/15]
2023-09-10 12:51:36,452 [ERROR] IntegrityCheckThread:130 - Cannot retrieve database content from updater: error -1
2023-09-10 12:51:36,452 [INFO] ThirdParty:978 - Integrity check success = false
2023-09-10 12:51:36,452 [INFO] IntegrityCheckThread:100 - exiting critical section [integrity check]
2023-09-10 12:51:36,452 [INFO] IntegrityCheckThread:103 - End integrity checks thread
2023-09-10 12:51:41,755 [INFO] ServerAccessManage:473 - Download File cubemx.pidx
2023-09-10 12:52:09,983 [INFO] ServerAccessManage:473 - Download File STMicroelectronics.FP-SNS-SMARTAG2.pdsc
2023-09-10 12:52:13,196 [INFO] ServerAccessManage:473 - Download File STMicroelectronics.X-CUBE-NFC6.pdsc
2023-09-10 12:52:15,855 [ERROR] ServerAccessManage:1096 - Problem, Http access forbiden
2023-09-10 12:52:15,857 [ERROR] ServerAccessManage:651 - Problem, Http access forbiden : RoweBots.I-CUBE-UNISONRTOS.pdsc.
2023-09-10 12:52:16,086 [WARN] PackLoader:240 - Cannot read IP mode file for STMicroelectronics.FP-SNS-SMARTAG2.1.2.0
2023-09-10 12:52:16,107 [WARN] PackLoader:240 - Cannot read IP mode file for STMicroelectronics.X-CUBE-NFC6.3.0.0
2023-09-10 12:52:16,111 [INFO] PopulateThirdPartyThread:66 - Ending populate Thread
2023-09-10 12:52:16,113 [INFO] ThirdParty:1030 - CMSIS Pack Vendor :STMicroelectronics FP-SNS-SMARTAG2 1.2.0
2023-09-10 12:52:16,113 [INFO] ThirdParty:1030 - CMSIS Pack Vendor :STMicroelectronics X-CUBE-NFC6 3.0.0
2023-09-10 12:52:16,113 [INFO] LoadServerUpdatesThread:373 - End of LoadServerUpdate Thread
2023-09-10 12:52:16,180 [INFO] CheckServerUpdateThread:120 - End of CheckServer Thread
2023-09-10 12:52:26,748 [INFO] McuFinderGlobals:63 - Set McuFinder mode to 2 (CubeIDE integrated)
2023-09-10 12:52:26,752 [INFO] MainUpdater:2868 - connection check result : 10
2023-09-10 12:52:26,756 [INFO] McuFinderGlobals:76 - Set McuFinderConnectedMode to true
2023-09-10 12:52:28,861 [INFO] ServerAccessManage:473 - Download File mcusAds.json._tmp_
2023-09-10 12:52:28,986 [INFO] LoadUrlFilesThread:156 - End of LoadUrlFiles Thread
2023-09-10 12:52:31,246 [INFO] ServerAccessManage:473 - Download File cube-finder-db.zip
2023-09-10 12:52:39,982 [ERROR] ServerAccessManage:651 - User Cancel Download : cube-finder-db.zip.
2023-09-10 12:52:40,083 [INFO] LoadUrlFilesThread:156 - End of LoadUrlFiles Thread
2023-09-10 12:52:40,402 [INFO] DbMcusAds:53 - JSON generation date=Tue Mar 07 10:50:55 EET 2023 (1678179055114)
2023-09-10 12:52:40,427 [ERROR] TargetSelectorAdapter:267 - Unable to refresh data
2023-09-10 12:52:40,972 [INFO] ApiDb:581 - Connected to CubeFinder SQLite database (C:\Users\brbar\.stmcufinder\plugins\mcufinder\mcu\cube-finder-db.db)
2023-09-10 12:52:41,079 [INFO] ApiDb:668 - CubeFinder database Data Model version=2.1
2023-09-10 12:52:41,079 [INFO] ApiDb:669 - CubeFinder database Configuration version=3.0.37
2023-09-10 12:52:41,079 [INFO] ApiDb:670 - CubeFinder database generation date=2023-08-09 (1691586011)
2023-09-10 12:52:41,080 [INFO] ApiDb:671 - CubeFinder database FW Pack versions=[FP-ATR-ASTRA1_V2.0.0, FP-SNS-FLIGHT1_V5.0.1, FP-SNS-FLIGHT1_V5.0.2, FP-SNS-MOTENV1_V4.3.1, FP-SNS-MOTENV1_V4.3.2, STM32Cube_FW_C0_V1.1.0, STM32Cube_FW_F4_V1.27.1, STM32Cube_FW_F7_V1.17.0, STM32Cube_FW_G0_V1.6.1, STM32Cube_FW_G4_V1.5.1, STM32Cube_FW_H5_V0.5.1, STM32Cube_FW_H5_V1.1.0, STM32Cube_FW_H7_V1.11.0, STM32Cube_FW_L0_V1.12.2, STM32Cube_FW_L5_V1.5.0, STM32Cube_FW_U5_V1.3.0, STM32Cube_FW_U5_V1.3.0RC4, STM32Cube_FW_WBA_V1.0.0RC1, STM32Cube_FW_WBA_V1.1.0, STM32Cube_FW_WBA_V1.1.0RC1, STM32Cube_FW_WB_V1.15.0RC1, STM32Cube_FW_WB_V1.16.0, STM32Cube_FW_WB_V1.16.0RC2, STM32Cube_FW_WB_V1.17.0, STM32Cube_FW_WL_V1.3.0, X-CUBE-ALGOBUILD_V1.3.0, X-CUBE-ALS_V1.0.1, X-CUBE-AZRTOS-F4_V1.1.0, X-CUBE-AZRTOS-F7_V1.1.0, X-CUBE-AZRTOS-G0_V1.1.0, X-CUBE-AZRTOS-G4_V2.0.0, X-CUBE-AZRTOS-H7_V3.1.0, X-CUBE-AZRTOS-L4_V1.0.0, X-CUBE-AZRTOS-L4_V2.0.0, X-CUBE-AZRTOS-L5_V1.1.0, X-CUBE-AZRTOS-WB_V1.1.0, X-CUBE-AZRTOS-WL_V2.0.0, X-CUBE-BLE1_V7.0.0, X-CUBE-BLE2_V3.3.0, X-CUBE-BLEMGR_V2.0.0, X-CUBE-EEPRMA1_V4.1.0, X-CUBE-FREERTOS_V1.1.0, X-CUBE-GNSS1_V6.0.0, X-CUBE-MEMS1_V9.1.0, X-CUBE-MEMS1_V9.4.0, X-CUBE-MEMS1_V9.6.0, X-CUBE-NFC4_V3.0.0, X-CUBE-NFC7_V1.0.0, X-CUBE-SFXS2LP1_V4.0.0, X-CUBE-SUBG2_V5.0.0, X-CUBE-TOF1_V3.3.1]
2023-09-10 12:52:41,245 [INFO] DbBoardsSqlite:226 - include board P-NUCLEO-WB55-NUCLEO as a kit item of type 'Nucleo-64'
2023-09-10 12:52:41,245 [INFO] DbBoardsSqlite:226 - include board P-NUCLEO-WB55-USBDONGLE as a kit item of type 'Nucleo USB Dongle'
2023-09-10 12:52:41,247 [INFO] DbBoardsSqlite:226 - include board STEVAL-IDP005V1 as a kit item of type 'Evaluation Board'
2023-09-10 12:52:41,247 [INFO] DbBoardsSqlite:226 - include board STEVAL-IDP005V2 as a kit item of type 'Evaluation Board'
2023-09-10 12:52:41,865 [INFO] ApiDb:240 - Found 323 in-development CPN: [B-G473E-ZEST1S, B-WB1M-WPAN1, B-WL5M-SUBG1, NUCLEO-C031C6, NUCLEO-H503RB, NUCLEO-H563ZI, NUCLEO-U545RE-Q, NUCLEO-U5A5ZJ-Q, NUCLEO-WBA52CG, STEVAL-PROTEUS1, STEVAL-SMARTAG2, STEVAL-STWINBX1, STM320518-EVAL, STM32C0116-DK, STM32C011D6Y3TR, STM32C011D6Y6TR, STM32C011F4P3, STM32C011F4P6, STM32C011F4U3, STM32C011F4U6TR, STM32C011F6P3, STM32C011F6P6, STM32C011F6U3, STM32C011F6U6TR, STM32C011J4M3, STM32C011J4M6, STM32C011J6M3, STM32C011J6M6, STM32C0316-DK, STM32C031C4T3, STM32C031C4T6, STM32C031C4U3, STM32C031C4U6, STM32C031C6T3, STM32C031C6T6, STM32C031C6U3, STM32C031C6U6, STM32C031F4P3, STM32C031F4P6, STM32C031F6P3, STM32C031F6P6, STM32C031G4U3, STM32C031G4U6, STM32C031G6U3, STM32C031G6U6, STM32C031K4T3, STM32C031K4T6, STM32C031K4U3, STM32C031K4U6, STM32C031K6T3, STM32C031K6T6, STM32C031K6U3, STM32C031K6U6, STM32G071K8TXN, STM32G071K8UXN, STM32G081GBU6N, STM32G081KBT6N, STM32G081KBUXN, STM32G0B1CCT6N, STM32G0B1KCT6, STM32G0B1NEY6TR, STM32G0B1RCT6N, STM32G0C1CCT6, STM32G0C1CCT6N, STM32G0C1CCU6N, STM32G0C1CET6N, STM32G0C1CEU6N, STM32G0C1KCT6, STM32G0C1NEY6TR, STM32G0C1RCI6N, STM32G0C1RCT6N, STM32G0C1REI6N, STM32G0C1RET6N, STM32G0C1VCI6, STM32G0C1VEI6, STM32G471CCT6, STM32G471CCU6, STM32G471CET3, STM32G471CET6, STM32G471CEU3, STM32G471CEU6, STM32G471MCT6, STM32G471MET3, STM32G471MET6, STM32G471MEY6TR, STM32G471QCT6, STM32G471QET3, STM32G471RCT6, STM32G471RET3, STM32G471RET6, STM32G471VCH6, STM32G471VCI6, STM32G471VCT6, STM32G471VEH3, STM32G471VEH6, STM32G471VEI3, STM32G471VEI6, STM32G471VET3, STM32G471VET6, STM32G474CCT6, STM32H503CBT6, STM32H503CBU6, STM32H503EBY6TR, STM32H503KBU6, STM32H503RBT6, STM32H562AGI6, STM32H562AII6, STM32H562IGK6, STM32H562IGT6, STM32H562IIK6, STM32H562IIT6, STM32H562RGT6, STM32H562RGV6, STM32H562RIT6, STM32H562RIV6, STM32H562VGT6, STM32H562VIT6, STM32H562ZGT6, STM32H562ZIT6, STM32H563AGI6, STM32H563AII3Q, STM32H563AII6, STM32H563IGK6, STM32H563IGT6, STM32H563IIK3Q, STM32H563IIK6, STM32H563IIT3Q, STM32H563IIT6, STM32H563MIY3QTR, STM32H563RGT6, STM32H563RGV6, STM32H563RIT6, STM32H563RIV6, STM32H563VGT6, STM32H563VIT3Q, STM32H563VIT6, STM32H563ZGT6, STM32H563ZIT3Q, STM32H563ZIT6, STM32H573AII3Q, STM32H573AII6, STM32H573I-DK, STM32H573IIK3Q, STM32H573IIK6, STM32H573IIT3Q, STM32H573IIT6, STM32H573MIY3QTR, STM32H573RIT6, STM32H573RIV6, STM32H573VIT3Q, STM32H573VIT6, STM32H573ZIT3Q, STM32H573ZIT6, STM32L4R5QGI6STR, STM32MP131AAE3, STM32MP131AAF3, STM32MP131AAG3, STM32MP131CAE3, STM32MP131CAF3, STM32MP131CAG3, STM32MP131DAE7, STM32MP131DAF7, STM32MP131DAG7, STM32MP131FAE7, STM32MP131FAF7, STM32MP131FAG7, STM32MP133AAE3, STM32MP133AAF3, STM32MP133AAG3, STM32MP133CAE3, STM32MP133CAF3, STM32MP133CAG3, STM32MP133DAE7, STM32MP133DAF7, STM32MP133DAG7, STM32MP133FAE7, STM32MP133FAF7, STM32MP133FAG7, STM32MP135AAE3, STM32MP135AAF3, STM32MP135AAG3, STM32MP135CAE3, STM32MP135CAF3, STM32MP135CAG3, STM32MP135DAE7, STM32MP135DAF7, STM32MP135DAG7, STM32MP135F-DK, STM32MP135FAE7, STM32MP135FAF7, STM32MP135FAF7T, STM32MP135FAF7U, STM32MP135FAG7, STM32U535CBT6, STM32U535CBT6Q, STM32U535CBU6, STM32U535CBU6Q, STM32U535CCT6, STM32U535CCT6Q, STM32U535CCU6, STM32U535CCU6Q, STM32U535CET6, STM32U535CET6Q, STM32U535CEU6, STM32U535CEU6Q, STM32U535JEY6QTR, STM32U535NCY6QTR, STM32U535NEY6QTR, STM32U535RBI6, STM32U535RBI6Q, STM32U535RBT6, STM32U535RBT6Q, STM32U535RCI6, STM32U535RCI6Q, STM32U535RCT6, STM32U535RCT6Q, STM32U535REI6, STM32U535REI6Q, STM32U535RET6, STM32U535RET6Q, STM32U535VCI6, STM32U535VCI6Q, STM32U535VCT6, STM32U535VCT6Q, STM32U535VEI6, STM32U535VEI6Q, STM32U535VET6, STM32U535VET6Q, STM32U545CET6, STM32U545CET6Q, STM32U545CEU6, STM32U545CEU6Q, STM32U545JEY6QTR, STM32U545NEY6QTR, STM32U545REI6, STM32U545REI6Q, STM32U545RET6, STM32U545RET6Q, STM32U545VEI6, STM32U545VEI6Q, STM32U545VET6, STM32U545VET6Q, STM32U595AIH6, STM32U595AIH6Q, STM32U595AJH6, STM32U595AJH6Q, STM32U595QII6, STM32U595QII6Q, STM32U595QJI6, STM32U595QJI6Q, STM32U595RIT6, STM32U595RIT6Q, STM32U595RJT6, STM32U595RJT6Q, STM32U595VIT6, STM32U595VIT6Q, STM32U595VJT6, STM32U595VJT6Q, STM32U595ZIT6, STM32U595ZIT6Q, STM32U595ZIY6QTR, STM32U595ZJT6, STM32U595ZJT6Q, STM32U595ZJY6QTR, STM32U599BJY6QTR, STM32U599NIH6Q, STM32U599NJH6Q, STM32U599VIT6Q, STM32U599VJT6, STM32U599VJT6Q, STM32U599ZIT6Q, STM32U599ZIY6QTR, STM32U599ZJT6Q, STM32U599ZJY6QTR, STM32U5A5AJH6, STM32U5A5AJH6Q, STM32U5A5QJI6, STM32U5A5QJI6Q, STM32U5A5RJT6, STM32U5A5RJT6Q, STM32U5A5VJT6, STM32U5A5VJT6Q, STM32U5A5ZJT6, STM32U5A5ZJT6Q, STM32U5A5ZJY6QTR, STM32U5A9BJY6QTR, STM32U5A9J-DK, STM32U5A9NJH6Q, STM32U5A9VJT6Q, STM32U5A9ZJT6Q, STM32U5A9ZJY6QTR, STM32U5F7VIT6, STM32U5F7VIT6Q, STM32U5F7VJT6, STM32U5F7VJT6Q, STM32U5F9BJY6QTR, STM32U5F9NJH6Q, STM32U5F9VIT6Q, STM32U5F9VJT6Q, STM32U5F9ZIJ6QTR, STM32U5F9ZIT6Q, STM32U5F9ZJJ6QTR, STM32U5F9ZJT6Q, STM32U5G7VJT6, STM32U5G7VJT6Q, STM32U5G9BJY6QTR, STM32U5G9J-DK1, STM32U5G9J-DK2, STM32U5G9NJH6Q, STM32U5G9VJT6Q, STM32U5G9ZJJ6QTR, STM32U5G9ZJT6Q, STM32WB1MMCH6, STM32WBA52CEU6, STM32WBA52CEU6T, STM32WBA52CGU6, STM32WBA52CGU6T, STM32WBA52KEU6, STM32WBA52KEU6T, STM32WBA52KGU6, STM32WBA52KGU6T, STM32WL5MOCH6, STM32WL5MOCH6TR]
2023-09-10 12:52:42,040 [INFO] BoardInfo:880 - No configuration file found for board P-NUCLEO-WB55
2023-09-10 12:52:42,040 [INFO] DbBoards:157 - Kit is not supported: P-NUCLEO-WB55
2023-09-10 12:52:42,045 [INFO] BoardInfo:880 - No configuration file found for board STEVAL-BFA001V1B
2023-09-10 12:52:42,045 [INFO] DbBoards:157 - Kit is not supported: STEVAL-BFA001V1B
2023-09-10 12:52:42,046 [INFO] BoardInfo:880 - No configuration file found for board STEVAL-BFA001V2B
2023-09-10 12:52:42,046 [INFO] DbBoards:157 - Kit is not supported: STEVAL-BFA001V2B
2023-09-10 12:52:42,183 [INFO] DbBoards:161 - Found 190 boards, 187 are supported
2023-09-10 12:52:42,189 [INFO] ApiDb:668 - CubeFinder database Data Model version=2.1
2023-09-10 12:52:42,189 [INFO] ApiDb:669 - CubeFinder database Configuration version=3.0.37
2023-09-10 12:52:42,189 [INFO] ApiDb:670 - CubeFinder database generation date=2023-08-09 (1691586011)
2023-09-10 12:52:42,189 [INFO] ApiDb:671 - CubeFinder database FW Pack versions=[FP-ATR-ASTRA1_V2.0.0, FP-SNS-FLIGHT1_V5.0.1, FP-SNS-FLIGHT1_V5.0.2, FP-SNS-MOTENV1_V4.3.1, FP-SNS-MOTENV1_V4.3.2, STM32Cube_FW_C0_V1.1.0, STM32Cube_FW_F4_V1.27.1, STM32Cube_FW_F7_V1.17.0, STM32Cube_FW_G0_V1.6.1, STM32Cube_FW_G4_V1.5.1, STM32Cube_FW_H5_V0.5.1, STM32Cube_FW_H5_V1.1.0, STM32Cube_FW_H7_V1.11.0, STM32Cube_FW_L0_V1.12.2, STM32Cube_FW_L5_V1.5.0, STM32Cube_FW_U5_V1.3.0, STM32Cube_FW_U5_V1.3.0RC4, STM32Cube_FW_WBA_V1.0.0RC1, STM32Cube_FW_WBA_V1.1.0, STM32Cube_FW_WBA_V1.1.0RC1, STM32Cube_FW_WB_V1.15.0RC1, STM32Cube_FW_WB_V1.16.0, STM32Cube_FW_WB_V1.16.0RC2, STM32Cube_FW_WB_V1.17.0, STM32Cube_FW_WL_V1.3.0, X-CUBE-ALGOBUILD_V1.3.0, X-CUBE-ALS_V1.0.1, X-CUBE-AZRTOS-F4_V1.1.0, X-CUBE-AZRTOS-F7_V1.1.0, X-CUBE-AZRTOS-G0_V1.1.0, X-CUBE-AZRTOS-G4_V2.0.0, X-CUBE-AZRTOS-H7_V3.1.0, X-CUBE-AZRTOS-L4_V1.0.0, X-CUBE-AZRTOS-L4_V2.0.0, X-CUBE-AZRTOS-L5_V1.1.0, X-CUBE-AZRTOS-WB_V1.1.0, X-CUBE-AZRTOS-WL_V2.0.0, X-CUBE-BLE1_V7.0.0, X-CUBE-BLE2_V3.3.0, X-CUBE-BLEMGR_V2.0.0, X-CUBE-EEPRMA1_V4.1.0, X-CUBE-FREERTOS_V1.1.0, X-CUBE-GNSS1_V6.0.0, X-CUBE-MEMS1_V9.1.0, X-CUBE-MEMS1_V9.4.0, X-CUBE-MEMS1_V9.6.0, X-CUBE-NFC4_V3.0.0, X-CUBE-NFC7_V1.0.0, X-CUBE-SFXS2LP1_V4.0.0, X-CUBE-SUBG2_V5.0.0, X-CUBE-TOF1_V3.3.1]
2023-09-10 12:52:44,203 [INFO] ApiDb:240 - Found 323 in-development CPN: [B-G473E-ZEST1S, B-WB1M-WPAN1, B-WL5M-SUBG1, NUCLEO-C031C6, NUCLEO-H503RB, NUCLEO-H563ZI, NUCLEO-U545RE-Q, NUCLEO-U5A5ZJ-Q, NUCLEO-WBA52CG, STEVAL-PROTEUS1, STEVAL-SMARTAG2, STEVAL-STWINBX1, STM320518-EVAL, STM32C0116-DK, STM32C011D6Y3TR, STM32C011D6Y6TR, STM32C011F4P3, STM32C011F4P6, STM32C011F4U3, STM32C011F4U6TR, STM32C011F6P3, STM32C011F6P6, STM32C011F6U3, STM32C011F6U6TR, STM32C011J4M3, STM32C011J4M6, STM32C011J6M3, STM32C011J6M6, STM32C0316-DK, STM32C031C4T3, STM32C031C4T6, STM32C031C4U3, STM32C031C4U6, STM32C031C6T3, STM32C031C6T6, STM32C031C6U3, STM32C031C6U6, STM32C031F4P3, STM32C031F4P6, STM32C031F6P3, STM32C031F6P6, STM32C031G4U3, STM32C031G4U6, STM32C031G6U3, STM32C031G6U6, STM32C031K4T3, STM32C031K4T6, STM32C031K4U3, STM32C031K4U6, STM32C031K6T3, STM32C031K6T6, STM32C031K6U3, STM32C031K6U6, STM32G071K8TXN, STM32G071K8UXN, STM32G081GBU6N, STM32G081KBT6N, STM32G081KBUXN, STM32G0B1CCT6N, STM32G0B1KCT6, STM32G0B1NEY6TR, STM32G0B1RCT6N, STM32G0C1CCT6, STM32G0C1CCT6N, STM32G0C1CCU6N, STM32G0C1CET6N, STM32G0C1CEU6N, STM32G0C1KCT6, STM32G0C1NEY6TR, STM32G0C1RCI6N, STM32G0C1RCT6N, STM32G0C1REI6N, STM32G0C1RET6N, STM32G0C1VCI6, STM32G0C1VEI6, STM32G471CCT6, STM32G471CCU6, STM32G471CET3, STM32G471CET6, STM32G471CEU3, STM32G471CEU6, STM32G471MCT6, STM32G471MET3, STM32G471MET6, STM32G471MEY6TR, STM32G471QCT6, STM32G471QET3, STM32G471RCT6, STM32G471RET3, STM32G471RET6, STM32G471VCH6, STM32G471VCI6, STM32G471VCT6, STM32G471VEH3, STM32G471VEH6, STM32G471VEI3, STM32G471VEI6, STM32G471VET3, STM32G471VET6, STM32G474CCT6, STM32H503CBT6, STM32H503CBU6, STM32H503EBY6TR, STM32H503KBU6, STM32H503RBT6, STM32H562AGI6, STM32H562AII6, STM32H562IGK6, STM32H562IGT6, STM32H562IIK6, STM32H562IIT6, STM32H562RGT6, STM32H562RGV6, STM32H562RIT6, STM32H562RIV6, STM32H562VGT6, STM32H562VIT6, STM32H562ZGT6, STM32H562ZIT6, STM32H563AGI6, STM32H563AII3Q, STM32H563AII6, STM32H563IGK6, STM32H563IGT6, STM32H563IIK3Q, STM32H563IIK6, STM32H563IIT3Q, STM32H563IIT6, STM32H563MIY3QTR, STM32H563RGT6, STM32H563RGV6, STM32H563RIT6, STM32H563RIV6, STM32H563VGT6, STM32H563VIT3Q, STM32H563VIT6, STM32H563ZGT6, STM32H563ZIT3Q, STM32H563ZIT6, STM32H573AII3Q, STM32H573AII6, STM32H573I-DK, STM32H573IIK3Q, STM32H573IIK6, STM32H573IIT3Q, STM32H573IIT6, STM32H573MIY3QTR, STM32H573RIT6, STM32H573RIV6, STM32H573VIT3Q, STM32H573VIT6, STM32H573ZIT3Q, STM32H573ZIT6, STM32L4R5QGI6STR, STM32MP131AAE3, STM32MP131AAF3, STM32MP131AAG3, STM32MP131CAE3, STM32MP131CAF3, STM32MP131CAG3, STM32MP131DAE7, STM32MP131DAF7, STM32MP131DAG7, STM32MP131FAE7, STM32MP131FAF7, STM32MP131FAG7, STM32MP133AAE3, STM32MP133AAF3, STM32MP133AAG3, STM32MP133CAE3, STM32MP133CAF3, STM32MP133CAG3, STM32MP133DAE7, STM32MP133DAF7, STM32MP133DAG7, STM32MP133FAE7, STM32MP133FAF7, STM32MP133FAG7, STM32MP135AAE3, STM32MP135AAF3, STM32MP135AAG3, STM32MP135CAE3, STM32MP135CAF3, STM32MP135CAG3, STM32MP135DAE7, STM32MP135DAF7, STM32MP135DAG7, STM32MP135F-DK, STM32MP135FAE7, STM32MP135FAF7, STM32MP135FAF7T, STM32MP135FAF7U, STM32MP135FAG7, STM32U535CBT6, STM32U535CBT6Q, STM32U535CBU6, STM32U535CBU6Q, STM32U535CCT6, STM32U535CCT6Q, STM32U535CCU6, STM32U535CCU6Q, STM32U535CET6, STM32U535CET6Q, STM32U535CEU6, STM32U535CEU6Q, STM32U535JEY6QTR, STM32U535NCY6QTR, STM32U535NEY6QTR, STM32U535RBI6, STM32U535RBI6Q, STM32U535RBT6, STM32U535RBT6Q, STM32U535RCI6, STM32U535RCI6Q, STM32U535RCT6, STM32U535RCT6Q, STM32U535REI6, STM32U535REI6Q, STM32U535RET6, STM32U535RET6Q, STM32U535VCI6, STM32U535VCI6Q, STM32U535VCT6, STM32U535VCT6Q, STM32U535VEI6, STM32U535VEI6Q, STM32U535VET6, STM32U535VET6Q, STM32U545CET6, STM32U545CET6Q, STM32U545CEU6, STM32U545CEU6Q, STM32U545JEY6QTR, STM32U545NEY6QTR, STM32U545REI6, STM32U545REI6Q, STM32U545RET6, STM32U545RET6Q, STM32U545VEI6, STM32U545VEI6Q, STM32U545VET6, STM32U545VET6Q, STM32U595AIH6, STM32U595AIH6Q, STM32U595AJH6, STM32U595AJH6Q, STM32U595QII6, STM32U595QII6Q, STM32U595QJI6, STM32U595QJI6Q, STM32U595RIT6, STM32U595RIT6Q, STM32U595RJT6, STM32U595RJT6Q, STM32U595VIT6, STM32U595VIT6Q, STM32U595VJT6, STM32U595VJT6Q, STM32U595ZIT6, STM32U595ZIT6Q, STM32U595ZIY6QTR, STM32U595ZJT6, STM32U595ZJT6Q, STM32U595ZJY6QTR, STM32U599BJY6QTR, STM32U599NIH6Q, STM32U599NJH6Q, STM32U599VIT6Q, STM32U599VJT6, STM32U599VJT6Q, STM32U599ZIT6Q, STM32U599ZIY6QTR, STM32U599ZJT6Q, STM32U599ZJY6QTR, STM32U5A5AJH6, STM32U5A5AJH6Q, STM32U5A5QJI6, STM32U5A5QJI6Q, STM32U5A5RJT6, STM32U5A5RJT6Q, STM32U5A5VJT6, STM32U5A5VJT6Q, STM32U5A5ZJT6, STM32U5A5ZJT6Q, STM32U5A5ZJY6QTR, STM32U5A9BJY6QTR, STM32U5A9J-DK, STM32U5A9NJH6Q, STM32U5A9VJT6Q, STM32U5A9ZJT6Q, STM32U5A9ZJY6QTR, STM32U5F7VIT6, STM32U5F7VIT6Q, STM32U5F7VJT6, STM32U5F7VJT6Q, STM32U5F9BJY6QTR, STM32U5F9NJH6Q, STM32U5F9VIT6Q, STM32U5F9VJT6Q, STM32U5F9ZIJ6QTR, STM32U5F9ZIT6Q, STM32U5F9ZJJ6QTR, STM32U5F9ZJT6Q, STM32U5G7VJT6, STM32U5G7VJT6Q, STM32U5G9BJY6QTR, STM32U5G9J-DK1, STM32U5G9J-DK2, STM32U5G9NJH6Q, STM32U5G9VJT6Q, STM32U5G9ZJJ6QTR, STM32U5G9ZJT6Q, STM32WB1MMCH6, STM32WBA52CEU6, STM32WBA52CEU6T, STM32WBA52CGU6, STM32WBA52CGU6T, STM32WBA52KEU6, STM32WBA52KEU6T, STM32WBA52KGU6, STM32WBA52KGU6T, STM32WL5MOCH6, STM32WL5MOCH6TR]
2023-09-10 12:52:44,211 [INFO] DbMcus:217 - Found 3848 MCUs, 3848 are supported
2023-09-10 12:52:44,213 [INFO] ApiDb:423 - Load user favorites file C:\Users\brbar/.stm32cubeide/favorites.mcus.txt: 0 item(s)
2023-09-10 12:52:44,213 [INFO] ApiDb:427 - User favorites MCUs=[]
2023-09-10 12:52:44,213 [INFO] DbMcus:223 - Set 0 / 0 favorites MCUs
2023-09-10 12:52:44,431 [INFO] ApiDb:423 - Load user favorites file C:\Users\brbar/.stm32cubeide/favorites.boards.txt: 0 item(s)
2023-09-10 12:52:44,431 [INFO] ApiDb:427 - User favorites Boards=[]
2023-09-10 12:52:44,432 [INFO] DbBoards:190 - Set 0 / 0 favorites Boards
2023-09-10 12:52:44,432 [INFO] McuFinderGlobals:76 - Set McuFinderConnectedMode to true
2023-09-10 12:52:44,440 [INFO] MultiScanPanel:200 - Auto-refresh data requested => check proxy status ongoing
2023-09-10 12:52:44,444 [INFO] FinderPluginLoader:95 - Searching for filters in installed packs
2023-09-10 12:52:46,031 [INFO] LoadUrlFilesThread:185 - End of LoadServerUrlFiles without Thread
2023-09-10 12:52:46,040 [INFO] DetailPanel:341 - Set advertising image to C:/Users/brbar/STM32Cube/Repository/\en.prom-stm32h5-mcu-finder.jpg
2023-09-10 12:52:46,894 [INFO] MultiScanPanel:200 - Auto-refresh data requested => check proxy status ongoing
2023-09-10 12:52:47,092 [INFO] LoadUrlFilesThread:185 - End of LoadServerUrlFiles without Thread
2023-09-10 12:52:47,092 [INFO] DetailPanel:341 - Set advertising image to C:/Users/brbar/STM32Cube/Repository/\en.prom-stm32h5-mcu-finder.jpg
2023-09-10 12:52:47,108 [INFO] DbBoards:634 - Loading board mini-images...
2023-09-10 12:52:49,682 [ERROR] DbBoards:651 - Image file not found for board STM32U5G9J-DK1: C:\Users\brbar\.stmcufinder\plugins\mcufinder//mcu//boards_images/STM32U5G9J-DK1.jpg
2023-09-10 12:52:49,682 [ERROR] DbBoards:651 - Image file not found for board STM32U5G9J-DK2: C:\Users\brbar\.stmcufinder\plugins\mcufinder//mcu//boards_images/STM32U5G9J-DK2.jpg
2023-09-10 12:52:49,697 [INFO] DbBoards:657 - Loaded 188 board mini-images
2023-09-10 12:52:49,764 [INFO] MultiScanPanel:200 - Auto-refresh data requested => check proxy status ongoing
2023-09-10 12:52:49,769 [INFO] ApiDb:668 - CubeFinder database Data Model version=2.1
2023-09-10 12:52:49,770 [INFO] ApiDb:669 - CubeFinder database Configuration version=3.0.37
2023-09-10 12:52:49,770 [INFO] ApiDb:670 - CubeFinder database generation date=2023-08-09 (1691586011)
2023-09-10 12:52:49,770 [INFO] ApiDb:671 - CubeFinder database FW Pack versions=[FP-ATR-ASTRA1_V2.0.0, FP-SNS-FLIGHT1_V5.0.1, FP-SNS-FLIGHT1_V5.0.2, FP-SNS-MOTENV1_V4.3.1, FP-SNS-MOTENV1_V4.3.2, STM32Cube_FW_C0_V1.1.0, STM32Cube_FW_F4_V1.27.1, STM32Cube_FW_F7_V1.17.0, STM32Cube_FW_G0_V1.6.1, STM32Cube_FW_G4_V1.5.1, STM32Cube_FW_H5_V0.5.1, STM32Cube_FW_H5_V1.1.0, STM32Cube_FW_H7_V1.11.0, STM32Cube_FW_L0_V1.12.2, STM32Cube_FW_L5_V1.5.0, STM32Cube_FW_U5_V1.3.0, STM32Cube_FW_U5_V1.3.0RC4, STM32Cube_FW_WBA_V1.0.0RC1, STM32Cube_FW_WBA_V1.1.0, STM32Cube_FW_WBA_V1.1.0RC1, STM32Cube_FW_WB_V1.15.0RC1, STM32Cube_FW_WB_V1.16.0, STM32Cube_FW_WB_V1.16.0RC2, STM32Cube_FW_WB_V1.17.0, STM32Cube_FW_WL_V1.3.0, X-CUBE-ALGOBUILD_V1.3.0, X-CUBE-ALS_V1.0.1, X-CUBE-AZRTOS-F4_V1.1.0, X-CUBE-AZRTOS-F7_V1.1.0, X-CUBE-AZRTOS-G0_V1.1.0, X-CUBE-AZRTOS-G4_V2.0.0, X-CUBE-AZRTOS-H7_V3.1.0, X-CUBE-AZRTOS-L4_V1.0.0, X-CUBE-AZRTOS-L4_V2.0.0, X-CUBE-AZRTOS-L5_V1.1.0, X-CUBE-AZRTOS-WB_V1.1.0, X-CUBE-AZRTOS-WL_V2.0.0, X-CUBE-BLE1_V7.0.0, X-CUBE-BLE2_V3.3.0, X-CUBE-BLEMGR_V2.0.0, X-CUBE-EEPRMA1_V4.1.0, X-CUBE-FREERTOS_V1.1.0, X-CUBE-GNSS1_V6.0.0, X-CUBE-MEMS1_V9.1.0, X-CUBE-MEMS1_V9.4.0, X-CUBE-MEMS1_V9.6.0, X-CUBE-NFC4_V3.0.0, X-CUBE-NFC7_V1.0.0, X-CUBE-SFXS2LP1_V4.0.0, X-CUBE-SUBG2_V5.0.0, X-CUBE-TOF1_V3.3.1]
2023-09-10 12:52:50,804 [INFO] DbExamplesSqlite:395 - Ignored 27 examples not supported by CubeIDE
2023-09-10 12:52:50,805 [INFO] DbExamplesSqlite:396 - Found 7231 examples active
2023-09-10 12:52:50,805 [INFO] DbExamplesSqlite:397 - Found 677 examples obsolete
2023-09-10 12:52:50,806 [INFO] DbExamplesSqlite:398 - Found 0 examples under development
2023-09-10 12:52:50,806 [INFO] DbExamplesSqlite:399 - Found 74 examples not building
2023-09-10 12:52:50,808 [INFO] DbExamples:125 - Found 7278 examples
2023-09-10 12:52:50,823 [INFO] DbExamples:222 - Found 92 boards with related examples
2023-09-10 12:52:50,825 [INFO] DbExamples:235 - Found 78 MCUs with related examples
2023-09-10 12:52:50,850 [INFO] ApiDb:414 - User favorites file not found: C:\Users\brbar/.stm32cubeide/favorites.examples.txt
2023-09-10 12:52:50,850 [INFO] DbExamples:250 - Set 0 / 0 favorites Examples
2023-09-10 12:52:51,993 [INFO] SoftwarePacks:127 - Download is needed for SW pack 'FP-ATR-ASTRA1_V2.0.0'
2023-09-10 12:52:51,994 [INFO] SoftwarePacks:127 - Download is needed for SW pack 'FP-SNS-FLIGHT1_V5.0.2'
2023-09-10 12:52:51,994 [INFO] SoftwarePacks:127 - Download is needed for SW pack 'FP-SNS-MOTENV1_V4.3.2'
2023-09-10 12:52:51,997 [INFO] SoftwarePacks:127 - Download is needed for SW pack 'STM32Cube_FW_C0_V1.1.0'
2023-09-10 12:52:52,000 [INFO] SoftwarePacks:127 - Download is needed for SW pack 'STM32Cube_FW_F4_V1.27.1'
2023-09-10 12:52:52,003 [INFO] SoftwarePacks:127 - Download is needed for SW pack 'STM32Cube_FW_F7_V1.17.0'
2023-09-10 12:52:52,005 [INFO] SoftwarePacks:127 - Download is needed for SW pack 'STM32Cube_FW_G0_V1.6.1'
2023-09-10 12:52:52,008 [INFO] SoftwarePacks:127 - Download is needed for SW pack 'STM32Cube_FW_G4_V1.5.1'
2023-09-10 12:52:52,010 [INFO] SoftwarePacks:127 - Download is needed for SW pack 'STM32Cube_FW_H5_V1.1.0'
2023-09-10 12:52:52,012 [INFO] SoftwarePacks:127 - Download is needed for SW pack 'STM32Cube_FW_H7_V1.11.0'
2023-09-10 12:52:52,013 [INFO] SoftwarePacks:127 - Download is needed for SW pack 'STM32Cube_FW_L0_V1.12.2'
2023-09-10 12:52:52,015 [INFO] SoftwarePacks:127 - Download is needed for SW pack 'STM32Cube_FW_L5_V1.5.0'
2023-09-10 12:52:52,017 [INFO] SoftwarePacks:127 - Download is needed for SW pack 'STM32Cube_FW_U5_V1.3.0'
2023-09-10 12:52:52,019 [INFO] SoftwarePacks:127 - Download is needed for SW pack 'STM32Cube_FW_WBA_V1.1.0'
2023-09-10 12:52:52,022 [INFO] SoftwarePacks:127 - Download is needed for SW pack 'STM32Cube_FW_WB_V1.17.0'
2023-09-10 12:52:52,024 [INFO] SoftwarePacks:127 - Download is needed for SW pack 'STM32Cube_FW_WL_V1.3.0'
2023-09-10 12:52:52,024 [INFO] SoftwarePacks:127 - Download is needed for SW pack 'X-CUBE-ALGOBUILD_V1.3.0'
2023-09-10 12:52:52,024 [INFO] SoftwarePacks:127 - Download is needed for SW pack 'X-CUBE-ALS_V1.0.1'
2023-09-10 12:52:52,024 [INFO] SoftwarePacks:127 - Download is needed for SW pack 'X-CUBE-AZRTOS-F4_V1.1.0'
2023-09-10 12:52:52,024 [INFO] SoftwarePacks:127 - Download is needed for SW pack 'X-CUBE-AZRTOS-F7_V1.1.0'
2023-09-10 12:52:52,024 [INFO] SoftwarePacks:127 - Download is needed for SW pack 'X-CUBE-AZRTOS-G0_V1.1.0'
2023-09-10 12:52:52,025 [INFO] SoftwarePacks:127 - Download is needed for SW pack 'X-CUBE-AZRTOS-G4_V2.0.0'
2023-09-10 12:52:52,025 [INFO] SoftwarePacks:127 - Download is needed for SW pack 'X-CUBE-AZRTOS-H7_V3.1.0'
2023-09-10 12:52:52,025 [INFO] SoftwarePacks:127 - Download is needed for SW pack 'X-CUBE-AZRTOS-L4_V2.0.0'
2023-09-10 12:52:52,025 [INFO] SoftwarePacks:127 - Download is needed for SW pack 'X-CUBE-AZRTOS-L5_V1.1.0'
2023-09-10 12:52:52,025 [INFO] SoftwarePacks:127 - Download is needed for SW pack 'X-CUBE-AZRTOS-WB_V1.1.0'
2023-09-10 12:52:52,025 [INFO] SoftwarePacks:127 - Download is needed for SW pack 'X-CUBE-AZRTOS-WL_V2.0.0'
2023-09-10 12:52:52,026 [INFO] SoftwarePacks:127 - Download is needed for SW pack 'X-CUBE-BLE1_V7.0.0'
2023-09-10 12:52:52,026 [INFO] SoftwarePacks:127 - Download is needed for SW pack 'X-CUBE-BLE2_V3.3.0'
2023-09-10 12:52:52,026 [INFO] SoftwarePacks:127 - Download is needed for SW pack 'X-CUBE-BLEMGR_V2.0.0'
2023-09-10 12:52:52,026 [INFO] SoftwarePacks:127 - Download is needed for SW pack 'X-CUBE-EEPRMA1_V4.1.0'
2023-09-10 12:52:52,026 [INFO] SoftwarePacks:127 - Download is needed for SW pack 'X-CUBE-FREERTOS_V1.1.0'
2023-09-10 12:52:52,026 [INFO] SoftwarePacks:127 - Download is needed for SW pack 'X-CUBE-GNSS1_V6.0.0'
2023-09-10 12:52:52,026 [INFO] SoftwarePacks:127 - Download is needed for SW pack 'X-CUBE-MEMS1_V9.6.0'
2023-09-10 12:52:52,027 [INFO] SoftwarePacks:127 - Download is needed for SW pack 'X-CUBE-NFC4_V3.0.0'
2023-09-10 12:52:52,027 [INFO] SoftwarePacks:127 - Download is needed for SW pack 'X-CUBE-NFC7_V1.0.0'
2023-09-10 12:52:52,027 [INFO] SoftwarePacks:127 - Download is needed for SW pack 'X-CUBE-SFXS2LP1_V4.0.0'
2023-09-10 12:52:52,027 [INFO] SoftwarePacks:127 - Download is needed for SW pack 'X-CUBE-SUBG2_V5.0.0'
2023-09-10 12:52:52,027 [INFO] SoftwarePacks:127 - Download is needed for SW pack 'X-CUBE-TOF1_V3.3.1'
2023-09-10 12:52:55,259 [INFO] LoadUrlFilesThread:185 - End of LoadServerUrlFiles without Thread
2023-09-10 12:52:55,261 [INFO] DetailPanel:341 - Set advertising image to C:/Users/brbar/STM32Cube/Repository/\en.prom-stm32h5-mcu-finder.jpg
2023-09-10 12:53:01,986 [INFO] McuFinderGlobals:76 - Set McuFinderConnectedMode to true
2023-09-10 12:53:02,048 [INFO] ApiDb:448 - Save user favorites file C:\Users\brbar/.stm32cubeide/favorites.mcus.txt: 0 item(s)
2023-09-10 12:53:02,048 [INFO] ApiDb:452 - User favorites MCUs=[]
2023-09-10 12:53:02,063 [INFO] ApiDb:448 - Save user favorites file C:\Users\brbar/.stm32cubeide/favorites.boards.txt: 0 item(s)
2023-09-10 12:53:02,064 [INFO] ApiDb:452 - User favorites Boards=[]
2023-09-10 12:53:02,078 [INFO] ApiDb:448 - Save user favorites file C:\Users\brbar/.stm32cubeide/favorites.examples.txt: 0 item(s)
2023-09-10 12:53:02,079 [INFO] ApiDb:452 - User favorites Examples=[]
