2026-06-14 11:08:27,311 [INFO] Activator:176 - 


2026-06-14 11:08:27,319 [INFO] Activator:177 - !SESSION log4j initialized
2026-06-14 11:08:33,759 [INFO] LogOutputStream:77 - [STDOUT_REDIRECT] 
2026-06-14 11:08:34,961 [INFO] ApplicationProperties:184 - Using Application install path: C:\ST\STM32CubeIDE_1.13.1\STM32CubeIDE\plugins\com.st.stm32cube.common.mx_6.15.0.202507011659
2026-06-14 11:08:34,985 [INFO] DbMcusXml:78 - Set database path to: C:\ST\STM32CubeIDE_1.13.1\STM32CubeIDE\plugins\com.st.stm32cube.common.mx_6.15.0.202507011659\\db\/mcu/
2026-06-14 11:08:34,986 [INFO] ApiDb:274 - Set plugin database path to: C:\ST\STM32CubeIDE_1.13.1\STM32CubeIDE\plugins\com.st.stm32cube.common.mx_6.15.0.202507011659\\db\/plugins/boardmanager/
2026-06-14 11:08:34,986 [WARN] ApiDb:259 - Overriding images path with different value:  => C:\ST\STM32CubeIDE_1.13.1\STM32CubeIDE\plugins\com.st.stm32cube.common.mx_6.15.0.202507011659\\db\/plugins/mcufinder/images/
2026-06-14 11:08:34,998 [INFO] ApiDb:250 - Set database path to: C:\Users\brbar\.stmcufinder\plugins\mcufinder//mcu/
2026-06-14 11:08:35,000 [INFO] DbMcusAds:125 - Set database path to: C:\Users\brbar\.stmcufinder\plugins\mcufinder//mcu/
2026-06-14 11:08:35,003 [INFO] CrossReferenceDbSqlite:203 - Set database path to: C:\Users\brbar\.stmcufinder\plugins\mcufinder//mcu/cs/
2026-06-14 11:08:35,155 [INFO] RulesReader:64 - Compatibility file has been processed (317 Rules)
2026-06-14 11:08:35,258 [INFO] DbMcusXml:78 - Set database path to: C:\ST\STM32CubeIDE_1.13.1\STM32CubeIDE\plugins\com.st.stm32cube.common.mx_6.15.0.202507011659\\db\/mcu/
2026-06-14 11:08:35,258 [INFO] ApiDb:274 - Set plugin database path to: C:\ST\STM32CubeIDE_1.13.1\STM32CubeIDE\plugins\com.st.stm32cube.common.mx_6.15.0.202507011659\\db\/plugins/boardmanager/
2026-06-14 11:08:35,259 [INFO] ApiDb:261 - Set plugin images path to: C:\ST\STM32CubeIDE_1.13.1\STM32CubeIDE\plugins\com.st.stm32cube.common.mx_6.15.0.202507011659\\db\/plugins/mcufinder/images/
2026-06-14 11:08:35,259 [WARN] DbFile:41 - Overriding database path with different value: C:\Users\brbar\.stmcufinder\plugins\mcufinder/ => C:\Users\brbar\.stmcufinder\plugins\mcufinder
2026-06-14 11:08:35,259 [INFO] ApiDb:250 - Set database path to: C:\Users\brbar\.stmcufinder\plugins\mcufinder//mcu/
2026-06-14 11:08:35,259 [WARN] DbFile:41 - Overriding database path with different value: C:\Users\brbar\.stmcufinder\plugins\mcufinder/ => C:\Users\brbar\.stmcufinder\plugins\mcufinder
2026-06-14 11:08:35,259 [INFO] DbMcusAds:125 - Set database path to: C:\Users\brbar\.stmcufinder\plugins\mcufinder//mcu/
2026-06-14 11:08:35,259 [WARN] DbFile:41 - Overriding database path with different value: C:\Users\brbar\.stmcufinder\plugins\mcufinder/ => C:\Users\brbar\.stmcufinder\plugins\mcufinder
2026-06-14 11:08:35,260 [WARN] DbFile:41 - Overriding database path with different value: C:\Users\brbar\.stmcufinder\plugins\mcufinder/ => C:\Users\brbar\.stmcufinder\plugins\mcufinder
2026-06-14 11:08:35,260 [INFO] CrossReferenceDbSqlite:203 - Set database path to: C:\Users\brbar\.stmcufinder\plugins\mcufinder//mcu/cs/
2026-06-14 11:08:35,387 [INFO] MainPanel:274 - HeapMemory: 268435456
2026-06-14 11:08:35,590 [INFO] DbMcusXml:78 - Set database path to: C:\ST\STM32CubeIDE_1.13.1\STM32CubeIDE\plugins\com.st.stm32cube.common.mx_6.15.0.202507011659\\db\/mcu/
2026-06-14 11:08:35,590 [INFO] ApiDb:274 - Set plugin database path to: C:\ST\STM32CubeIDE_1.13.1\STM32CubeIDE\plugins\com.st.stm32cube.common.mx_6.15.0.202507011659\\db\/plugins/boardmanager/
2026-06-14 11:08:35,591 [INFO] ApiDb:261 - Set plugin images path to: C:\ST\STM32CubeIDE_1.13.1\STM32CubeIDE\plugins\com.st.stm32cube.common.mx_6.15.0.202507011659\\db\/plugins/mcufinder/images/
2026-06-14 11:08:35,591 [WARN] DbFile:41 - Overriding database path with different value: C:\Users\brbar\.stmcufinder\plugins\mcufinder/ => C:\Users\brbar\.stmcufinder\plugins\mcufinder
2026-06-14 11:08:35,591 [INFO] ApiDb:250 - Set database path to: C:\Users\brbar\.stmcufinder\plugins\mcufinder//mcu/
2026-06-14 11:08:35,591 [WARN] DbFile:41 - Overriding database path with different value: C:\Users\brbar\.stmcufinder\plugins\mcufinder/ => C:\Users\brbar\.stmcufinder\plugins\mcufinder
2026-06-14 11:08:35,592 [INFO] DbMcusAds:125 - Set database path to: C:\Users\brbar\.stmcufinder\plugins\mcufinder//mcu/
2026-06-14 11:08:35,592 [WARN] DbFile:41 - Overriding database path with different value: C:\Users\brbar\.stmcufinder\plugins\mcufinder/ => C:\Users\brbar\.stmcufinder\plugins\mcufinder
2026-06-14 11:08:35,592 [WARN] DbFile:41 - Overriding database path with different value: C:\Users\brbar\.stmcufinder\plugins\mcufinder/ => C:\Users\brbar\.stmcufinder\plugins\mcufinder
2026-06-14 11:08:35,592 [INFO] CrossReferenceDbSqlite:203 - Set database path to: C:\Users\brbar\.stmcufinder\plugins\mcufinder//mcu/cs/
2026-06-14 11:08:35,621 [INFO] ApplicationProperties:184 - Using Application install path: C:\ST\STM32CubeIDE_1.13.1\STM32CubeIDE\plugins\com.st.stm32cube.common.mx_6.15.0.202507011659
2026-06-14 11:08:35,622 [INFO] PluginManage:196 - Search for loadable plugins [exclusion list=, ]
2026-06-14 11:08:35,625 [INFO] PluginManage:310 - Check plugin analytics
2026-06-14 11:08:35,838 [INFO] AnalyticsPlugin:253 - Accepted Software Licenses: 
2026-06-14 11:08:35,839 [INFO] AnalyticsPlugin:255 - Accepted CMSIS Pack Licenses: 
2026-06-14 11:08:35,839 [INFO] AnalyticsPlugin:257 - Accepted Firmware Licenses: 
2026-06-14 11:08:35,843 [INFO] PluginManage:359 - Loaded plugin analytics (category:tool,tabindex:-1)
2026-06-14 11:08:35,844 [INFO] PluginManage:310 - Check plugin cadmodel
2026-06-14 11:08:35,851 [INFO] CADModel:105 - Init CAD model plugin
2026-06-14 11:08:35,851 [INFO] PluginManage:359 - Loaded plugin cadmodel (category:power,tabindex:5)
2026-06-14 11:08:35,852 [INFO] PluginManage:310 - Check plugin clock
2026-06-14 11:08:35,865 [INFO] PluginManage:359 - Loaded plugin clock (category:base,tabindex:2)
2026-06-14 11:08:35,865 [INFO] PluginManage:310 - Check plugin ddr
2026-06-14 11:08:35,868 [INFO] PluginManage:359 - Loaded plugin ddr (category:tool,tabindex:6)
2026-06-14 11:08:35,869 [INFO] PluginManage:310 - Check plugin filemanager
2026-06-14 11:08:36,073 [INFO] PluginManage:359 - Loaded plugin filemanager (category:base,tabindex:10)
2026-06-14 11:08:36,074 [INFO] PluginManage:310 - Check plugin ipmanager
2026-06-14 11:08:36,083 [INFO] PluginManage:359 - Loaded plugin ipmanager (category:base,tabindex:5)
2026-06-14 11:08:36,083 [INFO] PluginManage:310 - Check plugin lpbam
2026-06-14 11:08:36,096 [INFO] PluginManage:359 - Loaded plugin lpbam (category:base,tabindex:0)
2026-06-14 11:08:36,096 [INFO] PluginManage:310 - Check plugin memorymap
2026-06-14 11:08:36,126 [INFO] PluginManage:359 - Loaded plugin memorymap (category:base,tabindex:4)
2026-06-14 11:08:36,126 [INFO] PluginManage:310 - Check plugin pinoutandconfiguration
2026-06-14 11:08:36,142 [INFO] PluginManage:359 - Loaded plugin pinoutandconfiguration (category:base,tabindex:1)
2026-06-14 11:08:36,143 [INFO] PluginManage:310 - Check plugin pinoutconfig
2026-06-14 11:08:36,274 [WARN] SupportedApi:132 - Cannot load RTOS API schema: s4s-elt-must-match.1: The content of 'definitions' must match (annotation?, (simpleType | complexType)?, (unique | key | keyref)*)). A problem was found starting at: attribute.
2026-06-14 11:08:36,489 [INFO] PluginManage:359 - Loaded plugin pinoutconfig (category:base,tabindex:0)
2026-06-14 11:08:36,489 [INFO] PluginManage:310 - Check plugin power
2026-06-14 11:08:36,501 [INFO] PluginManage:359 - Loaded plugin power (category:power,tabindex:4)
2026-06-14 11:08:36,501 [INFO] PluginManage:310 - Check plugin projectmanager
2026-06-14 11:08:36,523 [INFO] PluginManage:359 - Loaded plugin projectmanager (category:projectmanager,tabindex:4)
2026-06-14 11:08:36,523 [INFO] PluginManage:310 - Check plugin rif
2026-06-14 11:08:36,537 [INFO] PluginManage:359 - Loaded plugin rif (category:base,tabindex:3)
2026-06-14 11:08:36,537 [INFO] PluginManage:310 - Check plugin thirdparty
2026-06-14 11:08:36,726 [INFO] PluginManage:359 - Loaded plugin thirdparty (category:base,tabindex:-1)
2026-06-14 11:08:36,726 [WARN] IntegrityCheckThread:84 - waiting for thirdparty lock release [integrity check]
2026-06-14 11:08:36,726 [INFO] PluginManage:310 - Check plugin tools
2026-06-14 11:08:36,726 [INFO] IntegrityCheckThread:86 - entering critical section [integrity check]
2026-06-14 11:08:36,727 [INFO] ThirdPartyUpdaterWithRetryManager:70 - Updater plugin not ready yet. [1/15]
2026-06-14 11:08:36,730 [INFO] PluginManage:359 - Loaded plugin tools (category:base,tabindex:7)
2026-06-14 11:08:36,731 [INFO] PluginManage:310 - Check plugin tutovideos
2026-06-14 11:08:37,011 [INFO] PluginManage:359 - Loaded plugin tutovideos (category:base,tabindex:-1)
2026-06-14 11:08:37,011 [INFO] PluginManage:310 - Check plugin updater
2026-06-14 11:08:37,038 [INFO] PluginManage:359 - Loaded plugin updater (category:base,tabindex:12)
2026-06-14 11:08:37,038 [INFO] PluginManage:310 - Check plugin userauth
2026-06-14 11:08:37,044 [INFO] UserAuth:118 - Init User Auth plugin
2026-06-14 11:08:37,045 [INFO] PluginManage:359 - Loaded plugin userauth (category:base,tabindex:14)
2026-06-14 11:08:37,046 [INFO] PluginManage:283 - PluginManage : Loaded plugins [18]
2026-06-14 11:08:37,303 [INFO] PinOutPanel:1589 - setPackage(No Configuration,No Configuration)
2026-06-14 11:08:37,410 [INFO] CADModel:165 - CPN selected for project level
2026-06-14 11:08:37,410 [INFO] CADModel:114 - Register for checkConnection events
2026-06-14 11:08:37,435 [INFO] IPUIPlugin:80 - create IPUIPlugin
2026-06-14 11:08:37,435 [INFO] PluginManager:220 - loadIPPluginJar : add adc
2026-06-14 11:08:37,440 [INFO] IPUIPlugin:80 - create IPUIPlugin
2026-06-14 11:08:37,440 [INFO] PluginManager:220 - loadIPPluginJar : add aes
2026-06-14 11:08:37,445 [INFO] IPUIPlugin:80 - create IPUIPlugin
2026-06-14 11:08:37,445 [INFO] PluginManager:220 - loadIPPluginJar : add can
2026-06-14 11:08:37,447 [INFO] IPUIPlugin:80 - create IPUIPlugin
2026-06-14 11:08:37,447 [INFO] PluginManager:220 - loadIPPluginJar : add comp
2026-06-14 11:08:37,450 [INFO] IPUIPlugin:80 - create IPUIPlugin
2026-06-14 11:08:37,450 [INFO] PluginManager:220 - loadIPPluginJar : add cryp
2026-06-14 11:08:37,455 [INFO] IPUIPlugin:80 - create IPUIPlugin
2026-06-14 11:08:37,455 [INFO] PluginManager:220 - loadIPPluginJar : add ddr_ctrl_phy
2026-06-14 11:08:37,458 [INFO] IPUIPlugin:80 - create IPUIPlugin
2026-06-14 11:08:37,458 [INFO] PluginManager:220 - loadIPPluginJar : add dfsdm
2026-06-14 11:08:37,466 [INFO] IPUIPlugin:80 - create IPUIPlugin
2026-06-14 11:08:37,466 [INFO] PluginManager:220 - loadIPPluginJar : add dma
2026-06-14 11:08:37,470 [INFO] IPUIPlugin:80 - create IPUIPlugin
2026-06-14 11:08:37,470 [INFO] PluginManager:220 - loadIPPluginJar : add dma3
2026-06-14 11:08:37,474 [INFO] IPUIPlugin:80 - create IPUIPlugin
2026-06-14 11:08:37,475 [INFO] PluginManager:220 - loadIPPluginJar : add extmemmanager
2026-06-14 11:08:37,477 [INFO] IPUIPlugin:80 - create IPUIPlugin
2026-06-14 11:08:37,477 [INFO] PluginManager:220 - loadIPPluginJar : add fatfs
2026-06-14 11:08:37,482 [INFO] IPUIPlugin:80 - create IPUIPlugin
2026-06-14 11:08:37,482 [INFO] PluginManager:220 - loadIPPluginJar : add fmc
2026-06-14 11:08:37,491 [INFO] IPUIPlugin:80 - create IPUIPlugin
2026-06-14 11:08:37,491 [INFO] PluginManager:220 - loadIPPluginJar : add freertos
2026-06-14 11:08:37,495 [INFO] IPUIPlugin:80 - create IPUIPlugin
2026-06-14 11:08:37,495 [INFO] PluginManager:220 - loadIPPluginJar : add genericplugin
2026-06-14 11:08:37,498 [INFO] IPUIPlugin:80 - create IPUIPlugin
2026-06-14 11:08:37,498 [INFO] PluginManager:220 - loadIPPluginJar : add gfxmmu
2026-06-14 11:08:37,504 [INFO] IPUIPlugin:80 - create IPUIPlugin
2026-06-14 11:08:37,504 [INFO] PluginManager:220 - loadIPPluginJar : add gic
2026-06-14 11:08:37,510 [INFO] IPUIPlugin:80 - create IPUIPlugin
2026-06-14 11:08:37,510 [INFO] PluginManager:220 - loadIPPluginJar : add gpio
2026-06-14 11:08:37,514 [INFO] IPUIPlugin:80 - create IPUIPlugin
2026-06-14 11:08:37,514 [INFO] PluginManager:220 - loadIPPluginJar : add gtzc
2026-06-14 11:08:37,517 [INFO] IPUIPlugin:80 - create IPUIPlugin
2026-06-14 11:08:37,517 [INFO] PluginManager:220 - loadIPPluginJar : add hash
2026-06-14 11:08:37,521 [INFO] IPUIPlugin:80 - create IPUIPlugin
2026-06-14 11:08:37,521 [INFO] PluginManager:220 - loadIPPluginJar : add i2c
2026-06-14 11:08:37,525 [INFO] IPUIPlugin:80 - create IPUIPlugin
2026-06-14 11:08:37,525 [INFO] PluginManager:220 - loadIPPluginJar : add i2s
2026-06-14 11:08:37,529 [INFO] IPUIPlugin:80 - create IPUIPlugin
2026-06-14 11:08:37,530 [INFO] PluginManager:220 - loadIPPluginJar : add i3c
2026-06-14 11:08:37,534 [INFO] IPUIPlugin:80 - create IPUIPlugin
2026-06-14 11:08:37,534 [INFO] PluginManager:220 - loadIPPluginJar : add ipddr
2026-06-14 11:08:37,543 [INFO] IPUIPlugin:80 - create IPUIPlugin
2026-06-14 11:08:37,544 [INFO] PluginManager:220 - loadIPPluginJar : add linkedlist
2026-06-14 11:08:37,547 [INFO] IPUIPlugin:80 - create IPUIPlugin
2026-06-14 11:08:37,548 [INFO] PluginManager:220 - loadIPPluginJar : add lorawan
2026-06-14 11:08:37,550 [INFO] IPUIPlugin:80 - create IPUIPlugin
2026-06-14 11:08:37,550 [INFO] PluginManager:220 - loadIPPluginJar : add ltdc
2026-06-14 11:08:37,557 [INFO] IPUIPlugin:80 - create IPUIPlugin
2026-06-14 11:08:37,557 [INFO] PluginManager:220 - loadIPPluginJar : add mdma
2026-06-14 11:08:37,562 [INFO] IPUIPlugin:80 - create IPUIPlugin
2026-06-14 11:08:37,562 [INFO] PluginManager:220 - loadIPPluginJar : add nvic
2026-06-14 11:08:37,566 [INFO] IPUIPlugin:80 - create IPUIPlugin
2026-06-14 11:08:37,566 [INFO] PluginManager:220 - loadIPPluginJar : add opamp
2026-06-14 11:08:37,571 [INFO] IPUIPlugin:80 - create IPUIPlugin
2026-06-14 11:08:37,571 [INFO] PluginManager:220 - loadIPPluginJar : add openamp
2026-06-14 11:08:37,576 [INFO] IPUIPlugin:80 - create IPUIPlugin
2026-06-14 11:08:37,576 [INFO] PluginManager:220 - loadIPPluginJar : add pdm2pcm
2026-06-14 11:08:37,584 [INFO] IPUIPlugin:80 - create IPUIPlugin
2026-06-14 11:08:37,588 [INFO] PluginManager:220 - loadIPPluginJar : add plateformsettings
2026-06-14 11:08:37,591 [INFO] IPUIPlugin:80 - create IPUIPlugin
2026-06-14 11:08:37,591 [INFO] PluginManager:220 - loadIPPluginJar : add quadspi
2026-06-14 11:08:37,594 [INFO] IPUIPlugin:80 - create IPUIPlugin
2026-06-14 11:08:37,595 [INFO] PluginManager:220 - loadIPPluginJar : add radio
2026-06-14 11:08:37,601 [INFO] IPUIPlugin:80 - create IPUIPlugin
2026-06-14 11:08:37,601 [INFO] PluginManager:220 - loadIPPluginJar : add resmgrutility
2026-06-14 11:08:37,605 [INFO] IPUIPlugin:80 - create IPUIPlugin
2026-06-14 11:08:37,606 [INFO] PluginManager:220 - loadIPPluginJar : add sai
2026-06-14 11:08:37,610 [INFO] IPUIPlugin:80 - create IPUIPlugin
2026-06-14 11:08:37,610 [INFO] PluginManager:220 - loadIPPluginJar : add spi
2026-06-14 11:08:37,621 [INFO] IPUIPlugin:80 - create IPUIPlugin
2026-06-14 11:08:37,621 [INFO] PluginManager:220 - loadIPPluginJar : add stm32_wpan
2026-06-14 11:08:37,624 [INFO] IPUIPlugin:80 - create IPUIPlugin
2026-06-14 11:08:37,625 [INFO] PluginManager:220 - loadIPPluginJar : add tim
2026-06-14 11:08:37,629 [INFO] IPUIPlugin:80 - create IPUIPlugin
2026-06-14 11:08:37,629 [INFO] PluginManager:220 - loadIPPluginJar : add touchsensing
2026-06-14 11:08:37,633 [INFO] IPUIPlugin:80 - create IPUIPlugin
2026-06-14 11:08:37,633 [INFO] PluginManager:220 - loadIPPluginJar : add tracer_emb
2026-06-14 11:08:37,638 [INFO] IPUIPlugin:80 - create IPUIPlugin
2026-06-14 11:08:37,638 [INFO] PluginManager:220 - loadIPPluginJar : add ts
2026-06-14 11:08:37,641 [INFO] IPUIPlugin:80 - create IPUIPlugin
2026-06-14 11:08:37,641 [INFO] PluginManager:220 - loadIPPluginJar : add tsc
2026-06-14 11:08:37,644 [INFO] IPUIPlugin:80 - create IPUIPlugin
2026-06-14 11:08:37,644 [INFO] PluginManager:220 - loadIPPluginJar : add ucpd
2026-06-14 11:08:37,647 [INFO] IPUIPlugin:80 - create IPUIPlugin
2026-06-14 11:08:37,648 [INFO] PluginManager:220 - loadIPPluginJar : add usart
2026-06-14 11:08:37,652 [INFO] IPUIPlugin:80 - create IPUIPlugin
2026-06-14 11:08:37,652 [INFO] PluginManager:220 - loadIPPluginJar : add usbx
2026-06-14 11:08:37,809 [FATAL] Updater:351 - Updater called before beeing initialized
2026-06-14 11:08:37,842 [INFO] RulesReader:64 - Compatibility file has been processed (317 Rules)
2026-06-14 11:08:37,855 [INFO] RulesReader:64 - Compatibility file has been processed (317 Rules)
2026-06-14 11:08:37,867 [INFO] CADModel:165 - CPN selected for project level
2026-06-14 11:08:37,867 [INFO] CADModel:114 - Register for checkConnection events
2026-06-14 11:08:37,867 [FATAL] Updater:351 - Updater called before beeing initialized
2026-06-14 11:08:37,868 [ERROR] CADModel:125 - Updater not yet initialized, retry later 
2026-06-14 11:08:38,073 [FATAL] Updater:351 - Updater called before beeing initialized
2026-06-14 11:08:38,077 [INFO] CADModel:165 - CPN selected for project level
2026-06-14 11:08:38,077 [INFO] CADModel:114 - Register for checkConnection events
2026-06-14 11:08:38,077 [FATAL] Updater:351 - Updater called before beeing initialized
2026-06-14 11:08:38,077 [ERROR] CADModel:125 - Updater not yet initialized, retry later 
2026-06-14 11:08:38,082 [FATAL] Updater:351 - Updater called before beeing initialized
2026-06-14 11:08:38,250 [FATAL] Updater:351 - Updater called before beeing initialized
2026-06-14 11:08:38,257 [INFO] DbMcusAds:53 - JSON generation date=Thu May 28 19:08:17 EEST 2026 (1779984497073)
2026-06-14 11:08:38,257 [FATAL] Updater:351 - Updater called before beeing initialized
2026-06-14 11:08:38,311 [WARN] DetailPanel:346 - Failed to get advertising image, set to default
2026-06-14 11:08:38,420 [FATAL] Updater:351 - Updater called before beeing initialized
2026-06-14 11:08:38,422 [FATAL] Updater:351 - Updater called before beeing initialized
2026-06-14 11:08:38,422 [FATAL] Updater:351 - Updater called before beeing initialized
2026-06-14 11:08:38,423 [WARN] DetailPanel:346 - Failed to get advertising image, set to default
2026-06-14 11:08:38,424 [FATAL] Updater:351 - Updater called before beeing initialized
2026-06-14 11:08:38,485 [ERROR] Updater:1198 - MainUpdater not yet initialized. External WinMGr cannot be set.
2026-06-14 11:08:38,487 [INFO] Updater:1134 - Updater Version found : 6.15.0
2026-06-14 11:08:38,509 [INFO] ApplicationProperties:184 - Using Application install path: C:\ST\STM32CubeIDE_1.13.1\STM32CubeIDE\plugins\com.st.stm32cube.common.mx_6.15.0.202507011659
2026-06-14 11:08:39,728 [INFO] ThirdPartyUpdaterWithRetryManager:70 - Updater plugin not ready yet. [2/15]
2026-06-14 11:08:40,086 [ERROR] LogOutputStream:75 - [STDERR_REDIRECT] Jun 14, 2026 11:08:40 AM java.util.prefs.WindowsPreferences <init>
2026-06-14 11:08:40,087 [ERROR] LogOutputStream:75 - [STDERR_REDIRECT] WARNING: Could not open/create prefs root node Software\JavaSoft\Prefs at root 0xffffffff80000002. Windows RegCreateKeyEx(...) returned error code 5.
2026-06-14 11:08:40,088 [ERROR] LogOutputStream:75 - [STDERR_REDIRECT] 
2026-06-14 11:08:40,364 [INFO] MainUpdater:2872 - connection check result : 22
2026-06-14 11:08:40,365 [INFO] MainUpdater:289 - Updater Check For Update Now.
2026-06-14 11:08:40,365 [INFO] MicroXplorer:498 - Change Database Version : DB.6.0.150
2026-06-14 11:08:40,374 [INFO] McuFinderGlobals:63 - Set McuFinder mode to 2 (CubeIDE integrated)
2026-06-14 11:08:40,376 [INFO] UserAuth:487 - Internet connection configuration mode: 2
2026-06-14 11:08:40,384 [INFO] UserAuth:487 - Internet connection configuration mode: 2
2026-06-14 11:08:40,553 [INFO] CheckServerUpdateThread:120 - End of CheckServer Thread
2026-06-14 11:08:43,249 [WARN] PackLoader:240 - Cannot read IP mode file for STMicroelectronics.X-CUBE-AZRTOS-H7.3.5.0
2026-06-14 11:08:43,263 [WARN] PackLoader:240 - Cannot read IP mode file for STMicroelectronics.FP-SNS-MOTENVWB1.1.4.0
2026-06-14 11:08:43,272 [WARN] PackLoader:240 - Cannot read IP mode file for STMicroelectronics.FP-ATR-ASTRA1.2.0.2
2026-06-14 11:08:43,283 [WARN] PackLoader:240 - Cannot read IP mode file for STMicroelectronics.X-CUBE-SMBUS.2.1.0
2026-06-14 11:08:43,290 [WARN] PackLoader:240 - Cannot read IP mode file for STMicroelectronics.X-CUBE-ST60.1.0.0
2026-06-14 11:08:43,314 [WARN] PackLoader:240 - Cannot read IP mode file for STMicroelectronics.X-CUBE-AZRTOS-F7.1.1.0
2026-06-14 11:08:43,330 [WARN] PackLoader:240 - Cannot read IP mode file for STMicroelectronics.FP-SNS-MOTENV1.4.3.2
2026-06-14 11:08:43,336 [WARN] PackLoader:240 - Cannot read IP mode file for STMicroelectronics.FP-SNS-MOTENV1.5.1.0
2026-06-14 11:08:43,342 [WARN] PackLoader:240 - Cannot read IP mode file for STMicroelectronics.FP-SNS-FLIGHT1.5.0.2
2026-06-14 11:08:43,365 [WARN] PackLoader:240 - Cannot read IP mode file for Infineon.AIROC-Wi-Fi-Bluetooth-STM32.1.7.0
2026-06-14 11:08:43,387 [WARN] PackLoader:240 - Cannot read IP mode file for STMicroelectronics.X-CUBE-AZRTOS-H7.3.4.0
2026-06-14 11:08:43,399 [WARN] PackLoader:240 - Cannot read IP mode file for STMicroelectronics.X-CUBE-DISPLAY.3.0.0
2026-06-14 11:08:43,411 [WARN] PackLoader:240 - Cannot read IP mode file for STMicroelectronics.X-CUBE-GNSS1.7.1.1
2026-06-14 11:08:43,417 [WARN] PackLoader:240 - Cannot read IP mode file for STMicroelectronics.FP-SNS-MOTENVWB1.1.5.0
2026-06-14 11:08:43,422 [WARN] PackLoader:240 - Cannot read IP mode file for STMicroelectronics.X-CUBE-BLE1.7.0.0
2026-06-14 11:08:43,429 [WARN] PackLoader:240 - Cannot read IP mode file for STMicroelectronics.X-CUBE-NFC10.1.0.0
2026-06-14 11:08:43,441 [WARN] PackLoader:240 - Cannot read IP mode file for STMicroelectronics.X-CUBE-BLEMGR.4.0.0
2026-06-14 11:08:43,448 [WARN] PackLoader:240 - Cannot read IP mode file for STMicroelectronics.X-CUBE-ST60.1.1.0
2026-06-14 11:08:43,454 [WARN] PackLoader:240 - Cannot read IP mode file for emotas.I-CUBE-CANOPEN.1.3.0
2026-06-14 11:08:43,460 [WARN] PackLoader:240 - Cannot read IP mode file for STMicroelectronics.X-CUBE-TOUCHGFX.4.22.0
2026-06-14 11:08:43,465 [WARN] PackLoader:240 - Cannot read IP mode file for STMicroelectronics.X-CUBE-GNSS1.7.1.0
2026-06-14 11:08:43,470 [WARN] ConditionMgr:438 - getConditionDescription Invalid condition id : Cortex-A Device cause : null
2026-06-14 11:08:43,483 [WARN] ConditionMgr:1044 - genDependencies : Invalid condition id : Cortex-A Device cause : null
2026-06-14 11:08:43,483 [WARN] ConditionMgr:1044 - genDependencies : Invalid condition id : Cortex-A Device cause : null
2026-06-14 11:08:43,484 [WARN] ConditionMgr:1044 - genDependencies : Invalid condition id : Cortex-A Device cause : null
2026-06-14 11:08:43,488 [WARN] PackLoader:240 - Cannot read IP mode file for STMicroelectronics.X-CUBE-AI.10.0.0
2026-06-14 11:08:43,493 [WARN] PackLoader:240 - Cannot read IP mode file for STMicroelectronics.FP-SNS-SMARTAG2.1.2.0
2026-06-14 11:08:43,498 [WARN] PackLoader:240 - Cannot read IP mode file for STMicroelectronics.FP-SNS-FLIGHT1.5.1.0
2026-06-14 11:08:43,507 [INFO] LogOutputStream:77 - [STDOUT_REDIRECT] 1 : Invalid condition id : UX_CORESTACK_Condition cause : null
2026-06-14 11:08:43,507 [INFO] LogOutputStream:77 - [STDOUT_REDIRECT] 1 : Invalid condition id : UX_CORESTACK_Condition cause : null
2026-06-14 11:08:43,509 [INFO] LogOutputStream:77 - [STDOUT_REDIRECT] 1 : Invalid condition id : UX_CORESTACK_Condition cause : null
2026-06-14 11:08:43,510 [INFO] LogOutputStream:77 - [STDOUT_REDIRECT] 1 : Invalid condition id : UX_CORESTACK_Condition cause : null
2026-06-14 11:08:43,511 [INFO] LogOutputStream:77 - [STDOUT_REDIRECT] 1 : Invalid condition id : UX_CORESTACK_Condition cause : null
2026-06-14 11:08:43,513 [WARN] PackLoader:240 - Cannot read IP mode file for STMicroelectronics.X-CUBE-AZRTOS-WL.2.0.0
2026-06-14 11:08:43,519 [WARN] PackLoader:240 - Cannot read IP mode file for STMicroelectronics.FP-SNS-MOTENV1.5.0.0
2026-06-14 11:08:43,536 [WARN] PackLoader:240 - Cannot read IP mode file for STMicroelectronics.X-CUBE-AZRTOS-H7RS.1.2.0
2026-06-14 11:08:43,547 [WARN] PackLoader:240 - Cannot read IP mode file for WES.I-CUBE-Cesium.1.3.0
2026-06-14 11:08:43,552 [WARN] PackLoader:240 - Cannot read IP mode file for STMicroelectronics.X-CUBE-BLE2.3.3.0
2026-06-14 11:08:43,569 [WARN] PackLoader:240 - Cannot read IP mode file for STMicroelectronics.X-CUBE-NFC9.1.0.0
2026-06-14 11:08:43,575 [WARN] PackLoader:240 - Cannot read IP mode file for STMicroelectronics.X-CUBE-BLE1.7.1.0
2026-06-14 11:08:43,580 [WARN] PackLoader:240 - Cannot read IP mode file for wolfSSL.I-CUBE-wolfMQTT.1.19.2
2026-06-14 11:08:43,585 [WARN] PackLoader:240 - Cannot read IP mode file for STMicroelectronics.X-CUBE-FREERTOS.1.4.0
2026-06-14 11:08:43,591 [WARN] PackLoader:240 - Cannot read IP mode file for STMicroelectronics.X-CUBE-EEPRMA1.5.2.0
2026-06-14 11:08:43,601 [WARN] PackLoader:240 - Cannot read IP mode file for STMicroelectronics.X-CUBE-ST67W61.1.1.0
2026-06-14 11:08:43,614 [WARN] PackLoader:240 - Cannot read IP mode file for STMicroelectronics.FP-SNS-STAIOTCFT.1.1.0
2026-06-14 11:08:43,648 [WARN] PackLoader:240 - Cannot read IP mode file for STMicroelectronics.X-CUBE-MEMS1.12.0.0
2026-06-14 11:08:43,725 [WARN] PackLoader:240 - Cannot read IP mode file for STMicroelectronics.X-CUBE-ALGOBUILD.1.3.0
2026-06-14 11:08:43,765 [WARN] PackLoader:240 - Cannot read IP mode file for STMicroelectronics.X-CUBE-MEMS1.11.2.0
2026-06-14 11:08:43,932 [WARN] PackLoader:240 - Cannot read IP mode file for STMicroelectronics.X-CUBE-AZRTOS-G0.1.1.0
2026-06-14 11:08:43,940 [WARN] PackLoader:240 - Cannot read IP mode file for STMicroelectronics.X-CUBE-SAFEA1.1.2.2
2026-06-14 11:08:43,946 [WARN] PackLoader:240 - Cannot read IP mode file for STMicroelectronics.X-CUBE-NFC4.3.0.0
2026-06-14 11:08:43,953 [WARN] PackLoader:240 - Cannot read IP mode file for EmbeddedOffice.I-CUBE-FS-RTOS.1.0.1
2026-06-14 11:08:43,959 [WARN] PackLoader:240 - Cannot read IP mode file for STMicroelectronics.X-CUBE-WB05N.2.0.0
2026-06-14 11:08:43,964 [WARN] PackLoader:240 - Cannot read IP mode file for wolfSSL.I-CUBE-wolfTPM.3.8.0
2026-06-14 11:08:43,969 [WARN] PackLoader:240 - Cannot read IP mode file for STMicroelectronics.X-CUBE-TCPP.4.2.0
2026-06-14 11:08:43,976 [WARN] PackLoader:240 - Cannot read IP mode file for RealThread.X-CUBE-RT-Thread_Nano.4.1.1
2026-06-14 11:08:43,981 [WARN] PackLoader:240 - Cannot read IP mode file for STMicroelectronics.FP-ATR-SIGFOX1.3.2.0
2026-06-14 11:08:43,986 [WARN] PackLoader:240 - Cannot read IP mode file for STMicroelectronics.X-CUBE-EEPRMA1.5.1.0
2026-06-14 11:08:43,991 [WARN] PackLoader:240 - Cannot read IP mode file for STMicroelectronics.X-CUBE-FREERTOS.1.5.0
2026-06-14 11:08:44,001 [WARN] PackLoader:240 - Cannot read IP mode file for ITTIA_DB.I-CUBE-ITTIADB.8.9.0
2026-06-14 11:08:44,008 [WARN] PackLoader:240 - Cannot read IP mode file for STMicroelectronics.X-CUBE-NFC6.3.2.0
2026-06-14 11:08:44,015 [WARN] PackLoader:240 - Cannot read IP mode file for STMicroelectronics.X-CUBE-ST67W61.1.0.0
2026-06-14 11:08:44,046 [WARN] PackLoader:240 - Cannot read IP mode file for STMicroelectronics.X-CUBE-MEMS1.12.1.0
2026-06-14 11:08:44,121 [WARN] PackLoader:240 - Cannot read IP mode file for SEGGER.I-CUBE-embOS.1.3.1
2026-06-14 11:08:44,149 [WARN] PackLoader:240 - Cannot read IP mode file for STMicroelectronics.X-CUBE-ALGOBUILD.1.4.0
2026-06-14 11:08:44,187 [WARN] PackLoader:240 - Cannot read IP mode file for STMicroelectronics.X-CUBE-MEMS1.11.3.0
2026-06-14 11:08:44,289 [WARN] PackLoader:240 - Cannot read IP mode file for STMicroelectronics.X-CUBE-PM33A1.1.0.0
2026-06-14 11:08:44,294 [WARN] PackLoader:240 - Cannot read IP mode file for STMicroelectronics.X-CUBE-GNSS1.6.0.0
2026-06-14 11:08:44,307 [WARN] PackLoader:240 - Cannot read IP mode file for STMicroelectronics.X-CUBE-AZRTOS-F4.1.1.0
2026-06-14 11:08:44,312 [WARN] PackLoader:240 - Cannot read IP mode file for wolfSSL.I-CUBE-wolfSSL.5.6.3
2026-06-14 11:08:44,316 [WARN] PackLoader:240 - Cannot read IP mode file for Avnet-IotConnect.X-CUBE-IoTC-DA16k-PMOD.1.0.0
2026-06-14 11:08:44,321 [WARN] PackLoader:240 - Cannot read IP mode file for STMicroelectronics.X-CUBE-ISPU.2.1.0
2026-06-14 11:08:44,330 [WARN] PackLoader:240 - Cannot read IP mode file for STMicroelectronics.X-CUBE-IPS.3.2.0
2026-06-14 11:08:44,338 [WARN] PackLoader:240 - Cannot read IP mode file for STMicroelectronics.eDS-WB_DPC_TT-BIDIR.2.1.1
2026-06-14 11:08:44,343 [WARN] PackLoader:240 - Cannot read IP mode file for STMicroelectronics.X-CUBE-NFC12.1.0.0
2026-06-14 11:08:44,359 [WARN] PackLoader:240 - Cannot read IP mode file for STMicroelectronics.X-CUBE-AZRTOS-L5.2.0.0
2026-06-14 11:08:44,398 [WARN] PackLoader:240 - Cannot read IP mode file for STMicroelectronics.X-CUBE-MEMS1.9.6.0
2026-06-14 11:08:44,511 [WARN] PackLoader:240 - Cannot read IP mode file for STMicroelectronics.X-CUBE-NFC6.3.1.0
2026-06-14 11:08:44,518 [WARN] PackLoader:240 - Cannot read IP mode file for STMicroelectronics.X-CUBE-ALGOBUILD.1.5.0
2026-06-14 11:08:44,524 [WARN] PackLoader:240 - Cannot read IP mode file for STMicroelectronics.X-CUBE-BLEMGR.2.0.0
2026-06-14 11:08:44,529 [WARN] PackLoader:240 - Cannot read IP mode file for STMicroelectronics.eDS-WB_DPC_VIENNA.1.2.0
2026-06-14 11:08:44,532 [WARN] PackLoader:240 - Cannot read IP mode file for STMicroelectronics.eDS-WB_DPC_3PH2L-BIDIR.1.1.1
2026-06-14 11:08:44,543 [WARN] ConditionMgr:438 - getConditionDescription Invalid condition id : UX DEVICE CLASS RTOS Condition cause : null
2026-06-14 11:08:44,543 [WARN] ConditionMgr:438 - getConditionDescription Invalid condition id : UX DEVICE CLASS RTOS Condition cause : null
2026-06-14 11:08:44,545 [WARN] PackLoader:240 - Cannot read IP mode file for STMicroelectronics.X-CUBE-AZRTOS-H7.3.1.0
2026-06-14 11:08:44,546 [WARN] ConditionMgr:1044 - genDependencies : Invalid condition id : UX DEVICE CLASS RTOS Condition cause : null
2026-06-14 11:08:44,546 [WARN] ConditionMgr:1044 - genDependencies : Invalid condition id : UX DEVICE CLASS RTOS Condition cause : null
2026-06-14 11:08:44,546 [WARN] ConditionMgr:1044 - genDependencies : Invalid condition id : UX DEVICE CLASS RTOS Condition cause : null
2026-06-14 11:08:44,547 [WARN] ConditionMgr:1044 - genDependencies : Invalid condition id : UX DEVICE CLASS RTOS Condition cause : null
2026-06-14 11:08:44,547 [WARN] ConditionMgr:1044 - genDependencies : Invalid condition id : UX DEVICE CLASS RTOS Condition cause : null
2026-06-14 11:08:44,552 [ERROR] Engine:466 - C:\Users\brbar\.stm32cubemx\thirdparties\pdsc\STMicroelectronics.X-CUBE-ST67W61.1.3.0.pdsc: PDSC version is not supported
2026-06-14 11:08:44,556 [WARN] PackLoader:240 - Cannot read IP mode file for STMicroelectronics.X-CUBE-FREERTOS.1.3.1
2026-06-14 11:08:44,561 [WARN] PackLoader:240 - Cannot read IP mode file for STMicroelectronics.X-CUBE-NFC7.1.0.1
2026-06-14 11:08:44,566 [WARN] PackLoader:240 - Cannot read IP mode file for STMicroelectronics.X-CUBE-TOUCHGFX.4.26.0
2026-06-14 11:08:44,571 [WARN] PackLoader:240 - Cannot read IP mode file for STMicroelectronics.X-CUBE-NFC6.3.0.0
2026-06-14 11:08:44,576 [WARN] PackLoader:240 - Cannot read IP mode file for STMicroelectronics.X-CUBE-TOUCHGFX.4.26.1
2026-06-14 11:08:44,580 [WARN] PackLoader:240 - Cannot read IP mode file for STMicroelectronics.X-CUBE-EEPRMA1.4.1.0
2026-06-14 11:08:44,585 [WARN] PackLoader:240 - Cannot read IP mode file for STMicroelectronics.FP-SNS-STAIOTCFT.1.0.0
2026-06-14 11:08:44,597 [WARN] PackLoader:240 - Cannot read IP mode file for STMicroelectronics.X-CUBE-DPower.1.3.0
2026-06-14 11:08:44,601 [WARN] PackLoader:240 - Cannot read IP mode file for STMicroelectronics.X-CUBE-AI.8.1.0
2026-06-14 11:08:44,615 [WARN] ConditionMgr:438 - getConditionDescription Invalid condition id : LAN8742 Phy interface Condition cause : null
2026-06-14 11:08:44,615 [WARN] PackLoader:240 - Cannot read IP mode file for STMicroelectronics.X-CUBE-AZRTOS-L4.2.0.0
2026-06-14 11:08:44,616 [WARN] ConditionMgr:1044 - genDependencies : Invalid condition id : LAN8742 Phy interface Condition cause : null
2026-06-14 11:08:44,616 [WARN] ConditionMgr:1044 - genDependencies : Invalid condition id : LAN8742 Phy interface Condition cause : null
2026-06-14 11:08:44,617 [WARN] ConditionMgr:1044 - genDependencies : Invalid condition id : LAN8742 Phy interface Condition cause : null
2026-06-14 11:08:44,623 [WARN] PackLoader:240 - Cannot read IP mode file for STMicroelectronics.X-CUBE-SFXS2LP1.4.0.0
2026-06-14 11:08:44,628 [WARN] PackLoader:240 - Cannot read IP mode file for STMicroelectronics.X-CUBE-WB05N.2.1.0
2026-06-14 11:08:44,633 [WARN] PackLoader:240 - Cannot read IP mode file for STMicroelectronics.X-CUBE-ST67W61.1.2.0
2026-06-14 11:08:44,637 [WARN] PackLoader:240 - Cannot read IP mode file for STMicroelectronics.X-CUBE-ISPU.1.1.0
2026-06-14 11:08:44,650 [WARN] PackLoader:240 - Cannot read IP mode file for STMicroelectronics.X-CUBE-AZRTOS-H7.3.3.0
2026-06-14 11:08:44,659 [WARN] PackLoader:240 - Cannot read IP mode file for STMicroelectronics.X-CUBE-BLEMGR.4.1.0
2026-06-14 11:08:44,671 [WARN] ConditionMgr:438 - getConditionDescription Invalid condition id : UX DEVICE CLASS RTOS Condition cause : null
2026-06-14 11:08:44,671 [WARN] ConditionMgr:438 - getConditionDescription Invalid condition id : UX DEVICE CLASS RTOS Condition cause : null
2026-06-14 11:08:44,672 [WARN] PackLoader:240 - Cannot read IP mode file for STMicroelectronics.X-CUBE-AZRTOS-WB.2.0.0
2026-06-14 11:08:44,673 [WARN] ConditionMgr:1044 - genDependencies : Invalid condition id : UX DEVICE CLASS RTOS Condition cause : null
2026-06-14 11:08:44,673 [WARN] ConditionMgr:1044 - genDependencies : Invalid condition id : UX DEVICE CLASS RTOS Condition cause : null
2026-06-14 11:08:44,674 [WARN] ConditionMgr:1044 - genDependencies : Invalid condition id : UX DEVICE CLASS RTOS Condition cause : null
2026-06-14 11:08:44,674 [WARN] ConditionMgr:1044 - genDependencies : Invalid condition id : UX DEVICE CLASS RTOS Condition cause : null
2026-06-14 11:08:44,674 [WARN] ConditionMgr:1044 - genDependencies : Invalid condition id : UX DEVICE CLASS RTOS Condition cause : null
2026-06-14 11:08:44,679 [WARN] PackLoader:240 - Cannot read IP mode file for STMicroelectronics.X-CUBE-GNSS1.7.0.1
2026-06-14 11:08:44,683 [WARN] PackLoader:240 - Cannot read IP mode file for STMicroelectronics.X-CUBE-TOUCHGFX.4.25.0
2026-06-14 11:08:44,688 [WARN] PackLoader:240 - Cannot read IP mode file for STMicroelectronics.FP-SNS-STBOX1.2.0.0
2026-06-14 11:08:44,696 [WARN] PackLoader:240 - Cannot read IP mode file for STMicroelectronics.X-CUBE-STSE01.2.0.0
2026-06-14 11:08:44,704 [WARN] PackLoader:240 - Cannot read IP mode file for STMicroelectronics.X-CUBE-SUBG2.5.0.0
2026-06-14 11:08:44,720 [WARN] PackLoader:240 - Cannot read IP mode file for STMicroelectronics.X-CUBE-AZRTOS-H7RS.1.1.0
2026-06-14 11:08:44,726 [WARN] PackLoader:240 - Cannot read IP mode file for Cesanta.I-CUBE-Mongoose.7.13.0
2026-06-14 11:08:44,734 [WARN] PackLoader:240 - Cannot read IP mode file for STMicroelectronics.X-CUBE-TOF1.3.3.1
2026-06-14 11:08:44,748 [WARN] PackLoader:240 - Cannot read IP mode file for STMicroelectronics.X-CUBE-AZRTOS-G4.2.0.0
2026-06-14 11:08:44,753 [WARN] PackLoader:240 - Cannot read IP mode file for wolfSSL.I-CUBE-wolfSSH.1.4.20
2026-06-14 11:08:44,757 [WARN] PackLoader:240 - Cannot read IP mode file for STMicroelectronics.X-CUBE-NFC7.2.0.0
2026-06-14 11:08:44,765 [WARN] PackLoader:240 - Cannot read IP mode file for STMicroelectronics.X-CUBE-IPS.3.1.0
2026-06-14 11:08:44,773 [WARN] PackLoader:240 - Cannot read IP mode file for STMicroelectronics.X-CUBE-ALS.1.0.2
2026-06-14 11:08:44,778 [WARN] PackLoader:240 - Cannot read IP mode file for STMicroelectronics.X-CUBE-FREERTOS.1.1.0
2026-06-14 11:08:44,783 [WARN] PackLoader:240 - Cannot read IP mode file for STMicroelectronics.X-CUBE-STSE01.1.0.0
2026-06-14 11:08:44,789 [WARN] PackLoader:240 - Cannot read IP mode file for portGmbH.I-Cube-SoM-uGOAL.1.1.0
2026-06-14 11:08:44,793 [WARN] PackLoader:240 - Cannot read IP mode file for STMicroelectronics.X-CUBE-ALS.1.0.1
2026-06-14 11:08:44,796 [WARN] PackLoader:240 - Cannot read IP mode file for STMicroelectronics.FP-ATR-ASTRA1.2.0.0
2026-06-14 11:08:44,803 [WARN] PackLoader:240 - Cannot read IP mode file for STMicroelectronics.X-CUBE-TOF1.3.4.3
2026-06-14 11:08:44,810 [INFO] ThirdParty:978 - Integrity check success = true
2026-06-14 11:08:44,810 [INFO] IntegrityCheckThread:100 - exiting critical section [integrity check]
2026-06-14 11:08:44,810 [INFO] IntegrityCheckThread:103 - End integrity checks thread
2026-06-14 11:09:25,005 [ERROR] LogOutputStream:75 - [STDERR_REDIRECT] 
2026-06-14 15:42:35,805 [INFO] Activator:176 - 


2026-06-14 15:42:35,808 [INFO] Activator:177 - !SESSION log4j initialized
2026-06-14 15:42:41,249 [INFO] LogOutputStream:77 - [STDOUT_REDIRECT] 
2026-06-14 15:42:42,583 [INFO] ApplicationProperties:184 - Using Application install path: C:\ST\STM32CubeIDE_1.13.1\STM32CubeIDE\plugins\com.st.stm32cube.common.mx_6.15.0.202507011659
2026-06-14 15:42:42,614 [INFO] DbMcusXml:78 - Set database path to: C:\ST\STM32CubeIDE_1.13.1\STM32CubeIDE\plugins\com.st.stm32cube.common.mx_6.15.0.202507011659\\db\/mcu/
2026-06-14 15:42:42,614 [INFO] ApiDb:274 - Set plugin database path to: C:\ST\STM32CubeIDE_1.13.1\STM32CubeIDE\plugins\com.st.stm32cube.common.mx_6.15.0.202507011659\\db\/plugins/boardmanager/
2026-06-14 15:42:42,615 [WARN] ApiDb:259 - Overriding images path with different value:  => C:\ST\STM32CubeIDE_1.13.1\STM32CubeIDE\plugins\com.st.stm32cube.common.mx_6.15.0.202507011659\\db\/plugins/mcufinder/images/
2026-06-14 15:42:42,628 [INFO] ApiDb:250 - Set database path to: C:\Users\brbar\.stmcufinder\plugins\mcufinder//mcu/
2026-06-14 15:42:42,635 [INFO] DbMcusAds:125 - Set database path to: C:\Users\brbar\.stmcufinder\plugins\mcufinder//mcu/
2026-06-14 15:42:42,638 [INFO] CrossReferenceDbSqlite:203 - Set database path to: C:\Users\brbar\.stmcufinder\plugins\mcufinder//mcu/cs/
2026-06-14 15:42:42,786 [INFO] RulesReader:64 - Compatibility file has been processed (317 Rules)
2026-06-14 15:42:42,894 [INFO] DbMcusXml:78 - Set database path to: C:\ST\STM32CubeIDE_1.13.1\STM32CubeIDE\plugins\com.st.stm32cube.common.mx_6.15.0.202507011659\\db\/mcu/
2026-06-14 15:42:42,895 [INFO] ApiDb:274 - Set plugin database path to: C:\ST\STM32CubeIDE_1.13.1\STM32CubeIDE\plugins\com.st.stm32cube.common.mx_6.15.0.202507011659\\db\/plugins/boardmanager/
2026-06-14 15:42:42,895 [INFO] ApiDb:261 - Set plugin images path to: C:\ST\STM32CubeIDE_1.13.1\STM32CubeIDE\plugins\com.st.stm32cube.common.mx_6.15.0.202507011659\\db\/plugins/mcufinder/images/
2026-06-14 15:42:42,895 [WARN] DbFile:41 - Overriding database path with different value: C:\Users\brbar\.stmcufinder\plugins\mcufinder/ => C:\Users\brbar\.stmcufinder\plugins\mcufinder
2026-06-14 15:42:42,895 [INFO] ApiDb:250 - Set database path to: C:\Users\brbar\.stmcufinder\plugins\mcufinder//mcu/
2026-06-14 15:42:42,895 [WARN] DbFile:41 - Overriding database path with different value: C:\Users\brbar\.stmcufinder\plugins\mcufinder/ => C:\Users\brbar\.stmcufinder\plugins\mcufinder
2026-06-14 15:42:42,895 [INFO] DbMcusAds:125 - Set database path to: C:\Users\brbar\.stmcufinder\plugins\mcufinder//mcu/
2026-06-14 15:42:42,895 [WARN] DbFile:41 - Overriding database path with different value: C:\Users\brbar\.stmcufinder\plugins\mcufinder/ => C:\Users\brbar\.stmcufinder\plugins\mcufinder
2026-06-14 15:42:42,895 [WARN] DbFile:41 - Overriding database path with different value: C:\Users\brbar\.stmcufinder\plugins\mcufinder/ => C:\Users\brbar\.stmcufinder\plugins\mcufinder
2026-06-14 15:42:42,896 [INFO] CrossReferenceDbSqlite:203 - Set database path to: C:\Users\brbar\.stmcufinder\plugins\mcufinder//mcu/cs/
2026-06-14 15:42:42,988 [INFO] MainPanel:274 - HeapMemory: 268435456
2026-06-14 15:42:43,123 [INFO] DbMcusXml:78 - Set database path to: C:\ST\STM32CubeIDE_1.13.1\STM32CubeIDE\plugins\com.st.stm32cube.common.mx_6.15.0.202507011659\\db\/mcu/
2026-06-14 15:42:43,124 [INFO] ApiDb:274 - Set plugin database path to: C:\ST\STM32CubeIDE_1.13.1\STM32CubeIDE\plugins\com.st.stm32cube.common.mx_6.15.0.202507011659\\db\/plugins/boardmanager/
2026-06-14 15:42:43,124 [INFO] ApiDb:261 - Set plugin images path to: C:\ST\STM32CubeIDE_1.13.1\STM32CubeIDE\plugins\com.st.stm32cube.common.mx_6.15.0.202507011659\\db\/plugins/mcufinder/images/
2026-06-14 15:42:43,124 [WARN] DbFile:41 - Overriding database path with different value: C:\Users\brbar\.stmcufinder\plugins\mcufinder/ => C:\Users\brbar\.stmcufinder\plugins\mcufinder
2026-06-14 15:42:43,124 [INFO] ApiDb:250 - Set database path to: C:\Users\brbar\.stmcufinder\plugins\mcufinder//mcu/
2026-06-14 15:42:43,124 [WARN] DbFile:41 - Overriding database path with different value: C:\Users\brbar\.stmcufinder\plugins\mcufinder/ => C:\Users\brbar\.stmcufinder\plugins\mcufinder
2026-06-14 15:42:43,124 [INFO] DbMcusAds:125 - Set database path to: C:\Users\brbar\.stmcufinder\plugins\mcufinder//mcu/
2026-06-14 15:42:43,124 [WARN] DbFile:41 - Overriding database path with different value: C:\Users\brbar\.stmcufinder\plugins\mcufinder/ => C:\Users\brbar\.stmcufinder\plugins\mcufinder
2026-06-14 15:42:43,125 [WARN] DbFile:41 - Overriding database path with different value: C:\Users\brbar\.stmcufinder\plugins\mcufinder/ => C:\Users\brbar\.stmcufinder\plugins\mcufinder
2026-06-14 15:42:43,125 [INFO] CrossReferenceDbSqlite:203 - Set database path to: C:\Users\brbar\.stmcufinder\plugins\mcufinder//mcu/cs/
2026-06-14 15:42:43,144 [INFO] ApplicationProperties:184 - Using Application install path: C:\ST\STM32CubeIDE_1.13.1\STM32CubeIDE\plugins\com.st.stm32cube.common.mx_6.15.0.202507011659
2026-06-14 15:42:43,146 [INFO] PluginManage:196 - Search for loadable plugins [exclusion list=, ]
2026-06-14 15:42:43,147 [INFO] PluginManage:310 - Check plugin analytics
2026-06-14 15:42:43,399 [INFO] AnalyticsPlugin:253 - Accepted Software Licenses: 
2026-06-14 15:42:43,400 [INFO] AnalyticsPlugin:255 - Accepted CMSIS Pack Licenses: 
2026-06-14 15:42:43,400 [INFO] AnalyticsPlugin:257 - Accepted Firmware Licenses: 
2026-06-14 15:42:43,404 [INFO] PluginManage:359 - Loaded plugin analytics (category:tool,tabindex:-1)
2026-06-14 15:42:43,405 [INFO] PluginManage:310 - Check plugin cadmodel
2026-06-14 15:42:43,413 [INFO] CADModel:105 - Init CAD model plugin
2026-06-14 15:42:43,413 [INFO] PluginManage:359 - Loaded plugin cadmodel (category:power,tabindex:5)
2026-06-14 15:42:43,414 [INFO] PluginManage:310 - Check plugin clock
2026-06-14 15:42:43,427 [INFO] PluginManage:359 - Loaded plugin clock (category:base,tabindex:2)
2026-06-14 15:42:43,427 [INFO] PluginManage:310 - Check plugin ddr
2026-06-14 15:42:43,430 [INFO] PluginManage:359 - Loaded plugin ddr (category:tool,tabindex:6)
2026-06-14 15:42:43,431 [INFO] PluginManage:310 - Check plugin filemanager
2026-06-14 15:42:43,593 [INFO] PluginManage:359 - Loaded plugin filemanager (category:base,tabindex:10)
2026-06-14 15:42:43,593 [INFO] PluginManage:310 - Check plugin ipmanager
2026-06-14 15:42:43,602 [INFO] PluginManage:359 - Loaded plugin ipmanager (category:base,tabindex:5)
2026-06-14 15:42:43,602 [INFO] PluginManage:310 - Check plugin lpbam
2026-06-14 15:42:43,612 [INFO] PluginManage:359 - Loaded plugin lpbam (category:base,tabindex:0)
2026-06-14 15:42:43,612 [INFO] PluginManage:310 - Check plugin memorymap
2026-06-14 15:42:43,627 [INFO] PluginManage:359 - Loaded plugin memorymap (category:base,tabindex:4)
2026-06-14 15:42:43,627 [INFO] PluginManage:310 - Check plugin pinoutandconfiguration
2026-06-14 15:42:43,639 [INFO] PluginManage:359 - Loaded plugin pinoutandconfiguration (category:base,tabindex:1)
2026-06-14 15:42:43,639 [INFO] PluginManage:310 - Check plugin pinoutconfig
2026-06-14 15:42:43,761 [WARN] SupportedApi:132 - Cannot load RTOS API schema: s4s-elt-must-match.1: The content of 'definitions' must match (annotation?, (simpleType | complexType)?, (unique | key | keyref)*)). A problem was found starting at: attribute.
2026-06-14 15:42:43,940 [INFO] PluginManage:359 - Loaded plugin pinoutconfig (category:base,tabindex:0)
2026-06-14 15:42:43,940 [INFO] PluginManage:310 - Check plugin power
2026-06-14 15:42:43,955 [INFO] PluginManage:359 - Loaded plugin power (category:power,tabindex:4)
2026-06-14 15:42:43,955 [INFO] PluginManage:310 - Check plugin projectmanager
2026-06-14 15:42:43,978 [INFO] PluginManage:359 - Loaded plugin projectmanager (category:projectmanager,tabindex:4)
2026-06-14 15:42:43,978 [INFO] PluginManage:310 - Check plugin rif
2026-06-14 15:42:43,997 [INFO] PluginManage:359 - Loaded plugin rif (category:base,tabindex:3)
2026-06-14 15:42:43,997 [INFO] PluginManage:310 - Check plugin thirdparty
2026-06-14 15:42:44,203 [INFO] PluginManage:359 - Loaded plugin thirdparty (category:base,tabindex:-1)
2026-06-14 15:42:44,203 [WARN] IntegrityCheckThread:84 - waiting for thirdparty lock release [integrity check]
2026-06-14 15:42:44,204 [INFO] PluginManage:310 - Check plugin tools
2026-06-14 15:42:44,204 [INFO] IntegrityCheckThread:86 - entering critical section [integrity check]
2026-06-14 15:42:44,205 [INFO] ThirdPartyUpdaterWithRetryManager:70 - Updater plugin not ready yet. [1/15]
2026-06-14 15:42:44,208 [INFO] PluginManage:359 - Loaded plugin tools (category:base,tabindex:7)
2026-06-14 15:42:44,209 [INFO] PluginManage:310 - Check plugin tutovideos
2026-06-14 15:42:44,420 [INFO] PluginManage:359 - Loaded plugin tutovideos (category:base,tabindex:-1)
2026-06-14 15:42:44,421 [INFO] PluginManage:310 - Check plugin updater
2026-06-14 15:42:44,444 [INFO] PluginManage:359 - Loaded plugin updater (category:base,tabindex:12)
2026-06-14 15:42:44,445 [INFO] PluginManage:310 - Check plugin userauth
2026-06-14 15:42:44,449 [INFO] UserAuth:118 - Init User Auth plugin
2026-06-14 15:42:44,450 [INFO] PluginManage:359 - Loaded plugin userauth (category:base,tabindex:14)
2026-06-14 15:42:44,451 [INFO] PluginManage:283 - PluginManage : Loaded plugins [18]
2026-06-14 15:42:44,685 [INFO] PinOutPanel:1589 - setPackage(No Configuration,No Configuration)
2026-06-14 15:42:44,772 [INFO] CADModel:165 - CPN selected for project level
2026-06-14 15:42:44,772 [INFO] CADModel:114 - Register for checkConnection events
2026-06-14 15:42:44,794 [INFO] IPUIPlugin:80 - create IPUIPlugin
2026-06-14 15:42:44,795 [INFO] PluginManager:220 - loadIPPluginJar : add adc
2026-06-14 15:42:44,799 [INFO] IPUIPlugin:80 - create IPUIPlugin
2026-06-14 15:42:44,799 [INFO] PluginManager:220 - loadIPPluginJar : add aes
2026-06-14 15:42:44,803 [INFO] IPUIPlugin:80 - create IPUIPlugin
2026-06-14 15:42:44,803 [INFO] PluginManager:220 - loadIPPluginJar : add can
2026-06-14 15:42:44,805 [INFO] IPUIPlugin:80 - create IPUIPlugin
2026-06-14 15:42:44,806 [INFO] PluginManager:220 - loadIPPluginJar : add comp
2026-06-14 15:42:44,809 [INFO] IPUIPlugin:80 - create IPUIPlugin
2026-06-14 15:42:44,809 [INFO] PluginManager:220 - loadIPPluginJar : add cryp
2026-06-14 15:42:44,813 [INFO] IPUIPlugin:80 - create IPUIPlugin
2026-06-14 15:42:44,813 [INFO] PluginManager:220 - loadIPPluginJar : add ddr_ctrl_phy
2026-06-14 15:42:44,815 [INFO] IPUIPlugin:80 - create IPUIPlugin
2026-06-14 15:42:44,815 [INFO] PluginManager:220 - loadIPPluginJar : add dfsdm
2026-06-14 15:42:44,823 [INFO] IPUIPlugin:80 - create IPUIPlugin
2026-06-14 15:42:44,824 [INFO] PluginManager:220 - loadIPPluginJar : add dma
2026-06-14 15:42:44,829 [INFO] IPUIPlugin:80 - create IPUIPlugin
2026-06-14 15:42:44,829 [INFO] PluginManager:220 - loadIPPluginJar : add dma3
2026-06-14 15:42:44,833 [INFO] IPUIPlugin:80 - create IPUIPlugin
2026-06-14 15:42:44,833 [INFO] PluginManager:220 - loadIPPluginJar : add extmemmanager
2026-06-14 15:42:44,836 [INFO] IPUIPlugin:80 - create IPUIPlugin
2026-06-14 15:42:44,836 [INFO] PluginManager:220 - loadIPPluginJar : add fatfs
2026-06-14 15:42:44,843 [INFO] IPUIPlugin:80 - create IPUIPlugin
2026-06-14 15:42:44,843 [INFO] PluginManager:220 - loadIPPluginJar : add fmc
2026-06-14 15:42:44,855 [INFO] IPUIPlugin:80 - create IPUIPlugin
2026-06-14 15:42:44,855 [INFO] PluginManager:220 - loadIPPluginJar : add freertos
2026-06-14 15:42:44,858 [INFO] IPUIPlugin:80 - create IPUIPlugin
2026-06-14 15:42:44,858 [INFO] PluginManager:220 - loadIPPluginJar : add genericplugin
2026-06-14 15:42:44,861 [INFO] IPUIPlugin:80 - create IPUIPlugin
2026-06-14 15:42:44,862 [INFO] PluginManager:220 - loadIPPluginJar : add gfxmmu
2026-06-14 15:42:44,868 [INFO] IPUIPlugin:80 - create IPUIPlugin
2026-06-14 15:42:44,868 [INFO] PluginManager:220 - loadIPPluginJar : add gic
2026-06-14 15:42:44,875 [INFO] IPUIPlugin:80 - create IPUIPlugin
2026-06-14 15:42:44,875 [INFO] PluginManager:220 - loadIPPluginJar : add gpio
2026-06-14 15:42:44,879 [INFO] IPUIPlugin:80 - create IPUIPlugin
2026-06-14 15:42:44,879 [INFO] PluginManager:220 - loadIPPluginJar : add gtzc
2026-06-14 15:42:44,883 [INFO] IPUIPlugin:80 - create IPUIPlugin
2026-06-14 15:42:44,883 [INFO] PluginManager:220 - loadIPPluginJar : add hash
2026-06-14 15:42:44,886 [INFO] IPUIPlugin:80 - create IPUIPlugin
2026-06-14 15:42:44,886 [INFO] PluginManager:220 - loadIPPluginJar : add i2c
2026-06-14 15:42:44,889 [INFO] IPUIPlugin:80 - create IPUIPlugin
2026-06-14 15:42:44,889 [INFO] PluginManager:220 - loadIPPluginJar : add i2s
2026-06-14 15:42:44,893 [INFO] IPUIPlugin:80 - create IPUIPlugin
2026-06-14 15:42:44,893 [INFO] PluginManager:220 - loadIPPluginJar : add i3c
2026-06-14 15:42:44,897 [INFO] IPUIPlugin:80 - create IPUIPlugin
2026-06-14 15:42:44,897 [INFO] PluginManager:220 - loadIPPluginJar : add ipddr
2026-06-14 15:42:44,905 [INFO] IPUIPlugin:80 - create IPUIPlugin
2026-06-14 15:42:44,906 [INFO] PluginManager:220 - loadIPPluginJar : add linkedlist
2026-06-14 15:42:44,909 [INFO] IPUIPlugin:80 - create IPUIPlugin
2026-06-14 15:42:44,909 [INFO] PluginManager:220 - loadIPPluginJar : add lorawan
2026-06-14 15:42:44,911 [INFO] IPUIPlugin:80 - create IPUIPlugin
2026-06-14 15:42:44,911 [INFO] PluginManager:220 - loadIPPluginJar : add ltdc
2026-06-14 15:42:44,916 [INFO] IPUIPlugin:80 - create IPUIPlugin
2026-06-14 15:42:44,916 [INFO] PluginManager:220 - loadIPPluginJar : add mdma
2026-06-14 15:42:44,921 [INFO] IPUIPlugin:80 - create IPUIPlugin
2026-06-14 15:42:44,921 [INFO] PluginManager:220 - loadIPPluginJar : add nvic
2026-06-14 15:42:44,925 [INFO] IPUIPlugin:80 - create IPUIPlugin
2026-06-14 15:42:44,925 [INFO] PluginManager:220 - loadIPPluginJar : add opamp
2026-06-14 15:42:44,929 [INFO] IPUIPlugin:80 - create IPUIPlugin
2026-06-14 15:42:44,930 [INFO] PluginManager:220 - loadIPPluginJar : add openamp
2026-06-14 15:42:44,933 [INFO] IPUIPlugin:80 - create IPUIPlugin
2026-06-14 15:42:44,933 [INFO] PluginManager:220 - loadIPPluginJar : add pdm2pcm
2026-06-14 15:42:44,943 [INFO] IPUIPlugin:80 - create IPUIPlugin
2026-06-14 15:42:44,947 [INFO] PluginManager:220 - loadIPPluginJar : add plateformsettings
2026-06-14 15:42:44,949 [INFO] IPUIPlugin:80 - create IPUIPlugin
2026-06-14 15:42:44,950 [INFO] PluginManager:220 - loadIPPluginJar : add quadspi
2026-06-14 15:42:44,953 [INFO] IPUIPlugin:80 - create IPUIPlugin
2026-06-14 15:42:44,955 [INFO] PluginManager:220 - loadIPPluginJar : add radio
2026-06-14 15:42:44,961 [INFO] IPUIPlugin:80 - create IPUIPlugin
2026-06-14 15:42:44,961 [INFO] PluginManager:220 - loadIPPluginJar : add resmgrutility
2026-06-14 15:42:44,966 [INFO] IPUIPlugin:80 - create IPUIPlugin
2026-06-14 15:42:44,966 [INFO] PluginManager:220 - loadIPPluginJar : add sai
2026-06-14 15:42:44,970 [INFO] IPUIPlugin:80 - create IPUIPlugin
2026-06-14 15:42:44,970 [INFO] PluginManager:220 - loadIPPluginJar : add spi
2026-06-14 15:42:44,978 [INFO] IPUIPlugin:80 - create IPUIPlugin
2026-06-14 15:42:44,979 [INFO] PluginManager:220 - loadIPPluginJar : add stm32_wpan
2026-06-14 15:42:44,981 [INFO] IPUIPlugin:80 - create IPUIPlugin
2026-06-14 15:42:44,981 [INFO] PluginManager:220 - loadIPPluginJar : add tim
2026-06-14 15:42:44,989 [INFO] IPUIPlugin:80 - create IPUIPlugin
2026-06-14 15:42:44,989 [INFO] PluginManager:220 - loadIPPluginJar : add touchsensing
2026-06-14 15:42:44,992 [INFO] IPUIPlugin:80 - create IPUIPlugin
2026-06-14 15:42:44,993 [INFO] PluginManager:220 - loadIPPluginJar : add tracer_emb
2026-06-14 15:42:44,996 [INFO] IPUIPlugin:80 - create IPUIPlugin
2026-06-14 15:42:44,996 [INFO] PluginManager:220 - loadIPPluginJar : add ts
2026-06-14 15:42:44,998 [INFO] IPUIPlugin:80 - create IPUIPlugin
2026-06-14 15:42:44,998 [INFO] PluginManager:220 - loadIPPluginJar : add tsc
2026-06-14 15:42:45,001 [INFO] IPUIPlugin:80 - create IPUIPlugin
2026-06-14 15:42:45,001 [INFO] PluginManager:220 - loadIPPluginJar : add ucpd
2026-06-14 15:42:45,004 [INFO] IPUIPlugin:80 - create IPUIPlugin
2026-06-14 15:42:45,004 [INFO] PluginManager:220 - loadIPPluginJar : add usart
2026-06-14 15:42:45,009 [INFO] IPUIPlugin:80 - create IPUIPlugin
2026-06-14 15:42:45,009 [INFO] PluginManager:220 - loadIPPluginJar : add usbx
2026-06-14 15:42:45,157 [FATAL] Updater:351 - Updater called before beeing initialized
2026-06-14 15:42:45,212 [INFO] RulesReader:64 - Compatibility file has been processed (317 Rules)
2026-06-14 15:42:45,230 [INFO] RulesReader:64 - Compatibility file has been processed (317 Rules)
2026-06-14 15:42:45,242 [INFO] CADModel:165 - CPN selected for project level
2026-06-14 15:42:45,242 [INFO] CADModel:114 - Register for checkConnection events
2026-06-14 15:42:45,242 [FATAL] Updater:351 - Updater called before beeing initialized
2026-06-14 15:42:45,242 [ERROR] CADModel:125 - Updater not yet initialized, retry later 
2026-06-14 15:42:45,429 [FATAL] Updater:351 - Updater called before beeing initialized
2026-06-14 15:42:45,431 [INFO] CADModel:165 - CPN selected for project level
2026-06-14 15:42:45,431 [INFO] CADModel:114 - Register for checkConnection events
2026-06-14 15:42:45,431 [FATAL] Updater:351 - Updater called before beeing initialized
2026-06-14 15:42:45,431 [ERROR] CADModel:125 - Updater not yet initialized, retry later 
2026-06-14 15:42:45,437 [FATAL] Updater:351 - Updater called before beeing initialized
2026-06-14 15:42:45,593 [FATAL] Updater:351 - Updater called before beeing initialized
2026-06-14 15:42:45,597 [INFO] DbMcusAds:53 - JSON generation date=Thu May 28 19:08:17 EEST 2026 (1779984497073)
2026-06-14 15:42:45,597 [FATAL] Updater:351 - Updater called before beeing initialized
2026-06-14 15:42:45,635 [WARN] DetailPanel:346 - Failed to get advertising image, set to default
2026-06-14 15:42:45,726 [FATAL] Updater:351 - Updater called before beeing initialized
2026-06-14 15:42:45,728 [FATAL] Updater:351 - Updater called before beeing initialized
2026-06-14 15:42:45,728 [FATAL] Updater:351 - Updater called before beeing initialized
2026-06-14 15:42:45,728 [WARN] DetailPanel:346 - Failed to get advertising image, set to default
2026-06-14 15:42:45,729 [FATAL] Updater:351 - Updater called before beeing initialized
2026-06-14 15:42:45,783 [ERROR] Updater:1198 - MainUpdater not yet initialized. External WinMGr cannot be set.
2026-06-14 15:42:45,785 [INFO] Updater:1134 - Updater Version found : 6.15.0
2026-06-14 15:42:45,798 [INFO] ApplicationProperties:184 - Using Application install path: C:\ST\STM32CubeIDE_1.13.1\STM32CubeIDE\plugins\com.st.stm32cube.common.mx_6.15.0.202507011659
2026-06-14 15:42:47,205 [INFO] ThirdPartyUpdaterWithRetryManager:70 - Updater plugin not ready yet. [2/15]
2026-06-14 15:42:47,368 [ERROR] LogOutputStream:75 - [STDERR_REDIRECT] Jun 14, 2026 3:42:47 PM java.util.prefs.WindowsPreferences <init>
2026-06-14 15:42:47,370 [ERROR] LogOutputStream:75 - [STDERR_REDIRECT] WARNING: Could not open/create prefs root node Software\JavaSoft\Prefs at root 0xffffffff80000002. Windows RegCreateKeyEx(...) returned error code 5.
2026-06-14 15:42:47,370 [ERROR] LogOutputStream:75 - [STDERR_REDIRECT] 
2026-06-14 15:42:47,650 [INFO] MainUpdater:2872 - connection check result : 22
2026-06-14 15:42:47,651 [INFO] MainUpdater:289 - Updater Check For Update Now.
2026-06-14 15:42:47,651 [INFO] MicroXplorer:498 - Change Database Version : DB.6.0.150
2026-06-14 15:42:47,661 [INFO] McuFinderGlobals:63 - Set McuFinder mode to 2 (CubeIDE integrated)
2026-06-14 15:42:47,667 [INFO] UserAuth:487 - Internet connection configuration mode: 2
2026-06-14 15:42:47,688 [INFO] UserAuth:487 - Internet connection configuration mode: 2
2026-06-14 15:42:47,868 [INFO] CheckServerUpdateThread:120 - End of CheckServer Thread
2026-06-14 15:42:50,703 [WARN] PackLoader:240 - Cannot read IP mode file for STMicroelectronics.X-CUBE-AZRTOS-H7.3.5.0
2026-06-14 15:42:50,713 [WARN] PackLoader:240 - Cannot read IP mode file for STMicroelectronics.FP-SNS-MOTENVWB1.1.4.0
2026-06-14 15:42:50,731 [WARN] PackLoader:240 - Cannot read IP mode file for STMicroelectronics.FP-ATR-ASTRA1.2.0.2
2026-06-14 15:42:50,745 [WARN] PackLoader:240 - Cannot read IP mode file for STMicroelectronics.X-CUBE-SMBUS.2.1.0
2026-06-14 15:42:50,753 [WARN] PackLoader:240 - Cannot read IP mode file for STMicroelectronics.X-CUBE-ST60.1.0.0
2026-06-14 15:42:50,776 [WARN] PackLoader:240 - Cannot read IP mode file for STMicroelectronics.X-CUBE-AZRTOS-F7.1.1.0
2026-06-14 15:42:50,798 [WARN] PackLoader:240 - Cannot read IP mode file for STMicroelectronics.FP-SNS-MOTENV1.4.3.2
2026-06-14 15:42:50,808 [WARN] PackLoader:240 - Cannot read IP mode file for STMicroelectronics.FP-SNS-MOTENV1.5.1.0
2026-06-14 15:42:50,816 [WARN] PackLoader:240 - Cannot read IP mode file for STMicroelectronics.FP-SNS-FLIGHT1.5.0.2
2026-06-14 15:42:50,841 [WARN] PackLoader:240 - Cannot read IP mode file for Infineon.AIROC-Wi-Fi-Bluetooth-STM32.1.7.0
2026-06-14 15:42:50,885 [WARN] PackLoader:240 - Cannot read IP mode file for STMicroelectronics.X-CUBE-AZRTOS-H7.3.4.0
2026-06-14 15:42:50,901 [WARN] PackLoader:240 - Cannot read IP mode file for STMicroelectronics.X-CUBE-DISPLAY.3.0.0
2026-06-14 15:42:50,915 [WARN] PackLoader:240 - Cannot read IP mode file for STMicroelectronics.X-CUBE-GNSS1.7.1.1
2026-06-14 15:42:50,923 [WARN] PackLoader:240 - Cannot read IP mode file for STMicroelectronics.FP-SNS-MOTENVWB1.1.5.0
2026-06-14 15:42:50,929 [WARN] PackLoader:240 - Cannot read IP mode file for STMicroelectronics.X-CUBE-BLE1.7.0.0
2026-06-14 15:42:50,939 [WARN] PackLoader:240 - Cannot read IP mode file for STMicroelectronics.X-CUBE-NFC10.1.0.0
2026-06-14 15:42:50,953 [WARN] PackLoader:240 - Cannot read IP mode file for STMicroelectronics.X-CUBE-BLEMGR.4.0.0
2026-06-14 15:42:50,961 [WARN] PackLoader:240 - Cannot read IP mode file for STMicroelectronics.X-CUBE-ST60.1.1.0
2026-06-14 15:42:50,969 [WARN] PackLoader:240 - Cannot read IP mode file for emotas.I-CUBE-CANOPEN.1.3.0
2026-06-14 15:42:50,977 [WARN] PackLoader:240 - Cannot read IP mode file for STMicroelectronics.X-CUBE-TOUCHGFX.4.22.0
2026-06-14 15:42:50,980 [WARN] PackLoader:240 - Cannot read IP mode file for STMicroelectronics.X-CUBE-GNSS1.7.1.0
2026-06-14 15:42:50,991 [WARN] ConditionMgr:438 - getConditionDescription Invalid condition id : Cortex-A Device cause : null
2026-06-14 15:42:50,996 [WARN] ConditionMgr:1044 - genDependencies : Invalid condition id : Cortex-A Device cause : null
2026-06-14 15:42:51,008 [WARN] ConditionMgr:1044 - genDependencies : Invalid condition id : Cortex-A Device cause : null
2026-06-14 15:42:51,008 [WARN] ConditionMgr:1044 - genDependencies : Invalid condition id : Cortex-A Device cause : null
2026-06-14 15:42:51,012 [WARN] PackLoader:240 - Cannot read IP mode file for STMicroelectronics.X-CUBE-AI.10.0.0
2026-06-14 15:42:51,019 [WARN] PackLoader:240 - Cannot read IP mode file for STMicroelectronics.FP-SNS-SMARTAG2.1.2.0
2026-06-14 15:42:51,025 [WARN] PackLoader:240 - Cannot read IP mode file for STMicroelectronics.FP-SNS-FLIGHT1.5.1.0
2026-06-14 15:42:51,030 [INFO] LogOutputStream:77 - [STDOUT_REDIRECT] 1 : Invalid condition id : UX_CORESTACK_Condition cause : null
2026-06-14 15:42:51,030 [INFO] LogOutputStream:77 - [STDOUT_REDIRECT] 1 : Invalid condition id : UX_CORESTACK_Condition cause : null
2026-06-14 15:42:51,030 [INFO] LogOutputStream:77 - [STDOUT_REDIRECT] 1 : Invalid condition id : UX_CORESTACK_Condition cause : null
2026-06-14 15:42:51,030 [INFO] LogOutputStream:77 - [STDOUT_REDIRECT] 1 : Invalid condition id : UX_CORESTACK_Condition cause : null
2026-06-14 15:42:51,044 [INFO] LogOutputStream:77 - [STDOUT_REDIRECT] 1 : Invalid condition id : UX_CORESTACK_Condition cause : null
2026-06-14 15:42:51,044 [WARN] PackLoader:240 - Cannot read IP mode file for STMicroelectronics.X-CUBE-AZRTOS-WL.2.0.0
2026-06-14 15:42:51,055 [WARN] PackLoader:240 - Cannot read IP mode file for STMicroelectronics.FP-SNS-MOTENV1.5.0.0
2026-06-14 15:42:51,077 [WARN] PackLoader:240 - Cannot read IP mode file for STMicroelectronics.X-CUBE-AZRTOS-H7RS.1.2.0
2026-06-14 15:42:51,095 [WARN] PackLoader:240 - Cannot read IP mode file for WES.I-CUBE-Cesium.1.3.0
2026-06-14 15:42:51,106 [WARN] PackLoader:240 - Cannot read IP mode file for STMicroelectronics.X-CUBE-BLE2.3.3.0
2026-06-14 15:42:51,122 [WARN] PackLoader:240 - Cannot read IP mode file for STMicroelectronics.X-CUBE-NFC9.1.0.0
2026-06-14 15:42:51,122 [WARN] PackLoader:240 - Cannot read IP mode file for STMicroelectronics.X-CUBE-BLE1.7.1.0
2026-06-14 15:42:51,138 [WARN] PackLoader:240 - Cannot read IP mode file for wolfSSL.I-CUBE-wolfMQTT.1.19.2
2026-06-14 15:42:51,150 [WARN] PackLoader:240 - Cannot read IP mode file for STMicroelectronics.X-CUBE-FREERTOS.1.4.0
2026-06-14 15:42:51,158 [WARN] PackLoader:240 - Cannot read IP mode file for STMicroelectronics.X-CUBE-EEPRMA1.5.2.0
2026-06-14 15:42:51,167 [WARN] PackLoader:240 - Cannot read IP mode file for STMicroelectronics.X-CUBE-ST67W61.1.1.0
2026-06-14 15:42:51,177 [WARN] PackLoader:240 - Cannot read IP mode file for STMicroelectronics.FP-SNS-STAIOTCFT.1.1.0
2026-06-14 15:42:51,228 [WARN] PackLoader:240 - Cannot read IP mode file for STMicroelectronics.X-CUBE-MEMS1.12.0.0
2026-06-14 15:42:51,355 [WARN] PackLoader:240 - Cannot read IP mode file for STMicroelectronics.X-CUBE-ALGOBUILD.1.3.0
2026-06-14 15:42:51,422 [WARN] PackLoader:240 - Cannot read IP mode file for STMicroelectronics.X-CUBE-MEMS1.11.2.0
2026-06-14 15:42:51,625 [WARN] PackLoader:240 - Cannot read IP mode file for STMicroelectronics.X-CUBE-AZRTOS-G0.1.1.0
2026-06-14 15:42:51,635 [WARN] PackLoader:240 - Cannot read IP mode file for STMicroelectronics.X-CUBE-SAFEA1.1.2.2
2026-06-14 15:42:51,644 [WARN] PackLoader:240 - Cannot read IP mode file for STMicroelectronics.X-CUBE-NFC4.3.0.0
2026-06-14 15:42:51,655 [WARN] PackLoader:240 - Cannot read IP mode file for EmbeddedOffice.I-CUBE-FS-RTOS.1.0.1
2026-06-14 15:42:51,661 [WARN] PackLoader:240 - Cannot read IP mode file for STMicroelectronics.X-CUBE-WB05N.2.0.0
2026-06-14 15:42:51,665 [WARN] PackLoader:240 - Cannot read IP mode file for wolfSSL.I-CUBE-wolfTPM.3.8.0
2026-06-14 15:42:51,671 [WARN] PackLoader:240 - Cannot read IP mode file for STMicroelectronics.X-CUBE-TCPP.4.2.0
2026-06-14 15:42:51,681 [WARN] PackLoader:240 - Cannot read IP mode file for RealThread.X-CUBE-RT-Thread_Nano.4.1.1
2026-06-14 15:42:51,687 [WARN] PackLoader:240 - Cannot read IP mode file for STMicroelectronics.FP-ATR-SIGFOX1.3.2.0
2026-06-14 15:42:51,697 [WARN] PackLoader:240 - Cannot read IP mode file for STMicroelectronics.X-CUBE-EEPRMA1.5.1.0
2026-06-14 15:42:51,705 [WARN] PackLoader:240 - Cannot read IP mode file for STMicroelectronics.X-CUBE-FREERTOS.1.5.0
2026-06-14 15:42:51,713 [WARN] PackLoader:240 - Cannot read IP mode file for ITTIA_DB.I-CUBE-ITTIADB.8.9.0
2026-06-14 15:42:51,722 [WARN] PackLoader:240 - Cannot read IP mode file for STMicroelectronics.X-CUBE-NFC6.3.2.0
2026-06-14 15:42:51,734 [WARN] PackLoader:240 - Cannot read IP mode file for STMicroelectronics.X-CUBE-ST67W61.1.0.0
2026-06-14 15:42:51,784 [WARN] PackLoader:240 - Cannot read IP mode file for STMicroelectronics.X-CUBE-MEMS1.12.1.0
2026-06-14 15:42:51,884 [WARN] PackLoader:240 - Cannot read IP mode file for SEGGER.I-CUBE-embOS.1.3.1
2026-06-14 15:42:51,928 [WARN] PackLoader:240 - Cannot read IP mode file for STMicroelectronics.X-CUBE-ALGOBUILD.1.4.0
2026-06-14 15:42:51,967 [WARN] PackLoader:240 - Cannot read IP mode file for STMicroelectronics.X-CUBE-MEMS1.11.3.0
2026-06-14 15:42:52,048 [WARN] PackLoader:240 - Cannot read IP mode file for STMicroelectronics.X-CUBE-PM33A1.1.0.0
2026-06-14 15:42:52,056 [WARN] PackLoader:240 - Cannot read IP mode file for STMicroelectronics.X-CUBE-GNSS1.6.0.0
2026-06-14 15:42:52,070 [WARN] PackLoader:240 - Cannot read IP mode file for STMicroelectronics.X-CUBE-AZRTOS-F4.1.1.0
2026-06-14 15:42:52,074 [WARN] PackLoader:240 - Cannot read IP mode file for wolfSSL.I-CUBE-wolfSSL.5.6.3
2026-06-14 15:42:52,079 [WARN] PackLoader:240 - Cannot read IP mode file for Avnet-IotConnect.X-CUBE-IoTC-DA16k-PMOD.1.0.0
2026-06-14 15:42:52,087 [WARN] PackLoader:240 - Cannot read IP mode file for STMicroelectronics.X-CUBE-ISPU.2.1.0
2026-06-14 15:42:52,103 [WARN] PackLoader:240 - Cannot read IP mode file for STMicroelectronics.X-CUBE-IPS.3.2.0
2026-06-14 15:42:52,116 [WARN] PackLoader:240 - Cannot read IP mode file for STMicroelectronics.eDS-WB_DPC_TT-BIDIR.2.1.1
2026-06-14 15:42:52,123 [WARN] PackLoader:240 - Cannot read IP mode file for STMicroelectronics.X-CUBE-NFC12.1.0.0
2026-06-14 15:42:52,139 [WARN] PackLoader:240 - Cannot read IP mode file for STMicroelectronics.X-CUBE-AZRTOS-L5.2.0.0
2026-06-14 15:42:52,190 [WARN] PackLoader:240 - Cannot read IP mode file for STMicroelectronics.X-CUBE-MEMS1.9.6.0
2026-06-14 15:42:52,322 [WARN] PackLoader:240 - Cannot read IP mode file for STMicroelectronics.X-CUBE-NFC6.3.1.0
2026-06-14 15:42:52,331 [WARN] PackLoader:240 - Cannot read IP mode file for STMicroelectronics.X-CUBE-ALGOBUILD.1.5.0
2026-06-14 15:42:52,338 [WARN] PackLoader:240 - Cannot read IP mode file for STMicroelectronics.X-CUBE-BLEMGR.2.0.0
2026-06-14 15:42:52,349 [WARN] PackLoader:240 - Cannot read IP mode file for STMicroelectronics.eDS-WB_DPC_VIENNA.1.2.0
2026-06-14 15:42:52,355 [WARN] PackLoader:240 - Cannot read IP mode file for STMicroelectronics.eDS-WB_DPC_3PH2L-BIDIR.1.1.1
2026-06-14 15:42:52,369 [WARN] ConditionMgr:438 - getConditionDescription Invalid condition id : UX DEVICE CLASS RTOS Condition cause : null
2026-06-14 15:42:52,369 [WARN] ConditionMgr:438 - getConditionDescription Invalid condition id : UX DEVICE CLASS RTOS Condition cause : null
2026-06-14 15:42:52,374 [WARN] PackLoader:240 - Cannot read IP mode file for STMicroelectronics.X-CUBE-AZRTOS-H7.3.1.0
2026-06-14 15:42:52,374 [WARN] ConditionMgr:1044 - genDependencies : Invalid condition id : UX DEVICE CLASS RTOS Condition cause : null
2026-06-14 15:42:52,374 [WARN] ConditionMgr:1044 - genDependencies : Invalid condition id : UX DEVICE CLASS RTOS Condition cause : null
2026-06-14 15:42:52,376 [WARN] ConditionMgr:1044 - genDependencies : Invalid condition id : UX DEVICE CLASS RTOS Condition cause : null
2026-06-14 15:42:52,376 [WARN] ConditionMgr:1044 - genDependencies : Invalid condition id : UX DEVICE CLASS RTOS Condition cause : null
2026-06-14 15:42:52,376 [WARN] ConditionMgr:1044 - genDependencies : Invalid condition id : UX DEVICE CLASS RTOS Condition cause : null
2026-06-14 15:42:52,384 [ERROR] Engine:466 - C:\Users\brbar\.stm32cubemx\thirdparties\pdsc\STMicroelectronics.X-CUBE-ST67W61.1.3.0.pdsc: PDSC version is not supported
2026-06-14 15:42:52,390 [WARN] PackLoader:240 - Cannot read IP mode file for STMicroelectronics.X-CUBE-FREERTOS.1.3.1
2026-06-14 15:42:52,394 [WARN] PackLoader:240 - Cannot read IP mode file for STMicroelectronics.X-CUBE-NFC7.1.0.1
2026-06-14 15:42:52,400 [WARN] PackLoader:240 - Cannot read IP mode file for STMicroelectronics.X-CUBE-TOUCHGFX.4.26.0
2026-06-14 15:42:52,408 [WARN] PackLoader:240 - Cannot read IP mode file for STMicroelectronics.X-CUBE-NFC6.3.0.0
2026-06-14 15:42:52,416 [WARN] PackLoader:240 - Cannot read IP mode file for STMicroelectronics.X-CUBE-TOUCHGFX.4.26.1
2026-06-14 15:42:52,420 [WARN] PackLoader:240 - Cannot read IP mode file for STMicroelectronics.X-CUBE-EEPRMA1.4.1.0
2026-06-14 15:42:52,425 [WARN] PackLoader:240 - Cannot read IP mode file for STMicroelectronics.FP-SNS-STAIOTCFT.1.0.0
2026-06-14 15:42:52,434 [WARN] PackLoader:240 - Cannot read IP mode file for STMicroelectronics.X-CUBE-DPower.1.3.0
2026-06-14 15:42:52,434 [WARN] PackLoader:240 - Cannot read IP mode file for STMicroelectronics.X-CUBE-AI.8.1.0
2026-06-14 15:42:52,467 [WARN] ConditionMgr:438 - getConditionDescription Invalid condition id : LAN8742 Phy interface Condition cause : null
2026-06-14 15:42:52,467 [WARN] PackLoader:240 - Cannot read IP mode file for STMicroelectronics.X-CUBE-AZRTOS-L4.2.0.0
2026-06-14 15:42:52,473 [WARN] ConditionMgr:1044 - genDependencies : Invalid condition id : LAN8742 Phy interface Condition cause : null
2026-06-14 15:42:52,473 [WARN] ConditionMgr:1044 - genDependencies : Invalid condition id : LAN8742 Phy interface Condition cause : null
2026-06-14 15:42:52,473 [WARN] ConditionMgr:1044 - genDependencies : Invalid condition id : LAN8742 Phy interface Condition cause : null
2026-06-14 15:42:52,483 [WARN] PackLoader:240 - Cannot read IP mode file for STMicroelectronics.X-CUBE-SFXS2LP1.4.0.0
2026-06-14 15:42:52,489 [WARN] PackLoader:240 - Cannot read IP mode file for STMicroelectronics.X-CUBE-WB05N.2.1.0
2026-06-14 15:42:52,498 [WARN] PackLoader:240 - Cannot read IP mode file for STMicroelectronics.X-CUBE-ST67W61.1.2.0
2026-06-14 15:42:52,504 [WARN] PackLoader:240 - Cannot read IP mode file for STMicroelectronics.X-CUBE-ISPU.1.1.0
2026-06-14 15:42:52,526 [WARN] PackLoader:240 - Cannot read IP mode file for STMicroelectronics.X-CUBE-AZRTOS-H7.3.3.0
2026-06-14 15:42:52,542 [WARN] PackLoader:240 - Cannot read IP mode file for STMicroelectronics.X-CUBE-BLEMGR.4.1.0
2026-06-14 15:42:52,558 [WARN] ConditionMgr:438 - getConditionDescription Invalid condition id : UX DEVICE CLASS RTOS Condition cause : null
2026-06-14 15:42:52,560 [WARN] ConditionMgr:438 - getConditionDescription Invalid condition id : UX DEVICE CLASS RTOS Condition cause : null
2026-06-14 15:42:52,562 [WARN] PackLoader:240 - Cannot read IP mode file for STMicroelectronics.X-CUBE-AZRTOS-WB.2.0.0
2026-06-14 15:42:52,562 [WARN] ConditionMgr:1044 - genDependencies : Invalid condition id : UX DEVICE CLASS RTOS Condition cause : null
2026-06-14 15:42:52,562 [WARN] ConditionMgr:1044 - genDependencies : Invalid condition id : UX DEVICE CLASS RTOS Condition cause : null
2026-06-14 15:42:52,562 [WARN] ConditionMgr:1044 - genDependencies : Invalid condition id : UX DEVICE CLASS RTOS Condition cause : null
2026-06-14 15:42:52,562 [WARN] ConditionMgr:1044 - genDependencies : Invalid condition id : UX DEVICE CLASS RTOS Condition cause : null
2026-06-14 15:42:52,562 [WARN] ConditionMgr:1044 - genDependencies : Invalid condition id : UX DEVICE CLASS RTOS Condition cause : null
2026-06-14 15:42:52,568 [WARN] PackLoader:240 - Cannot read IP mode file for STMicroelectronics.X-CUBE-GNSS1.7.0.1
2026-06-14 15:42:52,573 [WARN] PackLoader:240 - Cannot read IP mode file for STMicroelectronics.X-CUBE-TOUCHGFX.4.25.0
2026-06-14 15:42:52,577 [WARN] PackLoader:240 - Cannot read IP mode file for STMicroelectronics.FP-SNS-STBOX1.2.0.0
2026-06-14 15:42:52,591 [WARN] PackLoader:240 - Cannot read IP mode file for STMicroelectronics.X-CUBE-STSE01.2.0.0
2026-06-14 15:42:52,600 [WARN] PackLoader:240 - Cannot read IP mode file for STMicroelectronics.X-CUBE-SUBG2.5.0.0
2026-06-14 15:42:52,623 [WARN] PackLoader:240 - Cannot read IP mode file for STMicroelectronics.X-CUBE-AZRTOS-H7RS.1.1.0
2026-06-14 15:42:52,632 [WARN] PackLoader:240 - Cannot read IP mode file for Cesanta.I-CUBE-Mongoose.7.13.0
2026-06-14 15:42:52,641 [WARN] PackLoader:240 - Cannot read IP mode file for STMicroelectronics.X-CUBE-TOF1.3.3.1
2026-06-14 15:42:52,663 [WARN] PackLoader:240 - Cannot read IP mode file for STMicroelectronics.X-CUBE-AZRTOS-G4.2.0.0
2026-06-14 15:42:52,669 [WARN] PackLoader:240 - Cannot read IP mode file for wolfSSL.I-CUBE-wolfSSH.1.4.20
2026-06-14 15:42:52,675 [WARN] PackLoader:240 - Cannot read IP mode file for STMicroelectronics.X-CUBE-NFC7.2.0.0
2026-06-14 15:42:52,685 [WARN] PackLoader:240 - Cannot read IP mode file for STMicroelectronics.X-CUBE-IPS.3.1.0
2026-06-14 15:42:52,694 [WARN] PackLoader:240 - Cannot read IP mode file for STMicroelectronics.X-CUBE-ALS.1.0.2
2026-06-14 15:42:52,700 [WARN] PackLoader:240 - Cannot read IP mode file for STMicroelectronics.X-CUBE-FREERTOS.1.1.0
2026-06-14 15:42:52,708 [WARN] PackLoader:240 - Cannot read IP mode file for STMicroelectronics.X-CUBE-STSE01.1.0.0
2026-06-14 15:42:52,717 [WARN] PackLoader:240 - Cannot read IP mode file for portGmbH.I-Cube-SoM-uGOAL.1.1.0
2026-06-14 15:42:52,721 [WARN] PackLoader:240 - Cannot read IP mode file for STMicroelectronics.X-CUBE-ALS.1.0.1
2026-06-14 15:42:52,724 [WARN] PackLoader:240 - Cannot read IP mode file for STMicroelectronics.FP-ATR-ASTRA1.2.0.0
2026-06-14 15:42:52,735 [WARN] PackLoader:240 - Cannot read IP mode file for STMicroelectronics.X-CUBE-TOF1.3.4.3
2026-06-14 15:42:52,748 [INFO] ThirdParty:978 - Integrity check success = true
2026-06-14 15:42:52,748 [INFO] IntegrityCheckThread:100 - exiting critical section [integrity check]
2026-06-14 15:42:52,748 [INFO] IntegrityCheckThread:103 - End integrity checks thread
