2023-09-03 12:03:32,275 [INFO] Activator:176 - 


2023-09-03 12:03:32,284 [INFO] Activator:177 - !SESSION log4j initialized
2023-09-03 12:03:35,557 [INFO] LogOutputStream:77 - [STDOUT_REDIRECT] 
2023-09-03 12:03:41,953 [INFO] ApplicationProperties:184 - Using Application install path: C:\ST\STM32CubeIDE_1.13.1\STM32CubeIDE\plugins\com.st.stm32cube.common.mx_6.9.1.202307191849
2023-09-03 12:03:41,981 [INFO] DbMcusXml:78 - Set database path to: C:\ST\STM32CubeIDE_1.13.1\STM32CubeIDE\plugins\com.st.stm32cube.common.mx_6.9.1.202307191849\\db\/mcu/
2023-09-03 12:03:41,982 [INFO] ApiDb:274 - Set plugin database path to: C:\ST\STM32CubeIDE_1.13.1\STM32CubeIDE\plugins\com.st.stm32cube.common.mx_6.9.1.202307191849\\db\/plugins/boardmanager/
2023-09-03 12:03:41,982 [WARN] ApiDb:259 - Overriding images path with different value:  => C:\ST\STM32CubeIDE_1.13.1\STM32CubeIDE\plugins\com.st.stm32cube.common.mx_6.9.1.202307191849\\db\/plugins/mcufinder/images/
2023-09-03 12:03:42,001 [INFO] ApiDb:250 - Set database path to: C:\Users\brbar\.stmcufinder\plugins\mcufinder//mcu/
2023-09-03 12:03:42,003 [INFO] DbMcusAds:125 - Set database path to: C:\Users\brbar\.stmcufinder\plugins\mcufinder//mcu/
2023-09-03 12:03:42,006 [INFO] CrossReferenceDbSqlite:203 - Set database path to: C:\Users\brbar\.stmcufinder\plugins\mcufinder//mcu/cs/
2023-09-03 12:03:42,170 [INFO] RulesReader:64 - Compatibility file has been processed (293 Rules)
2023-09-03 12:03:42,283 [INFO] DbMcusXml:78 - Set database path to: C:\ST\STM32CubeIDE_1.13.1\STM32CubeIDE\plugins\com.st.stm32cube.common.mx_6.9.1.202307191849\\db\/mcu/
2023-09-03 12:03:42,284 [INFO] ApiDb:274 - Set plugin database path to: C:\ST\STM32CubeIDE_1.13.1\STM32CubeIDE\plugins\com.st.stm32cube.common.mx_6.9.1.202307191849\\db\/plugins/boardmanager/
2023-09-03 12:03:42,284 [INFO] ApiDb:261 - Set plugin images path to: C:\ST\STM32CubeIDE_1.13.1\STM32CubeIDE\plugins\com.st.stm32cube.common.mx_6.9.1.202307191849\\db\/plugins/mcufinder/images/
2023-09-03 12:03:42,284 [WARN] DbFile:41 - Overriding database path with different value: C:\Users\brbar\.stmcufinder\plugins\mcufinder/ => C:\Users\brbar\.stmcufinder\plugins\mcufinder
2023-09-03 12:03:42,284 [INFO] ApiDb:250 - Set database path to: C:\Users\brbar\.stmcufinder\plugins\mcufinder//mcu/
2023-09-03 12:03:42,284 [WARN] DbFile:41 - Overriding database path with different value: C:\Users\brbar\.stmcufinder\plugins\mcufinder/ => C:\Users\brbar\.stmcufinder\plugins\mcufinder
2023-09-03 12:03:42,284 [INFO] DbMcusAds:125 - Set database path to: C:\Users\brbar\.stmcufinder\plugins\mcufinder//mcu/
2023-09-03 12:03:42,285 [WARN] DbFile:41 - Overriding database path with different value: C:\Users\brbar\.stmcufinder\plugins\mcufinder/ => C:\Users\brbar\.stmcufinder\plugins\mcufinder
2023-09-03 12:03:42,285 [WARN] DbFile:41 - Overriding database path with different value: C:\Users\brbar\.stmcufinder\plugins\mcufinder/ => C:\Users\brbar\.stmcufinder\plugins\mcufinder
2023-09-03 12:03:42,285 [INFO] CrossReferenceDbSqlite:203 - Set database path to: C:\Users\brbar\.stmcufinder\plugins\mcufinder//mcu/cs/
2023-09-03 12:03:42,387 [INFO] MainPanel:262 - HeapMemory: 268435456
2023-09-03 12:03:42,509 [INFO] DbMcusXml:78 - Set database path to: C:\ST\STM32CubeIDE_1.13.1\STM32CubeIDE\plugins\com.st.stm32cube.common.mx_6.9.1.202307191849\\db\/mcu/
2023-09-03 12:03:42,509 [INFO] ApiDb:274 - Set plugin database path to: C:\ST\STM32CubeIDE_1.13.1\STM32CubeIDE\plugins\com.st.stm32cube.common.mx_6.9.1.202307191849\\db\/plugins/boardmanager/
2023-09-03 12:03:42,509 [INFO] ApiDb:261 - Set plugin images path to: C:\ST\STM32CubeIDE_1.13.1\STM32CubeIDE\plugins\com.st.stm32cube.common.mx_6.9.1.202307191849\\db\/plugins/mcufinder/images/
2023-09-03 12:03:42,510 [WARN] DbFile:41 - Overriding database path with different value: C:\Users\brbar\.stmcufinder\plugins\mcufinder/ => C:\Users\brbar\.stmcufinder\plugins\mcufinder
2023-09-03 12:03:42,510 [INFO] ApiDb:250 - Set database path to: C:\Users\brbar\.stmcufinder\plugins\mcufinder//mcu/
2023-09-03 12:03:42,510 [WARN] DbFile:41 - Overriding database path with different value: C:\Users\brbar\.stmcufinder\plugins\mcufinder/ => C:\Users\brbar\.stmcufinder\plugins\mcufinder
2023-09-03 12:03:42,510 [INFO] DbMcusAds:125 - Set database path to: C:\Users\brbar\.stmcufinder\plugins\mcufinder//mcu/
2023-09-03 12:03:42,510 [WARN] DbFile:41 - Overriding database path with different value: C:\Users\brbar\.stmcufinder\plugins\mcufinder/ => C:\Users\brbar\.stmcufinder\plugins\mcufinder
2023-09-03 12:03:42,510 [WARN] DbFile:41 - Overriding database path with different value: C:\Users\brbar\.stmcufinder\plugins\mcufinder/ => C:\Users\brbar\.stmcufinder\plugins\mcufinder
2023-09-03 12:03:42,510 [INFO] CrossReferenceDbSqlite:203 - Set database path to: C:\Users\brbar\.stmcufinder\plugins\mcufinder//mcu/cs/
2023-09-03 12:03:42,533 [INFO] ApplicationProperties:184 - Using Application install path: C:\ST\STM32CubeIDE_1.13.1\STM32CubeIDE\plugins\com.st.stm32cube.common.mx_6.9.1.202307191849
2023-09-03 12:03:42,535 [INFO] PluginManage:196 - Search for loadable plugins [exclusion list=, ]
2023-09-03 12:03:42,536 [INFO] PluginManage:310 - Check plugin analytics
2023-09-03 12:03:42,776 [INFO] AnalyticsPlugin:253 - Accepted Software Licenses: 
2023-09-03 12:03:42,776 [INFO] AnalyticsPlugin:255 - Accepted CMSIS Pack Licenses: 
2023-09-03 12:03:42,776 [INFO] AnalyticsPlugin:257 - Accepted Firmware Licenses: 
2023-09-03 12:03:42,781 [INFO] PluginManage:359 - Loaded plugin analytics (category:tool,tabindex:-1)
2023-09-03 12:03:42,783 [INFO] PluginManage:310 - Check plugin cadmodel
2023-09-03 12:03:42,791 [INFO] CADModel:105 - Init CAD model plugin
2023-09-03 12:03:42,791 [INFO] PluginManage:359 - Loaded plugin cadmodel (category:power,tabindex:5)
2023-09-03 12:03:42,791 [INFO] PluginManage:310 - Check plugin clock
2023-09-03 12:03:42,809 [INFO] PluginManage:359 - Loaded plugin clock (category:base,tabindex:2)
2023-09-03 12:03:42,809 [INFO] PluginManage:310 - Check plugin ddr
2023-09-03 12:03:42,812 [INFO] PluginManage:359 - Loaded plugin ddr (category:tool,tabindex:6)
2023-09-03 12:03:42,813 [INFO] PluginManage:310 - Check plugin filemanager
2023-09-03 12:03:43,038 [INFO] PluginManage:359 - Loaded plugin filemanager (category:base,tabindex:10)
2023-09-03 12:03:43,040 [INFO] PluginManage:310 - Check plugin ipmanager
2023-09-03 12:03:43,070 [INFO] PluginManage:359 - Loaded plugin ipmanager (category:base,tabindex:5)
2023-09-03 12:03:43,071 [INFO] PluginManage:310 - Check plugin lpbam
2023-09-03 12:03:43,088 [INFO] PluginManage:359 - Loaded plugin lpbam (category:base,tabindex:0)
2023-09-03 12:03:43,089 [INFO] PluginManage:310 - Check plugin memorymap
2023-09-03 12:03:43,113 [INFO] PluginManage:359 - Loaded plugin memorymap (category:base,tabindex:4)
2023-09-03 12:03:43,113 [INFO] PluginManage:310 - Check plugin pinoutandconfiguration
2023-09-03 12:03:43,128 [INFO] PluginManage:359 - Loaded plugin pinoutandconfiguration (category:base,tabindex:1)
2023-09-03 12:03:43,128 [INFO] PluginManage:310 - Check plugin pinoutconfig
2023-09-03 12:03:43,249 [WARN] SupportedApi:132 - Cannot load RTOS API schema: s4s-elt-must-match.1: The content of 'definitions' must match (annotation?, (simpleType | complexType)?, (unique | key | keyref)*)). A problem was found starting at: attribute.
2023-09-03 12:03:43,404 [INFO] PluginManage:359 - Loaded plugin pinoutconfig (category:base,tabindex:0)
2023-09-03 12:03:43,405 [INFO] PluginManage:310 - Check plugin power
2023-09-03 12:03:43,429 [INFO] PluginManage:359 - Loaded plugin power (category:power,tabindex:4)
2023-09-03 12:03:43,429 [INFO] PluginManage:310 - Check plugin projectmanager
2023-09-03 12:03:43,451 [INFO] PluginManage:359 - Loaded plugin projectmanager (category:projectmanager,tabindex:3)
2023-09-03 12:03:43,451 [INFO] PluginManage:310 - Check plugin thirdparty
2023-09-03 12:03:43,631 [INFO] PluginManage:359 - Loaded plugin thirdparty (category:base,tabindex:-1)
2023-09-03 12:03:43,631 [WARN] IntegrityCheckThread:84 - waiting for thirdparty lock release [integrity check]
2023-09-03 12:03:43,631 [INFO] PluginManage:310 - Check plugin tools
2023-09-03 12:03:43,632 [INFO] IntegrityCheckThread:86 - entering critical section [integrity check]
2023-09-03 12:03:43,633 [INFO] ThirdPartyUpdaterWithRetryManager:70 - Updater plugin not ready yet. [1/15]
2023-09-03 12:03:43,636 [INFO] PluginManage:359 - Loaded plugin tools (category:base,tabindex:7)
2023-09-03 12:03:43,636 [INFO] PluginManage:310 - Check plugin tutovideos
2023-09-03 12:03:43,849 [INFO] PluginManage:359 - Loaded plugin tutovideos (category:base,tabindex:-1)
2023-09-03 12:03:43,850 [INFO] PluginManage:310 - Check plugin updater
2023-09-03 12:03:43,864 [INFO] PluginManage:359 - Loaded plugin updater (category:base,tabindex:12)
2023-09-03 12:03:43,864 [INFO] PluginManage:310 - Check plugin userauth
2023-09-03 12:03:43,871 [INFO] UserAuth:113 - Init User Auth plugin
2023-09-03 12:03:43,871 [INFO] PluginManage:359 - Loaded plugin userauth (category:base,tabindex:14)
2023-09-03 12:03:43,871 [INFO] PluginManage:283 - PluginManage : Loaded plugins [17]
2023-09-03 12:03:44,172 [INFO] PinOutPanel:1499 - setPackage(No Configuration,No Configuration)
2023-09-03 12:03:44,288 [ERROR] ConfigurationRetriever:142 - IOException on connection: Read timed out
2023-09-03 12:03:44,299 [INFO] CADModel:165 - CPN selected for project level
2023-09-03 12:03:44,299 [INFO] CADModel:114 - Register for checkConnection events
2023-09-03 12:03:44,318 [INFO] IPUIPlugin:80 - create IPUIPlugin
2023-09-03 12:03:44,318 [INFO] PluginManager:220 - loadIPPluginJar : add adc
2023-09-03 12:03:44,322 [INFO] IPUIPlugin:80 - create IPUIPlugin
2023-09-03 12:03:44,322 [INFO] PluginManager:220 - loadIPPluginJar : add aes
2023-09-03 12:03:44,325 [INFO] IPUIPlugin:80 - create IPUIPlugin
2023-09-03 12:03:44,325 [INFO] PluginManager:220 - loadIPPluginJar : add can
2023-09-03 12:03:44,327 [INFO] IPUIPlugin:80 - create IPUIPlugin
2023-09-03 12:03:44,327 [INFO] PluginManager:220 - loadIPPluginJar : add comp
2023-09-03 12:03:44,331 [INFO] IPUIPlugin:80 - create IPUIPlugin
2023-09-03 12:03:44,331 [INFO] PluginManager:220 - loadIPPluginJar : add cryp
2023-09-03 12:03:44,335 [INFO] IPUIPlugin:80 - create IPUIPlugin
2023-09-03 12:03:44,336 [INFO] PluginManager:220 - loadIPPluginJar : add dfsdm
2023-09-03 12:03:44,344 [INFO] IPUIPlugin:80 - create IPUIPlugin
2023-09-03 12:03:44,345 [INFO] PluginManager:220 - loadIPPluginJar : add dma
2023-09-03 12:03:44,349 [INFO] IPUIPlugin:80 - create IPUIPlugin
2023-09-03 12:03:44,349 [INFO] PluginManager:220 - loadIPPluginJar : add dma3
2023-09-03 12:03:44,353 [INFO] IPUIPlugin:80 - create IPUIPlugin
2023-09-03 12:03:44,353 [INFO] PluginManager:220 - loadIPPluginJar : add fatfs
2023-09-03 12:03:44,358 [INFO] IPUIPlugin:80 - create IPUIPlugin
2023-09-03 12:03:44,358 [INFO] PluginManager:220 - loadIPPluginJar : add fmc
2023-09-03 12:03:44,366 [INFO] IPUIPlugin:80 - create IPUIPlugin
2023-09-03 12:03:44,367 [INFO] PluginManager:220 - loadIPPluginJar : add freertos
2023-09-03 12:03:44,369 [INFO] IPUIPlugin:80 - create IPUIPlugin
2023-09-03 12:03:44,369 [INFO] PluginManager:220 - loadIPPluginJar : add genericplugin
2023-09-03 12:03:44,372 [INFO] IPUIPlugin:80 - create IPUIPlugin
2023-09-03 12:03:44,372 [INFO] PluginManager:220 - loadIPPluginJar : add gfxmmu
2023-09-03 12:03:44,378 [INFO] IPUIPlugin:80 - create IPUIPlugin
2023-09-03 12:03:44,378 [INFO] PluginManager:220 - loadIPPluginJar : add gic
2023-09-03 12:03:44,387 [INFO] IPUIPlugin:80 - create IPUIPlugin
2023-09-03 12:03:44,387 [INFO] PluginManager:220 - loadIPPluginJar : add gpio
2023-09-03 12:03:44,390 [INFO] IPUIPlugin:80 - create IPUIPlugin
2023-09-03 12:03:44,391 [INFO] PluginManager:220 - loadIPPluginJar : add gtzc
2023-09-03 12:03:44,394 [INFO] IPUIPlugin:80 - create IPUIPlugin
2023-09-03 12:03:44,394 [INFO] PluginManager:220 - loadIPPluginJar : add hash
2023-09-03 12:03:44,398 [INFO] IPUIPlugin:80 - create IPUIPlugin
2023-09-03 12:03:44,398 [INFO] PluginManager:220 - loadIPPluginJar : add i2c
2023-09-03 12:03:44,403 [INFO] IPUIPlugin:80 - create IPUIPlugin
2023-09-03 12:03:44,403 [INFO] PluginManager:220 - loadIPPluginJar : add i2s
2023-09-03 12:03:44,406 [INFO] IPUIPlugin:80 - create IPUIPlugin
2023-09-03 12:03:44,406 [INFO] PluginManager:220 - loadIPPluginJar : add i3c
2023-09-03 12:03:44,411 [INFO] IPUIPlugin:80 - create IPUIPlugin
2023-09-03 12:03:44,411 [INFO] PluginManager:220 - loadIPPluginJar : add ipddr
2023-09-03 12:03:44,420 [INFO] IPUIPlugin:80 - create IPUIPlugin
2023-09-03 12:03:44,420 [INFO] PluginManager:220 - loadIPPluginJar : add linkedlist
2023-09-03 12:03:44,424 [INFO] IPUIPlugin:80 - create IPUIPlugin
2023-09-03 12:03:44,424 [INFO] PluginManager:220 - loadIPPluginJar : add lorawan
2023-09-03 12:03:44,425 [INFO] IPUIPlugin:80 - create IPUIPlugin
2023-09-03 12:03:44,425 [INFO] PluginManager:220 - loadIPPluginJar : add ltdc
2023-09-03 12:03:44,433 [INFO] IPUIPlugin:80 - create IPUIPlugin
2023-09-03 12:03:44,433 [INFO] PluginManager:220 - loadIPPluginJar : add mdma
2023-09-03 12:03:44,437 [INFO] IPUIPlugin:80 - create IPUIPlugin
2023-09-03 12:03:44,438 [INFO] PluginManager:220 - loadIPPluginJar : add nvic
2023-09-03 12:03:44,440 [INFO] IPUIPlugin:80 - create IPUIPlugin
2023-09-03 12:03:44,441 [INFO] PluginManager:220 - loadIPPluginJar : add opamp
2023-09-03 12:03:44,445 [INFO] IPUIPlugin:80 - create IPUIPlugin
2023-09-03 12:03:44,445 [INFO] PluginManager:220 - loadIPPluginJar : add openamp
2023-09-03 12:03:44,449 [INFO] IPUIPlugin:80 - create IPUIPlugin
2023-09-03 12:03:44,449 [INFO] PluginManager:220 - loadIPPluginJar : add pdm2pcm
2023-09-03 12:03:44,456 [INFO] IPUIPlugin:80 - create IPUIPlugin
2023-09-03 12:03:44,458 [INFO] PluginManager:220 - loadIPPluginJar : add plateformsettings
2023-09-03 12:03:44,461 [INFO] IPUIPlugin:80 - create IPUIPlugin
2023-09-03 12:03:44,461 [INFO] PluginManager:220 - loadIPPluginJar : add quadspi
2023-09-03 12:03:44,467 [INFO] IPUIPlugin:80 - create IPUIPlugin
2023-09-03 12:03:44,468 [INFO] PluginManager:220 - loadIPPluginJar : add resmgrutility
2023-09-03 12:03:44,471 [INFO] IPUIPlugin:80 - create IPUIPlugin
2023-09-03 12:03:44,471 [INFO] PluginManager:220 - loadIPPluginJar : add sai
2023-09-03 12:03:44,474 [INFO] IPUIPlugin:80 - create IPUIPlugin
2023-09-03 12:03:44,474 [INFO] PluginManager:220 - loadIPPluginJar : add spi
2023-09-03 12:03:44,479 [INFO] IPUIPlugin:80 - create IPUIPlugin
2023-09-03 12:03:44,479 [INFO] PluginManager:220 - loadIPPluginJar : add stm32_wpan
2023-09-03 12:03:44,483 [INFO] IPUIPlugin:80 - create IPUIPlugin
2023-09-03 12:03:44,483 [INFO] PluginManager:220 - loadIPPluginJar : add tim
2023-09-03 12:03:44,487 [INFO] IPUIPlugin:80 - create IPUIPlugin
2023-09-03 12:03:44,488 [INFO] PluginManager:220 - loadIPPluginJar : add touchsensing
2023-09-03 12:03:44,490 [INFO] IPUIPlugin:80 - create IPUIPlugin
2023-09-03 12:03:44,490 [INFO] PluginManager:220 - loadIPPluginJar : add tracer_emb
2023-09-03 12:03:44,492 [INFO] IPUIPlugin:80 - create IPUIPlugin
2023-09-03 12:03:44,493 [INFO] PluginManager:220 - loadIPPluginJar : add ts
2023-09-03 12:03:44,495 [INFO] IPUIPlugin:80 - create IPUIPlugin
2023-09-03 12:03:44,495 [INFO] PluginManager:220 - loadIPPluginJar : add tsc
2023-09-03 12:03:44,497 [INFO] IPUIPlugin:80 - create IPUIPlugin
2023-09-03 12:03:44,497 [INFO] PluginManager:220 - loadIPPluginJar : add ucpd
2023-09-03 12:03:44,500 [INFO] IPUIPlugin:80 - create IPUIPlugin
2023-09-03 12:03:44,500 [INFO] PluginManager:220 - loadIPPluginJar : add usart
2023-09-03 12:03:44,503 [INFO] IPUIPlugin:80 - create IPUIPlugin
2023-09-03 12:03:44,503 [INFO] PluginManager:220 - loadIPPluginJar : add usbx
2023-09-03 12:03:44,635 [INFO] CADModel:165 - CPN selected for project level
2023-09-03 12:03:44,636 [INFO] CADModel:114 - Register for checkConnection events
2023-09-03 12:03:44,636 [FATAL] Updater:308 - Updater called before beeing initialized
2023-09-03 12:03:44,637 [ERROR] CADModel:125 - Updater not yet initialized, retry later 
2023-09-03 12:03:44,840 [INFO] CADModel:165 - CPN selected for project level
2023-09-03 12:03:44,840 [INFO] CADModel:114 - Register for checkConnection events
2023-09-03 12:03:44,840 [FATAL] Updater:308 - Updater called before beeing initialized
2023-09-03 12:03:44,840 [ERROR] CADModel:125 - Updater not yet initialized, retry later 
2023-09-03 12:03:44,844 [FATAL] Updater:308 - Updater called before beeing initialized
2023-09-03 12:03:44,959 [FATAL] Updater:308 - Updater called before beeing initialized
2023-09-03 12:03:44,965 [INFO] DbMcusAds:53 - JSON generation date=Tue Mar 07 10:50:55 EET 2023 (1678179055114)
2023-09-03 12:03:44,966 [FATAL] Updater:308 - Updater called before beeing initialized
2023-09-03 12:03:45,013 [WARN] DetailPanel:346 - Failed to get advertising image, set to default
2023-09-03 12:03:45,117 [FATAL] Updater:308 - Updater called before beeing initialized
2023-09-03 12:03:45,120 [FATAL] Updater:308 - Updater called before beeing initialized
2023-09-03 12:03:45,121 [FATAL] Updater:308 - Updater called before beeing initialized
2023-09-03 12:03:45,121 [WARN] DetailPanel:346 - Failed to get advertising image, set to default
2023-09-03 12:03:45,122 [FATAL] Updater:308 - Updater called before beeing initialized
2023-09-03 12:03:45,174 [ERROR] Updater:1120 - MainUpdater not yet initialized. External WinMGr cannot be set.
2023-09-03 12:03:45,177 [INFO] Updater:1056 - Updater Version found : 6.9.1
2023-09-03 12:03:45,201 [INFO] ApplicationProperties:184 - Using Application install path: C:\ST\STM32CubeIDE_1.13.1\STM32CubeIDE\plugins\com.st.stm32cube.common.mx_6.9.1.202307191849
2023-09-03 12:03:46,332 [ERROR] ConfigurationRetriever:142 - IOException on connection: Read timed out
2023-09-03 12:03:46,634 [INFO] ThirdPartyUpdaterWithRetryManager:70 - Updater plugin not ready yet. [2/15]
2023-09-03 12:03:47,345 [WARN] ServerAccessManage:1168 - Warning during Server Connection :  timeout Read timed out
2023-09-03 12:03:47,817 [ERROR] ConfigurationRetriever:142 - IOException on connection: Read timed out
2023-09-03 12:03:48,383 [ERROR] ConfigurationRetriever:142 - IOException on connection: Read timed out
2023-09-03 12:03:49,391 [WARN] ServerAccessManage:1168 - Warning during Server Connection :  timeout Read timed out
2023-09-03 12:03:49,397 [INFO] MainUpdater:2868 - connection check result : 22
2023-09-03 12:03:49,398 [INFO] MainUpdater:285 - Updater Check For Update Now.
2023-09-03 12:03:49,398 [INFO] MicroXplorer:498 - Change Database Version : DB.6.0.91
2023-09-03 12:03:49,408 [INFO] McuFinderGlobals:63 - Set McuFinder mode to 2 (CubeIDE integrated)
2023-09-03 12:03:49,408 [INFO] McuFinderGlobals:63 - Set McuFinder mode to 2 (CubeIDE integrated)
2023-09-03 12:03:49,457 [ERROR] FilesUtils:157 - C:\Users\brbar\.stmcube\.STM32CUBEMX_PLUGIN6.9.1Repository.ser
2023-09-03 12:03:49,592 [INFO] CheckServerUpdateThread:120 - End of CheckServer Thread
2023-09-03 12:03:49,909 [WARN] PackLoader:240 - Cannot read IP mode file for STMicroelectronics.X-CUBE-SMBUS.2.1.0
2023-09-03 12:03:49,950 [WARN] PackLoader:240 - Cannot read IP mode file for STMicroelectronics.X-CUBE-AZRTOS-F7.1.1.0
2023-09-03 12:03:49,968 [WARN] PackLoader:240 - Cannot read IP mode file for STMicroelectronics.FP-SNS-MOTENV1.4.3.2
2023-09-03 12:03:49,978 [WARN] PackLoader:240 - Cannot read IP mode file for STMicroelectronics.FP-SNS-FLIGHT1.5.0.2
2023-09-03 12:03:49,989 [WARN] PackLoader:240 - Cannot read IP mode file for STMicroelectronics.X-CUBE-DISPLAY.3.0.0
2023-09-03 12:03:50,002 [WARN] PackLoader:240 - Cannot read IP mode file for STMicroelectronics.X-CUBE-BLE1.7.0.0
2023-09-03 12:03:50,009 [WARN] PackLoader:240 - Cannot read IP mode file for emotas.I-CUBE-CANOPEN.1.3.0
2023-09-03 12:03:50,016 [WARN] PackLoader:240 - Cannot read IP mode file for STMicroelectronics.X-CUBE-TOUCHGFX.4.22.0
2023-09-03 12:03:50,028 [INFO] LogOutputStream:77 - [STDOUT_REDIRECT] 1 : Invalid condition id : UX_CORESTACK_Condition cause : null
2023-09-03 12:03:50,030 [INFO] LogOutputStream:77 - [STDOUT_REDIRECT] 1 : Invalid condition id : UX_CORESTACK_Condition cause : null
2023-09-03 12:03:50,031 [INFO] LogOutputStream:77 - [STDOUT_REDIRECT] 1 : Invalid condition id : UX_CORESTACK_Condition cause : null
2023-09-03 12:03:50,032 [INFO] LogOutputStream:77 - [STDOUT_REDIRECT] 1 : Invalid condition id : UX_CORESTACK_Condition cause : null
2023-09-03 12:03:50,033 [INFO] LogOutputStream:77 - [STDOUT_REDIRECT] 1 : Invalid condition id : UX_CORESTACK_Condition cause : null
2023-09-03 12:03:50,037 [WARN] PackLoader:240 - Cannot read IP mode file for STMicroelectronics.X-CUBE-AZRTOS-WL.2.0.0
2023-09-03 12:03:50,050 [WARN] PackLoader:240 - Cannot read IP mode file for WES.I-CUBE-Cesium.1.3.0
2023-09-03 12:03:50,058 [WARN] PackLoader:240 - Cannot read IP mode file for STMicroelectronics.X-CUBE-BLE2.3.3.0
2023-09-03 12:03:50,070 [WARN] PackLoader:240 - Cannot read IP mode file for STMicroelectronics.X-CUBE-ALGOBUILD.1.3.0
2023-09-03 12:03:50,101 [WARN] PackLoader:240 - Cannot read IP mode file for STMicroelectronics.X-CUBE-AZRTOS-G0.1.1.0
2023-09-03 12:03:50,110 [WARN] PackLoader:240 - Cannot read IP mode file for STMicroelectronics.X-CUBE-NFC4.3.0.0
2023-09-03 12:03:50,118 [WARN] PackLoader:240 - Cannot read IP mode file for STMicroelectronics.FP-ATR-SIGFOX1.3.2.0
2023-09-03 12:03:50,160 [WARN] PackLoader:240 - Cannot read IP mode file for SEGGER.I-CUBE-embOS.1.3.1
2023-09-03 12:03:50,210 [WARN] PackLoader:240 - Cannot read IP mode file for STMicroelectronics.X-CUBE-GNSS1.6.0.0
2023-09-03 12:03:50,235 [WARN] PackLoader:240 - Cannot read IP mode file for STMicroelectronics.X-CUBE-AZRTOS-F4.1.1.0
2023-09-03 12:03:50,244 [WARN] PackLoader:240 - Cannot read IP mode file for wolfSSL.I-CUBE-wolfSSL.5.6.3
2023-09-03 12:03:50,289 [WARN] PackLoader:240 - Cannot read IP mode file for STMicroelectronics.X-CUBE-AZRTOS-L5.2.0.0
2023-09-03 12:03:50,402 [WARN] PackLoader:240 - Cannot read IP mode file for STMicroelectronics.X-CUBE-MEMS1.9.6.0
2023-09-03 12:03:50,551 [WARN] PackLoader:240 - Cannot read IP mode file for STMicroelectronics.X-CUBE-BLEMGR.2.0.0
2023-09-03 12:03:50,576 [WARN] ConditionMgr:438 - getConditionDescription Invalid condition id : UX DEVICE CLASS RTOS Condition cause : null
2023-09-03 12:03:50,576 [WARN] ConditionMgr:438 - getConditionDescription Invalid condition id : UX DEVICE CLASS RTOS Condition cause : null
2023-09-03 12:03:50,582 [WARN] PackLoader:240 - Cannot read IP mode file for STMicroelectronics.X-CUBE-AZRTOS-H7.3.1.0
2023-09-03 12:03:50,583 [WARN] ConditionMgr:1039 - genDependencies : Invalid condition id : UX DEVICE CLASS RTOS Condition cause : null
2023-09-03 12:03:50,583 [WARN] ConditionMgr:1039 - genDependencies : Invalid condition id : UX DEVICE CLASS RTOS Condition cause : null
2023-09-03 12:03:50,584 [WARN] ConditionMgr:1039 - genDependencies : Invalid condition id : UX DEVICE CLASS RTOS Condition cause : null
2023-09-03 12:03:50,584 [WARN] ConditionMgr:1039 - genDependencies : Invalid condition id : UX DEVICE CLASS RTOS Condition cause : null
2023-09-03 12:03:50,584 [WARN] ConditionMgr:1039 - genDependencies : Invalid condition id : UX DEVICE CLASS RTOS Condition cause : null
2023-09-03 12:03:50,599 [WARN] PackLoader:240 - Cannot read IP mode file for STMicroelectronics.X-CUBE-NFC7.1.0.1
2023-09-03 12:03:50,606 [WARN] PackLoader:240 - Cannot read IP mode file for STMicroelectronics.X-CUBE-EEPRMA1.4.1.0
2023-09-03 12:03:50,612 [WARN] PackLoader:240 - Cannot read IP mode file for STMicroelectronics.X-CUBE-AI.8.1.0
2023-09-03 12:03:50,631 [WARN] ConditionMgr:438 - getConditionDescription Invalid condition id : LAN8742 Phy interface Condition cause : null
2023-09-03 12:03:50,632 [WARN] PackLoader:240 - Cannot read IP mode file for STMicroelectronics.X-CUBE-AZRTOS-L4.2.0.0
2023-09-03 12:03:50,633 [WARN] ConditionMgr:1039 - genDependencies : Invalid condition id : LAN8742 Phy interface Condition cause : null
2023-09-03 12:03:50,634 [WARN] ConditionMgr:1039 - genDependencies : Invalid condition id : LAN8742 Phy interface Condition cause : null
2023-09-03 12:03:50,634 [WARN] ConditionMgr:1039 - genDependencies : Invalid condition id : LAN8742 Phy interface Condition cause : null
2023-09-03 12:03:50,644 [WARN] PackLoader:240 - Cannot read IP mode file for STMicroelectronics.X-CUBE-SFXS2LP1.4.0.0
2023-09-03 12:03:50,651 [WARN] PackLoader:240 - Cannot read IP mode file for STMicroelectronics.X-CUBE-ISPU.1.1.0
2023-09-03 12:03:50,668 [WARN] ConditionMgr:438 - getConditionDescription Invalid condition id : UX DEVICE CLASS RTOS Condition cause : null
2023-09-03 12:03:50,668 [WARN] ConditionMgr:438 - getConditionDescription Invalid condition id : UX DEVICE CLASS RTOS Condition cause : null
2023-09-03 12:03:50,672 [WARN] PackLoader:240 - Cannot read IP mode file for STMicroelectronics.X-CUBE-AZRTOS-WB.2.0.0
2023-09-03 12:03:50,672 [WARN] ConditionMgr:1039 - genDependencies : Invalid condition id : UX DEVICE CLASS RTOS Condition cause : null
2023-09-03 12:03:50,673 [WARN] ConditionMgr:1039 - genDependencies : Invalid condition id : UX DEVICE CLASS RTOS Condition cause : null
2023-09-03 12:03:50,673 [WARN] ConditionMgr:1039 - genDependencies : Invalid condition id : UX DEVICE CLASS RTOS Condition cause : null
2023-09-03 12:03:50,674 [WARN] ConditionMgr:1039 - genDependencies : Invalid condition id : UX DEVICE CLASS RTOS Condition cause : null
2023-09-03 12:03:50,674 [WARN] ConditionMgr:1039 - genDependencies : Invalid condition id : UX DEVICE CLASS RTOS Condition cause : null
2023-09-03 12:03:50,688 [WARN] PackLoader:240 - Cannot read IP mode file for STMicroelectronics.X-CUBE-SUBG2.5.0.0
2023-09-03 12:03:50,710 [WARN] PackLoader:240 - Cannot read IP mode file for STMicroelectronics.X-CUBE-TOF1.3.3.1
2023-09-03 12:03:50,737 [WARN] PackLoader:240 - Cannot read IP mode file for STMicroelectronics.X-CUBE-AZRTOS-G4.2.0.0
2023-09-03 12:03:50,746 [WARN] PackLoader:240 - Cannot read IP mode file for STMicroelectronics.X-CUBE-FREERTOS.1.1.0
2023-09-03 12:03:50,751 [WARN] PackLoader:240 - Cannot read IP mode file for portGmbH.I-Cube-SoM-uGOAL.1.1.0
2023-09-03 12:03:50,757 [WARN] PackLoader:240 - Cannot read IP mode file for STMicroelectronics.X-CUBE-ALS.1.0.1
2023-09-03 12:03:50,761 [WARN] PackLoader:240 - Cannot read IP mode file for STMicroelectronics.FP-ATR-ASTRA1.2.0.0
2023-09-03 12:03:50,762 [INFO] ThirdParty:978 - Integrity check success = true
2023-09-03 12:03:50,762 [INFO] IntegrityCheckThread:100 - exiting critical section [integrity check]
2023-09-03 12:03:50,762 [INFO] IntegrityCheckThread:103 - End integrity checks thread
2023-09-03 12:03:52,887 [ERROR] ConfigurationRetriever:142 - IOException on connection: Read timed out
2023-09-03 12:03:58,881 [ERROR] ConfigurationRetriever:142 - IOException on connection: Read timed out
2023-09-03 12:04:08,698 [INFO] McuFinderGlobals:63 - Set McuFinder mode to 2 (CubeIDE integrated)
2023-09-03 12:04:09,712 [WARN] ServerAccessManage:1168 - Warning during Server Connection :  timeout Connect timed out
2023-09-03 12:04:10,124 [ERROR] LogOutputStream:75 - [STDERR_REDIRECT] SLF4J: Failed to load class "org.slf4j.impl.StaticLoggerBinder".
2023-09-03 12:04:10,125 [ERROR] LogOutputStream:75 - [STDERR_REDIRECT] SLF4J: Defaulting to no-operation (NOP) logger implementation
2023-09-03 12:04:10,127 [ERROR] LogOutputStream:75 - [STDERR_REDIRECT] SLF4J: See http://www.slf4j.org/codes.html#StaticLoggerBinder for further details.
2023-09-03 12:04:10,715 [WARN] ServerAccessManage:1168 - Warning during Server Connection :  timeout Connect timed out
2023-09-03 12:04:10,718 [INFO] MainUpdater:2868 - connection check result : 22
2023-09-03 12:04:54,199 [ERROR] ServerAccessManage:1146 - Warning during Server Connection :  Unknown host sw-center.st.com
2023-09-03 12:04:54,210 [INFO] MainUpdater:2868 - connection check result : 22
2023-09-03 12:04:57,302 [INFO] ApiDb:581 - Connected to CubeFinder SQLite database (C:\Users\brbar\.stmcufinder\plugins\mcufinder\mcu\cube-finder-db.db)
2023-09-03 12:04:57,432 [INFO] ApiDb:668 - CubeFinder database Data Model version=2.1
2023-09-03 12:04:57,433 [INFO] ApiDb:669 - CubeFinder database Configuration version=3.0.37
2023-09-03 12:04:57,433 [INFO] ApiDb:670 - CubeFinder database generation date=2023-08-09 (1691586011)
2023-09-03 12:04:57,434 [INFO] ApiDb:671 - CubeFinder database FW Pack versions=[FP-ATR-ASTRA1_V2.0.0, FP-SNS-FLIGHT1_V5.0.1, FP-SNS-FLIGHT1_V5.0.2, FP-SNS-MOTENV1_V4.3.1, FP-SNS-MOTENV1_V4.3.2, STM32Cube_FW_C0_V1.1.0, STM32Cube_FW_F4_V1.27.1, STM32Cube_FW_F7_V1.17.0, STM32Cube_FW_G0_V1.6.1, STM32Cube_FW_G4_V1.5.1, STM32Cube_FW_H5_V0.5.1, STM32Cube_FW_H5_V1.1.0, STM32Cube_FW_H7_V1.11.0, STM32Cube_FW_L0_V1.12.2, STM32Cube_FW_L5_V1.5.0, STM32Cube_FW_U5_V1.3.0, STM32Cube_FW_U5_V1.3.0RC4, STM32Cube_FW_WBA_V1.0.0RC1, STM32Cube_FW_WBA_V1.1.0, STM32Cube_FW_WBA_V1.1.0RC1, STM32Cube_FW_WB_V1.15.0RC1, STM32Cube_FW_WB_V1.16.0, STM32Cube_FW_WB_V1.16.0RC2, STM32Cube_FW_WB_V1.17.0, STM32Cube_FW_WL_V1.3.0, X-CUBE-ALGOBUILD_V1.3.0, X-CUBE-ALS_V1.0.1, X-CUBE-AZRTOS-F4_V1.1.0, X-CUBE-AZRTOS-F7_V1.1.0, X-CUBE-AZRTOS-G0_V1.1.0, X-CUBE-AZRTOS-G4_V2.0.0, X-CUBE-AZRTOS-H7_V3.1.0, X-CUBE-AZRTOS-L4_V1.0.0, X-CUBE-AZRTOS-L4_V2.0.0, X-CUBE-AZRTOS-L5_V1.1.0, X-CUBE-AZRTOS-WB_V1.1.0, X-CUBE-AZRTOS-WL_V2.0.0, X-CUBE-BLE1_V7.0.0, X-CUBE-BLE2_V3.3.0, X-CUBE-BLEMGR_V2.0.0, X-CUBE-EEPRMA1_V4.1.0, X-CUBE-FREERTOS_V1.1.0, X-CUBE-GNSS1_V6.0.0, X-CUBE-MEMS1_V9.1.0, X-CUBE-MEMS1_V9.4.0, X-CUBE-MEMS1_V9.6.0, X-CUBE-NFC4_V3.0.0, X-CUBE-NFC7_V1.0.0, X-CUBE-SFXS2LP1_V4.0.0, X-CUBE-SUBG2_V5.0.0, X-CUBE-TOF1_V3.3.1]
2023-09-03 12:04:57,608 [INFO] DbBoardsSqlite:226 - include board P-NUCLEO-WB55-NUCLEO as a kit item of type 'Nucleo-64'
2023-09-03 12:04:57,609 [INFO] DbBoardsSqlite:226 - include board P-NUCLEO-WB55-USBDONGLE as a kit item of type 'Nucleo USB Dongle'
2023-09-03 12:04:57,610 [INFO] DbBoardsSqlite:226 - include board STEVAL-IDP005V1 as a kit item of type 'Evaluation Board'
2023-09-03 12:04:57,611 [INFO] DbBoardsSqlite:226 - include board STEVAL-IDP005V2 as a kit item of type 'Evaluation Board'
2023-09-03 12:04:58,144 [INFO] ApiDb:240 - Found 323 in-development CPN: [B-G473E-ZEST1S, B-WB1M-WPAN1, B-WL5M-SUBG1, NUCLEO-C031C6, NUCLEO-H503RB, NUCLEO-H563ZI, NUCLEO-U545RE-Q, NUCLEO-U5A5ZJ-Q, NUCLEO-WBA52CG, STEVAL-PROTEUS1, STEVAL-SMARTAG2, STEVAL-STWINBX1, STM320518-EVAL, STM32C0116-DK, STM32C011D6Y3TR, STM32C011D6Y6TR, STM32C011F4P3, STM32C011F4P6, STM32C011F4U3, STM32C011F4U6TR, STM32C011F6P3, STM32C011F6P6, STM32C011F6U3, STM32C011F6U6TR, STM32C011J4M3, STM32C011J4M6, STM32C011J6M3, STM32C011J6M6, STM32C0316-DK, STM32C031C4T3, STM32C031C4T6, STM32C031C4U3, STM32C031C4U6, STM32C031C6T3, STM32C031C6T6, STM32C031C6U3, STM32C031C6U6, STM32C031F4P3, STM32C031F4P6, STM32C031F6P3, STM32C031F6P6, STM32C031G4U3, STM32C031G4U6, STM32C031G6U3, STM32C031G6U6, STM32C031K4T3, STM32C031K4T6, STM32C031K4U3, STM32C031K4U6, STM32C031K6T3, STM32C031K6T6, STM32C031K6U3, STM32C031K6U6, STM32G071K8TXN, STM32G071K8UXN, STM32G081GBU6N, STM32G081KBT6N, STM32G081KBUXN, STM32G0B1CCT6N, STM32G0B1KCT6, STM32G0B1NEY6TR, STM32G0B1RCT6N, STM32G0C1CCT6, STM32G0C1CCT6N, STM32G0C1CCU6N, STM32G0C1CET6N, STM32G0C1CEU6N, STM32G0C1KCT6, STM32G0C1NEY6TR, STM32G0C1RCI6N, STM32G0C1RCT6N, STM32G0C1REI6N, STM32G0C1RET6N, STM32G0C1VCI6, STM32G0C1VEI6, STM32G471CCT6, STM32G471CCU6, STM32G471CET3, STM32G471CET6, STM32G471CEU3, STM32G471CEU6, STM32G471MCT6, STM32G471MET3, STM32G471MET6, STM32G471MEY6TR, STM32G471QCT6, STM32G471QET3, STM32G471RCT6, STM32G471RET3, STM32G471RET6, STM32G471VCH6, STM32G471VCI6, STM32G471VCT6, STM32G471VEH3, STM32G471VEH6, STM32G471VEI3, STM32G471VEI6, STM32G471VET3, STM32G471VET6, STM32G474CCT6, STM32H503CBT6, STM32H503CBU6, STM32H503EBY6TR, STM32H503KBU6, STM32H503RBT6, STM32H562AGI6, STM32H562AII6, STM32H562IGK6, STM32H562IGT6, STM32H562IIK6, STM32H562IIT6, STM32H562RGT6, STM32H562RGV6, STM32H562RIT6, STM32H562RIV6, STM32H562VGT6, STM32H562VIT6, STM32H562ZGT6, STM32H562ZIT6, STM32H563AGI6, STM32H563AII3Q, STM32H563AII6, STM32H563IGK6, STM32H563IGT6, STM32H563IIK3Q, STM32H563IIK6, STM32H563IIT3Q, STM32H563IIT6, STM32H563MIY3QTR, STM32H563RGT6, STM32H563RGV6, STM32H563RIT6, STM32H563RIV6, STM32H563VGT6, STM32H563VIT3Q, STM32H563VIT6, STM32H563ZGT6, STM32H563ZIT3Q, STM32H563ZIT6, STM32H573AII3Q, STM32H573AII6, STM32H573I-DK, STM32H573IIK3Q, STM32H573IIK6, STM32H573IIT3Q, STM32H573IIT6, STM32H573MIY3QTR, STM32H573RIT6, STM32H573RIV6, STM32H573VIT3Q, STM32H573VIT6, STM32H573ZIT3Q, STM32H573ZIT6, STM32L4R5QGI6STR, STM32MP131AAE3, STM32MP131AAF3, STM32MP131AAG3, STM32MP131CAE3, STM32MP131CAF3, STM32MP131CAG3, STM32MP131DAE7, STM32MP131DAF7, STM32MP131DAG7, STM32MP131FAE7, STM32MP131FAF7, STM32MP131FAG7, STM32MP133AAE3, STM32MP133AAF3, STM32MP133AAG3, STM32MP133CAE3, STM32MP133CAF3, STM32MP133CAG3, STM32MP133DAE7, STM32MP133DAF7, STM32MP133DAG7, STM32MP133FAE7, STM32MP133FAF7, STM32MP133FAG7, STM32MP135AAE3, STM32MP135AAF3, STM32MP135AAG3, STM32MP135CAE3, STM32MP135CAF3, STM32MP135CAG3, STM32MP135DAE7, STM32MP135DAF7, STM32MP135DAG7, STM32MP135F-DK, STM32MP135FAE7, STM32MP135FAF7, STM32MP135FAF7T, STM32MP135FAF7U, STM32MP135FAG7, STM32U535CBT6, STM32U535CBT6Q, STM32U535CBU6, STM32U535CBU6Q, STM32U535CCT6, STM32U535CCT6Q, STM32U535CCU6, STM32U535CCU6Q, STM32U535CET6, STM32U535CET6Q, STM32U535CEU6, STM32U535CEU6Q, STM32U535JEY6QTR, STM32U535NCY6QTR, STM32U535NEY6QTR, STM32U535RBI6, STM32U535RBI6Q, STM32U535RBT6, STM32U535RBT6Q, STM32U535RCI6, STM32U535RCI6Q, STM32U535RCT6, STM32U535RCT6Q, STM32U535REI6, STM32U535REI6Q, STM32U535RET6, STM32U535RET6Q, STM32U535VCI6, STM32U535VCI6Q, STM32U535VCT6, STM32U535VCT6Q, STM32U535VEI6, STM32U535VEI6Q, STM32U535VET6, STM32U535VET6Q, STM32U545CET6, STM32U545CET6Q, STM32U545CEU6, STM32U545CEU6Q, STM32U545JEY6QTR, STM32U545NEY6QTR, STM32U545REI6, STM32U545REI6Q, STM32U545RET6, STM32U545RET6Q, STM32U545VEI6, STM32U545VEI6Q, STM32U545VET6, STM32U545VET6Q, STM32U595AIH6, STM32U595AIH6Q, STM32U595AJH6, STM32U595AJH6Q, STM32U595QII6, STM32U595QII6Q, STM32U595QJI6, STM32U595QJI6Q, STM32U595RIT6, STM32U595RIT6Q, STM32U595RJT6, STM32U595RJT6Q, STM32U595VIT6, STM32U595VIT6Q, STM32U595VJT6, STM32U595VJT6Q, STM32U595ZIT6, STM32U595ZIT6Q, STM32U595ZIY6QTR, STM32U595ZJT6, STM32U595ZJT6Q, STM32U595ZJY6QTR, STM32U599BJY6QTR, STM32U599NIH6Q, STM32U599NJH6Q, STM32U599VIT6Q, STM32U599VJT6, STM32U599VJT6Q, STM32U599ZIT6Q, STM32U599ZIY6QTR, STM32U599ZJT6Q, STM32U599ZJY6QTR, STM32U5A5AJH6, STM32U5A5AJH6Q, STM32U5A5QJI6, STM32U5A5QJI6Q, STM32U5A5RJT6, STM32U5A5RJT6Q, STM32U5A5VJT6, STM32U5A5VJT6Q, STM32U5A5ZJT6, STM32U5A5ZJT6Q, STM32U5A5ZJY6QTR, STM32U5A9BJY6QTR, STM32U5A9J-DK, STM32U5A9NJH6Q, STM32U5A9VJT6Q, STM32U5A9ZJT6Q, STM32U5A9ZJY6QTR, STM32U5F7VIT6, STM32U5F7VIT6Q, STM32U5F7VJT6, STM32U5F7VJT6Q, STM32U5F9BJY6QTR, STM32U5F9NJH6Q, STM32U5F9VIT6Q, STM32U5F9VJT6Q, STM32U5F9ZIJ6QTR, STM32U5F9ZIT6Q, STM32U5F9ZJJ6QTR, STM32U5F9ZJT6Q, STM32U5G7VJT6, STM32U5G7VJT6Q, STM32U5G9BJY6QTR, STM32U5G9J-DK1, STM32U5G9J-DK2, STM32U5G9NJH6Q, STM32U5G9VJT6Q, STM32U5G9ZJJ6QTR, STM32U5G9ZJT6Q, STM32WB1MMCH6, STM32WBA52CEU6, STM32WBA52CEU6T, STM32WBA52CGU6, STM32WBA52CGU6T, STM32WBA52KEU6, STM32WBA52KEU6T, STM32WBA52KGU6, STM32WBA52KGU6T, STM32WL5MOCH6, STM32WL5MOCH6TR]
2023-09-03 12:04:58,428 [INFO] BoardInfo:880 - No configuration file found for board P-NUCLEO-WB55
2023-09-03 12:04:58,428 [INFO] DbBoards:157 - Kit is not supported: P-NUCLEO-WB55
2023-09-03 12:04:58,436 [INFO] BoardInfo:880 - No configuration file found for board STEVAL-BFA001V1B
2023-09-03 12:04:58,436 [INFO] DbBoards:157 - Kit is not supported: STEVAL-BFA001V1B
2023-09-03 12:04:58,438 [INFO] BoardInfo:880 - No configuration file found for board STEVAL-BFA001V2B
2023-09-03 12:04:58,438 [INFO] DbBoards:157 - Kit is not supported: STEVAL-BFA001V2B
2023-09-03 12:04:58,545 [INFO] DbBoards:161 - Found 190 boards, 187 are supported
2023-09-03 12:04:58,550 [INFO] ApiDb:668 - CubeFinder database Data Model version=2.1
2023-09-03 12:04:58,550 [INFO] ApiDb:669 - CubeFinder database Configuration version=3.0.37
2023-09-03 12:04:58,550 [INFO] ApiDb:670 - CubeFinder database generation date=2023-08-09 (1691586011)
2023-09-03 12:04:58,550 [INFO] ApiDb:671 - CubeFinder database FW Pack versions=[FP-ATR-ASTRA1_V2.0.0, FP-SNS-FLIGHT1_V5.0.1, FP-SNS-FLIGHT1_V5.0.2, FP-SNS-MOTENV1_V4.3.1, FP-SNS-MOTENV1_V4.3.2, STM32Cube_FW_C0_V1.1.0, STM32Cube_FW_F4_V1.27.1, STM32Cube_FW_F7_V1.17.0, STM32Cube_FW_G0_V1.6.1, STM32Cube_FW_G4_V1.5.1, STM32Cube_FW_H5_V0.5.1, STM32Cube_FW_H5_V1.1.0, STM32Cube_FW_H7_V1.11.0, STM32Cube_FW_L0_V1.12.2, STM32Cube_FW_L5_V1.5.0, STM32Cube_FW_U5_V1.3.0, STM32Cube_FW_U5_V1.3.0RC4, STM32Cube_FW_WBA_V1.0.0RC1, STM32Cube_FW_WBA_V1.1.0, STM32Cube_FW_WBA_V1.1.0RC1, STM32Cube_FW_WB_V1.15.0RC1, STM32Cube_FW_WB_V1.16.0, STM32Cube_FW_WB_V1.16.0RC2, STM32Cube_FW_WB_V1.17.0, STM32Cube_FW_WL_V1.3.0, X-CUBE-ALGOBUILD_V1.3.0, X-CUBE-ALS_V1.0.1, X-CUBE-AZRTOS-F4_V1.1.0, X-CUBE-AZRTOS-F7_V1.1.0, X-CUBE-AZRTOS-G0_V1.1.0, X-CUBE-AZRTOS-G4_V2.0.0, X-CUBE-AZRTOS-H7_V3.1.0, X-CUBE-AZRTOS-L4_V1.0.0, X-CUBE-AZRTOS-L4_V2.0.0, X-CUBE-AZRTOS-L5_V1.1.0, X-CUBE-AZRTOS-WB_V1.1.0, X-CUBE-AZRTOS-WL_V2.0.0, X-CUBE-BLE1_V7.0.0, X-CUBE-BLE2_V3.3.0, X-CUBE-BLEMGR_V2.0.0, X-CUBE-EEPRMA1_V4.1.0, X-CUBE-FREERTOS_V1.1.0, X-CUBE-GNSS1_V6.0.0, X-CUBE-MEMS1_V9.1.0, X-CUBE-MEMS1_V9.4.0, X-CUBE-MEMS1_V9.6.0, X-CUBE-NFC4_V3.0.0, X-CUBE-NFC7_V1.0.0, X-CUBE-SFXS2LP1_V4.0.0, X-CUBE-SUBG2_V5.0.0, X-CUBE-TOF1_V3.3.1]
2023-09-03 12:05:00,579 [INFO] ApiDb:240 - Found 323 in-development CPN: [B-G473E-ZEST1S, B-WB1M-WPAN1, B-WL5M-SUBG1, NUCLEO-C031C6, NUCLEO-H503RB, NUCLEO-H563ZI, NUCLEO-U545RE-Q, NUCLEO-U5A5ZJ-Q, NUCLEO-WBA52CG, STEVAL-PROTEUS1, STEVAL-SMARTAG2, STEVAL-STWINBX1, STM320518-EVAL, STM32C0116-DK, STM32C011D6Y3TR, STM32C011D6Y6TR, STM32C011F4P3, STM32C011F4P6, STM32C011F4U3, STM32C011F4U6TR, STM32C011F6P3, STM32C011F6P6, STM32C011F6U3, STM32C011F6U6TR, STM32C011J4M3, STM32C011J4M6, STM32C011J6M3, STM32C011J6M6, STM32C0316-DK, STM32C031C4T3, STM32C031C4T6, STM32C031C4U3, STM32C031C4U6, STM32C031C6T3, STM32C031C6T6, STM32C031C6U3, STM32C031C6U6, STM32C031F4P3, STM32C031F4P6, STM32C031F6P3, STM32C031F6P6, STM32C031G4U3, STM32C031G4U6, STM32C031G6U3, STM32C031G6U6, STM32C031K4T3, STM32C031K4T6, STM32C031K4U3, STM32C031K4U6, STM32C031K6T3, STM32C031K6T6, STM32C031K6U3, STM32C031K6U6, STM32G071K8TXN, STM32G071K8UXN, STM32G081GBU6N, STM32G081KBT6N, STM32G081KBUXN, STM32G0B1CCT6N, STM32G0B1KCT6, STM32G0B1NEY6TR, STM32G0B1RCT6N, STM32G0C1CCT6, STM32G0C1CCT6N, STM32G0C1CCU6N, STM32G0C1CET6N, STM32G0C1CEU6N, STM32G0C1KCT6, STM32G0C1NEY6TR, STM32G0C1RCI6N, STM32G0C1RCT6N, STM32G0C1REI6N, STM32G0C1RET6N, STM32G0C1VCI6, STM32G0C1VEI6, STM32G471CCT6, STM32G471CCU6, STM32G471CET3, STM32G471CET6, STM32G471CEU3, STM32G471CEU6, STM32G471MCT6, STM32G471MET3, STM32G471MET6, STM32G471MEY6TR, STM32G471QCT6, STM32G471QET3, STM32G471RCT6, STM32G471RET3, STM32G471RET6, STM32G471VCH6, STM32G471VCI6, STM32G471VCT6, STM32G471VEH3, STM32G471VEH6, STM32G471VEI3, STM32G471VEI6, STM32G471VET3, STM32G471VET6, STM32G474CCT6, STM32H503CBT6, STM32H503CBU6, STM32H503EBY6TR, STM32H503KBU6, STM32H503RBT6, STM32H562AGI6, STM32H562AII6, STM32H562IGK6, STM32H562IGT6, STM32H562IIK6, STM32H562IIT6, STM32H562RGT6, STM32H562RGV6, STM32H562RIT6, STM32H562RIV6, STM32H562VGT6, STM32H562VIT6, STM32H562ZGT6, STM32H562ZIT6, STM32H563AGI6, STM32H563AII3Q, STM32H563AII6, STM32H563IGK6, STM32H563IGT6, STM32H563IIK3Q, STM32H563IIK6, STM32H563IIT3Q, STM32H563IIT6, STM32H563MIY3QTR, STM32H563RGT6, STM32H563RGV6, STM32H563RIT6, STM32H563RIV6, STM32H563VGT6, STM32H563VIT3Q, STM32H563VIT6, STM32H563ZGT6, STM32H563ZIT3Q, STM32H563ZIT6, STM32H573AII3Q, STM32H573AII6, STM32H573I-DK, STM32H573IIK3Q, STM32H573IIK6, STM32H573IIT3Q, STM32H573IIT6, STM32H573MIY3QTR, STM32H573RIT6, STM32H573RIV6, STM32H573VIT3Q, STM32H573VIT6, STM32H573ZIT3Q, STM32H573ZIT6, STM32L4R5QGI6STR, STM32MP131AAE3, STM32MP131AAF3, STM32MP131AAG3, STM32MP131CAE3, STM32MP131CAF3, STM32MP131CAG3, STM32MP131DAE7, STM32MP131DAF7, STM32MP131DAG7, STM32MP131FAE7, STM32MP131FAF7, STM32MP131FAG7, STM32MP133AAE3, STM32MP133AAF3, STM32MP133AAG3, STM32MP133CAE3, STM32MP133CAF3, STM32MP133CAG3, STM32MP133DAE7, STM32MP133DAF7, STM32MP133DAG7, STM32MP133FAE7, STM32MP133FAF7, STM32MP133FAG7, STM32MP135AAE3, STM32MP135AAF3, STM32MP135AAG3, STM32MP135CAE3, STM32MP135CAF3, STM32MP135CAG3, STM32MP135DAE7, STM32MP135DAF7, STM32MP135DAG7, STM32MP135F-DK, STM32MP135FAE7, STM32MP135FAF7, STM32MP135FAF7T, STM32MP135FAF7U, STM32MP135FAG7, STM32U535CBT6, STM32U535CBT6Q, STM32U535CBU6, STM32U535CBU6Q, STM32U535CCT6, STM32U535CCT6Q, STM32U535CCU6, STM32U535CCU6Q, STM32U535CET6, STM32U535CET6Q, STM32U535CEU6, STM32U535CEU6Q, STM32U535JEY6QTR, STM32U535NCY6QTR, STM32U535NEY6QTR, STM32U535RBI6, STM32U535RBI6Q, STM32U535RBT6, STM32U535RBT6Q, STM32U535RCI6, STM32U535RCI6Q, STM32U535RCT6, STM32U535RCT6Q, STM32U535REI6, STM32U535REI6Q, STM32U535RET6, STM32U535RET6Q, STM32U535VCI6, STM32U535VCI6Q, STM32U535VCT6, STM32U535VCT6Q, STM32U535VEI6, STM32U535VEI6Q, STM32U535VET6, STM32U535VET6Q, STM32U545CET6, STM32U545CET6Q, STM32U545CEU6, STM32U545CEU6Q, STM32U545JEY6QTR, STM32U545NEY6QTR, STM32U545REI6, STM32U545REI6Q, STM32U545RET6, STM32U545RET6Q, STM32U545VEI6, STM32U545VEI6Q, STM32U545VET6, STM32U545VET6Q, STM32U595AIH6, STM32U595AIH6Q, STM32U595AJH6, STM32U595AJH6Q, STM32U595QII6, STM32U595QII6Q, STM32U595QJI6, STM32U595QJI6Q, STM32U595RIT6, STM32U595RIT6Q, STM32U595RJT6, STM32U595RJT6Q, STM32U595VIT6, STM32U595VIT6Q, STM32U595VJT6, STM32U595VJT6Q, STM32U595ZIT6, STM32U595ZIT6Q, STM32U595ZIY6QTR, STM32U595ZJT6, STM32U595ZJT6Q, STM32U595ZJY6QTR, STM32U599BJY6QTR, STM32U599NIH6Q, STM32U599NJH6Q, STM32U599VIT6Q, STM32U599VJT6, STM32U599VJT6Q, STM32U599ZIT6Q, STM32U599ZIY6QTR, STM32U599ZJT6Q, STM32U599ZJY6QTR, STM32U5A5AJH6, STM32U5A5AJH6Q, STM32U5A5QJI6, STM32U5A5QJI6Q, STM32U5A5RJT6, STM32U5A5RJT6Q, STM32U5A5VJT6, STM32U5A5VJT6Q, STM32U5A5ZJT6, STM32U5A5ZJT6Q, STM32U5A5ZJY6QTR, STM32U5A9BJY6QTR, STM32U5A9J-DK, STM32U5A9NJH6Q, STM32U5A9VJT6Q, STM32U5A9ZJT6Q, STM32U5A9ZJY6QTR, STM32U5F7VIT6, STM32U5F7VIT6Q, STM32U5F7VJT6, STM32U5F7VJT6Q, STM32U5F9BJY6QTR, STM32U5F9NJH6Q, STM32U5F9VIT6Q, STM32U5F9VJT6Q, STM32U5F9ZIJ6QTR, STM32U5F9ZIT6Q, STM32U5F9ZJJ6QTR, STM32U5F9ZJT6Q, STM32U5G7VJT6, STM32U5G7VJT6Q, STM32U5G9BJY6QTR, STM32U5G9J-DK1, STM32U5G9J-DK2, STM32U5G9NJH6Q, STM32U5G9VJT6Q, STM32U5G9ZJJ6QTR, STM32U5G9ZJT6Q, STM32WB1MMCH6, STM32WBA52CEU6, STM32WBA52CEU6T, STM32WBA52CGU6, STM32WBA52CGU6T, STM32WBA52KEU6, STM32WBA52KEU6T, STM32WBA52KGU6, STM32WBA52KGU6T, STM32WL5MOCH6, STM32WL5MOCH6TR]
2023-09-03 12:05:00,588 [INFO] DbMcus:217 - Found 3848 MCUs, 3848 are supported
2023-09-03 12:05:00,589 [INFO] ApiDb:423 - Load user favorites file C:\Users\brbar/.stm32cubeide/favorites.mcus.txt: 0 item(s)
2023-09-03 12:05:00,589 [INFO] ApiDb:427 - User favorites MCUs=[]
2023-09-03 12:05:00,590 [INFO] DbMcus:223 - Set 0 / 0 favorites MCUs
2023-09-03 12:05:00,834 [INFO] ApiDb:423 - Load user favorites file C:\Users\brbar/.stm32cubeide/favorites.boards.txt: 0 item(s)
2023-09-03 12:05:00,834 [INFO] ApiDb:427 - User favorites Boards=[]
2023-09-03 12:05:00,834 [INFO] DbBoards:190 - Set 0 / 0 favorites Boards
2023-09-03 12:05:00,835 [INFO] McuFinderGlobals:76 - Set McuFinderConnectedMode to false
2023-09-03 12:05:00,849 [INFO] MultiScanPanel:200 - Auto-refresh data requested => check proxy status ongoing
2023-09-03 12:05:00,849 [INFO] MultiScanPanel:204 - Proxy status is invalid
2023-09-03 12:05:00,855 [INFO] FinderPluginLoader:95 - Searching for filters in installed packs
2023-09-03 12:05:02,401 [INFO] DetailPanel:341 - Set advertising image to C:/Users/brbar/STM32Cube/Repository/\en.prom-stm32h5-mcu-finder.jpg
2023-09-03 12:06:05,978 [INFO] McuFinderGlobals:76 - Set McuFinderConnectedMode to true
2023-09-03 12:06:06,027 [INFO] ApiDb:448 - Save user favorites file C:\Users\brbar/.stm32cubeide/favorites.mcus.txt: 0 item(s)
2023-09-03 12:06:06,027 [INFO] ApiDb:452 - User favorites MCUs=[]
2023-09-03 12:06:16,408 [ERROR] ConfigurationRetriever:142 - IOException on connection: sw-center.st.com
2023-09-03 12:06:16,409 [ERROR] ConfigurationRetriever:142 - IOException on connection: sw-center.st.com
2023-09-03 12:06:16,409 [ERROR] ConfigurationRetriever:142 - IOException on connection: sw-center.st.com
2023-09-03 12:06:35,877 [INFO] Activator:176 - 


2023-09-03 12:06:35,880 [INFO] Activator:177 - !SESSION log4j initialized
2023-09-03 12:06:38,379 [INFO] LogOutputStream:77 - [STDOUT_REDIRECT] 
2023-09-03 12:06:38,772 [ERROR] ConfigurationRetriever:142 - IOException on connection: sw-center.st.com
2023-09-03 12:06:38,773 [ERROR] ConfigurationRetriever:142 - IOException on connection: sw-center.st.com
2023-09-03 12:06:38,774 [ERROR] ConfigurationRetriever:142 - IOException on connection: sw-center.st.com
2023-09-03 12:06:40,504 [INFO] ApplicationProperties:184 - Using Application install path: C:\ST\STM32CubeIDE_1.13.1\STM32CubeIDE\plugins\com.st.stm32cube.common.mx_6.9.1.202307191849
2023-09-03 12:06:40,535 [INFO] DbMcusXml:78 - Set database path to: C:\ST\STM32CubeIDE_1.13.1\STM32CubeIDE\plugins\com.st.stm32cube.common.mx_6.9.1.202307191849\\db\/mcu/
2023-09-03 12:06:40,535 [INFO] ApiDb:274 - Set plugin database path to: C:\ST\STM32CubeIDE_1.13.1\STM32CubeIDE\plugins\com.st.stm32cube.common.mx_6.9.1.202307191849\\db\/plugins/boardmanager/
2023-09-03 12:06:40,536 [WARN] ApiDb:259 - Overriding images path with different value:  => C:\ST\STM32CubeIDE_1.13.1\STM32CubeIDE\plugins\com.st.stm32cube.common.mx_6.9.1.202307191849\\db\/plugins/mcufinder/images/
2023-09-03 12:06:40,551 [INFO] ApiDb:250 - Set database path to: C:\Users\brbar\.stmcufinder\plugins\mcufinder//mcu/
2023-09-03 12:06:40,553 [INFO] DbMcusAds:125 - Set database path to: C:\Users\brbar\.stmcufinder\plugins\mcufinder//mcu/
2023-09-03 12:06:40,557 [INFO] CrossReferenceDbSqlite:203 - Set database path to: C:\Users\brbar\.stmcufinder\plugins\mcufinder//mcu/cs/
2023-09-03 12:06:40,729 [INFO] RulesReader:64 - Compatibility file has been processed (293 Rules)
2023-09-03 12:06:40,844 [INFO] DbMcusXml:78 - Set database path to: C:\ST\STM32CubeIDE_1.13.1\STM32CubeIDE\plugins\com.st.stm32cube.common.mx_6.9.1.202307191849\\db\/mcu/
2023-09-03 12:06:40,844 [INFO] ApiDb:274 - Set plugin database path to: C:\ST\STM32CubeIDE_1.13.1\STM32CubeIDE\plugins\com.st.stm32cube.common.mx_6.9.1.202307191849\\db\/plugins/boardmanager/
2023-09-03 12:06:40,844 [INFO] ApiDb:261 - Set plugin images path to: C:\ST\STM32CubeIDE_1.13.1\STM32CubeIDE\plugins\com.st.stm32cube.common.mx_6.9.1.202307191849\\db\/plugins/mcufinder/images/
2023-09-03 12:06:40,845 [WARN] DbFile:41 - Overriding database path with different value: C:\Users\brbar\.stmcufinder\plugins\mcufinder/ => C:\Users\brbar\.stmcufinder\plugins\mcufinder
2023-09-03 12:06:40,845 [INFO] ApiDb:250 - Set database path to: C:\Users\brbar\.stmcufinder\plugins\mcufinder//mcu/
2023-09-03 12:06:40,845 [WARN] DbFile:41 - Overriding database path with different value: C:\Users\brbar\.stmcufinder\plugins\mcufinder/ => C:\Users\brbar\.stmcufinder\plugins\mcufinder
2023-09-03 12:06:40,845 [INFO] DbMcusAds:125 - Set database path to: C:\Users\brbar\.stmcufinder\plugins\mcufinder//mcu/
2023-09-03 12:06:40,845 [WARN] DbFile:41 - Overriding database path with different value: C:\Users\brbar\.stmcufinder\plugins\mcufinder/ => C:\Users\brbar\.stmcufinder\plugins\mcufinder
2023-09-03 12:06:40,845 [WARN] DbFile:41 - Overriding database path with different value: C:\Users\brbar\.stmcufinder\plugins\mcufinder/ => C:\Users\brbar\.stmcufinder\plugins\mcufinder
2023-09-03 12:06:40,845 [INFO] CrossReferenceDbSqlite:203 - Set database path to: C:\Users\brbar\.stmcufinder\plugins\mcufinder//mcu/cs/
2023-09-03 12:06:40,956 [INFO] MainPanel:262 - HeapMemory: 268435456
2023-09-03 12:06:41,123 [INFO] DbMcusXml:78 - Set database path to: C:\ST\STM32CubeIDE_1.13.1\STM32CubeIDE\plugins\com.st.stm32cube.common.mx_6.9.1.202307191849\\db\/mcu/
2023-09-03 12:06:41,124 [INFO] ApiDb:274 - Set plugin database path to: C:\ST\STM32CubeIDE_1.13.1\STM32CubeIDE\plugins\com.st.stm32cube.common.mx_6.9.1.202307191849\\db\/plugins/boardmanager/
2023-09-03 12:06:41,124 [INFO] ApiDb:261 - Set plugin images path to: C:\ST\STM32CubeIDE_1.13.1\STM32CubeIDE\plugins\com.st.stm32cube.common.mx_6.9.1.202307191849\\db\/plugins/mcufinder/images/
2023-09-03 12:06:41,125 [WARN] DbFile:41 - Overriding database path with different value: C:\Users\brbar\.stmcufinder\plugins\mcufinder/ => C:\Users\brbar\.stmcufinder\plugins\mcufinder
2023-09-03 12:06:41,125 [INFO] ApiDb:250 - Set database path to: C:\Users\brbar\.stmcufinder\plugins\mcufinder//mcu/
2023-09-03 12:06:41,125 [WARN] DbFile:41 - Overriding database path with different value: C:\Users\brbar\.stmcufinder\plugins\mcufinder/ => C:\Users\brbar\.stmcufinder\plugins\mcufinder
2023-09-03 12:06:41,125 [INFO] DbMcusAds:125 - Set database path to: C:\Users\brbar\.stmcufinder\plugins\mcufinder//mcu/
2023-09-03 12:06:41,125 [WARN] DbFile:41 - Overriding database path with different value: C:\Users\brbar\.stmcufinder\plugins\mcufinder/ => C:\Users\brbar\.stmcufinder\plugins\mcufinder
2023-09-03 12:06:41,125 [WARN] DbFile:41 - Overriding database path with different value: C:\Users\brbar\.stmcufinder\plugins\mcufinder/ => C:\Users\brbar\.stmcufinder\plugins\mcufinder
2023-09-03 12:06:41,126 [INFO] CrossReferenceDbSqlite:203 - Set database path to: C:\Users\brbar\.stmcufinder\plugins\mcufinder//mcu/cs/
2023-09-03 12:06:41,158 [INFO] ApplicationProperties:184 - Using Application install path: C:\ST\STM32CubeIDE_1.13.1\STM32CubeIDE\plugins\com.st.stm32cube.common.mx_6.9.1.202307191849
2023-09-03 12:06:41,160 [INFO] PluginManage:196 - Search for loadable plugins [exclusion list=, ]
2023-09-03 12:06:41,164 [INFO] PluginManage:310 - Check plugin analytics
2023-09-03 12:06:41,379 [INFO] AnalyticsPlugin:253 - Accepted Software Licenses: 
2023-09-03 12:06:41,380 [INFO] AnalyticsPlugin:255 - Accepted CMSIS Pack Licenses: 
2023-09-03 12:06:41,380 [INFO] AnalyticsPlugin:257 - Accepted Firmware Licenses: 
2023-09-03 12:06:41,385 [INFO] PluginManage:359 - Loaded plugin analytics (category:tool,tabindex:-1)
2023-09-03 12:06:41,385 [ERROR] ConfigurationRetriever:142 - IOException on connection: sw-center.st.com
2023-09-03 12:06:41,386 [ERROR] ConfigurationRetriever:142 - IOException on connection: sw-center.st.com
2023-09-03 12:06:41,387 [INFO] PluginManage:310 - Check plugin cadmodel
2023-09-03 12:06:41,388 [ERROR] ConfigurationRetriever:142 - IOException on connection: sw-center.st.com
2023-09-03 12:06:41,394 [INFO] CADModel:105 - Init CAD model plugin
2023-09-03 12:06:41,394 [INFO] PluginManage:359 - Loaded plugin cadmodel (category:power,tabindex:5)
2023-09-03 12:06:41,395 [INFO] PluginManage:310 - Check plugin clock
2023-09-03 12:06:41,405 [INFO] PluginManage:359 - Loaded plugin clock (category:base,tabindex:2)
2023-09-03 12:06:41,405 [INFO] PluginManage:310 - Check plugin ddr
2023-09-03 12:06:41,408 [INFO] PluginManage:359 - Loaded plugin ddr (category:tool,tabindex:6)
2023-09-03 12:06:41,408 [INFO] PluginManage:310 - Check plugin filemanager
2023-09-03 12:06:41,558 [INFO] PluginManage:359 - Loaded plugin filemanager (category:base,tabindex:10)
2023-09-03 12:06:41,559 [INFO] PluginManage:310 - Check plugin ipmanager
2023-09-03 12:06:41,563 [INFO] McuFinderGlobals:63 - Set McuFinder mode to 2 (CubeIDE integrated)
2023-09-03 12:06:41,567 [INFO] PluginManage:359 - Loaded plugin ipmanager (category:base,tabindex:5)
2023-09-03 12:06:41,567 [INFO] PluginManage:310 - Check plugin lpbam
2023-09-03 12:06:41,576 [INFO] PluginManage:359 - Loaded plugin lpbam (category:base,tabindex:0)
2023-09-03 12:06:41,577 [INFO] PluginManage:310 - Check plugin memorymap
2023-09-03 12:06:41,591 [INFO] PluginManage:359 - Loaded plugin memorymap (category:base,tabindex:4)
2023-09-03 12:06:41,591 [INFO] PluginManage:310 - Check plugin pinoutandconfiguration
2023-09-03 12:06:41,597 [INFO] PluginManage:359 - Loaded plugin pinoutandconfiguration (category:base,tabindex:1)
2023-09-03 12:06:41,597 [INFO] PluginManage:310 - Check plugin pinoutconfig
2023-09-03 12:06:41,698 [WARN] SupportedApi:132 - Cannot load RTOS API schema: s4s-elt-must-match.1: The content of 'definitions' must match (annotation?, (simpleType | complexType)?, (unique | key | keyref)*)). A problem was found starting at: attribute.
2023-09-03 12:06:41,889 [INFO] PluginManage:359 - Loaded plugin pinoutconfig (category:base,tabindex:0)
2023-09-03 12:06:41,889 [INFO] PluginManage:310 - Check plugin power
2023-09-03 12:06:41,903 [INFO] PluginManage:359 - Loaded plugin power (category:power,tabindex:4)
2023-09-03 12:06:41,904 [INFO] PluginManage:310 - Check plugin projectmanager
2023-09-03 12:06:41,945 [INFO] PluginManage:359 - Loaded plugin projectmanager (category:projectmanager,tabindex:3)
2023-09-03 12:06:41,945 [INFO] PluginManage:310 - Check plugin thirdparty
2023-09-03 12:06:42,136 [WARN] IntegrityCheckThread:84 - waiting for thirdparty lock release [integrity check]
2023-09-03 12:06:42,136 [INFO] PluginManage:359 - Loaded plugin thirdparty (category:base,tabindex:-1)
2023-09-03 12:06:42,136 [INFO] IntegrityCheckThread:86 - entering critical section [integrity check]
2023-09-03 12:06:42,136 [INFO] PluginManage:310 - Check plugin tools
2023-09-03 12:06:42,137 [INFO] ThirdPartyUpdaterWithRetryManager:70 - Updater plugin not ready yet. [1/15]
2023-09-03 12:06:42,141 [INFO] PluginManage:359 - Loaded plugin tools (category:base,tabindex:7)
2023-09-03 12:06:42,141 [INFO] PluginManage:310 - Check plugin tutovideos
2023-09-03 12:06:42,355 [INFO] PluginManage:359 - Loaded plugin tutovideos (category:base,tabindex:-1)
2023-09-03 12:06:42,355 [INFO] PluginManage:310 - Check plugin updater
2023-09-03 12:06:42,367 [INFO] PluginManage:359 - Loaded plugin updater (category:base,tabindex:12)
2023-09-03 12:06:42,367 [INFO] PluginManage:310 - Check plugin userauth
2023-09-03 12:06:42,373 [INFO] UserAuth:113 - Init User Auth plugin
2023-09-03 12:06:42,373 [INFO] PluginManage:359 - Loaded plugin userauth (category:base,tabindex:14)
2023-09-03 12:06:42,374 [INFO] PluginManage:283 - PluginManage : Loaded plugins [17]
2023-09-03 12:06:42,612 [INFO] PinOutPanel:1499 - setPackage(No Configuration,No Configuration)
2023-09-03 12:06:42,726 [INFO] CADModel:165 - CPN selected for project level
2023-09-03 12:06:42,726 [INFO] CADModel:114 - Register for checkConnection events
2023-09-03 12:06:42,743 [INFO] IPUIPlugin:80 - create IPUIPlugin
2023-09-03 12:06:42,744 [INFO] PluginManager:220 - loadIPPluginJar : add adc
2023-09-03 12:06:42,746 [INFO] IPUIPlugin:80 - create IPUIPlugin
2023-09-03 12:06:42,746 [INFO] PluginManager:220 - loadIPPluginJar : add aes
2023-09-03 12:06:42,748 [INFO] IPUIPlugin:80 - create IPUIPlugin
2023-09-03 12:06:42,748 [INFO] PluginManager:220 - loadIPPluginJar : add can
2023-09-03 12:06:42,749 [INFO] IPUIPlugin:80 - create IPUIPlugin
2023-09-03 12:06:42,749 [INFO] PluginManager:220 - loadIPPluginJar : add comp
2023-09-03 12:06:42,752 [INFO] IPUIPlugin:80 - create IPUIPlugin
2023-09-03 12:06:42,752 [INFO] PluginManager:220 - loadIPPluginJar : add cryp
2023-09-03 12:06:42,754 [INFO] IPUIPlugin:80 - create IPUIPlugin
2023-09-03 12:06:42,754 [INFO] PluginManager:220 - loadIPPluginJar : add dfsdm
2023-09-03 12:06:42,759 [INFO] IPUIPlugin:80 - create IPUIPlugin
2023-09-03 12:06:42,761 [INFO] PluginManager:220 - loadIPPluginJar : add dma
2023-09-03 12:06:42,763 [INFO] IPUIPlugin:80 - create IPUIPlugin
2023-09-03 12:06:42,763 [INFO] PluginManager:220 - loadIPPluginJar : add dma3
2023-09-03 12:06:42,764 [INFO] IPUIPlugin:80 - create IPUIPlugin
2023-09-03 12:06:42,764 [INFO] PluginManager:220 - loadIPPluginJar : add fatfs
2023-09-03 12:06:42,768 [INFO] IPUIPlugin:80 - create IPUIPlugin
2023-09-03 12:06:42,769 [INFO] PluginManager:220 - loadIPPluginJar : add fmc
2023-09-03 12:06:42,774 [INFO] IPUIPlugin:80 - create IPUIPlugin
2023-09-03 12:06:42,774 [INFO] PluginManager:220 - loadIPPluginJar : add freertos
2023-09-03 12:06:42,775 [INFO] IPUIPlugin:80 - create IPUIPlugin
2023-09-03 12:06:42,775 [INFO] PluginManager:220 - loadIPPluginJar : add genericplugin
2023-09-03 12:06:42,777 [INFO] IPUIPlugin:80 - create IPUIPlugin
2023-09-03 12:06:42,777 [INFO] PluginManager:220 - loadIPPluginJar : add gfxmmu
2023-09-03 12:06:42,780 [INFO] IPUIPlugin:80 - create IPUIPlugin
2023-09-03 12:06:42,781 [INFO] PluginManager:220 - loadIPPluginJar : add gic
2023-09-03 12:06:42,784 [INFO] IPUIPlugin:80 - create IPUIPlugin
2023-09-03 12:06:42,784 [INFO] PluginManager:220 - loadIPPluginJar : add gpio
2023-09-03 12:06:42,787 [INFO] IPUIPlugin:80 - create IPUIPlugin
2023-09-03 12:06:42,787 [INFO] PluginManager:220 - loadIPPluginJar : add gtzc
2023-09-03 12:06:42,789 [INFO] IPUIPlugin:80 - create IPUIPlugin
2023-09-03 12:06:42,790 [INFO] PluginManager:220 - loadIPPluginJar : add hash
2023-09-03 12:06:42,793 [INFO] IPUIPlugin:80 - create IPUIPlugin
2023-09-03 12:06:42,793 [INFO] PluginManager:220 - loadIPPluginJar : add i2c
2023-09-03 12:06:42,796 [INFO] IPUIPlugin:80 - create IPUIPlugin
2023-09-03 12:06:42,796 [INFO] PluginManager:220 - loadIPPluginJar : add i2s
2023-09-03 12:06:42,799 [INFO] IPUIPlugin:80 - create IPUIPlugin
2023-09-03 12:06:42,799 [INFO] PluginManager:220 - loadIPPluginJar : add i3c
2023-09-03 12:06:42,803 [INFO] IPUIPlugin:80 - create IPUIPlugin
2023-09-03 12:06:42,803 [INFO] PluginManager:220 - loadIPPluginJar : add ipddr
2023-09-03 12:06:42,812 [INFO] IPUIPlugin:80 - create IPUIPlugin
2023-09-03 12:06:42,812 [INFO] PluginManager:220 - loadIPPluginJar : add linkedlist
2023-09-03 12:06:42,814 [INFO] IPUIPlugin:80 - create IPUIPlugin
2023-09-03 12:06:42,814 [INFO] PluginManager:220 - loadIPPluginJar : add lorawan
2023-09-03 12:06:42,816 [INFO] IPUIPlugin:80 - create IPUIPlugin
2023-09-03 12:06:42,816 [INFO] PluginManager:220 - loadIPPluginJar : add ltdc
2023-09-03 12:06:42,823 [INFO] IPUIPlugin:80 - create IPUIPlugin
2023-09-03 12:06:42,824 [INFO] PluginManager:220 - loadIPPluginJar : add mdma
2023-09-03 12:06:42,828 [INFO] IPUIPlugin:80 - create IPUIPlugin
2023-09-03 12:06:42,828 [INFO] PluginManager:220 - loadIPPluginJar : add nvic
2023-09-03 12:06:42,831 [INFO] IPUIPlugin:80 - create IPUIPlugin
2023-09-03 12:06:42,831 [INFO] PluginManager:220 - loadIPPluginJar : add opamp
2023-09-03 12:06:42,835 [INFO] IPUIPlugin:80 - create IPUIPlugin
2023-09-03 12:06:42,835 [INFO] PluginManager:220 - loadIPPluginJar : add openamp
2023-09-03 12:06:42,838 [INFO] IPUIPlugin:80 - create IPUIPlugin
2023-09-03 12:06:42,839 [INFO] PluginManager:220 - loadIPPluginJar : add pdm2pcm
2023-09-03 12:06:42,846 [INFO] IPUIPlugin:80 - create IPUIPlugin
2023-09-03 12:06:42,850 [INFO] PluginManager:220 - loadIPPluginJar : add plateformsettings
2023-09-03 12:06:42,852 [INFO] IPUIPlugin:80 - create IPUIPlugin
2023-09-03 12:06:42,853 [INFO] PluginManager:220 - loadIPPluginJar : add quadspi
2023-09-03 12:06:42,856 [INFO] IPUIPlugin:80 - create IPUIPlugin
2023-09-03 12:06:42,856 [INFO] PluginManager:220 - loadIPPluginJar : add resmgrutility
2023-09-03 12:06:42,860 [INFO] IPUIPlugin:80 - create IPUIPlugin
2023-09-03 12:06:42,860 [INFO] PluginManager:220 - loadIPPluginJar : add sai
2023-09-03 12:06:42,863 [INFO] IPUIPlugin:80 - create IPUIPlugin
2023-09-03 12:06:42,864 [INFO] PluginManager:220 - loadIPPluginJar : add spi
2023-09-03 12:06:42,869 [INFO] IPUIPlugin:80 - create IPUIPlugin
2023-09-03 12:06:42,869 [INFO] PluginManager:220 - loadIPPluginJar : add stm32_wpan
2023-09-03 12:06:42,871 [INFO] IPUIPlugin:80 - create IPUIPlugin
2023-09-03 12:06:42,872 [INFO] PluginManager:220 - loadIPPluginJar : add tim
2023-09-03 12:06:42,875 [INFO] IPUIPlugin:80 - create IPUIPlugin
2023-09-03 12:06:42,876 [INFO] PluginManager:220 - loadIPPluginJar : add touchsensing
2023-09-03 12:06:42,878 [INFO] IPUIPlugin:80 - create IPUIPlugin
2023-09-03 12:06:42,878 [INFO] PluginManager:220 - loadIPPluginJar : add tracer_emb
2023-09-03 12:06:42,880 [INFO] IPUIPlugin:80 - create IPUIPlugin
2023-09-03 12:06:42,880 [INFO] PluginManager:220 - loadIPPluginJar : add ts
2023-09-03 12:06:42,881 [INFO] IPUIPlugin:80 - create IPUIPlugin
2023-09-03 12:06:42,881 [INFO] PluginManager:220 - loadIPPluginJar : add tsc
2023-09-03 12:06:42,883 [INFO] IPUIPlugin:80 - create IPUIPlugin
2023-09-03 12:06:42,883 [INFO] PluginManager:220 - loadIPPluginJar : add ucpd
2023-09-03 12:06:42,885 [INFO] IPUIPlugin:80 - create IPUIPlugin
2023-09-03 12:06:42,886 [INFO] PluginManager:220 - loadIPPluginJar : add usart
2023-09-03 12:06:42,888 [INFO] IPUIPlugin:80 - create IPUIPlugin
2023-09-03 12:06:42,888 [INFO] PluginManager:220 - loadIPPluginJar : add usbx
2023-09-03 12:06:43,020 [INFO] CADModel:165 - CPN selected for project level
2023-09-03 12:06:43,020 [INFO] CADModel:114 - Register for checkConnection events
2023-09-03 12:06:43,021 [FATAL] Updater:308 - Updater called before beeing initialized
2023-09-03 12:06:43,021 [ERROR] CADModel:125 - Updater not yet initialized, retry later 
2023-09-03 12:06:43,206 [INFO] CADModel:165 - CPN selected for project level
2023-09-03 12:06:43,206 [INFO] CADModel:114 - Register for checkConnection events
2023-09-03 12:06:43,206 [FATAL] Updater:308 - Updater called before beeing initialized
2023-09-03 12:06:43,206 [ERROR] CADModel:125 - Updater not yet initialized, retry later 
2023-09-03 12:06:43,209 [FATAL] Updater:308 - Updater called before beeing initialized
2023-09-03 12:06:43,316 [FATAL] Updater:308 - Updater called before beeing initialized
2023-09-03 12:06:43,323 [INFO] DbMcusAds:53 - JSON generation date=Tue Mar 07 10:50:55 EET 2023 (1678179055114)
2023-09-03 12:06:43,324 [FATAL] Updater:308 - Updater called before beeing initialized
2023-09-03 12:06:43,363 [WARN] DetailPanel:346 - Failed to get advertising image, set to default
2023-09-03 12:06:43,506 [FATAL] Updater:308 - Updater called before beeing initialized
2023-09-03 12:06:43,508 [FATAL] Updater:308 - Updater called before beeing initialized
2023-09-03 12:06:43,508 [FATAL] Updater:308 - Updater called before beeing initialized
2023-09-03 12:06:43,509 [WARN] DetailPanel:346 - Failed to get advertising image, set to default
2023-09-03 12:06:43,510 [FATAL] Updater:308 - Updater called before beeing initialized
2023-09-03 12:06:43,568 [ERROR] Updater:1120 - MainUpdater not yet initialized. External WinMGr cannot be set.
2023-09-03 12:06:43,570 [INFO] Updater:1056 - Updater Version found : 6.9.1
2023-09-03 12:06:43,587 [INFO] ApplicationProperties:184 - Using Application install path: C:\ST\STM32CubeIDE_1.13.1\STM32CubeIDE\plugins\com.st.stm32cube.common.mx_6.9.1.202307191849
2023-09-03 12:06:43,693 [ERROR] ServerAccessManage:1146 - Warning during Server Connection :  Unknown host sw-center.st.com
2023-09-03 12:06:43,698 [INFO] MainUpdater:2868 - connection check result : 22
2023-09-03 12:06:43,699 [INFO] MainUpdater:285 - Updater Check For Update Now.
2023-09-03 12:06:43,699 [INFO] MicroXplorer:498 - Change Database Version : DB.6.0.91
2023-09-03 12:06:43,709 [INFO] McuFinderGlobals:63 - Set McuFinder mode to 2 (CubeIDE integrated)
2023-09-03 12:06:43,887 [INFO] CheckServerUpdateThread:120 - End of CheckServer Thread
2023-09-03 12:06:43,916 [ERROR] ServerAccessManage:1146 - Warning during Server Connection :  Unknown host sw-center.st.com
2023-09-03 12:06:43,918 [INFO] MainUpdater:2868 - connection check result : 22
2023-09-03 12:06:45,355 [WARN] PackLoader:240 - Cannot read IP mode file for STMicroelectronics.X-CUBE-SMBUS.2.1.0
2023-09-03 12:06:45,426 [WARN] PackLoader:240 - Cannot read IP mode file for STMicroelectronics.X-CUBE-AZRTOS-F7.1.1.0
2023-09-03 12:06:45,447 [WARN] PackLoader:240 - Cannot read IP mode file for STMicroelectronics.FP-SNS-MOTENV1.4.3.2
2023-09-03 12:06:45,456 [WARN] PackLoader:240 - Cannot read IP mode file for STMicroelectronics.FP-SNS-FLIGHT1.5.0.2
2023-09-03 12:06:45,468 [WARN] PackLoader:240 - Cannot read IP mode file for STMicroelectronics.X-CUBE-DISPLAY.3.0.0
2023-09-03 12:06:45,491 [WARN] PackLoader:240 - Cannot read IP mode file for STMicroelectronics.X-CUBE-BLE1.7.0.0
2023-09-03 12:06:45,500 [WARN] PackLoader:240 - Cannot read IP mode file for emotas.I-CUBE-CANOPEN.1.3.0
2023-09-03 12:06:45,509 [WARN] PackLoader:240 - Cannot read IP mode file for STMicroelectronics.X-CUBE-TOUCHGFX.4.22.0
2023-09-03 12:06:45,527 [INFO] LogOutputStream:77 - [STDOUT_REDIRECT] 1 : Invalid condition id : UX_CORESTACK_Condition cause : null
2023-09-03 12:06:45,528 [INFO] LogOutputStream:77 - [STDOUT_REDIRECT] 1 : Invalid condition id : UX_CORESTACK_Condition cause : null
2023-09-03 12:06:45,530 [INFO] LogOutputStream:77 - [STDOUT_REDIRECT] 1 : Invalid condition id : UX_CORESTACK_Condition cause : null
2023-09-03 12:06:45,532 [INFO] LogOutputStream:77 - [STDOUT_REDIRECT] 1 : Invalid condition id : UX_CORESTACK_Condition cause : null
2023-09-03 12:06:45,534 [INFO] LogOutputStream:77 - [STDOUT_REDIRECT] 1 : Invalid condition id : UX_CORESTACK_Condition cause : null
2023-09-03 12:06:45,541 [WARN] PackLoader:240 - Cannot read IP mode file for STMicroelectronics.X-CUBE-AZRTOS-WL.2.0.0
2023-09-03 12:06:45,555 [WARN] PackLoader:240 - Cannot read IP mode file for WES.I-CUBE-Cesium.1.3.0
2023-09-03 12:06:45,564 [WARN] PackLoader:240 - Cannot read IP mode file for STMicroelectronics.X-CUBE-BLE2.3.3.0
2023-09-03 12:06:45,576 [WARN] PackLoader:240 - Cannot read IP mode file for STMicroelectronics.X-CUBE-ALGOBUILD.1.3.0
2023-09-03 12:06:45,606 [WARN] PackLoader:240 - Cannot read IP mode file for STMicroelectronics.X-CUBE-AZRTOS-G0.1.1.0
2023-09-03 12:06:45,616 [WARN] PackLoader:240 - Cannot read IP mode file for STMicroelectronics.X-CUBE-NFC4.3.0.0
2023-09-03 12:06:45,623 [WARN] PackLoader:240 - Cannot read IP mode file for STMicroelectronics.FP-ATR-SIGFOX1.3.2.0
2023-09-03 12:06:45,666 [WARN] PackLoader:240 - Cannot read IP mode file for SEGGER.I-CUBE-embOS.1.3.1
2023-09-03 12:06:45,718 [WARN] PackLoader:240 - Cannot read IP mode file for STMicroelectronics.X-CUBE-GNSS1.6.0.0
2023-09-03 12:06:45,736 [WARN] PackLoader:240 - Cannot read IP mode file for STMicroelectronics.X-CUBE-AZRTOS-F4.1.1.0
2023-09-03 12:06:45,745 [WARN] PackLoader:240 - Cannot read IP mode file for wolfSSL.I-CUBE-wolfSSL.5.6.3
2023-09-03 12:06:45,768 [WARN] PackLoader:240 - Cannot read IP mode file for STMicroelectronics.X-CUBE-AZRTOS-L5.2.0.0
2023-09-03 12:06:45,815 [WARN] PackLoader:240 - Cannot read IP mode file for STMicroelectronics.X-CUBE-MEMS1.9.6.0
2023-09-03 12:06:45,949 [WARN] PackLoader:240 - Cannot read IP mode file for STMicroelectronics.X-CUBE-BLEMGR.2.0.0
2023-09-03 12:06:45,970 [WARN] ConditionMgr:438 - getConditionDescription Invalid condition id : UX DEVICE CLASS RTOS Condition cause : null
2023-09-03 12:06:45,970 [WARN] ConditionMgr:438 - getConditionDescription Invalid condition id : UX DEVICE CLASS RTOS Condition cause : null
2023-09-03 12:06:45,973 [WARN] PackLoader:240 - Cannot read IP mode file for STMicroelectronics.X-CUBE-AZRTOS-H7.3.1.0
2023-09-03 12:06:45,975 [WARN] ConditionMgr:1039 - genDependencies : Invalid condition id : UX DEVICE CLASS RTOS Condition cause : null
2023-09-03 12:06:45,975 [WARN] ConditionMgr:1039 - genDependencies : Invalid condition id : UX DEVICE CLASS RTOS Condition cause : null
2023-09-03 12:06:45,976 [WARN] ConditionMgr:1039 - genDependencies : Invalid condition id : UX DEVICE CLASS RTOS Condition cause : null
2023-09-03 12:06:45,977 [WARN] ConditionMgr:1039 - genDependencies : Invalid condition id : UX DEVICE CLASS RTOS Condition cause : null
2023-09-03 12:06:45,977 [WARN] ConditionMgr:1039 - genDependencies : Invalid condition id : UX DEVICE CLASS RTOS Condition cause : null
2023-09-03 12:06:45,985 [WARN] PackLoader:240 - Cannot read IP mode file for STMicroelectronics.X-CUBE-NFC7.1.0.1
2023-09-03 12:06:45,992 [WARN] PackLoader:240 - Cannot read IP mode file for STMicroelectronics.X-CUBE-EEPRMA1.4.1.0
2023-09-03 12:06:46,000 [WARN] PackLoader:240 - Cannot read IP mode file for STMicroelectronics.X-CUBE-AI.8.1.0
2023-09-03 12:06:46,017 [WARN] ConditionMgr:438 - getConditionDescription Invalid condition id : LAN8742 Phy interface Condition cause : null
2023-09-03 12:06:46,018 [WARN] PackLoader:240 - Cannot read IP mode file for STMicroelectronics.X-CUBE-AZRTOS-L4.2.0.0
2023-09-03 12:06:46,019 [WARN] ConditionMgr:1039 - genDependencies : Invalid condition id : LAN8742 Phy interface Condition cause : null
2023-09-03 12:06:46,020 [WARN] ConditionMgr:1039 - genDependencies : Invalid condition id : LAN8742 Phy interface Condition cause : null
2023-09-03 12:06:46,020 [WARN] ConditionMgr:1039 - genDependencies : Invalid condition id : LAN8742 Phy interface Condition cause : null
2023-09-03 12:06:46,030 [WARN] PackLoader:240 - Cannot read IP mode file for STMicroelectronics.X-CUBE-SFXS2LP1.4.0.0
2023-09-03 12:06:46,036 [WARN] PackLoader:240 - Cannot read IP mode file for STMicroelectronics.X-CUBE-ISPU.1.1.0
2023-09-03 12:06:46,049 [WARN] ConditionMgr:438 - getConditionDescription Invalid condition id : UX DEVICE CLASS RTOS Condition cause : null
2023-09-03 12:06:46,049 [WARN] ConditionMgr:438 - getConditionDescription Invalid condition id : UX DEVICE CLASS RTOS Condition cause : null
2023-09-03 12:06:46,051 [WARN] PackLoader:240 - Cannot read IP mode file for STMicroelectronics.X-CUBE-AZRTOS-WB.2.0.0
2023-09-03 12:06:46,052 [WARN] ConditionMgr:1039 - genDependencies : Invalid condition id : UX DEVICE CLASS RTOS Condition cause : null
2023-09-03 12:06:46,052 [WARN] ConditionMgr:1039 - genDependencies : Invalid condition id : UX DEVICE CLASS RTOS Condition cause : null
2023-09-03 12:06:46,052 [WARN] ConditionMgr:1039 - genDependencies : Invalid condition id : UX DEVICE CLASS RTOS Condition cause : null
2023-09-03 12:06:46,053 [WARN] ConditionMgr:1039 - genDependencies : Invalid condition id : UX DEVICE CLASS RTOS Condition cause : null
2023-09-03 12:06:46,053 [WARN] ConditionMgr:1039 - genDependencies : Invalid condition id : UX DEVICE CLASS RTOS Condition cause : null
2023-09-03 12:06:46,064 [WARN] PackLoader:240 - Cannot read IP mode file for STMicroelectronics.X-CUBE-SUBG2.5.0.0
2023-09-03 12:06:46,084 [WARN] PackLoader:240 - Cannot read IP mode file for STMicroelectronics.X-CUBE-TOF1.3.3.1
2023-09-03 12:06:46,110 [WARN] PackLoader:240 - Cannot read IP mode file for STMicroelectronics.X-CUBE-AZRTOS-G4.2.0.0
2023-09-03 12:06:46,117 [WARN] PackLoader:240 - Cannot read IP mode file for STMicroelectronics.X-CUBE-FREERTOS.1.1.0
2023-09-03 12:06:46,126 [WARN] PackLoader:240 - Cannot read IP mode file for portGmbH.I-Cube-SoM-uGOAL.1.1.0
2023-09-03 12:06:46,133 [WARN] PackLoader:240 - Cannot read IP mode file for STMicroelectronics.X-CUBE-ALS.1.0.1
2023-09-03 12:06:46,139 [WARN] PackLoader:240 - Cannot read IP mode file for STMicroelectronics.FP-ATR-ASTRA1.2.0.0
2023-09-03 12:06:46,140 [INFO] ThirdParty:978 - Integrity check success = true
2023-09-03 12:06:46,140 [INFO] IntegrityCheckThread:100 - exiting critical section [integrity check]
2023-09-03 12:06:46,141 [INFO] IntegrityCheckThread:103 - End integrity checks thread
2023-09-03 12:07:05,436 [ERROR] LogOutputStream:75 - [STDERR_REDIRECT] SLF4J: Failed to load class "org.slf4j.impl.StaticLoggerBinder".
2023-09-03 12:07:05,438 [ERROR] LogOutputStream:75 - [STDERR_REDIRECT] SLF4J: Defaulting to no-operation (NOP) logger implementation
2023-09-03 12:07:05,442 [ERROR] LogOutputStream:75 - [STDERR_REDIRECT] SLF4J: See http://www.slf4j.org/codes.html#StaticLoggerBinder for further details.
2023-09-03 12:07:53,297 [WARN] ServerAccessManage:1168 - Warning during Server Connection :  timeout Read timed out
2023-09-03 12:07:54,344 [WARN] ServerAccessManage:1168 - Warning during Server Connection :  timeout Read timed out
2023-09-03 12:07:54,348 [INFO] MainUpdater:2868 - connection check result : 22
2023-09-03 12:07:59,431 [INFO] ApiDb:581 - Connected to CubeFinder SQLite database (C:\Users\brbar\.stmcufinder\plugins\mcufinder\mcu\cube-finder-db.db)
2023-09-03 12:07:59,508 [INFO] ApiDb:668 - CubeFinder database Data Model version=2.1
2023-09-03 12:07:59,509 [INFO] ApiDb:669 - CubeFinder database Configuration version=3.0.37
2023-09-03 12:07:59,509 [INFO] ApiDb:670 - CubeFinder database generation date=2023-08-09 (1691586011)
2023-09-03 12:07:59,509 [INFO] ApiDb:671 - CubeFinder database FW Pack versions=[FP-ATR-ASTRA1_V2.0.0, FP-SNS-FLIGHT1_V5.0.1, FP-SNS-FLIGHT1_V5.0.2, FP-SNS-MOTENV1_V4.3.1, FP-SNS-MOTENV1_V4.3.2, STM32Cube_FW_C0_V1.1.0, STM32Cube_FW_F4_V1.27.1, STM32Cube_FW_F7_V1.17.0, STM32Cube_FW_G0_V1.6.1, STM32Cube_FW_G4_V1.5.1, STM32Cube_FW_H5_V0.5.1, STM32Cube_FW_H5_V1.1.0, STM32Cube_FW_H7_V1.11.0, STM32Cube_FW_L0_V1.12.2, STM32Cube_FW_L5_V1.5.0, STM32Cube_FW_U5_V1.3.0, STM32Cube_FW_U5_V1.3.0RC4, STM32Cube_FW_WBA_V1.0.0RC1, STM32Cube_FW_WBA_V1.1.0, STM32Cube_FW_WBA_V1.1.0RC1, STM32Cube_FW_WB_V1.15.0RC1, STM32Cube_FW_WB_V1.16.0, STM32Cube_FW_WB_V1.16.0RC2, STM32Cube_FW_WB_V1.17.0, STM32Cube_FW_WL_V1.3.0, X-CUBE-ALGOBUILD_V1.3.0, X-CUBE-ALS_V1.0.1, X-CUBE-AZRTOS-F4_V1.1.0, X-CUBE-AZRTOS-F7_V1.1.0, X-CUBE-AZRTOS-G0_V1.1.0, X-CUBE-AZRTOS-G4_V2.0.0, X-CUBE-AZRTOS-H7_V3.1.0, X-CUBE-AZRTOS-L4_V1.0.0, X-CUBE-AZRTOS-L4_V2.0.0, X-CUBE-AZRTOS-L5_V1.1.0, X-CUBE-AZRTOS-WB_V1.1.0, X-CUBE-AZRTOS-WL_V2.0.0, X-CUBE-BLE1_V7.0.0, X-CUBE-BLE2_V3.3.0, X-CUBE-BLEMGR_V2.0.0, X-CUBE-EEPRMA1_V4.1.0, X-CUBE-FREERTOS_V1.1.0, X-CUBE-GNSS1_V6.0.0, X-CUBE-MEMS1_V9.1.0, X-CUBE-MEMS1_V9.4.0, X-CUBE-MEMS1_V9.6.0, X-CUBE-NFC4_V3.0.0, X-CUBE-NFC7_V1.0.0, X-CUBE-SFXS2LP1_V4.0.0, X-CUBE-SUBG2_V5.0.0, X-CUBE-TOF1_V3.3.1]
2023-09-03 12:07:59,616 [INFO] DbBoardsSqlite:226 - include board P-NUCLEO-WB55-NUCLEO as a kit item of type 'Nucleo-64'
2023-09-03 12:07:59,617 [INFO] DbBoardsSqlite:226 - include board P-NUCLEO-WB55-USBDONGLE as a kit item of type 'Nucleo USB Dongle'
2023-09-03 12:07:59,617 [INFO] DbBoardsSqlite:226 - include board STEVAL-IDP005V1 as a kit item of type 'Evaluation Board'
2023-09-03 12:07:59,618 [INFO] DbBoardsSqlite:226 - include board STEVAL-IDP005V2 as a kit item of type 'Evaluation Board'
2023-09-03 12:07:59,690 [INFO] ApiDb:240 - Found 323 in-development CPN: [B-G473E-ZEST1S, B-WB1M-WPAN1, B-WL5M-SUBG1, NUCLEO-C031C6, NUCLEO-H503RB, NUCLEO-H563ZI, NUCLEO-U545RE-Q, NUCLEO-U5A5ZJ-Q, NUCLEO-WBA52CG, STEVAL-PROTEUS1, STEVAL-SMARTAG2, STEVAL-STWINBX1, STM320518-EVAL, STM32C0116-DK, STM32C011D6Y3TR, STM32C011D6Y6TR, STM32C011F4P3, STM32C011F4P6, STM32C011F4U3, STM32C011F4U6TR, STM32C011F6P3, STM32C011F6P6, STM32C011F6U3, STM32C011F6U6TR, STM32C011J4M3, STM32C011J4M6, STM32C011J6M3, STM32C011J6M6, STM32C0316-DK, STM32C031C4T3, STM32C031C4T6, STM32C031C4U3, STM32C031C4U6, STM32C031C6T3, STM32C031C6T6, STM32C031C6U3, STM32C031C6U6, STM32C031F4P3, STM32C031F4P6, STM32C031F6P3, STM32C031F6P6, STM32C031G4U3, STM32C031G4U6, STM32C031G6U3, STM32C031G6U6, STM32C031K4T3, STM32C031K4T6, STM32C031K4U3, STM32C031K4U6, STM32C031K6T3, STM32C031K6T6, STM32C031K6U3, STM32C031K6U6, STM32G071K8TXN, STM32G071K8UXN, STM32G081GBU6N, STM32G081KBT6N, STM32G081KBUXN, STM32G0B1CCT6N, STM32G0B1KCT6, STM32G0B1NEY6TR, STM32G0B1RCT6N, STM32G0C1CCT6, STM32G0C1CCT6N, STM32G0C1CCU6N, STM32G0C1CET6N, STM32G0C1CEU6N, STM32G0C1KCT6, STM32G0C1NEY6TR, STM32G0C1RCI6N, STM32G0C1RCT6N, STM32G0C1REI6N, STM32G0C1RET6N, STM32G0C1VCI6, STM32G0C1VEI6, STM32G471CCT6, STM32G471CCU6, STM32G471CET3, STM32G471CET6, STM32G471CEU3, STM32G471CEU6, STM32G471MCT6, STM32G471MET3, STM32G471MET6, STM32G471MEY6TR, STM32G471QCT6, STM32G471QET3, STM32G471RCT6, STM32G471RET3, STM32G471RET6, STM32G471VCH6, STM32G471VCI6, STM32G471VCT6, STM32G471VEH3, STM32G471VEH6, STM32G471VEI3, STM32G471VEI6, STM32G471VET3, STM32G471VET6, STM32G474CCT6, STM32H503CBT6, STM32H503CBU6, STM32H503EBY6TR, STM32H503KBU6, STM32H503RBT6, STM32H562AGI6, STM32H562AII6, STM32H562IGK6, STM32H562IGT6, STM32H562IIK6, STM32H562IIT6, STM32H562RGT6, STM32H562RGV6, STM32H562RIT6, STM32H562RIV6, STM32H562VGT6, STM32H562VIT6, STM32H562ZGT6, STM32H562ZIT6, STM32H563AGI6, STM32H563AII3Q, STM32H563AII6, STM32H563IGK6, STM32H563IGT6, STM32H563IIK3Q, STM32H563IIK6, STM32H563IIT3Q, STM32H563IIT6, STM32H563MIY3QTR, STM32H563RGT6, STM32H563RGV6, STM32H563RIT6, STM32H563RIV6, STM32H563VGT6, STM32H563VIT3Q, STM32H563VIT6, STM32H563ZGT6, STM32H563ZIT3Q, STM32H563ZIT6, STM32H573AII3Q, STM32H573AII6, STM32H573I-DK, STM32H573IIK3Q, STM32H573IIK6, STM32H573IIT3Q, STM32H573IIT6, STM32H573MIY3QTR, STM32H573RIT6, STM32H573RIV6, STM32H573VIT3Q, STM32H573VIT6, STM32H573ZIT3Q, STM32H573ZIT6, STM32L4R5QGI6STR, STM32MP131AAE3, STM32MP131AAF3, STM32MP131AAG3, STM32MP131CAE3, STM32MP131CAF3, STM32MP131CAG3, STM32MP131DAE7, STM32MP131DAF7, STM32MP131DAG7, STM32MP131FAE7, STM32MP131FAF7, STM32MP131FAG7, STM32MP133AAE3, STM32MP133AAF3, STM32MP133AAG3, STM32MP133CAE3, STM32MP133CAF3, STM32MP133CAG3, STM32MP133DAE7, STM32MP133DAF7, STM32MP133DAG7, STM32MP133FAE7, STM32MP133FAF7, STM32MP133FAG7, STM32MP135AAE3, STM32MP135AAF3, STM32MP135AAG3, STM32MP135CAE3, STM32MP135CAF3, STM32MP135CAG3, STM32MP135DAE7, STM32MP135DAF7, STM32MP135DAG7, STM32MP135F-DK, STM32MP135FAE7, STM32MP135FAF7, STM32MP135FAF7T, STM32MP135FAF7U, STM32MP135FAG7, STM32U535CBT6, STM32U535CBT6Q, STM32U535CBU6, STM32U535CBU6Q, STM32U535CCT6, STM32U535CCT6Q, STM32U535CCU6, STM32U535CCU6Q, STM32U535CET6, STM32U535CET6Q, STM32U535CEU6, STM32U535CEU6Q, STM32U535JEY6QTR, STM32U535NCY6QTR, STM32U535NEY6QTR, STM32U535RBI6, STM32U535RBI6Q, STM32U535RBT6, STM32U535RBT6Q, STM32U535RCI6, STM32U535RCI6Q, STM32U535RCT6, STM32U535RCT6Q, STM32U535REI6, STM32U535REI6Q, STM32U535RET6, STM32U535RET6Q, STM32U535VCI6, STM32U535VCI6Q, STM32U535VCT6, STM32U535VCT6Q, STM32U535VEI6, STM32U535VEI6Q, STM32U535VET6, STM32U535VET6Q, STM32U545CET6, STM32U545CET6Q, STM32U545CEU6, STM32U545CEU6Q, STM32U545JEY6QTR, STM32U545NEY6QTR, STM32U545REI6, STM32U545REI6Q, STM32U545RET6, STM32U545RET6Q, STM32U545VEI6, STM32U545VEI6Q, STM32U545VET6, STM32U545VET6Q, STM32U595AIH6, STM32U595AIH6Q, STM32U595AJH6, STM32U595AJH6Q, STM32U595QII6, STM32U595QII6Q, STM32U595QJI6, STM32U595QJI6Q, STM32U595RIT6, STM32U595RIT6Q, STM32U595RJT6, STM32U595RJT6Q, STM32U595VIT6, STM32U595VIT6Q, STM32U595VJT6, STM32U595VJT6Q, STM32U595ZIT6, STM32U595ZIT6Q, STM32U595ZIY6QTR, STM32U595ZJT6, STM32U595ZJT6Q, STM32U595ZJY6QTR, STM32U599BJY6QTR, STM32U599NIH6Q, STM32U599NJH6Q, STM32U599VIT6Q, STM32U599VJT6, STM32U599VJT6Q, STM32U599ZIT6Q, STM32U599ZIY6QTR, STM32U599ZJT6Q, STM32U599ZJY6QTR, STM32U5A5AJH6, STM32U5A5AJH6Q, STM32U5A5QJI6, STM32U5A5QJI6Q, STM32U5A5RJT6, STM32U5A5RJT6Q, STM32U5A5VJT6, STM32U5A5VJT6Q, STM32U5A5ZJT6, STM32U5A5ZJT6Q, STM32U5A5ZJY6QTR, STM32U5A9BJY6QTR, STM32U5A9J-DK, STM32U5A9NJH6Q, STM32U5A9VJT6Q, STM32U5A9ZJT6Q, STM32U5A9ZJY6QTR, STM32U5F7VIT6, STM32U5F7VIT6Q, STM32U5F7VJT6, STM32U5F7VJT6Q, STM32U5F9BJY6QTR, STM32U5F9NJH6Q, STM32U5F9VIT6Q, STM32U5F9VJT6Q, STM32U5F9ZIJ6QTR, STM32U5F9ZIT6Q, STM32U5F9ZJJ6QTR, STM32U5F9ZJT6Q, STM32U5G7VJT6, STM32U5G7VJT6Q, STM32U5G9BJY6QTR, STM32U5G9J-DK1, STM32U5G9J-DK2, STM32U5G9NJH6Q, STM32U5G9VJT6Q, STM32U5G9ZJJ6QTR, STM32U5G9ZJT6Q, STM32WB1MMCH6, STM32WBA52CEU6, STM32WBA52CEU6T, STM32WBA52CGU6, STM32WBA52CGU6T, STM32WBA52KEU6, STM32WBA52KEU6T, STM32WBA52KGU6, STM32WBA52KGU6T, STM32WL5MOCH6, STM32WL5MOCH6TR]
2023-09-03 12:07:59,816 [INFO] BoardInfo:880 - No configuration file found for board P-NUCLEO-WB55
2023-09-03 12:07:59,817 [INFO] DbBoards:157 - Kit is not supported: P-NUCLEO-WB55
2023-09-03 12:07:59,822 [INFO] BoardInfo:880 - No configuration file found for board STEVAL-BFA001V1B
2023-09-03 12:07:59,822 [INFO] DbBoards:157 - Kit is not supported: STEVAL-BFA001V1B
2023-09-03 12:07:59,823 [INFO] BoardInfo:880 - No configuration file found for board STEVAL-BFA001V2B
2023-09-03 12:07:59,823 [INFO] DbBoards:157 - Kit is not supported: STEVAL-BFA001V2B
2023-09-03 12:07:59,938 [INFO] DbBoards:161 - Found 190 boards, 187 are supported
2023-09-03 12:07:59,942 [INFO] ApiDb:668 - CubeFinder database Data Model version=2.1
2023-09-03 12:07:59,943 [INFO] ApiDb:669 - CubeFinder database Configuration version=3.0.37
2023-09-03 12:07:59,943 [INFO] ApiDb:670 - CubeFinder database generation date=2023-08-09 (1691586011)
2023-09-03 12:07:59,943 [INFO] ApiDb:671 - CubeFinder database FW Pack versions=[FP-ATR-ASTRA1_V2.0.0, FP-SNS-FLIGHT1_V5.0.1, FP-SNS-FLIGHT1_V5.0.2, FP-SNS-MOTENV1_V4.3.1, FP-SNS-MOTENV1_V4.3.2, STM32Cube_FW_C0_V1.1.0, STM32Cube_FW_F4_V1.27.1, STM32Cube_FW_F7_V1.17.0, STM32Cube_FW_G0_V1.6.1, STM32Cube_FW_G4_V1.5.1, STM32Cube_FW_H5_V0.5.1, STM32Cube_FW_H5_V1.1.0, STM32Cube_FW_H7_V1.11.0, STM32Cube_FW_L0_V1.12.2, STM32Cube_FW_L5_V1.5.0, STM32Cube_FW_U5_V1.3.0, STM32Cube_FW_U5_V1.3.0RC4, STM32Cube_FW_WBA_V1.0.0RC1, STM32Cube_FW_WBA_V1.1.0, STM32Cube_FW_WBA_V1.1.0RC1, STM32Cube_FW_WB_V1.15.0RC1, STM32Cube_FW_WB_V1.16.0, STM32Cube_FW_WB_V1.16.0RC2, STM32Cube_FW_WB_V1.17.0, STM32Cube_FW_WL_V1.3.0, X-CUBE-ALGOBUILD_V1.3.0, X-CUBE-ALS_V1.0.1, X-CUBE-AZRTOS-F4_V1.1.0, X-CUBE-AZRTOS-F7_V1.1.0, X-CUBE-AZRTOS-G0_V1.1.0, X-CUBE-AZRTOS-G4_V2.0.0, X-CUBE-AZRTOS-H7_V3.1.0, X-CUBE-AZRTOS-L4_V1.0.0, X-CUBE-AZRTOS-L4_V2.0.0, X-CUBE-AZRTOS-L5_V1.1.0, X-CUBE-AZRTOS-WB_V1.1.0, X-CUBE-AZRTOS-WL_V2.0.0, X-CUBE-BLE1_V7.0.0, X-CUBE-BLE2_V3.3.0, X-CUBE-BLEMGR_V2.0.0, X-CUBE-EEPRMA1_V4.1.0, X-CUBE-FREERTOS_V1.1.0, X-CUBE-GNSS1_V6.0.0, X-CUBE-MEMS1_V9.1.0, X-CUBE-MEMS1_V9.4.0, X-CUBE-MEMS1_V9.6.0, X-CUBE-NFC4_V3.0.0, X-CUBE-NFC7_V1.0.0, X-CUBE-SFXS2LP1_V4.0.0, X-CUBE-SUBG2_V5.0.0, X-CUBE-TOF1_V3.3.1]
2023-09-03 12:08:01,901 [INFO] ApiDb:240 - Found 323 in-development CPN: [B-G473E-ZEST1S, B-WB1M-WPAN1, B-WL5M-SUBG1, NUCLEO-C031C6, NUCLEO-H503RB, NUCLEO-H563ZI, NUCLEO-U545RE-Q, NUCLEO-U5A5ZJ-Q, NUCLEO-WBA52CG, STEVAL-PROTEUS1, STEVAL-SMARTAG2, STEVAL-STWINBX1, STM320518-EVAL, STM32C0116-DK, STM32C011D6Y3TR, STM32C011D6Y6TR, STM32C011F4P3, STM32C011F4P6, STM32C011F4U3, STM32C011F4U6TR, STM32C011F6P3, STM32C011F6P6, STM32C011F6U3, STM32C011F6U6TR, STM32C011J4M3, STM32C011J4M6, STM32C011J6M3, STM32C011J6M6, STM32C0316-DK, STM32C031C4T3, STM32C031C4T6, STM32C031C4U3, STM32C031C4U6, STM32C031C6T3, STM32C031C6T6, STM32C031C6U3, STM32C031C6U6, STM32C031F4P3, STM32C031F4P6, STM32C031F6P3, STM32C031F6P6, STM32C031G4U3, STM32C031G4U6, STM32C031G6U3, STM32C031G6U6, STM32C031K4T3, STM32C031K4T6, STM32C031K4U3, STM32C031K4U6, STM32C031K6T3, STM32C031K6T6, STM32C031K6U3, STM32C031K6U6, STM32G071K8TXN, STM32G071K8UXN, STM32G081GBU6N, STM32G081KBT6N, STM32G081KBUXN, STM32G0B1CCT6N, STM32G0B1KCT6, STM32G0B1NEY6TR, STM32G0B1RCT6N, STM32G0C1CCT6, STM32G0C1CCT6N, STM32G0C1CCU6N, STM32G0C1CET6N, STM32G0C1CEU6N, STM32G0C1KCT6, STM32G0C1NEY6TR, STM32G0C1RCI6N, STM32G0C1RCT6N, STM32G0C1REI6N, STM32G0C1RET6N, STM32G0C1VCI6, STM32G0C1VEI6, STM32G471CCT6, STM32G471CCU6, STM32G471CET3, STM32G471CET6, STM32G471CEU3, STM32G471CEU6, STM32G471MCT6, STM32G471MET3, STM32G471MET6, STM32G471MEY6TR, STM32G471QCT6, STM32G471QET3, STM32G471RCT6, STM32G471RET3, STM32G471RET6, STM32G471VCH6, STM32G471VCI6, STM32G471VCT6, STM32G471VEH3, STM32G471VEH6, STM32G471VEI3, STM32G471VEI6, STM32G471VET3, STM32G471VET6, STM32G474CCT6, STM32H503CBT6, STM32H503CBU6, STM32H503EBY6TR, STM32H503KBU6, STM32H503RBT6, STM32H562AGI6, STM32H562AII6, STM32H562IGK6, STM32H562IGT6, STM32H562IIK6, STM32H562IIT6, STM32H562RGT6, STM32H562RGV6, STM32H562RIT6, STM32H562RIV6, STM32H562VGT6, STM32H562VIT6, STM32H562ZGT6, STM32H562ZIT6, STM32H563AGI6, STM32H563AII3Q, STM32H563AII6, STM32H563IGK6, STM32H563IGT6, STM32H563IIK3Q, STM32H563IIK6, STM32H563IIT3Q, STM32H563IIT6, STM32H563MIY3QTR, STM32H563RGT6, STM32H563RGV6, STM32H563RIT6, STM32H563RIV6, STM32H563VGT6, STM32H563VIT3Q, STM32H563VIT6, STM32H563ZGT6, STM32H563ZIT3Q, STM32H563ZIT6, STM32H573AII3Q, STM32H573AII6, STM32H573I-DK, STM32H573IIK3Q, STM32H573IIK6, STM32H573IIT3Q, STM32H573IIT6, STM32H573MIY3QTR, STM32H573RIT6, STM32H573RIV6, STM32H573VIT3Q, STM32H573VIT6, STM32H573ZIT3Q, STM32H573ZIT6, STM32L4R5QGI6STR, STM32MP131AAE3, STM32MP131AAF3, STM32MP131AAG3, STM32MP131CAE3, STM32MP131CAF3, STM32MP131CAG3, STM32MP131DAE7, STM32MP131DAF7, STM32MP131DAG7, STM32MP131FAE7, STM32MP131FAF7, STM32MP131FAG7, STM32MP133AAE3, STM32MP133AAF3, STM32MP133AAG3, STM32MP133CAE3, STM32MP133CAF3, STM32MP133CAG3, STM32MP133DAE7, STM32MP133DAF7, STM32MP133DAG7, STM32MP133FAE7, STM32MP133FAF7, STM32MP133FAG7, STM32MP135AAE3, STM32MP135AAF3, STM32MP135AAG3, STM32MP135CAE3, STM32MP135CAF3, STM32MP135CAG3, STM32MP135DAE7, STM32MP135DAF7, STM32MP135DAG7, STM32MP135F-DK, STM32MP135FAE7, STM32MP135FAF7, STM32MP135FAF7T, STM32MP135FAF7U, STM32MP135FAG7, STM32U535CBT6, STM32U535CBT6Q, STM32U535CBU6, STM32U535CBU6Q, STM32U535CCT6, STM32U535CCT6Q, STM32U535CCU6, STM32U535CCU6Q, STM32U535CET6, STM32U535CET6Q, STM32U535CEU6, STM32U535CEU6Q, STM32U535JEY6QTR, STM32U535NCY6QTR, STM32U535NEY6QTR, STM32U535RBI6, STM32U535RBI6Q, STM32U535RBT6, STM32U535RBT6Q, STM32U535RCI6, STM32U535RCI6Q, STM32U535RCT6, STM32U535RCT6Q, STM32U535REI6, STM32U535REI6Q, STM32U535RET6, STM32U535RET6Q, STM32U535VCI6, STM32U535VCI6Q, STM32U535VCT6, STM32U535VCT6Q, STM32U535VEI6, STM32U535VEI6Q, STM32U535VET6, STM32U535VET6Q, STM32U545CET6, STM32U545CET6Q, STM32U545CEU6, STM32U545CEU6Q, STM32U545JEY6QTR, STM32U545NEY6QTR, STM32U545REI6, STM32U545REI6Q, STM32U545RET6, STM32U545RET6Q, STM32U545VEI6, STM32U545VEI6Q, STM32U545VET6, STM32U545VET6Q, STM32U595AIH6, STM32U595AIH6Q, STM32U595AJH6, STM32U595AJH6Q, STM32U595QII6, STM32U595QII6Q, STM32U595QJI6, STM32U595QJI6Q, STM32U595RIT6, STM32U595RIT6Q, STM32U595RJT6, STM32U595RJT6Q, STM32U595VIT6, STM32U595VIT6Q, STM32U595VJT6, STM32U595VJT6Q, STM32U595ZIT6, STM32U595ZIT6Q, STM32U595ZIY6QTR, STM32U595ZJT6, STM32U595ZJT6Q, STM32U595ZJY6QTR, STM32U599BJY6QTR, STM32U599NIH6Q, STM32U599NJH6Q, STM32U599VIT6Q, STM32U599VJT6, STM32U599VJT6Q, STM32U599ZIT6Q, STM32U599ZIY6QTR, STM32U599ZJT6Q, STM32U599ZJY6QTR, STM32U5A5AJH6, STM32U5A5AJH6Q, STM32U5A5QJI6, STM32U5A5QJI6Q, STM32U5A5RJT6, STM32U5A5RJT6Q, STM32U5A5VJT6, STM32U5A5VJT6Q, STM32U5A5ZJT6, STM32U5A5ZJT6Q, STM32U5A5ZJY6QTR, STM32U5A9BJY6QTR, STM32U5A9J-DK, STM32U5A9NJH6Q, STM32U5A9VJT6Q, STM32U5A9ZJT6Q, STM32U5A9ZJY6QTR, STM32U5F7VIT6, STM32U5F7VIT6Q, STM32U5F7VJT6, STM32U5F7VJT6Q, STM32U5F9BJY6QTR, STM32U5F9NJH6Q, STM32U5F9VIT6Q, STM32U5F9VJT6Q, STM32U5F9ZIJ6QTR, STM32U5F9ZIT6Q, STM32U5F9ZJJ6QTR, STM32U5F9ZJT6Q, STM32U5G7VJT6, STM32U5G7VJT6Q, STM32U5G9BJY6QTR, STM32U5G9J-DK1, STM32U5G9J-DK2, STM32U5G9NJH6Q, STM32U5G9VJT6Q, STM32U5G9ZJJ6QTR, STM32U5G9ZJT6Q, STM32WB1MMCH6, STM32WBA52CEU6, STM32WBA52CEU6T, STM32WBA52CGU6, STM32WBA52CGU6T, STM32WBA52KEU6, STM32WBA52KEU6T, STM32WBA52KGU6, STM32WBA52KGU6T, STM32WL5MOCH6, STM32WL5MOCH6TR]
2023-09-03 12:08:01,907 [INFO] DbMcus:217 - Found 3848 MCUs, 3848 are supported
2023-09-03 12:08:01,908 [INFO] ApiDb:423 - Load user favorites file C:\Users\brbar/.stm32cubeide/favorites.mcus.txt: 0 item(s)
2023-09-03 12:08:01,908 [INFO] ApiDb:427 - User favorites MCUs=[]
2023-09-03 12:08:01,908 [INFO] DbMcus:223 - Set 0 / 0 favorites MCUs
2023-09-03 12:08:02,114 [INFO] ApiDb:423 - Load user favorites file C:\Users\brbar/.stm32cubeide/favorites.boards.txt: 0 item(s)
2023-09-03 12:08:02,114 [INFO] ApiDb:427 - User favorites Boards=[]
2023-09-03 12:08:02,114 [INFO] DbBoards:190 - Set 0 / 0 favorites Boards
2023-09-03 12:08:02,115 [INFO] McuFinderGlobals:76 - Set McuFinderConnectedMode to false
2023-09-03 12:08:02,121 [INFO] MultiScanPanel:200 - Auto-refresh data requested => check proxy status ongoing
2023-09-03 12:08:02,121 [INFO] MultiScanPanel:204 - Proxy status is invalid
2023-09-03 12:08:02,125 [INFO] FinderPluginLoader:95 - Searching for filters in installed packs
2023-09-03 12:08:04,534 [INFO] DetailPanel:341 - Set advertising image to C:/Users/brbar/STM32Cube/Repository/\en.prom-stm32h5-mcu-finder.jpg
2023-09-03 12:08:55,575 [INFO] McuFinderGlobals:76 - Set McuFinderConnectedMode to true
2023-09-03 12:08:55,634 [INFO] ApiDb:448 - Save user favorites file C:\Users\brbar/.stm32cubeide/favorites.mcus.txt: 0 item(s)
2023-09-03 12:08:55,635 [INFO] ApiDb:452 - User favorites MCUs=[]
2023-09-03 12:08:56,955 [ERROR] ConfigurationRetriever:142 - IOException on connection: sw-center.st.com
2023-09-03 12:08:56,956 [ERROR] ConfigurationRetriever:142 - IOException on connection: sw-center.st.com
2023-09-03 12:08:56,957 [ERROR] ConfigurationRetriever:142 - IOException on connection: sw-center.st.com
