2026-06-22 06:48:14,562 [INFO] Activator:176 - 


2026-06-22 06:48:14,569 [INFO] Activator:177 - !SESSION log4j initialized
2026-06-22 06:48:20,560 [INFO] LogOutputStream:77 - [STDOUT_REDIRECT] 
2026-06-22 06:48:21,437 [INFO] ApplicationProperties:184 - Using Application install path: C:\ST\STM32CubeIDE_1.13.1\STM32CubeIDE\plugins\com.st.stm32cube.common.mx_6.15.0.202507011659
2026-06-22 06:48:21,458 [INFO] DbMcusXml:78 - Set database path to: C:\ST\STM32CubeIDE_1.13.1\STM32CubeIDE\plugins\com.st.stm32cube.common.mx_6.15.0.202507011659\\db\/mcu/
2026-06-22 06:48:21,459 [INFO] ApiDb:274 - Set plugin database path to: C:\ST\STM32CubeIDE_1.13.1\STM32CubeIDE\plugins\com.st.stm32cube.common.mx_6.15.0.202507011659\\db\/plugins/boardmanager/
2026-06-22 06:48:21,460 [WARN] ApiDb:259 - Overriding images path with different value:  => C:\ST\STM32CubeIDE_1.13.1\STM32CubeIDE\plugins\com.st.stm32cube.common.mx_6.15.0.202507011659\\db\/plugins/mcufinder/images/
2026-06-22 06:48:21,470 [INFO] ApiDb:250 - Set database path to: C:\Users\brbar\.stmcufinder\plugins\mcufinder//mcu/
2026-06-22 06:48:21,471 [INFO] DbMcusAds:125 - Set database path to: C:\Users\brbar\.stmcufinder\plugins\mcufinder//mcu/
2026-06-22 06:48:21,474 [INFO] CrossReferenceDbSqlite:203 - Set database path to: C:\Users\brbar\.stmcufinder\plugins\mcufinder//mcu/cs/
2026-06-22 06:48:21,611 [INFO] RulesReader:64 - Compatibility file has been processed (317 Rules)
2026-06-22 06:48:21,691 [INFO] DbMcusXml:78 - Set database path to: C:\ST\STM32CubeIDE_1.13.1\STM32CubeIDE\plugins\com.st.stm32cube.common.mx_6.15.0.202507011659\\db\/mcu/
2026-06-22 06:48:21,691 [INFO] ApiDb:274 - Set plugin database path to: C:\ST\STM32CubeIDE_1.13.1\STM32CubeIDE\plugins\com.st.stm32cube.common.mx_6.15.0.202507011659\\db\/plugins/boardmanager/
2026-06-22 06:48:21,692 [INFO] ApiDb:261 - Set plugin images path to: C:\ST\STM32CubeIDE_1.13.1\STM32CubeIDE\plugins\com.st.stm32cube.common.mx_6.15.0.202507011659\\db\/plugins/mcufinder/images/
2026-06-22 06:48:21,692 [WARN] DbFile:41 - Overriding database path with different value: C:\Users\brbar\.stmcufinder\plugins\mcufinder/ => C:\Users\brbar\.stmcufinder\plugins\mcufinder
2026-06-22 06:48:21,692 [INFO] ApiDb:250 - Set database path to: C:\Users\brbar\.stmcufinder\plugins\mcufinder//mcu/
2026-06-22 06:48:21,692 [WARN] DbFile:41 - Overriding database path with different value: C:\Users\brbar\.stmcufinder\plugins\mcufinder/ => C:\Users\brbar\.stmcufinder\plugins\mcufinder
2026-06-22 06:48:21,692 [INFO] DbMcusAds:125 - Set database path to: C:\Users\brbar\.stmcufinder\plugins\mcufinder//mcu/
2026-06-22 06:48:21,692 [WARN] DbFile:41 - Overriding database path with different value: C:\Users\brbar\.stmcufinder\plugins\mcufinder/ => C:\Users\brbar\.stmcufinder\plugins\mcufinder
2026-06-22 06:48:21,693 [WARN] DbFile:41 - Overriding database path with different value: C:\Users\brbar\.stmcufinder\plugins\mcufinder/ => C:\Users\brbar\.stmcufinder\plugins\mcufinder
2026-06-22 06:48:21,693 [INFO] CrossReferenceDbSqlite:203 - Set database path to: C:\Users\brbar\.stmcufinder\plugins\mcufinder//mcu/cs/
2026-06-22 06:48:21,777 [INFO] MainPanel:274 - HeapMemory: 268435456
2026-06-22 06:48:21,887 [INFO] DbMcusXml:78 - Set database path to: C:\ST\STM32CubeIDE_1.13.1\STM32CubeIDE\plugins\com.st.stm32cube.common.mx_6.15.0.202507011659\\db\/mcu/
2026-06-22 06:48:21,887 [INFO] ApiDb:274 - Set plugin database path to: C:\ST\STM32CubeIDE_1.13.1\STM32CubeIDE\plugins\com.st.stm32cube.common.mx_6.15.0.202507011659\\db\/plugins/boardmanager/
2026-06-22 06:48:21,887 [INFO] ApiDb:261 - Set plugin images path to: C:\ST\STM32CubeIDE_1.13.1\STM32CubeIDE\plugins\com.st.stm32cube.common.mx_6.15.0.202507011659\\db\/plugins/mcufinder/images/
2026-06-22 06:48:21,887 [WARN] DbFile:41 - Overriding database path with different value: C:\Users\brbar\.stmcufinder\plugins\mcufinder/ => C:\Users\brbar\.stmcufinder\plugins\mcufinder
2026-06-22 06:48:21,887 [INFO] ApiDb:250 - Set database path to: C:\Users\brbar\.stmcufinder\plugins\mcufinder//mcu/
2026-06-22 06:48:21,887 [WARN] DbFile:41 - Overriding database path with different value: C:\Users\brbar\.stmcufinder\plugins\mcufinder/ => C:\Users\brbar\.stmcufinder\plugins\mcufinder
2026-06-22 06:48:21,887 [INFO] DbMcusAds:125 - Set database path to: C:\Users\brbar\.stmcufinder\plugins\mcufinder//mcu/
2026-06-22 06:48:21,887 [WARN] DbFile:41 - Overriding database path with different value: C:\Users\brbar\.stmcufinder\plugins\mcufinder/ => C:\Users\brbar\.stmcufinder\plugins\mcufinder
2026-06-22 06:48:21,887 [WARN] DbFile:41 - Overriding database path with different value: C:\Users\brbar\.stmcufinder\plugins\mcufinder/ => C:\Users\brbar\.stmcufinder\plugins\mcufinder
2026-06-22 06:48:21,888 [INFO] CrossReferenceDbSqlite:203 - Set database path to: C:\Users\brbar\.stmcufinder\plugins\mcufinder//mcu/cs/
2026-06-22 06:48:21,906 [INFO] ApplicationProperties:184 - Using Application install path: C:\ST\STM32CubeIDE_1.13.1\STM32CubeIDE\plugins\com.st.stm32cube.common.mx_6.15.0.202507011659
2026-06-22 06:48:21,907 [INFO] PluginManage:196 - Search for loadable plugins [exclusion list=, ]
2026-06-22 06:48:21,908 [INFO] PluginManage:310 - Check plugin analytics
2026-06-22 06:48:22,126 [INFO] AnalyticsPlugin:253 - Accepted Software Licenses: 
2026-06-22 06:48:22,126 [INFO] AnalyticsPlugin:255 - Accepted CMSIS Pack Licenses: 
2026-06-22 06:48:22,126 [INFO] AnalyticsPlugin:257 - Accepted Firmware Licenses: 
2026-06-22 06:48:22,130 [INFO] PluginManage:359 - Loaded plugin analytics (category:tool,tabindex:-1)
2026-06-22 06:48:22,131 [INFO] PluginManage:310 - Check plugin cadmodel
2026-06-22 06:48:22,138 [INFO] CADModel:105 - Init CAD model plugin
2026-06-22 06:48:22,138 [INFO] PluginManage:359 - Loaded plugin cadmodel (category:power,tabindex:5)
2026-06-22 06:48:22,138 [INFO] PluginManage:310 - Check plugin clock
2026-06-22 06:48:22,150 [INFO] PluginManage:359 - Loaded plugin clock (category:base,tabindex:2)
2026-06-22 06:48:22,151 [INFO] PluginManage:310 - Check plugin ddr
2026-06-22 06:48:22,153 [INFO] PluginManage:359 - Loaded plugin ddr (category:tool,tabindex:6)
2026-06-22 06:48:22,153 [INFO] PluginManage:310 - Check plugin filemanager
2026-06-22 06:48:22,322 [INFO] PluginManage:359 - Loaded plugin filemanager (category:base,tabindex:10)
2026-06-22 06:48:22,322 [INFO] PluginManage:310 - Check plugin ipmanager
2026-06-22 06:48:22,332 [INFO] PluginManage:359 - Loaded plugin ipmanager (category:base,tabindex:5)
2026-06-22 06:48:22,333 [INFO] PluginManage:310 - Check plugin lpbam
2026-06-22 06:48:22,345 [INFO] PluginManage:359 - Loaded plugin lpbam (category:base,tabindex:0)
2026-06-22 06:48:22,345 [INFO] PluginManage:310 - Check plugin memorymap
2026-06-22 06:48:22,361 [INFO] PluginManage:359 - Loaded plugin memorymap (category:base,tabindex:4)
2026-06-22 06:48:22,361 [INFO] PluginManage:310 - Check plugin pinoutandconfiguration
2026-06-22 06:48:22,372 [INFO] PluginManage:359 - Loaded plugin pinoutandconfiguration (category:base,tabindex:1)
2026-06-22 06:48:22,373 [INFO] PluginManage:310 - Check plugin pinoutconfig
2026-06-22 06:48:22,464 [WARN] SupportedApi:132 - Cannot load RTOS API schema: s4s-elt-must-match.1: The content of 'definitions' must match (annotation?, (simpleType | complexType)?, (unique | key | keyref)*)). A problem was found starting at: attribute.
2026-06-22 06:48:22,622 [INFO] PluginManage:359 - Loaded plugin pinoutconfig (category:base,tabindex:0)
2026-06-22 06:48:22,622 [INFO] PluginManage:310 - Check plugin power
2026-06-22 06:48:22,634 [INFO] PluginManage:359 - Loaded plugin power (category:power,tabindex:4)
2026-06-22 06:48:22,634 [INFO] PluginManage:310 - Check plugin projectmanager
2026-06-22 06:48:22,653 [INFO] PluginManage:359 - Loaded plugin projectmanager (category:projectmanager,tabindex:4)
2026-06-22 06:48:22,654 [INFO] PluginManage:310 - Check plugin rif
2026-06-22 06:48:22,669 [INFO] PluginManage:359 - Loaded plugin rif (category:base,tabindex:3)
2026-06-22 06:48:22,670 [INFO] PluginManage:310 - Check plugin thirdparty
2026-06-22 06:48:22,872 [INFO] PluginManage:359 - Loaded plugin thirdparty (category:base,tabindex:-1)
2026-06-22 06:48:22,872 [WARN] IntegrityCheckThread:84 - waiting for thirdparty lock release [integrity check]
2026-06-22 06:48:22,872 [INFO] PluginManage:310 - Check plugin tools
2026-06-22 06:48:22,872 [INFO] IntegrityCheckThread:86 - entering critical section [integrity check]
2026-06-22 06:48:22,873 [INFO] ThirdPartyUpdaterWithRetryManager:70 - Updater plugin not ready yet. [1/15]
2026-06-22 06:48:22,876 [INFO] PluginManage:359 - Loaded plugin tools (category:base,tabindex:7)
2026-06-22 06:48:22,876 [INFO] PluginManage:310 - Check plugin tutovideos
2026-06-22 06:48:23,116 [INFO] PluginManage:359 - Loaded plugin tutovideos (category:base,tabindex:-1)
2026-06-22 06:48:23,116 [INFO] PluginManage:310 - Check plugin updater
2026-06-22 06:48:23,148 [INFO] PluginManage:359 - Loaded plugin updater (category:base,tabindex:12)
2026-06-22 06:48:23,149 [INFO] PluginManage:310 - Check plugin userauth
2026-06-22 06:48:23,156 [INFO] UserAuth:118 - Init User Auth plugin
2026-06-22 06:48:23,158 [INFO] PluginManage:359 - Loaded plugin userauth (category:base,tabindex:14)
2026-06-22 06:48:23,158 [INFO] PluginManage:283 - PluginManage : Loaded plugins [18]
2026-06-22 06:48:23,449 [INFO] PinOutPanel:1589 - setPackage(No Configuration,No Configuration)
2026-06-22 06:48:23,549 [INFO] CADModel:165 - CPN selected for project level
2026-06-22 06:48:23,549 [INFO] CADModel:114 - Register for checkConnection events
2026-06-22 06:48:23,576 [INFO] IPUIPlugin:80 - create IPUIPlugin
2026-06-22 06:48:23,577 [INFO] PluginManager:220 - loadIPPluginJar : add adc
2026-06-22 06:48:23,581 [INFO] IPUIPlugin:80 - create IPUIPlugin
2026-06-22 06:48:23,582 [INFO] PluginManager:220 - loadIPPluginJar : add aes
2026-06-22 06:48:23,586 [INFO] IPUIPlugin:80 - create IPUIPlugin
2026-06-22 06:48:23,586 [INFO] PluginManager:220 - loadIPPluginJar : add can
2026-06-22 06:48:23,589 [INFO] IPUIPlugin:80 - create IPUIPlugin
2026-06-22 06:48:23,589 [INFO] PluginManager:220 - loadIPPluginJar : add comp
2026-06-22 06:48:23,592 [INFO] IPUIPlugin:80 - create IPUIPlugin
2026-06-22 06:48:23,592 [INFO] PluginManager:220 - loadIPPluginJar : add cryp
2026-06-22 06:48:23,599 [INFO] IPUIPlugin:80 - create IPUIPlugin
2026-06-22 06:48:23,599 [INFO] PluginManager:220 - loadIPPluginJar : add ddr_ctrl_phy
2026-06-22 06:48:23,603 [INFO] IPUIPlugin:80 - create IPUIPlugin
2026-06-22 06:48:23,604 [INFO] PluginManager:220 - loadIPPluginJar : add dfsdm
2026-06-22 06:48:23,612 [INFO] IPUIPlugin:80 - create IPUIPlugin
2026-06-22 06:48:23,613 [INFO] PluginManager:220 - loadIPPluginJar : add dma
2026-06-22 06:48:23,618 [INFO] IPUIPlugin:80 - create IPUIPlugin
2026-06-22 06:48:23,618 [INFO] PluginManager:220 - loadIPPluginJar : add dma3
2026-06-22 06:48:23,623 [INFO] IPUIPlugin:80 - create IPUIPlugin
2026-06-22 06:48:23,623 [INFO] PluginManager:220 - loadIPPluginJar : add extmemmanager
2026-06-22 06:48:23,626 [INFO] IPUIPlugin:80 - create IPUIPlugin
2026-06-22 06:48:23,626 [INFO] PluginManager:220 - loadIPPluginJar : add fatfs
2026-06-22 06:48:23,633 [INFO] IPUIPlugin:80 - create IPUIPlugin
2026-06-22 06:48:23,633 [INFO] PluginManager:220 - loadIPPluginJar : add fmc
2026-06-22 06:48:23,645 [INFO] IPUIPlugin:80 - create IPUIPlugin
2026-06-22 06:48:23,645 [INFO] PluginManager:220 - loadIPPluginJar : add freertos
2026-06-22 06:48:23,648 [INFO] IPUIPlugin:80 - create IPUIPlugin
2026-06-22 06:48:23,649 [INFO] PluginManager:220 - loadIPPluginJar : add genericplugin
2026-06-22 06:48:23,652 [INFO] IPUIPlugin:80 - create IPUIPlugin
2026-06-22 06:48:23,652 [INFO] PluginManager:220 - loadIPPluginJar : add gfxmmu
2026-06-22 06:48:23,660 [INFO] IPUIPlugin:80 - create IPUIPlugin
2026-06-22 06:48:23,660 [INFO] PluginManager:220 - loadIPPluginJar : add gic
2026-06-22 06:48:23,667 [INFO] IPUIPlugin:80 - create IPUIPlugin
2026-06-22 06:48:23,667 [INFO] PluginManager:220 - loadIPPluginJar : add gpio
2026-06-22 06:48:23,672 [INFO] IPUIPlugin:80 - create IPUIPlugin
2026-06-22 06:48:23,672 [INFO] PluginManager:220 - loadIPPluginJar : add gtzc
2026-06-22 06:48:23,678 [INFO] IPUIPlugin:80 - create IPUIPlugin
2026-06-22 06:48:23,678 [INFO] PluginManager:220 - loadIPPluginJar : add hash
2026-06-22 06:48:23,683 [INFO] IPUIPlugin:80 - create IPUIPlugin
2026-06-22 06:48:23,684 [INFO] PluginManager:220 - loadIPPluginJar : add i2c
2026-06-22 06:48:23,689 [INFO] IPUIPlugin:80 - create IPUIPlugin
2026-06-22 06:48:23,689 [INFO] PluginManager:220 - loadIPPluginJar : add i2s
2026-06-22 06:48:23,694 [INFO] IPUIPlugin:80 - create IPUIPlugin
2026-06-22 06:48:23,695 [INFO] PluginManager:220 - loadIPPluginJar : add i3c
2026-06-22 06:48:23,700 [INFO] IPUIPlugin:80 - create IPUIPlugin
2026-06-22 06:48:23,700 [INFO] PluginManager:220 - loadIPPluginJar : add ipddr
2026-06-22 06:48:23,711 [INFO] IPUIPlugin:80 - create IPUIPlugin
2026-06-22 06:48:23,711 [INFO] PluginManager:220 - loadIPPluginJar : add linkedlist
2026-06-22 06:48:23,716 [INFO] IPUIPlugin:80 - create IPUIPlugin
2026-06-22 06:48:23,716 [INFO] PluginManager:220 - loadIPPluginJar : add lorawan
2026-06-22 06:48:23,720 [INFO] IPUIPlugin:80 - create IPUIPlugin
2026-06-22 06:48:23,720 [INFO] PluginManager:220 - loadIPPluginJar : add ltdc
2026-06-22 06:48:23,735 [INFO] IPUIPlugin:80 - create IPUIPlugin
2026-06-22 06:48:23,735 [INFO] PluginManager:220 - loadIPPluginJar : add mdma
2026-06-22 06:48:23,741 [INFO] IPUIPlugin:80 - create IPUIPlugin
2026-06-22 06:48:23,742 [INFO] PluginManager:220 - loadIPPluginJar : add nvic
2026-06-22 06:48:23,747 [INFO] IPUIPlugin:80 - create IPUIPlugin
2026-06-22 06:48:23,748 [INFO] PluginManager:220 - loadIPPluginJar : add opamp
2026-06-22 06:48:23,753 [INFO] IPUIPlugin:80 - create IPUIPlugin
2026-06-22 06:48:23,753 [INFO] PluginManager:220 - loadIPPluginJar : add openamp
2026-06-22 06:48:23,758 [INFO] IPUIPlugin:80 - create IPUIPlugin
2026-06-22 06:48:23,758 [INFO] PluginManager:220 - loadIPPluginJar : add pdm2pcm
2026-06-22 06:48:23,768 [INFO] IPUIPlugin:80 - create IPUIPlugin
2026-06-22 06:48:23,774 [INFO] PluginManager:220 - loadIPPluginJar : add plateformsettings
2026-06-22 06:48:23,777 [INFO] IPUIPlugin:80 - create IPUIPlugin
2026-06-22 06:48:23,777 [INFO] PluginManager:220 - loadIPPluginJar : add quadspi
2026-06-22 06:48:23,781 [INFO] IPUIPlugin:80 - create IPUIPlugin
2026-06-22 06:48:23,782 [INFO] PluginManager:220 - loadIPPluginJar : add radio
2026-06-22 06:48:23,789 [INFO] IPUIPlugin:80 - create IPUIPlugin
2026-06-22 06:48:23,789 [INFO] PluginManager:220 - loadIPPluginJar : add resmgrutility
2026-06-22 06:48:23,793 [INFO] IPUIPlugin:80 - create IPUIPlugin
2026-06-22 06:48:23,793 [INFO] PluginManager:220 - loadIPPluginJar : add sai
2026-06-22 06:48:23,798 [INFO] IPUIPlugin:80 - create IPUIPlugin
2026-06-22 06:48:23,798 [INFO] PluginManager:220 - loadIPPluginJar : add spi
2026-06-22 06:48:23,809 [INFO] IPUIPlugin:80 - create IPUIPlugin
2026-06-22 06:48:23,809 [INFO] PluginManager:220 - loadIPPluginJar : add stm32_wpan
2026-06-22 06:48:23,812 [INFO] IPUIPlugin:80 - create IPUIPlugin
2026-06-22 06:48:23,813 [INFO] PluginManager:220 - loadIPPluginJar : add tim
2026-06-22 06:48:23,817 [INFO] IPUIPlugin:80 - create IPUIPlugin
2026-06-22 06:48:23,818 [INFO] PluginManager:220 - loadIPPluginJar : add touchsensing
2026-06-22 06:48:23,821 [INFO] IPUIPlugin:80 - create IPUIPlugin
2026-06-22 06:48:23,821 [INFO] PluginManager:220 - loadIPPluginJar : add tracer_emb
2026-06-22 06:48:23,825 [INFO] IPUIPlugin:80 - create IPUIPlugin
2026-06-22 06:48:23,825 [INFO] PluginManager:220 - loadIPPluginJar : add ts
2026-06-22 06:48:23,828 [INFO] IPUIPlugin:80 - create IPUIPlugin
2026-06-22 06:48:23,828 [INFO] PluginManager:220 - loadIPPluginJar : add tsc
2026-06-22 06:48:23,834 [INFO] IPUIPlugin:80 - create IPUIPlugin
2026-06-22 06:48:23,834 [INFO] PluginManager:220 - loadIPPluginJar : add ucpd
2026-06-22 06:48:23,839 [INFO] IPUIPlugin:80 - create IPUIPlugin
2026-06-22 06:48:23,839 [INFO] PluginManager:220 - loadIPPluginJar : add usart
2026-06-22 06:48:23,844 [INFO] IPUIPlugin:80 - create IPUIPlugin
2026-06-22 06:48:23,845 [INFO] PluginManager:220 - loadIPPluginJar : add usbx
2026-06-22 06:48:23,997 [FATAL] Updater:351 - Updater called before beeing initialized
2026-06-22 06:48:24,030 [INFO] RulesReader:64 - Compatibility file has been processed (317 Rules)
2026-06-22 06:48:24,048 [INFO] RulesReader:64 - Compatibility file has been processed (317 Rules)
2026-06-22 06:48:24,059 [INFO] CADModel:165 - CPN selected for project level
2026-06-22 06:48:24,059 [INFO] CADModel:114 - Register for checkConnection events
2026-06-22 06:48:24,060 [FATAL] Updater:351 - Updater called before beeing initialized
2026-06-22 06:48:24,060 [ERROR] CADModel:125 - Updater not yet initialized, retry later 
2026-06-22 06:48:24,255 [FATAL] Updater:351 - Updater called before beeing initialized
2026-06-22 06:48:24,259 [INFO] CADModel:165 - CPN selected for project level
2026-06-22 06:48:24,259 [INFO] CADModel:114 - Register for checkConnection events
2026-06-22 06:48:24,259 [FATAL] Updater:351 - Updater called before beeing initialized
2026-06-22 06:48:24,259 [ERROR] CADModel:125 - Updater not yet initialized, retry later 
2026-06-22 06:48:24,265 [FATAL] Updater:351 - Updater called before beeing initialized
2026-06-22 06:48:24,417 [FATAL] Updater:351 - Updater called before beeing initialized
2026-06-22 06:48:24,423 [INFO] DbMcusAds:53 - JSON generation date=Thu May 28 19:08:17 EEST 2026 (1779984497073)
2026-06-22 06:48:24,423 [FATAL] Updater:351 - Updater called before beeing initialized
2026-06-22 06:48:24,473 [WARN] DetailPanel:346 - Failed to get advertising image, set to default
2026-06-22 06:48:24,585 [FATAL] Updater:351 - Updater called before beeing initialized
2026-06-22 06:48:24,587 [FATAL] Updater:351 - Updater called before beeing initialized
2026-06-22 06:48:24,587 [FATAL] Updater:351 - Updater called before beeing initialized
2026-06-22 06:48:24,587 [WARN] DetailPanel:346 - Failed to get advertising image, set to default
2026-06-22 06:48:24,588 [FATAL] Updater:351 - Updater called before beeing initialized
2026-06-22 06:48:24,656 [ERROR] Updater:1198 - MainUpdater not yet initialized. External WinMGr cannot be set.
2026-06-22 06:48:24,658 [INFO] Updater:1134 - Updater Version found : 6.15.0
2026-06-22 06:48:24,679 [INFO] ApplicationProperties:184 - Using Application install path: C:\ST\STM32CubeIDE_1.13.1\STM32CubeIDE\plugins\com.st.stm32cube.common.mx_6.15.0.202507011659
2026-06-22 06:48:25,873 [INFO] ThirdPartyUpdaterWithRetryManager:70 - Updater plugin not ready yet. [2/15]
2026-06-22 06:48:26,258 [ERROR] LogOutputStream:75 - [STDERR_REDIRECT] Jun 22, 2026 6:48:26 AM java.util.prefs.WindowsPreferences <init>
2026-06-22 06:48:26,260 [ERROR] LogOutputStream:75 - [STDERR_REDIRECT] WARNING: Could not open/create prefs root node Software\JavaSoft\Prefs at root 0xffffffff80000002. Windows RegCreateKeyEx(...) returned error code 5.
2026-06-22 06:48:26,260 [ERROR] LogOutputStream:75 - [STDERR_REDIRECT] 
2026-06-22 06:48:26,618 [INFO] MainUpdater:2872 - connection check result : 22
2026-06-22 06:48:26,619 [INFO] MainUpdater:289 - Updater Check For Update Now.
2026-06-22 06:48:26,620 [INFO] MicroXplorer:498 - Change Database Version : DB.6.0.150
2026-06-22 06:48:26,649 [INFO] McuFinderGlobals:63 - Set McuFinder mode to 2 (CubeIDE integrated)
2026-06-22 06:48:26,652 [INFO] UserAuth:487 - Internet connection configuration mode: 2
2026-06-22 06:48:26,666 [INFO] UserAuth:487 - Internet connection configuration mode: 2
2026-06-22 06:48:26,918 [INFO] CheckServerUpdateThread:120 - End of CheckServer Thread
2026-06-22 06:48:29,450 [WARN] PackLoader:240 - Cannot read IP mode file for STMicroelectronics.X-CUBE-AZRTOS-H7.3.5.0
2026-06-22 06:48:29,465 [WARN] PackLoader:240 - Cannot read IP mode file for STMicroelectronics.FP-SNS-MOTENVWB1.1.4.0
2026-06-22 06:48:29,477 [WARN] PackLoader:240 - Cannot read IP mode file for STMicroelectronics.FP-ATR-ASTRA1.2.0.2
2026-06-22 06:48:29,490 [ERROR] Engine:466 - C:\Users\brbar\.stm32cubemx\thirdparties\pdsc\STMicroelectronics.X-CUBE-SMBUS.2.1.1.pdsc: PDSC version is not supported
2026-06-22 06:48:29,496 [WARN] PackLoader:240 - Cannot read IP mode file for STMicroelectronics.X-CUBE-SMBUS.2.1.0
2026-06-22 06:48:29,506 [WARN] PackLoader:240 - Cannot read IP mode file for STMicroelectronics.X-CUBE-ST60.1.0.0
2026-06-22 06:48:29,544 [WARN] PackLoader:240 - Cannot read IP mode file for STMicroelectronics.X-CUBE-AZRTOS-F7.1.1.0
2026-06-22 06:48:29,559 [WARN] PackLoader:240 - Cannot read IP mode file for STMicroelectronics.FP-SNS-MOTENV1.4.3.2
2026-06-22 06:48:29,571 [WARN] PackLoader:240 - Cannot read IP mode file for STMicroelectronics.FP-SNS-MOTENV1.5.1.0
2026-06-22 06:48:29,580 [WARN] PackLoader:240 - Cannot read IP mode file for STMicroelectronics.FP-SNS-FLIGHT1.5.0.2
2026-06-22 06:48:29,620 [WARN] PackLoader:240 - Cannot read IP mode file for Infineon.AIROC-Wi-Fi-Bluetooth-STM32.1.7.0
2026-06-22 06:48:29,658 [WARN] PackLoader:240 - Cannot read IP mode file for STMicroelectronics.X-CUBE-AZRTOS-H7.3.4.0
2026-06-22 06:48:29,674 [WARN] PackLoader:240 - Cannot read IP mode file for STMicroelectronics.X-CUBE-DISPLAY.3.0.0
2026-06-22 06:48:29,693 [WARN] PackLoader:240 - Cannot read IP mode file for STMicroelectronics.X-CUBE-GNSS1.7.1.1
2026-06-22 06:48:29,699 [WARN] PackLoader:240 - Cannot read IP mode file for STMicroelectronics.FP-SNS-MOTENVWB1.1.5.0
2026-06-22 06:48:29,709 [WARN] PackLoader:240 - Cannot read IP mode file for STMicroelectronics.X-CUBE-BLE1.7.0.0
2026-06-22 06:48:29,721 [WARN] PackLoader:240 - Cannot read IP mode file for STMicroelectronics.X-CUBE-NFC10.1.0.0
2026-06-22 06:48:29,742 [WARN] PackLoader:240 - Cannot read IP mode file for STMicroelectronics.X-CUBE-BLEMGR.4.0.0
2026-06-22 06:48:29,754 [WARN] PackLoader:240 - Cannot read IP mode file for STMicroelectronics.X-CUBE-ST60.1.1.0
2026-06-22 06:48:29,765 [WARN] PackLoader:240 - Cannot read IP mode file for emotas.I-CUBE-CANOPEN.1.3.0
2026-06-22 06:48:29,775 [WARN] PackLoader:240 - Cannot read IP mode file for STMicroelectronics.X-CUBE-TOUCHGFX.4.22.0
2026-06-22 06:48:29,782 [WARN] PackLoader:240 - Cannot read IP mode file for STMicroelectronics.X-CUBE-GNSS1.7.1.0
2026-06-22 06:48:29,791 [WARN] ConditionMgr:438 - getConditionDescription Invalid condition id : Cortex-A Device cause : null
2026-06-22 06:48:29,820 [WARN] ConditionMgr:1044 - genDependencies : Invalid condition id : Cortex-A Device cause : null
2026-06-22 06:48:29,821 [WARN] ConditionMgr:1044 - genDependencies : Invalid condition id : Cortex-A Device cause : null
2026-06-22 06:48:29,821 [WARN] ConditionMgr:1044 - genDependencies : Invalid condition id : Cortex-A Device cause : null
2026-06-22 06:48:29,831 [WARN] PackLoader:240 - Cannot read IP mode file for STMicroelectronics.X-CUBE-AI.10.0.0
2026-06-22 06:48:29,841 [WARN] PackLoader:240 - Cannot read IP mode file for STMicroelectronics.FP-SNS-SMARTAG2.1.2.0
2026-06-22 06:48:29,849 [WARN] PackLoader:240 - Cannot read IP mode file for STMicroelectronics.FP-SNS-FLIGHT1.5.1.0
2026-06-22 06:48:29,870 [INFO] LogOutputStream:77 - [STDOUT_REDIRECT] 1 : Invalid condition id : UX_CORESTACK_Condition cause : null
2026-06-22 06:48:29,872 [INFO] LogOutputStream:77 - [STDOUT_REDIRECT] 1 : Invalid condition id : UX_CORESTACK_Condition cause : null
2026-06-22 06:48:29,875 [INFO] LogOutputStream:77 - [STDOUT_REDIRECT] 1 : Invalid condition id : UX_CORESTACK_Condition cause : null
2026-06-22 06:48:29,877 [INFO] LogOutputStream:77 - [STDOUT_REDIRECT] 1 : Invalid condition id : UX_CORESTACK_Condition cause : null
2026-06-22 06:48:29,879 [INFO] LogOutputStream:77 - [STDOUT_REDIRECT] 1 : Invalid condition id : UX_CORESTACK_Condition cause : null
2026-06-22 06:48:29,886 [WARN] PackLoader:240 - Cannot read IP mode file for STMicroelectronics.X-CUBE-AZRTOS-WL.2.0.0
2026-06-22 06:48:29,896 [WARN] PackLoader:240 - Cannot read IP mode file for STMicroelectronics.FP-SNS-MOTENV1.5.0.0
2026-06-22 06:48:29,959 [WARN] PackLoader:240 - Cannot read IP mode file for STMicroelectronics.X-CUBE-AZRTOS-H7RS.1.2.0
2026-06-22 06:48:29,976 [WARN] PackLoader:240 - Cannot read IP mode file for WES.I-CUBE-Cesium.1.3.0
2026-06-22 06:48:29,985 [WARN] PackLoader:240 - Cannot read IP mode file for STMicroelectronics.X-CUBE-BLE2.3.3.0
2026-06-22 06:48:30,011 [WARN] PackLoader:240 - Cannot read IP mode file for STMicroelectronics.X-CUBE-NFC9.1.0.0
2026-06-22 06:48:30,018 [WARN] PackLoader:240 - Cannot read IP mode file for STMicroelectronics.X-CUBE-BLE1.7.1.0
2026-06-22 06:48:30,025 [WARN] PackLoader:240 - Cannot read IP mode file for wolfSSL.I-CUBE-wolfMQTT.1.19.2
2026-06-22 06:48:30,034 [WARN] PackLoader:240 - Cannot read IP mode file for STMicroelectronics.X-CUBE-FREERTOS.1.4.0
2026-06-22 06:48:30,044 [WARN] PackLoader:240 - Cannot read IP mode file for STMicroelectronics.X-CUBE-EEPRMA1.5.2.0
2026-06-22 06:48:30,054 [WARN] PackLoader:240 - Cannot read IP mode file for STMicroelectronics.X-CUBE-ST67W61.1.1.0
2026-06-22 06:48:30,062 [WARN] PackLoader:240 - Cannot read IP mode file for STMicroelectronics.FP-SNS-STAIOTCFT.1.1.0
2026-06-22 06:48:30,116 [WARN] PackLoader:240 - Cannot read IP mode file for STMicroelectronics.X-CUBE-MEMS1.12.0.0
2026-06-22 06:48:30,242 [WARN] PackLoader:240 - Cannot read IP mode file for STMicroelectronics.X-CUBE-ALGOBUILD.1.3.0
2026-06-22 06:48:30,289 [WARN] PackLoader:240 - Cannot read IP mode file for STMicroelectronics.X-CUBE-MEMS1.11.2.0
2026-06-22 06:48:30,471 [WARN] PackLoader:240 - Cannot read IP mode file for STMicroelectronics.X-CUBE-AZRTOS-G0.1.1.0
2026-06-22 06:48:30,481 [WARN] PackLoader:240 - Cannot read IP mode file for STMicroelectronics.X-CUBE-SAFEA1.1.2.2
2026-06-22 06:48:30,492 [WARN] PackLoader:240 - Cannot read IP mode file for STMicroelectronics.X-CUBE-NFC4.3.0.0
2026-06-22 06:48:30,507 [WARN] PackLoader:240 - Cannot read IP mode file for EmbeddedOffice.I-CUBE-FS-RTOS.1.0.1
2026-06-22 06:48:30,517 [WARN] PackLoader:240 - Cannot read IP mode file for STMicroelectronics.X-CUBE-WB05N.2.0.0
2026-06-22 06:48:30,524 [WARN] PackLoader:240 - Cannot read IP mode file for wolfSSL.I-CUBE-wolfTPM.3.8.0
2026-06-22 06:48:30,534 [WARN] PackLoader:240 - Cannot read IP mode file for STMicroelectronics.X-CUBE-TCPP.4.2.0
2026-06-22 06:48:30,545 [WARN] PackLoader:240 - Cannot read IP mode file for RealThread.X-CUBE-RT-Thread_Nano.4.1.1
2026-06-22 06:48:30,553 [WARN] PackLoader:240 - Cannot read IP mode file for STMicroelectronics.FP-ATR-SIGFOX1.3.2.0
2026-06-22 06:48:30,560 [WARN] PackLoader:240 - Cannot read IP mode file for STMicroelectronics.X-CUBE-EEPRMA1.5.1.0
2026-06-22 06:48:30,569 [WARN] PackLoader:240 - Cannot read IP mode file for STMicroelectronics.X-CUBE-FREERTOS.1.5.0
2026-06-22 06:48:30,578 [WARN] PackLoader:240 - Cannot read IP mode file for ITTIA_DB.I-CUBE-ITTIADB.8.9.0
2026-06-22 06:48:30,590 [WARN] PackLoader:240 - Cannot read IP mode file for STMicroelectronics.X-CUBE-NFC6.3.2.0
2026-06-22 06:48:30,603 [WARN] PackLoader:240 - Cannot read IP mode file for STMicroelectronics.X-CUBE-ST67W61.1.0.0
2026-06-22 06:48:30,661 [WARN] PackLoader:240 - Cannot read IP mode file for STMicroelectronics.X-CUBE-MEMS1.12.1.0
2026-06-22 06:48:30,860 [WARN] PackLoader:240 - Cannot read IP mode file for SEGGER.I-CUBE-embOS.1.3.1
2026-06-22 06:48:30,904 [WARN] PackLoader:240 - Cannot read IP mode file for STMicroelectronics.X-CUBE-ALGOBUILD.1.4.0
2026-06-22 06:48:30,944 [WARN] PackLoader:240 - Cannot read IP mode file for STMicroelectronics.X-CUBE-MEMS1.11.3.0
2026-06-22 06:48:31,086 [WARN] PackLoader:240 - Cannot read IP mode file for STMicroelectronics.X-CUBE-NFC13.1.0.0
2026-06-22 06:48:31,093 [WARN] PackLoader:240 - Cannot read IP mode file for STMicroelectronics.X-CUBE-PM33A1.1.0.0
2026-06-22 06:48:31,099 [WARN] PackLoader:240 - Cannot read IP mode file for STMicroelectronics.X-CUBE-GNSS1.6.0.0
2026-06-22 06:48:31,118 [WARN] PackLoader:240 - Cannot read IP mode file for STMicroelectronics.X-CUBE-AZRTOS-F4.1.1.0
2026-06-22 06:48:31,131 [WARN] PackLoader:240 - Cannot read IP mode file for wolfSSL.I-CUBE-wolfSSL.5.6.3
2026-06-22 06:48:31,136 [WARN] PackLoader:240 - Cannot read IP mode file for Avnet-IotConnect.X-CUBE-IoTC-DA16k-PMOD.1.0.0
2026-06-22 06:48:31,144 [WARN] PackLoader:240 - Cannot read IP mode file for STMicroelectronics.X-CUBE-ISPU.2.1.0
2026-06-22 06:48:31,158 [WARN] PackLoader:240 - Cannot read IP mode file for STMicroelectronics.X-CUBE-IPS.3.2.0
2026-06-22 06:48:31,169 [WARN] PackLoader:240 - Cannot read IP mode file for STMicroelectronics.eDS-WB_DPC_TT-BIDIR.2.1.1
2026-06-22 06:48:31,177 [WARN] PackLoader:240 - Cannot read IP mode file for STMicroelectronics.X-CUBE-NFC12.1.0.0
2026-06-22 06:48:31,196 [WARN] PackLoader:240 - Cannot read IP mode file for STMicroelectronics.X-CUBE-AZRTOS-L5.2.0.0
2026-06-22 06:48:31,236 [WARN] PackLoader:240 - Cannot read IP mode file for STMicroelectronics.X-CUBE-MEMS1.9.6.0
2026-06-22 06:48:31,326 [WARN] PackLoader:240 - Cannot read IP mode file for STMicroelectronics.X-CUBE-NFC6.3.1.0
2026-06-22 06:48:31,334 [WARN] PackLoader:240 - Cannot read IP mode file for STMicroelectronics.X-CUBE-ALGOBUILD.1.5.0
2026-06-22 06:48:31,344 [WARN] PackLoader:240 - Cannot read IP mode file for STMicroelectronics.X-CUBE-BLEMGR.2.0.0
2026-06-22 06:48:31,351 [WARN] PackLoader:240 - Cannot read IP mode file for STMicroelectronics.eDS-WB_DPC_VIENNA.1.2.0
2026-06-22 06:48:31,356 [WARN] PackLoader:240 - Cannot read IP mode file for STMicroelectronics.eDS-WB_DPC_3PH2L-BIDIR.1.1.1
2026-06-22 06:48:31,382 [WARN] ConditionMgr:438 - getConditionDescription Invalid condition id : UX DEVICE CLASS RTOS Condition cause : null
2026-06-22 06:48:31,383 [WARN] ConditionMgr:438 - getConditionDescription Invalid condition id : UX DEVICE CLASS RTOS Condition cause : null
2026-06-22 06:48:31,387 [WARN] PackLoader:240 - Cannot read IP mode file for STMicroelectronics.X-CUBE-AZRTOS-H7.3.1.0
2026-06-22 06:48:31,388 [WARN] ConditionMgr:1044 - genDependencies : Invalid condition id : UX DEVICE CLASS RTOS Condition cause : null
2026-06-22 06:48:31,389 [WARN] ConditionMgr:1044 - genDependencies : Invalid condition id : UX DEVICE CLASS RTOS Condition cause : null
2026-06-22 06:48:31,390 [WARN] ConditionMgr:1044 - genDependencies : Invalid condition id : UX DEVICE CLASS RTOS Condition cause : null
2026-06-22 06:48:31,390 [WARN] ConditionMgr:1044 - genDependencies : Invalid condition id : UX DEVICE CLASS RTOS Condition cause : null
2026-06-22 06:48:31,390 [WARN] ConditionMgr:1044 - genDependencies : Invalid condition id : UX DEVICE CLASS RTOS Condition cause : null
2026-06-22 06:48:31,398 [ERROR] Engine:466 - C:\Users\brbar\.stm32cubemx\thirdparties\pdsc\STMicroelectronics.X-CUBE-ST67W61.1.3.0.pdsc: PDSC version is not supported
2026-06-22 06:48:31,407 [WARN] PackLoader:240 - Cannot read IP mode file for STMicroelectronics.X-CUBE-FREERTOS.1.3.1
2026-06-22 06:48:31,417 [WARN] PackLoader:240 - Cannot read IP mode file for STMicroelectronics.X-CUBE-NFC7.1.0.1
2026-06-22 06:48:31,422 [WARN] PackLoader:240 - Cannot read IP mode file for STMicroelectronics.X-CUBE-TOUCHGFX.4.26.0
2026-06-22 06:48:31,428 [WARN] PackLoader:240 - Cannot read IP mode file for STMicroelectronics.X-CUBE-NFC6.3.0.0
2026-06-22 06:48:31,435 [WARN] PackLoader:240 - Cannot read IP mode file for STMicroelectronics.X-CUBE-TOUCHGFX.4.26.1
2026-06-22 06:48:31,443 [WARN] PackLoader:240 - Cannot read IP mode file for STMicroelectronics.X-CUBE-EEPRMA1.4.1.0
2026-06-22 06:48:31,451 [WARN] PackLoader:240 - Cannot read IP mode file for STMicroelectronics.FP-SNS-STAIOTCFT.1.0.0
2026-06-22 06:48:31,458 [WARN] PackLoader:240 - Cannot read IP mode file for STMicroelectronics.X-CUBE-DPower.1.3.0
2026-06-22 06:48:31,474 [WARN] PackLoader:240 - Cannot read IP mode file for STMicroelectronics.X-CUBE-AI.8.1.0
2026-06-22 06:48:31,497 [WARN] ConditionMgr:438 - getConditionDescription Invalid condition id : LAN8742 Phy interface Condition cause : null
2026-06-22 06:48:31,499 [WARN] PackLoader:240 - Cannot read IP mode file for STMicroelectronics.X-CUBE-AZRTOS-L4.2.0.0
2026-06-22 06:48:31,500 [WARN] ConditionMgr:1044 - genDependencies : Invalid condition id : LAN8742 Phy interface Condition cause : null
2026-06-22 06:48:31,500 [WARN] ConditionMgr:1044 - genDependencies : Invalid condition id : LAN8742 Phy interface Condition cause : null
2026-06-22 06:48:31,501 [WARN] ConditionMgr:1044 - genDependencies : Invalid condition id : LAN8742 Phy interface Condition cause : null
2026-06-22 06:48:31,510 [WARN] PackLoader:240 - Cannot read IP mode file for STMicroelectronics.X-CUBE-SFXS2LP1.4.0.0
2026-06-22 06:48:31,518 [WARN] PackLoader:240 - Cannot read IP mode file for STMicroelectronics.X-CUBE-WB05N.2.1.0
2026-06-22 06:48:31,526 [WARN] PackLoader:240 - Cannot read IP mode file for STMicroelectronics.X-CUBE-ST67W61.1.2.0
2026-06-22 06:48:31,535 [WARN] PackLoader:240 - Cannot read IP mode file for STMicroelectronics.X-CUBE-ISPU.1.1.0
2026-06-22 06:48:31,552 [WARN] PackLoader:240 - Cannot read IP mode file for STMicroelectronics.X-CUBE-AZRTOS-H7.3.3.0
2026-06-22 06:48:31,564 [WARN] PackLoader:240 - Cannot read IP mode file for STMicroelectronics.X-CUBE-BLEMGR.4.1.0
2026-06-22 06:48:31,579 [WARN] ConditionMgr:438 - getConditionDescription Invalid condition id : UX DEVICE CLASS RTOS Condition cause : null
2026-06-22 06:48:31,579 [WARN] ConditionMgr:438 - getConditionDescription Invalid condition id : UX DEVICE CLASS RTOS Condition cause : null
2026-06-22 06:48:31,581 [WARN] PackLoader:240 - Cannot read IP mode file for STMicroelectronics.X-CUBE-AZRTOS-WB.2.0.0
2026-06-22 06:48:31,582 [WARN] ConditionMgr:1044 - genDependencies : Invalid condition id : UX DEVICE CLASS RTOS Condition cause : null
2026-06-22 06:48:31,582 [WARN] ConditionMgr:1044 - genDependencies : Invalid condition id : UX DEVICE CLASS RTOS Condition cause : null
2026-06-22 06:48:31,582 [WARN] ConditionMgr:1044 - genDependencies : Invalid condition id : UX DEVICE CLASS RTOS Condition cause : null
2026-06-22 06:48:31,582 [WARN] ConditionMgr:1044 - genDependencies : Invalid condition id : UX DEVICE CLASS RTOS Condition cause : null
2026-06-22 06:48:31,582 [WARN] ConditionMgr:1044 - genDependencies : Invalid condition id : UX DEVICE CLASS RTOS Condition cause : null
2026-06-22 06:48:31,587 [WARN] PackLoader:240 - Cannot read IP mode file for STMicroelectronics.X-CUBE-GNSS1.7.0.1
2026-06-22 06:48:31,592 [WARN] PackLoader:240 - Cannot read IP mode file for STMicroelectronics.X-CUBE-TOUCHGFX.4.25.0
2026-06-22 06:48:31,599 [WARN] PackLoader:240 - Cannot read IP mode file for STMicroelectronics.FP-SNS-STBOX1.2.0.0
2026-06-22 06:48:31,608 [WARN] PackLoader:240 - Cannot read IP mode file for STMicroelectronics.X-CUBE-STSE01.2.0.0
2026-06-22 06:48:31,618 [WARN] PackLoader:240 - Cannot read IP mode file for STMicroelectronics.X-CUBE-SUBG2.5.0.0
2026-06-22 06:48:31,637 [WARN] PackLoader:240 - Cannot read IP mode file for STMicroelectronics.X-CUBE-AZRTOS-H7RS.1.1.0
2026-06-22 06:48:31,644 [WARN] PackLoader:240 - Cannot read IP mode file for Cesanta.I-CUBE-Mongoose.7.13.0
2026-06-22 06:48:31,654 [WARN] PackLoader:240 - Cannot read IP mode file for STMicroelectronics.X-CUBE-TOF1.3.3.1
2026-06-22 06:48:31,671 [WARN] PackLoader:240 - Cannot read IP mode file for STMicroelectronics.X-CUBE-AZRTOS-G4.2.0.0
2026-06-22 06:48:31,678 [WARN] PackLoader:240 - Cannot read IP mode file for wolfSSL.I-CUBE-wolfSSH.1.4.20
2026-06-22 06:48:31,684 [WARN] PackLoader:240 - Cannot read IP mode file for STMicroelectronics.X-CUBE-NFC7.2.0.0
2026-06-22 06:48:31,698 [WARN] PackLoader:240 - Cannot read IP mode file for STMicroelectronics.X-CUBE-IPS.3.1.0
2026-06-22 06:48:31,714 [WARN] PackLoader:240 - Cannot read IP mode file for STMicroelectronics.X-CUBE-ALS.1.0.2
2026-06-22 06:48:31,720 [WARN] PackLoader:240 - Cannot read IP mode file for STMicroelectronics.X-CUBE-FREERTOS.1.1.0
2026-06-22 06:48:31,726 [WARN] PackLoader:240 - Cannot read IP mode file for STMicroelectronics.X-CUBE-STSE01.1.0.0
2026-06-22 06:48:31,734 [WARN] PackLoader:240 - Cannot read IP mode file for portGmbH.I-Cube-SoM-uGOAL.1.1.0
2026-06-22 06:48:31,739 [WARN] PackLoader:240 - Cannot read IP mode file for STMicroelectronics.X-CUBE-ALS.1.0.1
2026-06-22 06:48:31,744 [WARN] PackLoader:240 - Cannot read IP mode file for STMicroelectronics.FP-ATR-ASTRA1.2.0.0
2026-06-22 06:48:31,753 [WARN] PackLoader:240 - Cannot read IP mode file for STMicroelectronics.X-CUBE-TOF1.3.4.3
2026-06-22 06:48:31,762 [INFO] ThirdParty:978 - Integrity check success = true
2026-06-22 06:48:31,762 [INFO] IntegrityCheckThread:100 - exiting critical section [integrity check]
2026-06-22 06:48:31,762 [INFO] IntegrityCheckThread:103 - End integrity checks thread
2026-06-22 07:26:44,792 [INFO] Activator:176 - 


2026-06-22 07:26:44,795 [INFO] Activator:177 - !SESSION log4j initialized
2026-06-22 07:26:58,496 [INFO] LogOutputStream:77 - [STDOUT_REDIRECT] 
2026-06-22 07:27:00,645 [INFO] ApplicationProperties:184 - Using Application install path: C:\ST\STM32CubeIDE_1.13.1\STM32CubeIDE\plugins\com.st.stm32cube.common.mx_6.15.0.202507011659
2026-06-22 07:27:00,715 [INFO] DbMcusXml:78 - Set database path to: C:\ST\STM32CubeIDE_1.13.1\STM32CubeIDE\plugins\com.st.stm32cube.common.mx_6.15.0.202507011659\\db\/mcu/
2026-06-22 07:27:00,716 [INFO] ApiDb:274 - Set plugin database path to: C:\ST\STM32CubeIDE_1.13.1\STM32CubeIDE\plugins\com.st.stm32cube.common.mx_6.15.0.202507011659\\db\/plugins/boardmanager/
2026-06-22 07:27:00,717 [WARN] ApiDb:259 - Overriding images path with different value:  => C:\ST\STM32CubeIDE_1.13.1\STM32CubeIDE\plugins\com.st.stm32cube.common.mx_6.15.0.202507011659\\db\/plugins/mcufinder/images/
2026-06-22 07:27:00,745 [INFO] ApiDb:250 - Set database path to: C:\Users\brbar\.stmcufinder\plugins\mcufinder//mcu/
2026-06-22 07:27:00,750 [INFO] DbMcusAds:125 - Set database path to: C:\Users\brbar\.stmcufinder\plugins\mcufinder//mcu/
2026-06-22 07:27:00,759 [INFO] CrossReferenceDbSqlite:203 - Set database path to: C:\Users\brbar\.stmcufinder\plugins\mcufinder//mcu/cs/
2026-06-22 07:27:01,216 [INFO] RulesReader:64 - Compatibility file has been processed (317 Rules)
2026-06-22 07:27:01,469 [INFO] DbMcusXml:78 - Set database path to: C:\ST\STM32CubeIDE_1.13.1\STM32CubeIDE\plugins\com.st.stm32cube.common.mx_6.15.0.202507011659\\db\/mcu/
2026-06-22 07:27:01,470 [INFO] ApiDb:274 - Set plugin database path to: C:\ST\STM32CubeIDE_1.13.1\STM32CubeIDE\plugins\com.st.stm32cube.common.mx_6.15.0.202507011659\\db\/plugins/boardmanager/
2026-06-22 07:27:01,470 [INFO] ApiDb:261 - Set plugin images path to: C:\ST\STM32CubeIDE_1.13.1\STM32CubeIDE\plugins\com.st.stm32cube.common.mx_6.15.0.202507011659\\db\/plugins/mcufinder/images/
2026-06-22 07:27:01,471 [WARN] DbFile:41 - Overriding database path with different value: C:\Users\brbar\.stmcufinder\plugins\mcufinder/ => C:\Users\brbar\.stmcufinder\plugins\mcufinder
2026-06-22 07:27:01,472 [INFO] ApiDb:250 - Set database path to: C:\Users\brbar\.stmcufinder\plugins\mcufinder//mcu/
2026-06-22 07:27:01,472 [WARN] DbFile:41 - Overriding database path with different value: C:\Users\brbar\.stmcufinder\plugins\mcufinder/ => C:\Users\brbar\.stmcufinder\plugins\mcufinder
2026-06-22 07:27:01,472 [INFO] DbMcusAds:125 - Set database path to: C:\Users\brbar\.stmcufinder\plugins\mcufinder//mcu/
2026-06-22 07:27:01,474 [WARN] DbFile:41 - Overriding database path with different value: C:\Users\brbar\.stmcufinder\plugins\mcufinder/ => C:\Users\brbar\.stmcufinder\plugins\mcufinder
2026-06-22 07:27:01,474 [WARN] DbFile:41 - Overriding database path with different value: C:\Users\brbar\.stmcufinder\plugins\mcufinder/ => C:\Users\brbar\.stmcufinder\plugins\mcufinder
2026-06-22 07:27:01,474 [INFO] CrossReferenceDbSqlite:203 - Set database path to: C:\Users\brbar\.stmcufinder\plugins\mcufinder//mcu/cs/
2026-06-22 07:27:01,727 [INFO] MainPanel:274 - HeapMemory: 268435456
2026-06-22 07:27:02,106 [INFO] DbMcusXml:78 - Set database path to: C:\ST\STM32CubeIDE_1.13.1\STM32CubeIDE\plugins\com.st.stm32cube.common.mx_6.15.0.202507011659\\db\/mcu/
2026-06-22 07:27:02,107 [INFO] ApiDb:274 - Set plugin database path to: C:\ST\STM32CubeIDE_1.13.1\STM32CubeIDE\plugins\com.st.stm32cube.common.mx_6.15.0.202507011659\\db\/plugins/boardmanager/
2026-06-22 07:27:02,107 [INFO] ApiDb:261 - Set plugin images path to: C:\ST\STM32CubeIDE_1.13.1\STM32CubeIDE\plugins\com.st.stm32cube.common.mx_6.15.0.202507011659\\db\/plugins/mcufinder/images/
2026-06-22 07:27:02,108 [WARN] DbFile:41 - Overriding database path with different value: C:\Users\brbar\.stmcufinder\plugins\mcufinder/ => C:\Users\brbar\.stmcufinder\plugins\mcufinder
2026-06-22 07:27:02,109 [INFO] ApiDb:250 - Set database path to: C:\Users\brbar\.stmcufinder\plugins\mcufinder//mcu/
2026-06-22 07:27:02,109 [WARN] DbFile:41 - Overriding database path with different value: C:\Users\brbar\.stmcufinder\plugins\mcufinder/ => C:\Users\brbar\.stmcufinder\plugins\mcufinder
2026-06-22 07:27:02,110 [INFO] DbMcusAds:125 - Set database path to: C:\Users\brbar\.stmcufinder\plugins\mcufinder//mcu/
2026-06-22 07:27:02,110 [WARN] DbFile:41 - Overriding database path with different value: C:\Users\brbar\.stmcufinder\plugins\mcufinder/ => C:\Users\brbar\.stmcufinder\plugins\mcufinder
2026-06-22 07:27:02,110 [WARN] DbFile:41 - Overriding database path with different value: C:\Users\brbar\.stmcufinder\plugins\mcufinder/ => C:\Users\brbar\.stmcufinder\plugins\mcufinder
2026-06-22 07:27:02,111 [INFO] CrossReferenceDbSqlite:203 - Set database path to: C:\Users\brbar\.stmcufinder\plugins\mcufinder//mcu/cs/
2026-06-22 07:27:02,166 [INFO] ApplicationProperties:184 - Using Application install path: C:\ST\STM32CubeIDE_1.13.1\STM32CubeIDE\plugins\com.st.stm32cube.common.mx_6.15.0.202507011659
2026-06-22 07:27:02,170 [INFO] PluginManage:196 - Search for loadable plugins [exclusion list=, ]
2026-06-22 07:27:02,174 [INFO] PluginManage:310 - Check plugin analytics
2026-06-22 07:27:02,734 [INFO] AnalyticsPlugin:253 - Accepted Software Licenses: 
2026-06-22 07:27:02,735 [INFO] AnalyticsPlugin:255 - Accepted CMSIS Pack Licenses: 
2026-06-22 07:27:02,736 [INFO] AnalyticsPlugin:257 - Accepted Firmware Licenses: 
2026-06-22 07:27:02,747 [INFO] PluginManage:359 - Loaded plugin analytics (category:tool,tabindex:-1)
2026-06-22 07:27:02,749 [INFO] PluginManage:310 - Check plugin cadmodel
2026-06-22 07:27:02,768 [INFO] CADModel:105 - Init CAD model plugin
2026-06-22 07:27:02,769 [INFO] PluginManage:359 - Loaded plugin cadmodel (category:power,tabindex:5)
2026-06-22 07:27:02,770 [INFO] PluginManage:310 - Check plugin clock
2026-06-22 07:27:02,803 [INFO] PluginManage:359 - Loaded plugin clock (category:base,tabindex:2)
2026-06-22 07:27:02,804 [INFO] PluginManage:310 - Check plugin ddr
2026-06-22 07:27:02,812 [INFO] PluginManage:359 - Loaded plugin ddr (category:tool,tabindex:6)
2026-06-22 07:27:02,813 [INFO] PluginManage:310 - Check plugin filemanager
2026-06-22 07:27:03,294 [INFO] PluginManage:359 - Loaded plugin filemanager (category:base,tabindex:10)
2026-06-22 07:27:03,295 [INFO] PluginManage:310 - Check plugin ipmanager
2026-06-22 07:27:03,321 [INFO] PluginManage:359 - Loaded plugin ipmanager (category:base,tabindex:5)
2026-06-22 07:27:03,321 [INFO] PluginManage:310 - Check plugin lpbam
2026-06-22 07:27:03,352 [INFO] PluginManage:359 - Loaded plugin lpbam (category:base,tabindex:0)
2026-06-22 07:27:03,353 [INFO] PluginManage:310 - Check plugin memorymap
2026-06-22 07:27:03,393 [INFO] PluginManage:359 - Loaded plugin memorymap (category:base,tabindex:4)
2026-06-22 07:27:03,394 [INFO] PluginManage:310 - Check plugin pinoutandconfiguration
2026-06-22 07:27:03,428 [INFO] PluginManage:359 - Loaded plugin pinoutandconfiguration (category:base,tabindex:1)
2026-06-22 07:27:03,429 [INFO] PluginManage:310 - Check plugin pinoutconfig
2026-06-22 07:27:03,701 [WARN] SupportedApi:132 - Cannot load RTOS API schema: s4s-elt-must-match.1: The content of 'definitions' must match (annotation?, (simpleType | complexType)?, (unique | key | keyref)*)). A problem was found starting at: attribute.
2026-06-22 07:27:04,180 [INFO] PluginManage:359 - Loaded plugin pinoutconfig (category:base,tabindex:0)
2026-06-22 07:27:04,181 [INFO] PluginManage:310 - Check plugin power
2026-06-22 07:27:04,213 [INFO] PluginManage:359 - Loaded plugin power (category:power,tabindex:4)
2026-06-22 07:27:04,213 [INFO] PluginManage:310 - Check plugin projectmanager
2026-06-22 07:27:04,271 [INFO] PluginManage:359 - Loaded plugin projectmanager (category:projectmanager,tabindex:4)
2026-06-22 07:27:04,271 [INFO] PluginManage:310 - Check plugin rif
2026-06-22 07:27:04,306 [INFO] PluginManage:359 - Loaded plugin rif (category:base,tabindex:3)
2026-06-22 07:27:04,307 [INFO] PluginManage:310 - Check plugin thirdparty
2026-06-22 07:27:04,792 [WARN] IntegrityCheckThread:84 - waiting for thirdparty lock release [integrity check]
2026-06-22 07:27:04,793 [INFO] PluginManage:359 - Loaded plugin thirdparty (category:base,tabindex:-1)
2026-06-22 07:27:04,794 [INFO] IntegrityCheckThread:86 - entering critical section [integrity check]
2026-06-22 07:27:04,794 [INFO] PluginManage:310 - Check plugin tools
2026-06-22 07:27:04,794 [INFO] ThirdPartyUpdaterWithRetryManager:70 - Updater plugin not ready yet. [1/15]
2026-06-22 07:27:04,803 [INFO] PluginManage:359 - Loaded plugin tools (category:base,tabindex:7)
2026-06-22 07:27:04,804 [INFO] PluginManage:310 - Check plugin tutovideos
2026-06-22 07:27:05,493 [INFO] PluginManage:359 - Loaded plugin tutovideos (category:base,tabindex:-1)
2026-06-22 07:27:05,494 [INFO] PluginManage:310 - Check plugin updater
2026-06-22 07:27:05,567 [INFO] PluginManage:359 - Loaded plugin updater (category:base,tabindex:12)
2026-06-22 07:27:05,568 [INFO] PluginManage:310 - Check plugin userauth
2026-06-22 07:27:05,581 [INFO] UserAuth:118 - Init User Auth plugin
2026-06-22 07:27:05,584 [INFO] PluginManage:359 - Loaded plugin userauth (category:base,tabindex:14)
2026-06-22 07:27:05,585 [INFO] PluginManage:283 - PluginManage : Loaded plugins [18]
2026-06-22 07:27:06,297 [INFO] PinOutPanel:1589 - setPackage(No Configuration,No Configuration)
2026-06-22 07:27:06,615 [INFO] CADModel:165 - CPN selected for project level
2026-06-22 07:27:06,616 [INFO] CADModel:114 - Register for checkConnection events
2026-06-22 07:27:06,672 [INFO] IPUIPlugin:80 - create IPUIPlugin
2026-06-22 07:27:06,673 [INFO] PluginManager:220 - loadIPPluginJar : add adc
2026-06-22 07:27:06,683 [INFO] IPUIPlugin:80 - create IPUIPlugin
2026-06-22 07:27:06,684 [INFO] PluginManager:220 - loadIPPluginJar : add aes
2026-06-22 07:27:06,691 [INFO] IPUIPlugin:80 - create IPUIPlugin
2026-06-22 07:27:06,692 [INFO] PluginManager:220 - loadIPPluginJar : add can
2026-06-22 07:27:06,697 [INFO] IPUIPlugin:80 - create IPUIPlugin
2026-06-22 07:27:06,697 [INFO] PluginManager:220 - loadIPPluginJar : add comp
2026-06-22 07:27:06,706 [INFO] IPUIPlugin:80 - create IPUIPlugin
2026-06-22 07:27:06,706 [INFO] PluginManager:220 - loadIPPluginJar : add cryp
2026-06-22 07:27:06,717 [INFO] IPUIPlugin:80 - create IPUIPlugin
2026-06-22 07:27:06,717 [INFO] PluginManager:220 - loadIPPluginJar : add ddr_ctrl_phy
2026-06-22 07:27:06,726 [INFO] IPUIPlugin:80 - create IPUIPlugin
2026-06-22 07:27:06,726 [INFO] PluginManager:220 - loadIPPluginJar : add dfsdm
2026-06-22 07:27:06,745 [INFO] IPUIPlugin:80 - create IPUIPlugin
2026-06-22 07:27:06,746 [INFO] PluginManager:220 - loadIPPluginJar : add dma
2026-06-22 07:27:06,754 [INFO] IPUIPlugin:80 - create IPUIPlugin
2026-06-22 07:27:06,755 [INFO] PluginManager:220 - loadIPPluginJar : add dma3
2026-06-22 07:27:06,765 [INFO] IPUIPlugin:80 - create IPUIPlugin
2026-06-22 07:27:06,765 [INFO] PluginManager:220 - loadIPPluginJar : add extmemmanager
2026-06-22 07:27:06,771 [INFO] IPUIPlugin:80 - create IPUIPlugin
2026-06-22 07:27:06,772 [INFO] PluginManager:220 - loadIPPluginJar : add fatfs
2026-06-22 07:27:06,786 [INFO] IPUIPlugin:80 - create IPUIPlugin
2026-06-22 07:27:06,787 [INFO] PluginManager:220 - loadIPPluginJar : add fmc
2026-06-22 07:27:06,806 [INFO] IPUIPlugin:80 - create IPUIPlugin
2026-06-22 07:27:06,807 [INFO] PluginManager:220 - loadIPPluginJar : add freertos
2026-06-22 07:27:06,812 [INFO] IPUIPlugin:80 - create IPUIPlugin
2026-06-22 07:27:06,813 [INFO] PluginManager:220 - loadIPPluginJar : add genericplugin
2026-06-22 07:27:06,819 [INFO] IPUIPlugin:80 - create IPUIPlugin
2026-06-22 07:27:06,819 [INFO] PluginManager:220 - loadIPPluginJar : add gfxmmu
2026-06-22 07:27:06,832 [INFO] IPUIPlugin:80 - create IPUIPlugin
2026-06-22 07:27:06,832 [INFO] PluginManager:220 - loadIPPluginJar : add gic
2026-06-22 07:27:06,843 [INFO] IPUIPlugin:80 - create IPUIPlugin
2026-06-22 07:27:06,844 [INFO] PluginManager:220 - loadIPPluginJar : add gpio
2026-06-22 07:27:06,852 [INFO] IPUIPlugin:80 - create IPUIPlugin
2026-06-22 07:27:06,852 [INFO] PluginManager:220 - loadIPPluginJar : add gtzc
2026-06-22 07:27:06,860 [INFO] IPUIPlugin:80 - create IPUIPlugin
2026-06-22 07:27:06,861 [INFO] PluginManager:220 - loadIPPluginJar : add hash
2026-06-22 07:27:06,872 [INFO] IPUIPlugin:80 - create IPUIPlugin
2026-06-22 07:27:06,872 [INFO] PluginManager:220 - loadIPPluginJar : add i2c
2026-06-22 07:27:06,879 [INFO] IPUIPlugin:80 - create IPUIPlugin
2026-06-22 07:27:06,880 [INFO] PluginManager:220 - loadIPPluginJar : add i2s
2026-06-22 07:27:06,888 [INFO] IPUIPlugin:80 - create IPUIPlugin
2026-06-22 07:27:06,889 [INFO] PluginManager:220 - loadIPPluginJar : add i3c
2026-06-22 07:27:06,898 [INFO] IPUIPlugin:80 - create IPUIPlugin
2026-06-22 07:27:06,899 [INFO] PluginManager:220 - loadIPPluginJar : add ipddr
2026-06-22 07:27:06,922 [INFO] IPUIPlugin:80 - create IPUIPlugin
2026-06-22 07:27:06,923 [INFO] PluginManager:220 - loadIPPluginJar : add linkedlist
2026-06-22 07:27:06,932 [INFO] IPUIPlugin:80 - create IPUIPlugin
2026-06-22 07:27:06,932 [INFO] PluginManager:220 - loadIPPluginJar : add lorawan
2026-06-22 07:27:06,938 [INFO] IPUIPlugin:80 - create IPUIPlugin
2026-06-22 07:27:06,939 [INFO] PluginManager:220 - loadIPPluginJar : add ltdc
2026-06-22 07:27:06,954 [INFO] IPUIPlugin:80 - create IPUIPlugin
2026-06-22 07:27:06,954 [INFO] PluginManager:220 - loadIPPluginJar : add mdma
2026-06-22 07:27:06,968 [INFO] IPUIPlugin:80 - create IPUIPlugin
2026-06-22 07:27:06,969 [INFO] PluginManager:220 - loadIPPluginJar : add nvic
2026-06-22 07:27:06,980 [INFO] IPUIPlugin:80 - create IPUIPlugin
2026-06-22 07:27:06,980 [INFO] PluginManager:220 - loadIPPluginJar : add opamp
2026-06-22 07:27:06,991 [INFO] IPUIPlugin:80 - create IPUIPlugin
2026-06-22 07:27:06,991 [INFO] PluginManager:220 - loadIPPluginJar : add openamp
2026-06-22 07:27:07,001 [INFO] IPUIPlugin:80 - create IPUIPlugin
2026-06-22 07:27:07,002 [INFO] PluginManager:220 - loadIPPluginJar : add pdm2pcm
2026-06-22 07:27:07,020 [INFO] IPUIPlugin:80 - create IPUIPlugin
2026-06-22 07:27:07,029 [INFO] PluginManager:220 - loadIPPluginJar : add plateformsettings
2026-06-22 07:27:07,034 [INFO] IPUIPlugin:80 - create IPUIPlugin
2026-06-22 07:27:07,035 [INFO] PluginManager:220 - loadIPPluginJar : add quadspi
2026-06-22 07:27:07,041 [INFO] IPUIPlugin:80 - create IPUIPlugin
2026-06-22 07:27:07,043 [INFO] PluginManager:220 - loadIPPluginJar : add radio
2026-06-22 07:27:07,055 [INFO] IPUIPlugin:80 - create IPUIPlugin
2026-06-22 07:27:07,055 [INFO] PluginManager:220 - loadIPPluginJar : add resmgrutility
2026-06-22 07:27:07,064 [INFO] IPUIPlugin:80 - create IPUIPlugin
2026-06-22 07:27:07,065 [INFO] PluginManager:220 - loadIPPluginJar : add sai
2026-06-22 07:27:07,076 [INFO] IPUIPlugin:80 - create IPUIPlugin
2026-06-22 07:27:07,076 [INFO] PluginManager:220 - loadIPPluginJar : add spi
2026-06-22 07:27:07,099 [INFO] IPUIPlugin:80 - create IPUIPlugin
2026-06-22 07:27:07,099 [INFO] PluginManager:220 - loadIPPluginJar : add stm32_wpan
2026-06-22 07:27:07,105 [INFO] IPUIPlugin:80 - create IPUIPlugin
2026-06-22 07:27:07,106 [INFO] PluginManager:220 - loadIPPluginJar : add tim
2026-06-22 07:27:07,118 [INFO] IPUIPlugin:80 - create IPUIPlugin
2026-06-22 07:27:07,119 [INFO] PluginManager:220 - loadIPPluginJar : add touchsensing
2026-06-22 07:27:07,126 [INFO] IPUIPlugin:80 - create IPUIPlugin
2026-06-22 07:27:07,127 [INFO] PluginManager:220 - loadIPPluginJar : add tracer_emb
2026-06-22 07:27:07,134 [INFO] IPUIPlugin:80 - create IPUIPlugin
2026-06-22 07:27:07,134 [INFO] PluginManager:220 - loadIPPluginJar : add ts
2026-06-22 07:27:07,140 [INFO] IPUIPlugin:80 - create IPUIPlugin
2026-06-22 07:27:07,141 [INFO] PluginManager:220 - loadIPPluginJar : add tsc
2026-06-22 07:27:07,148 [INFO] IPUIPlugin:80 - create IPUIPlugin
2026-06-22 07:27:07,148 [INFO] PluginManager:220 - loadIPPluginJar : add ucpd
2026-06-22 07:27:07,156 [INFO] IPUIPlugin:80 - create IPUIPlugin
2026-06-22 07:27:07,157 [INFO] PluginManager:220 - loadIPPluginJar : add usart
2026-06-22 07:27:07,166 [INFO] IPUIPlugin:80 - create IPUIPlugin
2026-06-22 07:27:07,166 [INFO] PluginManager:220 - loadIPPluginJar : add usbx
2026-06-22 07:27:07,425 [FATAL] Updater:351 - Updater called before beeing initialized
2026-06-22 07:27:07,524 [INFO] RulesReader:64 - Compatibility file has been processed (317 Rules)
2026-06-22 07:27:07,608 [INFO] RulesReader:64 - Compatibility file has been processed (317 Rules)
2026-06-22 07:27:07,635 [INFO] CADModel:165 - CPN selected for project level
2026-06-22 07:27:07,636 [INFO] CADModel:114 - Register for checkConnection events
2026-06-22 07:27:07,636 [FATAL] Updater:351 - Updater called before beeing initialized
2026-06-22 07:27:07,637 [ERROR] CADModel:125 - Updater not yet initialized, retry later 
2026-06-22 07:27:07,797 [INFO] ThirdPartyUpdaterWithRetryManager:70 - Updater plugin not ready yet. [2/15]
2026-06-22 07:27:08,145 [FATAL] Updater:351 - Updater called before beeing initialized
2026-06-22 07:27:08,152 [INFO] CADModel:165 - CPN selected for project level
2026-06-22 07:27:08,152 [INFO] CADModel:114 - Register for checkConnection events
2026-06-22 07:27:08,153 [FATAL] Updater:351 - Updater called before beeing initialized
2026-06-22 07:27:08,153 [ERROR] CADModel:125 - Updater not yet initialized, retry later 
2026-06-22 07:27:08,162 [FATAL] Updater:351 - Updater called before beeing initialized
2026-06-22 07:27:08,526 [FATAL] Updater:351 - Updater called before beeing initialized
2026-06-22 07:27:08,542 [INFO] DbMcusAds:53 - JSON generation date=Thu May 28 19:08:17 EEST 2026 (1779984497073)
2026-06-22 07:27:08,543 [FATAL] Updater:351 - Updater called before beeing initialized
2026-06-22 07:27:08,672 [WARN] DetailPanel:346 - Failed to get advertising image, set to default
2026-06-22 07:27:08,952 [FATAL] Updater:351 - Updater called before beeing initialized
2026-06-22 07:27:08,958 [FATAL] Updater:351 - Updater called before beeing initialized
2026-06-22 07:27:08,958 [FATAL] Updater:351 - Updater called before beeing initialized
2026-06-22 07:27:08,959 [WARN] DetailPanel:346 - Failed to get advertising image, set to default
2026-06-22 07:27:08,961 [FATAL] Updater:351 - Updater called before beeing initialized
2026-06-22 07:27:09,108 [ERROR] Updater:1198 - MainUpdater not yet initialized. External WinMGr cannot be set.
2026-06-22 07:27:09,114 [INFO] Updater:1134 - Updater Version found : 6.15.0
2026-06-22 07:27:09,165 [INFO] ApplicationProperties:184 - Using Application install path: C:\ST\STM32CubeIDE_1.13.1\STM32CubeIDE\plugins\com.st.stm32cube.common.mx_6.15.0.202507011659
2026-06-22 07:27:10,783 [ERROR] LogOutputStream:75 - [STDERR_REDIRECT] Jun 22, 2026 7:27:10 AM java.util.prefs.WindowsPreferences <init>
2026-06-22 07:27:10,789 [ERROR] LogOutputStream:75 - [STDERR_REDIRECT] WARNING: Could not open/create prefs root node Software\JavaSoft\Prefs at root 0xffffffff80000002. Windows RegCreateKeyEx(...) returned error code 5.
2026-06-22 07:27:10,789 [ERROR] LogOutputStream:75 - [STDERR_REDIRECT] 
2026-06-22 07:27:10,799 [FATAL] Updater:351 - Updater called before beeing initialized
2026-06-22 07:27:10,800 [ERROR] IntegrityCheckThread:130 - Cannot retrieve database content from updater: error 21
2026-06-22 07:27:10,801 [INFO] ThirdParty:978 - Integrity check success = false
2026-06-22 07:27:10,801 [INFO] IntegrityCheckThread:100 - exiting critical section [integrity check]
2026-06-22 07:27:10,801 [INFO] IntegrityCheckThread:103 - End integrity checks thread
2026-06-22 07:27:11,614 [INFO] MainUpdater:2872 - connection check result : 22
2026-06-22 07:27:11,617 [INFO] MainUpdater:289 - Updater Check For Update Now.
2026-06-22 07:27:11,617 [INFO] MicroXplorer:498 - Change Database Version : DB.6.0.150
2026-06-22 07:27:11,646 [INFO] McuFinderGlobals:63 - Set McuFinder mode to 2 (CubeIDE integrated)
2026-06-22 07:27:11,649 [INFO] UserAuth:487 - Internet connection configuration mode: 2
2026-06-22 07:27:11,679 [INFO] UserAuth:487 - Internet connection configuration mode: 2
2026-06-22 07:27:12,047 [INFO] CheckServerUpdateThread:120 - End of CheckServer Thread
2026-06-22 07:34:41,120 [ERROR] LogOutputStream:75 - [STDERR_REDIRECT] 
