2023-09-26 13:08:08,334 [INFO] Activator:176 - 


2023-09-26 13:08:08,357 [INFO] Activator:177 - !SESSION log4j initialized
2023-09-26 13:08:14,701 [INFO] LogOutputStream:77 - [STDOUT_REDIRECT] 
2023-09-26 13:08:15,491 [ERROR] ConfigurationRetriever:142 - IOException on connection: sw-center.st.com
2023-09-26 13:08:15,493 [ERROR] ConfigurationRetriever:142 - IOException on connection: sw-center.st.com
2023-09-26 13:08:15,495 [ERROR] ConfigurationRetriever:142 - IOException on connection: sw-center.st.com
2023-09-26 13:08:19,319 [INFO] ApplicationProperties:184 - Using Application install path: C:\ST\STM32CubeIDE_1.13.1\STM32CubeIDE\plugins\com.st.stm32cube.common.mx_6.9.1.202307191849
2023-09-26 13:08:19,377 [INFO] DbMcusXml:78 - Set database path to: C:\ST\STM32CubeIDE_1.13.1\STM32CubeIDE\plugins\com.st.stm32cube.common.mx_6.9.1.202307191849\\db\/mcu/
2023-09-26 13:08:19,378 [INFO] ApiDb:274 - Set plugin database path to: C:\ST\STM32CubeIDE_1.13.1\STM32CubeIDE\plugins\com.st.stm32cube.common.mx_6.9.1.202307191849\\db\/plugins/boardmanager/
2023-09-26 13:08:19,379 [WARN] ApiDb:259 - Overriding images path with different value:  => C:\ST\STM32CubeIDE_1.13.1\STM32CubeIDE\plugins\com.st.stm32cube.common.mx_6.9.1.202307191849\\db\/plugins/mcufinder/images/
2023-09-26 13:08:19,421 [INFO] ApiDb:250 - Set database path to: C:\Users\brbar\.stmcufinder\plugins\mcufinder//mcu/
2023-09-26 13:08:19,425 [INFO] DbMcusAds:125 - Set database path to: C:\Users\brbar\.stmcufinder\plugins\mcufinder//mcu/
2023-09-26 13:08:19,434 [INFO] CrossReferenceDbSqlite:203 - Set database path to: C:\Users\brbar\.stmcufinder\plugins\mcufinder//mcu/cs/
2023-09-26 13:08:19,832 [INFO] RulesReader:64 - Compatibility file has been processed (293 Rules)
2023-09-26 13:08:20,149 [INFO] DbMcusXml:78 - Set database path to: C:\ST\STM32CubeIDE_1.13.1\STM32CubeIDE\plugins\com.st.stm32cube.common.mx_6.9.1.202307191849\\db\/mcu/
2023-09-26 13:08:20,150 [INFO] ApiDb:274 - Set plugin database path to: C:\ST\STM32CubeIDE_1.13.1\STM32CubeIDE\plugins\com.st.stm32cube.common.mx_6.9.1.202307191849\\db\/plugins/boardmanager/
2023-09-26 13:08:20,151 [INFO] ApiDb:261 - Set plugin images path to: C:\ST\STM32CubeIDE_1.13.1\STM32CubeIDE\plugins\com.st.stm32cube.common.mx_6.9.1.202307191849\\db\/plugins/mcufinder/images/
2023-09-26 13:08:20,152 [WARN] DbFile:41 - Overriding database path with different value: C:\Users\brbar\.stmcufinder\plugins\mcufinder/ => C:\Users\brbar\.stmcufinder\plugins\mcufinder
2023-09-26 13:08:20,152 [INFO] ApiDb:250 - Set database path to: C:\Users\brbar\.stmcufinder\plugins\mcufinder//mcu/
2023-09-26 13:08:20,152 [WARN] DbFile:41 - Overriding database path with different value: C:\Users\brbar\.stmcufinder\plugins\mcufinder/ => C:\Users\brbar\.stmcufinder\plugins\mcufinder
2023-09-26 13:08:20,152 [INFO] DbMcusAds:125 - Set database path to: C:\Users\brbar\.stmcufinder\plugins\mcufinder//mcu/
2023-09-26 13:08:20,153 [WARN] DbFile:41 - Overriding database path with different value: C:\Users\brbar\.stmcufinder\plugins\mcufinder/ => C:\Users\brbar\.stmcufinder\plugins\mcufinder
2023-09-26 13:08:20,153 [WARN] DbFile:41 - Overriding database path with different value: C:\Users\brbar\.stmcufinder\plugins\mcufinder/ => C:\Users\brbar\.stmcufinder\plugins\mcufinder
2023-09-26 13:08:20,153 [INFO] CrossReferenceDbSqlite:203 - Set database path to: C:\Users\brbar\.stmcufinder\plugins\mcufinder//mcu/cs/
2023-09-26 13:08:20,436 [INFO] MainPanel:262 - HeapMemory: 268435456
2023-09-26 13:08:20,716 [INFO] DbMcusXml:78 - Set database path to: C:\ST\STM32CubeIDE_1.13.1\STM32CubeIDE\plugins\com.st.stm32cube.common.mx_6.9.1.202307191849\\db\/mcu/
2023-09-26 13:08:20,717 [INFO] ApiDb:274 - Set plugin database path to: C:\ST\STM32CubeIDE_1.13.1\STM32CubeIDE\plugins\com.st.stm32cube.common.mx_6.9.1.202307191849\\db\/plugins/boardmanager/
2023-09-26 13:08:20,717 [INFO] ApiDb:261 - Set plugin images path to: C:\ST\STM32CubeIDE_1.13.1\STM32CubeIDE\plugins\com.st.stm32cube.common.mx_6.9.1.202307191849\\db\/plugins/mcufinder/images/
2023-09-26 13:08:20,719 [WARN] DbFile:41 - Overriding database path with different value: C:\Users\brbar\.stmcufinder\plugins\mcufinder/ => C:\Users\brbar\.stmcufinder\plugins\mcufinder
2023-09-26 13:08:20,719 [INFO] ApiDb:250 - Set database path to: C:\Users\brbar\.stmcufinder\plugins\mcufinder//mcu/
2023-09-26 13:08:20,719 [WARN] DbFile:41 - Overriding database path with different value: C:\Users\brbar\.stmcufinder\plugins\mcufinder/ => C:\Users\brbar\.stmcufinder\plugins\mcufinder
2023-09-26 13:08:20,720 [INFO] DbMcusAds:125 - Set database path to: C:\Users\brbar\.stmcufinder\plugins\mcufinder//mcu/
2023-09-26 13:08:20,720 [WARN] DbFile:41 - Overriding database path with different value: C:\Users\brbar\.stmcufinder\plugins\mcufinder/ => C:\Users\brbar\.stmcufinder\plugins\mcufinder
2023-09-26 13:08:20,720 [WARN] DbFile:41 - Overriding database path with different value: C:\Users\brbar\.stmcufinder\plugins\mcufinder/ => C:\Users\brbar\.stmcufinder\plugins\mcufinder
2023-09-26 13:08:20,720 [INFO] CrossReferenceDbSqlite:203 - Set database path to: C:\Users\brbar\.stmcufinder\plugins\mcufinder//mcu/cs/
2023-09-26 13:08:20,773 [INFO] ApplicationProperties:184 - Using Application install path: C:\ST\STM32CubeIDE_1.13.1\STM32CubeIDE\plugins\com.st.stm32cube.common.mx_6.9.1.202307191849
2023-09-26 13:08:20,778 [INFO] PluginManage:196 - Search for loadable plugins [exclusion list=, ]
2023-09-26 13:08:20,783 [INFO] PluginManage:310 - Check plugin analytics
2023-09-26 13:08:21,365 [INFO] AnalyticsPlugin:253 - Accepted Software Licenses: 
2023-09-26 13:08:21,365 [INFO] AnalyticsPlugin:255 - Accepted CMSIS Pack Licenses: 
2023-09-26 13:08:21,366 [INFO] AnalyticsPlugin:257 - Accepted Firmware Licenses: 
2023-09-26 13:08:21,374 [INFO] PluginManage:359 - Loaded plugin analytics (category:tool,tabindex:-1)
2023-09-26 13:08:21,375 [INFO] PluginManage:310 - Check plugin cadmodel
2023-09-26 13:08:21,376 [ERROR] ConfigurationRetriever:142 - IOException on connection: sw-center.st.com
2023-09-26 13:08:21,377 [ERROR] ConfigurationRetriever:142 - IOException on connection: sw-center.st.com
2023-09-26 13:08:21,379 [ERROR] ConfigurationRetriever:142 - IOException on connection: sw-center.st.com
2023-09-26 13:08:21,393 [INFO] CADModel:105 - Init CAD model plugin
2023-09-26 13:08:21,393 [INFO] PluginManage:359 - Loaded plugin cadmodel (category:power,tabindex:5)
2023-09-26 13:08:21,394 [INFO] PluginManage:310 - Check plugin clock
2023-09-26 13:08:21,431 [INFO] PluginManage:359 - Loaded plugin clock (category:base,tabindex:2)
2023-09-26 13:08:21,431 [INFO] PluginManage:310 - Check plugin ddr
2023-09-26 13:08:21,440 [INFO] PluginManage:359 - Loaded plugin ddr (category:tool,tabindex:6)
2023-09-26 13:08:21,441 [INFO] PluginManage:310 - Check plugin filemanager
2023-09-26 13:08:21,862 [INFO] PluginManage:359 - Loaded plugin filemanager (category:base,tabindex:10)
2023-09-26 13:08:21,862 [INFO] PluginManage:310 - Check plugin ipmanager
2023-09-26 13:08:21,884 [INFO] PluginManage:359 - Loaded plugin ipmanager (category:base,tabindex:5)
2023-09-26 13:08:21,885 [INFO] PluginManage:310 - Check plugin lpbam
2023-09-26 13:08:21,913 [INFO] PluginManage:359 - Loaded plugin lpbam (category:base,tabindex:0)
2023-09-26 13:08:21,914 [INFO] PluginManage:310 - Check plugin memorymap
2023-09-26 13:08:21,960 [INFO] PluginManage:359 - Loaded plugin memorymap (category:base,tabindex:4)
2023-09-26 13:08:21,960 [INFO] PluginManage:310 - Check plugin pinoutandconfiguration
2023-09-26 13:08:21,986 [INFO] PluginManage:359 - Loaded plugin pinoutandconfiguration (category:base,tabindex:1)
2023-09-26 13:08:21,987 [INFO] PluginManage:310 - Check plugin pinoutconfig
2023-09-26 13:08:22,248 [WARN] SupportedApi:132 - Cannot load RTOS API schema: s4s-elt-must-match.1: The content of 'definitions' must match (annotation?, (simpleType | complexType)?, (unique | key | keyref)*)). A problem was found starting at: attribute.
2023-09-26 13:08:22,720 [INFO] PluginManage:359 - Loaded plugin pinoutconfig (category:base,tabindex:0)
2023-09-26 13:08:22,721 [INFO] PluginManage:310 - Check plugin power
2023-09-26 13:08:22,757 [INFO] PluginManage:359 - Loaded plugin power (category:power,tabindex:4)
2023-09-26 13:08:22,758 [INFO] PluginManage:310 - Check plugin projectmanager
2023-09-26 13:08:22,807 [INFO] PluginManage:359 - Loaded plugin projectmanager (category:projectmanager,tabindex:3)
2023-09-26 13:08:22,807 [INFO] PluginManage:310 - Check plugin thirdparty
2023-09-26 13:08:23,249 [INFO] PluginManage:359 - Loaded plugin thirdparty (category:base,tabindex:-1)
2023-09-26 13:08:23,249 [WARN] IntegrityCheckThread:84 - waiting for thirdparty lock release [integrity check]
2023-09-26 13:08:23,250 [INFO] PluginManage:310 - Check plugin tools
2023-09-26 13:08:23,251 [INFO] IntegrityCheckThread:86 - entering critical section [integrity check]
2023-09-26 13:08:23,253 [INFO] ThirdPartyUpdaterWithRetryManager:70 - Updater plugin not ready yet. [1/15]
2023-09-26 13:08:23,260 [INFO] PluginManage:359 - Loaded plugin tools (category:base,tabindex:7)
2023-09-26 13:08:23,260 [INFO] PluginManage:310 - Check plugin tutovideos
2023-09-26 13:08:23,848 [INFO] PluginManage:359 - Loaded plugin tutovideos (category:base,tabindex:-1)
2023-09-26 13:08:23,849 [INFO] PluginManage:310 - Check plugin updater
2023-09-26 13:08:23,884 [INFO] PluginManage:359 - Loaded plugin updater (category:base,tabindex:12)
2023-09-26 13:08:23,885 [INFO] PluginManage:310 - Check plugin userauth
2023-09-26 13:08:23,904 [INFO] UserAuth:113 - Init User Auth plugin
2023-09-26 13:08:23,904 [INFO] PluginManage:359 - Loaded plugin userauth (category:base,tabindex:14)
2023-09-26 13:08:23,906 [INFO] PluginManage:283 - PluginManage : Loaded plugins [17]
2023-09-26 13:08:24,635 [INFO] PinOutPanel:1499 - setPackage(No Configuration,No Configuration)
2023-09-26 13:08:24,990 [INFO] CADModel:165 - CPN selected for project level
2023-09-26 13:08:24,990 [INFO] CADModel:114 - Register for checkConnection events
2023-09-26 13:08:25,045 [INFO] IPUIPlugin:80 - create IPUIPlugin
2023-09-26 13:08:25,046 [INFO] PluginManager:220 - loadIPPluginJar : add adc
2023-09-26 13:08:25,055 [INFO] IPUIPlugin:80 - create IPUIPlugin
2023-09-26 13:08:25,056 [INFO] PluginManager:220 - loadIPPluginJar : add aes
2023-09-26 13:08:25,063 [INFO] IPUIPlugin:80 - create IPUIPlugin
2023-09-26 13:08:25,064 [INFO] PluginManager:220 - loadIPPluginJar : add can
2023-09-26 13:08:25,070 [INFO] IPUIPlugin:80 - create IPUIPlugin
2023-09-26 13:08:25,070 [INFO] PluginManager:220 - loadIPPluginJar : add comp
2023-09-26 13:08:25,078 [INFO] IPUIPlugin:80 - create IPUIPlugin
2023-09-26 13:08:25,078 [INFO] PluginManager:220 - loadIPPluginJar : add cryp
2023-09-26 13:08:25,086 [INFO] IPUIPlugin:80 - create IPUIPlugin
2023-09-26 13:08:25,087 [INFO] PluginManager:220 - loadIPPluginJar : add dfsdm
2023-09-26 13:08:25,103 [INFO] IPUIPlugin:80 - create IPUIPlugin
2023-09-26 13:08:25,105 [INFO] PluginManager:220 - loadIPPluginJar : add dma
2023-09-26 13:08:25,113 [INFO] IPUIPlugin:80 - create IPUIPlugin
2023-09-26 13:08:25,113 [INFO] PluginManager:220 - loadIPPluginJar : add dma3
2023-09-26 13:08:25,119 [INFO] IPUIPlugin:80 - create IPUIPlugin
2023-09-26 13:08:25,120 [INFO] PluginManager:220 - loadIPPluginJar : add fatfs
2023-09-26 13:08:25,132 [INFO] IPUIPlugin:80 - create IPUIPlugin
2023-09-26 13:08:25,132 [INFO] PluginManager:220 - loadIPPluginJar : add fmc
2023-09-26 13:08:25,146 [INFO] IPUIPlugin:80 - create IPUIPlugin
2023-09-26 13:08:25,147 [INFO] PluginManager:220 - loadIPPluginJar : add freertos
2023-09-26 13:08:25,152 [INFO] IPUIPlugin:80 - create IPUIPlugin
2023-09-26 13:08:25,152 [INFO] PluginManager:220 - loadIPPluginJar : add genericplugin
2023-09-26 13:08:25,158 [INFO] IPUIPlugin:80 - create IPUIPlugin
2023-09-26 13:08:25,158 [INFO] PluginManager:220 - loadIPPluginJar : add gfxmmu
2023-09-26 13:08:25,171 [INFO] IPUIPlugin:80 - create IPUIPlugin
2023-09-26 13:08:25,171 [INFO] PluginManager:220 - loadIPPluginJar : add gic
2023-09-26 13:08:25,180 [INFO] IPUIPlugin:80 - create IPUIPlugin
2023-09-26 13:08:25,181 [INFO] PluginManager:220 - loadIPPluginJar : add gpio
2023-09-26 13:08:25,192 [INFO] IPUIPlugin:80 - create IPUIPlugin
2023-09-26 13:08:25,193 [INFO] PluginManager:220 - loadIPPluginJar : add gtzc
2023-09-26 13:08:25,199 [INFO] IPUIPlugin:80 - create IPUIPlugin
2023-09-26 13:08:25,199 [INFO] PluginManager:220 - loadIPPluginJar : add hash
2023-09-26 13:08:25,208 [INFO] IPUIPlugin:80 - create IPUIPlugin
2023-09-26 13:08:25,209 [INFO] PluginManager:220 - loadIPPluginJar : add i2c
2023-09-26 13:08:25,218 [INFO] IPUIPlugin:80 - create IPUIPlugin
2023-09-26 13:08:25,219 [INFO] PluginManager:220 - loadIPPluginJar : add i2s
2023-09-26 13:08:25,227 [INFO] IPUIPlugin:80 - create IPUIPlugin
2023-09-26 13:08:25,227 [INFO] PluginManager:220 - loadIPPluginJar : add i3c
2023-09-26 13:08:25,235 [INFO] IPUIPlugin:80 - create IPUIPlugin
2023-09-26 13:08:25,236 [INFO] PluginManager:220 - loadIPPluginJar : add ipddr
2023-09-26 13:08:25,253 [INFO] IPUIPlugin:80 - create IPUIPlugin
2023-09-26 13:08:25,253 [INFO] PluginManager:220 - loadIPPluginJar : add linkedlist
2023-09-26 13:08:25,261 [INFO] IPUIPlugin:80 - create IPUIPlugin
2023-09-26 13:08:25,261 [INFO] PluginManager:220 - loadIPPluginJar : add lorawan
2023-09-26 13:08:25,266 [INFO] IPUIPlugin:80 - create IPUIPlugin
2023-09-26 13:08:25,267 [INFO] PluginManager:220 - loadIPPluginJar : add ltdc
2023-09-26 13:08:25,283 [INFO] IPUIPlugin:80 - create IPUIPlugin
2023-09-26 13:08:25,283 [INFO] PluginManager:220 - loadIPPluginJar : add mdma
2023-09-26 13:08:25,293 [INFO] IPUIPlugin:80 - create IPUIPlugin
2023-09-26 13:08:25,293 [INFO] PluginManager:220 - loadIPPluginJar : add nvic
2023-09-26 13:08:25,302 [INFO] IPUIPlugin:80 - create IPUIPlugin
2023-09-26 13:08:25,303 [INFO] PluginManager:220 - loadIPPluginJar : add opamp
2023-09-26 13:08:25,310 [INFO] IPUIPlugin:80 - create IPUIPlugin
2023-09-26 13:08:25,312 [INFO] PluginManager:220 - loadIPPluginJar : add openamp
2023-09-26 13:08:25,324 [INFO] IPUIPlugin:80 - create IPUIPlugin
2023-09-26 13:08:25,324 [INFO] PluginManager:220 - loadIPPluginJar : add pdm2pcm
2023-09-26 13:08:25,343 [INFO] IPUIPlugin:80 - create IPUIPlugin
2023-09-26 13:08:25,349 [INFO] PluginManager:220 - loadIPPluginJar : add plateformsettings
2023-09-26 13:08:25,354 [INFO] IPUIPlugin:80 - create IPUIPlugin
2023-09-26 13:08:25,354 [INFO] PluginManager:220 - loadIPPluginJar : add quadspi
2023-09-26 13:08:25,367 [INFO] IPUIPlugin:80 - create IPUIPlugin
2023-09-26 13:08:25,368 [INFO] PluginManager:220 - loadIPPluginJar : add resmgrutility
2023-09-26 13:08:25,378 [INFO] IPUIPlugin:80 - create IPUIPlugin
2023-09-26 13:08:25,379 [INFO] PluginManager:220 - loadIPPluginJar : add sai
2023-09-26 13:08:25,388 [INFO] IPUIPlugin:80 - create IPUIPlugin
2023-09-26 13:08:25,389 [INFO] PluginManager:220 - loadIPPluginJar : add spi
2023-09-26 13:08:25,403 [INFO] IPUIPlugin:80 - create IPUIPlugin
2023-09-26 13:08:25,403 [INFO] PluginManager:220 - loadIPPluginJar : add stm32_wpan
2023-09-26 13:08:25,409 [INFO] IPUIPlugin:80 - create IPUIPlugin
2023-09-26 13:08:25,409 [INFO] PluginManager:220 - loadIPPluginJar : add tim
2023-09-26 13:08:25,419 [INFO] IPUIPlugin:80 - create IPUIPlugin
2023-09-26 13:08:25,420 [INFO] PluginManager:220 - loadIPPluginJar : add touchsensing
2023-09-26 13:08:25,427 [INFO] IPUIPlugin:80 - create IPUIPlugin
2023-09-26 13:08:25,428 [INFO] PluginManager:220 - loadIPPluginJar : add tracer_emb
2023-09-26 13:08:25,433 [INFO] IPUIPlugin:80 - create IPUIPlugin
2023-09-26 13:08:25,434 [INFO] PluginManager:220 - loadIPPluginJar : add ts
2023-09-26 13:08:25,438 [INFO] IPUIPlugin:80 - create IPUIPlugin
2023-09-26 13:08:25,438 [INFO] PluginManager:220 - loadIPPluginJar : add tsc
2023-09-26 13:08:25,443 [INFO] IPUIPlugin:80 - create IPUIPlugin
2023-09-26 13:08:25,444 [INFO] PluginManager:220 - loadIPPluginJar : add ucpd
2023-09-26 13:08:25,452 [INFO] IPUIPlugin:80 - create IPUIPlugin
2023-09-26 13:08:25,453 [INFO] PluginManager:220 - loadIPPluginJar : add usart
2023-09-26 13:08:25,461 [INFO] IPUIPlugin:80 - create IPUIPlugin
2023-09-26 13:08:25,461 [INFO] PluginManager:220 - loadIPPluginJar : add usbx
2023-09-26 13:08:25,710 [INFO] CADModel:165 - CPN selected for project level
2023-09-26 13:08:25,711 [INFO] CADModel:114 - Register for checkConnection events
2023-09-26 13:08:25,711 [FATAL] Updater:308 - Updater called before beeing initialized
2023-09-26 13:08:25,711 [ERROR] CADModel:125 - Updater not yet initialized, retry later 
2023-09-26 13:08:26,099 [INFO] CADModel:165 - CPN selected for project level
2023-09-26 13:08:26,099 [INFO] CADModel:114 - Register for checkConnection events
2023-09-26 13:08:26,099 [FATAL] Updater:308 - Updater called before beeing initialized
2023-09-26 13:08:26,099 [ERROR] CADModel:125 - Updater not yet initialized, retry later 
2023-09-26 13:08:26,107 [FATAL] Updater:308 - Updater called before beeing initialized
2023-09-26 13:08:26,265 [INFO] ThirdPartyUpdaterWithRetryManager:70 - Updater plugin not ready yet. [2/15]
2023-09-26 13:08:26,452 [FATAL] Updater:308 - Updater called before beeing initialized
2023-09-26 13:08:26,475 [INFO] DbMcusAds:53 - JSON generation date=Tue Mar 07 10:50:55 EET 2023 (1678179055335)
2023-09-26 13:08:26,476 [FATAL] Updater:308 - Updater called before beeing initialized
2023-09-26 13:08:26,657 [WARN] DetailPanel:346 - Failed to get advertising image, set to default
2023-09-26 13:08:26,978 [FATAL] Updater:308 - Updater called before beeing initialized
2023-09-26 13:08:26,985 [FATAL] Updater:308 - Updater called before beeing initialized
2023-09-26 13:08:26,985 [FATAL] Updater:308 - Updater called before beeing initialized
2023-09-26 13:08:26,986 [WARN] DetailPanel:346 - Failed to get advertising image, set to default
2023-09-26 13:08:26,988 [FATAL] Updater:308 - Updater called before beeing initialized
2023-09-26 13:08:27,164 [ERROR] Updater:1120 - MainUpdater not yet initialized. External WinMGr cannot be set.
2023-09-26 13:08:27,173 [INFO] Updater:1056 - Updater Version found : 6.9.1
2023-09-26 13:08:27,238 [INFO] ApplicationProperties:184 - Using Application install path: C:\ST\STM32CubeIDE_1.13.1\STM32CubeIDE\plugins\com.st.stm32cube.common.mx_6.9.1.202307191849
2023-09-26 13:08:27,525 [ERROR] ServerAccessManage:1146 - Warning during Server Connection :  Unknown host sw-center.st.com
2023-09-26 13:08:27,535 [INFO] MainUpdater:2868 - connection check result : 22
2023-09-26 13:08:27,536 [INFO] MainUpdater:285 - Updater Check For Update Now.
2023-09-26 13:08:27,537 [INFO] MicroXplorer:498 - Change Database Version : DB.6.0.91
2023-09-26 13:08:27,559 [INFO] McuFinderGlobals:63 - Set McuFinder mode to 2 (CubeIDE integrated)
2023-09-26 13:08:27,858 [INFO] CheckServerUpdateThread:120 - End of CheckServer Thread
2023-09-26 13:08:29,857 [WARN] PackLoader:240 - Cannot read IP mode file for STMicroelectronics.X-CUBE-SMBUS.2.1.0
2023-09-26 13:08:29,987 [WARN] PackLoader:240 - Cannot read IP mode file for STMicroelectronics.X-CUBE-AZRTOS-F7.1.1.0
2023-09-26 13:08:30,039 [WARN] PackLoader:240 - Cannot read IP mode file for STMicroelectronics.FP-SNS-MOTENV1.4.3.2
2023-09-26 13:08:30,062 [WARN] PackLoader:240 - Cannot read IP mode file for STMicroelectronics.FP-SNS-FLIGHT1.5.0.2
2023-09-26 13:08:30,094 [WARN] PackLoader:240 - Cannot read IP mode file for STMicroelectronics.X-CUBE-DISPLAY.3.0.0
2023-09-26 13:08:30,148 [WARN] PackLoader:240 - Cannot read IP mode file for STMicroelectronics.X-CUBE-BLE1.7.0.0
2023-09-26 13:08:30,167 [WARN] PackLoader:240 - Cannot read IP mode file for emotas.I-CUBE-CANOPEN.1.3.0
2023-09-26 13:08:30,184 [WARN] PackLoader:240 - Cannot read IP mode file for STMicroelectronics.X-CUBE-TOUCHGFX.4.22.0
2023-09-26 13:08:30,202 [WARN] PackLoader:240 - Cannot read IP mode file for STMicroelectronics.FP-SNS-SMARTAG2.1.2.0
2023-09-26 13:08:30,249 [INFO] LogOutputStream:77 - [STDOUT_REDIRECT] 1 : Invalid condition id : UX_CORESTACK_Condition cause : null
2023-09-26 13:08:30,250 [INFO] LogOutputStream:77 - [STDOUT_REDIRECT] 1 : Invalid condition id : UX_CORESTACK_Condition cause : null
2023-09-26 13:08:30,255 [INFO] LogOutputStream:77 - [STDOUT_REDIRECT] 1 : Invalid condition id : UX_CORESTACK_Condition cause : null
2023-09-26 13:08:30,259 [INFO] LogOutputStream:77 - [STDOUT_REDIRECT] 1 : Invalid condition id : UX_CORESTACK_Condition cause : null
2023-09-26 13:08:30,263 [INFO] LogOutputStream:77 - [STDOUT_REDIRECT] 1 : Invalid condition id : UX_CORESTACK_Condition cause : null
2023-09-26 13:08:30,283 [WARN] PackLoader:240 - Cannot read IP mode file for STMicroelectronics.X-CUBE-AZRTOS-WL.2.0.0
2023-09-26 13:08:30,322 [WARN] PackLoader:240 - Cannot read IP mode file for WES.I-CUBE-Cesium.1.3.0
2023-09-26 13:08:30,336 [WARN] PackLoader:240 - Cannot read IP mode file for STMicroelectronics.X-CUBE-BLE2.3.3.0
2023-09-26 13:08:30,363 [WARN] PackLoader:240 - Cannot read IP mode file for STMicroelectronics.X-CUBE-ALGOBUILD.1.3.0
2023-09-26 13:08:30,428 [WARN] PackLoader:240 - Cannot read IP mode file for STMicroelectronics.X-CUBE-AZRTOS-G0.1.1.0
2023-09-26 13:08:30,455 [WARN] PackLoader:240 - Cannot read IP mode file for STMicroelectronics.X-CUBE-NFC4.3.0.0
2023-09-26 13:08:30,470 [WARN] PackLoader:240 - Cannot read IP mode file for STMicroelectronics.FP-ATR-SIGFOX1.3.2.0
2023-09-26 13:08:30,625 [WARN] PackLoader:240 - Cannot read IP mode file for SEGGER.I-CUBE-embOS.1.3.1
2023-09-26 13:08:30,753 [WARN] PackLoader:240 - Cannot read IP mode file for STMicroelectronics.X-CUBE-GNSS1.6.0.0
2023-09-26 13:08:30,810 [WARN] PackLoader:240 - Cannot read IP mode file for STMicroelectronics.X-CUBE-AZRTOS-F4.1.1.0
2023-09-26 13:08:30,833 [WARN] PackLoader:240 - Cannot read IP mode file for wolfSSL.I-CUBE-wolfSSL.5.6.3
2023-09-26 13:08:30,880 [WARN] PackLoader:240 - Cannot read IP mode file for STMicroelectronics.X-CUBE-AZRTOS-L5.2.0.0
2023-09-26 13:08:31,002 [WARN] PackLoader:240 - Cannot read IP mode file for STMicroelectronics.X-CUBE-MEMS1.9.6.0
2023-09-26 13:08:31,464 [WARN] PackLoader:240 - Cannot read IP mode file for STMicroelectronics.X-CUBE-BLEMGR.2.0.0
2023-09-26 13:08:31,539 [WARN] ConditionMgr:438 - getConditionDescription Invalid condition id : UX DEVICE CLASS RTOS Condition cause : null
2023-09-26 13:08:31,540 [WARN] ConditionMgr:438 - getConditionDescription Invalid condition id : UX DEVICE CLASS RTOS Condition cause : null
2023-09-26 13:08:31,552 [WARN] PackLoader:240 - Cannot read IP mode file for STMicroelectronics.X-CUBE-AZRTOS-H7.3.1.0
2023-09-26 13:08:31,555 [WARN] ConditionMgr:1039 - genDependencies : Invalid condition id : UX DEVICE CLASS RTOS Condition cause : null
2023-09-26 13:08:31,556 [WARN] ConditionMgr:1039 - genDependencies : Invalid condition id : UX DEVICE CLASS RTOS Condition cause : null
2023-09-26 13:08:31,558 [WARN] ConditionMgr:1039 - genDependencies : Invalid condition id : UX DEVICE CLASS RTOS Condition cause : null
2023-09-26 13:08:31,560 [WARN] ConditionMgr:1039 - genDependencies : Invalid condition id : UX DEVICE CLASS RTOS Condition cause : null
2023-09-26 13:08:31,560 [WARN] ConditionMgr:1039 - genDependencies : Invalid condition id : UX DEVICE CLASS RTOS Condition cause : null
2023-09-26 13:08:31,579 [WARN] PackLoader:240 - Cannot read IP mode file for STMicroelectronics.X-CUBE-NFC7.1.0.1
2023-09-26 13:08:31,605 [WARN] PackLoader:240 - Cannot read IP mode file for STMicroelectronics.X-CUBE-NFC6.3.0.0
2023-09-26 13:08:31,632 [WARN] PackLoader:240 - Cannot read IP mode file for STMicroelectronics.X-CUBE-EEPRMA1.4.1.0
2023-09-26 13:08:31,644 [WARN] PackLoader:240 - Cannot read IP mode file for STMicroelectronics.X-CUBE-AI.8.1.0
2023-09-26 13:08:31,692 [WARN] ConditionMgr:438 - getConditionDescription Invalid condition id : LAN8742 Phy interface Condition cause : null
2023-09-26 13:08:31,694 [WARN] PackLoader:240 - Cannot read IP mode file for STMicroelectronics.X-CUBE-AZRTOS-L4.2.0.0
2023-09-26 13:08:31,698 [WARN] ConditionMgr:1039 - genDependencies : Invalid condition id : LAN8742 Phy interface Condition cause : null
2023-09-26 13:08:31,699 [WARN] ConditionMgr:1039 - genDependencies : Invalid condition id : LAN8742 Phy interface Condition cause : null
2023-09-26 13:08:31,700 [WARN] ConditionMgr:1039 - genDependencies : Invalid condition id : LAN8742 Phy interface Condition cause : null
2023-09-26 13:08:31,724 [WARN] PackLoader:240 - Cannot read IP mode file for STMicroelectronics.X-CUBE-SFXS2LP1.4.0.0
2023-09-26 13:08:31,743 [WARN] PackLoader:240 - Cannot read IP mode file for STMicroelectronics.X-CUBE-ISPU.1.1.0
2023-09-26 13:08:31,783 [WARN] ConditionMgr:438 - getConditionDescription Invalid condition id : UX DEVICE CLASS RTOS Condition cause : null
2023-09-26 13:08:31,784 [WARN] ConditionMgr:438 - getConditionDescription Invalid condition id : UX DEVICE CLASS RTOS Condition cause : null
2023-09-26 13:08:31,790 [WARN] PackLoader:240 - Cannot read IP mode file for STMicroelectronics.X-CUBE-AZRTOS-WB.2.0.0
2023-09-26 13:08:31,792 [WARN] ConditionMgr:1039 - genDependencies : Invalid condition id : UX DEVICE CLASS RTOS Condition cause : null
2023-09-26 13:08:31,792 [WARN] ConditionMgr:1039 - genDependencies : Invalid condition id : UX DEVICE CLASS RTOS Condition cause : null
2023-09-26 13:08:31,794 [WARN] ConditionMgr:1039 - genDependencies : Invalid condition id : UX DEVICE CLASS RTOS Condition cause : null
2023-09-26 13:08:31,795 [WARN] ConditionMgr:1039 - genDependencies : Invalid condition id : UX DEVICE CLASS RTOS Condition cause : null
2023-09-26 13:08:31,796 [WARN] ConditionMgr:1039 - genDependencies : Invalid condition id : UX DEVICE CLASS RTOS Condition cause : null
2023-09-26 13:08:31,825 [WARN] PackLoader:240 - Cannot read IP mode file for STMicroelectronics.X-CUBE-SUBG2.5.0.0
2023-09-26 13:08:31,865 [WARN] PackLoader:240 - Cannot read IP mode file for STMicroelectronics.X-CUBE-TOF1.3.3.1
2023-09-26 13:08:31,930 [WARN] PackLoader:240 - Cannot read IP mode file for STMicroelectronics.X-CUBE-AZRTOS-G4.2.0.0
2023-09-26 13:08:31,947 [WARN] PackLoader:240 - Cannot read IP mode file for STMicroelectronics.X-CUBE-FREERTOS.1.1.0
2023-09-26 13:08:31,966 [WARN] PackLoader:240 - Cannot read IP mode file for portGmbH.I-Cube-SoM-uGOAL.1.1.0
2023-09-26 13:08:31,976 [WARN] PackLoader:240 - Cannot read IP mode file for STMicroelectronics.X-CUBE-ALS.1.0.1
2023-09-26 13:08:31,989 [WARN] PackLoader:240 - Cannot read IP mode file for STMicroelectronics.FP-ATR-ASTRA1.2.0.0
2023-09-26 13:08:31,992 [INFO] ThirdParty:978 - Integrity check success = true
2023-09-26 13:08:31,993 [INFO] IntegrityCheckThread:100 - exiting critical section [integrity check]
2023-09-26 13:08:31,993 [INFO] IntegrityCheckThread:103 - End integrity checks thread
2023-09-26 13:08:49,531 [ERROR] LogOutputStream:75 - [STDERR_REDIRECT] SLF4J: Failed to load class "org.slf4j.impl.StaticLoggerBinder".
2023-09-26 13:08:49,533 [ERROR] LogOutputStream:75 - [STDERR_REDIRECT] SLF4J: Defaulting to no-operation (NOP) logger implementation
2023-09-26 13:08:49,538 [ERROR] LogOutputStream:75 - [STDERR_REDIRECT] SLF4J: See http://www.slf4j.org/codes.html#StaticLoggerBinder for further details.
2023-09-26 14:02:42,440 [ERROR] ConfigurationRetriever:142 - IOException on connection: sw-center.st.com
2023-09-26 14:02:42,443 [ERROR] ConfigurationRetriever:142 - IOException on connection: sw-center.st.com
2023-09-26 14:02:42,444 [ERROR] ConfigurationRetriever:142 - IOException on connection: sw-center.st.com
