2026-05-27 18:15:13,783 [ERROR] LogOutputStream:75 - [STDERR_REDIRECT] 
2026-05-27 18:34:24,410 [INFO] Activator:176 - 


2026-05-27 18:34:24,413 [INFO] Activator:177 - !SESSION log4j initialized
2026-05-27 18:34:32,863 [INFO] LogOutputStream:77 - [STDOUT_REDIRECT] 
2026-05-27 18:34:38,885 [INFO] ApplicationProperties:184 - Using Application install path: C:\ST\STM32CubeIDE_1.13.1\STM32CubeIDE\plugins\com.st.stm32cube.common.mx_6.15.0.202507011659
2026-05-27 18:34:38,915 [INFO] DbMcusXml:78 - Set database path to: C:\ST\STM32CubeIDE_1.13.1\STM32CubeIDE\plugins\com.st.stm32cube.common.mx_6.15.0.202507011659\\db\/mcu/
2026-05-27 18:34:38,916 [INFO] ApiDb:274 - Set plugin database path to: C:\ST\STM32CubeIDE_1.13.1\STM32CubeIDE\plugins\com.st.stm32cube.common.mx_6.15.0.202507011659\\db\/plugins/boardmanager/
2026-05-27 18:34:38,916 [WARN] ApiDb:259 - Overriding images path with different value:  => C:\ST\STM32CubeIDE_1.13.1\STM32CubeIDE\plugins\com.st.stm32cube.common.mx_6.15.0.202507011659\\db\/plugins/mcufinder/images/
2026-05-27 18:34:38,928 [INFO] ApiDb:250 - Set database path to: C:\Users\brbar\.stmcufinder\plugins\mcufinder//mcu/
2026-05-27 18:34:38,930 [INFO] DbMcusAds:125 - Set database path to: C:\Users\brbar\.stmcufinder\plugins\mcufinder//mcu/
2026-05-27 18:34:38,933 [INFO] CrossReferenceDbSqlite:203 - Set database path to: C:\Users\brbar\.stmcufinder\plugins\mcufinder//mcu/cs/
2026-05-27 18:34:39,102 [INFO] RulesReader:64 - Compatibility file has been processed (317 Rules)
2026-05-27 18:34:39,255 [INFO] DbMcusXml:78 - Set database path to: C:\ST\STM32CubeIDE_1.13.1\STM32CubeIDE\plugins\com.st.stm32cube.common.mx_6.15.0.202507011659\\db\/mcu/
2026-05-27 18:34:39,255 [INFO] ApiDb:274 - Set plugin database path to: C:\ST\STM32CubeIDE_1.13.1\STM32CubeIDE\plugins\com.st.stm32cube.common.mx_6.15.0.202507011659\\db\/plugins/boardmanager/
2026-05-27 18:34:39,255 [INFO] ApiDb:261 - Set plugin images path to: C:\ST\STM32CubeIDE_1.13.1\STM32CubeIDE\plugins\com.st.stm32cube.common.mx_6.15.0.202507011659\\db\/plugins/mcufinder/images/
2026-05-27 18:34:39,255 [WARN] DbFile:41 - Overriding database path with different value: C:\Users\brbar\.stmcufinder\plugins\mcufinder/ => C:\Users\brbar\.stmcufinder\plugins\mcufinder
2026-05-27 18:34:39,255 [INFO] ApiDb:250 - Set database path to: C:\Users\brbar\.stmcufinder\plugins\mcufinder//mcu/
2026-05-27 18:34:39,255 [WARN] DbFile:41 - Overriding database path with different value: C:\Users\brbar\.stmcufinder\plugins\mcufinder/ => C:\Users\brbar\.stmcufinder\plugins\mcufinder
2026-05-27 18:34:39,256 [INFO] DbMcusAds:125 - Set database path to: C:\Users\brbar\.stmcufinder\plugins\mcufinder//mcu/
2026-05-27 18:34:39,256 [WARN] DbFile:41 - Overriding database path with different value: C:\Users\brbar\.stmcufinder\plugins\mcufinder/ => C:\Users\brbar\.stmcufinder\plugins\mcufinder
2026-05-27 18:34:39,256 [WARN] DbFile:41 - Overriding database path with different value: C:\Users\brbar\.stmcufinder\plugins\mcufinder/ => C:\Users\brbar\.stmcufinder\plugins\mcufinder
2026-05-27 18:34:39,256 [INFO] CrossReferenceDbSqlite:203 - Set database path to: C:\Users\brbar\.stmcufinder\plugins\mcufinder//mcu/cs/
2026-05-27 18:34:39,402 [INFO] MainPanel:274 - HeapMemory: 268435456
2026-05-27 18:34:39,707 [INFO] DbMcusXml:78 - Set database path to: C:\ST\STM32CubeIDE_1.13.1\STM32CubeIDE\plugins\com.st.stm32cube.common.mx_6.15.0.202507011659\\db\/mcu/
2026-05-27 18:34:39,708 [INFO] ApiDb:274 - Set plugin database path to: C:\ST\STM32CubeIDE_1.13.1\STM32CubeIDE\plugins\com.st.stm32cube.common.mx_6.15.0.202507011659\\db\/plugins/boardmanager/
2026-05-27 18:34:39,708 [INFO] ApiDb:261 - Set plugin images path to: C:\ST\STM32CubeIDE_1.13.1\STM32CubeIDE\plugins\com.st.stm32cube.common.mx_6.15.0.202507011659\\db\/plugins/mcufinder/images/
2026-05-27 18:34:39,709 [WARN] DbFile:41 - Overriding database path with different value: C:\Users\brbar\.stmcufinder\plugins\mcufinder/ => C:\Users\brbar\.stmcufinder\plugins\mcufinder
2026-05-27 18:34:39,709 [INFO] ApiDb:250 - Set database path to: C:\Users\brbar\.stmcufinder\plugins\mcufinder//mcu/
2026-05-27 18:34:39,709 [WARN] DbFile:41 - Overriding database path with different value: C:\Users\brbar\.stmcufinder\plugins\mcufinder/ => C:\Users\brbar\.stmcufinder\plugins\mcufinder
2026-05-27 18:34:39,709 [INFO] DbMcusAds:125 - Set database path to: C:\Users\brbar\.stmcufinder\plugins\mcufinder//mcu/
2026-05-27 18:34:39,709 [WARN] DbFile:41 - Overriding database path with different value: C:\Users\brbar\.stmcufinder\plugins\mcufinder/ => C:\Users\brbar\.stmcufinder\plugins\mcufinder
2026-05-27 18:34:39,709 [WARN] DbFile:41 - Overriding database path with different value: C:\Users\brbar\.stmcufinder\plugins\mcufinder/ => C:\Users\brbar\.stmcufinder\plugins\mcufinder
2026-05-27 18:34:39,709 [INFO] CrossReferenceDbSqlite:203 - Set database path to: C:\Users\brbar\.stmcufinder\plugins\mcufinder//mcu/cs/
2026-05-27 18:34:39,738 [INFO] ApplicationProperties:184 - Using Application install path: C:\ST\STM32CubeIDE_1.13.1\STM32CubeIDE\plugins\com.st.stm32cube.common.mx_6.15.0.202507011659
2026-05-27 18:34:39,740 [INFO] PluginManage:196 - Search for loadable plugins [exclusion list=, ]
2026-05-27 18:34:39,743 [INFO] PluginManage:310 - Check plugin analytics
2026-05-27 18:34:44,980 [INFO] AnalyticsPlugin:253 - Accepted Software Licenses: 
2026-05-27 18:34:44,980 [INFO] AnalyticsPlugin:255 - Accepted CMSIS Pack Licenses: 
2026-05-27 18:34:44,980 [INFO] AnalyticsPlugin:257 - Accepted Firmware Licenses: 
2026-05-27 18:34:44,984 [INFO] PluginManage:359 - Loaded plugin analytics (category:tool,tabindex:-1)
2026-05-27 18:34:44,985 [INFO] PluginManage:310 - Check plugin cadmodel
2026-05-27 18:34:44,993 [INFO] CADModel:105 - Init CAD model plugin
2026-05-27 18:34:44,994 [INFO] PluginManage:359 - Loaded plugin cadmodel (category:power,tabindex:5)
2026-05-27 18:34:44,994 [INFO] PluginManage:310 - Check plugin clock
2026-05-27 18:34:45,009 [INFO] PluginManage:359 - Loaded plugin clock (category:base,tabindex:2)
2026-05-27 18:34:45,009 [INFO] PluginManage:310 - Check plugin ddr
2026-05-27 18:34:45,013 [INFO] PluginManage:359 - Loaded plugin ddr (category:tool,tabindex:6)
2026-05-27 18:34:45,013 [INFO] PluginManage:310 - Check plugin filemanager
2026-05-27 18:34:45,217 [INFO] PluginManage:359 - Loaded plugin filemanager (category:base,tabindex:10)
2026-05-27 18:34:45,217 [INFO] PluginManage:310 - Check plugin ipmanager
2026-05-27 18:34:45,227 [INFO] PluginManage:359 - Loaded plugin ipmanager (category:base,tabindex:5)
2026-05-27 18:34:45,227 [INFO] PluginManage:310 - Check plugin lpbam
2026-05-27 18:34:45,240 [INFO] PluginManage:359 - Loaded plugin lpbam (category:base,tabindex:0)
2026-05-27 18:34:45,240 [INFO] PluginManage:310 - Check plugin memorymap
2026-05-27 18:34:45,264 [INFO] PluginManage:359 - Loaded plugin memorymap (category:base,tabindex:4)
2026-05-27 18:34:45,264 [INFO] PluginManage:310 - Check plugin pinoutandconfiguration
2026-05-27 18:34:45,277 [INFO] PluginManage:359 - Loaded plugin pinoutandconfiguration (category:base,tabindex:1)
2026-05-27 18:34:45,277 [INFO] PluginManage:310 - Check plugin pinoutconfig
2026-05-27 18:34:45,399 [WARN] SupportedApi:132 - Cannot load RTOS API schema: s4s-elt-must-match.1: The content of 'definitions' must match (annotation?, (simpleType | complexType)?, (unique | key | keyref)*)). A problem was found starting at: attribute.
2026-05-27 18:34:45,623 [INFO] PluginManage:359 - Loaded plugin pinoutconfig (category:base,tabindex:0)
2026-05-27 18:34:45,623 [INFO] PluginManage:310 - Check plugin power
2026-05-27 18:34:45,639 [INFO] PluginManage:359 - Loaded plugin power (category:power,tabindex:4)
2026-05-27 18:34:45,639 [INFO] PluginManage:310 - Check plugin projectmanager
2026-05-27 18:34:45,663 [INFO] PluginManage:359 - Loaded plugin projectmanager (category:projectmanager,tabindex:4)
2026-05-27 18:34:45,663 [INFO] PluginManage:310 - Check plugin rif
2026-05-27 18:34:45,680 [INFO] PluginManage:359 - Loaded plugin rif (category:base,tabindex:3)
2026-05-27 18:34:45,681 [INFO] PluginManage:310 - Check plugin thirdparty
2026-05-27 18:34:45,878 [INFO] PluginManage:359 - Loaded plugin thirdparty (category:base,tabindex:-1)
2026-05-27 18:34:45,878 [WARN] IntegrityCheckThread:84 - waiting for thirdparty lock release [integrity check]
2026-05-27 18:34:45,879 [INFO] IntegrityCheckThread:86 - entering critical section [integrity check]
2026-05-27 18:34:45,879 [INFO] PluginManage:310 - Check plugin tools
2026-05-27 18:34:45,879 [INFO] ThirdPartyUpdaterWithRetryManager:70 - Updater plugin not ready yet. [1/15]
2026-05-27 18:34:45,883 [INFO] PluginManage:359 - Loaded plugin tools (category:base,tabindex:7)
2026-05-27 18:34:45,883 [INFO] PluginManage:310 - Check plugin tutovideos
2026-05-27 18:34:46,176 [INFO] PluginManage:359 - Loaded plugin tutovideos (category:base,tabindex:-1)
2026-05-27 18:34:46,177 [INFO] PluginManage:310 - Check plugin updater
2026-05-27 18:34:46,205 [INFO] PluginManage:359 - Loaded plugin updater (category:base,tabindex:12)
2026-05-27 18:34:46,205 [INFO] PluginManage:310 - Check plugin userauth
2026-05-27 18:34:46,212 [INFO] UserAuth:118 - Init User Auth plugin
2026-05-27 18:34:46,212 [INFO] PluginManage:359 - Loaded plugin userauth (category:base,tabindex:14)
2026-05-27 18:34:46,212 [INFO] PluginManage:283 - PluginManage : Loaded plugins [18]
2026-05-27 18:34:46,521 [INFO] PinOutPanel:1589 - setPackage(No Configuration,No Configuration)
2026-05-27 18:34:46,663 [INFO] CADModel:165 - CPN selected for project level
2026-05-27 18:34:46,663 [INFO] CADModel:114 - Register for checkConnection events
2026-05-27 18:34:46,697 [INFO] IPUIPlugin:80 - create IPUIPlugin
2026-05-27 18:34:46,697 [INFO] PluginManager:220 - loadIPPluginJar : add adc
2026-05-27 18:34:46,702 [INFO] IPUIPlugin:80 - create IPUIPlugin
2026-05-27 18:34:46,703 [INFO] PluginManager:220 - loadIPPluginJar : add aes
2026-05-27 18:34:46,708 [INFO] IPUIPlugin:80 - create IPUIPlugin
2026-05-27 18:34:46,708 [INFO] PluginManager:220 - loadIPPluginJar : add can
2026-05-27 18:34:46,712 [INFO] IPUIPlugin:80 - create IPUIPlugin
2026-05-27 18:34:46,712 [INFO] PluginManager:220 - loadIPPluginJar : add comp
2026-05-27 18:34:46,716 [INFO] IPUIPlugin:80 - create IPUIPlugin
2026-05-27 18:34:46,716 [INFO] PluginManager:220 - loadIPPluginJar : add cryp
2026-05-27 18:34:46,724 [INFO] IPUIPlugin:80 - create IPUIPlugin
2026-05-27 18:34:46,724 [INFO] PluginManager:220 - loadIPPluginJar : add ddr_ctrl_phy
2026-05-27 18:34:46,728 [INFO] IPUIPlugin:80 - create IPUIPlugin
2026-05-27 18:34:46,728 [INFO] PluginManager:220 - loadIPPluginJar : add dfsdm
2026-05-27 18:34:46,736 [INFO] IPUIPlugin:80 - create IPUIPlugin
2026-05-27 18:34:46,736 [INFO] PluginManager:220 - loadIPPluginJar : add dma
2026-05-27 18:34:46,740 [INFO] IPUIPlugin:80 - create IPUIPlugin
2026-05-27 18:34:46,740 [INFO] PluginManager:220 - loadIPPluginJar : add dma3
2026-05-27 18:34:46,744 [INFO] IPUIPlugin:80 - create IPUIPlugin
2026-05-27 18:34:46,744 [INFO] PluginManager:220 - loadIPPluginJar : add extmemmanager
2026-05-27 18:34:46,746 [INFO] IPUIPlugin:80 - create IPUIPlugin
2026-05-27 18:34:46,747 [INFO] PluginManager:220 - loadIPPluginJar : add fatfs
2026-05-27 18:34:46,752 [INFO] IPUIPlugin:80 - create IPUIPlugin
2026-05-27 18:34:46,752 [INFO] PluginManager:220 - loadIPPluginJar : add fmc
2026-05-27 18:34:46,761 [INFO] IPUIPlugin:80 - create IPUIPlugin
2026-05-27 18:34:46,761 [INFO] PluginManager:220 - loadIPPluginJar : add freertos
2026-05-27 18:34:46,763 [INFO] IPUIPlugin:80 - create IPUIPlugin
2026-05-27 18:34:46,763 [INFO] PluginManager:220 - loadIPPluginJar : add genericplugin
2026-05-27 18:34:46,766 [INFO] IPUIPlugin:80 - create IPUIPlugin
2026-05-27 18:34:46,766 [INFO] PluginManager:220 - loadIPPluginJar : add gfxmmu
2026-05-27 18:34:46,772 [INFO] IPUIPlugin:80 - create IPUIPlugin
2026-05-27 18:34:46,772 [INFO] PluginManager:220 - loadIPPluginJar : add gic
2026-05-27 18:34:46,778 [INFO] IPUIPlugin:80 - create IPUIPlugin
2026-05-27 18:34:46,778 [INFO] PluginManager:220 - loadIPPluginJar : add gpio
2026-05-27 18:34:46,782 [INFO] IPUIPlugin:80 - create IPUIPlugin
2026-05-27 18:34:46,783 [INFO] PluginManager:220 - loadIPPluginJar : add gtzc
2026-05-27 18:34:46,786 [INFO] IPUIPlugin:80 - create IPUIPlugin
2026-05-27 18:34:46,786 [INFO] PluginManager:220 - loadIPPluginJar : add hash
2026-05-27 18:34:46,790 [INFO] IPUIPlugin:80 - create IPUIPlugin
2026-05-27 18:34:46,790 [INFO] PluginManager:220 - loadIPPluginJar : add i2c
2026-05-27 18:34:46,794 [INFO] IPUIPlugin:80 - create IPUIPlugin
2026-05-27 18:34:46,794 [INFO] PluginManager:220 - loadIPPluginJar : add i2s
2026-05-27 18:34:46,798 [INFO] IPUIPlugin:80 - create IPUIPlugin
2026-05-27 18:34:46,798 [INFO] PluginManager:220 - loadIPPluginJar : add i3c
2026-05-27 18:34:46,803 [INFO] IPUIPlugin:80 - create IPUIPlugin
2026-05-27 18:34:46,803 [INFO] PluginManager:220 - loadIPPluginJar : add ipddr
2026-05-27 18:34:46,812 [INFO] IPUIPlugin:80 - create IPUIPlugin
2026-05-27 18:34:46,813 [INFO] PluginManager:220 - loadIPPluginJar : add linkedlist
2026-05-27 18:34:46,818 [INFO] IPUIPlugin:80 - create IPUIPlugin
2026-05-27 18:34:46,818 [INFO] PluginManager:220 - loadIPPluginJar : add lorawan
2026-05-27 18:34:46,820 [INFO] IPUIPlugin:80 - create IPUIPlugin
2026-05-27 18:34:46,820 [INFO] PluginManager:220 - loadIPPluginJar : add ltdc
2026-05-27 18:34:46,828 [INFO] IPUIPlugin:80 - create IPUIPlugin
2026-05-27 18:34:46,828 [INFO] PluginManager:220 - loadIPPluginJar : add mdma
2026-05-27 18:34:46,832 [INFO] IPUIPlugin:80 - create IPUIPlugin
2026-05-27 18:34:46,833 [INFO] PluginManager:220 - loadIPPluginJar : add nvic
2026-05-27 18:34:46,837 [INFO] IPUIPlugin:80 - create IPUIPlugin
2026-05-27 18:34:46,837 [INFO] PluginManager:220 - loadIPPluginJar : add opamp
2026-05-27 18:34:46,843 [INFO] IPUIPlugin:80 - create IPUIPlugin
2026-05-27 18:34:46,843 [INFO] PluginManager:220 - loadIPPluginJar : add openamp
2026-05-27 18:34:46,848 [INFO] IPUIPlugin:80 - create IPUIPlugin
2026-05-27 18:34:46,848 [INFO] PluginManager:220 - loadIPPluginJar : add pdm2pcm
2026-05-27 18:34:46,857 [INFO] IPUIPlugin:80 - create IPUIPlugin
2026-05-27 18:34:46,861 [INFO] PluginManager:220 - loadIPPluginJar : add plateformsettings
2026-05-27 18:34:46,864 [INFO] IPUIPlugin:80 - create IPUIPlugin
2026-05-27 18:34:46,864 [INFO] PluginManager:220 - loadIPPluginJar : add quadspi
2026-05-27 18:34:46,867 [INFO] IPUIPlugin:80 - create IPUIPlugin
2026-05-27 18:34:46,868 [INFO] PluginManager:220 - loadIPPluginJar : add radio
2026-05-27 18:34:46,873 [INFO] IPUIPlugin:80 - create IPUIPlugin
2026-05-27 18:34:46,874 [INFO] PluginManager:220 - loadIPPluginJar : add resmgrutility
2026-05-27 18:34:46,878 [INFO] IPUIPlugin:80 - create IPUIPlugin
2026-05-27 18:34:46,879 [INFO] PluginManager:220 - loadIPPluginJar : add sai
2026-05-27 18:34:46,882 [INFO] IPUIPlugin:80 - create IPUIPlugin
2026-05-27 18:34:46,882 [INFO] PluginManager:220 - loadIPPluginJar : add spi
2026-05-27 18:34:46,890 [INFO] IPUIPlugin:80 - create IPUIPlugin
2026-05-27 18:34:46,890 [INFO] PluginManager:220 - loadIPPluginJar : add stm32_wpan
2026-05-27 18:34:46,893 [INFO] IPUIPlugin:80 - create IPUIPlugin
2026-05-27 18:34:46,893 [INFO] PluginManager:220 - loadIPPluginJar : add tim
2026-05-27 18:34:46,896 [INFO] IPUIPlugin:80 - create IPUIPlugin
2026-05-27 18:34:46,897 [INFO] PluginManager:220 - loadIPPluginJar : add touchsensing
2026-05-27 18:34:46,899 [INFO] IPUIPlugin:80 - create IPUIPlugin
2026-05-27 18:34:46,899 [INFO] PluginManager:220 - loadIPPluginJar : add tracer_emb
2026-05-27 18:34:46,902 [INFO] IPUIPlugin:80 - create IPUIPlugin
2026-05-27 18:34:46,903 [INFO] PluginManager:220 - loadIPPluginJar : add ts
2026-05-27 18:34:46,905 [INFO] IPUIPlugin:80 - create IPUIPlugin
2026-05-27 18:34:46,905 [INFO] PluginManager:220 - loadIPPluginJar : add tsc
2026-05-27 18:34:46,907 [INFO] IPUIPlugin:80 - create IPUIPlugin
2026-05-27 18:34:46,907 [INFO] PluginManager:220 - loadIPPluginJar : add ucpd
2026-05-27 18:34:46,910 [INFO] IPUIPlugin:80 - create IPUIPlugin
2026-05-27 18:34:46,911 [INFO] PluginManager:220 - loadIPPluginJar : add usart
2026-05-27 18:34:46,914 [INFO] IPUIPlugin:80 - create IPUIPlugin
2026-05-27 18:34:46,915 [INFO] PluginManager:220 - loadIPPluginJar : add usbx
2026-05-27 18:34:47,063 [FATAL] Updater:351 - Updater called before beeing initialized
2026-05-27 18:34:47,099 [INFO] RulesReader:64 - Compatibility file has been processed (317 Rules)
2026-05-27 18:34:47,112 [INFO] RulesReader:64 - Compatibility file has been processed (317 Rules)
2026-05-27 18:34:47,122 [INFO] CADModel:165 - CPN selected for project level
2026-05-27 18:34:47,122 [INFO] CADModel:114 - Register for checkConnection events
2026-05-27 18:34:47,122 [FATAL] Updater:351 - Updater called before beeing initialized
2026-05-27 18:34:47,123 [ERROR] CADModel:125 - Updater not yet initialized, retry later 
2026-05-27 18:34:47,362 [FATAL] Updater:351 - Updater called before beeing initialized
2026-05-27 18:34:47,366 [INFO] CADModel:165 - CPN selected for project level
2026-05-27 18:34:47,366 [INFO] CADModel:114 - Register for checkConnection events
2026-05-27 18:34:47,366 [FATAL] Updater:351 - Updater called before beeing initialized
2026-05-27 18:34:47,366 [ERROR] CADModel:125 - Updater not yet initialized, retry later 
2026-05-27 18:34:47,372 [FATAL] Updater:351 - Updater called before beeing initialized
2026-05-27 18:34:47,549 [FATAL] Updater:351 - Updater called before beeing initialized
2026-05-27 18:34:47,554 [INFO] DbMcusAds:53 - JSON generation date=Mon Apr 27 11:14:29 EEST 2026 (1777277669577)
2026-05-27 18:34:47,554 [FATAL] Updater:351 - Updater called before beeing initialized
2026-05-27 18:34:47,604 [WARN] DetailPanel:346 - Failed to get advertising image, set to default
2026-05-27 18:34:47,714 [FATAL] Updater:351 - Updater called before beeing initialized
2026-05-27 18:34:47,716 [FATAL] Updater:351 - Updater called before beeing initialized
2026-05-27 18:34:47,717 [FATAL] Updater:351 - Updater called before beeing initialized
2026-05-27 18:34:47,717 [WARN] DetailPanel:346 - Failed to get advertising image, set to default
2026-05-27 18:34:47,718 [FATAL] Updater:351 - Updater called before beeing initialized
2026-05-27 18:34:47,777 [ERROR] Updater:1198 - MainUpdater not yet initialized. External WinMGr cannot be set.
2026-05-27 18:34:47,780 [INFO] Updater:1134 - Updater Version found : 6.15.0
2026-05-27 18:34:47,803 [INFO] ApplicationProperties:184 - Using Application install path: C:\ST\STM32CubeIDE_1.13.1\STM32CubeIDE\plugins\com.st.stm32cube.common.mx_6.15.0.202507011659
2026-05-27 18:34:48,880 [INFO] ThirdPartyUpdaterWithRetryManager:70 - Updater plugin not ready yet. [2/15]
2026-05-27 18:34:49,384 [ERROR] LogOutputStream:75 - [STDERR_REDIRECT] May 27, 2026 6:34:49 PM java.util.prefs.WindowsPreferences <init>
2026-05-27 18:34:49,386 [ERROR] LogOutputStream:75 - [STDERR_REDIRECT] WARNING: Could not open/create prefs root node Software\JavaSoft\Prefs at root 0xffffffff80000002. Windows RegCreateKeyEx(...) returned error code 5.
2026-05-27 18:34:49,386 [ERROR] LogOutputStream:75 - [STDERR_REDIRECT] 
2026-05-27 18:34:50,223 [INFO] MainUpdater:2872 - connection check result : 10
2026-05-27 18:34:50,224 [INFO] MainUpdater:289 - Updater Check For Update Now.
2026-05-27 18:34:50,224 [INFO] MicroXplorer:498 - Change Database Version : DB.6.0.150
2026-05-27 18:34:50,232 [INFO] McuFinderGlobals:63 - Set McuFinder mode to 2 (CubeIDE integrated)
2026-05-27 18:34:50,234 [INFO] UserAuth:487 - Internet connection configuration mode: 1
2026-05-27 18:34:50,269 [INFO] JxBrowserEngine:152 - Initiate JxBrowser Engine with user profile folder
2026-05-27 18:34:50,444 [INFO] CheckServerUpdateThread:120 - End of CheckServer Thread
2026-05-27 18:34:51,561 [INFO] WebApp:169 - Instantiating new browser for Auth
2026-05-27 18:34:52,511 [WARN] PackLoader:240 - Cannot read IP mode file for STMicroelectronics.X-CUBE-AZRTOS-H7.3.5.0
2026-05-27 18:34:52,531 [WARN] PackLoader:240 - Cannot read IP mode file for STMicroelectronics.FP-SNS-MOTENVWB1.1.4.0
2026-05-27 18:34:52,543 [WARN] PackLoader:240 - Cannot read IP mode file for STMicroelectronics.FP-ATR-ASTRA1.2.0.2
2026-05-27 18:34:52,567 [WARN] PackLoader:240 - Cannot read IP mode file for STMicroelectronics.X-CUBE-SMBUS.2.1.0
2026-05-27 18:34:52,578 [WARN] PackLoader:240 - Cannot read IP mode file for STMicroelectronics.X-CUBE-ST60.1.0.0
2026-05-27 18:34:52,621 [WARN] PackLoader:240 - Cannot read IP mode file for STMicroelectronics.X-CUBE-AZRTOS-F7.1.1.0
2026-05-27 18:34:52,741 [WARN] PackLoader:240 - Cannot read IP mode file for STMicroelectronics.FP-SNS-MOTENV1.4.3.2
2026-05-27 18:34:52,750 [WARN] PackLoader:240 - Cannot read IP mode file for STMicroelectronics.FP-SNS-MOTENV1.5.1.0
2026-05-27 18:34:52,759 [WARN] PackLoader:240 - Cannot read IP mode file for STMicroelectronics.FP-SNS-FLIGHT1.5.0.2
2026-05-27 18:34:52,784 [WARN] PackLoader:240 - Cannot read IP mode file for Infineon.AIROC-Wi-Fi-Bluetooth-STM32.1.7.0
2026-05-27 18:34:52,825 [WARN] PackLoader:240 - Cannot read IP mode file for STMicroelectronics.X-CUBE-AZRTOS-H7.3.4.0
2026-05-27 18:34:52,838 [WARN] PackLoader:240 - Cannot read IP mode file for STMicroelectronics.X-CUBE-DISPLAY.3.0.0
2026-05-27 18:34:52,856 [WARN] PackLoader:240 - Cannot read IP mode file for STMicroelectronics.X-CUBE-GNSS1.7.1.1
2026-05-27 18:34:52,861 [WARN] PackLoader:240 - Cannot read IP mode file for STMicroelectronics.FP-SNS-MOTENVWB1.1.5.0
2026-05-27 18:34:52,869 [WARN] PackLoader:240 - Cannot read IP mode file for STMicroelectronics.X-CUBE-BLE1.7.0.0
2026-05-27 18:34:52,877 [WARN] PackLoader:240 - Cannot read IP mode file for STMicroelectronics.X-CUBE-NFC10.1.0.0
2026-05-27 18:34:52,890 [WARN] PackLoader:240 - Cannot read IP mode file for STMicroelectronics.X-CUBE-BLEMGR.4.0.0
2026-05-27 18:34:52,898 [WARN] PackLoader:240 - Cannot read IP mode file for STMicroelectronics.X-CUBE-ST60.1.1.0
2026-05-27 18:34:52,907 [WARN] PackLoader:240 - Cannot read IP mode file for emotas.I-CUBE-CANOPEN.1.3.0
2026-05-27 18:34:52,916 [WARN] PackLoader:240 - Cannot read IP mode file for STMicroelectronics.X-CUBE-TOUCHGFX.4.22.0
2026-05-27 18:34:52,921 [WARN] PackLoader:240 - Cannot read IP mode file for STMicroelectronics.X-CUBE-GNSS1.7.1.0
2026-05-27 18:34:52,929 [WARN] ConditionMgr:438 - getConditionDescription Invalid condition id : Cortex-A Device cause : null
2026-05-27 18:34:52,950 [WARN] ConditionMgr:1044 - genDependencies : Invalid condition id : Cortex-A Device cause : null
2026-05-27 18:34:52,950 [WARN] ConditionMgr:1044 - genDependencies : Invalid condition id : Cortex-A Device cause : null
2026-05-27 18:34:52,950 [WARN] ConditionMgr:1044 - genDependencies : Invalid condition id : Cortex-A Device cause : null
2026-05-27 18:34:52,957 [WARN] PackLoader:240 - Cannot read IP mode file for STMicroelectronics.X-CUBE-AI.10.0.0
2026-05-27 18:34:52,965 [WARN] PackLoader:240 - Cannot read IP mode file for STMicroelectronics.FP-SNS-SMARTAG2.1.2.0
2026-05-27 18:34:52,972 [WARN] PackLoader:240 - Cannot read IP mode file for STMicroelectronics.FP-SNS-FLIGHT1.5.1.0
2026-05-27 18:34:52,985 [INFO] LogOutputStream:77 - [STDOUT_REDIRECT] 1 : Invalid condition id : UX_CORESTACK_Condition cause : null
2026-05-27 18:34:52,986 [INFO] LogOutputStream:77 - [STDOUT_REDIRECT] 1 : Invalid condition id : UX_CORESTACK_Condition cause : null
2026-05-27 18:34:52,988 [INFO] LogOutputStream:77 - [STDOUT_REDIRECT] 1 : Invalid condition id : UX_CORESTACK_Condition cause : null
2026-05-27 18:34:52,989 [INFO] LogOutputStream:77 - [STDOUT_REDIRECT] 1 : Invalid condition id : UX_CORESTACK_Condition cause : null
2026-05-27 18:34:52,991 [INFO] LogOutputStream:77 - [STDOUT_REDIRECT] 1 : Invalid condition id : UX_CORESTACK_Condition cause : null
2026-05-27 18:34:52,994 [WARN] PackLoader:240 - Cannot read IP mode file for STMicroelectronics.X-CUBE-AZRTOS-WL.2.0.0
2026-05-27 18:34:53,001 [WARN] PackLoader:240 - Cannot read IP mode file for STMicroelectronics.FP-SNS-MOTENV1.5.0.0
2026-05-27 18:34:53,023 [WARN] PackLoader:240 - Cannot read IP mode file for STMicroelectronics.X-CUBE-AZRTOS-H7RS.1.2.0
2026-05-27 18:34:53,037 [WARN] PackLoader:240 - Cannot read IP mode file for WES.I-CUBE-Cesium.1.3.0
2026-05-27 18:34:53,044 [WARN] PackLoader:240 - Cannot read IP mode file for STMicroelectronics.X-CUBE-BLE2.3.3.0
2026-05-27 18:34:53,064 [WARN] PackLoader:240 - Cannot read IP mode file for STMicroelectronics.X-CUBE-NFC9.1.0.0
2026-05-27 18:34:53,070 [WARN] PackLoader:240 - Cannot read IP mode file for STMicroelectronics.X-CUBE-BLE1.7.1.0
2026-05-27 18:34:53,076 [WARN] PackLoader:240 - Cannot read IP mode file for wolfSSL.I-CUBE-wolfMQTT.1.19.2
2026-05-27 18:34:53,083 [WARN] PackLoader:240 - Cannot read IP mode file for STMicroelectronics.X-CUBE-FREERTOS.1.4.0
2026-05-27 18:34:53,090 [WARN] PackLoader:240 - Cannot read IP mode file for STMicroelectronics.X-CUBE-EEPRMA1.5.2.0
2026-05-27 18:34:53,098 [WARN] PackLoader:240 - Cannot read IP mode file for STMicroelectronics.X-CUBE-ST67W61.1.1.0
2026-05-27 18:34:53,106 [WARN] PackLoader:240 - Cannot read IP mode file for STMicroelectronics.FP-SNS-STAIOTCFT.1.1.0
2026-05-27 18:34:53,166 [WARN] PackLoader:240 - Cannot read IP mode file for STMicroelectronics.X-CUBE-MEMS1.12.0.0
2026-05-27 18:34:53,417 [WARN] PackLoader:240 - Cannot read IP mode file for STMicroelectronics.X-CUBE-ALGOBUILD.1.3.0
2026-05-27 18:34:53,482 [WARN] PackLoader:240 - Cannot read IP mode file for STMicroelectronics.X-CUBE-MEMS1.11.2.0
2026-05-27 18:34:53,561 [INFO] WebApp:463 - Apply proxy settings
2026-05-27 18:34:53,562 [INFO] WebApp:548 - Chromium requires no authentication
2026-05-27 18:34:53,586 [INFO] WebApp:491 - Direct internet connection detected
2026-05-27 18:34:53,647 [WARN] PackLoader:240 - Cannot read IP mode file for STMicroelectronics.X-CUBE-AZRTOS-G0.1.1.0
2026-05-27 18:34:53,659 [WARN] PackLoader:240 - Cannot read IP mode file for STMicroelectronics.X-CUBE-SAFEA1.1.2.2
2026-05-27 18:34:53,667 [INFO] WebApp:900 - Register for checkConnection events
2026-05-27 18:34:53,667 [INFO] WebApp:463 - Apply proxy settings
2026-05-27 18:34:53,668 [INFO] WebApp:548 - Chromium requires no authentication
2026-05-27 18:34:53,669 [WARN] PackLoader:240 - Cannot read IP mode file for STMicroelectronics.X-CUBE-NFC4.3.0.0
2026-05-27 18:34:53,669 [INFO] WebApp:491 - Direct internet connection detected
2026-05-27 18:34:53,682 [WARN] PackLoader:240 - Cannot read IP mode file for EmbeddedOffice.I-CUBE-FS-RTOS.1.0.1
2026-05-27 18:34:53,693 [WARN] PackLoader:240 - Cannot read IP mode file for STMicroelectronics.X-CUBE-WB05N.2.0.0
2026-05-27 18:34:53,701 [WARN] PackLoader:240 - Cannot read IP mode file for wolfSSL.I-CUBE-wolfTPM.3.8.0
2026-05-27 18:34:53,709 [WARN] PackLoader:240 - Cannot read IP mode file for STMicroelectronics.X-CUBE-TCPP.4.2.0
2026-05-27 18:34:53,720 [WARN] PackLoader:240 - Cannot read IP mode file for RealThread.X-CUBE-RT-Thread_Nano.4.1.1
2026-05-27 18:34:53,726 [WARN] PackLoader:240 - Cannot read IP mode file for STMicroelectronics.FP-ATR-SIGFOX1.3.2.0
2026-05-27 18:34:53,735 [WARN] PackLoader:240 - Cannot read IP mode file for STMicroelectronics.X-CUBE-EEPRMA1.5.1.0
2026-05-27 18:34:53,741 [WARN] PackLoader:240 - Cannot read IP mode file for STMicroelectronics.X-CUBE-FREERTOS.1.5.0
2026-05-27 18:34:53,749 [WARN] PackLoader:240 - Cannot read IP mode file for ITTIA_DB.I-CUBE-ITTIADB.8.9.0
2026-05-27 18:34:53,758 [WARN] PackLoader:240 - Cannot read IP mode file for STMicroelectronics.X-CUBE-NFC6.3.2.0
2026-05-27 18:34:53,773 [WARN] PackLoader:240 - Cannot read IP mode file for STMicroelectronics.X-CUBE-ST67W61.1.0.0
2026-05-27 18:34:53,835 [WARN] PackLoader:240 - Cannot read IP mode file for STMicroelectronics.X-CUBE-MEMS1.12.1.0
2026-05-27 18:34:53,976 [WARN] PackLoader:240 - Cannot read IP mode file for SEGGER.I-CUBE-embOS.1.3.1
2026-05-27 18:34:54,025 [WARN] PackLoader:240 - Cannot read IP mode file for STMicroelectronics.X-CUBE-ALGOBUILD.1.4.0
2026-05-27 18:34:54,096 [WARN] PackLoader:240 - Cannot read IP mode file for STMicroelectronics.X-CUBE-MEMS1.11.3.0
2026-05-27 18:34:54,265 [INFO] WebApp:191 - Connection restablished
2026-05-27 18:34:54,311 [INFO] WebApp:225 - Starting web application
2026-05-27 18:34:54,312 [INFO] WebApp:593 - Web application path used C:\ST\STM32CubeIDE_1.13.1\STM32CubeIDE\plugins\com.st.stm32cube.common.mx_6.15.0.202507011659\db\plugins\mcufinder\reactClient1\index.html
2026-05-27 18:34:54,355 [WARN] PackLoader:240 - Cannot read IP mode file for STMicroelectronics.X-CUBE-PM33A1.1.0.0
2026-05-27 18:34:54,363 [WARN] PackLoader:240 - Cannot read IP mode file for STMicroelectronics.X-CUBE-GNSS1.6.0.0
2026-05-27 18:34:54,387 [WARN] PackLoader:240 - Cannot read IP mode file for STMicroelectronics.X-CUBE-AZRTOS-F4.1.1.0
2026-05-27 18:34:54,398 [WARN] PackLoader:240 - Cannot read IP mode file for wolfSSL.I-CUBE-wolfSSL.5.6.3
2026-05-27 18:34:54,405 [WARN] PackLoader:240 - Cannot read IP mode file for Avnet-IotConnect.X-CUBE-IoTC-DA16k-PMOD.1.0.0
2026-05-27 18:34:54,412 [WARN] PackLoader:240 - Cannot read IP mode file for STMicroelectronics.X-CUBE-ISPU.2.1.0
2026-05-27 18:34:54,429 [WARN] PackLoader:240 - Cannot read IP mode file for STMicroelectronics.X-CUBE-IPS.3.2.0
2026-05-27 18:34:54,449 [WARN] PackLoader:240 - Cannot read IP mode file for STMicroelectronics.eDS-WB_DPC_TT-BIDIR.2.1.1
2026-05-27 18:34:54,461 [WARN] PackLoader:240 - Cannot read IP mode file for STMicroelectronics.X-CUBE-NFC12.1.0.0
2026-05-27 18:34:54,486 [WARN] PackLoader:240 - Cannot read IP mode file for STMicroelectronics.X-CUBE-AZRTOS-L5.2.0.0
2026-05-27 18:34:54,534 [WARN] PackLoader:240 - Cannot read IP mode file for STMicroelectronics.X-CUBE-MEMS1.9.6.0
2026-05-27 18:34:54,595 [INFO] UserAuth:487 - Internet connection configuration mode: 1
2026-05-27 18:34:54,692 [WARN] PackLoader:240 - Cannot read IP mode file for STMicroelectronics.X-CUBE-NFC6.3.1.0
2026-05-27 18:34:54,704 [WARN] PackLoader:240 - Cannot read IP mode file for STMicroelectronics.X-CUBE-ALGOBUILD.1.5.0
2026-05-27 18:34:54,716 [WARN] PackLoader:240 - Cannot read IP mode file for STMicroelectronics.X-CUBE-BLEMGR.2.0.0
2026-05-27 18:34:54,728 [WARN] PackLoader:240 - Cannot read IP mode file for STMicroelectronics.eDS-WB_DPC_VIENNA.1.2.0
2026-05-27 18:34:54,735 [WARN] PackLoader:240 - Cannot read IP mode file for STMicroelectronics.eDS-WB_DPC_3PH2L-BIDIR.1.1.1
2026-05-27 18:34:54,760 [WARN] ConditionMgr:438 - getConditionDescription Invalid condition id : UX DEVICE CLASS RTOS Condition cause : null
2026-05-27 18:34:54,761 [WARN] ConditionMgr:438 - getConditionDescription Invalid condition id : UX DEVICE CLASS RTOS Condition cause : null
2026-05-27 18:34:54,766 [WARN] PackLoader:240 - Cannot read IP mode file for STMicroelectronics.X-CUBE-AZRTOS-H7.3.1.0
2026-05-27 18:34:54,767 [WARN] ConditionMgr:1044 - genDependencies : Invalid condition id : UX DEVICE CLASS RTOS Condition cause : null
2026-05-27 18:34:54,767 [WARN] ConditionMgr:1044 - genDependencies : Invalid condition id : UX DEVICE CLASS RTOS Condition cause : null
2026-05-27 18:34:54,768 [WARN] ConditionMgr:1044 - genDependencies : Invalid condition id : UX DEVICE CLASS RTOS Condition cause : null
2026-05-27 18:34:54,768 [WARN] ConditionMgr:1044 - genDependencies : Invalid condition id : UX DEVICE CLASS RTOS Condition cause : null
2026-05-27 18:34:54,768 [WARN] ConditionMgr:1044 - genDependencies : Invalid condition id : UX DEVICE CLASS RTOS Condition cause : null
2026-05-27 18:34:54,777 [ERROR] Engine:466 - C:\Users\brbar\.stm32cubemx\thirdparties\pdsc\STMicroelectronics.X-CUBE-ST67W61.1.3.0.pdsc: PDSC version is not supported
2026-05-27 18:34:54,788 [WARN] PackLoader:240 - Cannot read IP mode file for STMicroelectronics.X-CUBE-FREERTOS.1.3.1
2026-05-27 18:34:54,797 [WARN] PackLoader:240 - Cannot read IP mode file for STMicroelectronics.X-CUBE-NFC7.1.0.1
2026-05-27 18:34:54,804 [WARN] PackLoader:240 - Cannot read IP mode file for STMicroelectronics.X-CUBE-TOUCHGFX.4.26.0
2026-05-27 18:34:54,816 [WARN] PackLoader:240 - Cannot read IP mode file for STMicroelectronics.X-CUBE-NFC6.3.0.0
2026-05-27 18:34:54,826 [WARN] PackLoader:240 - Cannot read IP mode file for STMicroelectronics.X-CUBE-TOUCHGFX.4.26.1
2026-05-27 18:34:54,833 [WARN] PackLoader:240 - Cannot read IP mode file for STMicroelectronics.X-CUBE-EEPRMA1.4.1.0
2026-05-27 18:34:54,840 [WARN] PackLoader:240 - Cannot read IP mode file for STMicroelectronics.FP-SNS-STAIOTCFT.1.0.0
2026-05-27 18:34:54,853 [WARN] PackLoader:240 - Cannot read IP mode file for STMicroelectronics.X-CUBE-DPower.1.3.0
2026-05-27 18:34:54,861 [WARN] PackLoader:240 - Cannot read IP mode file for STMicroelectronics.X-CUBE-AI.8.1.0
2026-05-27 18:34:55,011 [WARN] ConditionMgr:438 - getConditionDescription Invalid condition id : LAN8742 Phy interface Condition cause : null
2026-05-27 18:34:55,012 [WARN] PackLoader:240 - Cannot read IP mode file for STMicroelectronics.X-CUBE-AZRTOS-L4.2.0.0
2026-05-27 18:34:55,014 [WARN] ConditionMgr:1044 - genDependencies : Invalid condition id : LAN8742 Phy interface Condition cause : null
2026-05-27 18:34:55,014 [WARN] ConditionMgr:1044 - genDependencies : Invalid condition id : LAN8742 Phy interface Condition cause : null
2026-05-27 18:34:55,015 [WARN] ConditionMgr:1044 - genDependencies : Invalid condition id : LAN8742 Phy interface Condition cause : null
2026-05-27 18:34:55,027 [WARN] PackLoader:240 - Cannot read IP mode file for STMicroelectronics.X-CUBE-SFXS2LP1.4.0.0
2026-05-27 18:34:55,035 [WARN] PackLoader:240 - Cannot read IP mode file for STMicroelectronics.X-CUBE-WB05N.2.1.0
2026-05-27 18:34:55,045 [WARN] PackLoader:240 - Cannot read IP mode file for STMicroelectronics.X-CUBE-ST67W61.1.2.0
2026-05-27 18:34:55,051 [WARN] PackLoader:240 - Cannot read IP mode file for STMicroelectronics.X-CUBE-ISPU.1.1.0
2026-05-27 18:34:55,077 [WARN] PackLoader:240 - Cannot read IP mode file for STMicroelectronics.X-CUBE-AZRTOS-H7.3.3.0
2026-05-27 18:34:55,096 [WARN] PackLoader:240 - Cannot read IP mode file for STMicroelectronics.X-CUBE-BLEMGR.4.1.0
2026-05-27 18:34:55,116 [WARN] ConditionMgr:438 - getConditionDescription Invalid condition id : UX DEVICE CLASS RTOS Condition cause : null
2026-05-27 18:34:55,117 [WARN] ConditionMgr:438 - getConditionDescription Invalid condition id : UX DEVICE CLASS RTOS Condition cause : null
2026-05-27 18:34:55,120 [WARN] PackLoader:240 - Cannot read IP mode file for STMicroelectronics.X-CUBE-AZRTOS-WB.2.0.0
2026-05-27 18:34:55,121 [WARN] ConditionMgr:1044 - genDependencies : Invalid condition id : UX DEVICE CLASS RTOS Condition cause : null
2026-05-27 18:34:55,121 [WARN] ConditionMgr:1044 - genDependencies : Invalid condition id : UX DEVICE CLASS RTOS Condition cause : null
2026-05-27 18:34:55,122 [WARN] ConditionMgr:1044 - genDependencies : Invalid condition id : UX DEVICE CLASS RTOS Condition cause : null
2026-05-27 18:34:55,122 [WARN] ConditionMgr:1044 - genDependencies : Invalid condition id : UX DEVICE CLASS RTOS Condition cause : null
2026-05-27 18:34:55,122 [WARN] ConditionMgr:1044 - genDependencies : Invalid condition id : UX DEVICE CLASS RTOS Condition cause : null
2026-05-27 18:34:55,130 [WARN] PackLoader:240 - Cannot read IP mode file for STMicroelectronics.X-CUBE-GNSS1.7.0.1
2026-05-27 18:34:55,136 [WARN] PackLoader:240 - Cannot read IP mode file for STMicroelectronics.X-CUBE-TOUCHGFX.4.25.0
2026-05-27 18:34:55,145 [WARN] PackLoader:240 - Cannot read IP mode file for STMicroelectronics.FP-SNS-STBOX1.2.0.0
2026-05-27 18:34:55,158 [WARN] PackLoader:240 - Cannot read IP mode file for STMicroelectronics.X-CUBE-STSE01.2.0.0
2026-05-27 18:34:55,175 [WARN] PackLoader:240 - Cannot read IP mode file for STMicroelectronics.X-CUBE-SUBG2.5.0.0
2026-05-27 18:34:55,204 [WARN] PackLoader:240 - Cannot read IP mode file for STMicroelectronics.X-CUBE-AZRTOS-H7RS.1.1.0
2026-05-27 18:34:55,215 [WARN] PackLoader:240 - Cannot read IP mode file for Cesanta.I-CUBE-Mongoose.7.13.0
2026-05-27 18:34:55,229 [WARN] PackLoader:240 - Cannot read IP mode file for STMicroelectronics.X-CUBE-TOF1.3.3.1
2026-05-27 18:34:55,256 [WARN] PackLoader:240 - Cannot read IP mode file for STMicroelectronics.X-CUBE-AZRTOS-G4.2.0.0
2026-05-27 18:34:55,265 [WARN] PackLoader:240 - Cannot read IP mode file for wolfSSL.I-CUBE-wolfSSH.1.4.20
2026-05-27 18:34:55,271 [WARN] PackLoader:240 - Cannot read IP mode file for STMicroelectronics.X-CUBE-NFC7.2.0.0
2026-05-27 18:34:55,287 [WARN] PackLoader:240 - Cannot read IP mode file for STMicroelectronics.X-CUBE-IPS.3.1.0
2026-05-27 18:34:55,300 [WARN] PackLoader:240 - Cannot read IP mode file for STMicroelectronics.X-CUBE-ALS.1.0.2
2026-05-27 18:34:55,309 [WARN] PackLoader:240 - Cannot read IP mode file for STMicroelectronics.X-CUBE-FREERTOS.1.1.0
2026-05-27 18:34:55,317 [WARN] PackLoader:240 - Cannot read IP mode file for STMicroelectronics.X-CUBE-STSE01.1.0.0
2026-05-27 18:34:55,329 [WARN] PackLoader:240 - Cannot read IP mode file for portGmbH.I-Cube-SoM-uGOAL.1.1.0
2026-05-27 18:34:55,335 [WARN] PackLoader:240 - Cannot read IP mode file for STMicroelectronics.X-CUBE-ALS.1.0.1
2026-05-27 18:34:55,340 [WARN] PackLoader:240 - Cannot read IP mode file for STMicroelectronics.FP-ATR-ASTRA1.2.0.0
2026-05-27 18:34:55,353 [WARN] PackLoader:240 - Cannot read IP mode file for STMicroelectronics.X-CUBE-TOF1.3.4.3
2026-05-27 18:34:55,364 [INFO] ThirdParty:978 - Integrity check success = true
2026-05-27 18:34:55,364 [INFO] IntegrityCheckThread:100 - exiting critical section [integrity check]
2026-05-27 18:34:55,364 [INFO] IntegrityCheckThread:103 - End integrity checks thread
2026-05-27 18:37:03,008 [ERROR] LogOutputStream:75 - [STDERR_REDIRECT] 
