2025-09-10 00:25:53,872 [INFO] Activator:176 - 


2025-09-10 00:25:53,881 [INFO] Activator:177 - !SESSION log4j initialized
2025-09-10 00:26:01,961 [INFO] LogOutputStream:77 - [STDOUT_REDIRECT] 
2025-09-10 00:26:04,706 [INFO] ApplicationProperties:184 - Using Application install path: C:\ST\STM32CubeIDE_1.13.1\STM32CubeIDE\plugins\com.st.stm32cube.common.mx_6.9.1.202307191849
2025-09-10 00:26:04,740 [INFO] DbMcusXml:78 - Set database path to: C:\ST\STM32CubeIDE_1.13.1\STM32CubeIDE\plugins\com.st.stm32cube.common.mx_6.9.1.202307191849\\db\/mcu/
2025-09-10 00:26:04,741 [INFO] ApiDb:274 - Set plugin database path to: C:\ST\STM32CubeIDE_1.13.1\STM32CubeIDE\plugins\com.st.stm32cube.common.mx_6.9.1.202307191849\\db\/plugins/boardmanager/
2025-09-10 00:26:04,741 [WARN] ApiDb:259 - Overriding images path with different value:  => C:\ST\STM32CubeIDE_1.13.1\STM32CubeIDE\plugins\com.st.stm32cube.common.mx_6.9.1.202307191849\\db\/plugins/mcufinder/images/
2025-09-10 00:26:04,762 [INFO] ApiDb:250 - Set database path to: C:\Users\brbar\.stmcufinder\plugins\mcufinder//mcu/
2025-09-10 00:26:04,764 [INFO] DbMcusAds:125 - Set database path to: C:\Users\brbar\.stmcufinder\plugins\mcufinder//mcu/
2025-09-10 00:26:04,767 [INFO] CrossReferenceDbSqlite:203 - Set database path to: C:\Users\brbar\.stmcufinder\plugins\mcufinder//mcu/cs/
2025-09-10 00:26:04,948 [INFO] RulesReader:64 - Compatibility file has been processed (293 Rules)
2025-09-10 00:26:05,092 [INFO] DbMcusXml:78 - Set database path to: C:\ST\STM32CubeIDE_1.13.1\STM32CubeIDE\plugins\com.st.stm32cube.common.mx_6.9.1.202307191849\\db\/mcu/
2025-09-10 00:26:05,093 [INFO] ApiDb:274 - Set plugin database path to: C:\ST\STM32CubeIDE_1.13.1\STM32CubeIDE\plugins\com.st.stm32cube.common.mx_6.9.1.202307191849\\db\/plugins/boardmanager/
2025-09-10 00:26:05,093 [INFO] ApiDb:261 - Set plugin images path to: C:\ST\STM32CubeIDE_1.13.1\STM32CubeIDE\plugins\com.st.stm32cube.common.mx_6.9.1.202307191849\\db\/plugins/mcufinder/images/
2025-09-10 00:26:05,093 [WARN] DbFile:41 - Overriding database path with different value: C:\Users\brbar\.stmcufinder\plugins\mcufinder/ => C:\Users\brbar\.stmcufinder\plugins\mcufinder
2025-09-10 00:26:05,093 [INFO] ApiDb:250 - Set database path to: C:\Users\brbar\.stmcufinder\plugins\mcufinder//mcu/
2025-09-10 00:26:05,093 [WARN] DbFile:41 - Overriding database path with different value: C:\Users\brbar\.stmcufinder\plugins\mcufinder/ => C:\Users\brbar\.stmcufinder\plugins\mcufinder
2025-09-10 00:26:05,094 [INFO] DbMcusAds:125 - Set database path to: C:\Users\brbar\.stmcufinder\plugins\mcufinder//mcu/
2025-09-10 00:26:05,094 [WARN] DbFile:41 - Overriding database path with different value: C:\Users\brbar\.stmcufinder\plugins\mcufinder/ => C:\Users\brbar\.stmcufinder\plugins\mcufinder
2025-09-10 00:26:05,094 [WARN] DbFile:41 - Overriding database path with different value: C:\Users\brbar\.stmcufinder\plugins\mcufinder/ => C:\Users\brbar\.stmcufinder\plugins\mcufinder
2025-09-10 00:26:05,094 [INFO] CrossReferenceDbSqlite:203 - Set database path to: C:\Users\brbar\.stmcufinder\plugins\mcufinder//mcu/cs/
2025-09-10 00:26:05,244 [INFO] MainPanel:262 - HeapMemory: 268435456
2025-09-10 00:26:05,388 [INFO] DbMcusXml:78 - Set database path to: C:\ST\STM32CubeIDE_1.13.1\STM32CubeIDE\plugins\com.st.stm32cube.common.mx_6.9.1.202307191849\\db\/mcu/
2025-09-10 00:26:05,388 [INFO] ApiDb:274 - Set plugin database path to: C:\ST\STM32CubeIDE_1.13.1\STM32CubeIDE\plugins\com.st.stm32cube.common.mx_6.9.1.202307191849\\db\/plugins/boardmanager/
2025-09-10 00:26:05,388 [INFO] ApiDb:261 - Set plugin images path to: C:\ST\STM32CubeIDE_1.13.1\STM32CubeIDE\plugins\com.st.stm32cube.common.mx_6.9.1.202307191849\\db\/plugins/mcufinder/images/
2025-09-10 00:26:05,389 [WARN] DbFile:41 - Overriding database path with different value: C:\Users\brbar\.stmcufinder\plugins\mcufinder/ => C:\Users\brbar\.stmcufinder\plugins\mcufinder
2025-09-10 00:26:05,390 [INFO] ApiDb:250 - Set database path to: C:\Users\brbar\.stmcufinder\plugins\mcufinder//mcu/
2025-09-10 00:26:05,390 [WARN] DbFile:41 - Overriding database path with different value: C:\Users\brbar\.stmcufinder\plugins\mcufinder/ => C:\Users\brbar\.stmcufinder\plugins\mcufinder
2025-09-10 00:26:05,390 [INFO] DbMcusAds:125 - Set database path to: C:\Users\brbar\.stmcufinder\plugins\mcufinder//mcu/
2025-09-10 00:26:05,390 [WARN] DbFile:41 - Overriding database path with different value: C:\Users\brbar\.stmcufinder\plugins\mcufinder/ => C:\Users\brbar\.stmcufinder\plugins\mcufinder
2025-09-10 00:26:05,390 [WARN] DbFile:41 - Overriding database path with different value: C:\Users\brbar\.stmcufinder\plugins\mcufinder/ => C:\Users\brbar\.stmcufinder\plugins\mcufinder
2025-09-10 00:26:05,390 [INFO] CrossReferenceDbSqlite:203 - Set database path to: C:\Users\brbar\.stmcufinder\plugins\mcufinder//mcu/cs/
2025-09-10 00:26:05,422 [INFO] ApplicationProperties:184 - Using Application install path: C:\ST\STM32CubeIDE_1.13.1\STM32CubeIDE\plugins\com.st.stm32cube.common.mx_6.9.1.202307191849
2025-09-10 00:26:05,425 [INFO] PluginManage:196 - Search for loadable plugins [exclusion list=, ]
2025-09-10 00:26:05,427 [INFO] PluginManage:310 - Check plugin analytics
2025-09-10 00:26:05,706 [INFO] AnalyticsPlugin:253 - Accepted Software Licenses: 
2025-09-10 00:26:05,707 [INFO] AnalyticsPlugin:255 - Accepted CMSIS Pack Licenses: 
2025-09-10 00:26:05,707 [INFO] AnalyticsPlugin:257 - Accepted Firmware Licenses: 
2025-09-10 00:26:05,711 [INFO] PluginManage:359 - Loaded plugin analytics (category:tool,tabindex:-1)
2025-09-10 00:26:05,712 [INFO] PluginManage:310 - Check plugin cadmodel
2025-09-10 00:26:05,721 [INFO] CADModel:105 - Init CAD model plugin
2025-09-10 00:26:05,721 [INFO] PluginManage:359 - Loaded plugin cadmodel (category:power,tabindex:5)
2025-09-10 00:26:05,722 [INFO] PluginManage:310 - Check plugin clock
2025-09-10 00:26:05,738 [INFO] PluginManage:359 - Loaded plugin clock (category:base,tabindex:2)
2025-09-10 00:26:05,739 [INFO] PluginManage:310 - Check plugin ddr
2025-09-10 00:26:05,742 [INFO] PluginManage:359 - Loaded plugin ddr (category:tool,tabindex:6)
2025-09-10 00:26:05,743 [INFO] PluginManage:310 - Check plugin filemanager
2025-09-10 00:26:06,019 [INFO] PluginManage:359 - Loaded plugin filemanager (category:base,tabindex:10)
2025-09-10 00:26:06,019 [INFO] PluginManage:310 - Check plugin ipmanager
2025-09-10 00:26:06,034 [INFO] PluginManage:359 - Loaded plugin ipmanager (category:base,tabindex:5)
2025-09-10 00:26:06,034 [INFO] PluginManage:310 - Check plugin lpbam
2025-09-10 00:26:06,051 [INFO] PluginManage:359 - Loaded plugin lpbam (category:base,tabindex:0)
2025-09-10 00:26:06,052 [INFO] PluginManage:310 - Check plugin memorymap
2025-09-10 00:26:06,081 [INFO] PluginManage:359 - Loaded plugin memorymap (category:base,tabindex:4)
2025-09-10 00:26:06,081 [INFO] PluginManage:310 - Check plugin pinoutandconfiguration
2025-09-10 00:26:06,098 [INFO] PluginManage:359 - Loaded plugin pinoutandconfiguration (category:base,tabindex:1)
2025-09-10 00:26:06,098 [INFO] PluginManage:310 - Check plugin pinoutconfig
2025-09-10 00:26:06,284 [WARN] SupportedApi:132 - Cannot load RTOS API schema: s4s-elt-must-match.1: The content of 'definitions' must match (annotation?, (simpleType | complexType)?, (unique | key | keyref)*)). A problem was found starting at: attribute.
2025-09-10 00:26:06,559 [INFO] PluginManage:359 - Loaded plugin pinoutconfig (category:base,tabindex:0)
2025-09-10 00:26:06,559 [INFO] PluginManage:310 - Check plugin power
2025-09-10 00:26:06,588 [INFO] PluginManage:359 - Loaded plugin power (category:power,tabindex:4)
2025-09-10 00:26:06,588 [INFO] PluginManage:310 - Check plugin projectmanager
2025-09-10 00:26:06,618 [INFO] PluginManage:359 - Loaded plugin projectmanager (category:projectmanager,tabindex:3)
2025-09-10 00:26:06,619 [INFO] PluginManage:310 - Check plugin thirdparty
2025-09-10 00:26:06,919 [WARN] IntegrityCheckThread:84 - waiting for thirdparty lock release [integrity check]
2025-09-10 00:26:06,921 [INFO] IntegrityCheckThread:86 - entering critical section [integrity check]
2025-09-10 00:26:06,921 [INFO] PluginManage:359 - Loaded plugin thirdparty (category:base,tabindex:-1)
2025-09-10 00:26:06,922 [INFO] PluginManage:310 - Check plugin tools
2025-09-10 00:26:06,922 [INFO] ThirdPartyUpdaterWithRetryManager:70 - Updater plugin not ready yet. [1/15]
2025-09-10 00:26:06,928 [INFO] PluginManage:359 - Loaded plugin tools (category:base,tabindex:7)
2025-09-10 00:26:06,928 [INFO] PluginManage:310 - Check plugin tutovideos
2025-09-10 00:26:07,259 [INFO] PluginManage:359 - Loaded plugin tutovideos (category:base,tabindex:-1)
2025-09-10 00:26:07,260 [INFO] PluginManage:310 - Check plugin updater
2025-09-10 00:26:07,278 [INFO] PluginManage:359 - Loaded plugin updater (category:base,tabindex:12)
2025-09-10 00:26:07,278 [INFO] PluginManage:310 - Check plugin userauth
2025-09-10 00:26:07,286 [INFO] UserAuth:113 - Init User Auth plugin
2025-09-10 00:26:07,286 [INFO] PluginManage:359 - Loaded plugin userauth (category:base,tabindex:14)
2025-09-10 00:26:07,287 [INFO] PluginManage:283 - PluginManage : Loaded plugins [17]
2025-09-10 00:26:07,755 [INFO] PinOutPanel:1499 - setPackage(No Configuration,No Configuration)
2025-09-10 00:26:07,923 [INFO] CADModel:165 - CPN selected for project level
2025-09-10 00:26:07,923 [INFO] CADModel:114 - Register for checkConnection events
2025-09-10 00:26:07,964 [INFO] IPUIPlugin:80 - create IPUIPlugin
2025-09-10 00:26:07,965 [INFO] PluginManager:220 - loadIPPluginJar : add adc
2025-09-10 00:26:07,970 [INFO] IPUIPlugin:80 - create IPUIPlugin
2025-09-10 00:26:07,971 [INFO] PluginManager:220 - loadIPPluginJar : add aes
2025-09-10 00:26:07,976 [INFO] IPUIPlugin:80 - create IPUIPlugin
2025-09-10 00:26:07,976 [INFO] PluginManager:220 - loadIPPluginJar : add can
2025-09-10 00:26:07,980 [INFO] IPUIPlugin:80 - create IPUIPlugin
2025-09-10 00:26:07,981 [INFO] PluginManager:220 - loadIPPluginJar : add comp
2025-09-10 00:26:07,986 [INFO] IPUIPlugin:80 - create IPUIPlugin
2025-09-10 00:26:07,986 [INFO] PluginManager:220 - loadIPPluginJar : add cryp
2025-09-10 00:26:07,992 [INFO] IPUIPlugin:80 - create IPUIPlugin
2025-09-10 00:26:07,992 [INFO] PluginManager:220 - loadIPPluginJar : add dfsdm
2025-09-10 00:26:08,004 [INFO] IPUIPlugin:80 - create IPUIPlugin
2025-09-10 00:26:08,005 [INFO] PluginManager:220 - loadIPPluginJar : add dma
2025-09-10 00:26:08,010 [INFO] IPUIPlugin:80 - create IPUIPlugin
2025-09-10 00:26:08,010 [INFO] PluginManager:220 - loadIPPluginJar : add dma3
2025-09-10 00:26:08,014 [INFO] IPUIPlugin:80 - create IPUIPlugin
2025-09-10 00:26:08,014 [INFO] PluginManager:220 - loadIPPluginJar : add fatfs
2025-09-10 00:26:08,023 [INFO] IPUIPlugin:80 - create IPUIPlugin
2025-09-10 00:26:08,024 [INFO] PluginManager:220 - loadIPPluginJar : add fmc
2025-09-10 00:26:08,034 [INFO] IPUIPlugin:80 - create IPUIPlugin
2025-09-10 00:26:08,034 [INFO] PluginManager:220 - loadIPPluginJar : add freertos
2025-09-10 00:26:08,037 [INFO] IPUIPlugin:80 - create IPUIPlugin
2025-09-10 00:26:08,038 [INFO] PluginManager:220 - loadIPPluginJar : add genericplugin
2025-09-10 00:26:08,042 [INFO] IPUIPlugin:80 - create IPUIPlugin
2025-09-10 00:26:08,043 [INFO] PluginManager:220 - loadIPPluginJar : add gfxmmu
2025-09-10 00:26:08,051 [INFO] IPUIPlugin:80 - create IPUIPlugin
2025-09-10 00:26:08,051 [INFO] PluginManager:220 - loadIPPluginJar : add gic
2025-09-10 00:26:08,059 [INFO] IPUIPlugin:80 - create IPUIPlugin
2025-09-10 00:26:08,059 [INFO] PluginManager:220 - loadIPPluginJar : add gpio
2025-09-10 00:26:08,064 [INFO] IPUIPlugin:80 - create IPUIPlugin
2025-09-10 00:26:08,065 [INFO] PluginManager:220 - loadIPPluginJar : add gtzc
2025-09-10 00:26:08,070 [INFO] IPUIPlugin:80 - create IPUIPlugin
2025-09-10 00:26:08,070 [INFO] PluginManager:220 - loadIPPluginJar : add hash
2025-09-10 00:26:08,075 [INFO] IPUIPlugin:80 - create IPUIPlugin
2025-09-10 00:26:08,075 [INFO] PluginManager:220 - loadIPPluginJar : add i2c
2025-09-10 00:26:08,079 [INFO] IPUIPlugin:80 - create IPUIPlugin
2025-09-10 00:26:08,080 [INFO] PluginManager:220 - loadIPPluginJar : add i2s
2025-09-10 00:26:08,085 [INFO] IPUIPlugin:80 - create IPUIPlugin
2025-09-10 00:26:08,085 [INFO] PluginManager:220 - loadIPPluginJar : add i3c
2025-09-10 00:26:08,092 [INFO] IPUIPlugin:80 - create IPUIPlugin
2025-09-10 00:26:08,092 [INFO] PluginManager:220 - loadIPPluginJar : add ipddr
2025-09-10 00:26:08,102 [INFO] IPUIPlugin:80 - create IPUIPlugin
2025-09-10 00:26:08,103 [INFO] PluginManager:220 - loadIPPluginJar : add linkedlist
2025-09-10 00:26:08,106 [INFO] IPUIPlugin:80 - create IPUIPlugin
2025-09-10 00:26:08,107 [INFO] PluginManager:220 - loadIPPluginJar : add lorawan
2025-09-10 00:26:08,109 [INFO] IPUIPlugin:80 - create IPUIPlugin
2025-09-10 00:26:08,109 [INFO] PluginManager:220 - loadIPPluginJar : add ltdc
2025-09-10 00:26:08,117 [INFO] IPUIPlugin:80 - create IPUIPlugin
2025-09-10 00:26:08,118 [INFO] PluginManager:220 - loadIPPluginJar : add mdma
2025-09-10 00:26:08,123 [INFO] IPUIPlugin:80 - create IPUIPlugin
2025-09-10 00:26:08,124 [INFO] PluginManager:220 - loadIPPluginJar : add nvic
2025-09-10 00:26:08,128 [INFO] IPUIPlugin:80 - create IPUIPlugin
2025-09-10 00:26:08,128 [INFO] PluginManager:220 - loadIPPluginJar : add opamp
2025-09-10 00:26:08,133 [INFO] IPUIPlugin:80 - create IPUIPlugin
2025-09-10 00:26:08,133 [INFO] PluginManager:220 - loadIPPluginJar : add openamp
2025-09-10 00:26:08,138 [INFO] IPUIPlugin:80 - create IPUIPlugin
2025-09-10 00:26:08,138 [INFO] PluginManager:220 - loadIPPluginJar : add pdm2pcm
2025-09-10 00:26:08,148 [INFO] IPUIPlugin:80 - create IPUIPlugin
2025-09-10 00:26:08,151 [INFO] PluginManager:220 - loadIPPluginJar : add plateformsettings
2025-09-10 00:26:08,153 [INFO] IPUIPlugin:80 - create IPUIPlugin
2025-09-10 00:26:08,153 [INFO] PluginManager:220 - loadIPPluginJar : add quadspi
2025-09-10 00:26:08,159 [INFO] IPUIPlugin:80 - create IPUIPlugin
2025-09-10 00:26:08,159 [INFO] PluginManager:220 - loadIPPluginJar : add resmgrutility
2025-09-10 00:26:08,163 [INFO] IPUIPlugin:80 - create IPUIPlugin
2025-09-10 00:26:08,163 [INFO] PluginManager:220 - loadIPPluginJar : add sai
2025-09-10 00:26:08,166 [INFO] IPUIPlugin:80 - create IPUIPlugin
2025-09-10 00:26:08,167 [INFO] PluginManager:220 - loadIPPluginJar : add spi
2025-09-10 00:26:08,172 [INFO] IPUIPlugin:80 - create IPUIPlugin
2025-09-10 00:26:08,173 [INFO] PluginManager:220 - loadIPPluginJar : add stm32_wpan
2025-09-10 00:26:08,175 [INFO] IPUIPlugin:80 - create IPUIPlugin
2025-09-10 00:26:08,175 [INFO] PluginManager:220 - loadIPPluginJar : add tim
2025-09-10 00:26:08,179 [INFO] IPUIPlugin:80 - create IPUIPlugin
2025-09-10 00:26:08,179 [INFO] PluginManager:220 - loadIPPluginJar : add touchsensing
2025-09-10 00:26:08,182 [INFO] IPUIPlugin:80 - create IPUIPlugin
2025-09-10 00:26:08,182 [INFO] PluginManager:220 - loadIPPluginJar : add tracer_emb
2025-09-10 00:26:08,185 [INFO] IPUIPlugin:80 - create IPUIPlugin
2025-09-10 00:26:08,185 [INFO] PluginManager:220 - loadIPPluginJar : add ts
2025-09-10 00:26:08,187 [INFO] IPUIPlugin:80 - create IPUIPlugin
2025-09-10 00:26:08,187 [INFO] PluginManager:220 - loadIPPluginJar : add tsc
2025-09-10 00:26:08,191 [INFO] IPUIPlugin:80 - create IPUIPlugin
2025-09-10 00:26:08,191 [INFO] PluginManager:220 - loadIPPluginJar : add ucpd
2025-09-10 00:26:08,194 [INFO] IPUIPlugin:80 - create IPUIPlugin
2025-09-10 00:26:08,195 [INFO] PluginManager:220 - loadIPPluginJar : add usart
2025-09-10 00:26:08,198 [INFO] IPUIPlugin:80 - create IPUIPlugin
2025-09-10 00:26:08,198 [INFO] PluginManager:220 - loadIPPluginJar : add usbx
2025-09-10 00:26:08,340 [INFO] CADModel:165 - CPN selected for project level
2025-09-10 00:26:08,340 [INFO] CADModel:114 - Register for checkConnection events
2025-09-10 00:26:08,341 [FATAL] Updater:308 - Updater called before beeing initialized
2025-09-10 00:26:08,341 [ERROR] CADModel:125 - Updater not yet initialized, retry later 
2025-09-10 00:26:08,518 [INFO] CADModel:165 - CPN selected for project level
2025-09-10 00:26:08,518 [INFO] CADModel:114 - Register for checkConnection events
2025-09-10 00:26:08,518 [FATAL] Updater:308 - Updater called before beeing initialized
2025-09-10 00:26:08,518 [ERROR] CADModel:125 - Updater not yet initialized, retry later 
2025-09-10 00:26:08,523 [FATAL] Updater:308 - Updater called before beeing initialized
2025-09-10 00:26:08,658 [FATAL] Updater:308 - Updater called before beeing initialized
2025-09-10 00:26:08,668 [INFO] DbMcusAds:53 - JSON generation date=Tue Mar 07 10:50:55 EET 2023 (1678179055114)
2025-09-10 00:26:08,669 [FATAL] Updater:308 - Updater called before beeing initialized
2025-09-10 00:26:09,731 [WARN] DetailPanel:346 - Failed to get advertising image, set to default
2025-09-10 00:26:09,854 [FATAL] Updater:308 - Updater called before beeing initialized
2025-09-10 00:26:09,857 [FATAL] Updater:308 - Updater called before beeing initialized
2025-09-10 00:26:09,857 [FATAL] Updater:308 - Updater called before beeing initialized
2025-09-10 00:26:09,857 [WARN] DetailPanel:346 - Failed to get advertising image, set to default
2025-09-10 00:26:09,858 [FATAL] Updater:308 - Updater called before beeing initialized
2025-09-10 00:26:09,925 [INFO] ThirdPartyUpdaterWithRetryManager:70 - Updater plugin not ready yet. [2/15]
2025-09-10 00:26:09,932 [ERROR] Updater:1120 - MainUpdater not yet initialized. External WinMGr cannot be set.
2025-09-10 00:26:09,936 [INFO] Updater:1056 - Updater Version found : 6.9.1
2025-09-10 00:26:09,968 [INFO] ApplicationProperties:184 - Using Application install path: C:\ST\STM32CubeIDE_1.13.1\STM32CubeIDE\plugins\com.st.stm32cube.common.mx_6.9.1.202307191849
2025-09-10 00:26:10,757 [INFO] MainUpdater:2868 - connection check result : 10
2025-09-10 00:26:10,757 [INFO] MainUpdater:3562 - Updater definition file requires update
2025-09-10 00:26:10,759 [INFO] MainUpdater:285 - Updater Check For Update Now.
2025-09-10 00:26:10,759 [INFO] MicroXplorer:498 - Change Database Version : DB.6.0.91
2025-09-10 00:26:10,766 [INFO] McuFinderGlobals:63 - Set McuFinder mode to 2 (CubeIDE integrated)
2025-09-10 00:26:11,102 [INFO] ServerAccessManage:473 - Download File updaters.zip
2025-09-10 00:26:11,265 [INFO] FileExtend:240 - Unzip File : updaters.zip
2025-09-10 00:26:11,266 [INFO] FileExtend:255 - Standard Zip Deflate
2025-09-10 00:26:11,849 [INFO] ServerAccessManage:473 - Download File PacksControlFlags.xml
2025-09-10 00:26:12,010 [INFO] ServerAccessManage:473 - Download File cubemx.pidx
2025-09-10 00:26:12,454 [INFO] ServerAccessManage:473 - Download File STMicroelectronics.FP-SNS-STBOX1.pdsc
2025-09-10 00:26:12,926 [WARN] MainUpdater:1189 - Updater busy. Cannot search thirdparties
2025-09-10 00:26:12,926 [INFO] ThirdPartyUpdaterWithRetryManager:96 - Updater plugin is busy. [1/15]
2025-09-10 00:26:13,076 [INFO] ServerAccessManage:473 - Download File STMicroelectronics.FP-SNS-STAIOTCFT.pdsc
2025-09-10 00:26:13,546 [INFO] ServerAccessManage:473 - Download File STMicroelectronics.X-CUBE-AI.pdsc
