2023-09-29 14:28:39,215 [INFO] Activator:176 - 


2023-09-29 14:28:39,232 [INFO] Activator:177 - !SESSION log4j initialized
2023-09-29 14:28:45,019 [INFO] LogOutputStream:77 - [STDOUT_REDIRECT] 
2023-09-29 14:28:45,769 [ERROR] ConfigurationRetriever:142 - IOException on connection: sw-center.st.com
2023-09-29 14:28:45,772 [ERROR] ConfigurationRetriever:142 - IOException on connection: sw-center.st.com
2023-09-29 14:28:45,773 [ERROR] ConfigurationRetriever:142 - IOException on connection: sw-center.st.com
2023-09-29 14:28:49,709 [INFO] ApplicationProperties:184 - Using Application install path: C:\ST\STM32CubeIDE_1.13.1\STM32CubeIDE\plugins\com.st.stm32cube.common.mx_6.9.1.202307191849
2023-09-29 14:28:49,769 [INFO] DbMcusXml:78 - Set database path to: C:\ST\STM32CubeIDE_1.13.1\STM32CubeIDE\plugins\com.st.stm32cube.common.mx_6.9.1.202307191849\\db\/mcu/
2023-09-29 14:28:49,770 [INFO] ApiDb:274 - Set plugin database path to: C:\ST\STM32CubeIDE_1.13.1\STM32CubeIDE\plugins\com.st.stm32cube.common.mx_6.9.1.202307191849\\db\/plugins/boardmanager/
2023-09-29 14:28:49,771 [WARN] ApiDb:259 - Overriding images path with different value:  => C:\ST\STM32CubeIDE_1.13.1\STM32CubeIDE\plugins\com.st.stm32cube.common.mx_6.9.1.202307191849\\db\/plugins/mcufinder/images/
2023-09-29 14:28:49,816 [INFO] ApiDb:250 - Set database path to: C:\Users\brbar\.stmcufinder\plugins\mcufinder//mcu/
2023-09-29 14:28:49,818 [INFO] DbMcusAds:125 - Set database path to: C:\Users\brbar\.stmcufinder\plugins\mcufinder//mcu/
2023-09-29 14:28:49,825 [INFO] CrossReferenceDbSqlite:203 - Set database path to: C:\Users\brbar\.stmcufinder\plugins\mcufinder//mcu/cs/
2023-09-29 14:28:50,179 [INFO] RulesReader:64 - Compatibility file has been processed (293 Rules)
2023-09-29 14:28:50,492 [INFO] DbMcusXml:78 - Set database path to: C:\ST\STM32CubeIDE_1.13.1\STM32CubeIDE\plugins\com.st.stm32cube.common.mx_6.9.1.202307191849\\db\/mcu/
2023-09-29 14:28:50,493 [INFO] ApiDb:274 - Set plugin database path to: C:\ST\STM32CubeIDE_1.13.1\STM32CubeIDE\plugins\com.st.stm32cube.common.mx_6.9.1.202307191849\\db\/plugins/boardmanager/
2023-09-29 14:28:50,493 [INFO] ApiDb:261 - Set plugin images path to: C:\ST\STM32CubeIDE_1.13.1\STM32CubeIDE\plugins\com.st.stm32cube.common.mx_6.9.1.202307191849\\db\/plugins/mcufinder/images/
2023-09-29 14:28:50,494 [WARN] DbFile:41 - Overriding database path with different value: C:\Users\brbar\.stmcufinder\plugins\mcufinder/ => C:\Users\brbar\.stmcufinder\plugins\mcufinder
2023-09-29 14:28:50,494 [INFO] ApiDb:250 - Set database path to: C:\Users\brbar\.stmcufinder\plugins\mcufinder//mcu/
2023-09-29 14:28:50,494 [WARN] DbFile:41 - Overriding database path with different value: C:\Users\brbar\.stmcufinder\plugins\mcufinder/ => C:\Users\brbar\.stmcufinder\plugins\mcufinder
2023-09-29 14:28:50,496 [INFO] DbMcusAds:125 - Set database path to: C:\Users\brbar\.stmcufinder\plugins\mcufinder//mcu/
2023-09-29 14:28:50,496 [WARN] DbFile:41 - Overriding database path with different value: C:\Users\brbar\.stmcufinder\plugins\mcufinder/ => C:\Users\brbar\.stmcufinder\plugins\mcufinder
2023-09-29 14:28:50,496 [WARN] DbFile:41 - Overriding database path with different value: C:\Users\brbar\.stmcufinder\plugins\mcufinder/ => C:\Users\brbar\.stmcufinder\plugins\mcufinder
2023-09-29 14:28:50,497 [INFO] CrossReferenceDbSqlite:203 - Set database path to: C:\Users\brbar\.stmcufinder\plugins\mcufinder//mcu/cs/
2023-09-29 14:28:50,750 [INFO] MainPanel:262 - HeapMemory: 268435456
2023-09-29 14:28:51,019 [INFO] DbMcusXml:78 - Set database path to: C:\ST\STM32CubeIDE_1.13.1\STM32CubeIDE\plugins\com.st.stm32cube.common.mx_6.9.1.202307191849\\db\/mcu/
2023-09-29 14:28:51,020 [INFO] ApiDb:274 - Set plugin database path to: C:\ST\STM32CubeIDE_1.13.1\STM32CubeIDE\plugins\com.st.stm32cube.common.mx_6.9.1.202307191849\\db\/plugins/boardmanager/
2023-09-29 14:28:51,020 [INFO] ApiDb:261 - Set plugin images path to: C:\ST\STM32CubeIDE_1.13.1\STM32CubeIDE\plugins\com.st.stm32cube.common.mx_6.9.1.202307191849\\db\/plugins/mcufinder/images/
2023-09-29 14:28:51,021 [WARN] DbFile:41 - Overriding database path with different value: C:\Users\brbar\.stmcufinder\plugins\mcufinder/ => C:\Users\brbar\.stmcufinder\plugins\mcufinder
2023-09-29 14:28:51,022 [INFO] ApiDb:250 - Set database path to: C:\Users\brbar\.stmcufinder\plugins\mcufinder//mcu/
2023-09-29 14:28:51,022 [WARN] DbFile:41 - Overriding database path with different value: C:\Users\brbar\.stmcufinder\plugins\mcufinder/ => C:\Users\brbar\.stmcufinder\plugins\mcufinder
2023-09-29 14:28:51,022 [INFO] DbMcusAds:125 - Set database path to: C:\Users\brbar\.stmcufinder\plugins\mcufinder//mcu/
2023-09-29 14:28:51,022 [WARN] DbFile:41 - Overriding database path with different value: C:\Users\brbar\.stmcufinder\plugins\mcufinder/ => C:\Users\brbar\.stmcufinder\plugins\mcufinder
2023-09-29 14:28:51,023 [WARN] DbFile:41 - Overriding database path with different value: C:\Users\brbar\.stmcufinder\plugins\mcufinder/ => C:\Users\brbar\.stmcufinder\plugins\mcufinder
2023-09-29 14:28:51,023 [INFO] CrossReferenceDbSqlite:203 - Set database path to: C:\Users\brbar\.stmcufinder\plugins\mcufinder//mcu/cs/
2023-09-29 14:28:51,078 [INFO] ApplicationProperties:184 - Using Application install path: C:\ST\STM32CubeIDE_1.13.1\STM32CubeIDE\plugins\com.st.stm32cube.common.mx_6.9.1.202307191849
2023-09-29 14:28:51,082 [INFO] PluginManage:196 - Search for loadable plugins [exclusion list=, ]
2023-09-29 14:28:51,087 [INFO] PluginManage:310 - Check plugin analytics
2023-09-29 14:28:51,607 [INFO] AnalyticsPlugin:253 - Accepted Software Licenses: 
2023-09-29 14:28:51,607 [INFO] AnalyticsPlugin:255 - Accepted CMSIS Pack Licenses: 
2023-09-29 14:28:51,608 [INFO] AnalyticsPlugin:257 - Accepted Firmware Licenses: 
2023-09-29 14:28:51,617 [INFO] PluginManage:359 - Loaded plugin analytics (category:tool,tabindex:-1)
2023-09-29 14:28:51,617 [ERROR] ConfigurationRetriever:142 - IOException on connection: sw-center.st.com
2023-09-29 14:28:51,619 [INFO] PluginManage:310 - Check plugin cadmodel
2023-09-29 14:28:51,619 [ERROR] ConfigurationRetriever:142 - IOException on connection: sw-center.st.com
2023-09-29 14:28:51,620 [ERROR] ConfigurationRetriever:142 - IOException on connection: sw-center.st.com
2023-09-29 14:28:51,634 [INFO] CADModel:105 - Init CAD model plugin
2023-09-29 14:28:51,635 [INFO] PluginManage:359 - Loaded plugin cadmodel (category:power,tabindex:5)
2023-09-29 14:28:51,635 [INFO] PluginManage:310 - Check plugin clock
2023-09-29 14:28:51,666 [INFO] PluginManage:359 - Loaded plugin clock (category:base,tabindex:2)
2023-09-29 14:28:51,666 [INFO] PluginManage:310 - Check plugin ddr
2023-09-29 14:28:51,673 [INFO] PluginManage:359 - Loaded plugin ddr (category:tool,tabindex:6)
2023-09-29 14:28:51,673 [INFO] PluginManage:310 - Check plugin filemanager
2023-09-29 14:28:52,004 [INFO] PluginManage:359 - Loaded plugin filemanager (category:base,tabindex:10)
2023-09-29 14:28:52,006 [INFO] PluginManage:310 - Check plugin ipmanager
2023-09-29 14:28:52,025 [INFO] PluginManage:359 - Loaded plugin ipmanager (category:base,tabindex:5)
2023-09-29 14:28:52,025 [INFO] PluginManage:310 - Check plugin lpbam
2023-09-29 14:28:52,046 [INFO] PluginManage:359 - Loaded plugin lpbam (category:base,tabindex:0)
2023-09-29 14:28:52,046 [INFO] PluginManage:310 - Check plugin memorymap
2023-09-29 14:28:52,080 [INFO] PluginManage:359 - Loaded plugin memorymap (category:base,tabindex:4)
2023-09-29 14:28:52,080 [INFO] PluginManage:310 - Check plugin pinoutandconfiguration
2023-09-29 14:28:52,106 [INFO] PluginManage:359 - Loaded plugin pinoutandconfiguration (category:base,tabindex:1)
2023-09-29 14:28:52,106 [INFO] PluginManage:310 - Check plugin pinoutconfig
2023-09-29 14:28:52,374 [WARN] SupportedApi:132 - Cannot load RTOS API schema: s4s-elt-must-match.1: The content of 'definitions' must match (annotation?, (simpleType | complexType)?, (unique | key | keyref)*)). A problem was found starting at: attribute.
2023-09-29 14:28:52,802 [INFO] PluginManage:359 - Loaded plugin pinoutconfig (category:base,tabindex:0)
2023-09-29 14:28:52,802 [INFO] PluginManage:310 - Check plugin power
2023-09-29 14:28:52,836 [INFO] PluginManage:359 - Loaded plugin power (category:power,tabindex:4)
2023-09-29 14:28:52,836 [INFO] PluginManage:310 - Check plugin projectmanager
2023-09-29 14:28:52,875 [INFO] PluginManage:359 - Loaded plugin projectmanager (category:projectmanager,tabindex:3)
2023-09-29 14:28:52,876 [INFO] PluginManage:310 - Check plugin thirdparty
2023-09-29 14:28:53,366 [INFO] PluginManage:359 - Loaded plugin thirdparty (category:base,tabindex:-1)
2023-09-29 14:28:53,366 [WARN] IntegrityCheckThread:84 - waiting for thirdparty lock release [integrity check]
2023-09-29 14:28:53,367 [INFO] IntegrityCheckThread:86 - entering critical section [integrity check]
2023-09-29 14:28:53,367 [INFO] PluginManage:310 - Check plugin tools
2023-09-29 14:28:53,369 [INFO] ThirdPartyUpdaterWithRetryManager:70 - Updater plugin not ready yet. [1/15]
2023-09-29 14:28:53,377 [INFO] PluginManage:359 - Loaded plugin tools (category:base,tabindex:7)
2023-09-29 14:28:53,378 [INFO] PluginManage:310 - Check plugin tutovideos
2023-09-29 14:28:53,902 [INFO] PluginManage:359 - Loaded plugin tutovideos (category:base,tabindex:-1)
2023-09-29 14:28:53,902 [INFO] PluginManage:310 - Check plugin updater
2023-09-29 14:28:53,934 [INFO] PluginManage:359 - Loaded plugin updater (category:base,tabindex:12)
2023-09-29 14:28:53,934 [INFO] PluginManage:310 - Check plugin userauth
2023-09-29 14:28:53,952 [INFO] UserAuth:113 - Init User Auth plugin
2023-09-29 14:28:53,952 [INFO] PluginManage:359 - Loaded plugin userauth (category:base,tabindex:14)
2023-09-29 14:28:53,954 [INFO] PluginManage:283 - PluginManage : Loaded plugins [17]
2023-09-29 14:28:54,652 [INFO] PinOutPanel:1499 - setPackage(No Configuration,No Configuration)
2023-09-29 14:28:54,987 [INFO] CADModel:165 - CPN selected for project level
2023-09-29 14:28:54,988 [INFO] CADModel:114 - Register for checkConnection events
2023-09-29 14:28:55,034 [INFO] IPUIPlugin:80 - create IPUIPlugin
2023-09-29 14:28:55,036 [INFO] PluginManager:220 - loadIPPluginJar : add adc
2023-09-29 14:28:55,044 [INFO] IPUIPlugin:80 - create IPUIPlugin
2023-09-29 14:28:55,044 [INFO] PluginManager:220 - loadIPPluginJar : add aes
2023-09-29 14:28:55,050 [INFO] IPUIPlugin:80 - create IPUIPlugin
2023-09-29 14:28:55,051 [INFO] PluginManager:220 - loadIPPluginJar : add can
2023-09-29 14:28:55,056 [INFO] IPUIPlugin:80 - create IPUIPlugin
2023-09-29 14:28:55,056 [INFO] PluginManager:220 - loadIPPluginJar : add comp
2023-09-29 14:28:55,065 [INFO] IPUIPlugin:80 - create IPUIPlugin
2023-09-29 14:28:55,065 [INFO] PluginManager:220 - loadIPPluginJar : add cryp
2023-09-29 14:28:55,075 [INFO] IPUIPlugin:80 - create IPUIPlugin
2023-09-29 14:28:55,076 [INFO] PluginManager:220 - loadIPPluginJar : add dfsdm
2023-09-29 14:28:55,093 [INFO] IPUIPlugin:80 - create IPUIPlugin
2023-09-29 14:28:55,095 [INFO] PluginManager:220 - loadIPPluginJar : add dma
2023-09-29 14:28:55,105 [INFO] IPUIPlugin:80 - create IPUIPlugin
2023-09-29 14:28:55,106 [INFO] PluginManager:220 - loadIPPluginJar : add dma3
2023-09-29 14:28:55,112 [INFO] IPUIPlugin:80 - create IPUIPlugin
2023-09-29 14:28:55,113 [INFO] PluginManager:220 - loadIPPluginJar : add fatfs
2023-09-29 14:28:55,127 [INFO] IPUIPlugin:80 - create IPUIPlugin
2023-09-29 14:28:55,127 [INFO] PluginManager:220 - loadIPPluginJar : add fmc
2023-09-29 14:28:55,146 [INFO] IPUIPlugin:80 - create IPUIPlugin
2023-09-29 14:28:55,147 [INFO] PluginManager:220 - loadIPPluginJar : add freertos
2023-09-29 14:28:55,152 [INFO] IPUIPlugin:80 - create IPUIPlugin
2023-09-29 14:28:55,153 [INFO] PluginManager:220 - loadIPPluginJar : add genericplugin
2023-09-29 14:28:55,161 [INFO] IPUIPlugin:80 - create IPUIPlugin
2023-09-29 14:28:55,162 [INFO] PluginManager:220 - loadIPPluginJar : add gfxmmu
2023-09-29 14:28:55,178 [INFO] IPUIPlugin:80 - create IPUIPlugin
2023-09-29 14:28:55,178 [INFO] PluginManager:220 - loadIPPluginJar : add gic
2023-09-29 14:28:55,191 [INFO] IPUIPlugin:80 - create IPUIPlugin
2023-09-29 14:28:55,192 [INFO] PluginManager:220 - loadIPPluginJar : add gpio
2023-09-29 14:28:55,200 [INFO] IPUIPlugin:80 - create IPUIPlugin
2023-09-29 14:28:55,200 [INFO] PluginManager:220 - loadIPPluginJar : add gtzc
2023-09-29 14:28:55,207 [INFO] IPUIPlugin:80 - create IPUIPlugin
2023-09-29 14:28:55,207 [INFO] PluginManager:220 - loadIPPluginJar : add hash
2023-09-29 14:28:55,214 [INFO] IPUIPlugin:80 - create IPUIPlugin
2023-09-29 14:28:55,214 [INFO] PluginManager:220 - loadIPPluginJar : add i2c
2023-09-29 14:28:55,220 [INFO] IPUIPlugin:80 - create IPUIPlugin
2023-09-29 14:28:55,220 [INFO] PluginManager:220 - loadIPPluginJar : add i2s
2023-09-29 14:28:55,227 [INFO] IPUIPlugin:80 - create IPUIPlugin
2023-09-29 14:28:55,227 [INFO] PluginManager:220 - loadIPPluginJar : add i3c
2023-09-29 14:28:55,234 [INFO] IPUIPlugin:80 - create IPUIPlugin
2023-09-29 14:28:55,234 [INFO] PluginManager:220 - loadIPPluginJar : add ipddr
2023-09-29 14:28:55,252 [INFO] IPUIPlugin:80 - create IPUIPlugin
2023-09-29 14:28:55,253 [INFO] PluginManager:220 - loadIPPluginJar : add linkedlist
2023-09-29 14:28:55,260 [INFO] IPUIPlugin:80 - create IPUIPlugin
2023-09-29 14:28:55,261 [INFO] PluginManager:220 - loadIPPluginJar : add lorawan
2023-09-29 14:28:55,266 [INFO] IPUIPlugin:80 - create IPUIPlugin
2023-09-29 14:28:55,267 [INFO] PluginManager:220 - loadIPPluginJar : add ltdc
2023-09-29 14:28:55,287 [INFO] IPUIPlugin:80 - create IPUIPlugin
2023-09-29 14:28:55,287 [INFO] PluginManager:220 - loadIPPluginJar : add mdma
2023-09-29 14:28:55,299 [INFO] IPUIPlugin:80 - create IPUIPlugin
2023-09-29 14:28:55,300 [INFO] PluginManager:220 - loadIPPluginJar : add nvic
2023-09-29 14:28:55,309 [INFO] IPUIPlugin:80 - create IPUIPlugin
2023-09-29 14:28:55,309 [INFO] PluginManager:220 - loadIPPluginJar : add opamp
2023-09-29 14:28:55,320 [INFO] IPUIPlugin:80 - create IPUIPlugin
2023-09-29 14:28:55,321 [INFO] PluginManager:220 - loadIPPluginJar : add openamp
2023-09-29 14:28:55,331 [INFO] IPUIPlugin:80 - create IPUIPlugin
2023-09-29 14:28:55,331 [INFO] PluginManager:220 - loadIPPluginJar : add pdm2pcm
2023-09-29 14:28:55,344 [INFO] IPUIPlugin:80 - create IPUIPlugin
2023-09-29 14:28:55,353 [INFO] PluginManager:220 - loadIPPluginJar : add plateformsettings
2023-09-29 14:28:55,359 [INFO] IPUIPlugin:80 - create IPUIPlugin
2023-09-29 14:28:55,359 [INFO] PluginManager:220 - loadIPPluginJar : add quadspi
2023-09-29 14:28:55,373 [INFO] IPUIPlugin:80 - create IPUIPlugin
2023-09-29 14:28:55,373 [INFO] PluginManager:220 - loadIPPluginJar : add resmgrutility
2023-09-29 14:28:55,384 [INFO] IPUIPlugin:80 - create IPUIPlugin
2023-09-29 14:28:55,384 [INFO] PluginManager:220 - loadIPPluginJar : add sai
2023-09-29 14:28:55,391 [INFO] IPUIPlugin:80 - create IPUIPlugin
2023-09-29 14:28:55,391 [INFO] PluginManager:220 - loadIPPluginJar : add spi
2023-09-29 14:28:55,405 [INFO] IPUIPlugin:80 - create IPUIPlugin
2023-09-29 14:28:55,406 [INFO] PluginManager:220 - loadIPPluginJar : add stm32_wpan
2023-09-29 14:28:55,410 [INFO] IPUIPlugin:80 - create IPUIPlugin
2023-09-29 14:28:55,411 [INFO] PluginManager:220 - loadIPPluginJar : add tim
2023-09-29 14:28:55,418 [INFO] IPUIPlugin:80 - create IPUIPlugin
2023-09-29 14:28:55,419 [INFO] PluginManager:220 - loadIPPluginJar : add touchsensing
2023-09-29 14:28:55,425 [INFO] IPUIPlugin:80 - create IPUIPlugin
2023-09-29 14:28:55,425 [INFO] PluginManager:220 - loadIPPluginJar : add tracer_emb
2023-09-29 14:28:55,432 [INFO] IPUIPlugin:80 - create IPUIPlugin
2023-09-29 14:28:55,433 [INFO] PluginManager:220 - loadIPPluginJar : add ts
2023-09-29 14:28:55,438 [INFO] IPUIPlugin:80 - create IPUIPlugin
2023-09-29 14:28:55,438 [INFO] PluginManager:220 - loadIPPluginJar : add tsc
2023-09-29 14:28:55,446 [INFO] IPUIPlugin:80 - create IPUIPlugin
2023-09-29 14:28:55,446 [INFO] PluginManager:220 - loadIPPluginJar : add ucpd
2023-09-29 14:28:55,454 [INFO] IPUIPlugin:80 - create IPUIPlugin
2023-09-29 14:28:55,456 [INFO] PluginManager:220 - loadIPPluginJar : add usart
2023-09-29 14:28:55,465 [INFO] IPUIPlugin:80 - create IPUIPlugin
2023-09-29 14:28:55,466 [INFO] PluginManager:220 - loadIPPluginJar : add usbx
2023-09-29 14:28:55,710 [INFO] CADModel:165 - CPN selected for project level
2023-09-29 14:28:55,710 [INFO] CADModel:114 - Register for checkConnection events
2023-09-29 14:28:55,711 [FATAL] Updater:308 - Updater called before beeing initialized
2023-09-29 14:28:55,711 [ERROR] CADModel:125 - Updater not yet initialized, retry later 
2023-09-29 14:28:56,157 [INFO] CADModel:165 - CPN selected for project level
2023-09-29 14:28:56,157 [INFO] CADModel:114 - Register for checkConnection events
2023-09-29 14:28:56,158 [FATAL] Updater:308 - Updater called before beeing initialized
2023-09-29 14:28:56,158 [ERROR] CADModel:125 - Updater not yet initialized, retry later 
2023-09-29 14:28:56,170 [FATAL] Updater:308 - Updater called before beeing initialized
2023-09-29 14:28:56,372 [INFO] ThirdPartyUpdaterWithRetryManager:70 - Updater plugin not ready yet. [2/15]
2023-09-29 14:28:56,510 [FATAL] Updater:308 - Updater called before beeing initialized
2023-09-29 14:28:56,536 [INFO] DbMcusAds:53 - JSON generation date=Tue Mar 07 10:50:55 EET 2023 (1678179055335)
2023-09-29 14:28:56,537 [FATAL] Updater:308 - Updater called before beeing initialized
2023-09-29 14:28:56,686 [WARN] DetailPanel:346 - Failed to get advertising image, set to default
2023-09-29 14:28:56,982 [FATAL] Updater:308 - Updater called before beeing initialized
2023-09-29 14:28:56,986 [FATAL] Updater:308 - Updater called before beeing initialized
2023-09-29 14:28:56,987 [FATAL] Updater:308 - Updater called before beeing initialized
2023-09-29 14:28:56,987 [WARN] DetailPanel:346 - Failed to get advertising image, set to default
2023-09-29 14:28:56,989 [FATAL] Updater:308 - Updater called before beeing initialized
2023-09-29 14:28:57,146 [ERROR] Updater:1120 - MainUpdater not yet initialized. External WinMGr cannot be set.
2023-09-29 14:28:57,154 [INFO] Updater:1056 - Updater Version found : 6.9.1
2023-09-29 14:28:57,213 [INFO] ApplicationProperties:184 - Using Application install path: C:\ST\STM32CubeIDE_1.13.1\STM32CubeIDE\plugins\com.st.stm32cube.common.mx_6.9.1.202307191849
2023-09-29 14:28:57,513 [ERROR] ServerAccessManage:1146 - Warning during Server Connection :  Unknown host sw-center.st.com
2023-09-29 14:28:57,527 [INFO] MainUpdater:2868 - connection check result : 22
2023-09-29 14:28:57,529 [INFO] MainUpdater:285 - Updater Check For Update Now.
2023-09-29 14:28:57,529 [INFO] MicroXplorer:498 - Change Database Version : DB.6.0.91
2023-09-29 14:28:57,551 [INFO] McuFinderGlobals:63 - Set McuFinder mode to 2 (CubeIDE integrated)
2023-09-29 14:28:57,881 [INFO] CheckServerUpdateThread:120 - End of CheckServer Thread
2023-09-29 14:28:59,964 [WARN] PackLoader:240 - Cannot read IP mode file for STMicroelectronics.X-CUBE-SMBUS.2.1.0
2023-09-29 14:29:00,063 [WARN] PackLoader:240 - Cannot read IP mode file for STMicroelectronics.X-CUBE-AZRTOS-F7.1.1.0
2023-09-29 14:29:00,117 [WARN] PackLoader:240 - Cannot read IP mode file for STMicroelectronics.FP-SNS-MOTENV1.4.3.2
2023-09-29 14:29:00,145 [WARN] PackLoader:240 - Cannot read IP mode file for STMicroelectronics.FP-SNS-FLIGHT1.5.0.2
2023-09-29 14:29:00,177 [WARN] PackLoader:240 - Cannot read IP mode file for STMicroelectronics.X-CUBE-DISPLAY.3.0.0
2023-09-29 14:29:00,230 [WARN] PackLoader:240 - Cannot read IP mode file for STMicroelectronics.X-CUBE-BLE1.7.0.0
2023-09-29 14:29:00,247 [WARN] PackLoader:240 - Cannot read IP mode file for emotas.I-CUBE-CANOPEN.1.3.0
2023-09-29 14:29:00,264 [WARN] PackLoader:240 - Cannot read IP mode file for STMicroelectronics.X-CUBE-TOUCHGFX.4.22.0
2023-09-29 14:29:00,284 [WARN] PackLoader:240 - Cannot read IP mode file for STMicroelectronics.FP-SNS-SMARTAG2.1.2.0
2023-09-29 14:29:00,327 [INFO] LogOutputStream:77 - [STDOUT_REDIRECT] 1 : Invalid condition id : UX_CORESTACK_Condition cause : null
2023-09-29 14:29:00,328 [INFO] LogOutputStream:77 - [STDOUT_REDIRECT] 1 : Invalid condition id : UX_CORESTACK_Condition cause : null
2023-09-29 14:29:00,331 [INFO] LogOutputStream:77 - [STDOUT_REDIRECT] 1 : Invalid condition id : UX_CORESTACK_Condition cause : null
2023-09-29 14:29:00,334 [INFO] LogOutputStream:77 - [STDOUT_REDIRECT] 1 : Invalid condition id : UX_CORESTACK_Condition cause : null
2023-09-29 14:29:00,336 [INFO] LogOutputStream:77 - [STDOUT_REDIRECT] 1 : Invalid condition id : UX_CORESTACK_Condition cause : null
2023-09-29 14:29:00,356 [WARN] PackLoader:240 - Cannot read IP mode file for STMicroelectronics.X-CUBE-AZRTOS-WL.2.0.0
2023-09-29 14:29:00,393 [WARN] PackLoader:240 - Cannot read IP mode file for WES.I-CUBE-Cesium.1.3.0
2023-09-29 14:29:00,414 [WARN] PackLoader:240 - Cannot read IP mode file for STMicroelectronics.X-CUBE-BLE2.3.3.0
2023-09-29 14:29:00,435 [WARN] PackLoader:240 - Cannot read IP mode file for STMicroelectronics.X-CUBE-ALGOBUILD.1.3.0
2023-09-29 14:29:00,499 [WARN] PackLoader:240 - Cannot read IP mode file for STMicroelectronics.X-CUBE-AZRTOS-G0.1.1.0
2023-09-29 14:29:00,526 [WARN] PackLoader:240 - Cannot read IP mode file for STMicroelectronics.X-CUBE-NFC4.3.0.0
2023-09-29 14:29:00,543 [WARN] PackLoader:240 - Cannot read IP mode file for STMicroelectronics.FP-ATR-SIGFOX1.3.2.0
2023-09-29 14:29:00,672 [WARN] PackLoader:240 - Cannot read IP mode file for SEGGER.I-CUBE-embOS.1.3.1
2023-09-29 14:29:00,856 [WARN] PackLoader:240 - Cannot read IP mode file for STMicroelectronics.X-CUBE-GNSS1.6.0.0
2023-09-29 14:29:00,894 [WARN] PackLoader:240 - Cannot read IP mode file for STMicroelectronics.X-CUBE-AZRTOS-F4.1.1.0
2023-09-29 14:29:00,917 [WARN] PackLoader:240 - Cannot read IP mode file for wolfSSL.I-CUBE-wolfSSL.5.6.3
2023-09-29 14:29:00,967 [WARN] PackLoader:240 - Cannot read IP mode file for STMicroelectronics.X-CUBE-AZRTOS-L5.2.0.0
2023-09-29 14:29:01,078 [WARN] PackLoader:240 - Cannot read IP mode file for STMicroelectronics.X-CUBE-MEMS1.9.6.0
2023-09-29 14:29:01,471 [WARN] PackLoader:240 - Cannot read IP mode file for STMicroelectronics.X-CUBE-BLEMGR.2.0.0
2023-09-29 14:29:01,564 [WARN] ConditionMgr:438 - getConditionDescription Invalid condition id : UX DEVICE CLASS RTOS Condition cause : null
2023-09-29 14:29:01,564 [WARN] ConditionMgr:438 - getConditionDescription Invalid condition id : UX DEVICE CLASS RTOS Condition cause : null
2023-09-29 14:29:01,584 [WARN] PackLoader:240 - Cannot read IP mode file for STMicroelectronics.X-CUBE-AZRTOS-H7.3.1.0
2023-09-29 14:29:01,590 [WARN] ConditionMgr:1039 - genDependencies : Invalid condition id : UX DEVICE CLASS RTOS Condition cause : null
2023-09-29 14:29:01,591 [WARN] ConditionMgr:1039 - genDependencies : Invalid condition id : UX DEVICE CLASS RTOS Condition cause : null
2023-09-29 14:29:01,594 [WARN] ConditionMgr:1039 - genDependencies : Invalid condition id : UX DEVICE CLASS RTOS Condition cause : null
2023-09-29 14:29:01,596 [WARN] ConditionMgr:1039 - genDependencies : Invalid condition id : UX DEVICE CLASS RTOS Condition cause : null
2023-09-29 14:29:01,596 [WARN] ConditionMgr:1039 - genDependencies : Invalid condition id : UX DEVICE CLASS RTOS Condition cause : null
2023-09-29 14:29:01,622 [WARN] PackLoader:240 - Cannot read IP mode file for STMicroelectronics.X-CUBE-NFC7.1.0.1
2023-09-29 14:29:01,650 [WARN] PackLoader:240 - Cannot read IP mode file for STMicroelectronics.X-CUBE-NFC6.3.0.0
2023-09-29 14:29:01,677 [WARN] PackLoader:240 - Cannot read IP mode file for STMicroelectronics.X-CUBE-EEPRMA1.4.1.0
2023-09-29 14:29:01,690 [WARN] PackLoader:240 - Cannot read IP mode file for STMicroelectronics.X-CUBE-AI.8.1.0
2023-09-29 14:29:01,758 [WARN] ConditionMgr:438 - getConditionDescription Invalid condition id : LAN8742 Phy interface Condition cause : null
2023-09-29 14:29:01,760 [WARN] PackLoader:240 - Cannot read IP mode file for STMicroelectronics.X-CUBE-AZRTOS-L4.2.0.0
2023-09-29 14:29:01,764 [WARN] ConditionMgr:1039 - genDependencies : Invalid condition id : LAN8742 Phy interface Condition cause : null
2023-09-29 14:29:01,764 [WARN] ConditionMgr:1039 - genDependencies : Invalid condition id : LAN8742 Phy interface Condition cause : null
2023-09-29 14:29:01,767 [WARN] ConditionMgr:1039 - genDependencies : Invalid condition id : LAN8742 Phy interface Condition cause : null
2023-09-29 14:29:01,790 [WARN] PackLoader:240 - Cannot read IP mode file for STMicroelectronics.X-CUBE-SFXS2LP1.4.0.0
2023-09-29 14:29:01,808 [WARN] PackLoader:240 - Cannot read IP mode file for STMicroelectronics.X-CUBE-ISPU.1.1.0
2023-09-29 14:29:01,849 [WARN] ConditionMgr:438 - getConditionDescription Invalid condition id : UX DEVICE CLASS RTOS Condition cause : null
2023-09-29 14:29:01,850 [WARN] ConditionMgr:438 - getConditionDescription Invalid condition id : UX DEVICE CLASS RTOS Condition cause : null
2023-09-29 14:29:01,859 [WARN] PackLoader:240 - Cannot read IP mode file for STMicroelectronics.X-CUBE-AZRTOS-WB.2.0.0
2023-09-29 14:29:01,861 [WARN] ConditionMgr:1039 - genDependencies : Invalid condition id : UX DEVICE CLASS RTOS Condition cause : null
2023-09-29 14:29:01,862 [WARN] ConditionMgr:1039 - genDependencies : Invalid condition id : UX DEVICE CLASS RTOS Condition cause : null
2023-09-29 14:29:01,864 [WARN] ConditionMgr:1039 - genDependencies : Invalid condition id : UX DEVICE CLASS RTOS Condition cause : null
2023-09-29 14:29:01,866 [WARN] ConditionMgr:1039 - genDependencies : Invalid condition id : UX DEVICE CLASS RTOS Condition cause : null
2023-09-29 14:29:01,866 [WARN] ConditionMgr:1039 - genDependencies : Invalid condition id : UX DEVICE CLASS RTOS Condition cause : null
2023-09-29 14:29:01,903 [WARN] PackLoader:240 - Cannot read IP mode file for STMicroelectronics.X-CUBE-SUBG2.5.0.0
2023-09-29 14:29:01,964 [WARN] PackLoader:240 - Cannot read IP mode file for STMicroelectronics.X-CUBE-TOF1.3.3.1
2023-09-29 14:29:02,020 [WARN] PackLoader:240 - Cannot read IP mode file for STMicroelectronics.X-CUBE-AZRTOS-G4.2.0.0
2023-09-29 14:29:02,039 [WARN] PackLoader:240 - Cannot read IP mode file for STMicroelectronics.X-CUBE-FREERTOS.1.1.0
2023-09-29 14:29:02,057 [WARN] PackLoader:240 - Cannot read IP mode file for portGmbH.I-Cube-SoM-uGOAL.1.1.0
2023-09-29 14:29:02,068 [WARN] PackLoader:240 - Cannot read IP mode file for STMicroelectronics.X-CUBE-ALS.1.0.1
2023-09-29 14:29:02,078 [WARN] PackLoader:240 - Cannot read IP mode file for STMicroelectronics.FP-ATR-ASTRA1.2.0.0
2023-09-29 14:29:02,080 [INFO] ThirdParty:978 - Integrity check success = true
2023-09-29 14:29:02,080 [INFO] IntegrityCheckThread:100 - exiting critical section [integrity check]
2023-09-29 14:29:02,081 [INFO] IntegrityCheckThread:103 - End integrity checks thread
2023-09-29 14:29:19,375 [ERROR] LogOutputStream:75 - [STDERR_REDIRECT] SLF4J: Failed to load class "org.slf4j.impl.StaticLoggerBinder".
2023-09-29 14:29:19,376 [ERROR] LogOutputStream:75 - [STDERR_REDIRECT] SLF4J: Defaulting to no-operation (NOP) logger implementation
2023-09-29 14:29:19,380 [ERROR] LogOutputStream:75 - [STDERR_REDIRECT] SLF4J: See http://www.slf4j.org/codes.html#StaticLoggerBinder for further details.
