2023-10-01 21:54:07,370 [INFO] Activator:176 - 


2023-10-01 21:54:07,379 [INFO] Activator:177 - !SESSION log4j initialized
2023-10-01 21:54:11,925 [INFO] LogOutputStream:77 - [STDOUT_REDIRECT] 
2023-10-01 21:54:15,096 [INFO] ApplicationProperties:184 - Using Application install path: C:\ST\STM32CubeIDE_1.13.1\STM32CubeIDE\plugins\com.st.stm32cube.common.mx_6.9.1.202307191849
2023-10-01 21:54:15,123 [INFO] DbMcusXml:78 - Set database path to: C:\ST\STM32CubeIDE_1.13.1\STM32CubeIDE\plugins\com.st.stm32cube.common.mx_6.9.1.202307191849\\db\/mcu/
2023-10-01 21:54:15,124 [INFO] ApiDb:274 - Set plugin database path to: C:\ST\STM32CubeIDE_1.13.1\STM32CubeIDE\plugins\com.st.stm32cube.common.mx_6.9.1.202307191849\\db\/plugins/boardmanager/
2023-10-01 21:54:15,124 [WARN] ApiDb:259 - Overriding images path with different value:  => C:\ST\STM32CubeIDE_1.13.1\STM32CubeIDE\plugins\com.st.stm32cube.common.mx_6.9.1.202307191849\\db\/plugins/mcufinder/images/
2023-10-01 21:54:15,141 [INFO] ApiDb:250 - Set database path to: C:\Users\brbar\.stmcufinder\plugins\mcufinder//mcu/
2023-10-01 21:54:15,145 [INFO] DbMcusAds:125 - Set database path to: C:\Users\brbar\.stmcufinder\plugins\mcufinder//mcu/
2023-10-01 21:54:15,147 [INFO] CrossReferenceDbSqlite:203 - Set database path to: C:\Users\brbar\.stmcufinder\plugins\mcufinder//mcu/cs/
2023-10-01 21:54:15,302 [INFO] RulesReader:64 - Compatibility file has been processed (293 Rules)
2023-10-01 21:54:15,408 [INFO] DbMcusXml:78 - Set database path to: C:\ST\STM32CubeIDE_1.13.1\STM32CubeIDE\plugins\com.st.stm32cube.common.mx_6.9.1.202307191849\\db\/mcu/
2023-10-01 21:54:15,408 [INFO] ApiDb:274 - Set plugin database path to: C:\ST\STM32CubeIDE_1.13.1\STM32CubeIDE\plugins\com.st.stm32cube.common.mx_6.9.1.202307191849\\db\/plugins/boardmanager/
2023-10-01 21:54:15,408 [INFO] ApiDb:261 - Set plugin images path to: C:\ST\STM32CubeIDE_1.13.1\STM32CubeIDE\plugins\com.st.stm32cube.common.mx_6.9.1.202307191849\\db\/plugins/mcufinder/images/
2023-10-01 21:54:15,408 [WARN] DbFile:41 - Overriding database path with different value: C:\Users\brbar\.stmcufinder\plugins\mcufinder/ => C:\Users\brbar\.stmcufinder\plugins\mcufinder
2023-10-01 21:54:15,408 [INFO] ApiDb:250 - Set database path to: C:\Users\brbar\.stmcufinder\plugins\mcufinder//mcu/
2023-10-01 21:54:15,408 [WARN] DbFile:41 - Overriding database path with different value: C:\Users\brbar\.stmcufinder\plugins\mcufinder/ => C:\Users\brbar\.stmcufinder\plugins\mcufinder
2023-10-01 21:54:15,410 [INFO] DbMcusAds:125 - Set database path to: C:\Users\brbar\.stmcufinder\plugins\mcufinder//mcu/
2023-10-01 21:54:15,410 [WARN] DbFile:41 - Overriding database path with different value: C:\Users\brbar\.stmcufinder\plugins\mcufinder/ => C:\Users\brbar\.stmcufinder\plugins\mcufinder
2023-10-01 21:54:15,410 [WARN] DbFile:41 - Overriding database path with different value: C:\Users\brbar\.stmcufinder\plugins\mcufinder/ => C:\Users\brbar\.stmcufinder\plugins\mcufinder
2023-10-01 21:54:15,410 [INFO] CrossReferenceDbSqlite:203 - Set database path to: C:\Users\brbar\.stmcufinder\plugins\mcufinder//mcu/cs/
2023-10-01 21:54:15,524 [INFO] MainPanel:262 - HeapMemory: 268435456
2023-10-01 21:54:15,643 [INFO] DbMcusXml:78 - Set database path to: C:\ST\STM32CubeIDE_1.13.1\STM32CubeIDE\plugins\com.st.stm32cube.common.mx_6.9.1.202307191849\\db\/mcu/
2023-10-01 21:54:15,644 [INFO] ApiDb:274 - Set plugin database path to: C:\ST\STM32CubeIDE_1.13.1\STM32CubeIDE\plugins\com.st.stm32cube.common.mx_6.9.1.202307191849\\db\/plugins/boardmanager/
2023-10-01 21:54:15,644 [INFO] ApiDb:261 - Set plugin images path to: C:\ST\STM32CubeIDE_1.13.1\STM32CubeIDE\plugins\com.st.stm32cube.common.mx_6.9.1.202307191849\\db\/plugins/mcufinder/images/
2023-10-01 21:54:15,644 [WARN] DbFile:41 - Overriding database path with different value: C:\Users\brbar\.stmcufinder\plugins\mcufinder/ => C:\Users\brbar\.stmcufinder\plugins\mcufinder
2023-10-01 21:54:15,645 [INFO] ApiDb:250 - Set database path to: C:\Users\brbar\.stmcufinder\plugins\mcufinder//mcu/
2023-10-01 21:54:15,645 [WARN] DbFile:41 - Overriding database path with different value: C:\Users\brbar\.stmcufinder\plugins\mcufinder/ => C:\Users\brbar\.stmcufinder\plugins\mcufinder
2023-10-01 21:54:15,645 [INFO] DbMcusAds:125 - Set database path to: C:\Users\brbar\.stmcufinder\plugins\mcufinder//mcu/
2023-10-01 21:54:15,645 [WARN] DbFile:41 - Overriding database path with different value: C:\Users\brbar\.stmcufinder\plugins\mcufinder/ => C:\Users\brbar\.stmcufinder\plugins\mcufinder
2023-10-01 21:54:15,645 [WARN] DbFile:41 - Overriding database path with different value: C:\Users\brbar\.stmcufinder\plugins\mcufinder/ => C:\Users\brbar\.stmcufinder\plugins\mcufinder
2023-10-01 21:54:15,645 [INFO] CrossReferenceDbSqlite:203 - Set database path to: C:\Users\brbar\.stmcufinder\plugins\mcufinder//mcu/cs/
2023-10-01 21:54:15,668 [INFO] ApplicationProperties:184 - Using Application install path: C:\ST\STM32CubeIDE_1.13.1\STM32CubeIDE\plugins\com.st.stm32cube.common.mx_6.9.1.202307191849
2023-10-01 21:54:15,670 [INFO] PluginManage:196 - Search for loadable plugins [exclusion list=, ]
2023-10-01 21:54:15,671 [INFO] PluginManage:310 - Check plugin analytics
2023-10-01 21:54:15,880 [INFO] AnalyticsPlugin:253 - Accepted Software Licenses: 
2023-10-01 21:54:15,880 [INFO] AnalyticsPlugin:255 - Accepted CMSIS Pack Licenses: 
2023-10-01 21:54:15,880 [INFO] AnalyticsPlugin:257 - Accepted Firmware Licenses: 
2023-10-01 21:54:15,883 [INFO] PluginManage:359 - Loaded plugin analytics (category:tool,tabindex:-1)
2023-10-01 21:54:15,884 [INFO] PluginManage:310 - Check plugin cadmodel
2023-10-01 21:54:15,891 [INFO] CADModel:105 - Init CAD model plugin
2023-10-01 21:54:15,891 [INFO] PluginManage:359 - Loaded plugin cadmodel (category:power,tabindex:5)
2023-10-01 21:54:15,891 [INFO] PluginManage:310 - Check plugin clock
2023-10-01 21:54:15,901 [INFO] PluginManage:359 - Loaded plugin clock (category:base,tabindex:2)
2023-10-01 21:54:15,902 [INFO] PluginManage:310 - Check plugin ddr
2023-10-01 21:54:15,905 [INFO] PluginManage:359 - Loaded plugin ddr (category:tool,tabindex:6)
2023-10-01 21:54:15,905 [INFO] PluginManage:310 - Check plugin filemanager
2023-10-01 21:54:16,075 [INFO] PluginManage:359 - Loaded plugin filemanager (category:base,tabindex:10)
2023-10-01 21:54:16,076 [INFO] PluginManage:310 - Check plugin ipmanager
2023-10-01 21:54:16,087 [INFO] PluginManage:359 - Loaded plugin ipmanager (category:base,tabindex:5)
2023-10-01 21:54:16,087 [INFO] PluginManage:310 - Check plugin lpbam
2023-10-01 21:54:16,100 [INFO] PluginManage:359 - Loaded plugin lpbam (category:base,tabindex:0)
2023-10-01 21:54:16,100 [INFO] PluginManage:310 - Check plugin memorymap
2023-10-01 21:54:16,122 [INFO] PluginManage:359 - Loaded plugin memorymap (category:base,tabindex:4)
2023-10-01 21:54:16,122 [INFO] PluginManage:310 - Check plugin pinoutandconfiguration
2023-10-01 21:54:16,134 [INFO] PluginManage:359 - Loaded plugin pinoutandconfiguration (category:base,tabindex:1)
2023-10-01 21:54:16,134 [INFO] PluginManage:310 - Check plugin pinoutconfig
2023-10-01 21:54:16,263 [WARN] SupportedApi:132 - Cannot load RTOS API schema: s4s-elt-must-match.1: The content of 'definitions' must match (annotation?, (simpleType | complexType)?, (unique | key | keyref)*)). A problem was found starting at: attribute.
2023-10-01 21:54:16,500 [INFO] PluginManage:359 - Loaded plugin pinoutconfig (category:base,tabindex:0)
2023-10-01 21:54:16,500 [INFO] PluginManage:310 - Check plugin power
2023-10-01 21:54:16,518 [INFO] PluginManage:359 - Loaded plugin power (category:power,tabindex:4)
2023-10-01 21:54:16,518 [INFO] PluginManage:310 - Check plugin projectmanager
2023-10-01 21:54:16,538 [INFO] PluginManage:359 - Loaded plugin projectmanager (category:projectmanager,tabindex:3)
2023-10-01 21:54:16,539 [INFO] PluginManage:310 - Check plugin thirdparty
2023-10-01 21:54:16,743 [INFO] PluginManage:359 - Loaded plugin thirdparty (category:base,tabindex:-1)
2023-10-01 21:54:16,743 [INFO] PluginManage:310 - Check plugin tools
2023-10-01 21:54:16,743 [WARN] IntegrityCheckThread:84 - waiting for thirdparty lock release [integrity check]
2023-10-01 21:54:16,743 [INFO] IntegrityCheckThread:86 - entering critical section [integrity check]
2023-10-01 21:54:16,744 [INFO] ThirdPartyUpdaterWithRetryManager:70 - Updater plugin not ready yet. [1/15]
2023-10-01 21:54:16,746 [INFO] PluginManage:359 - Loaded plugin tools (category:base,tabindex:7)
2023-10-01 21:54:16,746 [INFO] PluginManage:310 - Check plugin tutovideos
2023-10-01 21:54:16,966 [INFO] PluginManage:359 - Loaded plugin tutovideos (category:base,tabindex:-1)
2023-10-01 21:54:16,966 [INFO] PluginManage:310 - Check plugin updater
2023-10-01 21:54:16,980 [INFO] PluginManage:359 - Loaded plugin updater (category:base,tabindex:12)
2023-10-01 21:54:16,980 [INFO] PluginManage:310 - Check plugin userauth
2023-10-01 21:54:16,989 [INFO] UserAuth:113 - Init User Auth plugin
2023-10-01 21:54:16,989 [INFO] PluginManage:359 - Loaded plugin userauth (category:base,tabindex:14)
2023-10-01 21:54:16,989 [INFO] PluginManage:283 - PluginManage : Loaded plugins [17]
2023-10-01 21:54:17,263 [INFO] PinOutPanel:1499 - setPackage(No Configuration,No Configuration)
2023-10-01 21:54:17,392 [INFO] CADModel:165 - CPN selected for project level
2023-10-01 21:54:17,393 [INFO] CADModel:114 - Register for checkConnection events
2023-10-01 21:54:17,412 [INFO] IPUIPlugin:80 - create IPUIPlugin
2023-10-01 21:54:17,412 [INFO] PluginManager:220 - loadIPPluginJar : add adc
2023-10-01 21:54:17,415 [INFO] IPUIPlugin:80 - create IPUIPlugin
2023-10-01 21:54:17,415 [INFO] PluginManager:220 - loadIPPluginJar : add aes
2023-10-01 21:54:17,418 [INFO] IPUIPlugin:80 - create IPUIPlugin
2023-10-01 21:54:17,418 [INFO] PluginManager:220 - loadIPPluginJar : add can
2023-10-01 21:54:17,420 [INFO] IPUIPlugin:80 - create IPUIPlugin
2023-10-01 21:54:17,420 [INFO] PluginManager:220 - loadIPPluginJar : add comp
2023-10-01 21:54:17,425 [INFO] IPUIPlugin:80 - create IPUIPlugin
2023-10-01 21:54:17,425 [INFO] PluginManager:220 - loadIPPluginJar : add cryp
2023-10-01 21:54:17,428 [INFO] IPUIPlugin:80 - create IPUIPlugin
2023-10-01 21:54:17,428 [INFO] PluginManager:220 - loadIPPluginJar : add dfsdm
2023-10-01 21:54:17,436 [INFO] IPUIPlugin:80 - create IPUIPlugin
2023-10-01 21:54:17,437 [INFO] PluginManager:220 - loadIPPluginJar : add dma
2023-10-01 21:54:17,441 [INFO] IPUIPlugin:80 - create IPUIPlugin
2023-10-01 21:54:17,441 [INFO] PluginManager:220 - loadIPPluginJar : add dma3
2023-10-01 21:54:17,444 [INFO] IPUIPlugin:80 - create IPUIPlugin
2023-10-01 21:54:17,444 [INFO] PluginManager:220 - loadIPPluginJar : add fatfs
2023-10-01 21:54:17,450 [INFO] IPUIPlugin:80 - create IPUIPlugin
2023-10-01 21:54:17,450 [INFO] PluginManager:220 - loadIPPluginJar : add fmc
2023-10-01 21:54:17,460 [INFO] IPUIPlugin:80 - create IPUIPlugin
2023-10-01 21:54:17,460 [INFO] PluginManager:220 - loadIPPluginJar : add freertos
2023-10-01 21:54:17,462 [INFO] IPUIPlugin:80 - create IPUIPlugin
2023-10-01 21:54:17,463 [INFO] PluginManager:220 - loadIPPluginJar : add genericplugin
2023-10-01 21:54:17,466 [INFO] IPUIPlugin:80 - create IPUIPlugin
2023-10-01 21:54:17,466 [INFO] PluginManager:220 - loadIPPluginJar : add gfxmmu
2023-10-01 21:54:17,472 [INFO] IPUIPlugin:80 - create IPUIPlugin
2023-10-01 21:54:17,472 [INFO] PluginManager:220 - loadIPPluginJar : add gic
2023-10-01 21:54:17,478 [INFO] IPUIPlugin:80 - create IPUIPlugin
2023-10-01 21:54:17,478 [INFO] PluginManager:220 - loadIPPluginJar : add gpio
2023-10-01 21:54:17,483 [INFO] IPUIPlugin:80 - create IPUIPlugin
2023-10-01 21:54:17,483 [INFO] PluginManager:220 - loadIPPluginJar : add gtzc
2023-10-01 21:54:17,485 [INFO] IPUIPlugin:80 - create IPUIPlugin
2023-10-01 21:54:17,485 [INFO] PluginManager:220 - loadIPPluginJar : add hash
2023-10-01 21:54:17,489 [INFO] IPUIPlugin:80 - create IPUIPlugin
2023-10-01 21:54:17,489 [INFO] PluginManager:220 - loadIPPluginJar : add i2c
2023-10-01 21:54:17,492 [INFO] IPUIPlugin:80 - create IPUIPlugin
2023-10-01 21:54:17,493 [INFO] PluginManager:220 - loadIPPluginJar : add i2s
2023-10-01 21:54:17,497 [INFO] IPUIPlugin:80 - create IPUIPlugin
2023-10-01 21:54:17,497 [INFO] PluginManager:220 - loadIPPluginJar : add i3c
2023-10-01 21:54:17,502 [INFO] IPUIPlugin:80 - create IPUIPlugin
2023-10-01 21:54:17,502 [INFO] PluginManager:220 - loadIPPluginJar : add ipddr
2023-10-01 21:54:17,513 [INFO] IPUIPlugin:80 - create IPUIPlugin
2023-10-01 21:54:17,513 [INFO] PluginManager:220 - loadIPPluginJar : add linkedlist
2023-10-01 21:54:17,517 [INFO] IPUIPlugin:80 - create IPUIPlugin
2023-10-01 21:54:17,517 [INFO] PluginManager:220 - loadIPPluginJar : add lorawan
2023-10-01 21:54:17,519 [INFO] IPUIPlugin:80 - create IPUIPlugin
2023-10-01 21:54:17,519 [INFO] PluginManager:220 - loadIPPluginJar : add ltdc
2023-10-01 21:54:17,528 [INFO] IPUIPlugin:80 - create IPUIPlugin
2023-10-01 21:54:17,528 [INFO] PluginManager:220 - loadIPPluginJar : add mdma
2023-10-01 21:54:17,536 [INFO] IPUIPlugin:80 - create IPUIPlugin
2023-10-01 21:54:17,536 [INFO] PluginManager:220 - loadIPPluginJar : add nvic
2023-10-01 21:54:17,541 [INFO] IPUIPlugin:80 - create IPUIPlugin
2023-10-01 21:54:17,541 [INFO] PluginManager:220 - loadIPPluginJar : add opamp
2023-10-01 21:54:17,545 [INFO] IPUIPlugin:80 - create IPUIPlugin
2023-10-01 21:54:17,546 [INFO] PluginManager:220 - loadIPPluginJar : add openamp
2023-10-01 21:54:17,551 [INFO] IPUIPlugin:80 - create IPUIPlugin
2023-10-01 21:54:17,551 [INFO] PluginManager:220 - loadIPPluginJar : add pdm2pcm
2023-10-01 21:54:17,559 [INFO] IPUIPlugin:80 - create IPUIPlugin
2023-10-01 21:54:17,562 [INFO] PluginManager:220 - loadIPPluginJar : add plateformsettings
2023-10-01 21:54:17,564 [INFO] IPUIPlugin:80 - create IPUIPlugin
2023-10-01 21:54:17,564 [INFO] PluginManager:220 - loadIPPluginJar : add quadspi
2023-10-01 21:54:17,570 [INFO] IPUIPlugin:80 - create IPUIPlugin
2023-10-01 21:54:17,570 [INFO] PluginManager:220 - loadIPPluginJar : add resmgrutility
2023-10-01 21:54:17,574 [INFO] IPUIPlugin:80 - create IPUIPlugin
2023-10-01 21:54:17,575 [INFO] PluginManager:220 - loadIPPluginJar : add sai
2023-10-01 21:54:17,579 [INFO] IPUIPlugin:80 - create IPUIPlugin
2023-10-01 21:54:17,579 [INFO] PluginManager:220 - loadIPPluginJar : add spi
2023-10-01 21:54:17,585 [INFO] IPUIPlugin:80 - create IPUIPlugin
2023-10-01 21:54:17,585 [INFO] PluginManager:220 - loadIPPluginJar : add stm32_wpan
2023-10-01 21:54:17,588 [INFO] IPUIPlugin:80 - create IPUIPlugin
2023-10-01 21:54:17,588 [INFO] PluginManager:220 - loadIPPluginJar : add tim
2023-10-01 21:54:17,591 [INFO] IPUIPlugin:80 - create IPUIPlugin
2023-10-01 21:54:17,592 [INFO] PluginManager:220 - loadIPPluginJar : add touchsensing
2023-10-01 21:54:17,594 [INFO] IPUIPlugin:80 - create IPUIPlugin
2023-10-01 21:54:17,594 [INFO] PluginManager:220 - loadIPPluginJar : add tracer_emb
2023-10-01 21:54:17,596 [INFO] IPUIPlugin:80 - create IPUIPlugin
2023-10-01 21:54:17,596 [INFO] PluginManager:220 - loadIPPluginJar : add ts
2023-10-01 21:54:17,598 [INFO] IPUIPlugin:80 - create IPUIPlugin
2023-10-01 21:54:17,598 [INFO] PluginManager:220 - loadIPPluginJar : add tsc
2023-10-01 21:54:17,600 [INFO] IPUIPlugin:80 - create IPUIPlugin
2023-10-01 21:54:17,600 [INFO] PluginManager:220 - loadIPPluginJar : add ucpd
2023-10-01 21:54:17,604 [INFO] IPUIPlugin:80 - create IPUIPlugin
2023-10-01 21:54:17,604 [INFO] PluginManager:220 - loadIPPluginJar : add usart
2023-10-01 21:54:17,607 [INFO] IPUIPlugin:80 - create IPUIPlugin
2023-10-01 21:54:17,608 [INFO] PluginManager:220 - loadIPPluginJar : add usbx
2023-10-01 21:54:17,743 [INFO] CADModel:165 - CPN selected for project level
2023-10-01 21:54:17,745 [INFO] CADModel:114 - Register for checkConnection events
2023-10-01 21:54:17,745 [FATAL] Updater:308 - Updater called before beeing initialized
2023-10-01 21:54:17,745 [ERROR] CADModel:125 - Updater not yet initialized, retry later 
2023-10-01 21:54:17,922 [INFO] CADModel:165 - CPN selected for project level
2023-10-01 21:54:17,922 [INFO] CADModel:114 - Register for checkConnection events
2023-10-01 21:54:17,922 [FATAL] Updater:308 - Updater called before beeing initialized
2023-10-01 21:54:17,922 [ERROR] CADModel:125 - Updater not yet initialized, retry later 
2023-10-01 21:54:17,926 [FATAL] Updater:308 - Updater called before beeing initialized
2023-10-01 21:54:18,070 [FATAL] Updater:308 - Updater called before beeing initialized
2023-10-01 21:54:18,076 [INFO] DbMcusAds:53 - JSON generation date=Tue Mar 07 10:50:55 EET 2023 (1678179055335)
2023-10-01 21:54:18,076 [FATAL] Updater:308 - Updater called before beeing initialized
2023-10-01 21:54:18,152 [WARN] DetailPanel:346 - Failed to get advertising image, set to default
2023-10-01 21:54:18,265 [FATAL] Updater:308 - Updater called before beeing initialized
2023-10-01 21:54:18,268 [FATAL] Updater:308 - Updater called before beeing initialized
2023-10-01 21:54:18,268 [FATAL] Updater:308 - Updater called before beeing initialized
2023-10-01 21:54:18,268 [WARN] DetailPanel:346 - Failed to get advertising image, set to default
2023-10-01 21:54:18,270 [FATAL] Updater:308 - Updater called before beeing initialized
2023-10-01 21:54:18,339 [ERROR] Updater:1120 - MainUpdater not yet initialized. External WinMGr cannot be set.
2023-10-01 21:54:18,342 [INFO] Updater:1056 - Updater Version found : 6.9.1
2023-10-01 21:54:18,367 [INFO] ApplicationProperties:184 - Using Application install path: C:\ST\STM32CubeIDE_1.13.1\STM32CubeIDE\plugins\com.st.stm32cube.common.mx_6.9.1.202307191849
2023-10-01 21:54:19,478 [INFO] MainUpdater:2868 - connection check result : 10
2023-10-01 21:54:19,478 [INFO] MainUpdater:3562 - Updater definition file requires update
2023-10-01 21:54:19,481 [INFO] MainUpdater:285 - Updater Check For Update Now.
2023-10-01 21:54:19,482 [INFO] MicroXplorer:498 - Change Database Version : DB.6.0.91
2023-10-01 21:54:19,492 [INFO] McuFinderGlobals:63 - Set McuFinder mode to 2 (CubeIDE integrated)
2023-10-01 21:54:19,747 [WARN] MainUpdater:1189 - Updater busy. Cannot search thirdparties
2023-10-01 21:54:19,748 [INFO] ThirdPartyUpdaterWithRetryManager:96 - Updater plugin is busy. [1/15]
2023-10-01 21:54:21,159 [INFO] ServerAccessManage:473 - Download File updaters.zip
2023-10-01 21:54:22,750 [WARN] MainUpdater:1189 - Updater busy. Cannot search thirdparties
2023-10-01 21:54:22,750 [INFO] ThirdPartyUpdaterWithRetryManager:96 - Updater plugin is busy. [2/15]
2023-10-01 21:54:25,752 [WARN] MainUpdater:1189 - Updater busy. Cannot search thirdparties
2023-10-01 21:54:25,752 [INFO] ThirdPartyUpdaterWithRetryManager:96 - Updater plugin is busy. [3/15]
2023-10-01 21:54:28,753 [WARN] MainUpdater:1189 - Updater busy. Cannot search thirdparties
2023-10-01 21:54:28,753 [INFO] ThirdPartyUpdaterWithRetryManager:96 - Updater plugin is busy. [4/15]
2023-10-01 21:54:31,582 [INFO] FileExtend:240 - Unzip File : updaters.zip
2023-10-01 21:54:31,582 [INFO] FileExtend:255 - Standard Zip Deflate
2023-10-01 21:54:31,755 [WARN] MainUpdater:1189 - Updater busy. Cannot search thirdparties
2023-10-01 21:54:31,755 [INFO] ThirdPartyUpdaterWithRetryManager:96 - Updater plugin is busy. [5/15]
2023-10-01 21:54:33,554 [INFO] ServerAccessManage:473 - Download File PacksControlFlags.xml
2023-10-01 21:54:34,758 [WARN] MainUpdater:1189 - Updater busy. Cannot search thirdparties
2023-10-01 21:54:34,758 [INFO] ThirdPartyUpdaterWithRetryManager:96 - Updater plugin is busy. [6/15]
2023-10-01 21:54:37,685 [INFO] ServerAccessManage:473 - Download File cubemx.pidx
2023-10-01 21:54:37,760 [WARN] MainUpdater:1189 - Updater busy. Cannot search thirdparties
2023-10-01 21:54:37,760 [INFO] ThirdPartyUpdaterWithRetryManager:96 - Updater plugin is busy. [7/15]
2023-10-01 21:54:37,816 [INFO] LoadServerUpdatesThread:373 - End of LoadServerUpdate Thread
2023-10-01 21:54:37,993 [INFO] CheckServerUpdateThread:120 - End of CheckServer Thread
2023-10-01 21:54:40,984 [WARN] PackLoader:240 - Cannot read IP mode file for STMicroelectronics.X-CUBE-SMBUS.2.1.0
2023-10-01 21:54:41,033 [WARN] PackLoader:240 - Cannot read IP mode file for STMicroelectronics.X-CUBE-AZRTOS-F7.1.1.0
2023-10-01 21:54:41,049 [WARN] PackLoader:240 - Cannot read IP mode file for STMicroelectronics.FP-SNS-MOTENV1.4.3.2
2023-10-01 21:54:41,060 [WARN] PackLoader:240 - Cannot read IP mode file for STMicroelectronics.FP-SNS-FLIGHT1.5.0.2
2023-10-01 21:54:41,072 [WARN] PackLoader:240 - Cannot read IP mode file for STMicroelectronics.X-CUBE-DISPLAY.3.0.0
2023-10-01 21:54:41,092 [WARN] PackLoader:240 - Cannot read IP mode file for STMicroelectronics.X-CUBE-BLE1.7.0.0
2023-10-01 21:54:41,100 [WARN] PackLoader:240 - Cannot read IP mode file for emotas.I-CUBE-CANOPEN.1.3.0
2023-10-01 21:54:41,108 [WARN] PackLoader:240 - Cannot read IP mode file for STMicroelectronics.X-CUBE-TOUCHGFX.4.22.0
2023-10-01 21:54:41,115 [WARN] PackLoader:240 - Cannot read IP mode file for STMicroelectronics.FP-SNS-SMARTAG2.1.2.0
2023-10-01 21:54:41,131 [INFO] LogOutputStream:77 - [STDOUT_REDIRECT] 1 : Invalid condition id : UX_CORESTACK_Condition cause : null
2023-10-01 21:54:41,132 [INFO] LogOutputStream:77 - [STDOUT_REDIRECT] 1 : Invalid condition id : UX_CORESTACK_Condition cause : null
2023-10-01 21:54:41,133 [INFO] LogOutputStream:77 - [STDOUT_REDIRECT] 1 : Invalid condition id : UX_CORESTACK_Condition cause : null
2023-10-01 21:54:41,134 [INFO] LogOutputStream:77 - [STDOUT_REDIRECT] 1 : Invalid condition id : UX_CORESTACK_Condition cause : null
2023-10-01 21:54:41,134 [INFO] LogOutputStream:77 - [STDOUT_REDIRECT] 1 : Invalid condition id : UX_CORESTACK_Condition cause : null
2023-10-01 21:54:41,139 [WARN] PackLoader:240 - Cannot read IP mode file for STMicroelectronics.X-CUBE-AZRTOS-WL.2.0.0
2023-10-01 21:54:41,154 [WARN] PackLoader:240 - Cannot read IP mode file for WES.I-CUBE-Cesium.1.3.0
2023-10-01 21:54:41,162 [WARN] PackLoader:240 - Cannot read IP mode file for STMicroelectronics.X-CUBE-BLE2.3.3.0
2023-10-01 21:54:41,173 [WARN] PackLoader:240 - Cannot read IP mode file for STMicroelectronics.X-CUBE-ALGOBUILD.1.3.0
2023-10-01 21:54:41,200 [WARN] PackLoader:240 - Cannot read IP mode file for STMicroelectronics.X-CUBE-AZRTOS-G0.1.1.0
2023-10-01 21:54:41,210 [WARN] PackLoader:240 - Cannot read IP mode file for STMicroelectronics.X-CUBE-NFC4.3.0.0
2023-10-01 21:54:41,219 [WARN] PackLoader:240 - Cannot read IP mode file for STMicroelectronics.FP-ATR-SIGFOX1.3.2.0
2023-10-01 21:54:41,285 [WARN] PackLoader:240 - Cannot read IP mode file for SEGGER.I-CUBE-embOS.1.3.1
2023-10-01 21:54:41,327 [WARN] PackLoader:240 - Cannot read IP mode file for STMicroelectronics.X-CUBE-GNSS1.6.0.0
2023-10-01 21:54:41,358 [WARN] PackLoader:240 - Cannot read IP mode file for STMicroelectronics.X-CUBE-AZRTOS-F4.1.1.0
2023-10-01 21:54:41,370 [WARN] PackLoader:240 - Cannot read IP mode file for wolfSSL.I-CUBE-wolfSSL.5.6.3
2023-10-01 21:54:41,393 [WARN] PackLoader:240 - Cannot read IP mode file for STMicroelectronics.X-CUBE-AZRTOS-L5.2.0.0
2023-10-01 21:54:41,440 [WARN] PackLoader:240 - Cannot read IP mode file for STMicroelectronics.X-CUBE-MEMS1.9.6.0
2023-10-01 21:54:41,573 [WARN] PackLoader:240 - Cannot read IP mode file for STMicroelectronics.X-CUBE-BLEMGR.2.0.0
2023-10-01 21:54:41,592 [WARN] ConditionMgr:438 - getConditionDescription Invalid condition id : UX DEVICE CLASS RTOS Condition cause : null
2023-10-01 21:54:41,592 [WARN] ConditionMgr:438 - getConditionDescription Invalid condition id : UX DEVICE CLASS RTOS Condition cause : null
2023-10-01 21:54:41,594 [WARN] PackLoader:240 - Cannot read IP mode file for STMicroelectronics.X-CUBE-AZRTOS-H7.3.1.0
2023-10-01 21:54:41,595 [WARN] ConditionMgr:1039 - genDependencies : Invalid condition id : UX DEVICE CLASS RTOS Condition cause : null
2023-10-01 21:54:41,595 [WARN] ConditionMgr:1039 - genDependencies : Invalid condition id : UX DEVICE CLASS RTOS Condition cause : null
2023-10-01 21:54:41,596 [WARN] ConditionMgr:1039 - genDependencies : Invalid condition id : UX DEVICE CLASS RTOS Condition cause : null
2023-10-01 21:54:41,596 [WARN] ConditionMgr:1039 - genDependencies : Invalid condition id : UX DEVICE CLASS RTOS Condition cause : null
2023-10-01 21:54:41,596 [WARN] ConditionMgr:1039 - genDependencies : Invalid condition id : UX DEVICE CLASS RTOS Condition cause : null
2023-10-01 21:54:41,603 [WARN] PackLoader:240 - Cannot read IP mode file for STMicroelectronics.X-CUBE-NFC7.1.0.1
2023-10-01 21:54:41,610 [WARN] PackLoader:240 - Cannot read IP mode file for STMicroelectronics.X-CUBE-NFC6.3.0.0
2023-10-01 21:54:41,617 [WARN] PackLoader:240 - Cannot read IP mode file for STMicroelectronics.X-CUBE-EEPRMA1.4.1.0
2023-10-01 21:54:41,624 [WARN] PackLoader:240 - Cannot read IP mode file for STMicroelectronics.X-CUBE-AI.8.1.0
2023-10-01 21:54:41,640 [WARN] ConditionMgr:438 - getConditionDescription Invalid condition id : LAN8742 Phy interface Condition cause : null
2023-10-01 21:54:41,641 [WARN] PackLoader:240 - Cannot read IP mode file for STMicroelectronics.X-CUBE-AZRTOS-L4.2.0.0
2023-10-01 21:54:41,643 [WARN] ConditionMgr:1039 - genDependencies : Invalid condition id : LAN8742 Phy interface Condition cause : null
2023-10-01 21:54:41,643 [WARN] ConditionMgr:1039 - genDependencies : Invalid condition id : LAN8742 Phy interface Condition cause : null
2023-10-01 21:54:41,644 [WARN] ConditionMgr:1039 - genDependencies : Invalid condition id : LAN8742 Phy interface Condition cause : null
2023-10-01 21:54:41,654 [WARN] PackLoader:240 - Cannot read IP mode file for STMicroelectronics.X-CUBE-SFXS2LP1.4.0.0
2023-10-01 21:54:41,659 [WARN] PackLoader:240 - Cannot read IP mode file for STMicroelectronics.X-CUBE-ISPU.1.1.0
2023-10-01 21:54:41,675 [WARN] ConditionMgr:438 - getConditionDescription Invalid condition id : UX DEVICE CLASS RTOS Condition cause : null
2023-10-01 21:54:41,676 [WARN] ConditionMgr:438 - getConditionDescription Invalid condition id : UX DEVICE CLASS RTOS Condition cause : null
2023-10-01 21:54:41,677 [WARN] PackLoader:240 - Cannot read IP mode file for STMicroelectronics.X-CUBE-AZRTOS-WB.2.0.0
2023-10-01 21:54:41,678 [WARN] ConditionMgr:1039 - genDependencies : Invalid condition id : UX DEVICE CLASS RTOS Condition cause : null
2023-10-01 21:54:41,679 [WARN] ConditionMgr:1039 - genDependencies : Invalid condition id : UX DEVICE CLASS RTOS Condition cause : null
2023-10-01 21:54:41,679 [WARN] ConditionMgr:1039 - genDependencies : Invalid condition id : UX DEVICE CLASS RTOS Condition cause : null
2023-10-01 21:54:41,679 [WARN] ConditionMgr:1039 - genDependencies : Invalid condition id : UX DEVICE CLASS RTOS Condition cause : null
2023-10-01 21:54:41,679 [WARN] ConditionMgr:1039 - genDependencies : Invalid condition id : UX DEVICE CLASS RTOS Condition cause : null
2023-10-01 21:54:41,689 [WARN] PackLoader:240 - Cannot read IP mode file for STMicroelectronics.X-CUBE-SUBG2.5.0.0
2023-10-01 21:54:41,704 [WARN] PackLoader:240 - Cannot read IP mode file for STMicroelectronics.X-CUBE-TOF1.3.3.1
2023-10-01 21:54:41,726 [WARN] PackLoader:240 - Cannot read IP mode file for STMicroelectronics.X-CUBE-AZRTOS-G4.2.0.0
2023-10-01 21:54:41,733 [WARN] PackLoader:240 - Cannot read IP mode file for STMicroelectronics.X-CUBE-FREERTOS.1.1.0
2023-10-01 21:54:41,739 [WARN] PackLoader:240 - Cannot read IP mode file for portGmbH.I-Cube-SoM-uGOAL.1.1.0
2023-10-01 21:54:41,745 [WARN] PackLoader:240 - Cannot read IP mode file for STMicroelectronics.X-CUBE-ALS.1.0.1
2023-10-01 21:54:41,750 [WARN] PackLoader:240 - Cannot read IP mode file for STMicroelectronics.FP-ATR-ASTRA1.2.0.0
2023-10-01 21:54:41,751 [INFO] ThirdParty:978 - Integrity check success = true
2023-10-01 21:54:41,751 [INFO] IntegrityCheckThread:100 - exiting critical section [integrity check]
2023-10-01 21:54:41,751 [INFO] IntegrityCheckThread:103 - End integrity checks thread
2023-10-01 21:54:49,696 [ERROR] LogOutputStream:75 - [STDERR_REDIRECT] SLF4J: Failed to load class "org.slf4j.impl.StaticLoggerBinder".
2023-10-01 21:54:49,697 [ERROR] LogOutputStream:75 - [STDERR_REDIRECT] SLF4J: Defaulting to no-operation (NOP) logger implementation
2023-10-01 21:54:49,698 [ERROR] LogOutputStream:75 - [STDERR_REDIRECT] SLF4J: See http://www.slf4j.org/codes.html#StaticLoggerBinder for further details.
2023-10-01 21:54:59,911 [INFO] McuFinderGlobals:63 - Set McuFinder mode to 2 (CubeIDE integrated)
2023-10-01 21:54:59,915 [INFO] MainUpdater:2868 - connection check result : 10
2023-10-01 21:54:59,918 [INFO] McuFinderGlobals:76 - Set McuFinderConnectedMode to true
2023-10-01 21:55:00,750 [INFO] ServerAccessManage:473 - Download File mcusAds.json._tmp_
2023-10-01 21:55:00,893 [INFO] LoadUrlFilesThread:156 - End of LoadUrlFiles Thread
2023-10-01 21:55:01,663 [INFO] ServerAccessManage:473 - Download File cube-finder-db.zip
2023-10-01 21:55:39,280 [INFO] FileExtend:240 - Unzip File : cube-finder-db.zip
2023-10-01 21:55:39,280 [INFO] FileExtend:255 - Standard Zip Deflate
2023-10-01 21:55:39,965 [INFO] LoadUrlFilesThread:156 - End of LoadUrlFiles Thread
2023-10-01 21:55:40,840 [INFO] ServerAccessManage:473 - Download File crdb.zip
2023-10-01 21:55:41,844 [INFO] FileExtend:240 - Unzip File : crdb.zip
2023-10-01 21:55:41,846 [INFO] FileExtend:255 - Standard Zip Deflate
2023-10-01 21:55:42,005 [INFO] LoadUrlFilesThread:156 - End of LoadUrlFiles Thread
2023-10-01 21:55:42,571 [INFO] ServerAccessManage:473 - Download File tutoVideoDB.zip
2023-10-01 21:55:42,686 [INFO] FileExtend:240 - Unzip File : tutoVideoDB.zip
2023-10-01 21:55:42,686 [INFO] FileExtend:255 - Standard Zip Deflate
2023-10-01 21:55:42,824 [INFO] LoadUrlFilesThread:156 - End of LoadUrlFiles Thread
2023-10-01 21:55:42,836 [WARN] DbFile:41 - Overriding database path with different value: C:\Users\brbar\.stmcufinder\plugins\mcufinder/ => C:\Users\brbar\.stmcufinder\plugins\mcufinder
2023-10-01 21:55:43,100 [INFO] ServerAccessManage:473 - Download File api_config.json
2023-10-01 21:55:43,240 [INFO] LoadUrlFilesThread:156 - End of LoadUrlFiles Thread
2023-10-01 21:55:43,248 [INFO] DbMcusAds:53 - JSON generation date=Tue Mar 07 10:50:55 EET 2023 (1678179055114)
2023-10-01 21:55:43,282 [INFO] LoadUrlFilesThread:185 - End of LoadServerUrlFiles without Thread
2023-10-01 21:55:43,282 [INFO] TargetSelectorAdapter:259 - Refresh data is successful
2023-10-01 21:55:43,409 [INFO] ApiDb:581 - Connected to CubeFinder SQLite database (C:\Users\brbar\.stmcufinder\plugins\mcufinder\mcu\cube-finder-db.db)
2023-10-01 21:55:43,488 [INFO] ApiDb:668 - CubeFinder database Data Model version=2.1
2023-10-01 21:55:43,488 [INFO] ApiDb:669 - CubeFinder database Configuration version=3.0.37
2023-10-01 21:55:43,488 [INFO] ApiDb:670 - CubeFinder database generation date=2023-08-09 (1691586011)
2023-10-01 21:55:43,488 [INFO] ApiDb:671 - CubeFinder database FW Pack versions=[FP-ATR-ASTRA1_V2.0.0, FP-SNS-FLIGHT1_V5.0.1, FP-SNS-FLIGHT1_V5.0.2, FP-SNS-MOTENV1_V4.3.1, FP-SNS-MOTENV1_V4.3.2, STM32Cube_FW_C0_V1.1.0, STM32Cube_FW_F4_V1.27.1, STM32Cube_FW_F7_V1.17.0, STM32Cube_FW_G0_V1.6.1, STM32Cube_FW_G4_V1.5.1, STM32Cube_FW_H5_V0.5.1, STM32Cube_FW_H5_V1.1.0, STM32Cube_FW_H7_V1.11.0, STM32Cube_FW_L0_V1.12.2, STM32Cube_FW_L5_V1.5.0, STM32Cube_FW_U5_V1.3.0, STM32Cube_FW_U5_V1.3.0RC4, STM32Cube_FW_WBA_V1.0.0RC1, STM32Cube_FW_WBA_V1.1.0, STM32Cube_FW_WBA_V1.1.0RC1, STM32Cube_FW_WB_V1.15.0RC1, STM32Cube_FW_WB_V1.16.0, STM32Cube_FW_WB_V1.16.0RC2, STM32Cube_FW_WB_V1.17.0, STM32Cube_FW_WL_V1.3.0, X-CUBE-ALGOBUILD_V1.3.0, X-CUBE-ALS_V1.0.1, X-CUBE-AZRTOS-F4_V1.1.0, X-CUBE-AZRTOS-F7_V1.1.0, X-CUBE-AZRTOS-G0_V1.1.0, X-CUBE-AZRTOS-G4_V2.0.0, X-CUBE-AZRTOS-H7_V3.1.0, X-CUBE-AZRTOS-L4_V1.0.0, X-CUBE-AZRTOS-L4_V2.0.0, X-CUBE-AZRTOS-L5_V1.1.0, X-CUBE-AZRTOS-WB_V1.1.0, X-CUBE-AZRTOS-WL_V2.0.0, X-CUBE-BLE1_V7.0.0, X-CUBE-BLE2_V3.3.0, X-CUBE-BLEMGR_V2.0.0, X-CUBE-EEPRMA1_V4.1.0, X-CUBE-FREERTOS_V1.1.0, X-CUBE-GNSS1_V6.0.0, X-CUBE-MEMS1_V9.1.0, X-CUBE-MEMS1_V9.4.0, X-CUBE-MEMS1_V9.6.0, X-CUBE-NFC4_V3.0.0, X-CUBE-NFC7_V1.0.0, X-CUBE-SFXS2LP1_V4.0.0, X-CUBE-SUBG2_V5.0.0, X-CUBE-TOF1_V3.3.1]
2023-10-01 21:55:45,509 [INFO] ApiDb:240 - Found 323 in-development CPN: [B-G473E-ZEST1S, B-WB1M-WPAN1, B-WL5M-SUBG1, NUCLEO-C031C6, NUCLEO-H503RB, NUCLEO-H563ZI, NUCLEO-U545RE-Q, NUCLEO-U5A5ZJ-Q, NUCLEO-WBA52CG, STEVAL-PROTEUS1, STEVAL-SMARTAG2, STEVAL-STWINBX1, STM320518-EVAL, STM32C0116-DK, STM32C011D6Y3TR, STM32C011D6Y6TR, STM32C011F4P3, STM32C011F4P6, STM32C011F4U3, STM32C011F4U6TR, STM32C011F6P3, STM32C011F6P6, STM32C011F6U3, STM32C011F6U6TR, STM32C011J4M3, STM32C011J4M6, STM32C011J6M3, STM32C011J6M6, STM32C0316-DK, STM32C031C4T3, STM32C031C4T6, STM32C031C4U3, STM32C031C4U6, STM32C031C6T3, STM32C031C6T6, STM32C031C6U3, STM32C031C6U6, STM32C031F4P3, STM32C031F4P6, STM32C031F6P3, STM32C031F6P6, STM32C031G4U3, STM32C031G4U6, STM32C031G6U3, STM32C031G6U6, STM32C031K4T3, STM32C031K4T6, STM32C031K4U3, STM32C031K4U6, STM32C031K6T3, STM32C031K6T6, STM32C031K6U3, STM32C031K6U6, STM32G071K8TXN, STM32G071K8UXN, STM32G081GBU6N, STM32G081KBT6N, STM32G081KBUXN, STM32G0B1CCT6N, STM32G0B1KCT6, STM32G0B1NEY6TR, STM32G0B1RCT6N, STM32G0C1CCT6, STM32G0C1CCT6N, STM32G0C1CCU6N, STM32G0C1CET6N, STM32G0C1CEU6N, STM32G0C1KCT6, STM32G0C1NEY6TR, STM32G0C1RCI6N, STM32G0C1RCT6N, STM32G0C1REI6N, STM32G0C1RET6N, STM32G0C1VCI6, STM32G0C1VEI6, STM32G471CCT6, STM32G471CCU6, STM32G471CET3, STM32G471CET6, STM32G471CEU3, STM32G471CEU6, STM32G471MCT6, STM32G471MET3, STM32G471MET6, STM32G471MEY6TR, STM32G471QCT6, STM32G471QET3, STM32G471RCT6, STM32G471RET3, STM32G471RET6, STM32G471VCH6, STM32G471VCI6, STM32G471VCT6, STM32G471VEH3, STM32G471VEH6, STM32G471VEI3, STM32G471VEI6, STM32G471VET3, STM32G471VET6, STM32G474CCT6, STM32H503CBT6, STM32H503CBU6, STM32H503EBY6TR, STM32H503KBU6, STM32H503RBT6, STM32H562AGI6, STM32H562AII6, STM32H562IGK6, STM32H562IGT6, STM32H562IIK6, STM32H562IIT6, STM32H562RGT6, STM32H562RGV6, STM32H562RIT6, STM32H562RIV6, STM32H562VGT6, STM32H562VIT6, STM32H562ZGT6, STM32H562ZIT6, STM32H563AGI6, STM32H563AII3Q, STM32H563AII6, STM32H563IGK6, STM32H563IGT6, STM32H563IIK3Q, STM32H563IIK6, STM32H563IIT3Q, STM32H563IIT6, STM32H563MIY3QTR, STM32H563RGT6, STM32H563RGV6, STM32H563RIT6, STM32H563RIV6, STM32H563VGT6, STM32H563VIT3Q, STM32H563VIT6, STM32H563ZGT6, STM32H563ZIT3Q, STM32H563ZIT6, STM32H573AII3Q, STM32H573AII6, STM32H573I-DK, STM32H573IIK3Q, STM32H573IIK6, STM32H573IIT3Q, STM32H573IIT6, STM32H573MIY3QTR, STM32H573RIT6, STM32H573RIV6, STM32H573VIT3Q, STM32H573VIT6, STM32H573ZIT3Q, STM32H573ZIT6, STM32L4R5QGI6STR, STM32MP131AAE3, STM32MP131AAF3, STM32MP131AAG3, STM32MP131CAE3, STM32MP131CAF3, STM32MP131CAG3, STM32MP131DAE7, STM32MP131DAF7, STM32MP131DAG7, STM32MP131FAE7, STM32MP131FAF7, STM32MP131FAG7, STM32MP133AAE3, STM32MP133AAF3, STM32MP133AAG3, STM32MP133CAE3, STM32MP133CAF3, STM32MP133CAG3, STM32MP133DAE7, STM32MP133DAF7, STM32MP133DAG7, STM32MP133FAE7, STM32MP133FAF7, STM32MP133FAG7, STM32MP135AAE3, STM32MP135AAF3, STM32MP135AAG3, STM32MP135CAE3, STM32MP135CAF3, STM32MP135CAG3, STM32MP135DAE7, STM32MP135DAF7, STM32MP135DAG7, STM32MP135F-DK, STM32MP135FAE7, STM32MP135FAF7, STM32MP135FAF7T, STM32MP135FAF7U, STM32MP135FAG7, STM32U535CBT6, STM32U535CBT6Q, STM32U535CBU6, STM32U535CBU6Q, STM32U535CCT6, STM32U535CCT6Q, STM32U535CCU6, STM32U535CCU6Q, STM32U535CET6, STM32U535CET6Q, STM32U535CEU6, STM32U535CEU6Q, STM32U535JEY6QTR, STM32U535NCY6QTR, STM32U535NEY6QTR, STM32U535RBI6, STM32U535RBI6Q, STM32U535RBT6, STM32U535RBT6Q, STM32U535RCI6, STM32U535RCI6Q, STM32U535RCT6, STM32U535RCT6Q, STM32U535REI6, STM32U535REI6Q, STM32U535RET6, STM32U535RET6Q, STM32U535VCI6, STM32U535VCI6Q, STM32U535VCT6, STM32U535VCT6Q, STM32U535VEI6, STM32U535VEI6Q, STM32U535VET6, STM32U535VET6Q, STM32U545CET6, STM32U545CET6Q, STM32U545CEU6, STM32U545CEU6Q, STM32U545JEY6QTR, STM32U545NEY6QTR, STM32U545REI6, STM32U545REI6Q, STM32U545RET6, STM32U545RET6Q, STM32U545VEI6, STM32U545VEI6Q, STM32U545VET6, STM32U545VET6Q, STM32U595AIH6, STM32U595AIH6Q, STM32U595AJH6, STM32U595AJH6Q, STM32U595QII6, STM32U595QII6Q, STM32U595QJI6, STM32U595QJI6Q, STM32U595RIT6, STM32U595RIT6Q, STM32U595RJT6, STM32U595RJT6Q, STM32U595VIT6, STM32U595VIT6Q, STM32U595VJT6, STM32U595VJT6Q, STM32U595ZIT6, STM32U595ZIT6Q, STM32U595ZIY6QTR, STM32U595ZJT6, STM32U595ZJT6Q, STM32U595ZJY6QTR, STM32U599BJY6QTR, STM32U599NIH6Q, STM32U599NJH6Q, STM32U599VIT6Q, STM32U599VJT6, STM32U599VJT6Q, STM32U599ZIT6Q, STM32U599ZIY6QTR, STM32U599ZJT6Q, STM32U599ZJY6QTR, STM32U5A5AJH6, STM32U5A5AJH6Q, STM32U5A5QJI6, STM32U5A5QJI6Q, STM32U5A5RJT6, STM32U5A5RJT6Q, STM32U5A5VJT6, STM32U5A5VJT6Q, STM32U5A5ZJT6, STM32U5A5ZJT6Q, STM32U5A5ZJY6QTR, STM32U5A9BJY6QTR, STM32U5A9J-DK, STM32U5A9NJH6Q, STM32U5A9VJT6Q, STM32U5A9ZJT6Q, STM32U5A9ZJY6QTR, STM32U5F7VIT6, STM32U5F7VIT6Q, STM32U5F7VJT6, STM32U5F7VJT6Q, STM32U5F9BJY6QTR, STM32U5F9NJH6Q, STM32U5F9VIT6Q, STM32U5F9VJT6Q, STM32U5F9ZIJ6QTR, STM32U5F9ZIT6Q, STM32U5F9ZJJ6QTR, STM32U5F9ZJT6Q, STM32U5G7VJT6, STM32U5G7VJT6Q, STM32U5G9BJY6QTR, STM32U5G9J-DK1, STM32U5G9J-DK2, STM32U5G9NJH6Q, STM32U5G9VJT6Q, STM32U5G9ZJJ6QTR, STM32U5G9ZJT6Q, STM32WB1MMCH6, STM32WBA52CEU6, STM32WBA52CEU6T, STM32WBA52CGU6, STM32WBA52CGU6T, STM32WBA52KEU6, STM32WBA52KEU6T, STM32WBA52KGU6, STM32WBA52KGU6T, STM32WL5MOCH6, STM32WL5MOCH6TR]
2023-10-01 21:55:45,515 [INFO] DbMcus:217 - Found 3848 MCUs, 3848 are supported
2023-10-01 21:55:45,517 [INFO] ApiDb:423 - Load user favorites file C:\Users\brbar/.stm32cubeide/favorites.mcus.txt: 0 item(s)
2023-10-01 21:55:45,517 [INFO] ApiDb:427 - User favorites MCUs=[]
2023-10-01 21:55:45,517 [INFO] DbMcus:223 - Set 0 / 0 favorites MCUs
2023-10-01 21:55:45,735 [INFO] ApiDb:668 - CubeFinder database Data Model version=2.1
2023-10-01 21:55:45,735 [INFO] ApiDb:669 - CubeFinder database Configuration version=3.0.37
2023-10-01 21:55:45,735 [INFO] ApiDb:670 - CubeFinder database generation date=2023-08-09 (1691586011)
2023-10-01 21:55:45,736 [INFO] ApiDb:671 - CubeFinder database FW Pack versions=[FP-ATR-ASTRA1_V2.0.0, FP-SNS-FLIGHT1_V5.0.1, FP-SNS-FLIGHT1_V5.0.2, FP-SNS-MOTENV1_V4.3.1, FP-SNS-MOTENV1_V4.3.2, STM32Cube_FW_C0_V1.1.0, STM32Cube_FW_F4_V1.27.1, STM32Cube_FW_F7_V1.17.0, STM32Cube_FW_G0_V1.6.1, STM32Cube_FW_G4_V1.5.1, STM32Cube_FW_H5_V0.5.1, STM32Cube_FW_H5_V1.1.0, STM32Cube_FW_H7_V1.11.0, STM32Cube_FW_L0_V1.12.2, STM32Cube_FW_L5_V1.5.0, STM32Cube_FW_U5_V1.3.0, STM32Cube_FW_U5_V1.3.0RC4, STM32Cube_FW_WBA_V1.0.0RC1, STM32Cube_FW_WBA_V1.1.0, STM32Cube_FW_WBA_V1.1.0RC1, STM32Cube_FW_WB_V1.15.0RC1, STM32Cube_FW_WB_V1.16.0, STM32Cube_FW_WB_V1.16.0RC2, STM32Cube_FW_WB_V1.17.0, STM32Cube_FW_WL_V1.3.0, X-CUBE-ALGOBUILD_V1.3.0, X-CUBE-ALS_V1.0.1, X-CUBE-AZRTOS-F4_V1.1.0, X-CUBE-AZRTOS-F7_V1.1.0, X-CUBE-AZRTOS-G0_V1.1.0, X-CUBE-AZRTOS-G4_V2.0.0, X-CUBE-AZRTOS-H7_V3.1.0, X-CUBE-AZRTOS-L4_V1.0.0, X-CUBE-AZRTOS-L4_V2.0.0, X-CUBE-AZRTOS-L5_V1.1.0, X-CUBE-AZRTOS-WB_V1.1.0, X-CUBE-AZRTOS-WL_V2.0.0, X-CUBE-BLE1_V7.0.0, X-CUBE-BLE2_V3.3.0, X-CUBE-BLEMGR_V2.0.0, X-CUBE-EEPRMA1_V4.1.0, X-CUBE-FREERTOS_V1.1.0, X-CUBE-GNSS1_V6.0.0, X-CUBE-MEMS1_V9.1.0, X-CUBE-MEMS1_V9.4.0, X-CUBE-MEMS1_V9.6.0, X-CUBE-NFC4_V3.0.0, X-CUBE-NFC7_V1.0.0, X-CUBE-SFXS2LP1_V4.0.0, X-CUBE-SUBG2_V5.0.0, X-CUBE-TOF1_V3.3.1]
2023-10-01 21:55:45,794 [INFO] DbBoardsSqlite:226 - include board P-NUCLEO-WB55-NUCLEO as a kit item of type 'Nucleo-64'
2023-10-01 21:55:45,795 [INFO] DbBoardsSqlite:226 - include board P-NUCLEO-WB55-USBDONGLE as a kit item of type 'Nucleo USB Dongle'
2023-10-01 21:55:45,795 [INFO] DbBoardsSqlite:226 - include board STEVAL-IDP005V1 as a kit item of type 'Evaluation Board'
2023-10-01 21:55:45,795 [INFO] DbBoardsSqlite:226 - include board STEVAL-IDP005V2 as a kit item of type 'Evaluation Board'
2023-10-01 21:55:45,844 [INFO] ApiDb:240 - Found 323 in-development CPN: [B-G473E-ZEST1S, B-WB1M-WPAN1, B-WL5M-SUBG1, NUCLEO-C031C6, NUCLEO-H503RB, NUCLEO-H563ZI, NUCLEO-U545RE-Q, NUCLEO-U5A5ZJ-Q, NUCLEO-WBA52CG, STEVAL-PROTEUS1, STEVAL-SMARTAG2, STEVAL-STWINBX1, STM320518-EVAL, STM32C0116-DK, STM32C011D6Y3TR, STM32C011D6Y6TR, STM32C011F4P3, STM32C011F4P6, STM32C011F4U3, STM32C011F4U6TR, STM32C011F6P3, STM32C011F6P6, STM32C011F6U3, STM32C011F6U6TR, STM32C011J4M3, STM32C011J4M6, STM32C011J6M3, STM32C011J6M6, STM32C0316-DK, STM32C031C4T3, STM32C031C4T6, STM32C031C4U3, STM32C031C4U6, STM32C031C6T3, STM32C031C6T6, STM32C031C6U3, STM32C031C6U6, STM32C031F4P3, STM32C031F4P6, STM32C031F6P3, STM32C031F6P6, STM32C031G4U3, STM32C031G4U6, STM32C031G6U3, STM32C031G6U6, STM32C031K4T3, STM32C031K4T6, STM32C031K4U3, STM32C031K4U6, STM32C031K6T3, STM32C031K6T6, STM32C031K6U3, STM32C031K6U6, STM32G071K8TXN, STM32G071K8UXN, STM32G081GBU6N, STM32G081KBT6N, STM32G081KBUXN, STM32G0B1CCT6N, STM32G0B1KCT6, STM32G0B1NEY6TR, STM32G0B1RCT6N, STM32G0C1CCT6, STM32G0C1CCT6N, STM32G0C1CCU6N, STM32G0C1CET6N, STM32G0C1CEU6N, STM32G0C1KCT6, STM32G0C1NEY6TR, STM32G0C1RCI6N, STM32G0C1RCT6N, STM32G0C1REI6N, STM32G0C1RET6N, STM32G0C1VCI6, STM32G0C1VEI6, STM32G471CCT6, STM32G471CCU6, STM32G471CET3, STM32G471CET6, STM32G471CEU3, STM32G471CEU6, STM32G471MCT6, STM32G471MET3, STM32G471MET6, STM32G471MEY6TR, STM32G471QCT6, STM32G471QET3, STM32G471RCT6, STM32G471RET3, STM32G471RET6, STM32G471VCH6, STM32G471VCI6, STM32G471VCT6, STM32G471VEH3, STM32G471VEH6, STM32G471VEI3, STM32G471VEI6, STM32G471VET3, STM32G471VET6, STM32G474CCT6, STM32H503CBT6, STM32H503CBU6, STM32H503EBY6TR, STM32H503KBU6, STM32H503RBT6, STM32H562AGI6, STM32H562AII6, STM32H562IGK6, STM32H562IGT6, STM32H562IIK6, STM32H562IIT6, STM32H562RGT6, STM32H562RGV6, STM32H562RIT6, STM32H562RIV6, STM32H562VGT6, STM32H562VIT6, STM32H562ZGT6, STM32H562ZIT6, STM32H563AGI6, STM32H563AII3Q, STM32H563AII6, STM32H563IGK6, STM32H563IGT6, STM32H563IIK3Q, STM32H563IIK6, STM32H563IIT3Q, STM32H563IIT6, STM32H563MIY3QTR, STM32H563RGT6, STM32H563RGV6, STM32H563RIT6, STM32H563RIV6, STM32H563VGT6, STM32H563VIT3Q, STM32H563VIT6, STM32H563ZGT6, STM32H563ZIT3Q, STM32H563ZIT6, STM32H573AII3Q, STM32H573AII6, STM32H573I-DK, STM32H573IIK3Q, STM32H573IIK6, STM32H573IIT3Q, STM32H573IIT6, STM32H573MIY3QTR, STM32H573RIT6, STM32H573RIV6, STM32H573VIT3Q, STM32H573VIT6, STM32H573ZIT3Q, STM32H573ZIT6, STM32L4R5QGI6STR, STM32MP131AAE3, STM32MP131AAF3, STM32MP131AAG3, STM32MP131CAE3, STM32MP131CAF3, STM32MP131CAG3, STM32MP131DAE7, STM32MP131DAF7, STM32MP131DAG7, STM32MP131FAE7, STM32MP131FAF7, STM32MP131FAG7, STM32MP133AAE3, STM32MP133AAF3, STM32MP133AAG3, STM32MP133CAE3, STM32MP133CAF3, STM32MP133CAG3, STM32MP133DAE7, STM32MP133DAF7, STM32MP133DAG7, STM32MP133FAE7, STM32MP133FAF7, STM32MP133FAG7, STM32MP135AAE3, STM32MP135AAF3, STM32MP135AAG3, STM32MP135CAE3, STM32MP135CAF3, STM32MP135CAG3, STM32MP135DAE7, STM32MP135DAF7, STM32MP135DAG7, STM32MP135F-DK, STM32MP135FAE7, STM32MP135FAF7, STM32MP135FAF7T, STM32MP135FAF7U, STM32MP135FAG7, STM32U535CBT6, STM32U535CBT6Q, STM32U535CBU6, STM32U535CBU6Q, STM32U535CCT6, STM32U535CCT6Q, STM32U535CCU6, STM32U535CCU6Q, STM32U535CET6, STM32U535CET6Q, STM32U535CEU6, STM32U535CEU6Q, STM32U535JEY6QTR, STM32U535NCY6QTR, STM32U535NEY6QTR, STM32U535RBI6, STM32U535RBI6Q, STM32U535RBT6, STM32U535RBT6Q, STM32U535RCI6, STM32U535RCI6Q, STM32U535RCT6, STM32U535RCT6Q, STM32U535REI6, STM32U535REI6Q, STM32U535RET6, STM32U535RET6Q, STM32U535VCI6, STM32U535VCI6Q, STM32U535VCT6, STM32U535VCT6Q, STM32U535VEI6, STM32U535VEI6Q, STM32U535VET6, STM32U535VET6Q, STM32U545CET6, STM32U545CET6Q, STM32U545CEU6, STM32U545CEU6Q, STM32U545JEY6QTR, STM32U545NEY6QTR, STM32U545REI6, STM32U545REI6Q, STM32U545RET6, STM32U545RET6Q, STM32U545VEI6, STM32U545VEI6Q, STM32U545VET6, STM32U545VET6Q, STM32U595AIH6, STM32U595AIH6Q, STM32U595AJH6, STM32U595AJH6Q, STM32U595QII6, STM32U595QII6Q, STM32U595QJI6, STM32U595QJI6Q, STM32U595RIT6, STM32U595RIT6Q, STM32U595RJT6, STM32U595RJT6Q, STM32U595VIT6, STM32U595VIT6Q, STM32U595VJT6, STM32U595VJT6Q, STM32U595ZIT6, STM32U595ZIT6Q, STM32U595ZIY6QTR, STM32U595ZJT6, STM32U595ZJT6Q, STM32U595ZJY6QTR, STM32U599BJY6QTR, STM32U599NIH6Q, STM32U599NJH6Q, STM32U599VIT6Q, STM32U599VJT6, STM32U599VJT6Q, STM32U599ZIT6Q, STM32U599ZIY6QTR, STM32U599ZJT6Q, STM32U599ZJY6QTR, STM32U5A5AJH6, STM32U5A5AJH6Q, STM32U5A5QJI6, STM32U5A5QJI6Q, STM32U5A5RJT6, STM32U5A5RJT6Q, STM32U5A5VJT6, STM32U5A5VJT6Q, STM32U5A5ZJT6, STM32U5A5ZJT6Q, STM32U5A5ZJY6QTR, STM32U5A9BJY6QTR, STM32U5A9J-DK, STM32U5A9NJH6Q, STM32U5A9VJT6Q, STM32U5A9ZJT6Q, STM32U5A9ZJY6QTR, STM32U5F7VIT6, STM32U5F7VIT6Q, STM32U5F7VJT6, STM32U5F7VJT6Q, STM32U5F9BJY6QTR, STM32U5F9NJH6Q, STM32U5F9VIT6Q, STM32U5F9VJT6Q, STM32U5F9ZIJ6QTR, STM32U5F9ZIT6Q, STM32U5F9ZJJ6QTR, STM32U5F9ZJT6Q, STM32U5G7VJT6, STM32U5G7VJT6Q, STM32U5G9BJY6QTR, STM32U5G9J-DK1, STM32U5G9J-DK2, STM32U5G9NJH6Q, STM32U5G9VJT6Q, STM32U5G9ZJJ6QTR, STM32U5G9ZJT6Q, STM32WB1MMCH6, STM32WBA52CEU6, STM32WBA52CEU6T, STM32WBA52CGU6, STM32WBA52CGU6T, STM32WBA52KEU6, STM32WBA52KEU6T, STM32WBA52KGU6, STM32WBA52KGU6T, STM32WL5MOCH6, STM32WL5MOCH6TR]
2023-10-01 21:55:45,975 [INFO] BoardInfo:880 - No configuration file found for board P-NUCLEO-WB55
2023-10-01 21:55:45,975 [INFO] DbBoards:157 - Kit is not supported: P-NUCLEO-WB55
2023-10-01 21:55:45,987 [INFO] BoardInfo:880 - No configuration file found for board STEVAL-BFA001V1B
2023-10-01 21:55:45,987 [INFO] DbBoards:157 - Kit is not supported: STEVAL-BFA001V1B
2023-10-01 21:55:45,989 [INFO] BoardInfo:880 - No configuration file found for board STEVAL-BFA001V2B
2023-10-01 21:55:45,989 [INFO] DbBoards:157 - Kit is not supported: STEVAL-BFA001V2B
2023-10-01 21:55:46,141 [INFO] DbBoards:161 - Found 190 boards, 187 are supported
2023-10-01 21:55:46,145 [INFO] ApiDb:423 - Load user favorites file C:\Users\brbar/.stm32cubeide/favorites.boards.txt: 0 item(s)
2023-10-01 21:55:46,145 [INFO] ApiDb:427 - User favorites Boards=[]
2023-10-01 21:55:46,145 [INFO] DbBoards:190 - Set 0 / 0 favorites Boards
2023-10-01 21:55:46,149 [INFO] ApiDb:668 - CubeFinder database Data Model version=2.1
2023-10-01 21:55:46,149 [INFO] ApiDb:669 - CubeFinder database Configuration version=3.0.37
2023-10-01 21:55:46,149 [INFO] ApiDb:670 - CubeFinder database generation date=2023-08-09 (1691586011)
2023-10-01 21:55:46,149 [INFO] ApiDb:671 - CubeFinder database FW Pack versions=[FP-ATR-ASTRA1_V2.0.0, FP-SNS-FLIGHT1_V5.0.1, FP-SNS-FLIGHT1_V5.0.2, FP-SNS-MOTENV1_V4.3.1, FP-SNS-MOTENV1_V4.3.2, STM32Cube_FW_C0_V1.1.0, STM32Cube_FW_F4_V1.27.1, STM32Cube_FW_F7_V1.17.0, STM32Cube_FW_G0_V1.6.1, STM32Cube_FW_G4_V1.5.1, STM32Cube_FW_H5_V0.5.1, STM32Cube_FW_H5_V1.1.0, STM32Cube_FW_H7_V1.11.0, STM32Cube_FW_L0_V1.12.2, STM32Cube_FW_L5_V1.5.0, STM32Cube_FW_U5_V1.3.0, STM32Cube_FW_U5_V1.3.0RC4, STM32Cube_FW_WBA_V1.0.0RC1, STM32Cube_FW_WBA_V1.1.0, STM32Cube_FW_WBA_V1.1.0RC1, STM32Cube_FW_WB_V1.15.0RC1, STM32Cube_FW_WB_V1.16.0, STM32Cube_FW_WB_V1.16.0RC2, STM32Cube_FW_WB_V1.17.0, STM32Cube_FW_WL_V1.3.0, X-CUBE-ALGOBUILD_V1.3.0, X-CUBE-ALS_V1.0.1, X-CUBE-AZRTOS-F4_V1.1.0, X-CUBE-AZRTOS-F7_V1.1.0, X-CUBE-AZRTOS-G0_V1.1.0, X-CUBE-AZRTOS-G4_V2.0.0, X-CUBE-AZRTOS-H7_V3.1.0, X-CUBE-AZRTOS-L4_V1.0.0, X-CUBE-AZRTOS-L4_V2.0.0, X-CUBE-AZRTOS-L5_V1.1.0, X-CUBE-AZRTOS-WB_V1.1.0, X-CUBE-AZRTOS-WL_V2.0.0, X-CUBE-BLE1_V7.0.0, X-CUBE-BLE2_V3.3.0, X-CUBE-BLEMGR_V2.0.0, X-CUBE-EEPRMA1_V4.1.0, X-CUBE-FREERTOS_V1.1.0, X-CUBE-GNSS1_V6.0.0, X-CUBE-MEMS1_V9.1.0, X-CUBE-MEMS1_V9.4.0, X-CUBE-MEMS1_V9.6.0, X-CUBE-NFC4_V3.0.0, X-CUBE-NFC7_V1.0.0, X-CUBE-SFXS2LP1_V4.0.0, X-CUBE-SUBG2_V5.0.0, X-CUBE-TOF1_V3.3.1]
2023-10-01 21:55:47,074 [INFO] DbExamplesSqlite:395 - Ignored 27 examples not supported by CubeIDE
2023-10-01 21:55:47,075 [INFO] DbExamplesSqlite:396 - Found 7231 examples active
2023-10-01 21:55:47,075 [INFO] DbExamplesSqlite:397 - Found 677 examples obsolete
2023-10-01 21:55:47,075 [INFO] DbExamplesSqlite:398 - Found 0 examples under development
2023-10-01 21:55:47,076 [INFO] DbExamplesSqlite:399 - Found 74 examples not building
2023-10-01 21:55:47,077 [INFO] DbExamples:125 - Found 7278 examples
2023-10-01 21:55:47,096 [INFO] DbExamples:222 - Found 92 boards with related examples
2023-10-01 21:55:47,098 [INFO] DbExamples:235 - Found 78 MCUs with related examples
2023-10-01 21:55:47,123 [INFO] ApiDb:423 - Load user favorites file C:\Users\brbar/.stm32cubeide/favorites.examples.txt: 0 item(s)
2023-10-01 21:55:47,123 [INFO] ApiDb:427 - User favorites Examples=[]
2023-10-01 21:55:47,123 [INFO] DbExamples:250 - Set 0 / 0 favorites Examples
2023-10-01 21:55:47,370 [INFO] McuFinderGlobals:76 - Set McuFinderConnectedMode to true
2023-10-01 21:55:47,384 [INFO] MultiScanPanel:200 - Auto-refresh data requested => check proxy status ongoing
2023-10-01 21:55:47,392 [INFO] FinderPluginLoader:95 - Searching for filters in installed packs
2023-10-01 21:55:49,242 [INFO] LoadUrlFilesThread:185 - End of LoadServerUrlFiles without Thread
2023-10-01 21:55:49,254 [INFO] DetailPanel:341 - Set advertising image to C:/Users/brbar/STM32Cube/Repository/\en.prom-stm32h5-mcu-finder.jpg
2023-10-01 22:01:13,487 [INFO] MainUpdater:2868 - connection check result : 10
2023-10-01 22:01:13,488 [INFO] MainUpdater:2868 - connection check result : 10
2023-10-01 22:01:13,510 [INFO] MicroXplorer:468 - Change Database Path : 
2023-10-01 22:01:13,511 [INFO] MicroXplorer:498 - Change Database Version : DB.6.0.91
2023-10-01 22:01:13,517 [WARN] ThirdParty:871 - waiting for thirdparty lock release [close project]
2023-10-01 22:01:13,517 [INFO] ThirdParty:873 - entering critical section [close project]
2023-10-01 22:01:13,518 [INFO] ThirdParty:883 - exiting critical section [close project]
2023-10-01 22:01:13,521 [INFO] PinOutPanel:1499 - setPackage(No Configuration,No Configuration)
2023-10-01 22:01:13,530 [INFO] UtilMem:75 - Begin LoadConfig() Used Memory: 672067640 Bytes (932184064)
2023-10-01 22:01:13,532 [INFO] MicroXplorer:468 - Change Database Path : 
2023-10-01 22:01:13,532 [INFO] MicroXplorer:498 - Change Database Version : DB.6.0.91
2023-10-01 22:01:13,532 [INFO] OpenFileManager:308 - Change cursor
2023-10-01 22:01:13,760 [INFO] Mcu:1946 - Initializing MCU STM32F103C8Tx STM32F103C8Tx STM32F103C8T6
2023-10-01 22:01:14,892 [INFO] Context:659 - Trying to add GPIOservice into a context  which must be forbidden
2023-10-01 22:01:15,210 [INFO] ImportTextPane:194 - (OptionalMessage_ERROR) Unable to find key (Mcu.ThirdPartyNb) in loaded IOC file
2023-10-01 22:01:15,210 [INFO] ImportTextPane:194 - (OptionalMessage_ERROR) Unable to find key (Mcu.PinsNb) in loaded IOC file
2023-10-01 22:01:15,210 [INFO] ImportTextPane:194 - (OptionalMessage_ERROR) Unable to find key (Mcu.IPNb) in loaded IOC file
2023-10-01 22:01:15,515 [INFO] RtosManager:555 - Registered RTOS mode: class=CMSIS, group=RTOS, mode=CMSIS_V1, owner=FREERTOS
2023-10-01 22:01:15,515 [INFO] RtosManager:555 - Registered RTOS mode: class=CMSIS, group=RTOS2, mode=CMSIS_V2, owner=FREERTOS
2023-10-01 22:01:15,515 [INFO] RtosManager:555 - Registered RTOS mode: class=RTOS, group=Core, mode=CMSIS_V1, owner=FREERTOS
2023-10-01 22:01:15,515 [INFO] RtosManager:555 - Registered RTOS mode: class=RTOS, group=Core, mode=CMSIS_V2, owner=FREERTOS
2023-10-01 22:01:15,516 [WARN] ModelIntegratedComponent:184 - Missing modes for component STMicroelectronics:FreeRTOS:0.0.1:STMicroelectronics:RTOS:FreeRTOS:Core:::10.2.0:
2023-10-01 22:01:15,533 [WARN] ModelIntegratedComponent:63 - No mode defined for component null
2023-10-01 22:01:15,533 [WARN] ModelIntegratedComponent:63 - No mode defined for component null
2023-10-01 22:01:15,533 [WARN] ModelIntegratedComponent:63 - No mode defined for component null
2023-10-01 22:01:15,533 [WARN] ModelIntegratedComponent:63 - No mode defined for component null
2023-10-01 22:01:15,533 [WARN] ModelIntegratedComponent:63 - No mode defined for component null
2023-10-01 22:01:15,533 [WARN] ModelIntegratedComponent:63 - No mode defined for component null
2023-10-01 22:01:15,533 [WARN] ModelIntegratedComponent:63 - No mode defined for component null
2023-10-01 22:01:15,534 [WARN] ModelIntegratedComponent:63 - No mode defined for component null
2023-10-01 22:01:15,534 [WARN] ModelIntegratedComponent:63 - No mode defined for component null
2023-10-01 22:01:15,534 [WARN] ModelIntegratedComponent:63 - No mode defined for component null
2023-10-01 22:01:15,534 [WARN] ModelIntegratedComponent:63 - No mode defined for component null
2023-10-01 22:01:15,534 [WARN] ModelIntegratedComponent:63 - No mode defined for component null
2023-10-01 22:01:15,534 [WARN] ModelIntegratedComponent:63 - No mode defined for component null
2023-10-01 22:01:15,534 [WARN] ModelIntegratedComponent:63 - No mode defined for component null
2023-10-01 22:01:15,534 [WARN] ModelIntegratedComponent:63 - No mode defined for component null
2023-10-01 22:01:15,534 [WARN] ModelIntegratedComponent:63 - No mode defined for component null
2023-10-01 22:01:15,534 [WARN] ModelIntegratedComponent:63 - No mode defined for component null
2023-10-01 22:01:15,534 [WARN] ModelIntegratedComponent:63 - No mode defined for component null
2023-10-01 22:01:15,534 [WARN] ModelIntegratedComponent:63 - No mode defined for component null
2023-10-01 22:01:15,534 [WARN] ModelIntegratedComponent:63 - No mode defined for component null
2023-10-01 22:01:15,534 [WARN] ModelIntegratedComponent:63 - No mode defined for component null
2023-10-01 22:01:15,534 [WARN] ModelIntegratedComponent:63 - No mode defined for component null
2023-10-01 22:01:15,535 [WARN] ModelIntegratedComponent:63 - No mode defined for component null
2023-10-01 22:01:15,535 [WARN] ModelIntegratedComponent:63 - No mode defined for component null
2023-10-01 22:01:15,535 [WARN] ModelIntegratedComponent:63 - No mode defined for component null
2023-10-01 22:01:15,535 [WARN] ModelIntegratedComponent:63 - No mode defined for component null
2023-10-01 22:01:15,535 [WARN] ModelIntegratedComponent:63 - No mode defined for component null
2023-10-01 22:01:15,535 [WARN] ModelIntegratedComponent:63 - No mode defined for component null
2023-10-01 22:01:15,535 [WARN] ModelIntegratedComponent:63 - No mode defined for component null
2023-10-01 22:01:15,535 [WARN] ModelIntegratedComponent:63 - No mode defined for component null
2023-10-01 22:01:15,535 [WARN] ModelIntegratedComponent:63 - No mode defined for component null
2023-10-01 22:01:15,535 [WARN] ModelIntegratedComponent:63 - No mode defined for component null
2023-10-01 22:01:15,535 [WARN] ModelIntegratedComponent:63 - No mode defined for component null
2023-10-01 22:01:15,562 [INFO] ThirdPartyModel:298 - Start build external matchings
2023-10-01 22:01:15,814 [INFO] ThirdPartyModel:316 - End build external matchings
2023-10-01 22:01:16,069 [INFO] UtilMem:75 - End LoadConfig() Used Memory: 710267176 Bytes (945815552)
2023-10-01 22:01:16,229 [WARN] ThirdParty:833 - waiting for thirdparty lock release [change project]
2023-10-01 22:01:16,229 [INFO] ThirdParty:835 - entering critical section [change project]
2023-10-01 22:01:16,230 [INFO] ThirdParty:1030 - CMSIS Pack Vendor :STMicroelectronics X-CUBE-ISPU 1.1.0
2023-10-01 22:01:16,230 [INFO] ThirdParty:1030 - CMSIS Pack Vendor :STMicroelectronics USBPD 4.1
2023-10-01 22:01:16,230 [INFO] ThirdParty:1030 - CMSIS Pack Vendor :STMicroelectronics X-CUBE-GNSS1 6.0.0
2023-10-01 22:01:16,230 [INFO] ThirdParty:1030 - CMSIS Pack Vendor :STMicroelectronics USB_HOST 2.0.0
2023-10-01 22:01:16,230 [INFO] ThirdParty:1030 - CMSIS Pack Vendor :STMicroelectronics X-CUBE-AZRTOS-F4 1.1.0
2023-10-01 22:01:16,230 [INFO] ThirdParty:1030 - CMSIS Pack Vendor :STMicroelectronics LIBJPEG 8.0.0
2023-10-01 22:01:16,230 [INFO] ThirdParty:1030 - CMSIS Pack Vendor :wolfSSL I-CUBE-wolfSSL 5.6.3
2023-10-01 22:01:16,231 [INFO] ThirdParty:1030 - CMSIS Pack Vendor :STMicroelectronics X-CUBE-SMBUS 2.1.0
2023-10-01 22:01:16,231 [INFO] ThirdParty:1030 - CMSIS Pack Vendor :STMicroelectronics USB_DEVICE 3.0.0
2023-10-01 22:01:16,231 [INFO] ThirdParty:1030 - CMSIS Pack Vendor :STMicroelectronics X-CUBE-AZRTOS-WB 2.0.0
2023-10-01 22:01:16,231 [INFO] ThirdParty:1030 - CMSIS Pack Vendor :STMicroelectronics X-CUBE-AZRTOS-F7 1.1.0
2023-10-01 22:01:16,231 [INFO] ThirdParty:1030 - CMSIS Pack Vendor :STMicroelectronics X-CUBE-AZRTOS-L5 2.0.0
2023-10-01 22:01:16,231 [INFO] ThirdParty:1030 - CMSIS Pack Vendor :STMicroelectronics USB_DEVICE 2.0.0
2023-10-01 22:01:16,231 [INFO] ThirdParty:1030 - CMSIS Pack Vendor :STMicroelectronics X-CUBE-MEMS1 9.6.0
2023-10-01 22:01:16,232 [INFO] ThirdParty:1030 - CMSIS Pack Vendor :STMicroelectronics FP-SNS-MOTENV1 4.3.2
2023-10-01 22:01:16,232 [INFO] ThirdParty:1030 - CMSIS Pack Vendor :STMicroelectronics X-CUBE-ALGOBUILD 1.3.0
2023-10-01 22:01:16,232 [INFO] ThirdParty:1030 - CMSIS Pack Vendor :STMicroelectronics FreeRTOS 0.0.1
2023-10-01 22:01:16,232 [INFO] ThirdParty:1030 - CMSIS Pack Vendor :STMicroelectronics X-CUBE-AZRTOS-G0 1.1.0
2023-10-01 22:01:16,232 [INFO] ThirdParty:1030 - CMSIS Pack Vendor :STMicroelectronics X-CUBE-BLEMGR 2.0.0
2023-10-01 22:01:16,232 [INFO] ThirdParty:1030 - CMSIS Pack Vendor :STMicroelectronics X-CUBE-NFC4 3.0.0
2023-10-01 22:01:16,232 [INFO] ThirdParty:1030 - CMSIS Pack Vendor :STMicroelectronics X-CUBE-SUBG2 5.0.0
2023-10-01 22:01:16,232 [INFO] ThirdParty:1030 - CMSIS Pack Vendor :STMicroelectronics STM32_WPAN 1.0.0
2023-10-01 22:01:16,232 [INFO] ThirdParty:1030 - CMSIS Pack Vendor :STMicroelectronics lwIP 2.0.3
2023-10-01 22:01:16,232 [INFO] ThirdParty:1030 - CMSIS Pack Vendor :STMicroelectronics FP-SNS-FLIGHT1 5.0.2
2023-10-01 22:01:16,232 [INFO] ThirdParty:1030 - CMSIS Pack Vendor :STMicroelectronics USB_HOST 1.0.0
2023-10-01 22:01:16,232 [INFO] ThirdParty:1030 - CMSIS Pack Vendor :STMicroelectronics X-CUBE-TOF1 3.3.1
2023-10-01 22:01:16,232 [INFO] ThirdParty:1030 - CMSIS Pack Vendor :STMicroelectronics X-CUBE-AZRTOS-G4 2.0.0
2023-10-01 22:01:16,232 [INFO] ThirdParty:1030 - CMSIS Pack Vendor :STMicroelectronics PDM2PCM 3.1.0
2023-10-01 22:01:16,232 [INFO] ThirdParty:1030 - CMSIS Pack Vendor :STMicroelectronics X-CUBE-AZRTOS-H7 3.1.0
2023-10-01 22:01:16,232 [INFO] ThirdParty:1030 - CMSIS Pack Vendor :STMicroelectronics PDM2PCM 3.3.0
2023-10-01 22:01:16,232 [INFO] ThirdParty:1030 - CMSIS Pack Vendor :STMicroelectronics X-CUBE-DISPLAY 3.0.0
2023-10-01 22:01:16,232 [INFO] ThirdParty:1030 - CMSIS Pack Vendor :STMicroelectronics X-CUBE-BLE1 7.0.0
2023-10-01 22:01:16,232 [INFO] ThirdParty:1030 - CMSIS Pack Vendor :STMicroelectronics FP-ATR-SIGFOX1 3.2.0
2023-10-01 22:01:16,232 [INFO] ThirdParty:1030 - CMSIS Pack Vendor :STMicroelectronics HAL Drivers 0.0.0
2023-10-01 22:01:16,232 [INFO] ThirdParty:1030 - CMSIS Pack Vendor :STMicroelectronics MBEDTLS 2.16.2
2023-10-01 22:01:16,232 [INFO] ThirdParty:1030 - CMSIS Pack Vendor :emotas I-CUBE-CANOPEN 1.3.0
2023-10-01 22:01:16,232 [INFO] ThirdParty:1030 - CMSIS Pack Vendor :STMicroelectronics X-CUBE-FREERTOS 1.1.0
2023-10-01 22:01:16,234 [INFO] ThirdParty:1030 - CMSIS Pack Vendor :STMicroelectronics X-CUBE-TOUCHGFX 4.22.0
2023-10-01 22:01:16,234 [INFO] ThirdParty:1030 - CMSIS Pack Vendor :STMicroelectronics X-CUBE-NFC7 1.0.1
2023-10-01 22:01:16,234 [INFO] ThirdParty:1030 - CMSIS Pack Vendor :STMicroelectronics MBEDTLS 2.14.1
2023-10-01 22:01:16,234 [INFO] ThirdParty:1030 - CMSIS Pack Vendor :STMicroelectronics X-CUBE-NFC6 3.0.0
2023-10-01 22:01:16,234 [INFO] ThirdParty:1030 - CMSIS Pack Vendor :STMicroelectronics X-CUBE-EEPRMA1 4.1.0
2023-10-01 22:01:16,234 [INFO] ThirdParty:1030 - CMSIS Pack Vendor :portGmbH I-Cube-SoM-uGOAL 1.1.0
2023-10-01 22:01:16,234 [INFO] ThirdParty:1030 - CMSIS Pack Vendor :STMicroelectronics X-CUBE-ALS 1.0.1
2023-10-01 22:01:16,234 [INFO] ThirdParty:1030 - CMSIS Pack Vendor :STMicroelectronics ThreadX 1.0.0
2023-10-01 22:01:16,234 [INFO] ThirdParty:1030 - CMSIS Pack Vendor :STMicroelectronics FP-SNS-SMARTAG2 1.2.0
2023-10-01 22:01:16,234 [INFO] ThirdParty:1030 - CMSIS Pack Vendor :STMicroelectronics X-CUBE-AZRTOS-WL 2.0.0
2023-10-01 22:01:16,234 [INFO] ThirdParty:1030 - CMSIS Pack Vendor :SEGGER I-CUBE-embOS 1.3.1
2023-10-01 22:01:16,234 [INFO] ThirdParty:1030 - CMSIS Pack Vendor :STMicroelectronics USB_DEVICE 1.0.0
2023-10-01 22:01:16,234 [INFO] ThirdParty:1030 - CMSIS Pack Vendor :STMicroelectronics X-CUBE-AI 8.1.0
2023-10-01 22:01:16,234 [INFO] ThirdParty:1030 - CMSIS Pack Vendor :STMicroelectronics X-CUBE-AZRTOS-L4 2.0.0
2023-10-01 22:01:16,234 [INFO] ThirdParty:1030 - CMSIS Pack Vendor :STMicroelectronics ThreadX 0.0.2
2023-10-01 22:01:16,234 [INFO] ThirdParty:1030 - CMSIS Pack Vendor :WES I-CUBE-Cesium 1.3.0
2023-10-01 22:01:16,234 [INFO] ThirdParty:1030 - CMSIS Pack Vendor :STMicroelectronics FP-ATR-ASTRA1 2.0.0
2023-10-01 22:01:16,234 [INFO] ThirdParty:1030 - CMSIS Pack Vendor :STMicroelectronics lwIP 2.1.2
2023-10-01 22:01:16,234 [INFO] ThirdParty:1030 - CMSIS Pack Vendor :STMicroelectronics X-CUBE-SFXS2LP1 4.0.0
2023-10-01 22:01:16,234 [INFO] ThirdParty:1030 - CMSIS Pack Vendor :STMicroelectronics X-CUBE-BLE2 3.3.0
2023-10-01 22:01:16,234 [INFO] ThirdParty:1030 - CMSIS Pack Vendor :STMicroelectronics PDM2PCM 3.2.0
2023-10-01 22:01:16,235 [INFO] ThirdParty:841 - exiting critical section [change project]
2023-10-01 22:01:16,606 [INFO] PinOutPanel:1499 - setPackage(No Configuration,No Configuration)
2023-10-01 22:01:16,608 [INFO] PinOutPanel:1499 - setPackage(STM32F103C8Tx,LQFP48)
2023-10-01 22:01:17,302 [INFO] UtilMem:75 - Before build in PCC Used Memory: 513088240 Bytes (945815552)
2023-10-01 22:01:18,423 [INFO] UtilMem:75 - After build in PCC Used Memory: 578099952 Bytes (945815552)
2023-10-01 22:01:18,450 [INFO] IPUIPlugin:80 - create IPUIPlugin
2023-10-01 22:01:18,451 [INFO] IPUIPlugin:80 - create IPUIPlugin
2023-10-01 22:01:18,451 [INFO] IPUIPlugin:80 - create IPUIPlugin
2023-10-01 22:01:18,451 [INFO] IPUIPlugin:80 - create IPUIPlugin
2023-10-01 22:01:18,452 [INFO] IPUIPlugin:80 - create IPUIPlugin
2023-10-01 22:01:18,452 [INFO] IPUIPlugin:80 - create IPUIPlugin
2023-10-01 22:01:18,452 [INFO] IPUIPlugin:80 - create IPUIPlugin
2023-10-01 22:01:18,452 [INFO] IPUIPlugin:80 - create IPUIPlugin
2023-10-01 22:01:18,452 [INFO] IPUIPlugin:80 - create IPUIPlugin
2023-10-01 22:01:18,453 [INFO] IPUIPlugin:80 - create IPUIPlugin
2023-10-01 22:01:18,453 [INFO] IPUIPlugin:80 - create IPUIPlugin
2023-10-01 22:01:18,453 [INFO] IPUIPlugin:80 - create IPUIPlugin
2023-10-01 22:01:18,453 [INFO] IPUIPlugin:80 - create IPUIPlugin
2023-10-01 22:01:18,453 [INFO] IPUIPlugin:80 - create IPUIPlugin
2023-10-01 22:01:18,454 [INFO] IPUIPlugin:80 - create IPUIPlugin
2023-10-01 22:01:18,454 [INFO] IPUIPlugin:80 - create IPUIPlugin
2023-10-01 22:01:18,454 [INFO] IPUIPlugin:80 - create IPUIPlugin
2023-10-01 22:01:18,455 [INFO] IPUIPlugin:80 - create IPUIPlugin
2023-10-01 22:01:18,455 [INFO] IPUIPlugin:80 - create IPUIPlugin
2023-10-01 22:01:18,455 [INFO] IPUIPlugin:80 - create IPUIPlugin
2023-10-01 22:01:18,455 [INFO] IPUIPlugin:80 - create IPUIPlugin
2023-10-01 22:01:18,455 [INFO] IPUIPlugin:80 - create IPUIPlugin
2023-10-01 22:01:18,455 [INFO] IPUIPlugin:80 - create IPUIPlugin
2023-10-01 22:01:18,456 [INFO] IPUIPlugin:80 - create IPUIPlugin
2023-10-01 22:01:18,456 [INFO] IPUIPlugin:80 - create IPUIPlugin
2023-10-01 22:01:18,456 [INFO] IPUIPlugin:80 - create IPUIPlugin
2023-10-01 22:01:18,456 [INFO] IPUIPlugin:80 - create IPUIPlugin
2023-10-01 22:01:18,710 [INFO] CADModel:165 - CPN selected for project levelSTM32F103C8T6
2023-10-01 22:01:18,711 [INFO] CADModel:114 - Register for checkConnection events
2023-10-01 22:01:18,769 [INFO] OpenFileManager:328 - Restore cursor
2023-10-01 22:01:19,823 [INFO] UtilMem:75 - End SaveConfig() Used Memory: 651249328 Bytes (945815552)
2023-10-01 22:01:22,114 [ERROR] FileExtend:455 - File entry not found
2023-10-01 22:01:22,115 [INFO] FileExtend:240 - Unzip File : stm32cube_fw_f1_v180.zip
2023-10-01 22:01:22,116 [INFO] FileExtend:255 - Standard Zip Deflate
2023-10-01 22:01:33,213 [INFO] ServerAccessManage:473 - Download File stm32cube_fw_f1_v185.zip
2023-10-01 22:03:28,128 [INFO] FileExtend:240 - Unzip File : stm32cube_fw_f1_v185.zip
2023-10-01 22:03:28,129 [INFO] FileExtend:255 - Standard Zip Deflate
2023-10-01 22:03:37,964 [INFO] LoadServerPackagesThread:196 - End of LoadServerPackages Thread
2023-10-01 22:03:38,222 [INFO] ThirdPartyModel:298 - Start build external matchings
2023-10-01 22:03:38,234 [INFO] UtilMem:75 - End SaveConfig() Used Memory: 955214576 Bytes (1073741824)
2023-10-01 22:03:39,294 [INFO] ThirdPartyModel:316 - End build external matchings
2023-10-01 22:03:39,321 [INFO] CheckServerUpdateThread:120 - End of CheckServer Thread
2023-10-01 22:03:39,966 [INFO] BlockDiagram:2759 - set Specific Code input for plugin: NVIC
2023-10-01 22:03:39,967 [INFO] BlockDiagram:2759 - set Specific Code input for plugin: RCC
2023-10-01 22:03:39,972 [INFO] CodeGenerator:799 - code generatio: config db path: C:\ST\STM32CubeIDE_1.13.1\STM32CubeIDE\plugins\com.st.stm32cube.common.mx_6.9.1.202307191849\\db\
2023-10-01 22:03:40,565 [INFO] CodeEngine:255 - oldGeneratedFile, C:\Users\brbar\STM32CubeIDE\workspace_1.13.1\tryingbgdddd\MXTmpFiles\license.tmp_save
2023-10-01 22:03:41,805 [INFO] CodeEngine:279 - Generated code: C:\Users\brbar\STM32CubeIDE\workspace_1.13.1\tryingbgdddd\MXTmpFiles\license.tmp
2023-10-01 22:03:41,856 [INFO] CodeEngine:255 - oldGeneratedFile, C:\Users\brbar\STM32CubeIDE\workspace_1.13.1\tryingbgdddd\Core\Src\stm32f1xx_it.c_save
2023-10-01 22:03:42,354 [INFO] CodeEngine:279 - Generated code: C:\Users\brbar\STM32CubeIDE\workspace_1.13.1\tryingbgdddd\Core\Src\stm32f1xx_it.c
2023-10-01 22:03:42,374 [INFO] CodeEngine:255 - oldGeneratedFile, C:\Users\brbar\STM32CubeIDE\workspace_1.13.1\tryingbgdddd\Core\Inc\stm32f1xx_it.h_save
2023-10-01 22:03:42,690 [INFO] CodeEngine:279 - Generated code: C:\Users\brbar\STM32CubeIDE\workspace_1.13.1\tryingbgdddd\Core\Inc\stm32f1xx_it.h
2023-10-01 22:03:43,113 [INFO] CodeEngine:255 - oldGeneratedFile, C:\Users\brbar\STM32CubeIDE\workspace_1.13.1\tryingbgdddd\Core\Src\stm32f1xx_hal_msp.c_save
2023-10-01 22:03:43,570 [INFO] CodeEngine:279 - Generated code: C:\Users\brbar\STM32CubeIDE\workspace_1.13.1\tryingbgdddd\Core\Src\stm32f1xx_hal_msp.c
2023-10-01 22:03:43,589 [INFO] CodeEngine:255 - oldGeneratedFile, C:\Users\brbar\STM32CubeIDE\workspace_1.13.1\tryingbgdddd\MXTmpFiles\system.tmp_save
2023-10-01 22:03:43,845 [INFO] CodeEngine:279 - Generated code: C:\Users\brbar\STM32CubeIDE\workspace_1.13.1\tryingbgdddd\MXTmpFiles\system.tmp
2023-10-01 22:03:43,889 [INFO] CodeEngine:311 - oldGeneratedFile, C:\Users\brbar\STM32CubeIDE\workspace_1.13.1\tryingbgdddd\Core\Inc\stm32f1xx_hal_conf.h_save
2023-10-01 22:03:44,232 [INFO] CodeEngine:335 - Generated code: C:\Users\brbar\STM32CubeIDE\workspace_1.13.1\tryingbgdddd\Core\Inc\stm32f1xx_hal_conf.h
2023-10-01 22:03:44,354 [INFO] CodeEngine:255 - oldGeneratedFile, C:\Users\brbar\STM32CubeIDE\workspace_1.13.1\tryingbgdddd\Core\Inc\main.h_save
2023-10-01 22:03:44,750 [INFO] CodeEngine:279 - Generated code: C:\Users\brbar\STM32CubeIDE\workspace_1.13.1\tryingbgdddd\Core\Inc\main.h
2023-10-01 22:03:44,771 [INFO] CodeEngine:255 - oldGeneratedFile, C:\Users\brbar\STM32CubeIDE\workspace_1.13.1\tryingbgdddd\Core\Src\main.c_save
2023-10-01 22:03:45,310 [INFO] CodeEngine:279 - Generated code: C:\Users\brbar\STM32CubeIDE\workspace_1.13.1\tryingbgdddd\Core\Src\main.c
2023-10-01 22:03:47,416 [INFO] ProjectBuilder:3064 - Time for Copy HAL[1] : 402mS.
2023-10-01 22:03:47,437 [INFO] ProjectBuilder:4404 - Project Generator version: 4.1.0
2023-10-01 22:03:47,995 [INFO] ConfigFileManager:1457 - The Die is : DIE410
2023-10-01 22:03:48,021 [INFO] ApiDbMcu:507 - Load IP Config File for FATFS
2023-10-01 22:03:48,041 [INFO] ApiDbMcu:507 - Load IP Config File for FREERTOS
2023-10-01 22:03:48,060 [INFO] ApiDbMcu:507 - Load IP Config File for USB_DEVICE
2023-10-01 22:03:50,341 [INFO] LogOutputStream:77 - [STDOUT_REDIRECT] 
2023-10-01 22:03:56,897 [INFO] ProjectBuilder:4626 - Time for Generating toolchain IDE Files: 9461mS.
2023-10-01 22:03:56,902 [INFO] ProjectBuilder:2935 - Time for Copy CMSIS : 3mS.
2023-10-01 22:03:56,912 [INFO] ProjectBuilder:2935 - Time for Copy CMSIS : 1mS.
2023-10-01 22:03:58,698 [INFO] McuFinderGlobals:76 - Set McuFinderConnectedMode to true
2023-10-01 22:03:58,729 [INFO] ApiDb:448 - Save user favorites file C:\Users\brbar/.stm32cubeide/favorites.mcus.txt: 0 item(s)
2023-10-01 22:03:58,730 [INFO] ApiDb:452 - User favorites MCUs=[]
2023-10-01 22:29:31,377 [ERROR] LogOutputStream:75 - [STDERR_REDIRECT] Managed Build system manifest file error: Option ilg.gnuarmeclipse.managedbuild.cross.option.optimization.level.1570080164 uses a null category that is invalid in its context. The option was ignored.
2023-10-01 22:29:31,383 [ERROR] LogOutputStream:75 - [STDERR_REDIRECT] Managed Build system manifest file error: Option ilg.gnuarmeclipse.managedbuild.cross.option.optimization.messagelength.1068391678 uses a null category that is invalid in its context. The option was ignored.
2023-10-01 22:29:31,387 [ERROR] LogOutputStream:75 - [STDERR_REDIRECT] Managed Build system manifest file error: Option ilg.gnuarmeclipse.managedbuild.cross.option.optimization.signedchar.1341374047 uses a null category that is invalid in its context. The option was ignored.
2023-10-01 22:29:31,390 [ERROR] LogOutputStream:75 - [STDERR_REDIRECT] Managed Build system manifest file error: Option ilg.gnuarmeclipse.managedbuild.cross.option.optimization.functionsections.333506271 uses a null category that is invalid in its context. The option was ignored.
2023-10-01 22:29:31,393 [ERROR] LogOutputStream:75 - [STDERR_REDIRECT] Managed Build system manifest file error: Option ilg.gnuarmeclipse.managedbuild.cross.option.optimization.datasections.1461545119 uses a null category that is invalid in its context. The option was ignored.
2023-10-01 22:29:31,395 [ERROR] LogOutputStream:75 - [STDERR_REDIRECT] Managed Build system manifest file error: Option ilg.gnuarmeclipse.managedbuild.cross.option.debugging.level.375495608 uses a null category that is invalid in its context. The option was ignored.
2023-10-01 22:29:31,400 [ERROR] LogOutputStream:75 - [STDERR_REDIRECT] Managed Build system manifest file error: Option ilg.gnuarmeclipse.managedbuild.cross.option.debugging.format.53227017 uses a null category that is invalid in its context. The option was ignored.
2023-10-01 22:29:31,403 [ERROR] LogOutputStream:75 - [STDERR_REDIRECT] Managed Build system manifest file error: Option ilg.gnuarmeclipse.managedbuild.cross.option.warnings.allwarn.304304540 uses a null category that is invalid in its context. The option was ignored.
2023-10-01 22:29:31,406 [ERROR] LogOutputStream:75 - [STDERR_REDIRECT] Managed Build system manifest file error: Option ilg.gnuarmeclipse.managedbuild.cross.option.warnings.extrawarn.112887873 uses a null category that is invalid in its context. The option was ignored.
2023-10-01 22:29:31,409 [ERROR] LogOutputStream:75 - [STDERR_REDIRECT] Managed Build system manifest file error: Option ilg.gnuarmeclipse.managedbuild.cross.option.optimization.freestanding.93620102 uses a null category that is invalid in its context. The option was ignored.
2023-10-01 22:29:31,412 [ERROR] LogOutputStream:75 - [STDERR_REDIRECT] Managed Build system manifest file error: Option ilg.gnuarmeclipse.managedbuild.cross.option.optimization.nomoveloopinvariants.1271241662 uses a null category that is invalid in its context. The option was ignored.
2023-10-01 22:29:31,417 [ERROR] LogOutputStream:75 - [STDERR_REDIRECT] Managed Build system manifest file error: Option ilg.gnuarmeclipse.managedbuild.cross.option.toolchain.name.341386107 uses a null category that is invalid in its context. The option was ignored.
2023-10-01 22:29:31,419 [ERROR] LogOutputStream:75 - [STDERR_REDIRECT] Managed Build system manifest file error: Option ilg.gnuarmeclipse.managedbuild.cross.option.architecture.1157255891 uses a null category that is invalid in its context. The option was ignored.
2023-10-01 22:29:31,421 [ERROR] LogOutputStream:75 - [STDERR_REDIRECT] Managed Build system manifest file error: Option ilg.gnuarmeclipse.managedbuild.cross.option.arm.target.family.943414286 uses a null category that is invalid in its context. The option was ignored.
2023-10-01 22:29:31,424 [ERROR] LogOutputStream:75 - [STDERR_REDIRECT] Managed Build system manifest file error: Option ilg.gnuarmeclipse.managedbuild.cross.option.arm.target.instructionset.581440293 uses a null category that is invalid in its context. The option was ignored.
2023-10-01 22:29:31,426 [ERROR] LogOutputStream:75 - [STDERR_REDIRECT] Managed Build system manifest file error: Option ilg.gnuarmeclipse.managedbuild.cross.option.command.prefix.644300461 uses a null category that is invalid in its context. The option was ignored.
2023-10-01 22:29:31,429 [ERROR] LogOutputStream:75 - [STDERR_REDIRECT] Managed Build system manifest file error: Option ilg.gnuarmeclipse.managedbuild.cross.option.command.c.411001941 uses a null category that is invalid in its context. The option was ignored.
2023-10-01 22:29:31,434 [ERROR] LogOutputStream:75 - [STDERR_REDIRECT] Managed Build system manifest file error: Option ilg.gnuarmeclipse.managedbuild.cross.option.command.cpp.1122350556 uses a null category that is invalid in its context. The option was ignored.
2023-10-01 22:29:31,437 [ERROR] LogOutputStream:75 - [STDERR_REDIRECT] Managed Build system manifest file error: Option ilg.gnuarmeclipse.managedbuild.cross.option.command.ar.401206963 uses a null category that is invalid in its context. The option was ignored.
2023-10-01 22:29:31,439 [ERROR] LogOutputStream:75 - [STDERR_REDIRECT] Managed Build system manifest file error: Option ilg.gnuarmeclipse.managedbuild.cross.option.command.objcopy.1529201552 uses a null category that is invalid in its context. The option was ignored.
2023-10-01 22:29:31,441 [ERROR] LogOutputStream:75 - [STDERR_REDIRECT] Managed Build system manifest file error: Option ilg.gnuarmeclipse.managedbuild.cross.option.command.objdump.230030638 uses a null category that is invalid in its context. The option was ignored.
2023-10-01 22:29:31,444 [ERROR] LogOutputStream:75 - [STDERR_REDIRECT] Managed Build system manifest file error: Option ilg.gnuarmeclipse.managedbuild.cross.option.command.size.1201230984 uses a null category that is invalid in its context. The option was ignored.
2023-10-01 22:29:31,446 [ERROR] LogOutputStream:75 - [STDERR_REDIRECT] Managed Build system manifest file error: Option ilg.gnuarmeclipse.managedbuild.cross.option.command.make.419505286 uses a null category that is invalid in its context. The option was ignored.
2023-10-01 22:29:31,450 [ERROR] LogOutputStream:75 - [STDERR_REDIRECT] Managed Build system manifest file error: Option ilg.gnuarmeclipse.managedbuild.cross.option.command.rm.950878986 uses a null category that is invalid in its context. The option was ignored.
2023-10-01 22:29:31,452 [ERROR] LogOutputStream:75 - [STDERR_REDIRECT] Managed Build system manifest file error: Option ilg.gnuarmeclipse.managedbuild.cross.option.addtools.createflash.736295002 uses a null category that is invalid in its context. The option was ignored.
2023-10-01 22:29:31,454 [ERROR] LogOutputStream:75 - [STDERR_REDIRECT] Managed Build system manifest file error: Option ilg.gnuarmeclipse.managedbuild.cross.option.addtools.printsize.1860727985 uses a null category that is invalid in its context. The option was ignored.
2023-10-01 22:29:31,517 [ERROR] LogOutputStream:75 - [STDERR_REDIRECT] Managed Build system manifest file error: Option ilg.gnuarmeclipse.managedbuild.cross.option.optimization.level.1314133130 uses a null category that is invalid in its context. The option was ignored.
2023-10-01 22:29:31,520 [ERROR] LogOutputStream:75 - [STDERR_REDIRECT] Managed Build system manifest file error: Option ilg.gnuarmeclipse.managedbuild.cross.option.optimization.messagelength.350405453 uses a null category that is invalid in its context. The option was ignored.
2023-10-01 22:29:31,523 [ERROR] LogOutputStream:75 - [STDERR_REDIRECT] Managed Build system manifest file error: Option ilg.gnuarmeclipse.managedbuild.cross.option.optimization.signedchar.589609528 uses a null category that is invalid in its context. The option was ignored.
2023-10-01 22:29:31,525 [ERROR] LogOutputStream:75 - [STDERR_REDIRECT] Managed Build system manifest file error: Option ilg.gnuarmeclipse.managedbuild.cross.option.optimization.functionsections.165350658 uses a null category that is invalid in its context. The option was ignored.
2023-10-01 22:29:31,528 [ERROR] LogOutputStream:75 - [STDERR_REDIRECT] Managed Build system manifest file error: Option ilg.gnuarmeclipse.managedbuild.cross.option.optimization.datasections.517104512 uses a null category that is invalid in its context. The option was ignored.
2023-10-01 22:29:31,532 [ERROR] LogOutputStream:75 - [STDERR_REDIRECT] Managed Build system manifest file error: Option ilg.gnuarmeclipse.managedbuild.cross.option.debugging.level.736438598 uses a null category that is invalid in its context. The option was ignored.
2023-10-01 22:29:31,534 [ERROR] LogOutputStream:75 - [STDERR_REDIRECT] Managed Build system manifest file error: Option ilg.gnuarmeclipse.managedbuild.cross.option.debugging.format.431625831 uses a null category that is invalid in its context. The option was ignored.
2023-10-01 22:29:31,536 [ERROR] LogOutputStream:75 - [STDERR_REDIRECT] Managed Build system manifest file error: Option ilg.gnuarmeclipse.managedbuild.cross.option.warnings.allwarn.2080478363 uses a null category that is invalid in its context. The option was ignored.
2023-10-01 22:29:31,539 [ERROR] LogOutputStream:75 - [STDERR_REDIRECT] Managed Build system manifest file error: Option ilg.gnuarmeclipse.managedbuild.cross.option.warnings.extrawarn.408344550 uses a null category that is invalid in its context. The option was ignored.
2023-10-01 22:29:31,542 [ERROR] LogOutputStream:75 - [STDERR_REDIRECT] Managed Build system manifest file error: Option ilg.gnuarmeclipse.managedbuild.cross.option.optimization.freestanding.2089371351 uses a null category that is invalid in its context. The option was ignored.
2023-10-01 22:29:31,544 [ERROR] LogOutputStream:75 - [STDERR_REDIRECT] Managed Build system manifest file error: Option ilg.gnuarmeclipse.managedbuild.cross.option.toolchain.name.385363097 uses a null category that is invalid in its context. The option was ignored.
2023-10-01 22:29:31,549 [ERROR] LogOutputStream:75 - [STDERR_REDIRECT] Managed Build system manifest file error: Option ilg.gnuarmeclipse.managedbuild.cross.option.architecture.1934655977 uses a null category that is invalid in its context. The option was ignored.
2023-10-01 22:29:31,553 [ERROR] LogOutputStream:75 - [STDERR_REDIRECT] Managed Build system manifest file error: Option ilg.gnuarmeclipse.managedbuild.cross.option.arm.target.family.505631752 uses a null category that is invalid in its context. The option was ignored.
2023-10-01 22:29:31,557 [ERROR] LogOutputStream:75 - [STDERR_REDIRECT] Managed Build system manifest file error: Option ilg.gnuarmeclipse.managedbuild.cross.option.arm.target.instructionset.1258262408 uses a null category that is invalid in its context. The option was ignored.
2023-10-01 22:29:31,560 [ERROR] LogOutputStream:75 - [STDERR_REDIRECT] Managed Build system manifest file error: Option ilg.gnuarmeclipse.managedbuild.cross.option.command.prefix.2038001702 uses a null category that is invalid in its context. The option was ignored.
2023-10-01 22:29:31,562 [ERROR] LogOutputStream:75 - [STDERR_REDIRECT] Managed Build system manifest file error: Option ilg.gnuarmeclipse.managedbuild.cross.option.command.c.1680217756 uses a null category that is invalid in its context. The option was ignored.
2023-10-01 22:29:31,565 [ERROR] LogOutputStream:75 - [STDERR_REDIRECT] Managed Build system manifest file error: Option ilg.gnuarmeclipse.managedbuild.cross.option.command.cpp.19110166 uses a null category that is invalid in its context. The option was ignored.
2023-10-01 22:29:31,567 [ERROR] LogOutputStream:75 - [STDERR_REDIRECT] Managed Build system manifest file error: Option ilg.gnuarmeclipse.managedbuild.cross.option.command.ar.449719020 uses a null category that is invalid in its context. The option was ignored.
2023-10-01 22:29:31,569 [ERROR] LogOutputStream:75 - [STDERR_REDIRECT] Managed Build system manifest file error: Option ilg.gnuarmeclipse.managedbuild.cross.option.command.objcopy.1271353864 uses a null category that is invalid in its context. The option was ignored.
2023-10-01 22:29:31,572 [ERROR] LogOutputStream:75 - [STDERR_REDIRECT] Managed Build system manifest file error: Option ilg.gnuarmeclipse.managedbuild.cross.option.command.objdump.638392412 uses a null category that is invalid in its context. The option was ignored.
2023-10-01 22:29:31,574 [ERROR] LogOutputStream:75 - [STDERR_REDIRECT] Managed Build system manifest file error: Option ilg.gnuarmeclipse.managedbuild.cross.option.command.size.1996177841 uses a null category that is invalid in its context. The option was ignored.
2023-10-01 22:29:31,576 [ERROR] LogOutputStream:75 - [STDERR_REDIRECT] Managed Build system manifest file error: Option ilg.gnuarmeclipse.managedbuild.cross.option.command.make.2145767209 uses a null category that is invalid in its context. The option was ignored.
2023-10-01 22:29:31,579 [ERROR] LogOutputStream:75 - [STDERR_REDIRECT] Managed Build system manifest file error: Option ilg.gnuarmeclipse.managedbuild.cross.option.command.rm.615658229 uses a null category that is invalid in its context. The option was ignored.
2023-10-01 22:29:31,581 [ERROR] LogOutputStream:75 - [STDERR_REDIRECT] Managed Build system manifest file error: Option ilg.gnuarmeclipse.managedbuild.cross.option.addtools.createflash.1477388182 uses a null category that is invalid in its context. The option was ignored.
2023-10-01 22:29:31,584 [ERROR] LogOutputStream:75 - [STDERR_REDIRECT] Managed Build system manifest file error: Option ilg.gnuarmeclipse.managedbuild.cross.option.addtools.printsize.1748140900 uses a null category that is invalid in its context. The option was ignored.
