2025-09-17 00:07:47,819 [INFO] Activator:176 - 


2025-09-17 00:07:47,819 [INFO] Activator:177 - !SESSION log4j initialized
2025-09-17 00:07:55,093 [INFO] LogOutputStream:77 - [STDOUT_REDIRECT] 
2025-09-17 00:07:56,427 [INFO] ApplicationProperties:184 - Using Application install path: C:\ST\STM32CubeIDE_1.13.1\STM32CubeIDE\plugins\com.st.stm32cube.common.mx_6.9.1.202307191849
2025-09-17 00:07:56,457 [INFO] DbMcusXml:78 - Set database path to: C:\ST\STM32CubeIDE_1.13.1\STM32CubeIDE\plugins\com.st.stm32cube.common.mx_6.9.1.202307191849\\db\/mcu/
2025-09-17 00:07:56,458 [INFO] ApiDb:274 - Set plugin database path to: C:\ST\STM32CubeIDE_1.13.1\STM32CubeIDE\plugins\com.st.stm32cube.common.mx_6.9.1.202307191849\\db\/plugins/boardmanager/
2025-09-17 00:07:56,458 [WARN] ApiDb:259 - Overriding images path with different value:  => C:\ST\STM32CubeIDE_1.13.1\STM32CubeIDE\plugins\com.st.stm32cube.common.mx_6.9.1.202307191849\\db\/plugins/mcufinder/images/
2025-09-17 00:07:56,479 [INFO] ApiDb:250 - Set database path to: C:\Users\brbar\.stmcufinder\plugins\mcufinder//mcu/
2025-09-17 00:07:56,481 [INFO] DbMcusAds:125 - Set database path to: C:\Users\brbar\.stmcufinder\plugins\mcufinder//mcu/
2025-09-17 00:07:56,484 [INFO] CrossReferenceDbSqlite:203 - Set database path to: C:\Users\brbar\.stmcufinder\plugins\mcufinder//mcu/cs/
2025-09-17 00:07:56,653 [INFO] RulesReader:64 - Compatibility file has been processed (293 Rules)
2025-09-17 00:07:56,794 [INFO] DbMcusXml:78 - Set database path to: C:\ST\STM32CubeIDE_1.13.1\STM32CubeIDE\plugins\com.st.stm32cube.common.mx_6.9.1.202307191849\\db\/mcu/
2025-09-17 00:07:56,794 [INFO] ApiDb:274 - Set plugin database path to: C:\ST\STM32CubeIDE_1.13.1\STM32CubeIDE\plugins\com.st.stm32cube.common.mx_6.9.1.202307191849\\db\/plugins/boardmanager/
2025-09-17 00:07:56,794 [INFO] ApiDb:261 - Set plugin images path to: C:\ST\STM32CubeIDE_1.13.1\STM32CubeIDE\plugins\com.st.stm32cube.common.mx_6.9.1.202307191849\\db\/plugins/mcufinder/images/
2025-09-17 00:07:56,794 [WARN] DbFile:41 - Overriding database path with different value: C:\Users\brbar\.stmcufinder\plugins\mcufinder/ => C:\Users\brbar\.stmcufinder\plugins\mcufinder
2025-09-17 00:07:56,795 [INFO] ApiDb:250 - Set database path to: C:\Users\brbar\.stmcufinder\plugins\mcufinder//mcu/
2025-09-17 00:07:56,795 [WARN] DbFile:41 - Overriding database path with different value: C:\Users\brbar\.stmcufinder\plugins\mcufinder/ => C:\Users\brbar\.stmcufinder\plugins\mcufinder
2025-09-17 00:07:56,795 [INFO] DbMcusAds:125 - Set database path to: C:\Users\brbar\.stmcufinder\plugins\mcufinder//mcu/
2025-09-17 00:07:56,795 [WARN] DbFile:41 - Overriding database path with different value: C:\Users\brbar\.stmcufinder\plugins\mcufinder/ => C:\Users\brbar\.stmcufinder\plugins\mcufinder
2025-09-17 00:07:56,796 [WARN] DbFile:41 - Overriding database path with different value: C:\Users\brbar\.stmcufinder\plugins\mcufinder/ => C:\Users\brbar\.stmcufinder\plugins\mcufinder
2025-09-17 00:07:56,796 [INFO] CrossReferenceDbSqlite:203 - Set database path to: C:\Users\brbar\.stmcufinder\plugins\mcufinder//mcu/cs/
2025-09-17 00:07:56,920 [INFO] MainPanel:262 - HeapMemory: 268435456
2025-09-17 00:07:57,067 [INFO] DbMcusXml:78 - Set database path to: C:\ST\STM32CubeIDE_1.13.1\STM32CubeIDE\plugins\com.st.stm32cube.common.mx_6.9.1.202307191849\\db\/mcu/
2025-09-17 00:07:57,067 [INFO] ApiDb:274 - Set plugin database path to: C:\ST\STM32CubeIDE_1.13.1\STM32CubeIDE\plugins\com.st.stm32cube.common.mx_6.9.1.202307191849\\db\/plugins/boardmanager/
2025-09-17 00:07:57,067 [INFO] ApiDb:261 - Set plugin images path to: C:\ST\STM32CubeIDE_1.13.1\STM32CubeIDE\plugins\com.st.stm32cube.common.mx_6.9.1.202307191849\\db\/plugins/mcufinder/images/
2025-09-17 00:07:57,068 [WARN] DbFile:41 - Overriding database path with different value: C:\Users\brbar\.stmcufinder\plugins\mcufinder/ => C:\Users\brbar\.stmcufinder\plugins\mcufinder
2025-09-17 00:07:57,068 [INFO] ApiDb:250 - Set database path to: C:\Users\brbar\.stmcufinder\plugins\mcufinder//mcu/
2025-09-17 00:07:57,069 [WARN] DbFile:41 - Overriding database path with different value: C:\Users\brbar\.stmcufinder\plugins\mcufinder/ => C:\Users\brbar\.stmcufinder\plugins\mcufinder
2025-09-17 00:07:57,069 [INFO] DbMcusAds:125 - Set database path to: C:\Users\brbar\.stmcufinder\plugins\mcufinder//mcu/
2025-09-17 00:07:57,069 [WARN] DbFile:41 - Overriding database path with different value: C:\Users\brbar\.stmcufinder\plugins\mcufinder/ => C:\Users\brbar\.stmcufinder\plugins\mcufinder
2025-09-17 00:07:57,069 [WARN] DbFile:41 - Overriding database path with different value: C:\Users\brbar\.stmcufinder\plugins\mcufinder/ => C:\Users\brbar\.stmcufinder\plugins\mcufinder
2025-09-17 00:07:57,069 [INFO] CrossReferenceDbSqlite:203 - Set database path to: C:\Users\brbar\.stmcufinder\plugins\mcufinder//mcu/cs/
2025-09-17 00:07:57,102 [INFO] ApplicationProperties:184 - Using Application install path: C:\ST\STM32CubeIDE_1.13.1\STM32CubeIDE\plugins\com.st.stm32cube.common.mx_6.9.1.202307191849
2025-09-17 00:07:57,105 [INFO] PluginManage:196 - Search for loadable plugins [exclusion list=, ]
2025-09-17 00:07:57,108 [INFO] PluginManage:310 - Check plugin analytics
2025-09-17 00:07:57,355 [INFO] AnalyticsPlugin:253 - Accepted Software Licenses: 
2025-09-17 00:07:57,356 [INFO] AnalyticsPlugin:255 - Accepted CMSIS Pack Licenses: 
2025-09-17 00:07:57,356 [INFO] AnalyticsPlugin:257 - Accepted Firmware Licenses: 
2025-09-17 00:07:57,360 [INFO] PluginManage:359 - Loaded plugin analytics (category:tool,tabindex:-1)
2025-09-17 00:07:57,361 [INFO] PluginManage:310 - Check plugin cadmodel
2025-09-17 00:07:57,369 [INFO] CADModel:105 - Init CAD model plugin
2025-09-17 00:07:57,370 [INFO] PluginManage:359 - Loaded plugin cadmodel (category:power,tabindex:5)
2025-09-17 00:07:57,370 [INFO] PluginManage:310 - Check plugin clock
2025-09-17 00:07:57,386 [INFO] PluginManage:359 - Loaded plugin clock (category:base,tabindex:2)
2025-09-17 00:07:57,387 [INFO] PluginManage:310 - Check plugin ddr
2025-09-17 00:07:57,392 [INFO] PluginManage:359 - Loaded plugin ddr (category:tool,tabindex:6)
2025-09-17 00:07:57,392 [INFO] PluginManage:310 - Check plugin filemanager
2025-09-17 00:07:57,595 [INFO] PluginManage:359 - Loaded plugin filemanager (category:base,tabindex:10)
2025-09-17 00:07:57,596 [INFO] PluginManage:310 - Check plugin ipmanager
2025-09-17 00:07:57,608 [INFO] PluginManage:359 - Loaded plugin ipmanager (category:base,tabindex:5)
2025-09-17 00:07:57,609 [INFO] PluginManage:310 - Check plugin lpbam
2025-09-17 00:07:57,622 [INFO] PluginManage:359 - Loaded plugin lpbam (category:base,tabindex:0)
2025-09-17 00:07:57,622 [INFO] PluginManage:310 - Check plugin memorymap
2025-09-17 00:07:57,646 [INFO] PluginManage:359 - Loaded plugin memorymap (category:base,tabindex:4)
2025-09-17 00:07:57,646 [INFO] PluginManage:310 - Check plugin pinoutandconfiguration
2025-09-17 00:07:57,660 [INFO] PluginManage:359 - Loaded plugin pinoutandconfiguration (category:base,tabindex:1)
2025-09-17 00:07:57,661 [INFO] PluginManage:310 - Check plugin pinoutconfig
2025-09-17 00:07:57,833 [WARN] SupportedApi:132 - Cannot load RTOS API schema: s4s-elt-must-match.1: The content of 'definitions' must match (annotation?, (simpleType | complexType)?, (unique | key | keyref)*)). A problem was found starting at: attribute.
2025-09-17 00:07:58,069 [INFO] PluginManage:359 - Loaded plugin pinoutconfig (category:base,tabindex:0)
2025-09-17 00:07:58,070 [INFO] PluginManage:310 - Check plugin power
2025-09-17 00:07:58,087 [INFO] PluginManage:359 - Loaded plugin power (category:power,tabindex:4)
2025-09-17 00:07:58,088 [INFO] PluginManage:310 - Check plugin projectmanager
2025-09-17 00:07:58,111 [INFO] PluginManage:359 - Loaded plugin projectmanager (category:projectmanager,tabindex:3)
2025-09-17 00:07:58,111 [INFO] PluginManage:310 - Check plugin thirdparty
2025-09-17 00:07:58,335 [WARN] IntegrityCheckThread:84 - waiting for thirdparty lock release [integrity check]
2025-09-17 00:07:58,335 [INFO] IntegrityCheckThread:86 - entering critical section [integrity check]
2025-09-17 00:07:58,336 [INFO] PluginManage:359 - Loaded plugin thirdparty (category:base,tabindex:-1)
2025-09-17 00:07:58,336 [INFO] PluginManage:310 - Check plugin tools
2025-09-17 00:07:58,336 [INFO] ThirdPartyUpdaterWithRetryManager:70 - Updater plugin not ready yet. [1/15]
2025-09-17 00:07:58,341 [INFO] PluginManage:359 - Loaded plugin tools (category:base,tabindex:7)
2025-09-17 00:07:58,342 [INFO] PluginManage:310 - Check plugin tutovideos
2025-09-17 00:07:58,608 [INFO] PluginManage:359 - Loaded plugin tutovideos (category:base,tabindex:-1)
2025-09-17 00:07:58,609 [INFO] PluginManage:310 - Check plugin updater
2025-09-17 00:07:58,625 [INFO] PluginManage:359 - Loaded plugin updater (category:base,tabindex:12)
2025-09-17 00:07:58,625 [INFO] PluginManage:310 - Check plugin userauth
2025-09-17 00:07:58,633 [INFO] UserAuth:113 - Init User Auth plugin
2025-09-17 00:07:58,633 [INFO] PluginManage:359 - Loaded plugin userauth (category:base,tabindex:14)
2025-09-17 00:07:58,633 [INFO] PluginManage:283 - PluginManage : Loaded plugins [17]
2025-09-17 00:07:58,926 [INFO] PinOutPanel:1499 - setPackage(No Configuration,No Configuration)
2025-09-17 00:07:59,062 [INFO] CADModel:165 - CPN selected for project level
2025-09-17 00:07:59,063 [INFO] CADModel:114 - Register for checkConnection events
2025-09-17 00:07:59,082 [INFO] IPUIPlugin:80 - create IPUIPlugin
2025-09-17 00:07:59,082 [INFO] PluginManager:220 - loadIPPluginJar : add adc
2025-09-17 00:07:59,086 [INFO] IPUIPlugin:80 - create IPUIPlugin
2025-09-17 00:07:59,086 [INFO] PluginManager:220 - loadIPPluginJar : add aes
2025-09-17 00:07:59,089 [INFO] IPUIPlugin:80 - create IPUIPlugin
2025-09-17 00:07:59,089 [INFO] PluginManager:220 - loadIPPluginJar : add can
2025-09-17 00:07:59,091 [INFO] IPUIPlugin:80 - create IPUIPlugin
2025-09-17 00:07:59,091 [INFO] PluginManager:220 - loadIPPluginJar : add comp
2025-09-17 00:07:59,094 [INFO] IPUIPlugin:80 - create IPUIPlugin
2025-09-17 00:07:59,094 [INFO] PluginManager:220 - loadIPPluginJar : add cryp
2025-09-17 00:07:59,098 [INFO] IPUIPlugin:80 - create IPUIPlugin
2025-09-17 00:07:59,098 [INFO] PluginManager:220 - loadIPPluginJar : add dfsdm
2025-09-17 00:07:59,105 [INFO] IPUIPlugin:80 - create IPUIPlugin
2025-09-17 00:07:59,106 [INFO] PluginManager:220 - loadIPPluginJar : add dma
2025-09-17 00:07:59,109 [INFO] IPUIPlugin:80 - create IPUIPlugin
2025-09-17 00:07:59,109 [INFO] PluginManager:220 - loadIPPluginJar : add dma3
2025-09-17 00:07:59,111 [INFO] IPUIPlugin:80 - create IPUIPlugin
2025-09-17 00:07:59,112 [INFO] PluginManager:220 - loadIPPluginJar : add fatfs
2025-09-17 00:07:59,117 [INFO] IPUIPlugin:80 - create IPUIPlugin
2025-09-17 00:07:59,118 [INFO] PluginManager:220 - loadIPPluginJar : add fmc
2025-09-17 00:07:59,124 [INFO] IPUIPlugin:80 - create IPUIPlugin
2025-09-17 00:07:59,125 [INFO] PluginManager:220 - loadIPPluginJar : add freertos
2025-09-17 00:07:59,127 [INFO] IPUIPlugin:80 - create IPUIPlugin
2025-09-17 00:07:59,127 [INFO] PluginManager:220 - loadIPPluginJar : add genericplugin
2025-09-17 00:07:59,130 [INFO] IPUIPlugin:80 - create IPUIPlugin
2025-09-17 00:07:59,130 [INFO] PluginManager:220 - loadIPPluginJar : add gfxmmu
2025-09-17 00:07:59,136 [INFO] IPUIPlugin:80 - create IPUIPlugin
2025-09-17 00:07:59,136 [INFO] PluginManager:220 - loadIPPluginJar : add gic
2025-09-17 00:07:59,141 [INFO] IPUIPlugin:80 - create IPUIPlugin
2025-09-17 00:07:59,142 [INFO] PluginManager:220 - loadIPPluginJar : add gpio
2025-09-17 00:07:59,145 [INFO] IPUIPlugin:80 - create IPUIPlugin
2025-09-17 00:07:59,145 [INFO] PluginManager:220 - loadIPPluginJar : add gtzc
2025-09-17 00:07:59,148 [INFO] IPUIPlugin:80 - create IPUIPlugin
2025-09-17 00:07:59,148 [INFO] PluginManager:220 - loadIPPluginJar : add hash
2025-09-17 00:07:59,150 [INFO] IPUIPlugin:80 - create IPUIPlugin
2025-09-17 00:07:59,151 [INFO] PluginManager:220 - loadIPPluginJar : add i2c
2025-09-17 00:07:59,152 [INFO] IPUIPlugin:80 - create IPUIPlugin
2025-09-17 00:07:59,153 [INFO] PluginManager:220 - loadIPPluginJar : add i2s
2025-09-17 00:07:59,155 [INFO] IPUIPlugin:80 - create IPUIPlugin
2025-09-17 00:07:59,155 [INFO] PluginManager:220 - loadIPPluginJar : add i3c
2025-09-17 00:07:59,159 [INFO] IPUIPlugin:80 - create IPUIPlugin
2025-09-17 00:07:59,159 [INFO] PluginManager:220 - loadIPPluginJar : add ipddr
2025-09-17 00:07:59,167 [INFO] IPUIPlugin:80 - create IPUIPlugin
2025-09-17 00:07:59,167 [INFO] PluginManager:220 - loadIPPluginJar : add linkedlist
2025-09-17 00:07:59,171 [INFO] IPUIPlugin:80 - create IPUIPlugin
2025-09-17 00:07:59,171 [INFO] PluginManager:220 - loadIPPluginJar : add lorawan
2025-09-17 00:07:59,173 [INFO] IPUIPlugin:80 - create IPUIPlugin
2025-09-17 00:07:59,173 [INFO] PluginManager:220 - loadIPPluginJar : add ltdc
2025-09-17 00:07:59,179 [INFO] IPUIPlugin:80 - create IPUIPlugin
2025-09-17 00:07:59,180 [INFO] PluginManager:220 - loadIPPluginJar : add mdma
2025-09-17 00:07:59,183 [INFO] IPUIPlugin:80 - create IPUIPlugin
2025-09-17 00:07:59,184 [INFO] PluginManager:220 - loadIPPluginJar : add nvic
2025-09-17 00:07:59,186 [INFO] IPUIPlugin:80 - create IPUIPlugin
2025-09-17 00:07:59,187 [INFO] PluginManager:220 - loadIPPluginJar : add opamp
2025-09-17 00:07:59,190 [INFO] IPUIPlugin:80 - create IPUIPlugin
2025-09-17 00:07:59,190 [INFO] PluginManager:220 - loadIPPluginJar : add openamp
2025-09-17 00:07:59,194 [INFO] IPUIPlugin:80 - create IPUIPlugin
2025-09-17 00:07:59,194 [INFO] PluginManager:220 - loadIPPluginJar : add pdm2pcm
2025-09-17 00:07:59,202 [INFO] IPUIPlugin:80 - create IPUIPlugin
2025-09-17 00:07:59,204 [INFO] PluginManager:220 - loadIPPluginJar : add plateformsettings
2025-09-17 00:07:59,206 [INFO] IPUIPlugin:80 - create IPUIPlugin
2025-09-17 00:07:59,206 [INFO] PluginManager:220 - loadIPPluginJar : add quadspi
2025-09-17 00:07:59,210 [INFO] IPUIPlugin:80 - create IPUIPlugin
2025-09-17 00:07:59,210 [INFO] PluginManager:220 - loadIPPluginJar : add resmgrutility
2025-09-17 00:07:59,214 [INFO] IPUIPlugin:80 - create IPUIPlugin
2025-09-17 00:07:59,214 [INFO] PluginManager:220 - loadIPPluginJar : add sai
2025-09-17 00:07:59,217 [INFO] IPUIPlugin:80 - create IPUIPlugin
2025-09-17 00:07:59,217 [INFO] PluginManager:220 - loadIPPluginJar : add spi
2025-09-17 00:07:59,221 [INFO] IPUIPlugin:80 - create IPUIPlugin
2025-09-17 00:07:59,222 [INFO] PluginManager:220 - loadIPPluginJar : add stm32_wpan
2025-09-17 00:07:59,223 [INFO] IPUIPlugin:80 - create IPUIPlugin
2025-09-17 00:07:59,224 [INFO] PluginManager:220 - loadIPPluginJar : add tim
2025-09-17 00:07:59,228 [INFO] IPUIPlugin:80 - create IPUIPlugin
2025-09-17 00:07:59,229 [INFO] PluginManager:220 - loadIPPluginJar : add touchsensing
2025-09-17 00:07:59,234 [INFO] IPUIPlugin:80 - create IPUIPlugin
2025-09-17 00:07:59,234 [INFO] PluginManager:220 - loadIPPluginJar : add tracer_emb
2025-09-17 00:07:59,239 [INFO] IPUIPlugin:80 - create IPUIPlugin
2025-09-17 00:07:59,239 [INFO] PluginManager:220 - loadIPPluginJar : add ts
2025-09-17 00:07:59,243 [INFO] IPUIPlugin:80 - create IPUIPlugin
2025-09-17 00:07:59,243 [INFO] PluginManager:220 - loadIPPluginJar : add tsc
2025-09-17 00:07:59,247 [INFO] IPUIPlugin:80 - create IPUIPlugin
2025-09-17 00:07:59,248 [INFO] PluginManager:220 - loadIPPluginJar : add ucpd
2025-09-17 00:07:59,251 [INFO] IPUIPlugin:80 - create IPUIPlugin
2025-09-17 00:07:59,252 [INFO] PluginManager:220 - loadIPPluginJar : add usart
2025-09-17 00:07:59,256 [INFO] IPUIPlugin:80 - create IPUIPlugin
2025-09-17 00:07:59,256 [INFO] PluginManager:220 - loadIPPluginJar : add usbx
2025-09-17 00:07:59,393 [INFO] CADModel:165 - CPN selected for project level
2025-09-17 00:07:59,394 [INFO] CADModel:114 - Register for checkConnection events
2025-09-17 00:07:59,394 [FATAL] Updater:308 - Updater called before beeing initialized
2025-09-17 00:07:59,395 [ERROR] CADModel:125 - Updater not yet initialized, retry later 
2025-09-17 00:07:59,675 [INFO] CADModel:165 - CPN selected for project level
2025-09-17 00:07:59,675 [INFO] CADModel:114 - Register for checkConnection events
2025-09-17 00:07:59,675 [FATAL] Updater:308 - Updater called before beeing initialized
2025-09-17 00:07:59,675 [ERROR] CADModel:125 - Updater not yet initialized, retry later 
2025-09-17 00:07:59,679 [FATAL] Updater:308 - Updater called before beeing initialized
2025-09-17 00:07:59,809 [FATAL] Updater:308 - Updater called before beeing initialized
2025-09-17 00:07:59,814 [INFO] DbMcusAds:53 - JSON generation date=Tue Jul 08 10:14:23 EET 2025 (1751962463582)
2025-09-17 00:07:59,815 [FATAL] Updater:308 - Updater called before beeing initialized
2025-09-17 00:07:59,871 [WARN] DetailPanel:346 - Failed to get advertising image, set to default
2025-09-17 00:07:59,994 [FATAL] Updater:308 - Updater called before beeing initialized
2025-09-17 00:07:59,997 [FATAL] Updater:308 - Updater called before beeing initialized
2025-09-17 00:07:59,997 [FATAL] Updater:308 - Updater called before beeing initialized
2025-09-17 00:07:59,997 [WARN] DetailPanel:346 - Failed to get advertising image, set to default
2025-09-17 00:07:59,998 [FATAL] Updater:308 - Updater called before beeing initialized
2025-09-17 00:08:00,065 [ERROR] Updater:1120 - MainUpdater not yet initialized. External WinMGr cannot be set.
2025-09-17 00:08:00,068 [INFO] Updater:1056 - Updater Version found : 6.9.1
2025-09-17 00:08:00,098 [INFO] ApplicationProperties:184 - Using Application install path: C:\ST\STM32CubeIDE_1.13.1\STM32CubeIDE\plugins\com.st.stm32cube.common.mx_6.9.1.202307191849
2025-09-17 00:08:00,673 [INFO] MainUpdater:2868 - connection check result : 10
2025-09-17 00:08:00,675 [INFO] MainUpdater:285 - Updater Check For Update Now.
2025-09-17 00:08:00,676 [INFO] MicroXplorer:498 - Change Database Version : DB.6.0.91
2025-09-17 00:08:00,695 [INFO] McuFinderGlobals:63 - Set McuFinder mode to 2 (CubeIDE integrated)
2025-09-17 00:08:00,942 [INFO] CheckServerUpdateThread:120 - End of CheckServer Thread
2025-09-17 00:08:01,652 [WARN] PackLoader:240 - Cannot read IP mode file for STMicroelectronics.FP-SNS-MOTENVWB1.1.4.0
2025-09-17 00:08:01,663 [WARN] PackLoader:240 - Cannot read IP mode file for STMicroelectronics.FP-ATR-ASTRA1.2.0.2
2025-09-17 00:08:01,678 [WARN] PackLoader:240 - Cannot read IP mode file for STMicroelectronics.X-CUBE-SMBUS.2.1.0
2025-09-17 00:08:01,685 [ERROR] Engine:466 - C:\Users\brbar\.stm32cubemx\thirdparties\pdsc\STMicroelectronics.X-CUBE-ST60.1.0.0.pdsc: PDSC version is not supported
2025-09-17 00:08:01,727 [WARN] PackLoader:240 - Cannot read IP mode file for STMicroelectronics.X-CUBE-AZRTOS-F7.1.1.0
2025-09-17 00:08:01,741 [WARN] PackLoader:240 - Cannot read IP mode file for STMicroelectronics.FP-SNS-MOTENV1.4.3.2
2025-09-17 00:08:01,750 [WARN] PackLoader:240 - Cannot read IP mode file for STMicroelectronics.FP-SNS-FLIGHT1.5.0.2
2025-09-17 00:08:01,766 [ERROR] Engine:466 - C:\Users\brbar\.stm32cubemx\thirdparties\pdsc\Infineon.AIROC-Wi-Fi-Bluetooth-STM32.1.7.0.pdsc: PDSC version is not supported
2025-09-17 00:08:01,780 [WARN] PackLoader:240 - Cannot read IP mode file for STMicroelectronics.X-CUBE-DISPLAY.3.0.0
2025-09-17 00:08:01,800 [WARN] PackLoader:240 - Cannot read IP mode file for STMicroelectronics.X-CUBE-BLE1.7.0.0
2025-09-17 00:08:01,812 [WARN] PackLoader:240 - Cannot read IP mode file for STMicroelectronics.X-CUBE-NFC10.1.0.0
2025-09-17 00:08:01,820 [ERROR] Engine:466 - C:\Users\brbar\.stm32cubemx\thirdparties\pdsc\STMicroelectronics.X-CUBE-BLEMGR.4.0.0.pdsc: PDSC version is not supported
2025-09-17 00:08:01,831 [WARN] PackLoader:240 - Cannot read IP mode file for emotas.I-CUBE-CANOPEN.1.3.0
2025-09-17 00:08:01,841 [WARN] PackLoader:240 - Cannot read IP mode file for STMicroelectronics.X-CUBE-TOUCHGFX.4.22.0
2025-09-17 00:08:01,843 [ERROR] Engine:466 - C:\Users\brbar\.stm32cubemx\thirdparties\pdsc\quantropi.X-CUBE-qispace-sdk-base.2.0.0.pdsc: PDSC version is not supported
2025-09-17 00:08:01,850 [WARN] PackLoader:240 - Cannot read IP mode file for STMicroelectronics.X-CUBE-AI.10.0.0
2025-09-17 00:08:01,857 [WARN] PackLoader:240 - Cannot read IP mode file for STMicroelectronics.FP-SNS-SMARTAG2.1.2.0
2025-09-17 00:08:01,861 [ERROR] Engine:466 - C:\Users\brbar\.stm32cubemx\thirdparties\pdsc\STMicroelectronics.FP-SNS-FLIGHT1.5.1.0.pdsc: PDSC version is not supported
2025-09-17 00:08:01,874 [INFO] LogOutputStream:77 - [STDOUT_REDIRECT] 1 : Invalid condition id : UX_CORESTACK_Condition cause : null
2025-09-17 00:08:01,874 [INFO] LogOutputStream:77 - [STDOUT_REDIRECT] 1 : Invalid condition id : UX_CORESTACK_Condition cause : null
2025-09-17 00:08:01,875 [INFO] LogOutputStream:77 - [STDOUT_REDIRECT] 1 : Invalid condition id : UX_CORESTACK_Condition cause : null
2025-09-17 00:08:01,877 [INFO] LogOutputStream:77 - [STDOUT_REDIRECT] 1 : Invalid condition id : UX_CORESTACK_Condition cause : null
2025-09-17 00:08:01,878 [INFO] LogOutputStream:77 - [STDOUT_REDIRECT] 1 : Invalid condition id : UX_CORESTACK_Condition cause : null
2025-09-17 00:08:01,883 [WARN] PackLoader:240 - Cannot read IP mode file for STMicroelectronics.X-CUBE-AZRTOS-WL.2.0.0
2025-09-17 00:08:01,892 [WARN] PackLoader:240 - Cannot read IP mode file for STMicroelectronics.FP-SNS-MOTENV1.5.0.0
2025-09-17 00:08:01,907 [WARN] PackLoader:240 - Cannot read IP mode file for WES.I-CUBE-Cesium.1.3.0
2025-09-17 00:08:01,915 [WARN] PackLoader:240 - Cannot read IP mode file for STMicroelectronics.X-CUBE-BLE2.3.3.0
2025-09-17 00:08:01,926 [WARN] PackLoader:240 - Cannot read IP mode file for STMicroelectronics.X-CUBE-NFC9.1.0.0
2025-09-17 00:08:01,935 [WARN] PackLoader:240 - Cannot read IP mode file for STMicroelectronics.X-CUBE-BLE1.7.1.0
2025-09-17 00:08:01,944 [WARN] PackLoader:240 - Cannot read IP mode file for wolfSSL.I-CUBE-wolfMQTT.1.19.2
2025-09-17 00:08:01,953 [WARN] PackLoader:240 - Cannot read IP mode file for STMicroelectronics.X-CUBE-ALGOBUILD.1.3.0
2025-09-17 00:08:02,026 [WARN] PackLoader:240 - Cannot read IP mode file for STMicroelectronics.X-CUBE-MEMS1.11.2.0
2025-09-17 00:08:02,294 [WARN] PackLoader:240 - Cannot read IP mode file for STMicroelectronics.X-CUBE-AZRTOS-G0.1.1.0
2025-09-17 00:08:02,304 [WARN] PackLoader:240 - Cannot read IP mode file for STMicroelectronics.X-CUBE-SAFEA1.1.2.2
2025-09-17 00:08:02,314 [WARN] PackLoader:240 - Cannot read IP mode file for STMicroelectronics.X-CUBE-NFC4.3.0.0
2025-09-17 00:08:02,319 [ERROR] Engine:466 - C:\Users\brbar\.stm32cubemx\thirdparties\pdsc\EmbeddedOffice.I-CUBE-FS-RTOS.1.0.1.pdsc: PDSC version is not supported
2025-09-17 00:08:02,325 [WARN] PackLoader:240 - Cannot read IP mode file for STMicroelectronics.X-CUBE-WB05N.2.0.0
2025-09-17 00:08:02,331 [WARN] PackLoader:240 - Cannot read IP mode file for wolfSSL.I-CUBE-wolfTPM.3.8.0
2025-09-17 00:08:02,335 [ERROR] Engine:466 - C:\Users\brbar\.stm32cubemx\thirdparties\pdsc\STMicroelectronics.X-CUBE-TCPP.4.2.0.pdsc: PDSC version is not supported
2025-09-17 00:08:02,338 [ERROR] Engine:466 - C:\Users\brbar\.stm32cubemx\thirdparties\pdsc\RealThread.X-CUBE-RT-Thread_Nano.4.1.1.pdsc: PDSC version is not supported
2025-09-17 00:08:02,345 [WARN] PackLoader:240 - Cannot read IP mode file for STMicroelectronics.FP-ATR-SIGFOX1.3.2.0
2025-09-17 00:08:02,353 [WARN] PackLoader:240 - Cannot read IP mode file for STMicroelectronics.X-CUBE-EEPRMA1.5.1.0
2025-09-17 00:08:02,364 [WARN] PackLoader:240 - Cannot read IP mode file for ITTIA_DB.I-CUBE-ITTIADB.8.9.0
2025-09-17 00:08:02,406 [WARN] PackLoader:240 - Cannot read IP mode file for SEGGER.I-CUBE-embOS.1.3.1
2025-09-17 00:08:02,464 [WARN] PackLoader:240 - Cannot read IP mode file for STMicroelectronics.X-CUBE-ALGOBUILD.1.4.0
2025-09-17 00:08:02,472 [WARN] PackLoader:240 - Cannot read IP mode file for STMicroelectronics.X-CUBE-GNSS1.6.0.0
2025-09-17 00:08:02,490 [WARN] PackLoader:240 - Cannot read IP mode file for STMicroelectronics.X-CUBE-AZRTOS-F4.1.1.0
2025-09-17 00:08:02,499 [WARN] PackLoader:240 - Cannot read IP mode file for wolfSSL.I-CUBE-wolfSSL.5.6.3
2025-09-17 00:08:02,506 [WARN] PackLoader:240 - Cannot read IP mode file for STMicroelectronics.X-CUBE-ISPU.2.1.0
2025-09-17 00:08:02,523 [WARN] PackLoader:240 - Cannot read IP mode file for STMicroelectronics.X-CUBE-AZRTOS-L5.2.0.0
2025-09-17 00:08:02,565 [WARN] PackLoader:240 - Cannot read IP mode file for STMicroelectronics.X-CUBE-MEMS1.9.6.0
2025-09-17 00:08:02,686 [WARN] PackLoader:240 - Cannot read IP mode file for STMicroelectronics.X-CUBE-NFC6.3.1.0
2025-09-17 00:08:02,698 [WARN] PackLoader:240 - Cannot read IP mode file for STMicroelectronics.X-CUBE-BLEMGR.2.0.0
2025-09-17 00:08:02,715 [WARN] ConditionMgr:438 - getConditionDescription Invalid condition id : UX DEVICE CLASS RTOS Condition cause : null
2025-09-17 00:08:02,716 [WARN] ConditionMgr:438 - getConditionDescription Invalid condition id : UX DEVICE CLASS RTOS Condition cause : null
2025-09-17 00:08:02,718 [WARN] PackLoader:240 - Cannot read IP mode file for STMicroelectronics.X-CUBE-AZRTOS-H7.3.1.0
2025-09-17 00:08:02,719 [WARN] ConditionMgr:1039 - genDependencies : Invalid condition id : UX DEVICE CLASS RTOS Condition cause : null
2025-09-17 00:08:02,720 [WARN] ConditionMgr:1039 - genDependencies : Invalid condition id : UX DEVICE CLASS RTOS Condition cause : null
2025-09-17 00:08:02,720 [WARN] ConditionMgr:1039 - genDependencies : Invalid condition id : UX DEVICE CLASS RTOS Condition cause : null
2025-09-17 00:08:02,720 [WARN] ConditionMgr:1039 - genDependencies : Invalid condition id : UX DEVICE CLASS RTOS Condition cause : null
2025-09-17 00:08:02,721 [WARN] ConditionMgr:1039 - genDependencies : Invalid condition id : UX DEVICE CLASS RTOS Condition cause : null
2025-09-17 00:08:02,728 [WARN] PackLoader:240 - Cannot read IP mode file for STMicroelectronics.X-CUBE-FREERTOS.1.3.1
2025-09-17 00:08:02,735 [WARN] PackLoader:240 - Cannot read IP mode file for STMicroelectronics.X-CUBE-NFC7.1.0.1
2025-09-17 00:08:02,744 [WARN] PackLoader:240 - Cannot read IP mode file for STMicroelectronics.X-CUBE-NFC6.3.0.0
2025-09-17 00:08:02,751 [WARN] PackLoader:240 - Cannot read IP mode file for STMicroelectronics.X-CUBE-EEPRMA1.4.1.0
2025-09-17 00:08:02,756 [ERROR] Engine:466 - C:\Users\brbar\.stm32cubemx\thirdparties\pdsc\STMicroelectronics.X-CUBE-DPower.1.3.0.pdsc: PDSC version is not supported
2025-09-17 00:08:02,761 [WARN] PackLoader:240 - Cannot read IP mode file for STMicroelectronics.X-CUBE-AI.8.1.0
2025-09-17 00:08:02,777 [WARN] ConditionMgr:438 - getConditionDescription Invalid condition id : LAN8742 Phy interface Condition cause : null
2025-09-17 00:08:02,778 [WARN] PackLoader:240 - Cannot read IP mode file for STMicroelectronics.X-CUBE-AZRTOS-L4.2.0.0
2025-09-17 00:08:02,779 [WARN] ConditionMgr:1039 - genDependencies : Invalid condition id : LAN8742 Phy interface Condition cause : null
2025-09-17 00:08:02,779 [WARN] ConditionMgr:1039 - genDependencies : Invalid condition id : LAN8742 Phy interface Condition cause : null
2025-09-17 00:08:02,780 [WARN] ConditionMgr:1039 - genDependencies : Invalid condition id : LAN8742 Phy interface Condition cause : null
2025-09-17 00:08:02,788 [WARN] PackLoader:240 - Cannot read IP mode file for STMicroelectronics.X-CUBE-SFXS2LP1.4.0.0
2025-09-17 00:08:02,793 [WARN] PackLoader:240 - Cannot read IP mode file for STMicroelectronics.X-CUBE-ISPU.1.1.0
2025-09-17 00:08:02,813 [WARN] PackLoader:240 - Cannot read IP mode file for STMicroelectronics.X-CUBE-AZRTOS-H7.3.3.0
2025-09-17 00:08:02,828 [WARN] ConditionMgr:438 - getConditionDescription Invalid condition id : UX DEVICE CLASS RTOS Condition cause : null
2025-09-17 00:08:02,829 [WARN] ConditionMgr:438 - getConditionDescription Invalid condition id : UX DEVICE CLASS RTOS Condition cause : null
2025-09-17 00:08:02,831 [WARN] PackLoader:240 - Cannot read IP mode file for STMicroelectronics.X-CUBE-AZRTOS-WB.2.0.0
2025-09-17 00:08:02,831 [WARN] ConditionMgr:1039 - genDependencies : Invalid condition id : UX DEVICE CLASS RTOS Condition cause : null
2025-09-17 00:08:02,831 [WARN] ConditionMgr:1039 - genDependencies : Invalid condition id : UX DEVICE CLASS RTOS Condition cause : null
2025-09-17 00:08:02,832 [WARN] ConditionMgr:1039 - genDependencies : Invalid condition id : UX DEVICE CLASS RTOS Condition cause : null
2025-09-17 00:08:02,841 [WARN] ConditionMgr:1039 - genDependencies : Invalid condition id : UX DEVICE CLASS RTOS Condition cause : null
2025-09-17 00:08:02,841 [WARN] ConditionMgr:1039 - genDependencies : Invalid condition id : UX DEVICE CLASS RTOS Condition cause : null
2025-09-17 00:08:02,858 [WARN] PackLoader:240 - Cannot read IP mode file for STMicroelectronics.X-CUBE-GNSS1.7.0.1
2025-09-17 00:08:02,864 [WARN] PackLoader:240 - Cannot read IP mode file for STMicroelectronics.X-CUBE-TOUCHGFX.4.25.0
2025-09-17 00:08:02,869 [ERROR] Engine:466 - C:\Users\brbar\.stm32cubemx\thirdparties\pdsc\STMicroelectronics.FP-SNS-STBOX1.2.0.0.pdsc: PDSC version is not supported
2025-09-17 00:08:02,880 [WARN] PackLoader:240 - Cannot read IP mode file for STMicroelectronics.X-CUBE-SUBG2.5.0.0
2025-09-17 00:08:02,924 [WARN] PackLoader:240 - Cannot read IP mode file for STMicroelectronics.X-CUBE-AZRTOS-H7RS.1.1.0
2025-09-17 00:08:02,934 [WARN] PackLoader:240 - Cannot read IP mode file for Cesanta.I-CUBE-Mongoose.7.13.0
2025-09-17 00:08:02,944 [WARN] PackLoader:240 - Cannot read IP mode file for STMicroelectronics.X-CUBE-TOF1.3.3.1
2025-09-17 00:08:02,970 [WARN] PackLoader:240 - Cannot read IP mode file for STMicroelectronics.X-CUBE-AZRTOS-G4.2.0.0
2025-09-17 00:08:02,977 [WARN] PackLoader:240 - Cannot read IP mode file for wolfSSL.I-CUBE-wolfSSH.1.4.20
2025-09-17 00:08:02,983 [WARN] PackLoader:240 - Cannot read IP mode file for STMicroelectronics.X-CUBE-NFC7.2.0.0
2025-09-17 00:08:02,995 [ERROR] Engine:466 - C:\Users\brbar\.stm32cubemx\thirdparties\pdsc\STMicroelectronics.X-CUBE-IPS.3.1.0.pdsc: PDSC version is not supported
2025-09-17 00:08:03,001 [WARN] PackLoader:240 - Cannot read IP mode file for STMicroelectronics.X-CUBE-ALS.1.0.2
2025-09-17 00:08:03,008 [WARN] PackLoader:240 - Cannot read IP mode file for STMicroelectronics.X-CUBE-FREERTOS.1.1.0
2025-09-17 00:08:03,023 [WARN] PackLoader:240 - Cannot read IP mode file for portGmbH.I-Cube-SoM-uGOAL.1.1.0
2025-09-17 00:08:03,029 [WARN] PackLoader:240 - Cannot read IP mode file for STMicroelectronics.X-CUBE-ALS.1.0.1
2025-09-17 00:08:03,034 [WARN] PackLoader:240 - Cannot read IP mode file for STMicroelectronics.FP-ATR-ASTRA1.2.0.0
2025-09-17 00:08:03,041 [ERROR] Engine:466 - C:\Users\brbar\.stm32cubemx\thirdparties\pdsc\STMicroelectronics.X-CUBE-TOF1.3.4.3.pdsc: PDSC version is not supported
2025-09-17 00:08:03,042 [INFO] ThirdParty:978 - Integrity check success = true
2025-09-17 00:08:03,042 [INFO] IntegrityCheckThread:100 - exiting critical section [integrity check]
2025-09-17 00:08:03,042 [INFO] IntegrityCheckThread:103 - End integrity checks thread
2025-09-17 00:08:21,643 [ERROR] LogOutputStream:75 - [STDERR_REDIRECT] SLF4J: Failed to load class "org.slf4j.impl.StaticLoggerBinder".
2025-09-17 00:08:21,644 [ERROR] LogOutputStream:75 - [STDERR_REDIRECT] SLF4J: Defaulting to no-operation (NOP) logger implementation
2025-09-17 00:08:21,645 [ERROR] LogOutputStream:75 - [STDERR_REDIRECT] SLF4J: See http://www.slf4j.org/codes.html#StaticLoggerBinder for further details.
2025-09-17 00:08:46,551 [INFO] McuFinderGlobals:63 - Set McuFinder mode to 2 (CubeIDE integrated)
2025-09-17 00:08:46,558 [INFO] MainUpdater:2868 - connection check result : 10
2025-09-17 00:08:46,559 [INFO] MainUpdater:2868 - connection check result : 10
2025-09-17 00:08:46,646 [INFO] MicroXplorer:468 - Change Database Path : 
2025-09-17 00:08:46,647 [INFO] MicroXplorer:498 - Change Database Version : DB.6.0.91
2025-09-17 00:08:46,652 [WARN] ThirdParty:871 - waiting for thirdparty lock release [close project]
2025-09-17 00:08:46,652 [INFO] ThirdParty:873 - entering critical section [close project]
2025-09-17 00:08:46,653 [INFO] ThirdParty:883 - exiting critical section [close project]
2025-09-17 00:08:46,655 [INFO] PinOutPanel:1499 - setPackage(No Configuration,No Configuration)
2025-09-17 00:08:46,664 [INFO] UtilMem:75 - Begin LoadConfig() Used Memory: 263321048 Bytes (321912832)
2025-09-17 00:08:46,666 [INFO] MicroXplorer:468 - Change Database Path : 
2025-09-17 00:08:46,666 [INFO] MicroXplorer:498 - Change Database Version : DB.6.0.91
2025-09-17 00:08:46,666 [INFO] OpenFileManager:308 - Change cursor
2025-09-17 00:08:46,700 [INFO] Mcu:1946 - Initializing MCU STM32F103C(4-6)Tx STM32F103C6Tx STM32F103C6T6A
2025-09-17 00:08:47,903 [INFO] Context:659 - Trying to add GPIOservice into a context  which must be forbidden
2025-09-17 00:08:48,549 [INFO] RtosManager:555 - Registered RTOS mode: class=CMSIS, group=RTOS, mode=CMSIS_V1, owner=FREERTOS
2025-09-17 00:08:48,549 [INFO] RtosManager:555 - Registered RTOS mode: class=CMSIS, group=RTOS2, mode=CMSIS_V2, owner=FREERTOS
2025-09-17 00:08:48,549 [INFO] RtosManager:555 - Registered RTOS mode: class=RTOS, group=Core, mode=CMSIS_V1, owner=FREERTOS
2025-09-17 00:08:48,549 [INFO] RtosManager:555 - Registered RTOS mode: class=RTOS, group=Core, mode=CMSIS_V2, owner=FREERTOS
2025-09-17 00:08:48,550 [WARN] ModelIntegratedComponent:184 - Missing modes for component STMicroelectronics:FreeRTOS:0.0.1:STMicroelectronics:RTOS:FreeRTOS:Core:::10.2.0:
2025-09-17 00:08:48,570 [WARN] ModelIntegratedComponent:63 - No mode defined for component null
2025-09-17 00:08:48,571 [WARN] ModelIntegratedComponent:63 - No mode defined for component null
2025-09-17 00:08:48,571 [WARN] ModelIntegratedComponent:63 - No mode defined for component null
2025-09-17 00:08:48,571 [WARN] ModelIntegratedComponent:63 - No mode defined for component null
2025-09-17 00:08:48,571 [WARN] ModelIntegratedComponent:63 - No mode defined for component null
2025-09-17 00:08:48,571 [WARN] ModelIntegratedComponent:63 - No mode defined for component null
2025-09-17 00:08:48,571 [WARN] ModelIntegratedComponent:63 - No mode defined for component null
2025-09-17 00:08:48,571 [WARN] ModelIntegratedComponent:63 - No mode defined for component null
2025-09-17 00:08:48,571 [WARN] ModelIntegratedComponent:63 - No mode defined for component null
2025-09-17 00:08:48,571 [WARN] ModelIntegratedComponent:63 - No mode defined for component null
2025-09-17 00:08:48,571 [WARN] ModelIntegratedComponent:63 - No mode defined for component null
2025-09-17 00:08:48,571 [WARN] ModelIntegratedComponent:63 - No mode defined for component null
2025-09-17 00:08:48,572 [WARN] ModelIntegratedComponent:63 - No mode defined for component null
2025-09-17 00:08:48,572 [WARN] ModelIntegratedComponent:63 - No mode defined for component null
2025-09-17 00:08:48,572 [WARN] ModelIntegratedComponent:63 - No mode defined for component null
2025-09-17 00:08:48,572 [WARN] ModelIntegratedComponent:63 - No mode defined for component null
2025-09-17 00:08:48,572 [WARN] ModelIntegratedComponent:63 - No mode defined for component null
2025-09-17 00:08:48,572 [WARN] ModelIntegratedComponent:63 - No mode defined for component null
2025-09-17 00:08:48,572 [WARN] ModelIntegratedComponent:63 - No mode defined for component null
2025-09-17 00:08:48,572 [WARN] ModelIntegratedComponent:63 - No mode defined for component null
2025-09-17 00:08:48,572 [WARN] ModelIntegratedComponent:63 - No mode defined for component null
2025-09-17 00:08:48,572 [WARN] ModelIntegratedComponent:63 - No mode defined for component null
2025-09-17 00:08:48,572 [WARN] ModelIntegratedComponent:63 - No mode defined for component null
2025-09-17 00:08:48,572 [WARN] ModelIntegratedComponent:63 - No mode defined for component null
2025-09-17 00:08:48,572 [WARN] ModelIntegratedComponent:63 - No mode defined for component null
2025-09-17 00:08:48,572 [WARN] ModelIntegratedComponent:63 - No mode defined for component null
2025-09-17 00:08:48,572 [WARN] ModelIntegratedComponent:63 - No mode defined for component null
2025-09-17 00:08:48,572 [WARN] ModelIntegratedComponent:63 - No mode defined for component null
2025-09-17 00:08:48,572 [WARN] ModelIntegratedComponent:63 - No mode defined for component null
2025-09-17 00:08:48,572 [WARN] ModelIntegratedComponent:63 - No mode defined for component null
2025-09-17 00:08:48,572 [WARN] ModelIntegratedComponent:63 - No mode defined for component null
2025-09-17 00:08:48,572 [WARN] ModelIntegratedComponent:63 - No mode defined for component null
2025-09-17 00:08:48,572 [WARN] ModelIntegratedComponent:63 - No mode defined for component null
2025-09-17 00:08:48,595 [INFO] ThirdPartyModel:298 - Start build external matchings
2025-09-17 00:08:49,440 [INFO] ThirdPartyModel:316 - End build external matchings
2025-09-17 00:08:49,762 [INFO] UtilMem:75 - End LoadConfig() Used Memory: 245607528 Bytes (577765376)
2025-09-17 00:08:51,371 [INFO] ApiDb:581 - Connected to CubeFinder SQLite database (C:\Users\brbar\.stmcufinder\plugins\mcufinder\mcu\cube-finder-db.db)
2025-09-17 00:08:51,520 [INFO] ApiDb:668 - CubeFinder database Data Model version=2.1
2025-09-17 00:08:51,520 [INFO] ApiDb:669 - CubeFinder database Configuration version=3.0.39
2025-09-17 00:08:51,520 [INFO] ApiDb:670 - CubeFinder database generation date=2025-08-25 (1756130511)
2025-09-17 00:08:51,521 [INFO] ApiDb:671 - CubeFinder database FW Pack versions=[FP-ATR-ASTRA1_V2.0.0, FP-SNS-FLIGHT1_V5.1.0, FP-SNS-MOTENV1_V5.0.0, FP-SNS-MOTENVWB1_V1.4.0, FP-SNS-SMARTAG2_V1.2.0, FP-SNS-STBOX1_V2.1.0, STM32Cube_FW_C0_V1.4.0, STM32Cube_FW_F4_V1.28.3, STM32Cube_FW_F7_V1.17.4, STM32Cube_FW_G0_V1.6.2, STM32Cube_FW_G4_V1.6.1, STM32Cube_FW_H5_V1.5.0, STM32Cube_FW_H7RS_V1.2.0, STM32Cube_FW_H7_V1.12.1, STM32Cube_FW_L0_V1.12.2, STM32Cube_FW_L4_V1.18.1, STM32Cube_FW_L5_V1.5.1, STM32Cube_FW_N6_V1.2.0, STM32Cube_FW_U0_V1.3.0, STM32Cube_FW_U3_V1.2.0, STM32Cube_FW_U5_V1.8.0, STM32Cube_FW_WB0_V1.3.0, STM32Cube_FW_WBA_V1.7.0, STM32Cube_FW_WB_V1.23.0, STM32Cube_FW_WL3_V1.2.0, STM32Cube_FW_WL_V1.3.1, X-CUBE-ALGOBUILD_V1.4.0, X-CUBE-ALS_V1.0.2, X-CUBE-AZRTOS-F4_V1.1.0, X-CUBE-AZRTOS-F7_V1.1.0, X-CUBE-AZRTOS-G0_V1.1.0, X-CUBE-AZRTOS-G4_V2.0.0, X-CUBE-AZRTOS-H7RS_V1.1.0, X-CUBE-AZRTOS-H7_V3.4.0, X-CUBE-AZRTOS-L4_V2.0.0, X-CUBE-AZRTOS-L5_V2.0.0, X-CUBE-AZRTOS-WB_V2.0.0, X-CUBE-AZRTOS-WL_V2.0.0, X-CUBE-BLE1_V7.1.0, X-CUBE-BLE2_V3.3.0, X-CUBE-BLEMGR_V4.1.0, X-CUBE-EEPRMA1_V5.2.0, X-CUBE-FREERTOS_V1.3.1, X-CUBE-GNSS1_V6.0.0, X-CUBE-MEMS1_V11.3.0, X-CUBE-NFC4_V3.0.0, X-CUBE-NFC7_V2.0.0, X-CUBE-SFXS2LP1_V4.0.0, X-CUBE-ST67W61_V1.0.0, X-CUBE-SUBG2_V5.0.0, X-CUBE-TOF1_V3.4.3]
2025-09-17 00:08:55,167 [INFO] ApiDb:240 - Found 323 in-development CPN: [B-G473E-ZEST1S, B-WB1M-WPAN1, B-WL5M-SUBG1, NUCLEO-C031C6, NUCLEO-H503RB, NUCLEO-H563ZI, NUCLEO-U545RE-Q, NUCLEO-U5A5ZJ-Q, NUCLEO-WBA52CG, STEVAL-PROTEUS1, STEVAL-SMARTAG2, STEVAL-STWINBX1, STM320518-EVAL, STM32C0116-DK, STM32C011D6Y3TR, STM32C011D6Y6TR, STM32C011F4P3, STM32C011F4P6, STM32C011F4U3, STM32C011F4U6TR, STM32C011F6P3, STM32C011F6P6, STM32C011F6U3, STM32C011F6U6TR, STM32C011J4M3, STM32C011J4M6, STM32C011J6M3, STM32C011J6M6, STM32C0316-DK, STM32C031C4T3, STM32C031C4T6, STM32C031C4U3, STM32C031C4U6, STM32C031C6T3, STM32C031C6T6, STM32C031C6U3, STM32C031C6U6, STM32C031F4P3, STM32C031F4P6, STM32C031F6P3, STM32C031F6P6, STM32C031G4U3, STM32C031G4U6, STM32C031G6U3, STM32C031G6U6, STM32C031K4T3, STM32C031K4T6, STM32C031K4U3, STM32C031K4U6, STM32C031K6T3, STM32C031K6T6, STM32C031K6U3, STM32C031K6U6, STM32G071K8TXN, STM32G071K8UXN, STM32G081GBU6N, STM32G081KBT6N, STM32G081KBUXN, STM32G0B1CCT6N, STM32G0B1KCT6, STM32G0B1NEY6TR, STM32G0B1RCT6N, STM32G0C1CCT6, STM32G0C1CCT6N, STM32G0C1CCU6N, STM32G0C1CET6N, STM32G0C1CEU6N, STM32G0C1KCT6, STM32G0C1NEY6TR, STM32G0C1RCI6N, STM32G0C1RCT6N, STM32G0C1REI6N, STM32G0C1RET6N, STM32G0C1VCI6, STM32G0C1VEI6, STM32G471CCT6, STM32G471CCU6, STM32G471CET3, STM32G471CET6, STM32G471CEU3, STM32G471CEU6, STM32G471MCT6, STM32G471MET3, STM32G471MET6, STM32G471MEY6TR, STM32G471QCT6, STM32G471QET3, STM32G471RCT6, STM32G471RET3, STM32G471RET6, STM32G471VCH6, STM32G471VCI6, STM32G471VCT6, STM32G471VEH3, STM32G471VEH6, STM32G471VEI3, STM32G471VEI6, STM32G471VET3, STM32G471VET6, STM32G474CCT6, STM32H503CBT6, STM32H503CBU6, STM32H503EBY6TR, STM32H503KBU6, STM32H503RBT6, STM32H562AGI6, STM32H562AII6, STM32H562IGK6, STM32H562IGT6, STM32H562IIK6, STM32H562IIT6, STM32H562RGT6, STM32H562RGV6, STM32H562RIT6, STM32H562RIV6, STM32H562VGT6, STM32H562VIT6, STM32H562ZGT6, STM32H562ZIT6, STM32H563AGI6, STM32H563AII3Q, STM32H563AII6, STM32H563IGK6, STM32H563IGT6, STM32H563IIK3Q, STM32H563IIK6, STM32H563IIT3Q, STM32H563IIT6, STM32H563MIY3QTR, STM32H563RGT6, STM32H563RGV6, STM32H563RIT6, STM32H563RIV6, STM32H563VGT6, STM32H563VIT3Q, STM32H563VIT6, STM32H563ZGT6, STM32H563ZIT3Q, STM32H563ZIT6, STM32H573AII3Q, STM32H573AII6, STM32H573I-DK, STM32H573IIK3Q, STM32H573IIK6, STM32H573IIT3Q, STM32H573IIT6, STM32H573MIY3QTR, STM32H573RIT6, STM32H573RIV6, STM32H573VIT3Q, STM32H573VIT6, STM32H573ZIT3Q, STM32H573ZIT6, STM32L4R5QGI6STR, STM32MP131AAE3, STM32MP131AAF3, STM32MP131AAG3, STM32MP131CAE3, STM32MP131CAF3, STM32MP131CAG3, STM32MP131DAE7, STM32MP131DAF7, STM32MP131DAG7, STM32MP131FAE7, STM32MP131FAF7, STM32MP131FAG7, STM32MP133AAE3, STM32MP133AAF3, STM32MP133AAG3, STM32MP133CAE3, STM32MP133CAF3, STM32MP133CAG3, STM32MP133DAE7, STM32MP133DAF7, STM32MP133DAG7, STM32MP133FAE7, STM32MP133FAF7, STM32MP133FAG7, STM32MP135AAE3, STM32MP135AAF3, STM32MP135AAG3, STM32MP135CAE3, STM32MP135CAF3, STM32MP135CAG3, STM32MP135DAE7, STM32MP135DAF7, STM32MP135DAG7, STM32MP135F-DK, STM32MP135FAE7, STM32MP135FAF7, STM32MP135FAF7T, STM32MP135FAF7U, STM32MP135FAG7, STM32U535CBT6, STM32U535CBT6Q, STM32U535CBU6, STM32U535CBU6Q, STM32U535CCT6, STM32U535CCT6Q, STM32U535CCU6, STM32U535CCU6Q, STM32U535CET6, STM32U535CET6Q, STM32U535CEU6, STM32U535CEU6Q, STM32U535JEY6QTR, STM32U535NCY6QTR, STM32U535NEY6QTR, STM32U535RBI6, STM32U535RBI6Q, STM32U535RBT6, STM32U535RBT6Q, STM32U535RCI6, STM32U535RCI6Q, STM32U535RCT6, STM32U535RCT6Q, STM32U535REI6, STM32U535REI6Q, STM32U535RET6, STM32U535RET6Q, STM32U535VCI6, STM32U535VCI6Q, STM32U535VCT6, STM32U535VCT6Q, STM32U535VEI6, STM32U535VEI6Q, STM32U535VET6, STM32U535VET6Q, STM32U545CET6, STM32U545CET6Q, STM32U545CEU6, STM32U545CEU6Q, STM32U545JEY6QTR, STM32U545NEY6QTR, STM32U545REI6, STM32U545REI6Q, STM32U545RET6, STM32U545RET6Q, STM32U545VEI6, STM32U545VEI6Q, STM32U545VET6, STM32U545VET6Q, STM32U595AIH6, STM32U595AIH6Q, STM32U595AJH6, STM32U595AJH6Q, STM32U595QII6, STM32U595QII6Q, STM32U595QJI6, STM32U595QJI6Q, STM32U595RIT6, STM32U595RIT6Q, STM32U595RJT6, STM32U595RJT6Q, STM32U595VIT6, STM32U595VIT6Q, STM32U595VJT6, STM32U595VJT6Q, STM32U595ZIT6, STM32U595ZIT6Q, STM32U595ZIY6QTR, STM32U595ZJT6, STM32U595ZJT6Q, STM32U595ZJY6QTR, STM32U599BJY6QTR, STM32U599NIH6Q, STM32U599NJH6Q, STM32U599VIT6Q, STM32U599VJT6, STM32U599VJT6Q, STM32U599ZIT6Q, STM32U599ZIY6QTR, STM32U599ZJT6Q, STM32U599ZJY6QTR, STM32U5A5AJH6, STM32U5A5AJH6Q, STM32U5A5QJI6, STM32U5A5QJI6Q, STM32U5A5RJT6, STM32U5A5RJT6Q, STM32U5A5VJT6, STM32U5A5VJT6Q, STM32U5A5ZJT6, STM32U5A5ZJT6Q, STM32U5A5ZJY6QTR, STM32U5A9BJY6QTR, STM32U5A9J-DK, STM32U5A9NJH6Q, STM32U5A9VJT6Q, STM32U5A9ZJT6Q, STM32U5A9ZJY6QTR, STM32U5F7VIT6, STM32U5F7VIT6Q, STM32U5F7VJT6, STM32U5F7VJT6Q, STM32U5F9BJY6QTR, STM32U5F9NJH6Q, STM32U5F9VIT6Q, STM32U5F9VJT6Q, STM32U5F9ZIJ6QTR, STM32U5F9ZIT6Q, STM32U5F9ZJJ6QTR, STM32U5F9ZJT6Q, STM32U5G7VJT6, STM32U5G7VJT6Q, STM32U5G9BJY6QTR, STM32U5G9J-DK1, STM32U5G9J-DK2, STM32U5G9NJH6Q, STM32U5G9VJT6Q, STM32U5G9ZJJ6QTR, STM32U5G9ZJT6Q, STM32WB1MMCH6, STM32WBA52CEU6, STM32WBA52CEU6T, STM32WBA52CGU6, STM32WBA52CGU6T, STM32WBA52KEU6, STM32WBA52KEU6T, STM32WBA52KGU6, STM32WBA52KGU6T, STM32WL5MOCH6, STM32WL5MOCH6TR]
2025-09-17 00:08:55,172 [INFO] DbMcus:217 - Found 4718 MCUs, 4718 are supported
2025-09-17 00:08:55,176 [INFO] ApiDb:423 - Load user favorites file C:\Users\brbar/.stm32cubeide/favorites.mcus.txt: 0 item(s)
2025-09-17 00:08:55,177 [INFO] ApiDb:427 - User favorites MCUs=[]
2025-09-17 00:08:55,177 [INFO] DbMcus:223 - Set 0 / 0 favorites MCUs
2025-09-17 00:08:55,808 [WARN] ThirdParty:833 - waiting for thirdparty lock release [change project]
2025-09-17 00:08:55,808 [INFO] ThirdParty:835 - entering critical section [change project]
2025-09-17 00:08:55,808 [INFO] ThirdParty:1030 - CMSIS Pack Vendor :STMicroelectronics X-CUBE-ISPU 1.1.0
2025-09-17 00:08:55,808 [INFO] ThirdParty:1030 - CMSIS Pack Vendor :STMicroelectronics USBPD 4.1
2025-09-17 00:08:55,808 [INFO] ThirdParty:1030 - CMSIS Pack Vendor :STMicroelectronics X-CUBE-AZRTOS-H7 3.3.0
2025-09-17 00:08:55,808 [INFO] ThirdParty:1030 - CMSIS Pack Vendor :STMicroelectronics X-CUBE-NFC9 1.0.0
2025-09-17 00:08:55,808 [INFO] ThirdParty:1030 - CMSIS Pack Vendor :STMicroelectronics X-CUBE-GNSS1 6.0.0
2025-09-17 00:08:55,808 [INFO] ThirdParty:1030 - CMSIS Pack Vendor :STMicroelectronics USB_HOST 2.0.0
2025-09-17 00:08:55,809 [INFO] ThirdParty:1030 - CMSIS Pack Vendor :STMicroelectronics FP-SNS-MOTENVWB1 1.4.0
2025-09-17 00:08:55,809 [INFO] ThirdParty:1030 - CMSIS Pack Vendor :STMicroelectronics X-CUBE-AZRTOS-F4 1.1.0
2025-09-17 00:08:55,809 [INFO] ThirdParty:1030 - CMSIS Pack Vendor :STMicroelectronics LIBJPEG 8.0.0
2025-09-17 00:08:55,809 [INFO] ThirdParty:1030 - CMSIS Pack Vendor :STMicroelectronics FP-ATR-ASTRA1 2.0.2
2025-09-17 00:08:55,809 [INFO] ThirdParty:1030 - CMSIS Pack Vendor :STMicroelectronics X-CUBE-BLE1 7.1.0
2025-09-17 00:08:55,809 [INFO] ThirdParty:1030 - CMSIS Pack Vendor :wolfSSL I-CUBE-wolfSSL 5.6.3
2025-09-17 00:08:55,809 [INFO] ThirdParty:1030 - CMSIS Pack Vendor :STMicroelectronics X-CUBE-SMBUS 2.1.0
2025-09-17 00:08:55,809 [INFO] ThirdParty:1030 - CMSIS Pack Vendor :wolfSSL I-CUBE-wolfMQTT 1.19.2
2025-09-17 00:08:55,809 [INFO] ThirdParty:1030 - CMSIS Pack Vendor :STMicroelectronics USB_DEVICE 3.0.0
2025-09-17 00:08:55,809 [INFO] ThirdParty:1030 - CMSIS Pack Vendor :STMicroelectronics X-CUBE-ISPU 2.1.0
2025-09-17 00:08:55,809 [INFO] ThirdParty:1030 - CMSIS Pack Vendor :STMicroelectronics X-CUBE-AZRTOS-WB 2.0.0
2025-09-17 00:08:55,810 [INFO] ThirdParty:1030 - CMSIS Pack Vendor :STMicroelectronics X-CUBE-GNSS1 7.0.1
2025-09-17 00:08:55,810 [INFO] ThirdParty:1030 - CMSIS Pack Vendor :STMicroelectronics X-CUBE-AZRTOS-F7 1.1.0
2025-09-17 00:08:55,810 [INFO] ThirdParty:1030 - CMSIS Pack Vendor :STMicroelectronics X-CUBE-AZRTOS-L5 2.0.0
2025-09-17 00:08:55,810 [INFO] ThirdParty:1030 - CMSIS Pack Vendor :STMicroelectronics X-CUBE-TOUCHGFX 4.25.0
2025-09-17 00:08:55,810 [INFO] ThirdParty:1030 - CMSIS Pack Vendor :STMicroelectronics USB_DEVICE 2.0.0
2025-09-17 00:08:55,810 [INFO] ThirdParty:1030 - CMSIS Pack Vendor :STMicroelectronics X-CUBE-MEMS1 9.6.0
2025-09-17 00:08:55,810 [INFO] ThirdParty:1030 - CMSIS Pack Vendor :STMicroelectronics X-CUBE-NFC6 3.1.0
2025-09-17 00:08:55,810 [INFO] ThirdParty:1030 - CMSIS Pack Vendor :STMicroelectronics FP-SNS-MOTENV1 4.3.2
2025-09-17 00:08:55,811 [INFO] ThirdParty:1030 - CMSIS Pack Vendor :STMicroelectronics X-CUBE-ALGOBUILD 1.3.0
2025-09-17 00:08:55,811 [INFO] ThirdParty:1030 - CMSIS Pack Vendor :STMicroelectronics X-CUBE-MEMS1 11.2.0
2025-09-17 00:08:55,811 [INFO] ThirdParty:1030 - CMSIS Pack Vendor :STMicroelectronics FreeRTOS 0.0.1
2025-09-17 00:08:55,811 [INFO] ThirdParty:1030 - CMSIS Pack Vendor :STMicroelectronics X-CUBE-AZRTOS-G0 1.1.0
2025-09-17 00:08:55,811 [INFO] ThirdParty:1030 - CMSIS Pack Vendor :STMicroelectronics X-CUBE-BLEMGR 2.0.0
2025-09-17 00:08:55,811 [INFO] ThirdParty:1030 - CMSIS Pack Vendor :STMicroelectronics X-CUBE-SAFEA1 1.2.2
2025-09-17 00:08:55,811 [INFO] ThirdParty:1030 - CMSIS Pack Vendor :STMicroelectronics X-CUBE-NFC4 3.0.0
2025-09-17 00:08:55,813 [INFO] ThirdParty:1030 - CMSIS Pack Vendor :STMicroelectronics X-CUBE-SUBG2 5.0.0
2025-09-17 00:08:55,814 [INFO] ThirdParty:1030 - CMSIS Pack Vendor :STMicroelectronics X-CUBE-AZRTOS-H7RS 1.1.0
2025-09-17 00:08:55,814 [INFO] ThirdParty:1030 - CMSIS Pack Vendor :STMicroelectronics STM32_WPAN 1.0.0
2025-09-17 00:08:55,814 [INFO] ThirdParty:1030 - CMSIS Pack Vendor :STMicroelectronics lwIP 2.0.3
2025-09-17 00:08:55,814 [INFO] ThirdParty:1030 - CMSIS Pack Vendor :STMicroelectronics FP-SNS-FLIGHT1 5.0.2
2025-09-17 00:08:55,814 [INFO] ThirdParty:1030 - CMSIS Pack Vendor :Cesanta I-CUBE-Mongoose 7.13.0
2025-09-17 00:08:55,814 [INFO] ThirdParty:1030 - CMSIS Pack Vendor :STMicroelectronics USB_HOST 1.0.0
2025-09-17 00:08:55,814 [INFO] ThirdParty:1030 - CMSIS Pack Vendor :STMicroelectronics X-CUBE-TOF1 3.3.1
2025-09-17 00:08:55,814 [INFO] ThirdParty:1030 - CMSIS Pack Vendor :STMicroelectronics X-CUBE-AZRTOS-G4 2.0.0
2025-09-17 00:08:55,814 [INFO] ThirdParty:1030 - CMSIS Pack Vendor :STMicroelectronics X-CUBE-WB05N 2.0.0
2025-09-17 00:08:55,814 [INFO] ThirdParty:1030 - CMSIS Pack Vendor :STMicroelectronics PDM2PCM 3.1.0
2025-09-17 00:08:55,814 [INFO] ThirdParty:1030 - CMSIS Pack Vendor :STMicroelectronics X-CUBE-AZRTOS-H7 3.1.0
2025-09-17 00:08:55,814 [INFO] ThirdParty:1030 - CMSIS Pack Vendor :STMicroelectronics PDM2PCM 3.3.0
2025-09-17 00:08:55,814 [INFO] ThirdParty:1030 - CMSIS Pack Vendor :wolfSSL I-CUBE-wolfTPM 3.8.0
2025-09-17 00:08:55,815 [INFO] ThirdParty:1030 - CMSIS Pack Vendor :STMicroelectronics X-CUBE-DISPLAY 3.0.0
2025-09-17 00:08:55,815 [INFO] ThirdParty:1030 - CMSIS Pack Vendor :wolfSSL I-CUBE-wolfSSH 1.4.20
2025-09-17 00:08:55,815 [INFO] ThirdParty:1030 - CMSIS Pack Vendor :STMicroelectronics X-CUBE-NFC7 2.0.0
2025-09-17 00:08:55,815 [INFO] ThirdParty:1030 - CMSIS Pack Vendor :STMicroelectronics X-CUBE-BLE1 7.0.0
2025-09-17 00:08:55,815 [INFO] ThirdParty:1030 - CMSIS Pack Vendor :STMicroelectronics FP-ATR-SIGFOX1 3.2.0
2025-09-17 00:08:55,815 [INFO] ThirdParty:1030 - CMSIS Pack Vendor :STMicroelectronics X-CUBE-NFC10 1.0.0
2025-09-17 00:08:55,815 [INFO] ThirdParty:1030 - CMSIS Pack Vendor :STMicroelectronics X-CUBE-EEPRMA1 5.1.0
2025-09-17 00:08:55,815 [INFO] ThirdParty:1030 - CMSIS Pack Vendor :STMicroelectronics X-CUBE-FREERTOS 1.3.1
2025-09-17 00:08:55,816 [INFO] ThirdParty:1030 - CMSIS Pack Vendor :STMicroelectronics HAL Drivers 0.0.0
2025-09-17 00:08:55,816 [INFO] ThirdParty:1030 - CMSIS Pack Vendor :STMicroelectronics MBEDTLS 2.16.2
2025-09-17 00:08:55,816 [INFO] ThirdParty:1030 - CMSIS Pack Vendor :STMicroelectronics X-CUBE-ALS 1.0.2
2025-09-17 00:08:55,816 [INFO] ThirdParty:1030 - CMSIS Pack Vendor :emotas I-CUBE-CANOPEN 1.3.0
2025-09-17 00:08:55,816 [INFO] ThirdParty:1030 - CMSIS Pack Vendor :STMicroelectronics X-CUBE-FREERTOS 1.1.0
2025-09-17 00:08:55,816 [INFO] ThirdParty:1030 - CMSIS Pack Vendor :STMicroelectronics X-CUBE-TOUCHGFX 4.22.0
2025-09-17 00:08:55,816 [INFO] ThirdParty:1030 - CMSIS Pack Vendor :STMicroelectronics X-CUBE-NFC7 1.0.1
2025-09-17 00:08:55,816 [INFO] ThirdParty:1030 - CMSIS Pack Vendor :STMicroelectronics MBEDTLS 2.14.1
2025-09-17 00:08:55,816 [INFO] ThirdParty:1030 - CMSIS Pack Vendor :ITTIA_DB I-CUBE-ITTIADB 8.9.0
2025-09-17 00:08:55,816 [INFO] ThirdParty:1030 - CMSIS Pack Vendor :STMicroelectronics X-CUBE-NFC6 3.0.0
2025-09-17 00:08:55,816 [INFO] ThirdParty:1030 - CMSIS Pack Vendor :STMicroelectronics X-CUBE-EEPRMA1 4.1.0
2025-09-17 00:08:55,816 [INFO] ThirdParty:1030 - CMSIS Pack Vendor :portGmbH I-Cube-SoM-uGOAL 1.1.0
2025-09-17 00:08:55,816 [INFO] ThirdParty:1030 - CMSIS Pack Vendor :STMicroelectronics X-CUBE-ALS 1.0.1
2025-09-17 00:08:55,816 [INFO] ThirdParty:1030 - CMSIS Pack Vendor :STMicroelectronics X-CUBE-AI 10.0.0
2025-09-17 00:08:55,816 [INFO] ThirdParty:1030 - CMSIS Pack Vendor :STMicroelectronics ThreadX 1.0.0
2025-09-17 00:08:55,817 [INFO] ThirdParty:1030 - CMSIS Pack Vendor :STMicroelectronics FP-SNS-SMARTAG2 1.2.0
2025-09-17 00:08:55,817 [INFO] ThirdParty:1030 - CMSIS Pack Vendor :STMicroelectronics X-CUBE-AZRTOS-WL 2.0.0
2025-09-17 00:08:55,817 [INFO] ThirdParty:1030 - CMSIS Pack Vendor :SEGGER I-CUBE-embOS 1.3.1
2025-09-17 00:08:55,817 [INFO] ThirdParty:1030 - CMSIS Pack Vendor :STMicroelectronics X-CUBE-ALGOBUILD 1.4.0
2025-09-17 00:08:55,817 [INFO] ThirdParty:1030 - CMSIS Pack Vendor :STMicroelectronics FP-SNS-MOTENV1 5.0.0
2025-09-17 00:08:55,817 [INFO] ThirdParty:1030 - CMSIS Pack Vendor :STMicroelectronics USB_DEVICE 1.0.0
2025-09-17 00:08:55,817 [INFO] ThirdParty:1030 - CMSIS Pack Vendor :STMicroelectronics X-CUBE-AI 8.1.0
2025-09-17 00:08:55,817 [INFO] ThirdParty:1030 - CMSIS Pack Vendor :STMicroelectronics X-CUBE-AZRTOS-L4 2.0.0
2025-09-17 00:08:55,817 [INFO] ThirdParty:1030 - CMSIS Pack Vendor :STMicroelectronics ThreadX 0.0.2
2025-09-17 00:08:55,817 [INFO] ThirdParty:1030 - CMSIS Pack Vendor :WES I-CUBE-Cesium 1.3.0
2025-09-17 00:08:55,817 [INFO] ThirdParty:1030 - CMSIS Pack Vendor :STMicroelectronics FP-ATR-ASTRA1 2.0.0
2025-09-17 00:08:55,817 [INFO] ThirdParty:1030 - CMSIS Pack Vendor :STMicroelectronics lwIP 2.1.2
2025-09-17 00:08:55,817 [INFO] ThirdParty:1030 - CMSIS Pack Vendor :STMicroelectronics X-CUBE-SFXS2LP1 4.0.0
2025-09-17 00:08:55,817 [INFO] ThirdParty:1030 - CMSIS Pack Vendor :STMicroelectronics X-CUBE-BLE2 3.3.0
2025-09-17 00:08:55,817 [INFO] ThirdParty:1030 - CMSIS Pack Vendor :STMicroelectronics PDM2PCM 3.2.0
2025-09-17 00:08:55,818 [INFO] ThirdParty:841 - exiting critical section [change project]
2025-09-17 00:08:56,257 [INFO] PinOutPanel:1499 - setPackage(No Configuration,No Configuration)
2025-09-17 00:08:56,259 [INFO] PinOutPanel:1499 - setPackage(STM32F103C6Tx,LQFP48)
2025-09-17 00:08:56,921 [INFO] UtilMem:75 - Before build in PCC Used Memory: 383778816 Bytes (587202560)
2025-09-17 00:08:58,255 [INFO] UtilMem:75 - After build in PCC Used Memory: 342450584 Bytes (587202560)
2025-09-17 00:08:58,289 [INFO] IPUIPlugin:80 - create IPUIPlugin
2025-09-17 00:08:58,290 [INFO] IPUIPlugin:80 - create IPUIPlugin
2025-09-17 00:08:58,290 [INFO] IPUIPlugin:80 - create IPUIPlugin
2025-09-17 00:08:58,290 [INFO] IPUIPlugin:80 - create IPUIPlugin
2025-09-17 00:08:58,290 [INFO] IPUIPlugin:80 - create IPUIPlugin
2025-09-17 00:08:58,290 [INFO] IPUIPlugin:80 - create IPUIPlugin
2025-09-17 00:08:58,290 [INFO] IPUIPlugin:80 - create IPUIPlugin
2025-09-17 00:08:58,290 [INFO] IPUIPlugin:80 - create IPUIPlugin
2025-09-17 00:08:58,291 [INFO] IPUIPlugin:80 - create IPUIPlugin
2025-09-17 00:08:58,291 [INFO] IPUIPlugin:80 - create IPUIPlugin
2025-09-17 00:08:58,291 [INFO] IPUIPlugin:80 - create IPUIPlugin
2025-09-17 00:08:58,291 [INFO] IPUIPlugin:80 - create IPUIPlugin
2025-09-17 00:08:58,291 [INFO] IPUIPlugin:80 - create IPUIPlugin
2025-09-17 00:08:58,292 [INFO] IPUIPlugin:80 - create IPUIPlugin
2025-09-17 00:08:58,292 [INFO] IPUIPlugin:80 - create IPUIPlugin
2025-09-17 00:08:58,292 [INFO] IPUIPlugin:80 - create IPUIPlugin
2025-09-17 00:08:58,293 [INFO] IPUIPlugin:80 - create IPUIPlugin
2025-09-17 00:08:58,293 [INFO] IPUIPlugin:80 - create IPUIPlugin
2025-09-17 00:08:58,293 [INFO] IPUIPlugin:80 - create IPUIPlugin
2025-09-17 00:08:58,293 [INFO] IPUIPlugin:80 - create IPUIPlugin
2025-09-17 00:08:58,294 [INFO] IPUIPlugin:80 - create IPUIPlugin
2025-09-17 00:08:58,294 [INFO] IPUIPlugin:80 - create IPUIPlugin
2025-09-17 00:08:58,294 [INFO] IPUIPlugin:80 - create IPUIPlugin
2025-09-17 00:08:58,601 [INFO] CADModel:165 - CPN selected for project levelSTM32F103C6T6A
2025-09-17 00:08:58,601 [INFO] CADModel:114 - Register for checkConnection events
2025-09-17 00:08:58,680 [INFO] OpenFileManager:328 - Restore cursor
2025-09-17 00:09:17,280 [INFO] UtilMem:75 - End SaveConfig() Used Memory: 630369848 Bytes (931135488)
2025-09-17 00:09:19,401 [INFO] UtilMem:75 - End SaveConfig() Used Memory: 696466952 Bytes (931135488)
2025-09-17 00:09:23,584 [INFO] UtilMem:75 - End SaveConfig() Used Memory: 671553536 Bytes (931135488)
2025-09-17 00:09:24,198 [INFO] BlockDiagram:2759 - set Specific Code input for plugin: NVIC
2025-09-17 00:09:24,198 [INFO] BlockDiagram:2759 - set Specific Code input for plugin: GPIO
2025-09-17 00:09:24,199 [INFO] BlockDiagram:2759 - set Specific Code input for plugin: RCC
2025-09-17 00:09:24,203 [INFO] CodeGenerator:799 - code generatio: config db path: C:\ST\STM32CubeIDE_1.13.1\STM32CubeIDE\plugins\com.st.stm32cube.common.mx_6.9.1.202307191849\\db\
2025-09-17 00:09:24,511 [INFO] CodeEngine:255 - oldGeneratedFile, C:\Users\brbar\STM32CubeIDE\workspace_1.13.1\help\MXTmpFiles\license.tmp_save
2025-09-17 00:09:24,979 [INFO] CodeEngine:279 - Generated code: C:\Users\brbar\STM32CubeIDE\workspace_1.13.1\help\MXTmpFiles\license.tmp
2025-09-17 00:09:25,112 [INFO] CodeEngine:255 - oldGeneratedFile, C:\Users\brbar\STM32CubeIDE\workspace_1.13.1\help\MXTmpFiles\gpio.tmp_save
2025-09-17 00:09:25,314 [INFO] CodeEngine:279 - Generated code: C:\Users\brbar\STM32CubeIDE\workspace_1.13.1\help\MXTmpFiles\gpio.tmp
2025-09-17 00:09:25,341 [INFO] CodeEngine:255 - oldGeneratedFile, C:\Users\brbar\STM32CubeIDE\workspace_1.13.1\help\Core\Src\stm32f1xx_it.c_save
2025-09-17 00:09:25,487 [INFO] CodeEngine:279 - Generated code: C:\Users\brbar\STM32CubeIDE\workspace_1.13.1\help\Core\Src\stm32f1xx_it.c
2025-09-17 00:09:25,499 [INFO] CodeEngine:255 - oldGeneratedFile, C:\Users\brbar\STM32CubeIDE\workspace_1.13.1\help\Core\Inc\stm32f1xx_it.h_save
2025-09-17 00:09:25,605 [INFO] CodeEngine:279 - Generated code: C:\Users\brbar\STM32CubeIDE\workspace_1.13.1\help\Core\Inc\stm32f1xx_it.h
2025-09-17 00:09:25,660 [INFO] CodeEngine:255 - oldGeneratedFile, C:\Users\brbar\STM32CubeIDE\workspace_1.13.1\help\Core\Src\stm32f1xx_hal_msp.c_save
2025-09-17 00:09:25,809 [INFO] CodeEngine:279 - Generated code: C:\Users\brbar\STM32CubeIDE\workspace_1.13.1\help\Core\Src\stm32f1xx_hal_msp.c
2025-09-17 00:09:25,818 [INFO] CodeEngine:255 - oldGeneratedFile, C:\Users\brbar\STM32CubeIDE\workspace_1.13.1\help\MXTmpFiles\system.tmp_save
2025-09-17 00:09:25,897 [INFO] CodeEngine:279 - Generated code: C:\Users\brbar\STM32CubeIDE\workspace_1.13.1\help\MXTmpFiles\system.tmp
2025-09-17 00:09:25,916 [INFO] CodeEngine:311 - oldGeneratedFile, C:\Users\brbar\STM32CubeIDE\workspace_1.13.1\help\Core\Inc\stm32f1xx_hal_conf.h_save
2025-09-17 00:09:26,010 [INFO] CodeEngine:335 - Generated code: C:\Users\brbar\STM32CubeIDE\workspace_1.13.1\help\Core\Inc\stm32f1xx_hal_conf.h
2025-09-17 00:09:26,075 [INFO] CodeEngine:255 - oldGeneratedFile, C:\Users\brbar\STM32CubeIDE\workspace_1.13.1\help\Core\Inc\main.h_save
2025-09-17 00:09:26,173 [INFO] CodeEngine:279 - Generated code: C:\Users\brbar\STM32CubeIDE\workspace_1.13.1\help\Core\Inc\main.h
2025-09-17 00:09:26,183 [INFO] CodeEngine:255 - oldGeneratedFile, C:\Users\brbar\STM32CubeIDE\workspace_1.13.1\help\Core\Src\main.c_save
2025-09-17 00:09:26,316 [INFO] CodeEngine:279 - Generated code: C:\Users\brbar\STM32CubeIDE\workspace_1.13.1\help\Core\Src\main.c
2025-09-17 00:09:27,360 [INFO] ProjectBuilder:3064 - Time for Copy HAL[1] : 325mS.
2025-09-17 00:09:27,373 [INFO] ProjectBuilder:4404 - Project Generator version: 4.1.0
2025-09-17 00:09:27,655 [INFO] ConfigFileManager:1457 - The Die is : DIE412
2025-09-17 00:09:27,672 [INFO] ApiDbMcu:507 - Load IP Config File for FATFS
2025-09-17 00:09:27,706 [INFO] ApiDbMcu:507 - Load IP Config File for FREERTOS
2025-09-17 00:09:27,732 [INFO] ApiDbMcu:507 - Load IP Config File for USB_DEVICE
2025-09-17 00:09:28,858 [INFO] LogOutputStream:77 - [STDOUT_REDIRECT] 
2025-09-17 00:09:30,251 [INFO] ProjectBuilder:4626 - Time for Generating toolchain IDE Files: 2877mS.
2025-09-17 00:09:30,252 [INFO] ProjectBuilder:2935 - Time for Copy CMSIS : 1mS.
2025-09-17 00:09:30,257 [INFO] ProjectBuilder:2935 - Time for Copy CMSIS : 0mS.
2025-09-17 21:44:48,489 [INFO] Activator:176 - 


2025-09-17 21:44:48,489 [INFO] Activator:177 - !SESSION log4j initialized
2025-09-17 21:44:55,817 [INFO] LogOutputStream:77 - [STDOUT_REDIRECT] 
2025-09-17 21:44:56,911 [INFO] ApplicationProperties:184 - Using Application install path: C:\ST\STM32CubeIDE_1.13.1\STM32CubeIDE\plugins\com.st.stm32cube.common.mx_6.9.1.202307191849
2025-09-17 21:44:56,944 [INFO] DbMcusXml:78 - Set database path to: C:\ST\STM32CubeIDE_1.13.1\STM32CubeIDE\plugins\com.st.stm32cube.common.mx_6.9.1.202307191849\\db\/mcu/
2025-09-17 21:44:56,945 [INFO] ApiDb:274 - Set plugin database path to: C:\ST\STM32CubeIDE_1.13.1\STM32CubeIDE\plugins\com.st.stm32cube.common.mx_6.9.1.202307191849\\db\/plugins/boardmanager/
2025-09-17 21:44:56,946 [WARN] ApiDb:259 - Overriding images path with different value:  => C:\ST\STM32CubeIDE_1.13.1\STM32CubeIDE\plugins\com.st.stm32cube.common.mx_6.9.1.202307191849\\db\/plugins/mcufinder/images/
2025-09-17 21:44:56,966 [INFO] ApiDb:250 - Set database path to: C:\Users\brbar\.stmcufinder\plugins\mcufinder//mcu/
2025-09-17 21:44:56,969 [INFO] DbMcusAds:125 - Set database path to: C:\Users\brbar\.stmcufinder\plugins\mcufinder//mcu/
2025-09-17 21:44:56,972 [INFO] CrossReferenceDbSqlite:203 - Set database path to: C:\Users\brbar\.stmcufinder\plugins\mcufinder//mcu/cs/
2025-09-17 21:44:57,141 [INFO] RulesReader:64 - Compatibility file has been processed (293 Rules)
2025-09-17 21:44:57,300 [INFO] DbMcusXml:78 - Set database path to: C:\ST\STM32CubeIDE_1.13.1\STM32CubeIDE\plugins\com.st.stm32cube.common.mx_6.9.1.202307191849\\db\/mcu/
2025-09-17 21:44:57,301 [INFO] ApiDb:274 - Set plugin database path to: C:\ST\STM32CubeIDE_1.13.1\STM32CubeIDE\plugins\com.st.stm32cube.common.mx_6.9.1.202307191849\\db\/plugins/boardmanager/
2025-09-17 21:44:57,301 [INFO] ApiDb:261 - Set plugin images path to: C:\ST\STM32CubeIDE_1.13.1\STM32CubeIDE\plugins\com.st.stm32cube.common.mx_6.9.1.202307191849\\db\/plugins/mcufinder/images/
2025-09-17 21:44:57,301 [WARN] DbFile:41 - Overriding database path with different value: C:\Users\brbar\.stmcufinder\plugins\mcufinder/ => C:\Users\brbar\.stmcufinder\plugins\mcufinder
2025-09-17 21:44:57,301 [INFO] ApiDb:250 - Set database path to: C:\Users\brbar\.stmcufinder\plugins\mcufinder//mcu/
2025-09-17 21:44:57,301 [WARN] DbFile:41 - Overriding database path with different value: C:\Users\brbar\.stmcufinder\plugins\mcufinder/ => C:\Users\brbar\.stmcufinder\plugins\mcufinder
2025-09-17 21:44:57,302 [INFO] DbMcusAds:125 - Set database path to: C:\Users\brbar\.stmcufinder\plugins\mcufinder//mcu/
2025-09-17 21:44:57,302 [WARN] DbFile:41 - Overriding database path with different value: C:\Users\brbar\.stmcufinder\plugins\mcufinder/ => C:\Users\brbar\.stmcufinder\plugins\mcufinder
2025-09-17 21:44:57,302 [WARN] DbFile:41 - Overriding database path with different value: C:\Users\brbar\.stmcufinder\plugins\mcufinder/ => C:\Users\brbar\.stmcufinder\plugins\mcufinder
2025-09-17 21:44:57,302 [INFO] CrossReferenceDbSqlite:203 - Set database path to: C:\Users\brbar\.stmcufinder\plugins\mcufinder//mcu/cs/
2025-09-17 21:44:57,441 [INFO] MainPanel:262 - HeapMemory: 268435456
2025-09-17 21:44:57,599 [INFO] DbMcusXml:78 - Set database path to: C:\ST\STM32CubeIDE_1.13.1\STM32CubeIDE\plugins\com.st.stm32cube.common.mx_6.9.1.202307191849\\db\/mcu/
2025-09-17 21:44:57,599 [INFO] ApiDb:274 - Set plugin database path to: C:\ST\STM32CubeIDE_1.13.1\STM32CubeIDE\plugins\com.st.stm32cube.common.mx_6.9.1.202307191849\\db\/plugins/boardmanager/
2025-09-17 21:44:57,599 [INFO] ApiDb:261 - Set plugin images path to: C:\ST\STM32CubeIDE_1.13.1\STM32CubeIDE\plugins\com.st.stm32cube.common.mx_6.9.1.202307191849\\db\/plugins/mcufinder/images/
2025-09-17 21:44:57,600 [WARN] DbFile:41 - Overriding database path with different value: C:\Users\brbar\.stmcufinder\plugins\mcufinder/ => C:\Users\brbar\.stmcufinder\plugins\mcufinder
2025-09-17 21:44:57,600 [INFO] ApiDb:250 - Set database path to: C:\Users\brbar\.stmcufinder\plugins\mcufinder//mcu/
2025-09-17 21:44:57,600 [WARN] DbFile:41 - Overriding database path with different value: C:\Users\brbar\.stmcufinder\plugins\mcufinder/ => C:\Users\brbar\.stmcufinder\plugins\mcufinder
2025-09-17 21:44:57,600 [INFO] DbMcusAds:125 - Set database path to: C:\Users\brbar\.stmcufinder\plugins\mcufinder//mcu/
2025-09-17 21:44:57,600 [WARN] DbFile:41 - Overriding database path with different value: C:\Users\brbar\.stmcufinder\plugins\mcufinder/ => C:\Users\brbar\.stmcufinder\plugins\mcufinder
2025-09-17 21:44:57,600 [WARN] DbFile:41 - Overriding database path with different value: C:\Users\brbar\.stmcufinder\plugins\mcufinder/ => C:\Users\brbar\.stmcufinder\plugins\mcufinder
2025-09-17 21:44:57,601 [INFO] CrossReferenceDbSqlite:203 - Set database path to: C:\Users\brbar\.stmcufinder\plugins\mcufinder//mcu/cs/
2025-09-17 21:44:57,630 [INFO] ApplicationProperties:184 - Using Application install path: C:\ST\STM32CubeIDE_1.13.1\STM32CubeIDE\plugins\com.st.stm32cube.common.mx_6.9.1.202307191849
2025-09-17 21:44:57,632 [INFO] PluginManage:196 - Search for loadable plugins [exclusion list=, ]
2025-09-17 21:44:57,634 [INFO] PluginManage:310 - Check plugin analytics
2025-09-17 21:44:57,900 [INFO] AnalyticsPlugin:253 - Accepted Software Licenses: 
2025-09-17 21:44:57,900 [INFO] AnalyticsPlugin:255 - Accepted CMSIS Pack Licenses: 
2025-09-17 21:44:57,900 [INFO] AnalyticsPlugin:257 - Accepted Firmware Licenses: 
2025-09-17 21:44:57,906 [INFO] PluginManage:359 - Loaded plugin analytics (category:tool,tabindex:-1)
2025-09-17 21:44:57,906 [INFO] PluginManage:310 - Check plugin cadmodel
2025-09-17 21:44:57,916 [INFO] CADModel:105 - Init CAD model plugin
2025-09-17 21:44:57,916 [INFO] PluginManage:359 - Loaded plugin cadmodel (category:power,tabindex:5)
2025-09-17 21:44:57,917 [INFO] PluginManage:310 - Check plugin clock
2025-09-17 21:44:57,937 [INFO] PluginManage:359 - Loaded plugin clock (category:base,tabindex:2)
2025-09-17 21:44:57,938 [INFO] PluginManage:310 - Check plugin ddr
2025-09-17 21:44:57,942 [INFO] PluginManage:359 - Loaded plugin ddr (category:tool,tabindex:6)
2025-09-17 21:44:57,942 [INFO] PluginManage:310 - Check plugin filemanager
2025-09-17 21:44:58,148 [INFO] PluginManage:359 - Loaded plugin filemanager (category:base,tabindex:10)
2025-09-17 21:44:58,148 [INFO] PluginManage:310 - Check plugin ipmanager
2025-09-17 21:44:58,161 [INFO] PluginManage:359 - Loaded plugin ipmanager (category:base,tabindex:5)
2025-09-17 21:44:58,161 [INFO] PluginManage:310 - Check plugin lpbam
2025-09-17 21:44:58,173 [INFO] PluginManage:359 - Loaded plugin lpbam (category:base,tabindex:0)
2025-09-17 21:44:58,173 [INFO] PluginManage:310 - Check plugin memorymap
2025-09-17 21:44:58,197 [INFO] PluginManage:359 - Loaded plugin memorymap (category:base,tabindex:4)
2025-09-17 21:44:58,197 [INFO] PluginManage:310 - Check plugin pinoutandconfiguration
2025-09-17 21:44:58,210 [INFO] PluginManage:359 - Loaded plugin pinoutandconfiguration (category:base,tabindex:1)
2025-09-17 21:44:58,211 [INFO] PluginManage:310 - Check plugin pinoutconfig
2025-09-17 21:44:58,352 [WARN] SupportedApi:132 - Cannot load RTOS API schema: s4s-elt-must-match.1: The content of 'definitions' must match (annotation?, (simpleType | complexType)?, (unique | key | keyref)*)). A problem was found starting at: attribute.
2025-09-17 21:44:58,548 [INFO] PluginManage:359 - Loaded plugin pinoutconfig (category:base,tabindex:0)
2025-09-17 21:44:58,548 [INFO] PluginManage:310 - Check plugin power
2025-09-17 21:44:58,572 [INFO] PluginManage:359 - Loaded plugin power (category:power,tabindex:4)
2025-09-17 21:44:58,573 [INFO] PluginManage:310 - Check plugin projectmanager
2025-09-17 21:44:58,600 [INFO] PluginManage:359 - Loaded plugin projectmanager (category:projectmanager,tabindex:3)
2025-09-17 21:44:58,600 [INFO] PluginManage:310 - Check plugin thirdparty
2025-09-17 21:44:58,839 [INFO] PluginManage:359 - Loaded plugin thirdparty (category:base,tabindex:-1)
2025-09-17 21:44:58,839 [WARN] IntegrityCheckThread:84 - waiting for thirdparty lock release [integrity check]
2025-09-17 21:44:58,839 [INFO] PluginManage:310 - Check plugin tools
2025-09-17 21:44:58,839 [INFO] IntegrityCheckThread:86 - entering critical section [integrity check]
2025-09-17 21:44:58,840 [INFO] ThirdPartyUpdaterWithRetryManager:70 - Updater plugin not ready yet. [1/15]
2025-09-17 21:44:58,845 [INFO] PluginManage:359 - Loaded plugin tools (category:base,tabindex:7)
2025-09-17 21:44:58,845 [INFO] PluginManage:310 - Check plugin tutovideos
2025-09-17 21:44:59,127 [INFO] PluginManage:359 - Loaded plugin tutovideos (category:base,tabindex:-1)
2025-09-17 21:44:59,127 [INFO] PluginManage:310 - Check plugin updater
2025-09-17 21:44:59,146 [INFO] PluginManage:359 - Loaded plugin updater (category:base,tabindex:12)
2025-09-17 21:44:59,146 [INFO] PluginManage:310 - Check plugin userauth
2025-09-17 21:44:59,154 [INFO] UserAuth:113 - Init User Auth plugin
2025-09-17 21:44:59,154 [INFO] PluginManage:359 - Loaded plugin userauth (category:base,tabindex:14)
2025-09-17 21:44:59,155 [INFO] PluginManage:283 - PluginManage : Loaded plugins [17]
2025-09-17 21:44:59,471 [INFO] PinOutPanel:1499 - setPackage(No Configuration,No Configuration)
2025-09-17 21:44:59,651 [INFO] CADModel:165 - CPN selected for project level
2025-09-17 21:44:59,651 [INFO] CADModel:114 - Register for checkConnection events
2025-09-17 21:44:59,678 [INFO] IPUIPlugin:80 - create IPUIPlugin
2025-09-17 21:44:59,678 [INFO] PluginManager:220 - loadIPPluginJar : add adc
2025-09-17 21:44:59,682 [INFO] IPUIPlugin:80 - create IPUIPlugin
2025-09-17 21:44:59,683 [INFO] PluginManager:220 - loadIPPluginJar : add aes
2025-09-17 21:44:59,686 [INFO] IPUIPlugin:80 - create IPUIPlugin
2025-09-17 21:44:59,686 [INFO] PluginManager:220 - loadIPPluginJar : add can
2025-09-17 21:44:59,689 [INFO] IPUIPlugin:80 - create IPUIPlugin
2025-09-17 21:44:59,689 [INFO] PluginManager:220 - loadIPPluginJar : add comp
2025-09-17 21:44:59,693 [INFO] IPUIPlugin:80 - create IPUIPlugin
2025-09-17 21:44:59,693 [INFO] PluginManager:220 - loadIPPluginJar : add cryp
2025-09-17 21:44:59,697 [INFO] IPUIPlugin:80 - create IPUIPlugin
2025-09-17 21:44:59,697 [INFO] PluginManager:220 - loadIPPluginJar : add dfsdm
2025-09-17 21:44:59,703 [INFO] IPUIPlugin:80 - create IPUIPlugin
2025-09-17 21:44:59,704 [INFO] PluginManager:220 - loadIPPluginJar : add dma
2025-09-17 21:44:59,707 [INFO] IPUIPlugin:80 - create IPUIPlugin
2025-09-17 21:44:59,708 [INFO] PluginManager:220 - loadIPPluginJar : add dma3
2025-09-17 21:44:59,710 [INFO] IPUIPlugin:80 - create IPUIPlugin
2025-09-17 21:44:59,710 [INFO] PluginManager:220 - loadIPPluginJar : add fatfs
2025-09-17 21:44:59,716 [INFO] IPUIPlugin:80 - create IPUIPlugin
2025-09-17 21:44:59,716 [INFO] PluginManager:220 - loadIPPluginJar : add fmc
2025-09-17 21:44:59,724 [INFO] IPUIPlugin:80 - create IPUIPlugin
2025-09-17 21:44:59,724 [INFO] PluginManager:220 - loadIPPluginJar : add freertos
2025-09-17 21:44:59,727 [INFO] IPUIPlugin:80 - create IPUIPlugin
2025-09-17 21:44:59,727 [INFO] PluginManager:220 - loadIPPluginJar : add genericplugin
2025-09-17 21:44:59,730 [INFO] IPUIPlugin:80 - create IPUIPlugin
2025-09-17 21:44:59,730 [INFO] PluginManager:220 - loadIPPluginJar : add gfxmmu
2025-09-17 21:44:59,736 [INFO] IPUIPlugin:80 - create IPUIPlugin
2025-09-17 21:44:59,736 [INFO] PluginManager:220 - loadIPPluginJar : add gic
2025-09-17 21:44:59,743 [INFO] IPUIPlugin:80 - create IPUIPlugin
2025-09-17 21:44:59,743 [INFO] PluginManager:220 - loadIPPluginJar : add gpio
2025-09-17 21:44:59,747 [INFO] IPUIPlugin:80 - create IPUIPlugin
2025-09-17 21:44:59,747 [INFO] PluginManager:220 - loadIPPluginJar : add gtzc
2025-09-17 21:44:59,751 [INFO] IPUIPlugin:80 - create IPUIPlugin
2025-09-17 21:44:59,751 [INFO] PluginManager:220 - loadIPPluginJar : add hash
2025-09-17 21:44:59,755 [INFO] IPUIPlugin:80 - create IPUIPlugin
2025-09-17 21:44:59,755 [INFO] PluginManager:220 - loadIPPluginJar : add i2c
2025-09-17 21:44:59,758 [INFO] IPUIPlugin:80 - create IPUIPlugin
2025-09-17 21:44:59,759 [INFO] PluginManager:220 - loadIPPluginJar : add i2s
2025-09-17 21:44:59,762 [INFO] IPUIPlugin:80 - create IPUIPlugin
2025-09-17 21:44:59,762 [INFO] PluginManager:220 - loadIPPluginJar : add i3c
2025-09-17 21:44:59,767 [INFO] IPUIPlugin:80 - create IPUIPlugin
2025-09-17 21:44:59,767 [INFO] PluginManager:220 - loadIPPluginJar : add ipddr
2025-09-17 21:44:59,777 [INFO] IPUIPlugin:80 - create IPUIPlugin
2025-09-17 21:44:59,777 [INFO] PluginManager:220 - loadIPPluginJar : add linkedlist
2025-09-17 21:44:59,781 [INFO] IPUIPlugin:80 - create IPUIPlugin
2025-09-17 21:44:59,781 [INFO] PluginManager:220 - loadIPPluginJar : add lorawan
2025-09-17 21:44:59,784 [INFO] IPUIPlugin:80 - create IPUIPlugin
2025-09-17 21:44:59,784 [INFO] PluginManager:220 - loadIPPluginJar : add ltdc
2025-09-17 21:44:59,792 [INFO] IPUIPlugin:80 - create IPUIPlugin
2025-09-17 21:44:59,793 [INFO] PluginManager:220 - loadIPPluginJar : add mdma
2025-09-17 21:44:59,798 [INFO] IPUIPlugin:80 - create IPUIPlugin
2025-09-17 21:44:59,798 [INFO] PluginManager:220 - loadIPPluginJar : add nvic
2025-09-17 21:44:59,802 [INFO] IPUIPlugin:80 - create IPUIPlugin
2025-09-17 21:44:59,802 [INFO] PluginManager:220 - loadIPPluginJar : add opamp
2025-09-17 21:44:59,807 [INFO] IPUIPlugin:80 - create IPUIPlugin
2025-09-17 21:44:59,807 [INFO] PluginManager:220 - loadIPPluginJar : add openamp
2025-09-17 21:44:59,813 [INFO] IPUIPlugin:80 - create IPUIPlugin
2025-09-17 21:44:59,814 [INFO] PluginManager:220 - loadIPPluginJar : add pdm2pcm
2025-09-17 21:44:59,823 [INFO] IPUIPlugin:80 - create IPUIPlugin
2025-09-17 21:44:59,826 [INFO] PluginManager:220 - loadIPPluginJar : add plateformsettings
2025-09-17 21:44:59,829 [INFO] IPUIPlugin:80 - create IPUIPlugin
2025-09-17 21:44:59,829 [INFO] PluginManager:220 - loadIPPluginJar : add quadspi
2025-09-17 21:44:59,836 [INFO] IPUIPlugin:80 - create IPUIPlugin
2025-09-17 21:44:59,836 [INFO] PluginManager:220 - loadIPPluginJar : add resmgrutility
2025-09-17 21:44:59,841 [INFO] IPUIPlugin:80 - create IPUIPlugin
2025-09-17 21:44:59,841 [INFO] PluginManager:220 - loadIPPluginJar : add sai
2025-09-17 21:44:59,845 [INFO] IPUIPlugin:80 - create IPUIPlugin
2025-09-17 21:44:59,846 [INFO] PluginManager:220 - loadIPPluginJar : add spi
2025-09-17 21:44:59,855 [INFO] IPUIPlugin:80 - create IPUIPlugin
2025-09-17 21:44:59,855 [INFO] PluginManager:220 - loadIPPluginJar : add stm32_wpan
2025-09-17 21:44:59,858 [INFO] IPUIPlugin:80 - create IPUIPlugin
2025-09-17 21:44:59,858 [INFO] PluginManager:220 - loadIPPluginJar : add tim
2025-09-17 21:44:59,864 [INFO] IPUIPlugin:80 - create IPUIPlugin
2025-09-17 21:44:59,864 [INFO] PluginManager:220 - loadIPPluginJar : add touchsensing
2025-09-17 21:44:59,870 [INFO] IPUIPlugin:80 - create IPUIPlugin
2025-09-17 21:44:59,870 [INFO] PluginManager:220 - loadIPPluginJar : add tracer_emb
2025-09-17 21:44:59,873 [INFO] IPUIPlugin:80 - create IPUIPlugin
2025-09-17 21:44:59,873 [INFO] PluginManager:220 - loadIPPluginJar : add ts
2025-09-17 21:44:59,876 [INFO] IPUIPlugin:80 - create IPUIPlugin
2025-09-17 21:44:59,876 [INFO] PluginManager:220 - loadIPPluginJar : add tsc
2025-09-17 21:44:59,880 [INFO] IPUIPlugin:80 - create IPUIPlugin
2025-09-17 21:44:59,880 [INFO] PluginManager:220 - loadIPPluginJar : add ucpd
2025-09-17 21:44:59,884 [INFO] IPUIPlugin:80 - create IPUIPlugin
2025-09-17 21:44:59,885 [INFO] PluginManager:220 - loadIPPluginJar : add usart
2025-09-17 21:44:59,889 [INFO] IPUIPlugin:80 - create IPUIPlugin
2025-09-17 21:44:59,889 [INFO] PluginManager:220 - loadIPPluginJar : add usbx
2025-09-17 21:45:00,043 [INFO] CADModel:165 - CPN selected for project level
2025-09-17 21:45:00,043 [INFO] CADModel:114 - Register for checkConnection events
2025-09-17 21:45:00,044 [FATAL] Updater:308 - Updater called before beeing initialized
2025-09-17 21:45:00,044 [ERROR] CADModel:125 - Updater not yet initialized, retry later 
2025-09-17 21:45:00,273 [INFO] CADModel:165 - CPN selected for project level
2025-09-17 21:45:00,273 [INFO] CADModel:114 - Register for checkConnection events
2025-09-17 21:45:00,273 [FATAL] Updater:308 - Updater called before beeing initialized
2025-09-17 21:45:00,273 [ERROR] CADModel:125 - Updater not yet initialized, retry later 
2025-09-17 21:45:00,278 [FATAL] Updater:308 - Updater called before beeing initialized
2025-09-17 21:45:00,425 [FATAL] Updater:308 - Updater called before beeing initialized
2025-09-17 21:45:00,433 [INFO] DbMcusAds:53 - JSON generation date=Tue Jul 08 10:14:23 EET 2025 (1751962463582)
2025-09-17 21:45:00,434 [FATAL] Updater:308 - Updater called before beeing initialized
2025-09-17 21:45:00,544 [WARN] DetailPanel:346 - Failed to get advertising image, set to default
2025-09-17 21:45:00,762 [FATAL] Updater:308 - Updater called before beeing initialized
2025-09-17 21:45:00,766 [FATAL] Updater:308 - Updater called before beeing initialized
2025-09-17 21:45:00,766 [FATAL] Updater:308 - Updater called before beeing initialized
2025-09-17 21:45:00,766 [WARN] DetailPanel:346 - Failed to get advertising image, set to default
2025-09-17 21:45:00,767 [FATAL] Updater:308 - Updater called before beeing initialized
2025-09-17 21:45:00,841 [ERROR] Updater:1120 - MainUpdater not yet initialized. External WinMGr cannot be set.
2025-09-17 21:45:00,844 [INFO] Updater:1056 - Updater Version found : 6.9.1
2025-09-17 21:45:00,876 [INFO] ApplicationProperties:184 - Using Application install path: C:\ST\STM32CubeIDE_1.13.1\STM32CubeIDE\plugins\com.st.stm32cube.common.mx_6.9.1.202307191849
2025-09-17 21:45:01,425 [INFO] MainUpdater:2868 - connection check result : 10
2025-09-17 21:45:01,427 [INFO] MainUpdater:285 - Updater Check For Update Now.
2025-09-17 21:45:01,427 [INFO] MicroXplorer:498 - Change Database Version : DB.6.0.91
2025-09-17 21:45:01,444 [INFO] McuFinderGlobals:63 - Set McuFinder mode to 2 (CubeIDE integrated)
2025-09-17 21:45:01,700 [INFO] CheckServerUpdateThread:120 - End of CheckServer Thread
2025-09-17 21:45:02,219 [WARN] PackLoader:240 - Cannot read IP mode file for STMicroelectronics.FP-SNS-MOTENVWB1.1.4.0
2025-09-17 21:45:02,234 [WARN] PackLoader:240 - Cannot read IP mode file for STMicroelectronics.FP-ATR-ASTRA1.2.0.2
2025-09-17 21:45:02,249 [WARN] PackLoader:240 - Cannot read IP mode file for STMicroelectronics.X-CUBE-SMBUS.2.1.0
2025-09-17 21:45:02,254 [ERROR] Engine:466 - C:\Users\brbar\.stm32cubemx\thirdparties\pdsc\STMicroelectronics.X-CUBE-ST60.1.0.0.pdsc: PDSC version is not supported
2025-09-17 21:45:02,307 [WARN] PackLoader:240 - Cannot read IP mode file for STMicroelectronics.X-CUBE-AZRTOS-F7.1.1.0
2025-09-17 21:45:02,322 [WARN] PackLoader:240 - Cannot read IP mode file for STMicroelectronics.FP-SNS-MOTENV1.4.3.2
2025-09-17 21:45:02,331 [WARN] PackLoader:240 - Cannot read IP mode file for STMicroelectronics.FP-SNS-FLIGHT1.5.0.2
2025-09-17 21:45:02,344 [ERROR] Engine:466 - C:\Users\brbar\.stm32cubemx\thirdparties\pdsc\Infineon.AIROC-Wi-Fi-Bluetooth-STM32.1.7.0.pdsc: PDSC version is not supported
2025-09-17 21:45:02,357 [WARN] PackLoader:240 - Cannot read IP mode file for STMicroelectronics.X-CUBE-DISPLAY.3.0.0
2025-09-17 21:45:02,375 [WARN] PackLoader:240 - Cannot read IP mode file for STMicroelectronics.X-CUBE-BLE1.7.0.0
2025-09-17 21:45:02,386 [WARN] PackLoader:240 - Cannot read IP mode file for STMicroelectronics.X-CUBE-NFC10.1.0.0
2025-09-17 21:45:02,393 [ERROR] Engine:466 - C:\Users\brbar\.stm32cubemx\thirdparties\pdsc\STMicroelectronics.X-CUBE-BLEMGR.4.0.0.pdsc: PDSC version is not supported
2025-09-17 21:45:02,403 [WARN] PackLoader:240 - Cannot read IP mode file for emotas.I-CUBE-CANOPEN.1.3.0
2025-09-17 21:45:02,411 [WARN] PackLoader:240 - Cannot read IP mode file for STMicroelectronics.X-CUBE-TOUCHGFX.4.22.0
2025-09-17 21:45:02,414 [ERROR] Engine:466 - C:\Users\brbar\.stm32cubemx\thirdparties\pdsc\quantropi.X-CUBE-qispace-sdk-base.2.0.0.pdsc: PDSC version is not supported
2025-09-17 21:45:02,419 [WARN] PackLoader:240 - Cannot read IP mode file for STMicroelectronics.X-CUBE-AI.10.0.0
2025-09-17 21:45:02,426 [WARN] PackLoader:240 - Cannot read IP mode file for STMicroelectronics.FP-SNS-SMARTAG2.1.2.0
2025-09-17 21:45:02,430 [ERROR] Engine:466 - C:\Users\brbar\.stm32cubemx\thirdparties\pdsc\STMicroelectronics.FP-SNS-FLIGHT1.5.1.0.pdsc: PDSC version is not supported
2025-09-17 21:45:02,442 [INFO] LogOutputStream:77 - [STDOUT_REDIRECT] 1 : Invalid condition id : UX_CORESTACK_Condition cause : null
2025-09-17 21:45:02,443 [INFO] LogOutputStream:77 - [STDOUT_REDIRECT] 1 : Invalid condition id : UX_CORESTACK_Condition cause : null
2025-09-17 21:45:02,444 [INFO] LogOutputStream:77 - [STDOUT_REDIRECT] 1 : Invalid condition id : UX_CORESTACK_Condition cause : null
2025-09-17 21:45:02,446 [INFO] LogOutputStream:77 - [STDOUT_REDIRECT] 1 : Invalid condition id : UX_CORESTACK_Condition cause : null
2025-09-17 21:45:02,447 [INFO] LogOutputStream:77 - [STDOUT_REDIRECT] 1 : Invalid condition id : UX_CORESTACK_Condition cause : null
2025-09-17 21:45:02,451 [WARN] PackLoader:240 - Cannot read IP mode file for STMicroelectronics.X-CUBE-AZRTOS-WL.2.0.0
2025-09-17 21:45:02,459 [WARN] PackLoader:240 - Cannot read IP mode file for STMicroelectronics.FP-SNS-MOTENV1.5.0.0
2025-09-17 21:45:02,472 [WARN] PackLoader:240 - Cannot read IP mode file for WES.I-CUBE-Cesium.1.3.0
2025-09-17 21:45:02,479 [WARN] PackLoader:240 - Cannot read IP mode file for STMicroelectronics.X-CUBE-BLE2.3.3.0
2025-09-17 21:45:02,488 [WARN] PackLoader:240 - Cannot read IP mode file for STMicroelectronics.X-CUBE-NFC9.1.0.0
2025-09-17 21:45:02,494 [WARN] PackLoader:240 - Cannot read IP mode file for STMicroelectronics.X-CUBE-BLE1.7.1.0
2025-09-17 21:45:02,500 [WARN] PackLoader:240 - Cannot read IP mode file for wolfSSL.I-CUBE-wolfMQTT.1.19.2
2025-09-17 21:45:02,507 [WARN] PackLoader:240 - Cannot read IP mode file for STMicroelectronics.X-CUBE-ALGOBUILD.1.3.0
2025-09-17 21:45:02,568 [WARN] PackLoader:240 - Cannot read IP mode file for STMicroelectronics.X-CUBE-MEMS1.11.2.0
2025-09-17 21:45:02,744 [WARN] PackLoader:240 - Cannot read IP mode file for STMicroelectronics.X-CUBE-AZRTOS-G0.1.1.0
2025-09-17 21:45:02,754 [WARN] PackLoader:240 - Cannot read IP mode file for STMicroelectronics.X-CUBE-SAFEA1.1.2.2
2025-09-17 21:45:02,762 [WARN] PackLoader:240 - Cannot read IP mode file for STMicroelectronics.X-CUBE-NFC4.3.0.0
2025-09-17 21:45:02,766 [ERROR] Engine:466 - C:\Users\brbar\.stm32cubemx\thirdparties\pdsc\EmbeddedOffice.I-CUBE-FS-RTOS.1.0.1.pdsc: PDSC version is not supported
2025-09-17 21:45:02,774 [WARN] PackLoader:240 - Cannot read IP mode file for STMicroelectronics.X-CUBE-WB05N.2.0.0
2025-09-17 21:45:02,780 [WARN] PackLoader:240 - Cannot read IP mode file for wolfSSL.I-CUBE-wolfTPM.3.8.0
2025-09-17 21:45:02,784 [ERROR] Engine:466 - C:\Users\brbar\.stm32cubemx\thirdparties\pdsc\STMicroelectronics.X-CUBE-TCPP.4.2.0.pdsc: PDSC version is not supported
2025-09-17 21:45:02,787 [ERROR] Engine:466 - C:\Users\brbar\.stm32cubemx\thirdparties\pdsc\RealThread.X-CUBE-RT-Thread_Nano.4.1.1.pdsc: PDSC version is not supported
2025-09-17 21:45:02,792 [WARN] PackLoader:240 - Cannot read IP mode file for STMicroelectronics.FP-ATR-SIGFOX1.3.2.0
2025-09-17 21:45:02,800 [WARN] PackLoader:240 - Cannot read IP mode file for STMicroelectronics.X-CUBE-EEPRMA1.5.1.0
2025-09-17 21:45:02,811 [WARN] PackLoader:240 - Cannot read IP mode file for ITTIA_DB.I-CUBE-ITTIADB.8.9.0
2025-09-17 21:45:02,850 [WARN] PackLoader:240 - Cannot read IP mode file for SEGGER.I-CUBE-embOS.1.3.1
2025-09-17 21:45:02,893 [WARN] PackLoader:240 - Cannot read IP mode file for STMicroelectronics.X-CUBE-ALGOBUILD.1.4.0
2025-09-17 21:45:02,900 [WARN] PackLoader:240 - Cannot read IP mode file for STMicroelectronics.X-CUBE-GNSS1.6.0.0
2025-09-17 21:45:02,915 [WARN] PackLoader:240 - Cannot read IP mode file for STMicroelectronics.X-CUBE-AZRTOS-F4.1.1.0
2025-09-17 21:45:02,923 [WARN] PackLoader:240 - Cannot read IP mode file for wolfSSL.I-CUBE-wolfSSL.5.6.3
2025-09-17 21:45:02,929 [WARN] PackLoader:240 - Cannot read IP mode file for STMicroelectronics.X-CUBE-ISPU.2.1.0
2025-09-17 21:45:02,947 [WARN] PackLoader:240 - Cannot read IP mode file for STMicroelectronics.X-CUBE-AZRTOS-L5.2.0.0
2025-09-17 21:45:02,980 [WARN] PackLoader:240 - Cannot read IP mode file for STMicroelectronics.X-CUBE-MEMS1.9.6.0
2025-09-17 21:45:03,110 [WARN] PackLoader:240 - Cannot read IP mode file for STMicroelectronics.X-CUBE-NFC6.3.1.0
2025-09-17 21:45:03,120 [WARN] PackLoader:240 - Cannot read IP mode file for STMicroelectronics.X-CUBE-BLEMGR.2.0.0
2025-09-17 21:45:03,136 [WARN] ConditionMgr:438 - getConditionDescription Invalid condition id : UX DEVICE CLASS RTOS Condition cause : null
2025-09-17 21:45:03,137 [WARN] ConditionMgr:438 - getConditionDescription Invalid condition id : UX DEVICE CLASS RTOS Condition cause : null
2025-09-17 21:45:03,139 [WARN] PackLoader:240 - Cannot read IP mode file for STMicroelectronics.X-CUBE-AZRTOS-H7.3.1.0
2025-09-17 21:45:03,140 [WARN] ConditionMgr:1039 - genDependencies : Invalid condition id : UX DEVICE CLASS RTOS Condition cause : null
2025-09-17 21:45:03,140 [WARN] ConditionMgr:1039 - genDependencies : Invalid condition id : UX DEVICE CLASS RTOS Condition cause : null
2025-09-17 21:45:03,141 [WARN] ConditionMgr:1039 - genDependencies : Invalid condition id : UX DEVICE CLASS RTOS Condition cause : null
2025-09-17 21:45:03,141 [WARN] ConditionMgr:1039 - genDependencies : Invalid condition id : UX DEVICE CLASS RTOS Condition cause : null
2025-09-17 21:45:03,141 [WARN] ConditionMgr:1039 - genDependencies : Invalid condition id : UX DEVICE CLASS RTOS Condition cause : null
2025-09-17 21:45:03,149 [WARN] PackLoader:240 - Cannot read IP mode file for STMicroelectronics.X-CUBE-FREERTOS.1.3.1
2025-09-17 21:45:03,155 [WARN] PackLoader:240 - Cannot read IP mode file for STMicroelectronics.X-CUBE-NFC7.1.0.1
2025-09-17 21:45:03,162 [WARN] PackLoader:240 - Cannot read IP mode file for STMicroelectronics.X-CUBE-NFC6.3.0.0
2025-09-17 21:45:03,170 [WARN] PackLoader:240 - Cannot read IP mode file for STMicroelectronics.X-CUBE-EEPRMA1.4.1.0
2025-09-17 21:45:03,175 [ERROR] Engine:466 - C:\Users\brbar\.stm32cubemx\thirdparties\pdsc\STMicroelectronics.X-CUBE-DPower.1.3.0.pdsc: PDSC version is not supported
2025-09-17 21:45:03,179 [WARN] PackLoader:240 - Cannot read IP mode file for STMicroelectronics.X-CUBE-AI.8.1.0
2025-09-17 21:45:03,194 [WARN] ConditionMgr:438 - getConditionDescription Invalid condition id : LAN8742 Phy interface Condition cause : null
2025-09-17 21:45:03,195 [WARN] PackLoader:240 - Cannot read IP mode file for STMicroelectronics.X-CUBE-AZRTOS-L4.2.0.0
2025-09-17 21:45:03,196 [WARN] ConditionMgr:1039 - genDependencies : Invalid condition id : LAN8742 Phy interface Condition cause : null
2025-09-17 21:45:03,196 [WARN] ConditionMgr:1039 - genDependencies : Invalid condition id : LAN8742 Phy interface Condition cause : null
2025-09-17 21:45:03,197 [WARN] ConditionMgr:1039 - genDependencies : Invalid condition id : LAN8742 Phy interface Condition cause : null
2025-09-17 21:45:03,204 [WARN] PackLoader:240 - Cannot read IP mode file for STMicroelectronics.X-CUBE-SFXS2LP1.4.0.0
2025-09-17 21:45:03,210 [WARN] PackLoader:240 - Cannot read IP mode file for STMicroelectronics.X-CUBE-ISPU.1.1.0
2025-09-17 21:45:03,228 [WARN] PackLoader:240 - Cannot read IP mode file for STMicroelectronics.X-CUBE-AZRTOS-H7.3.3.0
2025-09-17 21:45:03,244 [WARN] ConditionMgr:438 - getConditionDescription Invalid condition id : UX DEVICE CLASS RTOS Condition cause : null
2025-09-17 21:45:03,244 [WARN] ConditionMgr:438 - getConditionDescription Invalid condition id : UX DEVICE CLASS RTOS Condition cause : null
2025-09-17 21:45:03,246 [WARN] PackLoader:240 - Cannot read IP mode file for STMicroelectronics.X-CUBE-AZRTOS-WB.2.0.0
2025-09-17 21:45:03,247 [WARN] ConditionMgr:1039 - genDependencies : Invalid condition id : UX DEVICE CLASS RTOS Condition cause : null
2025-09-17 21:45:03,247 [WARN] ConditionMgr:1039 - genDependencies : Invalid condition id : UX DEVICE CLASS RTOS Condition cause : null
2025-09-17 21:45:03,247 [WARN] ConditionMgr:1039 - genDependencies : Invalid condition id : UX DEVICE CLASS RTOS Condition cause : null
2025-09-17 21:45:03,247 [WARN] ConditionMgr:1039 - genDependencies : Invalid condition id : UX DEVICE CLASS RTOS Condition cause : null
2025-09-17 21:45:03,247 [WARN] ConditionMgr:1039 - genDependencies : Invalid condition id : UX DEVICE CLASS RTOS Condition cause : null
2025-09-17 21:45:03,253 [WARN] PackLoader:240 - Cannot read IP mode file for STMicroelectronics.X-CUBE-GNSS1.7.0.1
2025-09-17 21:45:03,258 [WARN] PackLoader:240 - Cannot read IP mode file for STMicroelectronics.X-CUBE-TOUCHGFX.4.25.0
2025-09-17 21:45:03,260 [ERROR] Engine:466 - C:\Users\brbar\.stm32cubemx\thirdparties\pdsc\STMicroelectronics.FP-SNS-STBOX1.2.0.0.pdsc: PDSC version is not supported
2025-09-17 21:45:03,273 [WARN] PackLoader:240 - Cannot read IP mode file for STMicroelectronics.X-CUBE-SUBG2.5.0.0
2025-09-17 21:45:03,292 [WARN] PackLoader:240 - Cannot read IP mode file for STMicroelectronics.X-CUBE-AZRTOS-H7RS.1.1.0
2025-09-17 21:45:03,302 [WARN] PackLoader:240 - Cannot read IP mode file for Cesanta.I-CUBE-Mongoose.7.13.0
2025-09-17 21:45:03,316 [WARN] PackLoader:240 - Cannot read IP mode file for STMicroelectronics.X-CUBE-TOF1.3.3.1
2025-09-17 21:45:03,335 [WARN] PackLoader:240 - Cannot read IP mode file for STMicroelectronics.X-CUBE-AZRTOS-G4.2.0.0
2025-09-17 21:45:03,342 [WARN] PackLoader:240 - Cannot read IP mode file for wolfSSL.I-CUBE-wolfSSH.1.4.20
2025-09-17 21:45:03,349 [WARN] PackLoader:240 - Cannot read IP mode file for STMicroelectronics.X-CUBE-NFC7.2.0.0
2025-09-17 21:45:03,355 [ERROR] Engine:466 - C:\Users\brbar\.stm32cubemx\thirdparties\pdsc\STMicroelectronics.X-CUBE-IPS.3.1.0.pdsc: PDSC version is not supported
2025-09-17 21:45:03,360 [WARN] PackLoader:240 - Cannot read IP mode file for STMicroelectronics.X-CUBE-ALS.1.0.2
2025-09-17 21:45:03,365 [WARN] PackLoader:240 - Cannot read IP mode file for STMicroelectronics.X-CUBE-FREERTOS.1.1.0
2025-09-17 21:45:03,375 [WARN] PackLoader:240 - Cannot read IP mode file for portGmbH.I-Cube-SoM-uGOAL.1.1.0
2025-09-17 21:45:03,381 [WARN] PackLoader:240 - Cannot read IP mode file for STMicroelectronics.X-CUBE-ALS.1.0.1
2025-09-17 21:45:03,386 [WARN] PackLoader:240 - Cannot read IP mode file for STMicroelectronics.FP-ATR-ASTRA1.2.0.0
2025-09-17 21:45:03,394 [ERROR] Engine:466 - C:\Users\brbar\.stm32cubemx\thirdparties\pdsc\STMicroelectronics.X-CUBE-TOF1.3.4.3.pdsc: PDSC version is not supported
2025-09-17 21:45:03,396 [INFO] ThirdParty:978 - Integrity check success = true
2025-09-17 21:45:03,396 [INFO] IntegrityCheckThread:100 - exiting critical section [integrity check]
2025-09-17 21:45:03,396 [INFO] IntegrityCheckThread:103 - End integrity checks thread
2025-09-17 21:45:22,317 [ERROR] LogOutputStream:75 - [STDERR_REDIRECT] SLF4J: Failed to load class "org.slf4j.impl.StaticLoggerBinder".
2025-09-17 21:45:22,318 [ERROR] LogOutputStream:75 - [STDERR_REDIRECT] SLF4J: Defaulting to no-operation (NOP) logger implementation
2025-09-17 21:45:22,321 [ERROR] LogOutputStream:75 - [STDERR_REDIRECT] SLF4J: See http://www.slf4j.org/codes.html#StaticLoggerBinder for further details.
