2025-09-18 16:22:57,540 [INFO] Activator:176 - 


2025-09-18 16:22:57,550 [INFO] Activator:177 - !SESSION log4j initialized
2025-09-18 16:23:05,772 [INFO] LogOutputStream:77 - [STDOUT_REDIRECT] 
2025-09-18 16:23:07,122 [INFO] ApplicationProperties:184 - Using Application install path: C:\ST\STM32CubeIDE_1.13.1\STM32CubeIDE\plugins\com.st.stm32cube.common.mx_6.9.1.202307191849
2025-09-18 16:23:07,153 [INFO] DbMcusXml:78 - Set database path to: C:\ST\STM32CubeIDE_1.13.1\STM32CubeIDE\plugins\com.st.stm32cube.common.mx_6.9.1.202307191849\\db\/mcu/
2025-09-18 16:23:07,154 [INFO] ApiDb:274 - Set plugin database path to: C:\ST\STM32CubeIDE_1.13.1\STM32CubeIDE\plugins\com.st.stm32cube.common.mx_6.9.1.202307191849\\db\/plugins/boardmanager/
2025-09-18 16:23:07,155 [WARN] ApiDb:259 - Overriding images path with different value:  => C:\ST\STM32CubeIDE_1.13.1\STM32CubeIDE\plugins\com.st.stm32cube.common.mx_6.9.1.202307191849\\db\/plugins/mcufinder/images/
2025-09-18 16:23:07,177 [INFO] ApiDb:250 - Set database path to: C:\Users\brbar\.stmcufinder\plugins\mcufinder//mcu/
2025-09-18 16:23:07,180 [INFO] DbMcusAds:125 - Set database path to: C:\Users\brbar\.stmcufinder\plugins\mcufinder//mcu/
2025-09-18 16:23:07,184 [INFO] CrossReferenceDbSqlite:203 - Set database path to: C:\Users\brbar\.stmcufinder\plugins\mcufinder//mcu/cs/
2025-09-18 16:23:07,363 [INFO] RulesReader:64 - Compatibility file has been processed (293 Rules)
2025-09-18 16:23:07,515 [INFO] DbMcusXml:78 - Set database path to: C:\ST\STM32CubeIDE_1.13.1\STM32CubeIDE\plugins\com.st.stm32cube.common.mx_6.9.1.202307191849\\db\/mcu/
2025-09-18 16:23:07,515 [INFO] ApiDb:274 - Set plugin database path to: C:\ST\STM32CubeIDE_1.13.1\STM32CubeIDE\plugins\com.st.stm32cube.common.mx_6.9.1.202307191849\\db\/plugins/boardmanager/
2025-09-18 16:23:07,516 [INFO] ApiDb:261 - Set plugin images path to: C:\ST\STM32CubeIDE_1.13.1\STM32CubeIDE\plugins\com.st.stm32cube.common.mx_6.9.1.202307191849\\db\/plugins/mcufinder/images/
2025-09-18 16:23:07,516 [WARN] DbFile:41 - Overriding database path with different value: C:\Users\brbar\.stmcufinder\plugins\mcufinder/ => C:\Users\brbar\.stmcufinder\plugins\mcufinder
2025-09-18 16:23:07,516 [INFO] ApiDb:250 - Set database path to: C:\Users\brbar\.stmcufinder\plugins\mcufinder//mcu/
2025-09-18 16:23:07,517 [WARN] DbFile:41 - Overriding database path with different value: C:\Users\brbar\.stmcufinder\plugins\mcufinder/ => C:\Users\brbar\.stmcufinder\plugins\mcufinder
2025-09-18 16:23:07,517 [INFO] DbMcusAds:125 - Set database path to: C:\Users\brbar\.stmcufinder\plugins\mcufinder//mcu/
2025-09-18 16:23:07,517 [WARN] DbFile:41 - Overriding database path with different value: C:\Users\brbar\.stmcufinder\plugins\mcufinder/ => C:\Users\brbar\.stmcufinder\plugins\mcufinder
2025-09-18 16:23:07,518 [WARN] DbFile:41 - Overriding database path with different value: C:\Users\brbar\.stmcufinder\plugins\mcufinder/ => C:\Users\brbar\.stmcufinder\plugins\mcufinder
2025-09-18 16:23:07,518 [INFO] CrossReferenceDbSqlite:203 - Set database path to: C:\Users\brbar\.stmcufinder\plugins\mcufinder//mcu/cs/
2025-09-18 16:23:07,665 [INFO] MainPanel:262 - HeapMemory: 268435456
2025-09-18 16:23:07,817 [INFO] DbMcusXml:78 - Set database path to: C:\ST\STM32CubeIDE_1.13.1\STM32CubeIDE\plugins\com.st.stm32cube.common.mx_6.9.1.202307191849\\db\/mcu/
2025-09-18 16:23:07,819 [INFO] ApiDb:274 - Set plugin database path to: C:\ST\STM32CubeIDE_1.13.1\STM32CubeIDE\plugins\com.st.stm32cube.common.mx_6.9.1.202307191849\\db\/plugins/boardmanager/
2025-09-18 16:23:07,819 [INFO] ApiDb:261 - Set plugin images path to: C:\ST\STM32CubeIDE_1.13.1\STM32CubeIDE\plugins\com.st.stm32cube.common.mx_6.9.1.202307191849\\db\/plugins/mcufinder/images/
2025-09-18 16:23:07,820 [WARN] DbFile:41 - Overriding database path with different value: C:\Users\brbar\.stmcufinder\plugins\mcufinder/ => C:\Users\brbar\.stmcufinder\plugins\mcufinder
2025-09-18 16:23:07,820 [INFO] ApiDb:250 - Set database path to: C:\Users\brbar\.stmcufinder\plugins\mcufinder//mcu/
2025-09-18 16:23:07,820 [WARN] DbFile:41 - Overriding database path with different value: C:\Users\brbar\.stmcufinder\plugins\mcufinder/ => C:\Users\brbar\.stmcufinder\plugins\mcufinder
2025-09-18 16:23:07,820 [INFO] DbMcusAds:125 - Set database path to: C:\Users\brbar\.stmcufinder\plugins\mcufinder//mcu/
2025-09-18 16:23:07,820 [WARN] DbFile:41 - Overriding database path with different value: C:\Users\brbar\.stmcufinder\plugins\mcufinder/ => C:\Users\brbar\.stmcufinder\plugins\mcufinder
2025-09-18 16:23:07,821 [WARN] DbFile:41 - Overriding database path with different value: C:\Users\brbar\.stmcufinder\plugins\mcufinder/ => C:\Users\brbar\.stmcufinder\plugins\mcufinder
2025-09-18 16:23:07,821 [INFO] CrossReferenceDbSqlite:203 - Set database path to: C:\Users\brbar\.stmcufinder\plugins\mcufinder//mcu/cs/
2025-09-18 16:23:07,856 [INFO] ApplicationProperties:184 - Using Application install path: C:\ST\STM32CubeIDE_1.13.1\STM32CubeIDE\plugins\com.st.stm32cube.common.mx_6.9.1.202307191849
2025-09-18 16:23:07,858 [INFO] PluginManage:196 - Search for loadable plugins [exclusion list=, ]
2025-09-18 16:23:07,861 [INFO] PluginManage:310 - Check plugin analytics
2025-09-18 16:23:08,086 [INFO] AnalyticsPlugin:253 - Accepted Software Licenses: 
2025-09-18 16:23:08,086 [INFO] AnalyticsPlugin:255 - Accepted CMSIS Pack Licenses: 
2025-09-18 16:23:08,086 [INFO] AnalyticsPlugin:257 - Accepted Firmware Licenses: 
2025-09-18 16:23:08,091 [INFO] PluginManage:359 - Loaded plugin analytics (category:tool,tabindex:-1)
2025-09-18 16:23:08,091 [INFO] PluginManage:310 - Check plugin cadmodel
2025-09-18 16:23:08,101 [INFO] CADModel:105 - Init CAD model plugin
2025-09-18 16:23:08,101 [INFO] PluginManage:359 - Loaded plugin cadmodel (category:power,tabindex:5)
2025-09-18 16:23:08,102 [INFO] PluginManage:310 - Check plugin clock
2025-09-18 16:23:08,118 [INFO] PluginManage:359 - Loaded plugin clock (category:base,tabindex:2)
2025-09-18 16:23:08,118 [INFO] PluginManage:310 - Check plugin ddr
2025-09-18 16:23:08,123 [INFO] PluginManage:359 - Loaded plugin ddr (category:tool,tabindex:6)
2025-09-18 16:23:08,124 [INFO] PluginManage:310 - Check plugin filemanager
2025-09-18 16:23:08,321 [INFO] PluginManage:359 - Loaded plugin filemanager (category:base,tabindex:10)
2025-09-18 16:23:08,322 [INFO] PluginManage:310 - Check plugin ipmanager
2025-09-18 16:23:08,335 [INFO] PluginManage:359 - Loaded plugin ipmanager (category:base,tabindex:5)
2025-09-18 16:23:08,335 [INFO] PluginManage:310 - Check plugin lpbam
2025-09-18 16:23:08,350 [INFO] PluginManage:359 - Loaded plugin lpbam (category:base,tabindex:0)
2025-09-18 16:23:08,351 [INFO] PluginManage:310 - Check plugin memorymap
2025-09-18 16:23:08,378 [INFO] PluginManage:359 - Loaded plugin memorymap (category:base,tabindex:4)
2025-09-18 16:23:08,378 [INFO] PluginManage:310 - Check plugin pinoutandconfiguration
2025-09-18 16:23:08,395 [INFO] PluginManage:359 - Loaded plugin pinoutandconfiguration (category:base,tabindex:1)
2025-09-18 16:23:08,395 [INFO] PluginManage:310 - Check plugin pinoutconfig
2025-09-18 16:23:08,524 [WARN] SupportedApi:132 - Cannot load RTOS API schema: s4s-elt-must-match.1: The content of 'definitions' must match (annotation?, (simpleType | complexType)?, (unique | key | keyref)*)). A problem was found starting at: attribute.
2025-09-18 16:23:08,724 [INFO] PluginManage:359 - Loaded plugin pinoutconfig (category:base,tabindex:0)
2025-09-18 16:23:08,725 [INFO] PluginManage:310 - Check plugin power
2025-09-18 16:23:08,744 [INFO] PluginManage:359 - Loaded plugin power (category:power,tabindex:4)
2025-09-18 16:23:08,745 [INFO] PluginManage:310 - Check plugin projectmanager
2025-09-18 16:23:08,770 [INFO] PluginManage:359 - Loaded plugin projectmanager (category:projectmanager,tabindex:3)
2025-09-18 16:23:08,770 [INFO] PluginManage:310 - Check plugin thirdparty
2025-09-18 16:23:09,005 [INFO] PluginManage:359 - Loaded plugin thirdparty (category:base,tabindex:-1)
2025-09-18 16:23:09,005 [INFO] PluginManage:310 - Check plugin tools
2025-09-18 16:23:09,005 [WARN] IntegrityCheckThread:84 - waiting for thirdparty lock release [integrity check]
2025-09-18 16:23:09,006 [INFO] IntegrityCheckThread:86 - entering critical section [integrity check]
2025-09-18 16:23:09,007 [INFO] ThirdPartyUpdaterWithRetryManager:70 - Updater plugin not ready yet. [1/15]
2025-09-18 16:23:09,010 [INFO] PluginManage:359 - Loaded plugin tools (category:base,tabindex:7)
2025-09-18 16:23:09,010 [INFO] PluginManage:310 - Check plugin tutovideos
2025-09-18 16:23:09,285 [INFO] PluginManage:359 - Loaded plugin tutovideos (category:base,tabindex:-1)
2025-09-18 16:23:09,286 [INFO] PluginManage:310 - Check plugin updater
2025-09-18 16:23:09,302 [INFO] PluginManage:359 - Loaded plugin updater (category:base,tabindex:12)
2025-09-18 16:23:09,302 [INFO] PluginManage:310 - Check plugin userauth
2025-09-18 16:23:09,309 [INFO] UserAuth:113 - Init User Auth plugin
2025-09-18 16:23:09,310 [INFO] PluginManage:359 - Loaded plugin userauth (category:base,tabindex:14)
2025-09-18 16:23:09,310 [INFO] PluginManage:283 - PluginManage : Loaded plugins [17]
2025-09-18 16:23:09,637 [INFO] PinOutPanel:1499 - setPackage(No Configuration,No Configuration)
2025-09-18 16:23:09,803 [INFO] CADModel:165 - CPN selected for project level
2025-09-18 16:23:09,803 [INFO] CADModel:114 - Register for checkConnection events
2025-09-18 16:23:09,828 [INFO] IPUIPlugin:80 - create IPUIPlugin
2025-09-18 16:23:09,829 [INFO] PluginManager:220 - loadIPPluginJar : add adc
2025-09-18 16:23:09,834 [INFO] IPUIPlugin:80 - create IPUIPlugin
2025-09-18 16:23:09,834 [INFO] PluginManager:220 - loadIPPluginJar : add aes
2025-09-18 16:23:09,838 [INFO] IPUIPlugin:80 - create IPUIPlugin
2025-09-18 16:23:09,838 [INFO] PluginManager:220 - loadIPPluginJar : add can
2025-09-18 16:23:09,841 [INFO] IPUIPlugin:80 - create IPUIPlugin
2025-09-18 16:23:09,841 [INFO] PluginManager:220 - loadIPPluginJar : add comp
2025-09-18 16:23:09,845 [INFO] IPUIPlugin:80 - create IPUIPlugin
2025-09-18 16:23:09,845 [INFO] PluginManager:220 - loadIPPluginJar : add cryp
2025-09-18 16:23:09,849 [INFO] IPUIPlugin:80 - create IPUIPlugin
2025-09-18 16:23:09,849 [INFO] PluginManager:220 - loadIPPluginJar : add dfsdm
2025-09-18 16:23:09,856 [INFO] IPUIPlugin:80 - create IPUIPlugin
2025-09-18 16:23:09,857 [INFO] PluginManager:220 - loadIPPluginJar : add dma
2025-09-18 16:23:09,861 [INFO] IPUIPlugin:80 - create IPUIPlugin
2025-09-18 16:23:09,861 [INFO] PluginManager:220 - loadIPPluginJar : add dma3
2025-09-18 16:23:09,864 [INFO] IPUIPlugin:80 - create IPUIPlugin
2025-09-18 16:23:09,864 [INFO] PluginManager:220 - loadIPPluginJar : add fatfs
2025-09-18 16:23:09,870 [INFO] IPUIPlugin:80 - create IPUIPlugin
2025-09-18 16:23:09,870 [INFO] PluginManager:220 - loadIPPluginJar : add fmc
2025-09-18 16:23:09,878 [INFO] IPUIPlugin:80 - create IPUIPlugin
2025-09-18 16:23:09,878 [INFO] PluginManager:220 - loadIPPluginJar : add freertos
2025-09-18 16:23:09,881 [INFO] IPUIPlugin:80 - create IPUIPlugin
2025-09-18 16:23:09,881 [INFO] PluginManager:220 - loadIPPluginJar : add genericplugin
2025-09-18 16:23:09,885 [INFO] IPUIPlugin:80 - create IPUIPlugin
2025-09-18 16:23:09,885 [INFO] PluginManager:220 - loadIPPluginJar : add gfxmmu
2025-09-18 16:23:09,893 [INFO] IPUIPlugin:80 - create IPUIPlugin
2025-09-18 16:23:09,893 [INFO] PluginManager:220 - loadIPPluginJar : add gic
2025-09-18 16:23:09,899 [INFO] IPUIPlugin:80 - create IPUIPlugin
2025-09-18 16:23:09,899 [INFO] PluginManager:220 - loadIPPluginJar : add gpio
2025-09-18 16:23:09,905 [INFO] IPUIPlugin:80 - create IPUIPlugin
2025-09-18 16:23:09,905 [INFO] PluginManager:220 - loadIPPluginJar : add gtzc
2025-09-18 16:23:09,908 [INFO] IPUIPlugin:80 - create IPUIPlugin
2025-09-18 16:23:09,909 [INFO] PluginManager:220 - loadIPPluginJar : add hash
2025-09-18 16:23:09,914 [INFO] IPUIPlugin:80 - create IPUIPlugin
2025-09-18 16:23:09,914 [INFO] PluginManager:220 - loadIPPluginJar : add i2c
2025-09-18 16:23:09,919 [INFO] IPUIPlugin:80 - create IPUIPlugin
2025-09-18 16:23:09,919 [INFO] PluginManager:220 - loadIPPluginJar : add i2s
2025-09-18 16:23:09,924 [INFO] IPUIPlugin:80 - create IPUIPlugin
2025-09-18 16:23:09,924 [INFO] PluginManager:220 - loadIPPluginJar : add i3c
2025-09-18 16:23:09,928 [INFO] IPUIPlugin:80 - create IPUIPlugin
2025-09-18 16:23:09,929 [INFO] PluginManager:220 - loadIPPluginJar : add ipddr
2025-09-18 16:23:09,939 [INFO] IPUIPlugin:80 - create IPUIPlugin
2025-09-18 16:23:09,939 [INFO] PluginManager:220 - loadIPPluginJar : add linkedlist
2025-09-18 16:23:09,943 [INFO] IPUIPlugin:80 - create IPUIPlugin
2025-09-18 16:23:09,943 [INFO] PluginManager:220 - loadIPPluginJar : add lorawan
2025-09-18 16:23:09,946 [INFO] IPUIPlugin:80 - create IPUIPlugin
2025-09-18 16:23:09,946 [INFO] PluginManager:220 - loadIPPluginJar : add ltdc
2025-09-18 16:23:09,954 [INFO] IPUIPlugin:80 - create IPUIPlugin
2025-09-18 16:23:09,954 [INFO] PluginManager:220 - loadIPPluginJar : add mdma
2025-09-18 16:23:09,959 [INFO] IPUIPlugin:80 - create IPUIPlugin
2025-09-18 16:23:09,959 [INFO] PluginManager:220 - loadIPPluginJar : add nvic
2025-09-18 16:23:09,963 [INFO] IPUIPlugin:80 - create IPUIPlugin
2025-09-18 16:23:09,963 [INFO] PluginManager:220 - loadIPPluginJar : add opamp
2025-09-18 16:23:09,968 [INFO] IPUIPlugin:80 - create IPUIPlugin
2025-09-18 16:23:09,968 [INFO] PluginManager:220 - loadIPPluginJar : add openamp
2025-09-18 16:23:09,973 [INFO] IPUIPlugin:80 - create IPUIPlugin
2025-09-18 16:23:09,973 [INFO] PluginManager:220 - loadIPPluginJar : add pdm2pcm
2025-09-18 16:23:09,982 [INFO] IPUIPlugin:80 - create IPUIPlugin
2025-09-18 16:23:09,984 [INFO] PluginManager:220 - loadIPPluginJar : add plateformsettings
2025-09-18 16:23:09,987 [INFO] IPUIPlugin:80 - create IPUIPlugin
2025-09-18 16:23:09,987 [INFO] PluginManager:220 - loadIPPluginJar : add quadspi
2025-09-18 16:23:09,993 [INFO] IPUIPlugin:80 - create IPUIPlugin
2025-09-18 16:23:09,993 [INFO] PluginManager:220 - loadIPPluginJar : add resmgrutility
2025-09-18 16:23:09,997 [INFO] IPUIPlugin:80 - create IPUIPlugin
2025-09-18 16:23:09,997 [INFO] PluginManager:220 - loadIPPluginJar : add sai
2025-09-18 16:23:10,001 [INFO] IPUIPlugin:80 - create IPUIPlugin
2025-09-18 16:23:10,001 [INFO] PluginManager:220 - loadIPPluginJar : add spi
2025-09-18 16:23:10,007 [INFO] IPUIPlugin:80 - create IPUIPlugin
2025-09-18 16:23:10,007 [INFO] PluginManager:220 - loadIPPluginJar : add stm32_wpan
2025-09-18 16:23:10,010 [INFO] IPUIPlugin:80 - create IPUIPlugin
2025-09-18 16:23:10,010 [INFO] PluginManager:220 - loadIPPluginJar : add tim
2025-09-18 16:23:10,015 [INFO] IPUIPlugin:80 - create IPUIPlugin
2025-09-18 16:23:10,015 [INFO] PluginManager:220 - loadIPPluginJar : add touchsensing
2025-09-18 16:23:10,018 [INFO] IPUIPlugin:80 - create IPUIPlugin
2025-09-18 16:23:10,018 [INFO] PluginManager:220 - loadIPPluginJar : add tracer_emb
2025-09-18 16:23:10,021 [INFO] IPUIPlugin:80 - create IPUIPlugin
2025-09-18 16:23:10,021 [INFO] PluginManager:220 - loadIPPluginJar : add ts
2025-09-18 16:23:10,023 [INFO] IPUIPlugin:80 - create IPUIPlugin
2025-09-18 16:23:10,024 [INFO] PluginManager:220 - loadIPPluginJar : add tsc
2025-09-18 16:23:10,026 [INFO] IPUIPlugin:80 - create IPUIPlugin
2025-09-18 16:23:10,027 [INFO] PluginManager:220 - loadIPPluginJar : add ucpd
2025-09-18 16:23:10,031 [INFO] IPUIPlugin:80 - create IPUIPlugin
2025-09-18 16:23:10,032 [INFO] PluginManager:220 - loadIPPluginJar : add usart
2025-09-18 16:23:10,036 [INFO] IPUIPlugin:80 - create IPUIPlugin
2025-09-18 16:23:10,036 [INFO] PluginManager:220 - loadIPPluginJar : add usbx
2025-09-18 16:23:10,186 [INFO] CADModel:165 - CPN selected for project level
2025-09-18 16:23:10,186 [INFO] CADModel:114 - Register for checkConnection events
2025-09-18 16:23:10,187 [FATAL] Updater:308 - Updater called before beeing initialized
2025-09-18 16:23:10,187 [ERROR] CADModel:125 - Updater not yet initialized, retry later 
2025-09-18 16:23:10,392 [INFO] CADModel:165 - CPN selected for project level
2025-09-18 16:23:10,392 [INFO] CADModel:114 - Register for checkConnection events
2025-09-18 16:23:10,392 [FATAL] Updater:308 - Updater called before beeing initialized
2025-09-18 16:23:10,392 [ERROR] CADModel:125 - Updater not yet initialized, retry later 
2025-09-18 16:23:10,398 [FATAL] Updater:308 - Updater called before beeing initialized
2025-09-18 16:23:10,558 [FATAL] Updater:308 - Updater called before beeing initialized
2025-09-18 16:23:10,566 [INFO] DbMcusAds:53 - JSON generation date=Tue Jul 08 10:14:23 EET 2025 (1751962463582)
2025-09-18 16:23:10,566 [FATAL] Updater:308 - Updater called before beeing initialized
2025-09-18 16:23:10,657 [WARN] DetailPanel:346 - Failed to get advertising image, set to default
2025-09-18 16:23:10,784 [FATAL] Updater:308 - Updater called before beeing initialized
2025-09-18 16:23:10,790 [FATAL] Updater:308 - Updater called before beeing initialized
2025-09-18 16:23:10,790 [FATAL] Updater:308 - Updater called before beeing initialized
2025-09-18 16:23:10,790 [WARN] DetailPanel:346 - Failed to get advertising image, set to default
2025-09-18 16:23:10,792 [FATAL] Updater:308 - Updater called before beeing initialized
2025-09-18 16:23:10,867 [ERROR] Updater:1120 - MainUpdater not yet initialized. External WinMGr cannot be set.
2025-09-18 16:23:10,870 [INFO] Updater:1056 - Updater Version found : 6.9.1
2025-09-18 16:23:10,895 [INFO] ApplicationProperties:184 - Using Application install path: C:\ST\STM32CubeIDE_1.13.1\STM32CubeIDE\plugins\com.st.stm32cube.common.mx_6.9.1.202307191849
2025-09-18 16:23:11,535 [INFO] MainUpdater:2868 - connection check result : 10
2025-09-18 16:23:11,536 [INFO] MainUpdater:285 - Updater Check For Update Now.
2025-09-18 16:23:11,536 [INFO] MicroXplorer:498 - Change Database Version : DB.6.0.91
2025-09-18 16:23:11,548 [INFO] McuFinderGlobals:63 - Set McuFinder mode to 2 (CubeIDE integrated)
2025-09-18 16:23:11,799 [INFO] CheckServerUpdateThread:120 - End of CheckServer Thread
2025-09-18 16:23:12,415 [WARN] PackLoader:240 - Cannot read IP mode file for STMicroelectronics.FP-SNS-MOTENVWB1.1.4.0
2025-09-18 16:23:12,429 [WARN] PackLoader:240 - Cannot read IP mode file for STMicroelectronics.FP-ATR-ASTRA1.2.0.2
2025-09-18 16:23:12,444 [WARN] PackLoader:240 - Cannot read IP mode file for STMicroelectronics.X-CUBE-SMBUS.2.1.0
2025-09-18 16:23:12,451 [ERROR] Engine:466 - C:\Users\brbar\.stm32cubemx\thirdparties\pdsc\STMicroelectronics.X-CUBE-ST60.1.0.0.pdsc: PDSC version is not supported
2025-09-18 16:23:12,492 [WARN] PackLoader:240 - Cannot read IP mode file for STMicroelectronics.X-CUBE-AZRTOS-F7.1.1.0
2025-09-18 16:23:12,508 [WARN] PackLoader:240 - Cannot read IP mode file for STMicroelectronics.FP-SNS-MOTENV1.4.3.2
2025-09-18 16:23:12,516 [WARN] PackLoader:240 - Cannot read IP mode file for STMicroelectronics.FP-SNS-FLIGHT1.5.0.2
2025-09-18 16:23:12,528 [ERROR] Engine:466 - C:\Users\brbar\.stm32cubemx\thirdparties\pdsc\Infineon.AIROC-Wi-Fi-Bluetooth-STM32.1.7.0.pdsc: PDSC version is not supported
2025-09-18 16:23:12,540 [WARN] PackLoader:240 - Cannot read IP mode file for STMicroelectronics.X-CUBE-DISPLAY.3.0.0
2025-09-18 16:23:12,563 [WARN] PackLoader:240 - Cannot read IP mode file for STMicroelectronics.X-CUBE-BLE1.7.0.0
2025-09-18 16:23:12,575 [WARN] PackLoader:240 - Cannot read IP mode file for STMicroelectronics.X-CUBE-NFC10.1.0.0
2025-09-18 16:23:12,587 [ERROR] Engine:466 - C:\Users\brbar\.stm32cubemx\thirdparties\pdsc\STMicroelectronics.X-CUBE-BLEMGR.4.0.0.pdsc: PDSC version is not supported
2025-09-18 16:23:12,595 [WARN] PackLoader:240 - Cannot read IP mode file for emotas.I-CUBE-CANOPEN.1.3.0
2025-09-18 16:23:12,603 [WARN] PackLoader:240 - Cannot read IP mode file for STMicroelectronics.X-CUBE-TOUCHGFX.4.22.0
2025-09-18 16:23:12,607 [ERROR] Engine:466 - C:\Users\brbar\.stm32cubemx\thirdparties\pdsc\quantropi.X-CUBE-qispace-sdk-base.2.0.0.pdsc: PDSC version is not supported
2025-09-18 16:23:12,613 [WARN] PackLoader:240 - Cannot read IP mode file for STMicroelectronics.X-CUBE-AI.10.0.0
2025-09-18 16:23:12,619 [WARN] PackLoader:240 - Cannot read IP mode file for STMicroelectronics.FP-SNS-SMARTAG2.1.2.0
2025-09-18 16:23:12,623 [ERROR] Engine:466 - C:\Users\brbar\.stm32cubemx\thirdparties\pdsc\STMicroelectronics.FP-SNS-FLIGHT1.5.1.0.pdsc: PDSC version is not supported
2025-09-18 16:23:12,634 [INFO] LogOutputStream:77 - [STDOUT_REDIRECT] 1 : Invalid condition id : UX_CORESTACK_Condition cause : null
2025-09-18 16:23:12,635 [INFO] LogOutputStream:77 - [STDOUT_REDIRECT] 1 : Invalid condition id : UX_CORESTACK_Condition cause : null
2025-09-18 16:23:12,636 [INFO] LogOutputStream:77 - [STDOUT_REDIRECT] 1 : Invalid condition id : UX_CORESTACK_Condition cause : null
2025-09-18 16:23:12,637 [INFO] LogOutputStream:77 - [STDOUT_REDIRECT] 1 : Invalid condition id : UX_CORESTACK_Condition cause : null
2025-09-18 16:23:12,638 [INFO] LogOutputStream:77 - [STDOUT_REDIRECT] 1 : Invalid condition id : UX_CORESTACK_Condition cause : null
2025-09-18 16:23:12,642 [WARN] PackLoader:240 - Cannot read IP mode file for STMicroelectronics.X-CUBE-AZRTOS-WL.2.0.0
2025-09-18 16:23:12,648 [WARN] PackLoader:240 - Cannot read IP mode file for STMicroelectronics.FP-SNS-MOTENV1.5.0.0
2025-09-18 16:23:12,659 [WARN] PackLoader:240 - Cannot read IP mode file for WES.I-CUBE-Cesium.1.3.0
2025-09-18 16:23:12,666 [WARN] PackLoader:240 - Cannot read IP mode file for STMicroelectronics.X-CUBE-BLE2.3.3.0
2025-09-18 16:23:12,677 [WARN] PackLoader:240 - Cannot read IP mode file for STMicroelectronics.X-CUBE-NFC9.1.0.0
2025-09-18 16:23:12,685 [WARN] PackLoader:240 - Cannot read IP mode file for STMicroelectronics.X-CUBE-BLE1.7.1.0
2025-09-18 16:23:12,691 [WARN] PackLoader:240 - Cannot read IP mode file for wolfSSL.I-CUBE-wolfMQTT.1.19.2
2025-09-18 16:23:12,701 [WARN] PackLoader:240 - Cannot read IP mode file for STMicroelectronics.X-CUBE-ALGOBUILD.1.3.0
2025-09-18 16:23:12,760 [WARN] PackLoader:240 - Cannot read IP mode file for STMicroelectronics.X-CUBE-MEMS1.11.2.0
2025-09-18 16:23:12,917 [WARN] PackLoader:240 - Cannot read IP mode file for STMicroelectronics.X-CUBE-AZRTOS-G0.1.1.0
2025-09-18 16:23:12,929 [WARN] PackLoader:240 - Cannot read IP mode file for STMicroelectronics.X-CUBE-SAFEA1.1.2.2
2025-09-18 16:23:12,936 [WARN] PackLoader:240 - Cannot read IP mode file for STMicroelectronics.X-CUBE-NFC4.3.0.0
2025-09-18 16:23:12,940 [ERROR] Engine:466 - C:\Users\brbar\.stm32cubemx\thirdparties\pdsc\EmbeddedOffice.I-CUBE-FS-RTOS.1.0.1.pdsc: PDSC version is not supported
2025-09-18 16:23:12,946 [WARN] PackLoader:240 - Cannot read IP mode file for STMicroelectronics.X-CUBE-WB05N.2.0.0
2025-09-18 16:23:12,952 [WARN] PackLoader:240 - Cannot read IP mode file for wolfSSL.I-CUBE-wolfTPM.3.8.0
2025-09-18 16:23:12,955 [ERROR] Engine:466 - C:\Users\brbar\.stm32cubemx\thirdparties\pdsc\STMicroelectronics.X-CUBE-TCPP.4.2.0.pdsc: PDSC version is not supported
2025-09-18 16:23:12,958 [ERROR] Engine:466 - C:\Users\brbar\.stm32cubemx\thirdparties\pdsc\RealThread.X-CUBE-RT-Thread_Nano.4.1.1.pdsc: PDSC version is not supported
2025-09-18 16:23:12,963 [WARN] PackLoader:240 - Cannot read IP mode file for STMicroelectronics.FP-ATR-SIGFOX1.3.2.0
2025-09-18 16:23:12,970 [WARN] PackLoader:240 - Cannot read IP mode file for STMicroelectronics.X-CUBE-EEPRMA1.5.1.0
2025-09-18 16:23:12,980 [WARN] PackLoader:240 - Cannot read IP mode file for ITTIA_DB.I-CUBE-ITTIADB.8.9.0
2025-09-18 16:23:13,018 [WARN] PackLoader:240 - Cannot read IP mode file for SEGGER.I-CUBE-embOS.1.3.1
2025-09-18 16:23:13,067 [WARN] PackLoader:240 - Cannot read IP mode file for STMicroelectronics.X-CUBE-ALGOBUILD.1.4.0
2025-09-18 16:23:13,074 [WARN] PackLoader:240 - Cannot read IP mode file for STMicroelectronics.X-CUBE-GNSS1.6.0.0
2025-09-18 16:23:13,089 [WARN] PackLoader:240 - Cannot read IP mode file for STMicroelectronics.X-CUBE-AZRTOS-F4.1.1.0
2025-09-18 16:23:13,097 [WARN] PackLoader:240 - Cannot read IP mode file for wolfSSL.I-CUBE-wolfSSL.5.6.3
2025-09-18 16:23:13,103 [WARN] PackLoader:240 - Cannot read IP mode file for STMicroelectronics.X-CUBE-ISPU.2.1.0
2025-09-18 16:23:13,119 [WARN] PackLoader:240 - Cannot read IP mode file for STMicroelectronics.X-CUBE-AZRTOS-L5.2.0.0
2025-09-18 16:23:13,153 [WARN] PackLoader:240 - Cannot read IP mode file for STMicroelectronics.X-CUBE-MEMS1.9.6.0
2025-09-18 16:23:13,326 [WARN] PackLoader:240 - Cannot read IP mode file for STMicroelectronics.X-CUBE-NFC6.3.1.0
2025-09-18 16:23:13,337 [WARN] PackLoader:240 - Cannot read IP mode file for STMicroelectronics.X-CUBE-BLEMGR.2.0.0
2025-09-18 16:23:13,353 [WARN] ConditionMgr:438 - getConditionDescription Invalid condition id : UX DEVICE CLASS RTOS Condition cause : null
2025-09-18 16:23:13,354 [WARN] ConditionMgr:438 - getConditionDescription Invalid condition id : UX DEVICE CLASS RTOS Condition cause : null
2025-09-18 16:23:13,357 [WARN] PackLoader:240 - Cannot read IP mode file for STMicroelectronics.X-CUBE-AZRTOS-H7.3.1.0
2025-09-18 16:23:13,358 [WARN] ConditionMgr:1039 - genDependencies : Invalid condition id : UX DEVICE CLASS RTOS Condition cause : null
2025-09-18 16:23:13,359 [WARN] ConditionMgr:1039 - genDependencies : Invalid condition id : UX DEVICE CLASS RTOS Condition cause : null
2025-09-18 16:23:13,359 [WARN] ConditionMgr:1039 - genDependencies : Invalid condition id : UX DEVICE CLASS RTOS Condition cause : null
2025-09-18 16:23:13,359 [WARN] ConditionMgr:1039 - genDependencies : Invalid condition id : UX DEVICE CLASS RTOS Condition cause : null
2025-09-18 16:23:13,359 [WARN] ConditionMgr:1039 - genDependencies : Invalid condition id : UX DEVICE CLASS RTOS Condition cause : null
2025-09-18 16:23:13,368 [WARN] PackLoader:240 - Cannot read IP mode file for STMicroelectronics.X-CUBE-FREERTOS.1.3.1
2025-09-18 16:23:13,375 [WARN] PackLoader:240 - Cannot read IP mode file for STMicroelectronics.X-CUBE-NFC7.1.0.1
2025-09-18 16:23:13,387 [WARN] PackLoader:240 - Cannot read IP mode file for STMicroelectronics.X-CUBE-NFC6.3.0.0
2025-09-18 16:23:13,398 [WARN] PackLoader:240 - Cannot read IP mode file for STMicroelectronics.X-CUBE-EEPRMA1.4.1.0
2025-09-18 16:23:13,402 [ERROR] Engine:466 - C:\Users\brbar\.stm32cubemx\thirdparties\pdsc\STMicroelectronics.X-CUBE-DPower.1.3.0.pdsc: PDSC version is not supported
2025-09-18 16:23:13,406 [WARN] PackLoader:240 - Cannot read IP mode file for STMicroelectronics.X-CUBE-AI.8.1.0
2025-09-18 16:23:13,423 [WARN] ConditionMgr:438 - getConditionDescription Invalid condition id : LAN8742 Phy interface Condition cause : null
2025-09-18 16:23:13,423 [WARN] PackLoader:240 - Cannot read IP mode file for STMicroelectronics.X-CUBE-AZRTOS-L4.2.0.0
2025-09-18 16:23:13,424 [WARN] ConditionMgr:1039 - genDependencies : Invalid condition id : LAN8742 Phy interface Condition cause : null
2025-09-18 16:23:13,425 [WARN] ConditionMgr:1039 - genDependencies : Invalid condition id : LAN8742 Phy interface Condition cause : null
2025-09-18 16:23:13,425 [WARN] ConditionMgr:1039 - genDependencies : Invalid condition id : LAN8742 Phy interface Condition cause : null
2025-09-18 16:23:13,433 [WARN] PackLoader:240 - Cannot read IP mode file for STMicroelectronics.X-CUBE-SFXS2LP1.4.0.0
2025-09-18 16:23:13,439 [WARN] PackLoader:240 - Cannot read IP mode file for STMicroelectronics.X-CUBE-ISPU.1.1.0
2025-09-18 16:23:13,458 [WARN] PackLoader:240 - Cannot read IP mode file for STMicroelectronics.X-CUBE-AZRTOS-H7.3.3.0
2025-09-18 16:23:13,477 [WARN] ConditionMgr:438 - getConditionDescription Invalid condition id : UX DEVICE CLASS RTOS Condition cause : null
2025-09-18 16:23:13,477 [WARN] ConditionMgr:438 - getConditionDescription Invalid condition id : UX DEVICE CLASS RTOS Condition cause : null
2025-09-18 16:23:13,479 [WARN] PackLoader:240 - Cannot read IP mode file for STMicroelectronics.X-CUBE-AZRTOS-WB.2.0.0
2025-09-18 16:23:13,480 [WARN] ConditionMgr:1039 - genDependencies : Invalid condition id : UX DEVICE CLASS RTOS Condition cause : null
2025-09-18 16:23:13,480 [WARN] ConditionMgr:1039 - genDependencies : Invalid condition id : UX DEVICE CLASS RTOS Condition cause : null
2025-09-18 16:23:13,480 [WARN] ConditionMgr:1039 - genDependencies : Invalid condition id : UX DEVICE CLASS RTOS Condition cause : null
2025-09-18 16:23:13,481 [WARN] ConditionMgr:1039 - genDependencies : Invalid condition id : UX DEVICE CLASS RTOS Condition cause : null
2025-09-18 16:23:13,481 [WARN] ConditionMgr:1039 - genDependencies : Invalid condition id : UX DEVICE CLASS RTOS Condition cause : null
2025-09-18 16:23:13,488 [WARN] PackLoader:240 - Cannot read IP mode file for STMicroelectronics.X-CUBE-GNSS1.7.0.1
2025-09-18 16:23:13,492 [WARN] PackLoader:240 - Cannot read IP mode file for STMicroelectronics.X-CUBE-TOUCHGFX.4.25.0
2025-09-18 16:23:13,496 [ERROR] Engine:466 - C:\Users\brbar\.stm32cubemx\thirdparties\pdsc\STMicroelectronics.FP-SNS-STBOX1.2.0.0.pdsc: PDSC version is not supported
2025-09-18 16:23:13,505 [WARN] PackLoader:240 - Cannot read IP mode file for STMicroelectronics.X-CUBE-SUBG2.5.0.0
2025-09-18 16:23:13,543 [WARN] PackLoader:240 - Cannot read IP mode file for STMicroelectronics.X-CUBE-AZRTOS-H7RS.1.1.0
2025-09-18 16:23:13,551 [WARN] PackLoader:240 - Cannot read IP mode file for Cesanta.I-CUBE-Mongoose.7.13.0
2025-09-18 16:23:13,562 [WARN] PackLoader:240 - Cannot read IP mode file for STMicroelectronics.X-CUBE-TOF1.3.3.1
2025-09-18 16:23:13,588 [WARN] PackLoader:240 - Cannot read IP mode file for STMicroelectronics.X-CUBE-AZRTOS-G4.2.0.0
2025-09-18 16:23:13,596 [WARN] PackLoader:240 - Cannot read IP mode file for wolfSSL.I-CUBE-wolfSSH.1.4.20
2025-09-18 16:23:13,601 [WARN] PackLoader:240 - Cannot read IP mode file for STMicroelectronics.X-CUBE-NFC7.2.0.0
2025-09-18 16:23:13,607 [ERROR] Engine:466 - C:\Users\brbar\.stm32cubemx\thirdparties\pdsc\STMicroelectronics.X-CUBE-IPS.3.1.0.pdsc: PDSC version is not supported
2025-09-18 16:23:13,614 [WARN] PackLoader:240 - Cannot read IP mode file for STMicroelectronics.X-CUBE-ALS.1.0.2
2025-09-18 16:23:13,620 [WARN] PackLoader:240 - Cannot read IP mode file for STMicroelectronics.X-CUBE-FREERTOS.1.1.0
2025-09-18 16:23:13,628 [WARN] PackLoader:240 - Cannot read IP mode file for portGmbH.I-Cube-SoM-uGOAL.1.1.0
2025-09-18 16:23:13,632 [WARN] PackLoader:240 - Cannot read IP mode file for STMicroelectronics.X-CUBE-ALS.1.0.1
2025-09-18 16:23:13,637 [WARN] PackLoader:240 - Cannot read IP mode file for STMicroelectronics.FP-ATR-ASTRA1.2.0.0
2025-09-18 16:23:13,643 [ERROR] Engine:466 - C:\Users\brbar\.stm32cubemx\thirdparties\pdsc\STMicroelectronics.X-CUBE-TOF1.3.4.3.pdsc: PDSC version is not supported
2025-09-18 16:23:13,644 [INFO] ThirdParty:978 - Integrity check success = true
2025-09-18 16:23:13,644 [INFO] IntegrityCheckThread:100 - exiting critical section [integrity check]
2025-09-18 16:23:13,644 [INFO] IntegrityCheckThread:103 - End integrity checks thread
2025-09-18 16:23:32,773 [ERROR] LogOutputStream:75 - [STDERR_REDIRECT] SLF4J: Failed to load class "org.slf4j.impl.StaticLoggerBinder".
2025-09-18 16:23:32,774 [ERROR] LogOutputStream:75 - [STDERR_REDIRECT] SLF4J: Defaulting to no-operation (NOP) logger implementation
2025-09-18 16:23:32,776 [ERROR] LogOutputStream:75 - [STDERR_REDIRECT] SLF4J: See http://www.slf4j.org/codes.html#StaticLoggerBinder for further details.
2025-09-18 16:37:27,662 [INFO] Activator:176 - 


2025-09-18 16:37:27,662 [INFO] Activator:177 - !SESSION log4j initialized
2025-09-18 16:37:35,202 [INFO] LogOutputStream:77 - [STDOUT_REDIRECT] 
2025-09-18 16:37:36,614 [INFO] ApplicationProperties:184 - Using Application install path: C:\ST\STM32CubeIDE_1.13.1\STM32CubeIDE\plugins\com.st.stm32cube.common.mx_6.9.1.202307191849
2025-09-18 16:37:36,653 [INFO] DbMcusXml:78 - Set database path to: C:\ST\STM32CubeIDE_1.13.1\STM32CubeIDE\plugins\com.st.stm32cube.common.mx_6.9.1.202307191849\\db\/mcu/
2025-09-18 16:37:36,653 [INFO] ApiDb:274 - Set plugin database path to: C:\ST\STM32CubeIDE_1.13.1\STM32CubeIDE\plugins\com.st.stm32cube.common.mx_6.9.1.202307191849\\db\/plugins/boardmanager/
2025-09-18 16:37:36,654 [WARN] ApiDb:259 - Overriding images path with different value:  => C:\ST\STM32CubeIDE_1.13.1\STM32CubeIDE\plugins\com.st.stm32cube.common.mx_6.9.1.202307191849\\db\/plugins/mcufinder/images/
2025-09-18 16:37:36,673 [INFO] ApiDb:250 - Set database path to: C:\Users\brbar\.stmcufinder\plugins\mcufinder//mcu/
2025-09-18 16:37:36,674 [INFO] DbMcusAds:125 - Set database path to: C:\Users\brbar\.stmcufinder\plugins\mcufinder//mcu/
2025-09-18 16:37:36,677 [INFO] CrossReferenceDbSqlite:203 - Set database path to: C:\Users\brbar\.stmcufinder\plugins\mcufinder//mcu/cs/
2025-09-18 16:37:36,870 [INFO] RulesReader:64 - Compatibility file has been processed (293 Rules)
2025-09-18 16:37:37,022 [INFO] DbMcusXml:78 - Set database path to: C:\ST\STM32CubeIDE_1.13.1\STM32CubeIDE\plugins\com.st.stm32cube.common.mx_6.9.1.202307191849\\db\/mcu/
2025-09-18 16:37:37,022 [INFO] ApiDb:274 - Set plugin database path to: C:\ST\STM32CubeIDE_1.13.1\STM32CubeIDE\plugins\com.st.stm32cube.common.mx_6.9.1.202307191849\\db\/plugins/boardmanager/
2025-09-18 16:37:37,022 [INFO] ApiDb:261 - Set plugin images path to: C:\ST\STM32CubeIDE_1.13.1\STM32CubeIDE\plugins\com.st.stm32cube.common.mx_6.9.1.202307191849\\db\/plugins/mcufinder/images/
2025-09-18 16:37:37,023 [WARN] DbFile:41 - Overriding database path with different value: C:\Users\brbar\.stmcufinder\plugins\mcufinder/ => C:\Users\brbar\.stmcufinder\plugins\mcufinder
2025-09-18 16:37:37,023 [INFO] ApiDb:250 - Set database path to: C:\Users\brbar\.stmcufinder\plugins\mcufinder//mcu/
2025-09-18 16:37:37,023 [WARN] DbFile:41 - Overriding database path with different value: C:\Users\brbar\.stmcufinder\plugins\mcufinder/ => C:\Users\brbar\.stmcufinder\plugins\mcufinder
2025-09-18 16:37:37,023 [INFO] DbMcusAds:125 - Set database path to: C:\Users\brbar\.stmcufinder\plugins\mcufinder//mcu/
2025-09-18 16:37:37,023 [WARN] DbFile:41 - Overriding database path with different value: C:\Users\brbar\.stmcufinder\plugins\mcufinder/ => C:\Users\brbar\.stmcufinder\plugins\mcufinder
2025-09-18 16:37:37,023 [WARN] DbFile:41 - Overriding database path with different value: C:\Users\brbar\.stmcufinder\plugins\mcufinder/ => C:\Users\brbar\.stmcufinder\plugins\mcufinder
2025-09-18 16:37:37,023 [INFO] CrossReferenceDbSqlite:203 - Set database path to: C:\Users\brbar\.stmcufinder\plugins\mcufinder//mcu/cs/
2025-09-18 16:37:37,154 [INFO] MainPanel:262 - HeapMemory: 268435456
2025-09-18 16:37:37,307 [INFO] DbMcusXml:78 - Set database path to: C:\ST\STM32CubeIDE_1.13.1\STM32CubeIDE\plugins\com.st.stm32cube.common.mx_6.9.1.202307191849\\db\/mcu/
2025-09-18 16:37:37,307 [INFO] ApiDb:274 - Set plugin database path to: C:\ST\STM32CubeIDE_1.13.1\STM32CubeIDE\plugins\com.st.stm32cube.common.mx_6.9.1.202307191849\\db\/plugins/boardmanager/
2025-09-18 16:37:37,307 [INFO] ApiDb:261 - Set plugin images path to: C:\ST\STM32CubeIDE_1.13.1\STM32CubeIDE\plugins\com.st.stm32cube.common.mx_6.9.1.202307191849\\db\/plugins/mcufinder/images/
2025-09-18 16:37:37,308 [WARN] DbFile:41 - Overriding database path with different value: C:\Users\brbar\.stmcufinder\plugins\mcufinder/ => C:\Users\brbar\.stmcufinder\plugins\mcufinder
2025-09-18 16:37:37,308 [INFO] ApiDb:250 - Set database path to: C:\Users\brbar\.stmcufinder\plugins\mcufinder//mcu/
2025-09-18 16:37:37,308 [WARN] DbFile:41 - Overriding database path with different value: C:\Users\brbar\.stmcufinder\plugins\mcufinder/ => C:\Users\brbar\.stmcufinder\plugins\mcufinder
2025-09-18 16:37:37,308 [INFO] DbMcusAds:125 - Set database path to: C:\Users\brbar\.stmcufinder\plugins\mcufinder//mcu/
2025-09-18 16:37:37,308 [WARN] DbFile:41 - Overriding database path with different value: C:\Users\brbar\.stmcufinder\plugins\mcufinder/ => C:\Users\brbar\.stmcufinder\plugins\mcufinder
2025-09-18 16:37:37,309 [WARN] DbFile:41 - Overriding database path with different value: C:\Users\brbar\.stmcufinder\plugins\mcufinder/ => C:\Users\brbar\.stmcufinder\plugins\mcufinder
2025-09-18 16:37:37,309 [INFO] CrossReferenceDbSqlite:203 - Set database path to: C:\Users\brbar\.stmcufinder\plugins\mcufinder//mcu/cs/
2025-09-18 16:37:37,340 [INFO] ApplicationProperties:184 - Using Application install path: C:\ST\STM32CubeIDE_1.13.1\STM32CubeIDE\plugins\com.st.stm32cube.common.mx_6.9.1.202307191849
2025-09-18 16:37:37,342 [INFO] PluginManage:196 - Search for loadable plugins [exclusion list=, ]
2025-09-18 16:37:37,344 [INFO] PluginManage:310 - Check plugin analytics
2025-09-18 16:37:37,623 [INFO] AnalyticsPlugin:253 - Accepted Software Licenses: 
2025-09-18 16:37:37,624 [INFO] AnalyticsPlugin:255 - Accepted CMSIS Pack Licenses: 
2025-09-18 16:37:37,624 [INFO] AnalyticsPlugin:257 - Accepted Firmware Licenses: 
2025-09-18 16:37:37,630 [INFO] PluginManage:359 - Loaded plugin analytics (category:tool,tabindex:-1)
2025-09-18 16:37:37,631 [INFO] PluginManage:310 - Check plugin cadmodel
2025-09-18 16:37:37,641 [INFO] CADModel:105 - Init CAD model plugin
2025-09-18 16:37:37,641 [INFO] PluginManage:359 - Loaded plugin cadmodel (category:power,tabindex:5)
2025-09-18 16:37:37,641 [INFO] PluginManage:310 - Check plugin clock
2025-09-18 16:37:37,658 [INFO] PluginManage:359 - Loaded plugin clock (category:base,tabindex:2)
2025-09-18 16:37:37,659 [INFO] PluginManage:310 - Check plugin ddr
2025-09-18 16:37:37,664 [INFO] PluginManage:359 - Loaded plugin ddr (category:tool,tabindex:6)
2025-09-18 16:37:37,666 [INFO] PluginManage:310 - Check plugin filemanager
2025-09-18 16:37:37,891 [INFO] PluginManage:359 - Loaded plugin filemanager (category:base,tabindex:10)
2025-09-18 16:37:37,891 [INFO] PluginManage:310 - Check plugin ipmanager
2025-09-18 16:37:37,910 [INFO] PluginManage:359 - Loaded plugin ipmanager (category:base,tabindex:5)
2025-09-18 16:37:37,910 [INFO] PluginManage:310 - Check plugin lpbam
2025-09-18 16:37:37,928 [INFO] PluginManage:359 - Loaded plugin lpbam (category:base,tabindex:0)
2025-09-18 16:37:37,929 [INFO] PluginManage:310 - Check plugin memorymap
2025-09-18 16:37:37,957 [INFO] PluginManage:359 - Loaded plugin memorymap (category:base,tabindex:4)
2025-09-18 16:37:37,958 [INFO] PluginManage:310 - Check plugin pinoutandconfiguration
2025-09-18 16:37:37,977 [INFO] PluginManage:359 - Loaded plugin pinoutandconfiguration (category:base,tabindex:1)
2025-09-18 16:37:37,978 [INFO] PluginManage:310 - Check plugin pinoutconfig
2025-09-18 16:37:38,143 [WARN] SupportedApi:132 - Cannot load RTOS API schema: s4s-elt-must-match.1: The content of 'definitions' must match (annotation?, (simpleType | complexType)?, (unique | key | keyref)*)). A problem was found starting at: attribute.
2025-09-18 16:37:38,372 [INFO] PluginManage:359 - Loaded plugin pinoutconfig (category:base,tabindex:0)
2025-09-18 16:37:38,372 [INFO] PluginManage:310 - Check plugin power
2025-09-18 16:37:38,395 [INFO] PluginManage:359 - Loaded plugin power (category:power,tabindex:4)
2025-09-18 16:37:38,395 [INFO] PluginManage:310 - Check plugin projectmanager
2025-09-18 16:37:38,417 [INFO] PluginManage:359 - Loaded plugin projectmanager (category:projectmanager,tabindex:3)
2025-09-18 16:37:38,418 [INFO] PluginManage:310 - Check plugin thirdparty
2025-09-18 16:37:38,636 [INFO] PluginManage:359 - Loaded plugin thirdparty (category:base,tabindex:-1)
2025-09-18 16:37:38,636 [WARN] IntegrityCheckThread:84 - waiting for thirdparty lock release [integrity check]
2025-09-18 16:37:38,637 [INFO] PluginManage:310 - Check plugin tools
2025-09-18 16:37:38,637 [INFO] IntegrityCheckThread:86 - entering critical section [integrity check]
2025-09-18 16:37:38,638 [INFO] ThirdPartyUpdaterWithRetryManager:70 - Updater plugin not ready yet. [1/15]
2025-09-18 16:37:38,643 [INFO] PluginManage:359 - Loaded plugin tools (category:base,tabindex:7)
2025-09-18 16:37:38,644 [INFO] PluginManage:310 - Check plugin tutovideos
2025-09-18 16:37:38,958 [INFO] PluginManage:359 - Loaded plugin tutovideos (category:base,tabindex:-1)
2025-09-18 16:37:38,959 [INFO] PluginManage:310 - Check plugin updater
2025-09-18 16:37:38,977 [INFO] PluginManage:359 - Loaded plugin updater (category:base,tabindex:12)
2025-09-18 16:37:38,978 [INFO] PluginManage:310 - Check plugin userauth
2025-09-18 16:37:38,986 [INFO] UserAuth:113 - Init User Auth plugin
2025-09-18 16:37:38,987 [INFO] PluginManage:359 - Loaded plugin userauth (category:base,tabindex:14)
2025-09-18 16:37:38,987 [INFO] PluginManage:283 - PluginManage : Loaded plugins [17]
2025-09-18 16:37:39,317 [INFO] PinOutPanel:1499 - setPackage(No Configuration,No Configuration)
2025-09-18 16:37:39,482 [INFO] CADModel:165 - CPN selected for project level
2025-09-18 16:37:39,483 [INFO] CADModel:114 - Register for checkConnection events
2025-09-18 16:37:39,508 [INFO] IPUIPlugin:80 - create IPUIPlugin
2025-09-18 16:37:39,509 [INFO] PluginManager:220 - loadIPPluginJar : add adc
2025-09-18 16:37:39,513 [INFO] IPUIPlugin:80 - create IPUIPlugin
2025-09-18 16:37:39,513 [INFO] PluginManager:220 - loadIPPluginJar : add aes
2025-09-18 16:37:39,517 [INFO] IPUIPlugin:80 - create IPUIPlugin
2025-09-18 16:37:39,517 [INFO] PluginManager:220 - loadIPPluginJar : add can
2025-09-18 16:37:39,520 [INFO] IPUIPlugin:80 - create IPUIPlugin
2025-09-18 16:37:39,520 [INFO] PluginManager:220 - loadIPPluginJar : add comp
2025-09-18 16:37:39,523 [INFO] IPUIPlugin:80 - create IPUIPlugin
2025-09-18 16:37:39,524 [INFO] PluginManager:220 - loadIPPluginJar : add cryp
2025-09-18 16:37:39,529 [INFO] IPUIPlugin:80 - create IPUIPlugin
2025-09-18 16:37:39,529 [INFO] PluginManager:220 - loadIPPluginJar : add dfsdm
2025-09-18 16:37:39,537 [INFO] IPUIPlugin:80 - create IPUIPlugin
2025-09-18 16:37:39,538 [INFO] PluginManager:220 - loadIPPluginJar : add dma
2025-09-18 16:37:39,542 [INFO] IPUIPlugin:80 - create IPUIPlugin
2025-09-18 16:37:39,542 [INFO] PluginManager:220 - loadIPPluginJar : add dma3
2025-09-18 16:37:39,544 [INFO] IPUIPlugin:80 - create IPUIPlugin
2025-09-18 16:37:39,545 [INFO] PluginManager:220 - loadIPPluginJar : add fatfs
2025-09-18 16:37:39,550 [INFO] IPUIPlugin:80 - create IPUIPlugin
2025-09-18 16:37:39,550 [INFO] PluginManager:220 - loadIPPluginJar : add fmc
2025-09-18 16:37:39,559 [INFO] IPUIPlugin:80 - create IPUIPlugin
2025-09-18 16:37:39,559 [INFO] PluginManager:220 - loadIPPluginJar : add freertos
2025-09-18 16:37:39,561 [INFO] IPUIPlugin:80 - create IPUIPlugin
2025-09-18 16:37:39,561 [INFO] PluginManager:220 - loadIPPluginJar : add genericplugin
2025-09-18 16:37:39,565 [INFO] IPUIPlugin:80 - create IPUIPlugin
2025-09-18 16:37:39,565 [INFO] PluginManager:220 - loadIPPluginJar : add gfxmmu
2025-09-18 16:37:39,572 [INFO] IPUIPlugin:80 - create IPUIPlugin
2025-09-18 16:37:39,572 [INFO] PluginManager:220 - loadIPPluginJar : add gic
2025-09-18 16:37:39,578 [INFO] IPUIPlugin:80 - create IPUIPlugin
2025-09-18 16:37:39,578 [INFO] PluginManager:220 - loadIPPluginJar : add gpio
2025-09-18 16:37:39,583 [INFO] IPUIPlugin:80 - create IPUIPlugin
2025-09-18 16:37:39,583 [INFO] PluginManager:220 - loadIPPluginJar : add gtzc
2025-09-18 16:37:39,587 [INFO] IPUIPlugin:80 - create IPUIPlugin
2025-09-18 16:37:39,587 [INFO] PluginManager:220 - loadIPPluginJar : add hash
2025-09-18 16:37:39,591 [INFO] IPUIPlugin:80 - create IPUIPlugin
2025-09-18 16:37:39,592 [INFO] PluginManager:220 - loadIPPluginJar : add i2c
2025-09-18 16:37:39,595 [INFO] IPUIPlugin:80 - create IPUIPlugin
2025-09-18 16:37:39,596 [INFO] PluginManager:220 - loadIPPluginJar : add i2s
2025-09-18 16:37:39,599 [INFO] IPUIPlugin:80 - create IPUIPlugin
2025-09-18 16:37:39,600 [INFO] PluginManager:220 - loadIPPluginJar : add i3c
2025-09-18 16:37:39,604 [INFO] IPUIPlugin:80 - create IPUIPlugin
2025-09-18 16:37:39,604 [INFO] PluginManager:220 - loadIPPluginJar : add ipddr
2025-09-18 16:37:39,614 [INFO] IPUIPlugin:80 - create IPUIPlugin
2025-09-18 16:37:39,614 [INFO] PluginManager:220 - loadIPPluginJar : add linkedlist
2025-09-18 16:37:39,617 [INFO] IPUIPlugin:80 - create IPUIPlugin
2025-09-18 16:37:39,617 [INFO] PluginManager:220 - loadIPPluginJar : add lorawan
2025-09-18 16:37:39,620 [INFO] IPUIPlugin:80 - create IPUIPlugin
2025-09-18 16:37:39,620 [INFO] PluginManager:220 - loadIPPluginJar : add ltdc
2025-09-18 16:37:39,629 [INFO] IPUIPlugin:80 - create IPUIPlugin
2025-09-18 16:37:39,629 [INFO] PluginManager:220 - loadIPPluginJar : add mdma
2025-09-18 16:37:39,634 [INFO] IPUIPlugin:80 - create IPUIPlugin
2025-09-18 16:37:39,634 [INFO] PluginManager:220 - loadIPPluginJar : add nvic
2025-09-18 16:37:39,638 [INFO] IPUIPlugin:80 - create IPUIPlugin
2025-09-18 16:37:39,638 [INFO] PluginManager:220 - loadIPPluginJar : add opamp
2025-09-18 16:37:39,642 [INFO] IPUIPlugin:80 - create IPUIPlugin
2025-09-18 16:37:39,643 [INFO] PluginManager:220 - loadIPPluginJar : add openamp
2025-09-18 16:37:39,647 [INFO] IPUIPlugin:80 - create IPUIPlugin
2025-09-18 16:37:39,648 [INFO] PluginManager:220 - loadIPPluginJar : add pdm2pcm
2025-09-18 16:37:39,657 [INFO] IPUIPlugin:80 - create IPUIPlugin
2025-09-18 16:37:39,660 [INFO] PluginManager:220 - loadIPPluginJar : add plateformsettings
2025-09-18 16:37:39,662 [INFO] IPUIPlugin:80 - create IPUIPlugin
2025-09-18 16:37:39,662 [INFO] PluginManager:220 - loadIPPluginJar : add quadspi
2025-09-18 16:37:39,667 [INFO] IPUIPlugin:80 - create IPUIPlugin
2025-09-18 16:37:39,668 [INFO] PluginManager:220 - loadIPPluginJar : add resmgrutility
2025-09-18 16:37:39,671 [INFO] IPUIPlugin:80 - create IPUIPlugin
2025-09-18 16:37:39,672 [INFO] PluginManager:220 - loadIPPluginJar : add sai
2025-09-18 16:37:39,675 [INFO] IPUIPlugin:80 - create IPUIPlugin
2025-09-18 16:37:39,675 [INFO] PluginManager:220 - loadIPPluginJar : add spi
2025-09-18 16:37:39,680 [INFO] IPUIPlugin:80 - create IPUIPlugin
2025-09-18 16:37:39,681 [INFO] PluginManager:220 - loadIPPluginJar : add stm32_wpan
2025-09-18 16:37:39,684 [INFO] IPUIPlugin:80 - create IPUIPlugin
2025-09-18 16:37:39,684 [INFO] PluginManager:220 - loadIPPluginJar : add tim
2025-09-18 16:37:39,688 [INFO] IPUIPlugin:80 - create IPUIPlugin
2025-09-18 16:37:39,689 [INFO] PluginManager:220 - loadIPPluginJar : add touchsensing
2025-09-18 16:37:39,691 [INFO] IPUIPlugin:80 - create IPUIPlugin
2025-09-18 16:37:39,691 [INFO] PluginManager:220 - loadIPPluginJar : add tracer_emb
2025-09-18 16:37:39,694 [INFO] IPUIPlugin:80 - create IPUIPlugin
2025-09-18 16:37:39,694 [INFO] PluginManager:220 - loadIPPluginJar : add ts
2025-09-18 16:37:39,696 [INFO] IPUIPlugin:80 - create IPUIPlugin
2025-09-18 16:37:39,696 [INFO] PluginManager:220 - loadIPPluginJar : add tsc
2025-09-18 16:37:39,699 [INFO] IPUIPlugin:80 - create IPUIPlugin
2025-09-18 16:37:39,699 [INFO] PluginManager:220 - loadIPPluginJar : add ucpd
2025-09-18 16:37:39,704 [INFO] IPUIPlugin:80 - create IPUIPlugin
2025-09-18 16:37:39,704 [INFO] PluginManager:220 - loadIPPluginJar : add usart
2025-09-18 16:37:39,708 [INFO] IPUIPlugin:80 - create IPUIPlugin
2025-09-18 16:37:39,708 [INFO] PluginManager:220 - loadIPPluginJar : add usbx
2025-09-18 16:37:39,859 [INFO] CADModel:165 - CPN selected for project level
2025-09-18 16:37:39,859 [INFO] CADModel:114 - Register for checkConnection events
2025-09-18 16:37:39,860 [FATAL] Updater:308 - Updater called before beeing initialized
2025-09-18 16:37:39,860 [ERROR] CADModel:125 - Updater not yet initialized, retry later 
2025-09-18 16:37:40,118 [INFO] CADModel:165 - CPN selected for project level
2025-09-18 16:37:40,118 [INFO] CADModel:114 - Register for checkConnection events
2025-09-18 16:37:40,118 [FATAL] Updater:308 - Updater called before beeing initialized
2025-09-18 16:37:40,118 [ERROR] CADModel:125 - Updater not yet initialized, retry later 
2025-09-18 16:37:40,123 [FATAL] Updater:308 - Updater called before beeing initialized
2025-09-18 16:37:40,272 [FATAL] Updater:308 - Updater called before beeing initialized
2025-09-18 16:37:40,279 [INFO] DbMcusAds:53 - JSON generation date=Tue Jul 08 10:14:23 EET 2025 (1751962463582)
2025-09-18 16:37:40,279 [FATAL] Updater:308 - Updater called before beeing initialized
2025-09-18 16:37:40,341 [WARN] DetailPanel:346 - Failed to get advertising image, set to default
2025-09-18 16:37:40,474 [FATAL] Updater:308 - Updater called before beeing initialized
2025-09-18 16:37:40,478 [FATAL] Updater:308 - Updater called before beeing initialized
2025-09-18 16:37:40,479 [FATAL] Updater:308 - Updater called before beeing initialized
2025-09-18 16:37:40,479 [WARN] DetailPanel:346 - Failed to get advertising image, set to default
2025-09-18 16:37:40,480 [FATAL] Updater:308 - Updater called before beeing initialized
2025-09-18 16:37:40,540 [ERROR] Updater:1120 - MainUpdater not yet initialized. External WinMGr cannot be set.
2025-09-18 16:37:40,543 [INFO] Updater:1056 - Updater Version found : 6.9.1
2025-09-18 16:37:40,567 [INFO] ApplicationProperties:184 - Using Application install path: C:\ST\STM32CubeIDE_1.13.1\STM32CubeIDE\plugins\com.st.stm32cube.common.mx_6.9.1.202307191849
2025-09-18 16:37:41,205 [INFO] MainUpdater:2868 - connection check result : 10
2025-09-18 16:37:41,206 [INFO] MainUpdater:285 - Updater Check For Update Now.
2025-09-18 16:37:41,207 [INFO] MicroXplorer:498 - Change Database Version : DB.6.0.91
2025-09-18 16:37:41,222 [INFO] McuFinderGlobals:63 - Set McuFinder mode to 2 (CubeIDE integrated)
2025-09-18 16:37:41,531 [INFO] CheckServerUpdateThread:120 - End of CheckServer Thread
2025-09-18 16:37:42,045 [WARN] PackLoader:240 - Cannot read IP mode file for STMicroelectronics.FP-SNS-MOTENVWB1.1.4.0
2025-09-18 16:37:42,060 [WARN] PackLoader:240 - Cannot read IP mode file for STMicroelectronics.FP-ATR-ASTRA1.2.0.2
2025-09-18 16:37:42,078 [WARN] PackLoader:240 - Cannot read IP mode file for STMicroelectronics.X-CUBE-SMBUS.2.1.0
2025-09-18 16:37:42,084 [ERROR] Engine:466 - C:\Users\brbar\.stm32cubemx\thirdparties\pdsc\STMicroelectronics.X-CUBE-ST60.1.0.0.pdsc: PDSC version is not supported
2025-09-18 16:37:42,135 [WARN] PackLoader:240 - Cannot read IP mode file for STMicroelectronics.X-CUBE-AZRTOS-F7.1.1.0
2025-09-18 16:37:42,150 [WARN] PackLoader:240 - Cannot read IP mode file for STMicroelectronics.FP-SNS-MOTENV1.4.3.2
2025-09-18 16:37:42,161 [WARN] PackLoader:240 - Cannot read IP mode file for STMicroelectronics.FP-SNS-FLIGHT1.5.0.2
2025-09-18 16:37:42,172 [ERROR] Engine:466 - C:\Users\brbar\.stm32cubemx\thirdparties\pdsc\Infineon.AIROC-Wi-Fi-Bluetooth-STM32.1.7.0.pdsc: PDSC version is not supported
2025-09-18 16:37:42,184 [WARN] PackLoader:240 - Cannot read IP mode file for STMicroelectronics.X-CUBE-DISPLAY.3.0.0
2025-09-18 16:37:42,204 [WARN] PackLoader:240 - Cannot read IP mode file for STMicroelectronics.X-CUBE-BLE1.7.0.0
2025-09-18 16:37:42,217 [WARN] PackLoader:240 - Cannot read IP mode file for STMicroelectronics.X-CUBE-NFC10.1.0.0
2025-09-18 16:37:42,226 [ERROR] Engine:466 - C:\Users\brbar\.stm32cubemx\thirdparties\pdsc\STMicroelectronics.X-CUBE-BLEMGR.4.0.0.pdsc: PDSC version is not supported
2025-09-18 16:37:42,236 [WARN] PackLoader:240 - Cannot read IP mode file for emotas.I-CUBE-CANOPEN.1.3.0
2025-09-18 16:37:42,244 [WARN] PackLoader:240 - Cannot read IP mode file for STMicroelectronics.X-CUBE-TOUCHGFX.4.22.0
2025-09-18 16:37:42,247 [ERROR] Engine:466 - C:\Users\brbar\.stm32cubemx\thirdparties\pdsc\quantropi.X-CUBE-qispace-sdk-base.2.0.0.pdsc: PDSC version is not supported
2025-09-18 16:37:42,255 [WARN] PackLoader:240 - Cannot read IP mode file for STMicroelectronics.X-CUBE-AI.10.0.0
2025-09-18 16:37:42,264 [WARN] PackLoader:240 - Cannot read IP mode file for STMicroelectronics.FP-SNS-SMARTAG2.1.2.0
2025-09-18 16:37:42,268 [ERROR] Engine:466 - C:\Users\brbar\.stm32cubemx\thirdparties\pdsc\STMicroelectronics.FP-SNS-FLIGHT1.5.1.0.pdsc: PDSC version is not supported
2025-09-18 16:37:42,283 [INFO] LogOutputStream:77 - [STDOUT_REDIRECT] 1 : Invalid condition id : UX_CORESTACK_Condition cause : null
2025-09-18 16:37:42,284 [INFO] LogOutputStream:77 - [STDOUT_REDIRECT] 1 : Invalid condition id : UX_CORESTACK_Condition cause : null
2025-09-18 16:37:42,286 [INFO] LogOutputStream:77 - [STDOUT_REDIRECT] 1 : Invalid condition id : UX_CORESTACK_Condition cause : null
2025-09-18 16:37:42,288 [INFO] LogOutputStream:77 - [STDOUT_REDIRECT] 1 : Invalid condition id : UX_CORESTACK_Condition cause : null
2025-09-18 16:37:42,290 [INFO] LogOutputStream:77 - [STDOUT_REDIRECT] 1 : Invalid condition id : UX_CORESTACK_Condition cause : null
2025-09-18 16:37:42,295 [WARN] PackLoader:240 - Cannot read IP mode file for STMicroelectronics.X-CUBE-AZRTOS-WL.2.0.0
2025-09-18 16:37:42,303 [WARN] PackLoader:240 - Cannot read IP mode file for STMicroelectronics.FP-SNS-MOTENV1.5.0.0
2025-09-18 16:37:42,320 [WARN] PackLoader:240 - Cannot read IP mode file for WES.I-CUBE-Cesium.1.3.0
2025-09-18 16:37:42,328 [WARN] PackLoader:240 - Cannot read IP mode file for STMicroelectronics.X-CUBE-BLE2.3.3.0
2025-09-18 16:37:42,341 [WARN] PackLoader:240 - Cannot read IP mode file for STMicroelectronics.X-CUBE-NFC9.1.0.0
2025-09-18 16:37:42,349 [WARN] PackLoader:240 - Cannot read IP mode file for STMicroelectronics.X-CUBE-BLE1.7.1.0
2025-09-18 16:37:42,356 [WARN] PackLoader:240 - Cannot read IP mode file for wolfSSL.I-CUBE-wolfMQTT.1.19.2
2025-09-18 16:37:42,364 [WARN] PackLoader:240 - Cannot read IP mode file for STMicroelectronics.X-CUBE-ALGOBUILD.1.3.0
2025-09-18 16:37:42,417 [WARN] PackLoader:240 - Cannot read IP mode file for STMicroelectronics.X-CUBE-MEMS1.11.2.0
2025-09-18 16:37:42,585 [WARN] PackLoader:240 - Cannot read IP mode file for STMicroelectronics.X-CUBE-AZRTOS-G0.1.1.0
2025-09-18 16:37:42,598 [WARN] PackLoader:240 - Cannot read IP mode file for STMicroelectronics.X-CUBE-SAFEA1.1.2.2
2025-09-18 16:37:42,608 [WARN] PackLoader:240 - Cannot read IP mode file for STMicroelectronics.X-CUBE-NFC4.3.0.0
2025-09-18 16:37:42,612 [ERROR] Engine:466 - C:\Users\brbar\.stm32cubemx\thirdparties\pdsc\EmbeddedOffice.I-CUBE-FS-RTOS.1.0.1.pdsc: PDSC version is not supported
2025-09-18 16:37:42,619 [WARN] PackLoader:240 - Cannot read IP mode file for STMicroelectronics.X-CUBE-WB05N.2.0.0
2025-09-18 16:37:42,625 [WARN] PackLoader:240 - Cannot read IP mode file for wolfSSL.I-CUBE-wolfTPM.3.8.0
2025-09-18 16:37:42,629 [ERROR] Engine:466 - C:\Users\brbar\.stm32cubemx\thirdparties\pdsc\STMicroelectronics.X-CUBE-TCPP.4.2.0.pdsc: PDSC version is not supported
2025-09-18 16:37:42,632 [ERROR] Engine:466 - C:\Users\brbar\.stm32cubemx\thirdparties\pdsc\RealThread.X-CUBE-RT-Thread_Nano.4.1.1.pdsc: PDSC version is not supported
2025-09-18 16:37:42,637 [WARN] PackLoader:240 - Cannot read IP mode file for STMicroelectronics.FP-ATR-SIGFOX1.3.2.0
2025-09-18 16:37:42,644 [WARN] PackLoader:240 - Cannot read IP mode file for STMicroelectronics.X-CUBE-EEPRMA1.5.1.0
2025-09-18 16:37:42,654 [WARN] PackLoader:240 - Cannot read IP mode file for ITTIA_DB.I-CUBE-ITTIADB.8.9.0
2025-09-18 16:37:42,690 [WARN] PackLoader:240 - Cannot read IP mode file for SEGGER.I-CUBE-embOS.1.3.1
2025-09-18 16:37:42,736 [WARN] PackLoader:240 - Cannot read IP mode file for STMicroelectronics.X-CUBE-ALGOBUILD.1.4.0
2025-09-18 16:37:42,744 [WARN] PackLoader:240 - Cannot read IP mode file for STMicroelectronics.X-CUBE-GNSS1.6.0.0
2025-09-18 16:37:42,761 [WARN] PackLoader:240 - Cannot read IP mode file for STMicroelectronics.X-CUBE-AZRTOS-F4.1.1.0
2025-09-18 16:37:42,770 [WARN] PackLoader:240 - Cannot read IP mode file for wolfSSL.I-CUBE-wolfSSL.5.6.3
2025-09-18 16:37:42,775 [WARN] PackLoader:240 - Cannot read IP mode file for STMicroelectronics.X-CUBE-ISPU.2.1.0
2025-09-18 16:37:42,791 [WARN] PackLoader:240 - Cannot read IP mode file for STMicroelectronics.X-CUBE-AZRTOS-L5.2.0.0
2025-09-18 16:37:42,835 [WARN] PackLoader:240 - Cannot read IP mode file for STMicroelectronics.X-CUBE-MEMS1.9.6.0
2025-09-18 16:37:42,965 [WARN] PackLoader:240 - Cannot read IP mode file for STMicroelectronics.X-CUBE-NFC6.3.1.0
2025-09-18 16:37:42,974 [WARN] PackLoader:240 - Cannot read IP mode file for STMicroelectronics.X-CUBE-BLEMGR.2.0.0
2025-09-18 16:37:42,991 [WARN] ConditionMgr:438 - getConditionDescription Invalid condition id : UX DEVICE CLASS RTOS Condition cause : null
2025-09-18 16:37:42,991 [WARN] ConditionMgr:438 - getConditionDescription Invalid condition id : UX DEVICE CLASS RTOS Condition cause : null
2025-09-18 16:37:42,994 [WARN] PackLoader:240 - Cannot read IP mode file for STMicroelectronics.X-CUBE-AZRTOS-H7.3.1.0
2025-09-18 16:37:42,994 [WARN] ConditionMgr:1039 - genDependencies : Invalid condition id : UX DEVICE CLASS RTOS Condition cause : null
2025-09-18 16:37:42,995 [WARN] ConditionMgr:1039 - genDependencies : Invalid condition id : UX DEVICE CLASS RTOS Condition cause : null
2025-09-18 16:37:42,995 [WARN] ConditionMgr:1039 - genDependencies : Invalid condition id : UX DEVICE CLASS RTOS Condition cause : null
2025-09-18 16:37:42,995 [WARN] ConditionMgr:1039 - genDependencies : Invalid condition id : UX DEVICE CLASS RTOS Condition cause : null
2025-09-18 16:37:42,995 [WARN] ConditionMgr:1039 - genDependencies : Invalid condition id : UX DEVICE CLASS RTOS Condition cause : null
2025-09-18 16:37:43,004 [WARN] PackLoader:240 - Cannot read IP mode file for STMicroelectronics.X-CUBE-FREERTOS.1.3.1
2025-09-18 16:37:43,010 [WARN] PackLoader:240 - Cannot read IP mode file for STMicroelectronics.X-CUBE-NFC7.1.0.1
2025-09-18 16:37:43,017 [WARN] PackLoader:240 - Cannot read IP mode file for STMicroelectronics.X-CUBE-NFC6.3.0.0
2025-09-18 16:37:43,023 [WARN] PackLoader:240 - Cannot read IP mode file for STMicroelectronics.X-CUBE-EEPRMA1.4.1.0
2025-09-18 16:37:43,028 [ERROR] Engine:466 - C:\Users\brbar\.stm32cubemx\thirdparties\pdsc\STMicroelectronics.X-CUBE-DPower.1.3.0.pdsc: PDSC version is not supported
2025-09-18 16:37:43,032 [WARN] PackLoader:240 - Cannot read IP mode file for STMicroelectronics.X-CUBE-AI.8.1.0
2025-09-18 16:37:43,049 [WARN] ConditionMgr:438 - getConditionDescription Invalid condition id : LAN8742 Phy interface Condition cause : null
2025-09-18 16:37:43,050 [WARN] PackLoader:240 - Cannot read IP mode file for STMicroelectronics.X-CUBE-AZRTOS-L4.2.0.0
2025-09-18 16:37:43,051 [WARN] ConditionMgr:1039 - genDependencies : Invalid condition id : LAN8742 Phy interface Condition cause : null
2025-09-18 16:37:43,051 [WARN] ConditionMgr:1039 - genDependencies : Invalid condition id : LAN8742 Phy interface Condition cause : null
2025-09-18 16:37:43,052 [WARN] ConditionMgr:1039 - genDependencies : Invalid condition id : LAN8742 Phy interface Condition cause : null
2025-09-18 16:37:43,061 [WARN] PackLoader:240 - Cannot read IP mode file for STMicroelectronics.X-CUBE-SFXS2LP1.4.0.0
2025-09-18 16:37:43,067 [WARN] PackLoader:240 - Cannot read IP mode file for STMicroelectronics.X-CUBE-ISPU.1.1.0
2025-09-18 16:37:43,092 [WARN] PackLoader:240 - Cannot read IP mode file for STMicroelectronics.X-CUBE-AZRTOS-H7.3.3.0
2025-09-18 16:37:43,109 [WARN] ConditionMgr:438 - getConditionDescription Invalid condition id : UX DEVICE CLASS RTOS Condition cause : null
2025-09-18 16:37:43,109 [WARN] ConditionMgr:438 - getConditionDescription Invalid condition id : UX DEVICE CLASS RTOS Condition cause : null
2025-09-18 16:37:43,111 [WARN] PackLoader:240 - Cannot read IP mode file for STMicroelectronics.X-CUBE-AZRTOS-WB.2.0.0
2025-09-18 16:37:43,112 [WARN] ConditionMgr:1039 - genDependencies : Invalid condition id : UX DEVICE CLASS RTOS Condition cause : null
2025-09-18 16:37:43,112 [WARN] ConditionMgr:1039 - genDependencies : Invalid condition id : UX DEVICE CLASS RTOS Condition cause : null
2025-09-18 16:37:43,112 [WARN] ConditionMgr:1039 - genDependencies : Invalid condition id : UX DEVICE CLASS RTOS Condition cause : null
2025-09-18 16:37:43,112 [WARN] ConditionMgr:1039 - genDependencies : Invalid condition id : UX DEVICE CLASS RTOS Condition cause : null
2025-09-18 16:37:43,112 [WARN] ConditionMgr:1039 - genDependencies : Invalid condition id : UX DEVICE CLASS RTOS Condition cause : null
2025-09-18 16:37:43,118 [WARN] PackLoader:240 - Cannot read IP mode file for STMicroelectronics.X-CUBE-GNSS1.7.0.1
2025-09-18 16:37:43,122 [WARN] PackLoader:240 - Cannot read IP mode file for STMicroelectronics.X-CUBE-TOUCHGFX.4.25.0
2025-09-18 16:37:43,126 [ERROR] Engine:466 - C:\Users\brbar\.stm32cubemx\thirdparties\pdsc\STMicroelectronics.FP-SNS-STBOX1.2.0.0.pdsc: PDSC version is not supported
2025-09-18 16:37:43,135 [WARN] PackLoader:240 - Cannot read IP mode file for STMicroelectronics.X-CUBE-SUBG2.5.0.0
2025-09-18 16:37:43,169 [WARN] PackLoader:240 - Cannot read IP mode file for STMicroelectronics.X-CUBE-AZRTOS-H7RS.1.1.0
2025-09-18 16:37:43,180 [WARN] PackLoader:240 - Cannot read IP mode file for Cesanta.I-CUBE-Mongoose.7.13.0
2025-09-18 16:37:43,197 [WARN] PackLoader:240 - Cannot read IP mode file for STMicroelectronics.X-CUBE-TOF1.3.3.1
2025-09-18 16:37:43,243 [WARN] PackLoader:240 - Cannot read IP mode file for STMicroelectronics.X-CUBE-AZRTOS-G4.2.0.0
2025-09-18 16:37:43,252 [WARN] PackLoader:240 - Cannot read IP mode file for wolfSSL.I-CUBE-wolfSSH.1.4.20
2025-09-18 16:37:43,259 [WARN] PackLoader:240 - Cannot read IP mode file for STMicroelectronics.X-CUBE-NFC7.2.0.0
2025-09-18 16:37:43,264 [ERROR] Engine:466 - C:\Users\brbar\.stm32cubemx\thirdparties\pdsc\STMicroelectronics.X-CUBE-IPS.3.1.0.pdsc: PDSC version is not supported
2025-09-18 16:37:43,268 [WARN] PackLoader:240 - Cannot read IP mode file for STMicroelectronics.X-CUBE-ALS.1.0.2
2025-09-18 16:37:43,275 [WARN] PackLoader:240 - Cannot read IP mode file for STMicroelectronics.X-CUBE-FREERTOS.1.1.0
2025-09-18 16:37:43,282 [WARN] PackLoader:240 - Cannot read IP mode file for portGmbH.I-Cube-SoM-uGOAL.1.1.0
2025-09-18 16:37:43,287 [WARN] PackLoader:240 - Cannot read IP mode file for STMicroelectronics.X-CUBE-ALS.1.0.1
2025-09-18 16:37:43,292 [WARN] PackLoader:240 - Cannot read IP mode file for STMicroelectronics.FP-ATR-ASTRA1.2.0.0
2025-09-18 16:37:43,298 [ERROR] Engine:466 - C:\Users\brbar\.stm32cubemx\thirdparties\pdsc\STMicroelectronics.X-CUBE-TOF1.3.4.3.pdsc: PDSC version is not supported
2025-09-18 16:37:43,299 [INFO] ThirdParty:978 - Integrity check success = true
2025-09-18 16:37:43,299 [INFO] IntegrityCheckThread:100 - exiting critical section [integrity check]
2025-09-18 16:37:43,300 [INFO] IntegrityCheckThread:103 - End integrity checks thread
2025-09-18 16:38:02,275 [ERROR] LogOutputStream:75 - [STDERR_REDIRECT] SLF4J: Failed to load class "org.slf4j.impl.StaticLoggerBinder".
2025-09-18 16:38:02,276 [ERROR] LogOutputStream:75 - [STDERR_REDIRECT] SLF4J: Defaulting to no-operation (NOP) logger implementation
2025-09-18 16:38:02,278 [ERROR] LogOutputStream:75 - [STDERR_REDIRECT] SLF4J: See http://www.slf4j.org/codes.html#StaticLoggerBinder for further details.
2025-09-18 17:16:20,457 [INFO] Activator:176 - 


2025-09-18 17:16:20,460 [INFO] Activator:177 - !SESSION log4j initialized
2025-09-18 17:16:25,830 [INFO] LogOutputStream:77 - [STDOUT_REDIRECT] 
2025-09-18 17:16:26,946 [INFO] ApplicationProperties:184 - Using Application install path: C:\ST\STM32CubeIDE_1.13.1\STM32CubeIDE\plugins\com.st.stm32cube.common.mx_6.9.1.202307191849
2025-09-18 17:16:26,983 [INFO] DbMcusXml:78 - Set database path to: C:\ST\STM32CubeIDE_1.13.1\STM32CubeIDE\plugins\com.st.stm32cube.common.mx_6.9.1.202307191849\\db\/mcu/
2025-09-18 17:16:26,984 [INFO] ApiDb:274 - Set plugin database path to: C:\ST\STM32CubeIDE_1.13.1\STM32CubeIDE\plugins\com.st.stm32cube.common.mx_6.9.1.202307191849\\db\/plugins/boardmanager/
2025-09-18 17:16:26,984 [WARN] ApiDb:259 - Overriding images path with different value:  => C:\ST\STM32CubeIDE_1.13.1\STM32CubeIDE\plugins\com.st.stm32cube.common.mx_6.9.1.202307191849\\db\/plugins/mcufinder/images/
2025-09-18 17:16:27,006 [INFO] ApiDb:250 - Set database path to: C:\Users\brbar\.stmcufinder\plugins\mcufinder//mcu/
2025-09-18 17:16:27,008 [INFO] DbMcusAds:125 - Set database path to: C:\Users\brbar\.stmcufinder\plugins\mcufinder//mcu/
2025-09-18 17:16:27,011 [INFO] CrossReferenceDbSqlite:203 - Set database path to: C:\Users\brbar\.stmcufinder\plugins\mcufinder//mcu/cs/
2025-09-18 17:16:27,144 [INFO] RulesReader:64 - Compatibility file has been processed (293 Rules)
2025-09-18 17:16:27,245 [INFO] DbMcusXml:78 - Set database path to: C:\ST\STM32CubeIDE_1.13.1\STM32CubeIDE\plugins\com.st.stm32cube.common.mx_6.9.1.202307191849\\db\/mcu/
2025-09-18 17:16:27,245 [INFO] ApiDb:274 - Set plugin database path to: C:\ST\STM32CubeIDE_1.13.1\STM32CubeIDE\plugins\com.st.stm32cube.common.mx_6.9.1.202307191849\\db\/plugins/boardmanager/
2025-09-18 17:16:27,245 [INFO] ApiDb:261 - Set plugin images path to: C:\ST\STM32CubeIDE_1.13.1\STM32CubeIDE\plugins\com.st.stm32cube.common.mx_6.9.1.202307191849\\db\/plugins/mcufinder/images/
2025-09-18 17:16:27,245 [WARN] DbFile:41 - Overriding database path with different value: C:\Users\brbar\.stmcufinder\plugins\mcufinder/ => C:\Users\brbar\.stmcufinder\plugins\mcufinder
2025-09-18 17:16:27,245 [INFO] ApiDb:250 - Set database path to: C:\Users\brbar\.stmcufinder\plugins\mcufinder//mcu/
2025-09-18 17:16:27,245 [WARN] DbFile:41 - Overriding database path with different value: C:\Users\brbar\.stmcufinder\plugins\mcufinder/ => C:\Users\brbar\.stmcufinder\plugins\mcufinder
2025-09-18 17:16:27,245 [INFO] DbMcusAds:125 - Set database path to: C:\Users\brbar\.stmcufinder\plugins\mcufinder//mcu/
2025-09-18 17:16:27,245 [WARN] DbFile:41 - Overriding database path with different value: C:\Users\brbar\.stmcufinder\plugins\mcufinder/ => C:\Users\brbar\.stmcufinder\plugins\mcufinder
2025-09-18 17:16:27,245 [WARN] DbFile:41 - Overriding database path with different value: C:\Users\brbar\.stmcufinder\plugins\mcufinder/ => C:\Users\brbar\.stmcufinder\plugins\mcufinder
2025-09-18 17:16:27,246 [INFO] CrossReferenceDbSqlite:203 - Set database path to: C:\Users\brbar\.stmcufinder\plugins\mcufinder//mcu/cs/
2025-09-18 17:16:27,345 [INFO] MainPanel:262 - HeapMemory: 268435456
2025-09-18 17:16:27,456 [INFO] DbMcusXml:78 - Set database path to: C:\ST\STM32CubeIDE_1.13.1\STM32CubeIDE\plugins\com.st.stm32cube.common.mx_6.9.1.202307191849\\db\/mcu/
2025-09-18 17:16:27,457 [INFO] ApiDb:274 - Set plugin database path to: C:\ST\STM32CubeIDE_1.13.1\STM32CubeIDE\plugins\com.st.stm32cube.common.mx_6.9.1.202307191849\\db\/plugins/boardmanager/
2025-09-18 17:16:27,457 [INFO] ApiDb:261 - Set plugin images path to: C:\ST\STM32CubeIDE_1.13.1\STM32CubeIDE\plugins\com.st.stm32cube.common.mx_6.9.1.202307191849\\db\/plugins/mcufinder/images/
2025-09-18 17:16:27,457 [WARN] DbFile:41 - Overriding database path with different value: C:\Users\brbar\.stmcufinder\plugins\mcufinder/ => C:\Users\brbar\.stmcufinder\plugins\mcufinder
2025-09-18 17:16:27,458 [INFO] ApiDb:250 - Set database path to: C:\Users\brbar\.stmcufinder\plugins\mcufinder//mcu/
2025-09-18 17:16:27,458 [WARN] DbFile:41 - Overriding database path with different value: C:\Users\brbar\.stmcufinder\plugins\mcufinder/ => C:\Users\brbar\.stmcufinder\plugins\mcufinder
2025-09-18 17:16:27,458 [INFO] DbMcusAds:125 - Set database path to: C:\Users\brbar\.stmcufinder\plugins\mcufinder//mcu/
2025-09-18 17:16:27,458 [WARN] DbFile:41 - Overriding database path with different value: C:\Users\brbar\.stmcufinder\plugins\mcufinder/ => C:\Users\brbar\.stmcufinder\plugins\mcufinder
2025-09-18 17:16:27,458 [WARN] DbFile:41 - Overriding database path with different value: C:\Users\brbar\.stmcufinder\plugins\mcufinder/ => C:\Users\brbar\.stmcufinder\plugins\mcufinder
2025-09-18 17:16:27,458 [INFO] CrossReferenceDbSqlite:203 - Set database path to: C:\Users\brbar\.stmcufinder\plugins\mcufinder//mcu/cs/
2025-09-18 17:16:27,478 [INFO] ApplicationProperties:184 - Using Application install path: C:\ST\STM32CubeIDE_1.13.1\STM32CubeIDE\plugins\com.st.stm32cube.common.mx_6.9.1.202307191849
2025-09-18 17:16:27,479 [INFO] PluginManage:196 - Search for loadable plugins [exclusion list=, ]
2025-09-18 17:16:27,482 [INFO] PluginManage:310 - Check plugin analytics
2025-09-18 17:16:27,635 [INFO] AnalyticsPlugin:253 - Accepted Software Licenses: 
2025-09-18 17:16:27,636 [INFO] AnalyticsPlugin:255 - Accepted CMSIS Pack Licenses: 
2025-09-18 17:16:27,636 [INFO] AnalyticsPlugin:257 - Accepted Firmware Licenses: 
2025-09-18 17:16:27,638 [INFO] PluginManage:359 - Loaded plugin analytics (category:tool,tabindex:-1)
2025-09-18 17:16:27,639 [INFO] PluginManage:310 - Check plugin cadmodel
2025-09-18 17:16:27,644 [INFO] CADModel:105 - Init CAD model plugin
2025-09-18 17:16:27,645 [INFO] PluginManage:359 - Loaded plugin cadmodel (category:power,tabindex:5)
2025-09-18 17:16:27,645 [INFO] PluginManage:310 - Check plugin clock
2025-09-18 17:16:27,655 [INFO] PluginManage:359 - Loaded plugin clock (category:base,tabindex:2)
2025-09-18 17:16:27,655 [INFO] PluginManage:310 - Check plugin ddr
2025-09-18 17:16:27,658 [INFO] PluginManage:359 - Loaded plugin ddr (category:tool,tabindex:6)
2025-09-18 17:16:27,658 [INFO] PluginManage:310 - Check plugin filemanager
2025-09-18 17:16:27,793 [INFO] PluginManage:359 - Loaded plugin filemanager (category:base,tabindex:10)
2025-09-18 17:16:27,794 [INFO] PluginManage:310 - Check plugin ipmanager
2025-09-18 17:16:27,802 [INFO] PluginManage:359 - Loaded plugin ipmanager (category:base,tabindex:5)
2025-09-18 17:16:27,802 [INFO] PluginManage:310 - Check plugin lpbam
2025-09-18 17:16:27,813 [INFO] PluginManage:359 - Loaded plugin lpbam (category:base,tabindex:0)
2025-09-18 17:16:27,813 [INFO] PluginManage:310 - Check plugin memorymap
2025-09-18 17:16:27,829 [INFO] PluginManage:359 - Loaded plugin memorymap (category:base,tabindex:4)
2025-09-18 17:16:27,829 [INFO] PluginManage:310 - Check plugin pinoutandconfiguration
2025-09-18 17:16:27,836 [INFO] PluginManage:359 - Loaded plugin pinoutandconfiguration (category:base,tabindex:1)
2025-09-18 17:16:27,836 [INFO] PluginManage:310 - Check plugin pinoutconfig
2025-09-18 17:16:27,913 [WARN] SupportedApi:132 - Cannot load RTOS API schema: s4s-elt-must-match.1: The content of 'definitions' must match (annotation?, (simpleType | complexType)?, (unique | key | keyref)*)). A problem was found starting at: attribute.
2025-09-18 17:16:28,034 [INFO] PluginManage:359 - Loaded plugin pinoutconfig (category:base,tabindex:0)
2025-09-18 17:16:28,034 [INFO] PluginManage:310 - Check plugin power
2025-09-18 17:16:28,048 [INFO] PluginManage:359 - Loaded plugin power (category:power,tabindex:4)
2025-09-18 17:16:28,048 [INFO] PluginManage:310 - Check plugin projectmanager
2025-09-18 17:16:28,062 [INFO] PluginManage:359 - Loaded plugin projectmanager (category:projectmanager,tabindex:3)
2025-09-18 17:16:28,063 [INFO] PluginManage:310 - Check plugin thirdparty
2025-09-18 17:16:28,187 [INFO] PluginManage:359 - Loaded plugin thirdparty (category:base,tabindex:-1)
2025-09-18 17:16:28,187 [WARN] IntegrityCheckThread:84 - waiting for thirdparty lock release [integrity check]
2025-09-18 17:16:28,187 [INFO] PluginManage:310 - Check plugin tools
2025-09-18 17:16:28,187 [INFO] IntegrityCheckThread:86 - entering critical section [integrity check]
2025-09-18 17:16:28,188 [INFO] ThirdPartyUpdaterWithRetryManager:70 - Updater plugin not ready yet. [1/15]
2025-09-18 17:16:28,190 [INFO] PluginManage:359 - Loaded plugin tools (category:base,tabindex:7)
2025-09-18 17:16:28,190 [INFO] PluginManage:310 - Check plugin tutovideos
2025-09-18 17:16:28,333 [INFO] PluginManage:359 - Loaded plugin tutovideos (category:base,tabindex:-1)
2025-09-18 17:16:28,334 [INFO] PluginManage:310 - Check plugin updater
2025-09-18 17:16:28,343 [INFO] PluginManage:359 - Loaded plugin updater (category:base,tabindex:12)
2025-09-18 17:16:28,343 [INFO] PluginManage:310 - Check plugin userauth
2025-09-18 17:16:28,348 [INFO] UserAuth:113 - Init User Auth plugin
2025-09-18 17:16:28,348 [INFO] PluginManage:359 - Loaded plugin userauth (category:base,tabindex:14)
2025-09-18 17:16:28,349 [INFO] PluginManage:283 - PluginManage : Loaded plugins [17]
2025-09-18 17:16:28,571 [INFO] PinOutPanel:1499 - setPackage(No Configuration,No Configuration)
2025-09-18 17:16:28,829 [INFO] CADModel:165 - CPN selected for project level
2025-09-18 17:16:28,829 [INFO] CADModel:114 - Register for checkConnection events
2025-09-18 17:16:28,852 [INFO] IPUIPlugin:80 - create IPUIPlugin
2025-09-18 17:16:28,852 [INFO] PluginManager:220 - loadIPPluginJar : add adc
2025-09-18 17:16:28,855 [INFO] IPUIPlugin:80 - create IPUIPlugin
2025-09-18 17:16:28,855 [INFO] PluginManager:220 - loadIPPluginJar : add aes
2025-09-18 17:16:28,859 [INFO] IPUIPlugin:80 - create IPUIPlugin
2025-09-18 17:16:28,859 [INFO] PluginManager:220 - loadIPPluginJar : add can
2025-09-18 17:16:28,862 [INFO] IPUIPlugin:80 - create IPUIPlugin
2025-09-18 17:16:28,862 [INFO] PluginManager:220 - loadIPPluginJar : add comp
2025-09-18 17:16:28,865 [INFO] IPUIPlugin:80 - create IPUIPlugin
2025-09-18 17:16:28,865 [INFO] PluginManager:220 - loadIPPluginJar : add cryp
2025-09-18 17:16:28,868 [INFO] IPUIPlugin:80 - create IPUIPlugin
2025-09-18 17:16:28,868 [INFO] PluginManager:220 - loadIPPluginJar : add dfsdm
2025-09-18 17:16:28,875 [INFO] IPUIPlugin:80 - create IPUIPlugin
2025-09-18 17:16:28,876 [INFO] PluginManager:220 - loadIPPluginJar : add dma
2025-09-18 17:16:28,880 [INFO] IPUIPlugin:80 - create IPUIPlugin
2025-09-18 17:16:28,880 [INFO] PluginManager:220 - loadIPPluginJar : add dma3
2025-09-18 17:16:28,882 [INFO] IPUIPlugin:80 - create IPUIPlugin
2025-09-18 17:16:28,882 [INFO] PluginManager:220 - loadIPPluginJar : add fatfs
2025-09-18 17:16:28,888 [INFO] IPUIPlugin:80 - create IPUIPlugin
2025-09-18 17:16:28,888 [INFO] PluginManager:220 - loadIPPluginJar : add fmc
2025-09-18 17:16:28,894 [INFO] IPUIPlugin:80 - create IPUIPlugin
2025-09-18 17:16:28,895 [INFO] PluginManager:220 - loadIPPluginJar : add freertos
2025-09-18 17:16:28,896 [INFO] IPUIPlugin:80 - create IPUIPlugin
2025-09-18 17:16:28,896 [INFO] PluginManager:220 - loadIPPluginJar : add genericplugin
2025-09-18 17:16:28,900 [INFO] IPUIPlugin:80 - create IPUIPlugin
2025-09-18 17:16:28,900 [INFO] PluginManager:220 - loadIPPluginJar : add gfxmmu
2025-09-18 17:16:28,904 [INFO] IPUIPlugin:80 - create IPUIPlugin
2025-09-18 17:16:28,905 [INFO] PluginManager:220 - loadIPPluginJar : add gic
2025-09-18 17:16:28,909 [INFO] IPUIPlugin:80 - create IPUIPlugin
2025-09-18 17:16:28,909 [INFO] PluginManager:220 - loadIPPluginJar : add gpio
2025-09-18 17:16:28,912 [INFO] IPUIPlugin:80 - create IPUIPlugin
2025-09-18 17:16:28,912 [INFO] PluginManager:220 - loadIPPluginJar : add gtzc
2025-09-18 17:16:28,915 [INFO] IPUIPlugin:80 - create IPUIPlugin
2025-09-18 17:16:28,915 [INFO] PluginManager:220 - loadIPPluginJar : add hash
2025-09-18 17:16:28,918 [INFO] IPUIPlugin:80 - create IPUIPlugin
2025-09-18 17:16:28,918 [INFO] PluginManager:220 - loadIPPluginJar : add i2c
2025-09-18 17:16:28,920 [INFO] IPUIPlugin:80 - create IPUIPlugin
2025-09-18 17:16:28,921 [INFO] PluginManager:220 - loadIPPluginJar : add i2s
2025-09-18 17:16:28,923 [INFO] IPUIPlugin:80 - create IPUIPlugin
2025-09-18 17:16:28,923 [INFO] PluginManager:220 - loadIPPluginJar : add i3c
2025-09-18 17:16:28,927 [INFO] IPUIPlugin:80 - create IPUIPlugin
2025-09-18 17:16:28,927 [INFO] PluginManager:220 - loadIPPluginJar : add ipddr
2025-09-18 17:16:28,933 [INFO] IPUIPlugin:80 - create IPUIPlugin
2025-09-18 17:16:28,934 [INFO] PluginManager:220 - loadIPPluginJar : add linkedlist
2025-09-18 17:16:28,936 [INFO] IPUIPlugin:80 - create IPUIPlugin
2025-09-18 17:16:28,936 [INFO] PluginManager:220 - loadIPPluginJar : add lorawan
2025-09-18 17:16:28,938 [INFO] IPUIPlugin:80 - create IPUIPlugin
2025-09-18 17:16:28,938 [INFO] PluginManager:220 - loadIPPluginJar : add ltdc
2025-09-18 17:16:28,943 [INFO] IPUIPlugin:80 - create IPUIPlugin
2025-09-18 17:16:28,943 [INFO] PluginManager:220 - loadIPPluginJar : add mdma
2025-09-18 17:16:28,947 [INFO] IPUIPlugin:80 - create IPUIPlugin
2025-09-18 17:16:28,947 [INFO] PluginManager:220 - loadIPPluginJar : add nvic
2025-09-18 17:16:28,949 [INFO] IPUIPlugin:80 - create IPUIPlugin
2025-09-18 17:16:28,949 [INFO] PluginManager:220 - loadIPPluginJar : add opamp
2025-09-18 17:16:28,952 [INFO] IPUIPlugin:80 - create IPUIPlugin
2025-09-18 17:16:28,952 [INFO] PluginManager:220 - loadIPPluginJar : add openamp
2025-09-18 17:16:28,955 [INFO] IPUIPlugin:80 - create IPUIPlugin
2025-09-18 17:16:28,955 [INFO] PluginManager:220 - loadIPPluginJar : add pdm2pcm
2025-09-18 17:16:28,960 [INFO] IPUIPlugin:80 - create IPUIPlugin
2025-09-18 17:16:28,962 [INFO] PluginManager:220 - loadIPPluginJar : add plateformsettings
2025-09-18 17:16:28,963 [INFO] IPUIPlugin:80 - create IPUIPlugin
2025-09-18 17:16:28,964 [INFO] PluginManager:220 - loadIPPluginJar : add quadspi
2025-09-18 17:16:28,967 [INFO] IPUIPlugin:80 - create IPUIPlugin
2025-09-18 17:16:28,968 [INFO] PluginManager:220 - loadIPPluginJar : add resmgrutility
2025-09-18 17:16:28,970 [INFO] IPUIPlugin:80 - create IPUIPlugin
2025-09-18 17:16:28,970 [INFO] PluginManager:220 - loadIPPluginJar : add sai
2025-09-18 17:16:28,973 [INFO] IPUIPlugin:80 - create IPUIPlugin
2025-09-18 17:16:28,973 [INFO] PluginManager:220 - loadIPPluginJar : add spi
2025-09-18 17:16:28,978 [INFO] IPUIPlugin:80 - create IPUIPlugin
2025-09-18 17:16:28,978 [INFO] PluginManager:220 - loadIPPluginJar : add stm32_wpan
2025-09-18 17:16:28,980 [INFO] IPUIPlugin:80 - create IPUIPlugin
2025-09-18 17:16:28,980 [INFO] PluginManager:220 - loadIPPluginJar : add tim
2025-09-18 17:16:28,984 [INFO] IPUIPlugin:80 - create IPUIPlugin
2025-09-18 17:16:28,984 [INFO] PluginManager:220 - loadIPPluginJar : add touchsensing
2025-09-18 17:16:28,987 [INFO] IPUIPlugin:80 - create IPUIPlugin
2025-09-18 17:16:28,987 [INFO] PluginManager:220 - loadIPPluginJar : add tracer_emb
2025-09-18 17:16:28,989 [INFO] IPUIPlugin:80 - create IPUIPlugin
2025-09-18 17:16:28,989 [INFO] PluginManager:220 - loadIPPluginJar : add ts
2025-09-18 17:16:28,991 [INFO] IPUIPlugin:80 - create IPUIPlugin
2025-09-18 17:16:28,991 [INFO] PluginManager:220 - loadIPPluginJar : add tsc
2025-09-18 17:16:28,994 [INFO] IPUIPlugin:80 - create IPUIPlugin
2025-09-18 17:16:28,994 [INFO] PluginManager:220 - loadIPPluginJar : add ucpd
2025-09-18 17:16:28,997 [INFO] IPUIPlugin:80 - create IPUIPlugin
2025-09-18 17:16:28,997 [INFO] PluginManager:220 - loadIPPluginJar : add usart
2025-09-18 17:16:29,000 [INFO] IPUIPlugin:80 - create IPUIPlugin
2025-09-18 17:16:29,000 [INFO] PluginManager:220 - loadIPPluginJar : add usbx
2025-09-18 17:16:29,116 [INFO] CADModel:165 - CPN selected for project level
2025-09-18 17:16:29,116 [INFO] CADModel:114 - Register for checkConnection events
2025-09-18 17:16:29,116 [FATAL] Updater:308 - Updater called before beeing initialized
2025-09-18 17:16:29,116 [ERROR] CADModel:125 - Updater not yet initialized, retry later 
2025-09-18 17:16:29,232 [INFO] CADModel:165 - CPN selected for project level
2025-09-18 17:16:29,232 [INFO] CADModel:114 - Register for checkConnection events
2025-09-18 17:16:29,232 [FATAL] Updater:308 - Updater called before beeing initialized
2025-09-18 17:16:29,232 [ERROR] CADModel:125 - Updater not yet initialized, retry later 
2025-09-18 17:16:29,235 [FATAL] Updater:308 - Updater called before beeing initialized
2025-09-18 17:16:29,330 [FATAL] Updater:308 - Updater called before beeing initialized
2025-09-18 17:16:29,334 [INFO] DbMcusAds:53 - JSON generation date=Tue Jul 08 10:14:23 EET 2025 (1751962463582)
2025-09-18 17:16:29,334 [FATAL] Updater:308 - Updater called before beeing initialized
2025-09-18 17:16:29,382 [WARN] DetailPanel:346 - Failed to get advertising image, set to default
2025-09-18 17:16:29,464 [FATAL] Updater:308 - Updater called before beeing initialized
2025-09-18 17:16:29,466 [FATAL] Updater:308 - Updater called before beeing initialized
2025-09-18 17:16:29,466 [FATAL] Updater:308 - Updater called before beeing initialized
2025-09-18 17:16:29,466 [WARN] DetailPanel:346 - Failed to get advertising image, set to default
2025-09-18 17:16:29,467 [FATAL] Updater:308 - Updater called before beeing initialized
2025-09-18 17:16:29,514 [ERROR] Updater:1120 - MainUpdater not yet initialized. External WinMGr cannot be set.
2025-09-18 17:16:29,517 [INFO] Updater:1056 - Updater Version found : 6.9.1
2025-09-18 17:16:29,539 [INFO] ApplicationProperties:184 - Using Application install path: C:\ST\STM32CubeIDE_1.13.1\STM32CubeIDE\plugins\com.st.stm32cube.common.mx_6.9.1.202307191849
2025-09-18 17:16:31,189 [INFO] ThirdPartyUpdaterWithRetryManager:70 - Updater plugin not ready yet. [2/15]
2025-09-18 17:16:31,677 [WARN] ServerAccessManage:1168 - Warning during Server Connection :  timeout Connect timed out
2025-09-18 17:16:33,679 [WARN] ServerAccessManage:1168 - Warning during Server Connection :  timeout Connect timed out
2025-09-18 17:16:33,682 [INFO] MainUpdater:2868 - connection check result : 22
2025-09-18 17:16:33,683 [INFO] MainUpdater:285 - Updater Check For Update Now.
2025-09-18 17:16:33,683 [INFO] MicroXplorer:498 - Change Database Version : DB.6.0.91
2025-09-18 17:16:33,689 [INFO] McuFinderGlobals:63 - Set McuFinder mode to 2 (CubeIDE integrated)
2025-09-18 17:16:33,869 [INFO] CheckServerUpdateThread:120 - End of CheckServer Thread
2025-09-18 17:16:34,431 [WARN] PackLoader:240 - Cannot read IP mode file for STMicroelectronics.FP-SNS-MOTENVWB1.1.4.0
2025-09-18 17:16:34,440 [WARN] PackLoader:240 - Cannot read IP mode file for STMicroelectronics.FP-ATR-ASTRA1.2.0.2
2025-09-18 17:16:34,448 [WARN] PackLoader:240 - Cannot read IP mode file for STMicroelectronics.X-CUBE-SMBUS.2.1.0
2025-09-18 17:16:34,452 [ERROR] Engine:466 - C:\Users\brbar\.stm32cubemx\thirdparties\pdsc\STMicroelectronics.X-CUBE-ST60.1.0.0.pdsc: PDSC version is not supported
2025-09-18 17:16:34,474 [WARN] PackLoader:240 - Cannot read IP mode file for STMicroelectronics.X-CUBE-AZRTOS-F7.1.1.0
2025-09-18 17:16:34,484 [WARN] PackLoader:240 - Cannot read IP mode file for STMicroelectronics.FP-SNS-MOTENV1.4.3.2
2025-09-18 17:16:34,491 [WARN] PackLoader:240 - Cannot read IP mode file for STMicroelectronics.FP-SNS-FLIGHT1.5.0.2
2025-09-18 17:16:34,499 [ERROR] Engine:466 - C:\Users\brbar\.stm32cubemx\thirdparties\pdsc\Infineon.AIROC-Wi-Fi-Bluetooth-STM32.1.7.0.pdsc: PDSC version is not supported
2025-09-18 17:16:34,508 [WARN] PackLoader:240 - Cannot read IP mode file for STMicroelectronics.X-CUBE-DISPLAY.3.0.0
2025-09-18 17:16:34,520 [WARN] PackLoader:240 - Cannot read IP mode file for STMicroelectronics.X-CUBE-BLE1.7.0.0
2025-09-18 17:16:34,527 [WARN] PackLoader:240 - Cannot read IP mode file for STMicroelectronics.X-CUBE-NFC10.1.0.0
2025-09-18 17:16:34,533 [ERROR] Engine:466 - C:\Users\brbar\.stm32cubemx\thirdparties\pdsc\STMicroelectronics.X-CUBE-BLEMGR.4.0.0.pdsc: PDSC version is not supported
2025-09-18 17:16:34,540 [WARN] PackLoader:240 - Cannot read IP mode file for emotas.I-CUBE-CANOPEN.1.3.0
2025-09-18 17:16:34,547 [WARN] PackLoader:240 - Cannot read IP mode file for STMicroelectronics.X-CUBE-TOUCHGFX.4.22.0
2025-09-18 17:16:34,549 [ERROR] Engine:466 - C:\Users\brbar\.stm32cubemx\thirdparties\pdsc\quantropi.X-CUBE-qispace-sdk-base.2.0.0.pdsc: PDSC version is not supported
2025-09-18 17:16:34,553 [WARN] PackLoader:240 - Cannot read IP mode file for STMicroelectronics.X-CUBE-AI.10.0.0
2025-09-18 17:16:34,559 [WARN] PackLoader:240 - Cannot read IP mode file for STMicroelectronics.FP-SNS-SMARTAG2.1.2.0
2025-09-18 17:16:34,562 [ERROR] Engine:466 - C:\Users\brbar\.stm32cubemx\thirdparties\pdsc\STMicroelectronics.FP-SNS-FLIGHT1.5.1.0.pdsc: PDSC version is not supported
2025-09-18 17:16:34,571 [INFO] LogOutputStream:77 - [STDOUT_REDIRECT] 1 : Invalid condition id : UX_CORESTACK_Condition cause : null
2025-09-18 17:16:34,571 [INFO] LogOutputStream:77 - [STDOUT_REDIRECT] 1 : Invalid condition id : UX_CORESTACK_Condition cause : null
2025-09-18 17:16:34,572 [INFO] LogOutputStream:77 - [STDOUT_REDIRECT] 1 : Invalid condition id : UX_CORESTACK_Condition cause : null
2025-09-18 17:16:34,573 [INFO] LogOutputStream:77 - [STDOUT_REDIRECT] 1 : Invalid condition id : UX_CORESTACK_Condition cause : null
2025-09-18 17:16:34,574 [INFO] LogOutputStream:77 - [STDOUT_REDIRECT] 1 : Invalid condition id : UX_CORESTACK_Condition cause : null
2025-09-18 17:16:34,576 [WARN] PackLoader:240 - Cannot read IP mode file for STMicroelectronics.X-CUBE-AZRTOS-WL.2.0.0
2025-09-18 17:16:34,581 [WARN] PackLoader:240 - Cannot read IP mode file for STMicroelectronics.FP-SNS-MOTENV1.5.0.0
2025-09-18 17:16:34,591 [WARN] PackLoader:240 - Cannot read IP mode file for WES.I-CUBE-Cesium.1.3.0
2025-09-18 17:16:34,596 [WARN] PackLoader:240 - Cannot read IP mode file for STMicroelectronics.X-CUBE-BLE2.3.3.0
2025-09-18 17:16:34,603 [WARN] PackLoader:240 - Cannot read IP mode file for STMicroelectronics.X-CUBE-NFC9.1.0.0
2025-09-18 17:16:34,608 [WARN] PackLoader:240 - Cannot read IP mode file for STMicroelectronics.X-CUBE-BLE1.7.1.0
2025-09-18 17:16:34,613 [WARN] PackLoader:240 - Cannot read IP mode file for wolfSSL.I-CUBE-wolfMQTT.1.19.2
2025-09-18 17:16:34,619 [WARN] PackLoader:240 - Cannot read IP mode file for STMicroelectronics.X-CUBE-ALGOBUILD.1.3.0
2025-09-18 17:16:34,655 [WARN] PackLoader:240 - Cannot read IP mode file for STMicroelectronics.X-CUBE-MEMS1.11.2.0
2025-09-18 17:16:34,794 [WARN] PackLoader:240 - Cannot read IP mode file for STMicroelectronics.X-CUBE-AZRTOS-G0.1.1.0
2025-09-18 17:16:34,802 [WARN] PackLoader:240 - Cannot read IP mode file for STMicroelectronics.X-CUBE-SAFEA1.1.2.2
2025-09-18 17:16:34,807 [WARN] PackLoader:240 - Cannot read IP mode file for STMicroelectronics.X-CUBE-NFC4.3.0.0
2025-09-18 17:16:34,811 [ERROR] Engine:466 - C:\Users\brbar\.stm32cubemx\thirdparties\pdsc\EmbeddedOffice.I-CUBE-FS-RTOS.1.0.1.pdsc: PDSC version is not supported
2025-09-18 17:16:34,816 [WARN] PackLoader:240 - Cannot read IP mode file for STMicroelectronics.X-CUBE-WB05N.2.0.0
2025-09-18 17:16:34,822 [WARN] PackLoader:240 - Cannot read IP mode file for wolfSSL.I-CUBE-wolfTPM.3.8.0
2025-09-18 17:16:34,826 [ERROR] Engine:466 - C:\Users\brbar\.stm32cubemx\thirdparties\pdsc\STMicroelectronics.X-CUBE-TCPP.4.2.0.pdsc: PDSC version is not supported
2025-09-18 17:16:34,828 [ERROR] Engine:466 - C:\Users\brbar\.stm32cubemx\thirdparties\pdsc\RealThread.X-CUBE-RT-Thread_Nano.4.1.1.pdsc: PDSC version is not supported
2025-09-18 17:16:34,834 [WARN] PackLoader:240 - Cannot read IP mode file for STMicroelectronics.FP-ATR-SIGFOX1.3.2.0
2025-09-18 17:16:34,841 [WARN] PackLoader:240 - Cannot read IP mode file for STMicroelectronics.X-CUBE-EEPRMA1.5.1.0
2025-09-18 17:16:34,852 [WARN] PackLoader:240 - Cannot read IP mode file for ITTIA_DB.I-CUBE-ITTIADB.8.9.0
2025-09-18 17:16:34,885 [WARN] PackLoader:240 - Cannot read IP mode file for SEGGER.I-CUBE-embOS.1.3.1
2025-09-18 17:16:34,925 [WARN] PackLoader:240 - Cannot read IP mode file for STMicroelectronics.X-CUBE-ALGOBUILD.1.4.0
2025-09-18 17:16:34,932 [WARN] PackLoader:240 - Cannot read IP mode file for STMicroelectronics.X-CUBE-GNSS1.6.0.0
2025-09-18 17:16:34,945 [WARN] PackLoader:240 - Cannot read IP mode file for STMicroelectronics.X-CUBE-AZRTOS-F4.1.1.0
2025-09-18 17:16:34,952 [WARN] PackLoader:240 - Cannot read IP mode file for wolfSSL.I-CUBE-wolfSSL.5.6.3
2025-09-18 17:16:34,958 [WARN] PackLoader:240 - Cannot read IP mode file for STMicroelectronics.X-CUBE-ISPU.2.1.0
2025-09-18 17:16:34,978 [WARN] PackLoader:240 - Cannot read IP mode file for STMicroelectronics.X-CUBE-AZRTOS-L5.2.0.0
2025-09-18 17:16:35,015 [WARN] PackLoader:240 - Cannot read IP mode file for STMicroelectronics.X-CUBE-MEMS1.9.6.0
2025-09-18 17:16:35,122 [WARN] PackLoader:240 - Cannot read IP mode file for STMicroelectronics.X-CUBE-NFC6.3.1.0
2025-09-18 17:16:35,130 [WARN] PackLoader:240 - Cannot read IP mode file for STMicroelectronics.X-CUBE-BLEMGR.2.0.0
2025-09-18 17:16:35,144 [WARN] ConditionMgr:438 - getConditionDescription Invalid condition id : UX DEVICE CLASS RTOS Condition cause : null
2025-09-18 17:16:35,144 [WARN] ConditionMgr:438 - getConditionDescription Invalid condition id : UX DEVICE CLASS RTOS Condition cause : null
2025-09-18 17:16:35,147 [WARN] PackLoader:240 - Cannot read IP mode file for STMicroelectronics.X-CUBE-AZRTOS-H7.3.1.0
2025-09-18 17:16:35,151 [WARN] ConditionMgr:1039 - genDependencies : Invalid condition id : UX DEVICE CLASS RTOS Condition cause : null
2025-09-18 17:16:35,151 [WARN] ConditionMgr:1039 - genDependencies : Invalid condition id : UX DEVICE CLASS RTOS Condition cause : null
2025-09-18 17:16:35,152 [WARN] ConditionMgr:1039 - genDependencies : Invalid condition id : UX DEVICE CLASS RTOS Condition cause : null
2025-09-18 17:16:35,152 [WARN] ConditionMgr:1039 - genDependencies : Invalid condition id : UX DEVICE CLASS RTOS Condition cause : null
2025-09-18 17:16:35,152 [WARN] ConditionMgr:1039 - genDependencies : Invalid condition id : UX DEVICE CLASS RTOS Condition cause : null
2025-09-18 17:16:35,159 [WARN] PackLoader:240 - Cannot read IP mode file for STMicroelectronics.X-CUBE-FREERTOS.1.3.1
2025-09-18 17:16:35,164 [WARN] PackLoader:240 - Cannot read IP mode file for STMicroelectronics.X-CUBE-NFC7.1.0.1
2025-09-18 17:16:35,171 [WARN] PackLoader:240 - Cannot read IP mode file for STMicroelectronics.X-CUBE-NFC6.3.0.0
2025-09-18 17:16:35,177 [WARN] PackLoader:240 - Cannot read IP mode file for STMicroelectronics.X-CUBE-EEPRMA1.4.1.0
2025-09-18 17:16:35,181 [ERROR] Engine:466 - C:\Users\brbar\.stm32cubemx\thirdparties\pdsc\STMicroelectronics.X-CUBE-DPower.1.3.0.pdsc: PDSC version is not supported
2025-09-18 17:16:35,185 [WARN] PackLoader:240 - Cannot read IP mode file for STMicroelectronics.X-CUBE-AI.8.1.0
2025-09-18 17:16:35,199 [WARN] ConditionMgr:438 - getConditionDescription Invalid condition id : LAN8742 Phy interface Condition cause : null
2025-09-18 17:16:35,200 [WARN] PackLoader:240 - Cannot read IP mode file for STMicroelectronics.X-CUBE-AZRTOS-L4.2.0.0
2025-09-18 17:16:35,201 [WARN] ConditionMgr:1039 - genDependencies : Invalid condition id : LAN8742 Phy interface Condition cause : null
2025-09-18 17:16:35,202 [WARN] ConditionMgr:1039 - genDependencies : Invalid condition id : LAN8742 Phy interface Condition cause : null
2025-09-18 17:16:35,202 [WARN] ConditionMgr:1039 - genDependencies : Invalid condition id : LAN8742 Phy interface Condition cause : null
2025-09-18 17:16:35,212 [WARN] PackLoader:240 - Cannot read IP mode file for STMicroelectronics.X-CUBE-SFXS2LP1.4.0.0
2025-09-18 17:16:35,217 [WARN] PackLoader:240 - Cannot read IP mode file for STMicroelectronics.X-CUBE-ISPU.1.1.0
2025-09-18 17:16:35,241 [WARN] PackLoader:240 - Cannot read IP mode file for STMicroelectronics.X-CUBE-AZRTOS-H7.3.3.0
2025-09-18 17:16:35,260 [WARN] ConditionMgr:438 - getConditionDescription Invalid condition id : UX DEVICE CLASS RTOS Condition cause : null
2025-09-18 17:16:35,260 [WARN] ConditionMgr:438 - getConditionDescription Invalid condition id : UX DEVICE CLASS RTOS Condition cause : null
2025-09-18 17:16:35,263 [WARN] PackLoader:240 - Cannot read IP mode file for STMicroelectronics.X-CUBE-AZRTOS-WB.2.0.0
2025-09-18 17:16:35,264 [WARN] ConditionMgr:1039 - genDependencies : Invalid condition id : UX DEVICE CLASS RTOS Condition cause : null
2025-09-18 17:16:35,264 [WARN] ConditionMgr:1039 - genDependencies : Invalid condition id : UX DEVICE CLASS RTOS Condition cause : null
2025-09-18 17:16:35,265 [WARN] ConditionMgr:1039 - genDependencies : Invalid condition id : UX DEVICE CLASS RTOS Condition cause : null
2025-09-18 17:16:35,265 [WARN] ConditionMgr:1039 - genDependencies : Invalid condition id : UX DEVICE CLASS RTOS Condition cause : null
2025-09-18 17:16:35,265 [WARN] ConditionMgr:1039 - genDependencies : Invalid condition id : UX DEVICE CLASS RTOS Condition cause : null
2025-09-18 17:16:35,275 [WARN] PackLoader:240 - Cannot read IP mode file for STMicroelectronics.X-CUBE-GNSS1.7.0.1
2025-09-18 17:16:35,280 [WARN] PackLoader:240 - Cannot read IP mode file for STMicroelectronics.X-CUBE-TOUCHGFX.4.25.0
2025-09-18 17:16:35,284 [ERROR] Engine:466 - C:\Users\brbar\.stm32cubemx\thirdparties\pdsc\STMicroelectronics.FP-SNS-STBOX1.2.0.0.pdsc: PDSC version is not supported
2025-09-18 17:16:35,295 [WARN] PackLoader:240 - Cannot read IP mode file for STMicroelectronics.X-CUBE-SUBG2.5.0.0
2025-09-18 17:16:35,322 [WARN] PackLoader:240 - Cannot read IP mode file for STMicroelectronics.X-CUBE-AZRTOS-H7RS.1.1.0
2025-09-18 17:16:35,330 [WARN] PackLoader:240 - Cannot read IP mode file for Cesanta.I-CUBE-Mongoose.7.13.0
2025-09-18 17:16:35,340 [WARN] PackLoader:240 - Cannot read IP mode file for STMicroelectronics.X-CUBE-TOF1.3.3.1
2025-09-18 17:16:35,355 [WARN] PackLoader:240 - Cannot read IP mode file for STMicroelectronics.X-CUBE-AZRTOS-G4.2.0.0
2025-09-18 17:16:35,362 [WARN] PackLoader:240 - Cannot read IP mode file for wolfSSL.I-CUBE-wolfSSH.1.4.20
2025-09-18 17:16:35,367 [WARN] PackLoader:240 - Cannot read IP mode file for STMicroelectronics.X-CUBE-NFC7.2.0.0
2025-09-18 17:16:35,373 [ERROR] Engine:466 - C:\Users\brbar\.stm32cubemx\thirdparties\pdsc\STMicroelectronics.X-CUBE-IPS.3.1.0.pdsc: PDSC version is not supported
2025-09-18 17:16:35,378 [WARN] PackLoader:240 - Cannot read IP mode file for STMicroelectronics.X-CUBE-ALS.1.0.2
2025-09-18 17:16:35,384 [WARN] PackLoader:240 - Cannot read IP mode file for STMicroelectronics.X-CUBE-FREERTOS.1.1.0
2025-09-18 17:16:35,391 [WARN] PackLoader:240 - Cannot read IP mode file for portGmbH.I-Cube-SoM-uGOAL.1.1.0
2025-09-18 17:16:35,395 [WARN] PackLoader:240 - Cannot read IP mode file for STMicroelectronics.X-CUBE-ALS.1.0.1
2025-09-18 17:16:35,399 [WARN] PackLoader:240 - Cannot read IP mode file for STMicroelectronics.FP-ATR-ASTRA1.2.0.0
2025-09-18 17:16:35,404 [ERROR] Engine:466 - C:\Users\brbar\.stm32cubemx\thirdparties\pdsc\STMicroelectronics.X-CUBE-TOF1.3.4.3.pdsc: PDSC version is not supported
2025-09-18 17:16:35,404 [INFO] ThirdParty:978 - Integrity check success = true
2025-09-18 17:16:35,405 [INFO] IntegrityCheckThread:100 - exiting critical section [integrity check]
2025-09-18 17:16:35,405 [INFO] IntegrityCheckThread:103 - End integrity checks thread
2025-09-18 17:16:54,645 [ERROR] LogOutputStream:75 - [STDERR_REDIRECT] SLF4J: Failed to load class "org.slf4j.impl.StaticLoggerBinder".
2025-09-18 17:16:54,646 [ERROR] LogOutputStream:75 - [STDERR_REDIRECT] SLF4J: Defaulting to no-operation (NOP) logger implementation
2025-09-18 17:16:54,647 [ERROR] LogOutputStream:75 - [STDERR_REDIRECT] SLF4J: See http://www.slf4j.org/codes.html#StaticLoggerBinder for further details.
