2025-09-29 17:59:28,345 [INFO] Activator:176 - 


2025-09-29 17:59:28,355 [INFO] Activator:177 - !SESSION log4j initialized
2025-09-29 17:59:43,500 [INFO] LogOutputStream:77 - [STDOUT_REDIRECT] 
2025-09-29 17:59:46,829 [INFO] ApplicationProperties:184 - Using Application install path: C:\ST\STM32CubeIDE_1.13.1\STM32CubeIDE\plugins\com.st.stm32cube.common.mx_6.15.0.202507011659
2025-09-29 17:59:46,861 [INFO] DbMcusXml:78 - Set database path to: C:\ST\STM32CubeIDE_1.13.1\STM32CubeIDE\plugins\com.st.stm32cube.common.mx_6.15.0.202507011659\\db\/mcu/
2025-09-29 17:59:46,861 [INFO] ApiDb:274 - Set plugin database path to: C:\ST\STM32CubeIDE_1.13.1\STM32CubeIDE\plugins\com.st.stm32cube.common.mx_6.15.0.202507011659\\db\/plugins/boardmanager/
2025-09-29 17:59:46,863 [WARN] ApiDb:259 - Overriding images path with different value:  => C:\ST\STM32CubeIDE_1.13.1\STM32CubeIDE\plugins\com.st.stm32cube.common.mx_6.15.0.202507011659\\db\/plugins/mcufinder/images/
2025-09-29 17:59:46,884 [INFO] ApiDb:250 - Set database path to: C:\Users\brbar\.stmcufinder\plugins\mcufinder//mcu/
2025-09-29 17:59:46,888 [INFO] DbMcusAds:125 - Set database path to: C:\Users\brbar\.stmcufinder\plugins\mcufinder//mcu/
2025-09-29 17:59:46,895 [INFO] CrossReferenceDbSqlite:203 - Set database path to: C:\Users\brbar\.stmcufinder\plugins\mcufinder//mcu/cs/
2025-09-29 17:59:47,124 [INFO] RulesReader:64 - Compatibility file has been processed (317 Rules)
2025-09-29 17:59:47,276 [INFO] DbMcusXml:78 - Set database path to: C:\ST\STM32CubeIDE_1.13.1\STM32CubeIDE\plugins\com.st.stm32cube.common.mx_6.15.0.202507011659\\db\/mcu/
2025-09-29 17:59:47,276 [INFO] ApiDb:274 - Set plugin database path to: C:\ST\STM32CubeIDE_1.13.1\STM32CubeIDE\plugins\com.st.stm32cube.common.mx_6.15.0.202507011659\\db\/plugins/boardmanager/
2025-09-29 17:59:47,277 [INFO] ApiDb:261 - Set plugin images path to: C:\ST\STM32CubeIDE_1.13.1\STM32CubeIDE\plugins\com.st.stm32cube.common.mx_6.15.0.202507011659\\db\/plugins/mcufinder/images/
2025-09-29 17:59:47,277 [WARN] DbFile:41 - Overriding database path with different value: C:\Users\brbar\.stmcufinder\plugins\mcufinder/ => C:\Users\brbar\.stmcufinder\plugins\mcufinder
2025-09-29 17:59:47,277 [INFO] ApiDb:250 - Set database path to: C:\Users\brbar\.stmcufinder\plugins\mcufinder//mcu/
2025-09-29 17:59:47,277 [WARN] DbFile:41 - Overriding database path with different value: C:\Users\brbar\.stmcufinder\plugins\mcufinder/ => C:\Users\brbar\.stmcufinder\plugins\mcufinder
2025-09-29 17:59:47,277 [INFO] DbMcusAds:125 - Set database path to: C:\Users\brbar\.stmcufinder\plugins\mcufinder//mcu/
2025-09-29 17:59:47,277 [WARN] DbFile:41 - Overriding database path with different value: C:\Users\brbar\.stmcufinder\plugins\mcufinder/ => C:\Users\brbar\.stmcufinder\plugins\mcufinder
2025-09-29 17:59:47,277 [WARN] DbFile:41 - Overriding database path with different value: C:\Users\brbar\.stmcufinder\plugins\mcufinder/ => C:\Users\brbar\.stmcufinder\plugins\mcufinder
2025-09-29 17:59:47,278 [INFO] CrossReferenceDbSqlite:203 - Set database path to: C:\Users\brbar\.stmcufinder\plugins\mcufinder//mcu/cs/
2025-09-29 17:59:47,404 [INFO] MainPanel:274 - HeapMemory: 268435456
2025-09-29 17:59:47,573 [INFO] DbMcusXml:78 - Set database path to: C:\ST\STM32CubeIDE_1.13.1\STM32CubeIDE\plugins\com.st.stm32cube.common.mx_6.15.0.202507011659\\db\/mcu/
2025-09-29 17:59:47,574 [INFO] ApiDb:274 - Set plugin database path to: C:\ST\STM32CubeIDE_1.13.1\STM32CubeIDE\plugins\com.st.stm32cube.common.mx_6.15.0.202507011659\\db\/plugins/boardmanager/
2025-09-29 17:59:47,574 [INFO] ApiDb:261 - Set plugin images path to: C:\ST\STM32CubeIDE_1.13.1\STM32CubeIDE\plugins\com.st.stm32cube.common.mx_6.15.0.202507011659\\db\/plugins/mcufinder/images/
2025-09-29 17:59:47,574 [WARN] DbFile:41 - Overriding database path with different value: C:\Users\brbar\.stmcufinder\plugins\mcufinder/ => C:\Users\brbar\.stmcufinder\plugins\mcufinder
2025-09-29 17:59:47,574 [INFO] ApiDb:250 - Set database path to: C:\Users\brbar\.stmcufinder\plugins\mcufinder//mcu/
2025-09-29 17:59:47,574 [WARN] DbFile:41 - Overriding database path with different value: C:\Users\brbar\.stmcufinder\plugins\mcufinder/ => C:\Users\brbar\.stmcufinder\plugins\mcufinder
2025-09-29 17:59:47,575 [INFO] DbMcusAds:125 - Set database path to: C:\Users\brbar\.stmcufinder\plugins\mcufinder//mcu/
2025-09-29 17:59:47,575 [WARN] DbFile:41 - Overriding database path with different value: C:\Users\brbar\.stmcufinder\plugins\mcufinder/ => C:\Users\brbar\.stmcufinder\plugins\mcufinder
2025-09-29 17:59:47,575 [WARN] DbFile:41 - Overriding database path with different value: C:\Users\brbar\.stmcufinder\plugins\mcufinder/ => C:\Users\brbar\.stmcufinder\plugins\mcufinder
2025-09-29 17:59:47,575 [INFO] CrossReferenceDbSqlite:203 - Set database path to: C:\Users\brbar\.stmcufinder\plugins\mcufinder//mcu/cs/
2025-09-29 17:59:47,603 [INFO] ApplicationProperties:184 - Using Application install path: C:\ST\STM32CubeIDE_1.13.1\STM32CubeIDE\plugins\com.st.stm32cube.common.mx_6.15.0.202507011659
2025-09-29 17:59:47,605 [INFO] PluginManage:196 - Search for loadable plugins [exclusion list=, ]
2025-09-29 17:59:47,608 [INFO] PluginManage:310 - Check plugin analytics
2025-09-29 17:59:47,909 [INFO] AnalyticsPlugin:253 - Accepted Software Licenses: 
2025-09-29 17:59:47,910 [INFO] AnalyticsPlugin:255 - Accepted CMSIS Pack Licenses: 
2025-09-29 17:59:47,910 [INFO] AnalyticsPlugin:257 - Accepted Firmware Licenses: 
2025-09-29 17:59:47,914 [INFO] PluginManage:359 - Loaded plugin analytics (category:tool,tabindex:-1)
2025-09-29 17:59:47,914 [INFO] PluginManage:310 - Check plugin cadmodel
2025-09-29 17:59:47,923 [INFO] CADModel:105 - Init CAD model plugin
2025-09-29 17:59:47,923 [INFO] PluginManage:359 - Loaded plugin cadmodel (category:power,tabindex:5)
2025-09-29 17:59:47,924 [INFO] PluginManage:310 - Check plugin clock
2025-09-29 17:59:47,942 [INFO] PluginManage:359 - Loaded plugin clock (category:base,tabindex:2)
2025-09-29 17:59:47,942 [INFO] PluginManage:310 - Check plugin ddr
2025-09-29 17:59:47,950 [INFO] PluginManage:359 - Loaded plugin ddr (category:tool,tabindex:6)
2025-09-29 17:59:47,951 [INFO] PluginManage:310 - Check plugin filemanager
2025-09-29 17:59:48,205 [INFO] PluginManage:359 - Loaded plugin filemanager (category:base,tabindex:10)
2025-09-29 17:59:48,205 [INFO] PluginManage:310 - Check plugin ipmanager
2025-09-29 17:59:48,216 [INFO] PluginManage:359 - Loaded plugin ipmanager (category:base,tabindex:5)
2025-09-29 17:59:48,216 [INFO] PluginManage:310 - Check plugin lpbam
2025-09-29 17:59:48,227 [INFO] PluginManage:359 - Loaded plugin lpbam (category:base,tabindex:0)
2025-09-29 17:59:48,228 [INFO] PluginManage:310 - Check plugin memorymap
2025-09-29 17:59:48,264 [INFO] PluginManage:359 - Loaded plugin memorymap (category:base,tabindex:4)
2025-09-29 17:59:48,265 [INFO] PluginManage:310 - Check plugin pinoutandconfiguration
2025-09-29 17:59:48,278 [INFO] PluginManage:359 - Loaded plugin pinoutandconfiguration (category:base,tabindex:1)
2025-09-29 17:59:48,278 [INFO] PluginManage:310 - Check plugin pinoutconfig
2025-09-29 17:59:48,416 [WARN] SupportedApi:132 - Cannot load RTOS API schema: s4s-elt-must-match.1: The content of 'definitions' must match (annotation?, (simpleType | complexType)?, (unique | key | keyref)*)). A problem was found starting at: attribute.
2025-09-29 17:59:48,644 [INFO] PluginManage:359 - Loaded plugin pinoutconfig (category:base,tabindex:0)
2025-09-29 17:59:48,644 [INFO] PluginManage:310 - Check plugin power
2025-09-29 17:59:48,662 [INFO] PluginManage:359 - Loaded plugin power (category:power,tabindex:4)
2025-09-29 17:59:48,662 [INFO] PluginManage:310 - Check plugin projectmanager
2025-09-29 17:59:48,689 [INFO] PluginManage:359 - Loaded plugin projectmanager (category:projectmanager,tabindex:4)
2025-09-29 17:59:48,689 [INFO] PluginManage:310 - Check plugin rif
2025-09-29 17:59:48,711 [INFO] PluginManage:359 - Loaded plugin rif (category:base,tabindex:3)
2025-09-29 17:59:48,711 [INFO] PluginManage:310 - Check plugin thirdparty
2025-09-29 17:59:48,954 [INFO] PluginManage:359 - Loaded plugin thirdparty (category:base,tabindex:-1)
2025-09-29 17:59:48,954 [WARN] IntegrityCheckThread:84 - waiting for thirdparty lock release [integrity check]
2025-09-29 17:59:48,954 [INFO] PluginManage:310 - Check plugin tools
2025-09-29 17:59:48,954 [INFO] IntegrityCheckThread:86 - entering critical section [integrity check]
2025-09-29 17:59:48,955 [INFO] ThirdPartyUpdaterWithRetryManager:70 - Updater plugin not ready yet. [1/15]
2025-09-29 17:59:48,960 [INFO] PluginManage:359 - Loaded plugin tools (category:base,tabindex:7)
2025-09-29 17:59:48,960 [INFO] PluginManage:310 - Check plugin tutovideos
2025-09-29 17:59:49,275 [INFO] PluginManage:359 - Loaded plugin tutovideos (category:base,tabindex:-1)
2025-09-29 17:59:49,275 [INFO] PluginManage:310 - Check plugin updater
2025-09-29 17:59:49,309 [INFO] PluginManage:359 - Loaded plugin updater (category:base,tabindex:12)
2025-09-29 17:59:49,309 [INFO] PluginManage:310 - Check plugin userauth
2025-09-29 17:59:49,316 [INFO] UserAuth:118 - Init User Auth plugin
2025-09-29 17:59:49,317 [INFO] PluginManage:359 - Loaded plugin userauth (category:base,tabindex:14)
2025-09-29 17:59:49,317 [INFO] PluginManage:283 - PluginManage : Loaded plugins [18]
2025-09-29 17:59:49,780 [INFO] PinOutPanel:1589 - setPackage(No Configuration,No Configuration)
2025-09-29 17:59:50,006 [INFO] CADModel:165 - CPN selected for project level
2025-09-29 17:59:50,007 [INFO] CADModel:114 - Register for checkConnection events
2025-09-29 17:59:50,038 [INFO] IPUIPlugin:80 - create IPUIPlugin
2025-09-29 17:59:50,039 [INFO] PluginManager:220 - loadIPPluginJar : add adc
2025-09-29 17:59:50,046 [INFO] IPUIPlugin:80 - create IPUIPlugin
2025-09-29 17:59:50,046 [INFO] PluginManager:220 - loadIPPluginJar : add aes
2025-09-29 17:59:50,055 [INFO] IPUIPlugin:80 - create IPUIPlugin
2025-09-29 17:59:50,055 [INFO] PluginManager:220 - loadIPPluginJar : add can
2025-09-29 17:59:50,059 [INFO] IPUIPlugin:80 - create IPUIPlugin
2025-09-29 17:59:50,060 [INFO] PluginManager:220 - loadIPPluginJar : add comp
2025-09-29 17:59:50,064 [INFO] IPUIPlugin:80 - create IPUIPlugin
2025-09-29 17:59:50,065 [INFO] PluginManager:220 - loadIPPluginJar : add cryp
2025-09-29 17:59:50,072 [INFO] IPUIPlugin:80 - create IPUIPlugin
2025-09-29 17:59:50,073 [INFO] PluginManager:220 - loadIPPluginJar : add ddr_ctrl_phy
2025-09-29 17:59:50,079 [INFO] IPUIPlugin:80 - create IPUIPlugin
2025-09-29 17:59:50,080 [INFO] PluginManager:220 - loadIPPluginJar : add dfsdm
2025-09-29 17:59:50,094 [INFO] IPUIPlugin:80 - create IPUIPlugin
2025-09-29 17:59:50,095 [INFO] PluginManager:220 - loadIPPluginJar : add dma
2025-09-29 17:59:50,101 [INFO] IPUIPlugin:80 - create IPUIPlugin
2025-09-29 17:59:50,101 [INFO] PluginManager:220 - loadIPPluginJar : add dma3
2025-09-29 17:59:50,108 [INFO] IPUIPlugin:80 - create IPUIPlugin
2025-09-29 17:59:50,108 [INFO] PluginManager:220 - loadIPPluginJar : add extmemmanager
2025-09-29 17:59:50,111 [INFO] IPUIPlugin:80 - create IPUIPlugin
2025-09-29 17:59:50,112 [INFO] PluginManager:220 - loadIPPluginJar : add fatfs
2025-09-29 17:59:50,120 [INFO] IPUIPlugin:80 - create IPUIPlugin
2025-09-29 17:59:50,120 [INFO] PluginManager:220 - loadIPPluginJar : add fmc
2025-09-29 17:59:50,134 [INFO] IPUIPlugin:80 - create IPUIPlugin
2025-09-29 17:59:50,138 [INFO] PluginManager:220 - loadIPPluginJar : add freertos
2025-09-29 17:59:50,142 [INFO] IPUIPlugin:80 - create IPUIPlugin
2025-09-29 17:59:50,142 [INFO] PluginManager:220 - loadIPPluginJar : add genericplugin
2025-09-29 17:59:50,148 [INFO] IPUIPlugin:80 - create IPUIPlugin
2025-09-29 17:59:50,148 [INFO] PluginManager:220 - loadIPPluginJar : add gfxmmu
2025-09-29 17:59:50,158 [INFO] IPUIPlugin:80 - create IPUIPlugin
2025-09-29 17:59:50,159 [INFO] PluginManager:220 - loadIPPluginJar : add gic
2025-09-29 17:59:50,166 [INFO] IPUIPlugin:80 - create IPUIPlugin
2025-09-29 17:59:50,166 [INFO] PluginManager:220 - loadIPPluginJar : add gpio
2025-09-29 17:59:50,171 [INFO] IPUIPlugin:80 - create IPUIPlugin
2025-09-29 17:59:50,171 [INFO] PluginManager:220 - loadIPPluginJar : add gtzc
2025-09-29 17:59:50,175 [INFO] IPUIPlugin:80 - create IPUIPlugin
2025-09-29 17:59:50,176 [INFO] PluginManager:220 - loadIPPluginJar : add hash
2025-09-29 17:59:50,180 [INFO] IPUIPlugin:80 - create IPUIPlugin
2025-09-29 17:59:50,181 [INFO] PluginManager:220 - loadIPPluginJar : add i2c
2025-09-29 17:59:50,185 [INFO] IPUIPlugin:80 - create IPUIPlugin
2025-09-29 17:59:50,185 [INFO] PluginManager:220 - loadIPPluginJar : add i2s
2025-09-29 17:59:50,191 [INFO] IPUIPlugin:80 - create IPUIPlugin
2025-09-29 17:59:50,191 [INFO] PluginManager:220 - loadIPPluginJar : add i3c
2025-09-29 17:59:50,197 [INFO] IPUIPlugin:80 - create IPUIPlugin
2025-09-29 17:59:50,197 [INFO] PluginManager:220 - loadIPPluginJar : add ipddr
2025-09-29 17:59:50,207 [INFO] IPUIPlugin:80 - create IPUIPlugin
2025-09-29 17:59:50,207 [INFO] PluginManager:220 - loadIPPluginJar : add linkedlist
2025-09-29 17:59:50,211 [INFO] IPUIPlugin:80 - create IPUIPlugin
2025-09-29 17:59:50,212 [INFO] PluginManager:220 - loadIPPluginJar : add lorawan
2025-09-29 17:59:50,214 [INFO] IPUIPlugin:80 - create IPUIPlugin
2025-09-29 17:59:50,215 [INFO] PluginManager:220 - loadIPPluginJar : add ltdc
2025-09-29 17:59:50,223 [INFO] IPUIPlugin:80 - create IPUIPlugin
2025-09-29 17:59:50,224 [INFO] PluginManager:220 - loadIPPluginJar : add mdma
2025-09-29 17:59:50,229 [INFO] IPUIPlugin:80 - create IPUIPlugin
2025-09-29 17:59:50,230 [INFO] PluginManager:220 - loadIPPluginJar : add nvic
2025-09-29 17:59:50,235 [INFO] IPUIPlugin:80 - create IPUIPlugin
2025-09-29 17:59:50,235 [INFO] PluginManager:220 - loadIPPluginJar : add opamp
2025-09-29 17:59:50,240 [INFO] IPUIPlugin:80 - create IPUIPlugin
2025-09-29 17:59:50,240 [INFO] PluginManager:220 - loadIPPluginJar : add openamp
2025-09-29 17:59:50,245 [INFO] IPUIPlugin:80 - create IPUIPlugin
2025-09-29 17:59:50,245 [INFO] PluginManager:220 - loadIPPluginJar : add pdm2pcm
2025-09-29 17:59:50,256 [INFO] IPUIPlugin:80 - create IPUIPlugin
2025-09-29 17:59:50,260 [INFO] PluginManager:220 - loadIPPluginJar : add plateformsettings
2025-09-29 17:59:50,263 [INFO] IPUIPlugin:80 - create IPUIPlugin
2025-09-29 17:59:50,263 [INFO] PluginManager:220 - loadIPPluginJar : add quadspi
2025-09-29 17:59:50,266 [INFO] IPUIPlugin:80 - create IPUIPlugin
2025-09-29 17:59:50,267 [INFO] PluginManager:220 - loadIPPluginJar : add radio
2025-09-29 17:59:50,273 [INFO] IPUIPlugin:80 - create IPUIPlugin
2025-09-29 17:59:50,273 [INFO] PluginManager:220 - loadIPPluginJar : add resmgrutility
2025-09-29 17:59:50,279 [INFO] IPUIPlugin:80 - create IPUIPlugin
2025-09-29 17:59:50,280 [INFO] PluginManager:220 - loadIPPluginJar : add sai
2025-09-29 17:59:50,284 [INFO] IPUIPlugin:80 - create IPUIPlugin
2025-09-29 17:59:50,285 [INFO] PluginManager:220 - loadIPPluginJar : add spi
2025-09-29 17:59:50,294 [INFO] IPUIPlugin:80 - create IPUIPlugin
2025-09-29 17:59:50,295 [INFO] PluginManager:220 - loadIPPluginJar : add stm32_wpan
2025-09-29 17:59:50,298 [INFO] IPUIPlugin:80 - create IPUIPlugin
2025-09-29 17:59:50,298 [INFO] PluginManager:220 - loadIPPluginJar : add tim
2025-09-29 17:59:50,305 [INFO] IPUIPlugin:80 - create IPUIPlugin
2025-09-29 17:59:50,305 [INFO] PluginManager:220 - loadIPPluginJar : add touchsensing
2025-09-29 17:59:50,311 [INFO] IPUIPlugin:80 - create IPUIPlugin
2025-09-29 17:59:50,311 [INFO] PluginManager:220 - loadIPPluginJar : add tracer_emb
2025-09-29 17:59:50,316 [INFO] IPUIPlugin:80 - create IPUIPlugin
2025-09-29 17:59:50,316 [INFO] PluginManager:220 - loadIPPluginJar : add ts
2025-09-29 17:59:50,319 [INFO] IPUIPlugin:80 - create IPUIPlugin
2025-09-29 17:59:50,319 [INFO] PluginManager:220 - loadIPPluginJar : add tsc
2025-09-29 17:59:50,323 [INFO] IPUIPlugin:80 - create IPUIPlugin
2025-09-29 17:59:50,324 [INFO] PluginManager:220 - loadIPPluginJar : add ucpd
2025-09-29 17:59:50,329 [INFO] IPUIPlugin:80 - create IPUIPlugin
2025-09-29 17:59:50,329 [INFO] PluginManager:220 - loadIPPluginJar : add usart
2025-09-29 17:59:50,334 [INFO] IPUIPlugin:80 - create IPUIPlugin
2025-09-29 17:59:50,334 [INFO] PluginManager:220 - loadIPPluginJar : add usbx
2025-09-29 17:59:50,656 [FATAL] Updater:351 - Updater called before beeing initialized
2025-09-29 17:59:50,754 [INFO] RulesReader:64 - Compatibility file has been processed (317 Rules)
2025-09-29 17:59:50,791 [INFO] RulesReader:64 - Compatibility file has been processed (317 Rules)
2025-09-29 17:59:50,803 [INFO] CADModel:165 - CPN selected for project level
2025-09-29 17:59:50,803 [INFO] CADModel:114 - Register for checkConnection events
2025-09-29 17:59:50,803 [FATAL] Updater:351 - Updater called before beeing initialized
2025-09-29 17:59:50,803 [ERROR] CADModel:125 - Updater not yet initialized, retry later 
2025-09-29 17:59:51,377 [FATAL] Updater:351 - Updater called before beeing initialized
2025-09-29 17:59:51,383 [INFO] CADModel:165 - CPN selected for project level
2025-09-29 17:59:51,383 [INFO] CADModel:114 - Register for checkConnection events
2025-09-29 17:59:51,383 [FATAL] Updater:351 - Updater called before beeing initialized
2025-09-29 17:59:51,383 [ERROR] CADModel:125 - Updater not yet initialized, retry later 
2025-09-29 17:59:51,391 [FATAL] Updater:351 - Updater called before beeing initialized
2025-09-29 17:59:51,786 [FATAL] Updater:351 - Updater called before beeing initialized
2025-09-29 17:59:51,787 [INFO] DbMcusAds:53 - JSON generation date=Tue Jul 08 11:14:23 EEST 2025 (1751962463524)
2025-09-29 17:59:51,787 [FATAL] Updater:351 - Updater called before beeing initialized
2025-09-29 17:59:51,964 [INFO] ThirdPartyUpdaterWithRetryManager:70 - Updater plugin not ready yet. [2/15]
2025-09-29 17:59:51,980 [WARN] DetailPanel:346 - Failed to get advertising image, set to default
2025-09-29 17:59:52,352 [FATAL] Updater:351 - Updater called before beeing initialized
2025-09-29 17:59:52,352 [FATAL] Updater:351 - Updater called before beeing initialized
2025-09-29 17:59:52,352 [FATAL] Updater:351 - Updater called before beeing initialized
2025-09-29 17:59:52,352 [WARN] DetailPanel:346 - Failed to get advertising image, set to default
2025-09-29 17:59:52,363 [FATAL] Updater:351 - Updater called before beeing initialized
2025-09-29 17:59:52,557 [ERROR] Updater:1198 - MainUpdater not yet initialized. External WinMGr cannot be set.
2025-09-29 17:59:52,571 [INFO] Updater:1134 - Updater Version found : 6.15.0
2025-09-29 17:59:52,635 [INFO] ApplicationProperties:184 - Using Application install path: C:\ST\STM32CubeIDE_1.13.1\STM32CubeIDE\plugins\com.st.stm32cube.common.mx_6.15.0.202507011659
2025-09-29 17:59:54,322 [ERROR] LogOutputStream:75 - [STDERR_REDIRECT] Sep 29, 2025 5:59:54 PM java.util.prefs.WindowsPreferences <init>
2025-09-29 17:59:54,331 [ERROR] LogOutputStream:75 - [STDERR_REDIRECT] WARNING: Could not open/create prefs root node Software\JavaSoft\Prefs at root 0xffffffff80000002. Windows RegCreateKeyEx(...) returned error code 5.
2025-09-29 17:59:54,331 [ERROR] LogOutputStream:75 - [STDERR_REDIRECT] 
2025-09-29 17:59:54,970 [FATAL] Updater:351 - Updater called before beeing initialized
2025-09-29 17:59:54,974 [ERROR] IntegrityCheckThread:130 - Cannot retrieve database content from updater: error 21
2025-09-29 17:59:54,977 [INFO] ThirdParty:978 - Integrity check success = false
2025-09-29 17:59:54,977 [INFO] IntegrityCheckThread:100 - exiting critical section [integrity check]
2025-09-29 17:59:54,977 [INFO] IntegrityCheckThread:103 - End integrity checks thread
2025-09-29 18:00:00,657 [WARN] CheckConnectionManager:291 - Warning during Server Connection :  timeout Read timed out
2025-09-29 18:00:03,886 [INFO] MainUpdater:2872 - connection check result : 10
2025-09-29 18:00:03,887 [INFO] MainUpdater:3604 - Updater definition file requires update
2025-09-29 18:00:03,887 [INFO] MainUpdater:289 - Updater Check For Update Now.
2025-09-29 18:00:03,887 [INFO] MicroXplorer:498 - Change Database Version : DB.6.0.150
2025-09-29 18:00:03,909 [INFO] McuFinderGlobals:63 - Set McuFinder mode to 2 (CubeIDE integrated)
2025-09-29 18:00:03,913 [INFO] UserAuth:487 - Internet connection configuration mode: 1
2025-09-29 18:00:03,991 [INFO] JxBrowserEngine:152 - Initiate JxBrowser Engine with user profile folder
2025-09-29 18:00:10,128 [INFO] ServerAccessManage:452 - Complete download http(s) 200
2025-09-29 18:00:10,133 [INFO] ServerAccessManage:509 - Download File updaters.zip
2025-09-29 18:00:10,489 [INFO] FileExtend:248 - Unzip File : updaters.zip
2025-09-29 18:00:10,489 [INFO] FileExtend:263 - Standard Zip Deflate
2025-09-29 18:00:12,390 [INFO] ServerAccessManage:452 - Complete download http(s) 200
2025-09-29 18:00:12,392 [INFO] ServerAccessManage:509 - Download File PacksControlFlags.xml
2025-09-29 18:00:12,667 [INFO] ServerAccessManage:452 - Complete download http(s) 200
2025-09-29 18:00:12,667 [INFO] ServerAccessManage:509 - Download File cubemx.pidx
2025-09-29 18:00:16,341 [INFO] WebApp:169 - Instantiating new browser for Auth
2025-09-29 18:00:17,445 [INFO] ServerAccessManage:452 - Complete download http(s) 200
2025-09-29 18:00:17,449 [INFO] ServerAccessManage:509 - Download File STMicroelectronics.X-CUBE-TOUCHGFX.pdsc
2025-09-29 18:00:25,966 [INFO] WebApp:463 - Apply proxy settings
2025-09-29 18:00:25,966 [INFO] WebApp:548 - Chromium requires no authentication
2025-09-29 18:00:26,000 [INFO] WebApp:491 - Direct internet connection detected
2025-09-29 18:00:26,081 [INFO] WebApp:900 - Register for checkConnection events
2025-09-29 18:00:26,081 [INFO] WebApp:463 - Apply proxy settings
2025-09-29 18:00:26,081 [INFO] WebApp:548 - Chromium requires no authentication
2025-09-29 18:00:26,081 [INFO] WebApp:491 - Direct internet connection detected
2025-09-29 18:00:26,767 [INFO] WebApp:225 - Starting web application
2025-09-29 18:00:26,767 [INFO] WebApp:593 - Web application path used C:\ST\STM32CubeIDE_1.13.1\STM32CubeIDE\plugins\com.st.stm32cube.common.mx_6.15.0.202507011659\db\plugins\mcufinder\reactClient1\index.html
2025-09-29 18:00:27,048 [INFO] UserAuth:487 - Internet connection configuration mode: 1
2025-09-29 18:00:38,027 [INFO] WebApp:191 - Connection restablished
2025-09-29 18:01:03,914 [WARN] PackLoader:240 - Cannot read IP mode file for STMicroelectronics.X-CUBE-TOUCHGFX.4.26.0
2025-09-29 18:01:03,916 [INFO] PopulateThirdPartyThread:66 - Ending populate Thread
2025-09-29 18:01:03,919 [INFO] ThirdParty:1030 - CMSIS Pack Vendor :STMicroelectronics X-CUBE-TOUCHGFX 4.26.0
2025-09-29 18:01:03,919 [INFO] LoadServerUpdatesThread:375 - End of LoadServerUpdate Thread
2025-09-29 18:01:03,989 [INFO] CheckServerUpdateThread:120 - End of CheckServer Thread
2025-09-29 18:06:54,141 [INFO] WebApp:194 - Connection lost
2025-09-29 18:06:55,323 [INFO] WebApp:191 - Connection restablished
2025-09-29 18:51:08,065 [ERROR] LogOutputStream:75 - [STDERR_REDIRECT] 
2025-09-29 18:51:08,090 [ERROR] LogOutputStream:75 - [STDERR_REDIRECT] 
2025-09-29 19:15:08,628 [INFO] Activator:176 - 


2025-09-29 19:15:08,628 [INFO] Activator:177 - !SESSION log4j initialized
2025-09-29 19:15:29,169 [INFO] LogOutputStream:77 - [STDOUT_REDIRECT] 
2025-09-29 19:15:30,894 [INFO] ApplicationProperties:184 - Using Application install path: C:\ST\STM32CubeIDE_1.13.1\STM32CubeIDE\plugins\com.st.stm32cube.common.mx_6.15.0.202507011659
2025-09-29 19:15:30,935 [INFO] DbMcusXml:78 - Set database path to: C:\ST\STM32CubeIDE_1.13.1\STM32CubeIDE\plugins\com.st.stm32cube.common.mx_6.15.0.202507011659\\db\/mcu/
2025-09-29 19:15:30,936 [INFO] ApiDb:274 - Set plugin database path to: C:\ST\STM32CubeIDE_1.13.1\STM32CubeIDE\plugins\com.st.stm32cube.common.mx_6.15.0.202507011659\\db\/plugins/boardmanager/
2025-09-29 19:15:30,936 [WARN] ApiDb:259 - Overriding images path with different value:  => C:\ST\STM32CubeIDE_1.13.1\STM32CubeIDE\plugins\com.st.stm32cube.common.mx_6.15.0.202507011659\\db\/plugins/mcufinder/images/
2025-09-29 19:15:30,951 [INFO] ApiDb:250 - Set database path to: C:\Users\brbar\.stmcufinder\plugins\mcufinder//mcu/
2025-09-29 19:15:30,952 [INFO] DbMcusAds:125 - Set database path to: C:\Users\brbar\.stmcufinder\plugins\mcufinder//mcu/
2025-09-29 19:15:30,956 [INFO] CrossReferenceDbSqlite:203 - Set database path to: C:\Users\brbar\.stmcufinder\plugins\mcufinder//mcu/cs/
2025-09-29 19:15:31,166 [INFO] RulesReader:64 - Compatibility file has been processed (317 Rules)
2025-09-29 19:15:31,378 [INFO] DbMcusXml:78 - Set database path to: C:\ST\STM32CubeIDE_1.13.1\STM32CubeIDE\plugins\com.st.stm32cube.common.mx_6.15.0.202507011659\\db\/mcu/
2025-09-29 19:15:31,378 [INFO] ApiDb:274 - Set plugin database path to: C:\ST\STM32CubeIDE_1.13.1\STM32CubeIDE\plugins\com.st.stm32cube.common.mx_6.15.0.202507011659\\db\/plugins/boardmanager/
2025-09-29 19:15:31,378 [INFO] ApiDb:261 - Set plugin images path to: C:\ST\STM32CubeIDE_1.13.1\STM32CubeIDE\plugins\com.st.stm32cube.common.mx_6.15.0.202507011659\\db\/plugins/mcufinder/images/
2025-09-29 19:15:31,379 [WARN] DbFile:41 - Overriding database path with different value: C:\Users\brbar\.stmcufinder\plugins\mcufinder/ => C:\Users\brbar\.stmcufinder\plugins\mcufinder
2025-09-29 19:15:31,379 [INFO] ApiDb:250 - Set database path to: C:\Users\brbar\.stmcufinder\plugins\mcufinder//mcu/
2025-09-29 19:15:31,379 [WARN] DbFile:41 - Overriding database path with different value: C:\Users\brbar\.stmcufinder\plugins\mcufinder/ => C:\Users\brbar\.stmcufinder\plugins\mcufinder
2025-09-29 19:15:31,379 [INFO] DbMcusAds:125 - Set database path to: C:\Users\brbar\.stmcufinder\plugins\mcufinder//mcu/
2025-09-29 19:15:31,379 [WARN] DbFile:41 - Overriding database path with different value: C:\Users\brbar\.stmcufinder\plugins\mcufinder/ => C:\Users\brbar\.stmcufinder\plugins\mcufinder
2025-09-29 19:15:31,381 [WARN] DbFile:41 - Overriding database path with different value: C:\Users\brbar\.stmcufinder\plugins\mcufinder/ => C:\Users\brbar\.stmcufinder\plugins\mcufinder
2025-09-29 19:15:31,381 [INFO] CrossReferenceDbSqlite:203 - Set database path to: C:\Users\brbar\.stmcufinder\plugins\mcufinder//mcu/cs/
2025-09-29 19:15:31,577 [INFO] MainPanel:274 - HeapMemory: 268435456
2025-09-29 19:15:31,802 [INFO] DbMcusXml:78 - Set database path to: C:\ST\STM32CubeIDE_1.13.1\STM32CubeIDE\plugins\com.st.stm32cube.common.mx_6.15.0.202507011659\\db\/mcu/
2025-09-29 19:15:31,802 [INFO] ApiDb:274 - Set plugin database path to: C:\ST\STM32CubeIDE_1.13.1\STM32CubeIDE\plugins\com.st.stm32cube.common.mx_6.15.0.202507011659\\db\/plugins/boardmanager/
2025-09-29 19:15:31,803 [INFO] ApiDb:261 - Set plugin images path to: C:\ST\STM32CubeIDE_1.13.1\STM32CubeIDE\plugins\com.st.stm32cube.common.mx_6.15.0.202507011659\\db\/plugins/mcufinder/images/
2025-09-29 19:15:31,804 [WARN] DbFile:41 - Overriding database path with different value: C:\Users\brbar\.stmcufinder\plugins\mcufinder/ => C:\Users\brbar\.stmcufinder\plugins\mcufinder
2025-09-29 19:15:31,804 [INFO] ApiDb:250 - Set database path to: C:\Users\brbar\.stmcufinder\plugins\mcufinder//mcu/
2025-09-29 19:15:31,805 [WARN] DbFile:41 - Overriding database path with different value: C:\Users\brbar\.stmcufinder\plugins\mcufinder/ => C:\Users\brbar\.stmcufinder\plugins\mcufinder
2025-09-29 19:15:31,805 [INFO] DbMcusAds:125 - Set database path to: C:\Users\brbar\.stmcufinder\plugins\mcufinder//mcu/
2025-09-29 19:15:31,806 [WARN] DbFile:41 - Overriding database path with different value: C:\Users\brbar\.stmcufinder\plugins\mcufinder/ => C:\Users\brbar\.stmcufinder\plugins\mcufinder
2025-09-29 19:15:31,806 [WARN] DbFile:41 - Overriding database path with different value: C:\Users\brbar\.stmcufinder\plugins\mcufinder/ => C:\Users\brbar\.stmcufinder\plugins\mcufinder
2025-09-29 19:15:31,806 [INFO] CrossReferenceDbSqlite:203 - Set database path to: C:\Users\brbar\.stmcufinder\plugins\mcufinder//mcu/cs/
2025-09-29 19:15:31,849 [INFO] ApplicationProperties:184 - Using Application install path: C:\ST\STM32CubeIDE_1.13.1\STM32CubeIDE\plugins\com.st.stm32cube.common.mx_6.15.0.202507011659
2025-09-29 19:15:31,852 [INFO] PluginManage:196 - Search for loadable plugins [exclusion list=, ]
2025-09-29 19:15:31,857 [INFO] PluginManage:310 - Check plugin analytics
2025-09-29 19:15:32,239 [INFO] AnalyticsPlugin:253 - Accepted Software Licenses: 
2025-09-29 19:15:32,240 [INFO] AnalyticsPlugin:255 - Accepted CMSIS Pack Licenses: 
2025-09-29 19:15:32,240 [INFO] AnalyticsPlugin:257 - Accepted Firmware Licenses: 
2025-09-29 19:15:32,245 [INFO] PluginManage:359 - Loaded plugin analytics (category:tool,tabindex:-1)
2025-09-29 19:15:32,246 [INFO] PluginManage:310 - Check plugin cadmodel
2025-09-29 19:15:32,256 [INFO] CADModel:105 - Init CAD model plugin
2025-09-29 19:15:32,256 [INFO] PluginManage:359 - Loaded plugin cadmodel (category:power,tabindex:5)
2025-09-29 19:15:32,257 [INFO] PluginManage:310 - Check plugin clock
2025-09-29 19:15:32,272 [INFO] PluginManage:359 - Loaded plugin clock (category:base,tabindex:2)
2025-09-29 19:15:32,273 [INFO] PluginManage:310 - Check plugin ddr
2025-09-29 19:15:32,277 [INFO] PluginManage:359 - Loaded plugin ddr (category:tool,tabindex:6)
2025-09-29 19:15:32,278 [INFO] PluginManage:310 - Check plugin filemanager
2025-09-29 19:15:32,495 [INFO] PluginManage:359 - Loaded plugin filemanager (category:base,tabindex:10)
2025-09-29 19:15:32,496 [INFO] PluginManage:310 - Check plugin ipmanager
2025-09-29 19:15:32,508 [INFO] PluginManage:359 - Loaded plugin ipmanager (category:base,tabindex:5)
2025-09-29 19:15:32,509 [INFO] PluginManage:310 - Check plugin lpbam
2025-09-29 19:15:32,522 [INFO] PluginManage:359 - Loaded plugin lpbam (category:base,tabindex:0)
2025-09-29 19:15:32,523 [INFO] PluginManage:310 - Check plugin memorymap
2025-09-29 19:15:32,552 [INFO] PluginManage:359 - Loaded plugin memorymap (category:base,tabindex:4)
2025-09-29 19:15:32,552 [INFO] PluginManage:310 - Check plugin pinoutandconfiguration
2025-09-29 19:15:32,568 [INFO] PluginManage:359 - Loaded plugin pinoutandconfiguration (category:base,tabindex:1)
2025-09-29 19:15:32,569 [INFO] PluginManage:310 - Check plugin pinoutconfig
2025-09-29 19:15:32,709 [WARN] SupportedApi:132 - Cannot load RTOS API schema: s4s-elt-must-match.1: The content of 'definitions' must match (annotation?, (simpleType | complexType)?, (unique | key | keyref)*)). A problem was found starting at: attribute.
2025-09-29 19:15:32,932 [INFO] PluginManage:359 - Loaded plugin pinoutconfig (category:base,tabindex:0)
2025-09-29 19:15:32,932 [INFO] PluginManage:310 - Check plugin power
2025-09-29 19:15:32,949 [INFO] PluginManage:359 - Loaded plugin power (category:power,tabindex:4)
2025-09-29 19:15:32,949 [INFO] PluginManage:310 - Check plugin projectmanager
2025-09-29 19:15:32,978 [INFO] PluginManage:359 - Loaded plugin projectmanager (category:projectmanager,tabindex:4)
2025-09-29 19:15:32,978 [INFO] PluginManage:310 - Check plugin rif
2025-09-29 19:15:32,995 [INFO] PluginManage:359 - Loaded plugin rif (category:base,tabindex:3)
2025-09-29 19:15:32,995 [INFO] PluginManage:310 - Check plugin thirdparty
2025-09-29 19:15:33,283 [INFO] PluginManage:359 - Loaded plugin thirdparty (category:base,tabindex:-1)
2025-09-29 19:15:33,283 [INFO] PluginManage:310 - Check plugin tools
2025-09-29 19:15:33,283 [WARN] IntegrityCheckThread:84 - waiting for thirdparty lock release [integrity check]
2025-09-29 19:15:33,284 [INFO] IntegrityCheckThread:86 - entering critical section [integrity check]
2025-09-29 19:15:33,284 [INFO] ThirdPartyUpdaterWithRetryManager:70 - Updater plugin not ready yet. [1/15]
2025-09-29 19:15:33,288 [INFO] PluginManage:359 - Loaded plugin tools (category:base,tabindex:7)
2025-09-29 19:15:33,288 [INFO] PluginManage:310 - Check plugin tutovideos
2025-09-29 19:15:33,758 [INFO] PluginManage:359 - Loaded plugin tutovideos (category:base,tabindex:-1)
2025-09-29 19:15:33,758 [INFO] PluginManage:310 - Check plugin updater
2025-09-29 19:15:33,791 [INFO] PluginManage:359 - Loaded plugin updater (category:base,tabindex:12)
2025-09-29 19:15:33,792 [INFO] PluginManage:310 - Check plugin userauth
2025-09-29 19:15:33,798 [INFO] UserAuth:118 - Init User Auth plugin
2025-09-29 19:15:33,800 [INFO] PluginManage:359 - Loaded plugin userauth (category:base,tabindex:14)
2025-09-29 19:15:33,801 [INFO] PluginManage:283 - PluginManage : Loaded plugins [18]
2025-09-29 19:15:34,151 [INFO] PinOutPanel:1589 - setPackage(No Configuration,No Configuration)
2025-09-29 19:15:34,334 [INFO] CADModel:165 - CPN selected for project level
2025-09-29 19:15:34,335 [INFO] CADModel:114 - Register for checkConnection events
2025-09-29 19:15:34,372 [INFO] IPUIPlugin:80 - create IPUIPlugin
2025-09-29 19:15:34,373 [INFO] PluginManager:220 - loadIPPluginJar : add adc
2025-09-29 19:15:34,379 [INFO] IPUIPlugin:80 - create IPUIPlugin
2025-09-29 19:15:34,381 [INFO] PluginManager:220 - loadIPPluginJar : add aes
2025-09-29 19:15:34,385 [INFO] IPUIPlugin:80 - create IPUIPlugin
2025-09-29 19:15:34,386 [INFO] PluginManager:220 - loadIPPluginJar : add can
2025-09-29 19:15:34,389 [INFO] IPUIPlugin:80 - create IPUIPlugin
2025-09-29 19:15:34,389 [INFO] PluginManager:220 - loadIPPluginJar : add comp
2025-09-29 19:15:34,395 [INFO] IPUIPlugin:80 - create IPUIPlugin
2025-09-29 19:15:34,395 [INFO] PluginManager:220 - loadIPPluginJar : add cryp
2025-09-29 19:15:34,402 [INFO] IPUIPlugin:80 - create IPUIPlugin
2025-09-29 19:15:34,404 [INFO] PluginManager:220 - loadIPPluginJar : add ddr_ctrl_phy
2025-09-29 19:15:34,410 [INFO] IPUIPlugin:80 - create IPUIPlugin
2025-09-29 19:15:34,411 [INFO] PluginManager:220 - loadIPPluginJar : add dfsdm
2025-09-29 19:15:34,424 [INFO] IPUIPlugin:80 - create IPUIPlugin
2025-09-29 19:15:34,425 [INFO] PluginManager:220 - loadIPPluginJar : add dma
2025-09-29 19:15:34,431 [INFO] IPUIPlugin:80 - create IPUIPlugin
2025-09-29 19:15:34,431 [INFO] PluginManager:220 - loadIPPluginJar : add dma3
2025-09-29 19:15:34,438 [INFO] IPUIPlugin:80 - create IPUIPlugin
2025-09-29 19:15:34,439 [INFO] PluginManager:220 - loadIPPluginJar : add extmemmanager
2025-09-29 19:15:34,444 [INFO] IPUIPlugin:80 - create IPUIPlugin
2025-09-29 19:15:34,445 [INFO] PluginManager:220 - loadIPPluginJar : add fatfs
2025-09-29 19:15:34,454 [INFO] IPUIPlugin:80 - create IPUIPlugin
2025-09-29 19:15:34,454 [INFO] PluginManager:220 - loadIPPluginJar : add fmc
2025-09-29 19:15:34,466 [INFO] IPUIPlugin:80 - create IPUIPlugin
2025-09-29 19:15:34,467 [INFO] PluginManager:220 - loadIPPluginJar : add freertos
2025-09-29 19:15:34,470 [INFO] IPUIPlugin:80 - create IPUIPlugin
2025-09-29 19:15:34,471 [INFO] PluginManager:220 - loadIPPluginJar : add genericplugin
2025-09-29 19:15:34,478 [INFO] IPUIPlugin:80 - create IPUIPlugin
2025-09-29 19:15:34,478 [INFO] PluginManager:220 - loadIPPluginJar : add gfxmmu
2025-09-29 19:15:34,489 [INFO] IPUIPlugin:80 - create IPUIPlugin
2025-09-29 19:15:34,489 [INFO] PluginManager:220 - loadIPPluginJar : add gic
2025-09-29 19:15:34,498 [INFO] IPUIPlugin:80 - create IPUIPlugin
2025-09-29 19:15:34,498 [INFO] PluginManager:220 - loadIPPluginJar : add gpio
2025-09-29 19:15:34,504 [INFO] IPUIPlugin:80 - create IPUIPlugin
2025-09-29 19:15:34,505 [INFO] PluginManager:220 - loadIPPluginJar : add gtzc
2025-09-29 19:15:34,512 [INFO] IPUIPlugin:80 - create IPUIPlugin
2025-09-29 19:15:34,513 [INFO] PluginManager:220 - loadIPPluginJar : add hash
2025-09-29 19:15:34,519 [INFO] IPUIPlugin:80 - create IPUIPlugin
2025-09-29 19:15:34,519 [INFO] PluginManager:220 - loadIPPluginJar : add i2c
2025-09-29 19:15:34,525 [INFO] IPUIPlugin:80 - create IPUIPlugin
2025-09-29 19:15:34,526 [INFO] PluginManager:220 - loadIPPluginJar : add i2s
2025-09-29 19:15:34,533 [INFO] IPUIPlugin:80 - create IPUIPlugin
2025-09-29 19:15:34,534 [INFO] PluginManager:220 - loadIPPluginJar : add i3c
2025-09-29 19:15:34,542 [INFO] IPUIPlugin:80 - create IPUIPlugin
2025-09-29 19:15:34,543 [INFO] PluginManager:220 - loadIPPluginJar : add ipddr
2025-09-29 19:15:34,560 [INFO] IPUIPlugin:80 - create IPUIPlugin
2025-09-29 19:15:34,561 [INFO] PluginManager:220 - loadIPPluginJar : add linkedlist
2025-09-29 19:15:34,569 [INFO] IPUIPlugin:80 - create IPUIPlugin
2025-09-29 19:15:34,569 [INFO] PluginManager:220 - loadIPPluginJar : add lorawan
2025-09-29 19:15:34,573 [INFO] IPUIPlugin:80 - create IPUIPlugin
2025-09-29 19:15:34,574 [INFO] PluginManager:220 - loadIPPluginJar : add ltdc
2025-09-29 19:15:34,587 [INFO] IPUIPlugin:80 - create IPUIPlugin
2025-09-29 19:15:34,588 [INFO] PluginManager:220 - loadIPPluginJar : add mdma
2025-09-29 19:15:34,596 [INFO] IPUIPlugin:80 - create IPUIPlugin
2025-09-29 19:15:34,597 [INFO] PluginManager:220 - loadIPPluginJar : add nvic
2025-09-29 19:15:34,604 [INFO] IPUIPlugin:80 - create IPUIPlugin
2025-09-29 19:15:34,604 [INFO] PluginManager:220 - loadIPPluginJar : add opamp
2025-09-29 19:15:34,612 [INFO] IPUIPlugin:80 - create IPUIPlugin
2025-09-29 19:15:34,612 [INFO] PluginManager:220 - loadIPPluginJar : add openamp
2025-09-29 19:15:34,620 [INFO] IPUIPlugin:80 - create IPUIPlugin
2025-09-29 19:15:34,620 [INFO] PluginManager:220 - loadIPPluginJar : add pdm2pcm
2025-09-29 19:15:34,631 [INFO] IPUIPlugin:80 - create IPUIPlugin
2025-09-29 19:15:34,636 [INFO] PluginManager:220 - loadIPPluginJar : add plateformsettings
2025-09-29 19:15:34,644 [INFO] IPUIPlugin:80 - create IPUIPlugin
2025-09-29 19:15:34,644 [INFO] PluginManager:220 - loadIPPluginJar : add quadspi
2025-09-29 19:15:34,649 [INFO] IPUIPlugin:80 - create IPUIPlugin
2025-09-29 19:15:34,650 [INFO] PluginManager:220 - loadIPPluginJar : add radio
2025-09-29 19:15:34,659 [INFO] IPUIPlugin:80 - create IPUIPlugin
2025-09-29 19:15:34,659 [INFO] PluginManager:220 - loadIPPluginJar : add resmgrutility
2025-09-29 19:15:34,671 [INFO] IPUIPlugin:80 - create IPUIPlugin
2025-09-29 19:15:34,671 [INFO] PluginManager:220 - loadIPPluginJar : add sai
2025-09-29 19:15:34,677 [INFO] IPUIPlugin:80 - create IPUIPlugin
2025-09-29 19:15:34,678 [INFO] PluginManager:220 - loadIPPluginJar : add spi
2025-09-29 19:15:34,688 [INFO] IPUIPlugin:80 - create IPUIPlugin
2025-09-29 19:15:34,689 [INFO] PluginManager:220 - loadIPPluginJar : add stm32_wpan
2025-09-29 19:15:34,693 [INFO] IPUIPlugin:80 - create IPUIPlugin
2025-09-29 19:15:34,693 [INFO] PluginManager:220 - loadIPPluginJar : add tim
2025-09-29 19:15:34,699 [INFO] IPUIPlugin:80 - create IPUIPlugin
2025-09-29 19:15:34,699 [INFO] PluginManager:220 - loadIPPluginJar : add touchsensing
2025-09-29 19:15:34,706 [INFO] IPUIPlugin:80 - create IPUIPlugin
2025-09-29 19:15:34,707 [INFO] PluginManager:220 - loadIPPluginJar : add tracer_emb
2025-09-29 19:15:34,711 [INFO] IPUIPlugin:80 - create IPUIPlugin
2025-09-29 19:15:34,711 [INFO] PluginManager:220 - loadIPPluginJar : add ts
2025-09-29 19:15:34,716 [INFO] IPUIPlugin:80 - create IPUIPlugin
2025-09-29 19:15:34,716 [INFO] PluginManager:220 - loadIPPluginJar : add tsc
2025-09-29 19:15:34,721 [INFO] IPUIPlugin:80 - create IPUIPlugin
2025-09-29 19:15:34,721 [INFO] PluginManager:220 - loadIPPluginJar : add ucpd
2025-09-29 19:15:34,726 [INFO] IPUIPlugin:80 - create IPUIPlugin
2025-09-29 19:15:34,727 [INFO] PluginManager:220 - loadIPPluginJar : add usart
2025-09-29 19:15:34,734 [INFO] IPUIPlugin:80 - create IPUIPlugin
2025-09-29 19:15:34,734 [INFO] PluginManager:220 - loadIPPluginJar : add usbx
2025-09-29 19:15:34,978 [FATAL] Updater:351 - Updater called before beeing initialized
2025-09-29 19:15:35,018 [INFO] RulesReader:64 - Compatibility file has been processed (317 Rules)
2025-09-29 19:15:35,036 [INFO] RulesReader:64 - Compatibility file has been processed (317 Rules)
2025-09-29 19:15:35,049 [INFO] CADModel:165 - CPN selected for project level
2025-09-29 19:15:35,050 [INFO] CADModel:114 - Register for checkConnection events
2025-09-29 19:15:35,050 [FATAL] Updater:351 - Updater called before beeing initialized
2025-09-29 19:15:35,050 [ERROR] CADModel:125 - Updater not yet initialized, retry later 
2025-09-29 19:15:35,326 [FATAL] Updater:351 - Updater called before beeing initialized
2025-09-29 19:15:35,329 [INFO] CADModel:165 - CPN selected for project level
2025-09-29 19:15:35,329 [INFO] CADModel:114 - Register for checkConnection events
2025-09-29 19:15:35,329 [FATAL] Updater:351 - Updater called before beeing initialized
2025-09-29 19:15:35,329 [ERROR] CADModel:125 - Updater not yet initialized, retry later 
2025-09-29 19:15:35,333 [FATAL] Updater:351 - Updater called before beeing initialized
2025-09-29 19:15:35,519 [FATAL] Updater:351 - Updater called before beeing initialized
2025-09-29 19:15:35,526 [INFO] DbMcusAds:53 - JSON generation date=Tue Jul 08 11:14:23 EEST 2025 (1751962463524)
2025-09-29 19:15:35,526 [FATAL] Updater:351 - Updater called before beeing initialized
2025-09-29 19:15:35,594 [WARN] DetailPanel:346 - Failed to get advertising image, set to default
2025-09-29 19:15:35,733 [FATAL] Updater:351 - Updater called before beeing initialized
2025-09-29 19:15:35,736 [FATAL] Updater:351 - Updater called before beeing initialized
2025-09-29 19:15:35,736 [FATAL] Updater:351 - Updater called before beeing initialized
2025-09-29 19:15:35,736 [WARN] DetailPanel:346 - Failed to get advertising image, set to default
2025-09-29 19:15:35,737 [FATAL] Updater:351 - Updater called before beeing initialized
2025-09-29 19:15:35,818 [ERROR] Updater:1198 - MainUpdater not yet initialized. External WinMGr cannot be set.
2025-09-29 19:15:35,821 [INFO] Updater:1134 - Updater Version found : 6.15.0
2025-09-29 19:15:35,851 [INFO] ApplicationProperties:184 - Using Application install path: C:\ST\STM32CubeIDE_1.13.1\STM32CubeIDE\plugins\com.st.stm32cube.common.mx_6.15.0.202507011659
2025-09-29 19:15:36,289 [INFO] ThirdPartyUpdaterWithRetryManager:70 - Updater plugin not ready yet. [2/15]
2025-09-29 19:15:37,474 [ERROR] LogOutputStream:75 - [STDERR_REDIRECT] Sep 29, 2025 7:15:37 PM java.util.prefs.WindowsPreferences <init>
2025-09-29 19:15:37,488 [ERROR] LogOutputStream:75 - [STDERR_REDIRECT] WARNING: Could not open/create prefs root node Software\JavaSoft\Prefs at root 0xffffffff80000002. Windows RegCreateKeyEx(...) returned error code 5.
2025-09-29 19:15:37,488 [ERROR] LogOutputStream:75 - [STDERR_REDIRECT] 
2025-09-29 19:15:38,706 [INFO] MainUpdater:2872 - connection check result : 10
2025-09-29 19:15:38,706 [INFO] MainUpdater:289 - Updater Check For Update Now.
2025-09-29 19:15:38,706 [INFO] MicroXplorer:498 - Change Database Version : DB.6.0.150
2025-09-29 19:15:38,739 [INFO] McuFinderGlobals:63 - Set McuFinder mode to 2 (CubeIDE integrated)
2025-09-29 19:15:38,743 [INFO] UserAuth:487 - Internet connection configuration mode: 1
2025-09-29 19:15:38,818 [INFO] JxBrowserEngine:152 - Initiate JxBrowser Engine with user profile folder
2025-09-29 19:15:39,176 [INFO] CheckServerUpdateThread:120 - End of CheckServer Thread
2025-09-29 19:15:40,605 [WARN] PackLoader:240 - Cannot read IP mode file for STMicroelectronics.FP-SNS-MOTENVWB1.1.4.0
2025-09-29 19:15:40,635 [WARN] PackLoader:240 - Cannot read IP mode file for STMicroelectronics.FP-ATR-ASTRA1.2.0.2
2025-09-29 19:15:40,663 [WARN] PackLoader:240 - Cannot read IP mode file for STMicroelectronics.X-CUBE-SMBUS.2.1.0
2025-09-29 19:15:40,685 [WARN] PackLoader:240 - Cannot read IP mode file for STMicroelectronics.X-CUBE-ST60.1.0.0
2025-09-29 19:15:40,808 [WARN] PackLoader:240 - Cannot read IP mode file for STMicroelectronics.X-CUBE-AZRTOS-F7.1.1.0
2025-09-29 19:15:40,843 [WARN] PackLoader:240 - Cannot read IP mode file for STMicroelectronics.FP-SNS-MOTENV1.4.3.2
2025-09-29 19:15:40,874 [WARN] PackLoader:240 - Cannot read IP mode file for STMicroelectronics.FP-SNS-FLIGHT1.5.0.2
2025-09-29 19:15:40,973 [WARN] PackLoader:240 - Cannot read IP mode file for Infineon.AIROC-Wi-Fi-Bluetooth-STM32.1.7.0
2025-09-29 19:15:41,085 [WARN] PackLoader:240 - Cannot read IP mode file for STMicroelectronics.X-CUBE-AZRTOS-H7.3.4.0
2025-09-29 19:15:41,128 [WARN] PackLoader:240 - Cannot read IP mode file for STMicroelectronics.X-CUBE-DISPLAY.3.0.0
2025-09-29 19:15:41,170 [WARN] PackLoader:240 - Cannot read IP mode file for STMicroelectronics.X-CUBE-BLE1.7.0.0
2025-09-29 19:15:41,193 [WARN] PackLoader:240 - Cannot read IP mode file for STMicroelectronics.X-CUBE-NFC10.1.0.0
2025-09-29 19:15:41,233 [WARN] PackLoader:240 - Cannot read IP mode file for STMicroelectronics.X-CUBE-BLEMGR.4.0.0
2025-09-29 19:15:41,263 [WARN] PackLoader:240 - Cannot read IP mode file for emotas.I-CUBE-CANOPEN.1.3.0
2025-09-29 19:15:41,283 [WARN] PackLoader:240 - Cannot read IP mode file for STMicroelectronics.X-CUBE-TOUCHGFX.4.22.0
2025-09-29 19:15:41,303 [WARN] ConditionMgr:438 - getConditionDescription Invalid condition id : Cortex-A Device cause : null
2025-09-29 19:15:41,355 [WARN] ConditionMgr:1044 - genDependencies : Invalid condition id : Cortex-A Device cause : null
2025-09-29 19:15:41,355 [WARN] ConditionMgr:1044 - genDependencies : Invalid condition id : Cortex-A Device cause : null
2025-09-29 19:15:41,355 [WARN] ConditionMgr:1044 - genDependencies : Invalid condition id : Cortex-A Device cause : null
2025-09-29 19:15:41,374 [WARN] PackLoader:240 - Cannot read IP mode file for STMicroelectronics.X-CUBE-AI.10.0.0
2025-09-29 19:15:41,394 [WARN] PackLoader:240 - Cannot read IP mode file for STMicroelectronics.FP-SNS-SMARTAG2.1.2.0
2025-09-29 19:15:41,433 [WARN] PackLoader:240 - Cannot read IP mode file for STMicroelectronics.FP-SNS-FLIGHT1.5.1.0
2025-09-29 19:15:41,468 [INFO] LogOutputStream:77 - [STDOUT_REDIRECT] 1 : Invalid condition id : UX_CORESTACK_Condition cause : null
2025-09-29 19:15:41,473 [INFO] LogOutputStream:77 - [STDOUT_REDIRECT] 1 : Invalid condition id : UX_CORESTACK_Condition cause : null
2025-09-29 19:15:41,477 [INFO] LogOutputStream:77 - [STDOUT_REDIRECT] 1 : Invalid condition id : UX_CORESTACK_Condition cause : null
2025-09-29 19:15:41,483 [INFO] LogOutputStream:77 - [STDOUT_REDIRECT] 1 : Invalid condition id : UX_CORESTACK_Condition cause : null
2025-09-29 19:15:41,488 [INFO] LogOutputStream:77 - [STDOUT_REDIRECT] 1 : Invalid condition id : UX_CORESTACK_Condition cause : null
2025-09-29 19:15:41,496 [WARN] PackLoader:240 - Cannot read IP mode file for STMicroelectronics.X-CUBE-AZRTOS-WL.2.0.0
2025-09-29 19:15:41,516 [WARN] PackLoader:240 - Cannot read IP mode file for STMicroelectronics.FP-SNS-MOTENV1.5.0.0
2025-09-29 19:15:41,543 [WARN] PackLoader:240 - Cannot read IP mode file for WES.I-CUBE-Cesium.1.3.0
2025-09-29 19:15:41,571 [WARN] PackLoader:240 - Cannot read IP mode file for STMicroelectronics.X-CUBE-BLE2.3.3.0
2025-09-29 19:15:41,593 [WARN] PackLoader:240 - Cannot read IP mode file for STMicroelectronics.X-CUBE-NFC9.1.0.0
2025-09-29 19:15:41,613 [WARN] PackLoader:240 - Cannot read IP mode file for STMicroelectronics.X-CUBE-BLE1.7.1.0
2025-09-29 19:15:41,634 [WARN] PackLoader:240 - Cannot read IP mode file for wolfSSL.I-CUBE-wolfMQTT.1.19.2
2025-09-29 19:15:41,654 [WARN] PackLoader:240 - Cannot read IP mode file for STMicroelectronics.X-CUBE-EEPRMA1.5.2.0
2025-09-29 19:15:41,685 [WARN] PackLoader:240 - Cannot read IP mode file for STMicroelectronics.X-CUBE-ALGOBUILD.1.3.0
2025-09-29 19:15:41,836 [WARN] PackLoader:240 - Cannot read IP mode file for STMicroelectronics.X-CUBE-MEMS1.11.2.0
2025-09-29 19:15:42,351 [WARN] PackLoader:240 - Cannot read IP mode file for STMicroelectronics.X-CUBE-AZRTOS-G0.1.1.0
2025-09-29 19:15:42,377 [WARN] PackLoader:240 - Cannot read IP mode file for STMicroelectronics.X-CUBE-SAFEA1.1.2.2
2025-09-29 19:15:42,403 [WARN] PackLoader:240 - Cannot read IP mode file for STMicroelectronics.X-CUBE-NFC4.3.0.0
2025-09-29 19:15:42,453 [WARN] PackLoader:240 - Cannot read IP mode file for EmbeddedOffice.I-CUBE-FS-RTOS.1.0.1
2025-09-29 19:15:42,477 [WARN] PackLoader:240 - Cannot read IP mode file for STMicroelectronics.X-CUBE-WB05N.2.0.0
2025-09-29 19:15:42,495 [WARN] PackLoader:240 - Cannot read IP mode file for wolfSSL.I-CUBE-wolfTPM.3.8.0
2025-09-29 19:15:42,523 [WARN] PackLoader:240 - Cannot read IP mode file for STMicroelectronics.X-CUBE-TCPP.4.2.0
2025-09-29 19:15:42,550 [WARN] PackLoader:240 - Cannot read IP mode file for RealThread.X-CUBE-RT-Thread_Nano.4.1.1
2025-09-29 19:15:42,564 [WARN] PackLoader:240 - Cannot read IP mode file for STMicroelectronics.FP-ATR-SIGFOX1.3.2.0
2025-09-29 19:15:42,646 [WARN] PackLoader:240 - Cannot read IP mode file for STMicroelectronics.X-CUBE-EEPRMA1.5.1.0
2025-09-29 19:15:42,683 [WARN] PackLoader:240 - Cannot read IP mode file for ITTIA_DB.I-CUBE-ITTIADB.8.9.0
2025-09-29 19:15:42,706 [WARN] PackLoader:240 - Cannot read IP mode file for STMicroelectronics.X-CUBE-ST67W61.1.0.0
2025-09-29 19:15:42,785 [WARN] PackLoader:240 - Cannot read IP mode file for SEGGER.I-CUBE-embOS.1.3.1
2025-09-29 19:15:42,905 [WARN] PackLoader:240 - Cannot read IP mode file for STMicroelectronics.X-CUBE-ALGOBUILD.1.4.0
2025-09-29 19:15:43,048 [WARN] PackLoader:240 - Cannot read IP mode file for STMicroelectronics.X-CUBE-MEMS1.11.3.0
2025-09-29 19:15:43,423 [WARN] PackLoader:240 - Cannot read IP mode file for STMicroelectronics.X-CUBE-PM33A1.1.0.0
2025-09-29 19:15:43,443 [WARN] PackLoader:240 - Cannot read IP mode file for STMicroelectronics.X-CUBE-GNSS1.6.0.0
2025-09-29 19:15:43,493 [WARN] PackLoader:240 - Cannot read IP mode file for STMicroelectronics.X-CUBE-AZRTOS-F4.1.1.0
2025-09-29 19:15:43,515 [WARN] PackLoader:240 - Cannot read IP mode file for wolfSSL.I-CUBE-wolfSSL.5.6.3
2025-09-29 19:15:43,535 [WARN] PackLoader:240 - Cannot read IP mode file for Avnet-IotConnect.X-CUBE-IoTC-DA16k-PMOD.1.0.0
2025-09-29 19:15:43,552 [WARN] PackLoader:240 - Cannot read IP mode file for STMicroelectronics.X-CUBE-ISPU.2.1.0
2025-09-29 19:15:43,577 [WARN] PackLoader:240 - Cannot read IP mode file for STMicroelectronics.X-CUBE-NFC12.1.0.0
2025-09-29 19:15:43,625 [WARN] PackLoader:240 - Cannot read IP mode file for STMicroelectronics.X-CUBE-AZRTOS-L5.2.0.0
2025-09-29 19:15:43,735 [WARN] PackLoader:240 - Cannot read IP mode file for STMicroelectronics.X-CUBE-MEMS1.9.6.0
2025-09-29 19:15:44,039 [WARN] PackLoader:240 - Cannot read IP mode file for STMicroelectronics.X-CUBE-NFC6.3.1.0
2025-09-29 19:15:44,046 [WARN] PackLoader:240 - Cannot read IP mode file for STMicroelectronics.X-CUBE-BLEMGR.2.0.0
2025-09-29 19:15:44,076 [WARN] ConditionMgr:438 - getConditionDescription Invalid condition id : UX DEVICE CLASS RTOS Condition cause : null
2025-09-29 19:15:44,076 [WARN] ConditionMgr:438 - getConditionDescription Invalid condition id : UX DEVICE CLASS RTOS Condition cause : null
2025-09-29 19:15:44,079 [WARN] PackLoader:240 - Cannot read IP mode file for STMicroelectronics.X-CUBE-AZRTOS-H7.3.1.0
2025-09-29 19:15:44,079 [WARN] ConditionMgr:1044 - genDependencies : Invalid condition id : UX DEVICE CLASS RTOS Condition cause : null
2025-09-29 19:15:44,079 [WARN] ConditionMgr:1044 - genDependencies : Invalid condition id : UX DEVICE CLASS RTOS Condition cause : null
2025-09-29 19:15:44,082 [WARN] ConditionMgr:1044 - genDependencies : Invalid condition id : UX DEVICE CLASS RTOS Condition cause : null
2025-09-29 19:15:44,083 [WARN] ConditionMgr:1044 - genDependencies : Invalid condition id : UX DEVICE CLASS RTOS Condition cause : null
2025-09-29 19:15:44,083 [WARN] ConditionMgr:1044 - genDependencies : Invalid condition id : UX DEVICE CLASS RTOS Condition cause : null
2025-09-29 19:15:44,096 [WARN] PackLoader:240 - Cannot read IP mode file for STMicroelectronics.X-CUBE-FREERTOS.1.3.1
2025-09-29 19:15:44,105 [WARN] PackLoader:240 - Cannot read IP mode file for STMicroelectronics.X-CUBE-NFC7.1.0.1
2025-09-29 19:15:44,115 [WARN] PackLoader:240 - Cannot read IP mode file for STMicroelectronics.X-CUBE-TOUCHGFX.4.26.0
2025-09-29 19:15:44,125 [WARN] PackLoader:240 - Cannot read IP mode file for STMicroelectronics.X-CUBE-NFC6.3.0.0
2025-09-29 19:15:44,135 [WARN] PackLoader:240 - Cannot read IP mode file for STMicroelectronics.X-CUBE-EEPRMA1.4.1.0
2025-09-29 19:15:44,149 [WARN] PackLoader:240 - Cannot read IP mode file for STMicroelectronics.X-CUBE-DPower.1.3.0
2025-09-29 19:15:44,158 [WARN] PackLoader:240 - Cannot read IP mode file for STMicroelectronics.X-CUBE-AI.8.1.0
2025-09-29 19:15:44,184 [WARN] ConditionMgr:438 - getConditionDescription Invalid condition id : LAN8742 Phy interface Condition cause : null
2025-09-29 19:15:44,184 [WARN] PackLoader:240 - Cannot read IP mode file for STMicroelectronics.X-CUBE-AZRTOS-L4.2.0.0
2025-09-29 19:15:44,186 [WARN] ConditionMgr:1044 - genDependencies : Invalid condition id : LAN8742 Phy interface Condition cause : null
2025-09-29 19:15:44,186 [WARN] ConditionMgr:1044 - genDependencies : Invalid condition id : LAN8742 Phy interface Condition cause : null
2025-09-29 19:15:44,186 [WARN] ConditionMgr:1044 - genDependencies : Invalid condition id : LAN8742 Phy interface Condition cause : null
2025-09-29 19:15:44,200 [WARN] PackLoader:240 - Cannot read IP mode file for STMicroelectronics.X-CUBE-SFXS2LP1.4.0.0
2025-09-29 19:15:44,209 [WARN] PackLoader:240 - Cannot read IP mode file for STMicroelectronics.X-CUBE-ISPU.1.1.0
2025-09-29 19:15:44,241 [WARN] PackLoader:240 - Cannot read IP mode file for STMicroelectronics.X-CUBE-AZRTOS-H7.3.3.0
2025-09-29 19:15:44,282 [WARN] PackLoader:240 - Cannot read IP mode file for STMicroelectronics.X-CUBE-BLEMGR.4.1.0
2025-09-29 19:15:44,312 [WARN] ConditionMgr:438 - getConditionDescription Invalid condition id : UX DEVICE CLASS RTOS Condition cause : null
2025-09-29 19:15:44,313 [WARN] ConditionMgr:438 - getConditionDescription Invalid condition id : UX DEVICE CLASS RTOS Condition cause : null
2025-09-29 19:15:44,315 [WARN] PackLoader:240 - Cannot read IP mode file for STMicroelectronics.X-CUBE-AZRTOS-WB.2.0.0
2025-09-29 19:15:44,317 [WARN] ConditionMgr:1044 - genDependencies : Invalid condition id : UX DEVICE CLASS RTOS Condition cause : null
2025-09-29 19:15:44,317 [WARN] ConditionMgr:1044 - genDependencies : Invalid condition id : UX DEVICE CLASS RTOS Condition cause : null
2025-09-29 19:15:44,319 [WARN] ConditionMgr:1044 - genDependencies : Invalid condition id : UX DEVICE CLASS RTOS Condition cause : null
2025-09-29 19:15:44,319 [WARN] ConditionMgr:1044 - genDependencies : Invalid condition id : UX DEVICE CLASS RTOS Condition cause : null
2025-09-29 19:15:44,319 [WARN] ConditionMgr:1044 - genDependencies : Invalid condition id : UX DEVICE CLASS RTOS Condition cause : null
2025-09-29 19:15:44,332 [WARN] PackLoader:240 - Cannot read IP mode file for STMicroelectronics.X-CUBE-GNSS1.7.0.1
2025-09-29 19:15:44,350 [WARN] PackLoader:240 - Cannot read IP mode file for STMicroelectronics.X-CUBE-TOUCHGFX.4.25.0
2025-09-29 19:15:44,390 [WARN] PackLoader:240 - Cannot read IP mode file for STMicroelectronics.FP-SNS-STBOX1.2.0.0
2025-09-29 19:15:44,415 [WARN] PackLoader:240 - Cannot read IP mode file for STMicroelectronics.X-CUBE-SUBG2.5.0.0
2025-09-29 19:15:44,448 [WARN] PackLoader:240 - Cannot read IP mode file for STMicroelectronics.X-CUBE-AZRTOS-H7RS.1.1.0
2025-09-29 19:15:44,463 [WARN] PackLoader:240 - Cannot read IP mode file for Cesanta.I-CUBE-Mongoose.7.13.0
2025-09-29 19:15:44,476 [WARN] PackLoader:240 - Cannot read IP mode file for STMicroelectronics.X-CUBE-TOF1.3.3.1
2025-09-29 19:15:44,505 [WARN] PackLoader:240 - Cannot read IP mode file for STMicroelectronics.X-CUBE-AZRTOS-G4.2.0.0
2025-09-29 19:15:44,513 [WARN] PackLoader:240 - Cannot read IP mode file for wolfSSL.I-CUBE-wolfSSH.1.4.20
2025-09-29 19:15:44,513 [WARN] PackLoader:240 - Cannot read IP mode file for STMicroelectronics.X-CUBE-NFC7.2.0.0
2025-09-29 19:15:44,543 [WARN] PackLoader:240 - Cannot read IP mode file for STMicroelectronics.X-CUBE-IPS.3.1.0
2025-09-29 19:15:44,558 [WARN] PackLoader:240 - Cannot read IP mode file for STMicroelectronics.X-CUBE-ALS.1.0.2
2025-09-29 19:15:44,567 [WARN] PackLoader:240 - Cannot read IP mode file for STMicroelectronics.X-CUBE-FREERTOS.1.1.0
2025-09-29 19:15:44,578 [WARN] PackLoader:240 - Cannot read IP mode file for STMicroelectronics.X-CUBE-STSE01.1.0.0
2025-09-29 19:15:44,593 [WARN] PackLoader:240 - Cannot read IP mode file for portGmbH.I-Cube-SoM-uGOAL.1.1.0
2025-09-29 19:15:44,599 [WARN] PackLoader:240 - Cannot read IP mode file for STMicroelectronics.X-CUBE-ALS.1.0.1
2025-09-29 19:15:44,608 [WARN] PackLoader:240 - Cannot read IP mode file for STMicroelectronics.FP-ATR-ASTRA1.2.0.0
2025-09-29 19:15:44,623 [WARN] PackLoader:240 - Cannot read IP mode file for STMicroelectronics.X-CUBE-TOF1.3.4.3
2025-09-29 19:15:44,637 [INFO] ThirdParty:978 - Integrity check success = true
2025-09-29 19:15:44,637 [INFO] IntegrityCheckThread:100 - exiting critical section [integrity check]
2025-09-29 19:15:44,637 [INFO] IntegrityCheckThread:103 - End integrity checks thread
2025-09-29 19:15:44,865 [INFO] WebApp:169 - Instantiating new browser for Auth
2025-09-29 19:15:49,712 [INFO] WebApp:463 - Apply proxy settings
2025-09-29 19:15:49,714 [INFO] WebApp:548 - Chromium requires no authentication
2025-09-29 19:15:49,740 [INFO] WebApp:491 - Direct internet connection detected
2025-09-29 19:15:49,798 [INFO] WebApp:900 - Register for checkConnection events
2025-09-29 19:15:49,798 [INFO] WebApp:463 - Apply proxy settings
2025-09-29 19:15:49,799 [INFO] WebApp:548 - Chromium requires no authentication
2025-09-29 19:15:49,800 [INFO] WebApp:491 - Direct internet connection detected
2025-09-29 19:15:50,086 [INFO] WebApp:225 - Starting web application
2025-09-29 19:15:50,086 [INFO] WebApp:593 - Web application path used C:\ST\STM32CubeIDE_1.13.1\STM32CubeIDE\plugins\com.st.stm32cube.common.mx_6.15.0.202507011659\db\plugins\mcufinder\reactClient1\index.html
2025-09-29 19:15:50,227 [INFO] UserAuth:487 - Internet connection configuration mode: 1
2025-09-29 19:15:50,769 [INFO] WebApp:191 - Connection restablished
2025-09-29 19:38:19,610 [ERROR] LogOutputStream:75 - [STDERR_REDIRECT] 
