2023-09-25 14:10:14,852 [INFO] Activator:176 - 


2023-09-25 14:10:14,859 [INFO] Activator:177 - !SESSION log4j initialized
2023-09-25 14:10:22,721 [INFO] LogOutputStream:77 - [STDOUT_REDIRECT] 
2023-09-25 14:10:27,208 [INFO] ApplicationProperties:184 - Using Application install path: C:\ST\STM32CubeIDE_1.13.1\STM32CubeIDE\plugins\com.st.stm32cube.common.mx_6.9.1.202307191849
2023-09-25 14:10:27,235 [INFO] DbMcusXml:78 - Set database path to: C:\ST\STM32CubeIDE_1.13.1\STM32CubeIDE\plugins\com.st.stm32cube.common.mx_6.9.1.202307191849\\db\/mcu/
2023-09-25 14:10:27,236 [INFO] ApiDb:274 - Set plugin database path to: C:\ST\STM32CubeIDE_1.13.1\STM32CubeIDE\plugins\com.st.stm32cube.common.mx_6.9.1.202307191849\\db\/plugins/boardmanager/
2023-09-25 14:10:27,236 [WARN] ApiDb:259 - Overriding images path with different value:  => C:\ST\STM32CubeIDE_1.13.1\STM32CubeIDE\plugins\com.st.stm32cube.common.mx_6.9.1.202307191849\\db\/plugins/mcufinder/images/
2023-09-25 14:10:27,251 [INFO] ApiDb:250 - Set database path to: C:\Users\brbar\.stmcufinder\plugins\mcufinder//mcu/
2023-09-25 14:10:27,253 [INFO] DbMcusAds:125 - Set database path to: C:\Users\brbar\.stmcufinder\plugins\mcufinder//mcu/
2023-09-25 14:10:27,255 [INFO] CrossReferenceDbSqlite:203 - Set database path to: C:\Users\brbar\.stmcufinder\plugins\mcufinder//mcu/cs/
2023-09-25 14:10:27,398 [INFO] RulesReader:64 - Compatibility file has been processed (293 Rules)
2023-09-25 14:10:27,505 [INFO] DbMcusXml:78 - Set database path to: C:\ST\STM32CubeIDE_1.13.1\STM32CubeIDE\plugins\com.st.stm32cube.common.mx_6.9.1.202307191849\\db\/mcu/
2023-09-25 14:10:27,506 [INFO] ApiDb:274 - Set plugin database path to: C:\ST\STM32CubeIDE_1.13.1\STM32CubeIDE\plugins\com.st.stm32cube.common.mx_6.9.1.202307191849\\db\/plugins/boardmanager/
2023-09-25 14:10:27,506 [INFO] ApiDb:261 - Set plugin images path to: C:\ST\STM32CubeIDE_1.13.1\STM32CubeIDE\plugins\com.st.stm32cube.common.mx_6.9.1.202307191849\\db\/plugins/mcufinder/images/
2023-09-25 14:10:27,506 [WARN] DbFile:41 - Overriding database path with different value: C:\Users\brbar\.stmcufinder\plugins\mcufinder/ => C:\Users\brbar\.stmcufinder\plugins\mcufinder
2023-09-25 14:10:27,507 [INFO] ApiDb:250 - Set database path to: C:\Users\brbar\.stmcufinder\plugins\mcufinder//mcu/
2023-09-25 14:10:27,507 [WARN] DbFile:41 - Overriding database path with different value: C:\Users\brbar\.stmcufinder\plugins\mcufinder/ => C:\Users\brbar\.stmcufinder\plugins\mcufinder
2023-09-25 14:10:27,507 [INFO] DbMcusAds:125 - Set database path to: C:\Users\brbar\.stmcufinder\plugins\mcufinder//mcu/
2023-09-25 14:10:27,507 [WARN] DbFile:41 - Overriding database path with different value: C:\Users\brbar\.stmcufinder\plugins\mcufinder/ => C:\Users\brbar\.stmcufinder\plugins\mcufinder
2023-09-25 14:10:27,507 [WARN] DbFile:41 - Overriding database path with different value: C:\Users\brbar\.stmcufinder\plugins\mcufinder/ => C:\Users\brbar\.stmcufinder\plugins\mcufinder
2023-09-25 14:10:27,507 [INFO] CrossReferenceDbSqlite:203 - Set database path to: C:\Users\brbar\.stmcufinder\plugins\mcufinder//mcu/cs/
2023-09-25 14:10:27,611 [INFO] MainPanel:262 - HeapMemory: 268435456
2023-09-25 14:10:27,729 [INFO] DbMcusXml:78 - Set database path to: C:\ST\STM32CubeIDE_1.13.1\STM32CubeIDE\plugins\com.st.stm32cube.common.mx_6.9.1.202307191849\\db\/mcu/
2023-09-25 14:10:27,730 [INFO] ApiDb:274 - Set plugin database path to: C:\ST\STM32CubeIDE_1.13.1\STM32CubeIDE\plugins\com.st.stm32cube.common.mx_6.9.1.202307191849\\db\/plugins/boardmanager/
2023-09-25 14:10:27,730 [INFO] ApiDb:261 - Set plugin images path to: C:\ST\STM32CubeIDE_1.13.1\STM32CubeIDE\plugins\com.st.stm32cube.common.mx_6.9.1.202307191849\\db\/plugins/mcufinder/images/
2023-09-25 14:10:27,731 [WARN] DbFile:41 - Overriding database path with different value: C:\Users\brbar\.stmcufinder\plugins\mcufinder/ => C:\Users\brbar\.stmcufinder\plugins\mcufinder
2023-09-25 14:10:27,731 [INFO] ApiDb:250 - Set database path to: C:\Users\brbar\.stmcufinder\plugins\mcufinder//mcu/
2023-09-25 14:10:27,731 [WARN] DbFile:41 - Overriding database path with different value: C:\Users\brbar\.stmcufinder\plugins\mcufinder/ => C:\Users\brbar\.stmcufinder\plugins\mcufinder
2023-09-25 14:10:27,731 [INFO] DbMcusAds:125 - Set database path to: C:\Users\brbar\.stmcufinder\plugins\mcufinder//mcu/
2023-09-25 14:10:27,731 [WARN] DbFile:41 - Overriding database path with different value: C:\Users\brbar\.stmcufinder\plugins\mcufinder/ => C:\Users\brbar\.stmcufinder\plugins\mcufinder
2023-09-25 14:10:27,731 [WARN] DbFile:41 - Overriding database path with different value: C:\Users\brbar\.stmcufinder\plugins\mcufinder/ => C:\Users\brbar\.stmcufinder\plugins\mcufinder
2023-09-25 14:10:27,732 [INFO] CrossReferenceDbSqlite:203 - Set database path to: C:\Users\brbar\.stmcufinder\plugins\mcufinder//mcu/cs/
2023-09-25 14:10:27,755 [INFO] ApplicationProperties:184 - Using Application install path: C:\ST\STM32CubeIDE_1.13.1\STM32CubeIDE\plugins\com.st.stm32cube.common.mx_6.9.1.202307191849
2023-09-25 14:10:27,757 [INFO] PluginManage:196 - Search for loadable plugins [exclusion list=, ]
2023-09-25 14:10:27,758 [INFO] PluginManage:310 - Check plugin analytics
2023-09-25 14:10:27,995 [INFO] AnalyticsPlugin:253 - Accepted Software Licenses: 
2023-09-25 14:10:27,995 [INFO] AnalyticsPlugin:255 - Accepted CMSIS Pack Licenses: 
2023-09-25 14:10:27,995 [INFO] AnalyticsPlugin:257 - Accepted Firmware Licenses: 
2023-09-25 14:10:28,001 [INFO] PluginManage:359 - Loaded plugin analytics (category:tool,tabindex:-1)
2023-09-25 14:10:28,002 [INFO] PluginManage:310 - Check plugin cadmodel
2023-09-25 14:10:28,011 [INFO] CADModel:105 - Init CAD model plugin
2023-09-25 14:10:28,012 [INFO] PluginManage:359 - Loaded plugin cadmodel (category:power,tabindex:5)
2023-09-25 14:10:28,013 [INFO] PluginManage:310 - Check plugin clock
2023-09-25 14:10:28,026 [INFO] PluginManage:359 - Loaded plugin clock (category:base,tabindex:2)
2023-09-25 14:10:28,026 [INFO] PluginManage:310 - Check plugin ddr
2023-09-25 14:10:28,030 [INFO] PluginManage:359 - Loaded plugin ddr (category:tool,tabindex:6)
2023-09-25 14:10:28,030 [INFO] PluginManage:310 - Check plugin filemanager
2023-09-25 14:10:28,200 [INFO] PluginManage:359 - Loaded plugin filemanager (category:base,tabindex:10)
2023-09-25 14:10:28,200 [INFO] PluginManage:310 - Check plugin ipmanager
2023-09-25 14:10:28,209 [INFO] PluginManage:359 - Loaded plugin ipmanager (category:base,tabindex:5)
2023-09-25 14:10:28,209 [INFO] PluginManage:310 - Check plugin lpbam
2023-09-25 14:10:28,219 [INFO] PluginManage:359 - Loaded plugin lpbam (category:base,tabindex:0)
2023-09-25 14:10:28,220 [INFO] PluginManage:310 - Check plugin memorymap
2023-09-25 14:10:28,237 [INFO] PluginManage:359 - Loaded plugin memorymap (category:base,tabindex:4)
2023-09-25 14:10:28,237 [INFO] PluginManage:310 - Check plugin pinoutandconfiguration
2023-09-25 14:10:28,250 [INFO] PluginManage:359 - Loaded plugin pinoutandconfiguration (category:base,tabindex:1)
2023-09-25 14:10:28,250 [INFO] PluginManage:310 - Check plugin pinoutconfig
2023-09-25 14:10:28,393 [WARN] SupportedApi:132 - Cannot load RTOS API schema: s4s-elt-must-match.1: The content of 'definitions' must match (annotation?, (simpleType | complexType)?, (unique | key | keyref)*)). A problem was found starting at: attribute.
2023-09-25 14:10:28,612 [INFO] PluginManage:359 - Loaded plugin pinoutconfig (category:base,tabindex:0)
2023-09-25 14:10:28,613 [INFO] PluginManage:310 - Check plugin power
2023-09-25 14:10:28,627 [INFO] PluginManage:359 - Loaded plugin power (category:power,tabindex:4)
2023-09-25 14:10:28,627 [INFO] PluginManage:310 - Check plugin projectmanager
2023-09-25 14:10:28,647 [INFO] PluginManage:359 - Loaded plugin projectmanager (category:projectmanager,tabindex:3)
2023-09-25 14:10:28,647 [INFO] PluginManage:310 - Check plugin thirdparty
2023-09-25 14:10:28,782 [ERROR] ConfigurationRetriever:142 - IOException on connection: Read timed out
2023-09-25 14:10:28,845 [INFO] PluginManage:359 - Loaded plugin thirdparty (category:base,tabindex:-1)
2023-09-25 14:10:28,845 [WARN] IntegrityCheckThread:84 - waiting for thirdparty lock release [integrity check]
2023-09-25 14:10:28,845 [INFO] PluginManage:310 - Check plugin tools
2023-09-25 14:10:28,846 [INFO] IntegrityCheckThread:86 - entering critical section [integrity check]
2023-09-25 14:10:28,847 [INFO] ThirdPartyUpdaterWithRetryManager:70 - Updater plugin not ready yet. [1/15]
2023-09-25 14:10:28,850 [INFO] PluginManage:359 - Loaded plugin tools (category:base,tabindex:7)
2023-09-25 14:10:28,851 [INFO] PluginManage:310 - Check plugin tutovideos
2023-09-25 14:10:29,071 [INFO] PluginManage:359 - Loaded plugin tutovideos (category:base,tabindex:-1)
2023-09-25 14:10:29,071 [INFO] PluginManage:310 - Check plugin updater
2023-09-25 14:10:29,088 [INFO] PluginManage:359 - Loaded plugin updater (category:base,tabindex:12)
2023-09-25 14:10:29,088 [INFO] PluginManage:310 - Check plugin userauth
2023-09-25 14:10:29,096 [INFO] UserAuth:113 - Init User Auth plugin
2023-09-25 14:10:29,096 [INFO] PluginManage:359 - Loaded plugin userauth (category:base,tabindex:14)
2023-09-25 14:10:29,097 [INFO] PluginManage:283 - PluginManage : Loaded plugins [17]
2023-09-25 14:10:29,378 [INFO] PinOutPanel:1499 - setPackage(No Configuration,No Configuration)
2023-09-25 14:10:29,520 [INFO] CADModel:165 - CPN selected for project level
2023-09-25 14:10:29,520 [INFO] CADModel:114 - Register for checkConnection events
2023-09-25 14:10:29,543 [INFO] IPUIPlugin:80 - create IPUIPlugin
2023-09-25 14:10:29,544 [INFO] PluginManager:220 - loadIPPluginJar : add adc
2023-09-25 14:10:29,548 [INFO] IPUIPlugin:80 - create IPUIPlugin
2023-09-25 14:10:29,548 [INFO] PluginManager:220 - loadIPPluginJar : add aes
2023-09-25 14:10:29,551 [INFO] IPUIPlugin:80 - create IPUIPlugin
2023-09-25 14:10:29,551 [INFO] PluginManager:220 - loadIPPluginJar : add can
2023-09-25 14:10:29,553 [INFO] IPUIPlugin:80 - create IPUIPlugin
2023-09-25 14:10:29,553 [INFO] PluginManager:220 - loadIPPluginJar : add comp
2023-09-25 14:10:29,557 [INFO] IPUIPlugin:80 - create IPUIPlugin
2023-09-25 14:10:29,557 [INFO] PluginManager:220 - loadIPPluginJar : add cryp
2023-09-25 14:10:29,560 [INFO] IPUIPlugin:80 - create IPUIPlugin
2023-09-25 14:10:29,560 [INFO] PluginManager:220 - loadIPPluginJar : add dfsdm
2023-09-25 14:10:29,566 [INFO] IPUIPlugin:80 - create IPUIPlugin
2023-09-25 14:10:29,567 [INFO] PluginManager:220 - loadIPPluginJar : add dma
2023-09-25 14:10:29,571 [INFO] IPUIPlugin:80 - create IPUIPlugin
2023-09-25 14:10:29,572 [INFO] PluginManager:220 - loadIPPluginJar : add dma3
2023-09-25 14:10:29,574 [INFO] IPUIPlugin:80 - create IPUIPlugin
2023-09-25 14:10:29,574 [INFO] PluginManager:220 - loadIPPluginJar : add fatfs
2023-09-25 14:10:29,579 [INFO] IPUIPlugin:80 - create IPUIPlugin
2023-09-25 14:10:29,579 [INFO] PluginManager:220 - loadIPPluginJar : add fmc
2023-09-25 14:10:29,585 [INFO] IPUIPlugin:80 - create IPUIPlugin
2023-09-25 14:10:29,586 [INFO] PluginManager:220 - loadIPPluginJar : add freertos
2023-09-25 14:10:29,588 [INFO] IPUIPlugin:80 - create IPUIPlugin
2023-09-25 14:10:29,589 [INFO] PluginManager:220 - loadIPPluginJar : add genericplugin
2023-09-25 14:10:29,591 [INFO] IPUIPlugin:80 - create IPUIPlugin
2023-09-25 14:10:29,592 [INFO] PluginManager:220 - loadIPPluginJar : add gfxmmu
2023-09-25 14:10:29,597 [INFO] IPUIPlugin:80 - create IPUIPlugin
2023-09-25 14:10:29,597 [INFO] PluginManager:220 - loadIPPluginJar : add gic
2023-09-25 14:10:29,602 [INFO] IPUIPlugin:80 - create IPUIPlugin
2023-09-25 14:10:29,602 [INFO] PluginManager:220 - loadIPPluginJar : add gpio
2023-09-25 14:10:29,606 [INFO] IPUIPlugin:80 - create IPUIPlugin
2023-09-25 14:10:29,606 [INFO] PluginManager:220 - loadIPPluginJar : add gtzc
2023-09-25 14:10:29,609 [INFO] IPUIPlugin:80 - create IPUIPlugin
2023-09-25 14:10:29,610 [INFO] PluginManager:220 - loadIPPluginJar : add hash
2023-09-25 14:10:29,613 [INFO] IPUIPlugin:80 - create IPUIPlugin
2023-09-25 14:10:29,613 [INFO] PluginManager:220 - loadIPPluginJar : add i2c
2023-09-25 14:10:29,617 [INFO] IPUIPlugin:80 - create IPUIPlugin
2023-09-25 14:10:29,617 [INFO] PluginManager:220 - loadIPPluginJar : add i2s
2023-09-25 14:10:29,621 [INFO] IPUIPlugin:80 - create IPUIPlugin
2023-09-25 14:10:29,621 [INFO] PluginManager:220 - loadIPPluginJar : add i3c
2023-09-25 14:10:29,625 [INFO] IPUIPlugin:80 - create IPUIPlugin
2023-09-25 14:10:29,625 [INFO] PluginManager:220 - loadIPPluginJar : add ipddr
2023-09-25 14:10:29,635 [INFO] IPUIPlugin:80 - create IPUIPlugin
2023-09-25 14:10:29,635 [INFO] PluginManager:220 - loadIPPluginJar : add linkedlist
2023-09-25 14:10:29,639 [INFO] IPUIPlugin:80 - create IPUIPlugin
2023-09-25 14:10:29,639 [INFO] PluginManager:220 - loadIPPluginJar : add lorawan
2023-09-25 14:10:29,642 [INFO] IPUIPlugin:80 - create IPUIPlugin
2023-09-25 14:10:29,642 [INFO] PluginManager:220 - loadIPPluginJar : add ltdc
2023-09-25 14:10:29,650 [INFO] IPUIPlugin:80 - create IPUIPlugin
2023-09-25 14:10:29,651 [INFO] PluginManager:220 - loadIPPluginJar : add mdma
2023-09-25 14:10:29,655 [INFO] IPUIPlugin:80 - create IPUIPlugin
2023-09-25 14:10:29,655 [INFO] PluginManager:220 - loadIPPluginJar : add nvic
2023-09-25 14:10:29,658 [INFO] IPUIPlugin:80 - create IPUIPlugin
2023-09-25 14:10:29,658 [INFO] PluginManager:220 - loadIPPluginJar : add opamp
2023-09-25 14:10:29,662 [INFO] IPUIPlugin:80 - create IPUIPlugin
2023-09-25 14:10:29,663 [INFO] PluginManager:220 - loadIPPluginJar : add openamp
2023-09-25 14:10:29,667 [INFO] IPUIPlugin:80 - create IPUIPlugin
2023-09-25 14:10:29,667 [INFO] PluginManager:220 - loadIPPluginJar : add pdm2pcm
2023-09-25 14:10:29,674 [INFO] IPUIPlugin:80 - create IPUIPlugin
2023-09-25 14:10:29,677 [INFO] PluginManager:220 - loadIPPluginJar : add plateformsettings
2023-09-25 14:10:29,679 [INFO] IPUIPlugin:80 - create IPUIPlugin
2023-09-25 14:10:29,680 [INFO] PluginManager:220 - loadIPPluginJar : add quadspi
2023-09-25 14:10:29,684 [INFO] IPUIPlugin:80 - create IPUIPlugin
2023-09-25 14:10:29,685 [INFO] PluginManager:220 - loadIPPluginJar : add resmgrutility
2023-09-25 14:10:29,690 [INFO] IPUIPlugin:80 - create IPUIPlugin
2023-09-25 14:10:29,690 [INFO] PluginManager:220 - loadIPPluginJar : add sai
2023-09-25 14:10:29,693 [INFO] IPUIPlugin:80 - create IPUIPlugin
2023-09-25 14:10:29,693 [INFO] PluginManager:220 - loadIPPluginJar : add spi
2023-09-25 14:10:29,699 [INFO] IPUIPlugin:80 - create IPUIPlugin
2023-09-25 14:10:29,699 [INFO] PluginManager:220 - loadIPPluginJar : add stm32_wpan
2023-09-25 14:10:29,701 [INFO] IPUIPlugin:80 - create IPUIPlugin
2023-09-25 14:10:29,701 [INFO] PluginManager:220 - loadIPPluginJar : add tim
2023-09-25 14:10:29,705 [INFO] IPUIPlugin:80 - create IPUIPlugin
2023-09-25 14:10:29,705 [INFO] PluginManager:220 - loadIPPluginJar : add touchsensing
2023-09-25 14:10:29,708 [INFO] IPUIPlugin:80 - create IPUIPlugin
2023-09-25 14:10:29,708 [INFO] PluginManager:220 - loadIPPluginJar : add tracer_emb
2023-09-25 14:10:29,711 [INFO] IPUIPlugin:80 - create IPUIPlugin
2023-09-25 14:10:29,711 [INFO] PluginManager:220 - loadIPPluginJar : add ts
2023-09-25 14:10:29,713 [INFO] IPUIPlugin:80 - create IPUIPlugin
2023-09-25 14:10:29,713 [INFO] PluginManager:220 - loadIPPluginJar : add tsc
2023-09-25 14:10:29,715 [INFO] IPUIPlugin:80 - create IPUIPlugin
2023-09-25 14:10:29,715 [INFO] PluginManager:220 - loadIPPluginJar : add ucpd
2023-09-25 14:10:29,719 [INFO] IPUIPlugin:80 - create IPUIPlugin
2023-09-25 14:10:29,719 [INFO] PluginManager:220 - loadIPPluginJar : add usart
2023-09-25 14:10:29,723 [INFO] IPUIPlugin:80 - create IPUIPlugin
2023-09-25 14:10:29,723 [INFO] PluginManager:220 - loadIPPluginJar : add usbx
2023-09-25 14:10:29,860 [INFO] CADModel:165 - CPN selected for project level
2023-09-25 14:10:29,860 [INFO] CADModel:114 - Register for checkConnection events
2023-09-25 14:10:29,861 [FATAL] Updater:308 - Updater called before beeing initialized
2023-09-25 14:10:29,861 [ERROR] CADModel:125 - Updater not yet initialized, retry later 
2023-09-25 14:10:30,032 [INFO] CADModel:165 - CPN selected for project level
2023-09-25 14:10:30,033 [INFO] CADModel:114 - Register for checkConnection events
2023-09-25 14:10:30,033 [FATAL] Updater:308 - Updater called before beeing initialized
2023-09-25 14:10:30,033 [ERROR] CADModel:125 - Updater not yet initialized, retry later 
2023-09-25 14:10:30,038 [FATAL] Updater:308 - Updater called before beeing initialized
2023-09-25 14:10:30,187 [FATAL] Updater:308 - Updater called before beeing initialized
2023-09-25 14:10:30,194 [INFO] DbMcusAds:53 - JSON generation date=Tue Mar 07 10:50:55 EET 2023 (1678179055114)
2023-09-25 14:10:30,194 [FATAL] Updater:308 - Updater called before beeing initialized
2023-09-25 14:10:30,264 [WARN] DetailPanel:346 - Failed to get advertising image, set to default
2023-09-25 14:10:30,385 [FATAL] Updater:308 - Updater called before beeing initialized
2023-09-25 14:10:30,388 [FATAL] Updater:308 - Updater called before beeing initialized
2023-09-25 14:10:30,388 [FATAL] Updater:308 - Updater called before beeing initialized
2023-09-25 14:10:30,388 [WARN] DetailPanel:346 - Failed to get advertising image, set to default
2023-09-25 14:10:30,390 [FATAL] Updater:308 - Updater called before beeing initialized
2023-09-25 14:10:30,470 [ERROR] Updater:1120 - MainUpdater not yet initialized. External WinMGr cannot be set.
2023-09-25 14:10:30,474 [INFO] Updater:1056 - Updater Version found : 6.9.1
2023-09-25 14:10:30,499 [INFO] ApplicationProperties:184 - Using Application install path: C:\ST\STM32CubeIDE_1.13.1\STM32CubeIDE\plugins\com.st.stm32cube.common.mx_6.9.1.202307191849
2023-09-25 14:10:31,211 [INFO] MainUpdater:2868 - connection check result : 10
2023-09-25 14:10:31,213 [INFO] MainUpdater:285 - Updater Check For Update Now.
2023-09-25 14:10:31,213 [INFO] MicroXplorer:498 - Change Database Version : DB.6.0.91
2023-09-25 14:10:31,227 [INFO] McuFinderGlobals:63 - Set McuFinder mode to 2 (CubeIDE integrated)
2023-09-25 14:10:31,431 [INFO] CheckServerUpdateThread:120 - End of CheckServer Thread
2023-09-25 14:10:31,681 [ERROR] ConfigurationRetriever:142 - IOException on connection: Read timed out
2023-09-25 14:10:32,210 [WARN] PackLoader:240 - Cannot read IP mode file for STMicroelectronics.X-CUBE-SMBUS.2.1.0
2023-09-25 14:10:32,263 [WARN] PackLoader:240 - Cannot read IP mode file for STMicroelectronics.X-CUBE-AZRTOS-F7.1.1.0
2023-09-25 14:10:32,281 [WARN] PackLoader:240 - Cannot read IP mode file for STMicroelectronics.FP-SNS-MOTENV1.4.3.2
2023-09-25 14:10:32,290 [WARN] PackLoader:240 - Cannot read IP mode file for STMicroelectronics.FP-SNS-FLIGHT1.5.0.2
2023-09-25 14:10:32,303 [WARN] PackLoader:240 - Cannot read IP mode file for STMicroelectronics.X-CUBE-DISPLAY.3.0.0
2023-09-25 14:10:32,324 [WARN] PackLoader:240 - Cannot read IP mode file for STMicroelectronics.X-CUBE-BLE1.7.0.0
2023-09-25 14:10:32,333 [WARN] PackLoader:240 - Cannot read IP mode file for emotas.I-CUBE-CANOPEN.1.3.0
2023-09-25 14:10:32,341 [WARN] PackLoader:240 - Cannot read IP mode file for STMicroelectronics.X-CUBE-TOUCHGFX.4.22.0
2023-09-25 14:10:32,350 [WARN] PackLoader:240 - Cannot read IP mode file for STMicroelectronics.FP-SNS-SMARTAG2.1.2.0
2023-09-25 14:10:32,366 [INFO] LogOutputStream:77 - [STDOUT_REDIRECT] 1 : Invalid condition id : UX_CORESTACK_Condition cause : null
2023-09-25 14:10:32,366 [INFO] LogOutputStream:77 - [STDOUT_REDIRECT] 1 : Invalid condition id : UX_CORESTACK_Condition cause : null
2023-09-25 14:10:32,368 [INFO] LogOutputStream:77 - [STDOUT_REDIRECT] 1 : Invalid condition id : UX_CORESTACK_Condition cause : null
2023-09-25 14:10:32,369 [INFO] LogOutputStream:77 - [STDOUT_REDIRECT] 1 : Invalid condition id : UX_CORESTACK_Condition cause : null
2023-09-25 14:10:32,370 [INFO] LogOutputStream:77 - [STDOUT_REDIRECT] 1 : Invalid condition id : UX_CORESTACK_Condition cause : null
2023-09-25 14:10:32,377 [WARN] PackLoader:240 - Cannot read IP mode file for STMicroelectronics.X-CUBE-AZRTOS-WL.2.0.0
2023-09-25 14:10:32,393 [WARN] PackLoader:240 - Cannot read IP mode file for WES.I-CUBE-Cesium.1.3.0
2023-09-25 14:10:32,401 [WARN] PackLoader:240 - Cannot read IP mode file for STMicroelectronics.X-CUBE-BLE2.3.3.0
2023-09-25 14:10:32,415 [WARN] PackLoader:240 - Cannot read IP mode file for STMicroelectronics.X-CUBE-ALGOBUILD.1.3.0
2023-09-25 14:10:32,440 [WARN] PackLoader:240 - Cannot read IP mode file for STMicroelectronics.X-CUBE-AZRTOS-G0.1.1.0
2023-09-25 14:10:32,451 [WARN] PackLoader:240 - Cannot read IP mode file for STMicroelectronics.X-CUBE-NFC4.3.0.0
2023-09-25 14:10:32,458 [WARN] PackLoader:240 - Cannot read IP mode file for STMicroelectronics.FP-ATR-SIGFOX1.3.2.0
2023-09-25 14:10:32,528 [WARN] PackLoader:240 - Cannot read IP mode file for SEGGER.I-CUBE-embOS.1.3.1
2023-09-25 14:10:32,589 [WARN] PackLoader:240 - Cannot read IP mode file for STMicroelectronics.X-CUBE-GNSS1.6.0.0
2023-09-25 14:10:32,609 [WARN] PackLoader:240 - Cannot read IP mode file for STMicroelectronics.X-CUBE-AZRTOS-F4.1.1.0
2023-09-25 14:10:32,620 [WARN] PackLoader:240 - Cannot read IP mode file for wolfSSL.I-CUBE-wolfSSL.5.6.3
2023-09-25 14:10:32,642 [WARN] PackLoader:240 - Cannot read IP mode file for STMicroelectronics.X-CUBE-AZRTOS-L5.2.0.0
2023-09-25 14:10:32,692 [WARN] PackLoader:240 - Cannot read IP mode file for STMicroelectronics.X-CUBE-MEMS1.9.6.0
2023-09-25 14:10:32,871 [WARN] PackLoader:240 - Cannot read IP mode file for STMicroelectronics.X-CUBE-BLEMGR.2.0.0
2023-09-25 14:10:32,928 [WARN] ConditionMgr:438 - getConditionDescription Invalid condition id : UX DEVICE CLASS RTOS Condition cause : null
2023-09-25 14:10:32,929 [WARN] ConditionMgr:438 - getConditionDescription Invalid condition id : UX DEVICE CLASS RTOS Condition cause : null
2023-09-25 14:10:32,938 [WARN] PackLoader:240 - Cannot read IP mode file for STMicroelectronics.X-CUBE-AZRTOS-H7.3.1.0
2023-09-25 14:10:32,941 [WARN] ConditionMgr:1039 - genDependencies : Invalid condition id : UX DEVICE CLASS RTOS Condition cause : null
2023-09-25 14:10:32,941 [WARN] ConditionMgr:1039 - genDependencies : Invalid condition id : UX DEVICE CLASS RTOS Condition cause : null
2023-09-25 14:10:32,942 [WARN] ConditionMgr:1039 - genDependencies : Invalid condition id : UX DEVICE CLASS RTOS Condition cause : null
2023-09-25 14:10:32,944 [WARN] ConditionMgr:1039 - genDependencies : Invalid condition id : UX DEVICE CLASS RTOS Condition cause : null
2023-09-25 14:10:32,944 [WARN] ConditionMgr:1039 - genDependencies : Invalid condition id : UX DEVICE CLASS RTOS Condition cause : null
2023-09-25 14:10:32,968 [WARN] PackLoader:240 - Cannot read IP mode file for STMicroelectronics.X-CUBE-NFC7.1.0.1
2023-09-25 14:10:32,981 [WARN] PackLoader:240 - Cannot read IP mode file for STMicroelectronics.X-CUBE-NFC6.3.0.0
2023-09-25 14:10:32,994 [WARN] PackLoader:240 - Cannot read IP mode file for STMicroelectronics.X-CUBE-EEPRMA1.4.1.0
2023-09-25 14:10:33,002 [WARN] PackLoader:240 - Cannot read IP mode file for STMicroelectronics.X-CUBE-AI.8.1.0
2023-09-25 14:10:33,022 [WARN] ConditionMgr:438 - getConditionDescription Invalid condition id : LAN8742 Phy interface Condition cause : null
2023-09-25 14:10:33,023 [WARN] PackLoader:240 - Cannot read IP mode file for STMicroelectronics.X-CUBE-AZRTOS-L4.2.0.0
2023-09-25 14:10:33,024 [WARN] ConditionMgr:1039 - genDependencies : Invalid condition id : LAN8742 Phy interface Condition cause : null
2023-09-25 14:10:33,024 [WARN] ConditionMgr:1039 - genDependencies : Invalid condition id : LAN8742 Phy interface Condition cause : null
2023-09-25 14:10:33,025 [WARN] ConditionMgr:1039 - genDependencies : Invalid condition id : LAN8742 Phy interface Condition cause : null
2023-09-25 14:10:33,037 [WARN] PackLoader:240 - Cannot read IP mode file for STMicroelectronics.X-CUBE-SFXS2LP1.4.0.0
2023-09-25 14:10:33,046 [WARN] PackLoader:240 - Cannot read IP mode file for STMicroelectronics.X-CUBE-ISPU.1.1.0
2023-09-25 14:10:33,063 [WARN] ConditionMgr:438 - getConditionDescription Invalid condition id : UX DEVICE CLASS RTOS Condition cause : null
2023-09-25 14:10:33,063 [WARN] ConditionMgr:438 - getConditionDescription Invalid condition id : UX DEVICE CLASS RTOS Condition cause : null
2023-09-25 14:10:33,065 [WARN] PackLoader:240 - Cannot read IP mode file for STMicroelectronics.X-CUBE-AZRTOS-WB.2.0.0
2023-09-25 14:10:33,066 [WARN] ConditionMgr:1039 - genDependencies : Invalid condition id : UX DEVICE CLASS RTOS Condition cause : null
2023-09-25 14:10:33,066 [WARN] ConditionMgr:1039 - genDependencies : Invalid condition id : UX DEVICE CLASS RTOS Condition cause : null
2023-09-25 14:10:33,066 [WARN] ConditionMgr:1039 - genDependencies : Invalid condition id : UX DEVICE CLASS RTOS Condition cause : null
2023-09-25 14:10:33,067 [WARN] ConditionMgr:1039 - genDependencies : Invalid condition id : UX DEVICE CLASS RTOS Condition cause : null
2023-09-25 14:10:33,067 [WARN] ConditionMgr:1039 - genDependencies : Invalid condition id : UX DEVICE CLASS RTOS Condition cause : null
2023-09-25 14:10:33,081 [WARN] PackLoader:240 - Cannot read IP mode file for STMicroelectronics.X-CUBE-SUBG2.5.0.0
2023-09-25 14:10:33,104 [WARN] PackLoader:240 - Cannot read IP mode file for STMicroelectronics.X-CUBE-TOF1.3.3.1
2023-09-25 14:10:33,130 [WARN] PackLoader:240 - Cannot read IP mode file for STMicroelectronics.X-CUBE-AZRTOS-G4.2.0.0
2023-09-25 14:10:33,138 [WARN] PackLoader:240 - Cannot read IP mode file for STMicroelectronics.X-CUBE-FREERTOS.1.1.0
2023-09-25 14:10:33,145 [WARN] PackLoader:240 - Cannot read IP mode file for portGmbH.I-Cube-SoM-uGOAL.1.1.0
2023-09-25 14:10:33,152 [WARN] PackLoader:240 - Cannot read IP mode file for STMicroelectronics.X-CUBE-ALS.1.0.1
2023-09-25 14:10:33,159 [WARN] PackLoader:240 - Cannot read IP mode file for STMicroelectronics.FP-ATR-ASTRA1.2.0.0
2023-09-25 14:10:33,161 [INFO] ThirdParty:978 - Integrity check success = true
2023-09-25 14:10:33,162 [INFO] IntegrityCheckThread:100 - exiting critical section [integrity check]
2023-09-25 14:10:33,162 [INFO] IntegrityCheckThread:103 - End integrity checks thread
2023-09-25 14:10:33,505 [ERROR] ConfigurationRetriever:142 - IOException on connection: Read timed out
2023-09-25 14:10:52,250 [ERROR] LogOutputStream:75 - [STDERR_REDIRECT] SLF4J: Failed to load class "org.slf4j.impl.StaticLoggerBinder".
2023-09-25 14:10:52,251 [ERROR] LogOutputStream:75 - [STDERR_REDIRECT] SLF4J: Defaulting to no-operation (NOP) logger implementation
2023-09-25 14:10:52,253 [ERROR] LogOutputStream:75 - [STDERR_REDIRECT] SLF4J: See http://www.slf4j.org/codes.html#StaticLoggerBinder for further details.
2023-09-25 14:10:53,302 [INFO] McuFinderGlobals:63 - Set McuFinder mode to 2 (CubeIDE integrated)
2023-09-25 14:10:53,308 [INFO] MainUpdater:2868 - connection check result : 10
2023-09-25 14:10:53,313 [INFO] McuFinderGlobals:76 - Set McuFinderConnectedMode to true
2023-09-25 14:10:55,079 [INFO] ServerAccessManage:473 - Download File mcusAds.json._tmp_
2023-09-25 14:10:55,218 [INFO] LoadUrlFilesThread:156 - End of LoadUrlFiles Thread
2023-09-25 14:11:44,861 [WARN] ServerAccessManage:1168 - Warning during Server Connection :  timeout Read timed out
2023-09-25 14:11:56,704 [INFO] ServerAccessManage:473 - Download File cube-finder-db.zip
2023-09-25 14:12:50,445 [ERROR] ServerAccessManage:540 - Timeout Exception during http download :Read timed out
2023-09-25 14:12:50,448 [ERROR] ServerAccessManage:651 - Problem, Http timeout : cube-finder-db.zip.
2023-09-25 14:13:16,397 [INFO] LoadUrlFilesThread:156 - End of LoadUrlFiles Thread
2023-09-25 14:13:18,234 [INFO] DbMcusAds:53 - JSON generation date=Tue Mar 07 10:50:55 EET 2023 (1678179055335)
2023-09-25 14:13:18,261 [ERROR] TargetSelectorAdapter:267 - Unable to refresh data
2023-09-25 14:13:18,643 [INFO] ApiDb:581 - Connected to CubeFinder SQLite database (C:\Users\brbar\.stmcufinder\plugins\mcufinder\mcu\cube-finder-db.db)
2023-09-25 14:13:18,746 [INFO] ApiDb:668 - CubeFinder database Data Model version=2.1
2023-09-25 14:13:18,747 [INFO] ApiDb:669 - CubeFinder database Configuration version=3.0.37
2023-09-25 14:13:18,747 [INFO] ApiDb:670 - CubeFinder database generation date=2023-08-09 (1691586011)
2023-09-25 14:13:18,747 [INFO] ApiDb:671 - CubeFinder database FW Pack versions=[FP-ATR-ASTRA1_V2.0.0, FP-SNS-FLIGHT1_V5.0.1, FP-SNS-FLIGHT1_V5.0.2, FP-SNS-MOTENV1_V4.3.1, FP-SNS-MOTENV1_V4.3.2, STM32Cube_FW_C0_V1.1.0, STM32Cube_FW_F4_V1.27.1, STM32Cube_FW_F7_V1.17.0, STM32Cube_FW_G0_V1.6.1, STM32Cube_FW_G4_V1.5.1, STM32Cube_FW_H5_V0.5.1, STM32Cube_FW_H5_V1.1.0, STM32Cube_FW_H7_V1.11.0, STM32Cube_FW_L0_V1.12.2, STM32Cube_FW_L5_V1.5.0, STM32Cube_FW_U5_V1.3.0, STM32Cube_FW_U5_V1.3.0RC4, STM32Cube_FW_WBA_V1.0.0RC1, STM32Cube_FW_WBA_V1.1.0, STM32Cube_FW_WBA_V1.1.0RC1, STM32Cube_FW_WB_V1.15.0RC1, STM32Cube_FW_WB_V1.16.0, STM32Cube_FW_WB_V1.16.0RC2, STM32Cube_FW_WB_V1.17.0, STM32Cube_FW_WL_V1.3.0, X-CUBE-ALGOBUILD_V1.3.0, X-CUBE-ALS_V1.0.1, X-CUBE-AZRTOS-F4_V1.1.0, X-CUBE-AZRTOS-F7_V1.1.0, X-CUBE-AZRTOS-G0_V1.1.0, X-CUBE-AZRTOS-G4_V2.0.0, X-CUBE-AZRTOS-H7_V3.1.0, X-CUBE-AZRTOS-L4_V1.0.0, X-CUBE-AZRTOS-L4_V2.0.0, X-CUBE-AZRTOS-L5_V1.1.0, X-CUBE-AZRTOS-WB_V1.1.0, X-CUBE-AZRTOS-WL_V2.0.0, X-CUBE-BLE1_V7.0.0, X-CUBE-BLE2_V3.3.0, X-CUBE-BLEMGR_V2.0.0, X-CUBE-EEPRMA1_V4.1.0, X-CUBE-FREERTOS_V1.1.0, X-CUBE-GNSS1_V6.0.0, X-CUBE-MEMS1_V9.1.0, X-CUBE-MEMS1_V9.4.0, X-CUBE-MEMS1_V9.6.0, X-CUBE-NFC4_V3.0.0, X-CUBE-NFC7_V1.0.0, X-CUBE-SFXS2LP1_V4.0.0, X-CUBE-SUBG2_V5.0.0, X-CUBE-TOF1_V3.3.1]
2023-09-25 14:13:18,899 [INFO] DbBoardsSqlite:226 - include board P-NUCLEO-WB55-NUCLEO as a kit item of type 'Nucleo-64'
2023-09-25 14:13:18,899 [INFO] DbBoardsSqlite:226 - include board P-NUCLEO-WB55-USBDONGLE as a kit item of type 'Nucleo USB Dongle'
2023-09-25 14:13:18,901 [INFO] DbBoardsSqlite:226 - include board STEVAL-IDP005V1 as a kit item of type 'Evaluation Board'
2023-09-25 14:13:18,902 [INFO] DbBoardsSqlite:226 - include board STEVAL-IDP005V2 as a kit item of type 'Evaluation Board'
2023-09-25 14:13:19,476 [INFO] ApiDb:240 - Found 323 in-development CPN: [B-G473E-ZEST1S, B-WB1M-WPAN1, B-WL5M-SUBG1, NUCLEO-C031C6, NUCLEO-H503RB, NUCLEO-H563ZI, NUCLEO-U545RE-Q, NUCLEO-U5A5ZJ-Q, NUCLEO-WBA52CG, STEVAL-PROTEUS1, STEVAL-SMARTAG2, STEVAL-STWINBX1, STM320518-EVAL, STM32C0116-DK, STM32C011D6Y3TR, STM32C011D6Y6TR, STM32C011F4P3, STM32C011F4P6, STM32C011F4U3, STM32C011F4U6TR, STM32C011F6P3, STM32C011F6P6, STM32C011F6U3, STM32C011F6U6TR, STM32C011J4M3, STM32C011J4M6, STM32C011J6M3, STM32C011J6M6, STM32C0316-DK, STM32C031C4T3, STM32C031C4T6, STM32C031C4U3, STM32C031C4U6, STM32C031C6T3, STM32C031C6T6, STM32C031C6U3, STM32C031C6U6, STM32C031F4P3, STM32C031F4P6, STM32C031F6P3, STM32C031F6P6, STM32C031G4U3, STM32C031G4U6, STM32C031G6U3, STM32C031G6U6, STM32C031K4T3, STM32C031K4T6, STM32C031K4U3, STM32C031K4U6, STM32C031K6T3, STM32C031K6T6, STM32C031K6U3, STM32C031K6U6, STM32G071K8TXN, STM32G071K8UXN, STM32G081GBU6N, STM32G081KBT6N, STM32G081KBUXN, STM32G0B1CCT6N, STM32G0B1KCT6, STM32G0B1NEY6TR, STM32G0B1RCT6N, STM32G0C1CCT6, STM32G0C1CCT6N, STM32G0C1CCU6N, STM32G0C1CET6N, STM32G0C1CEU6N, STM32G0C1KCT6, STM32G0C1NEY6TR, STM32G0C1RCI6N, STM32G0C1RCT6N, STM32G0C1REI6N, STM32G0C1RET6N, STM32G0C1VCI6, STM32G0C1VEI6, STM32G471CCT6, STM32G471CCU6, STM32G471CET3, STM32G471CET6, STM32G471CEU3, STM32G471CEU6, STM32G471MCT6, STM32G471MET3, STM32G471MET6, STM32G471MEY6TR, STM32G471QCT6, STM32G471QET3, STM32G471RCT6, STM32G471RET3, STM32G471RET6, STM32G471VCH6, STM32G471VCI6, STM32G471VCT6, STM32G471VEH3, STM32G471VEH6, STM32G471VEI3, STM32G471VEI6, STM32G471VET3, STM32G471VET6, STM32G474CCT6, STM32H503CBT6, STM32H503CBU6, STM32H503EBY6TR, STM32H503KBU6, STM32H503RBT6, STM32H562AGI6, STM32H562AII6, STM32H562IGK6, STM32H562IGT6, STM32H562IIK6, STM32H562IIT6, STM32H562RGT6, STM32H562RGV6, STM32H562RIT6, STM32H562RIV6, STM32H562VGT6, STM32H562VIT6, STM32H562ZGT6, STM32H562ZIT6, STM32H563AGI6, STM32H563AII3Q, STM32H563AII6, STM32H563IGK6, STM32H563IGT6, STM32H563IIK3Q, STM32H563IIK6, STM32H563IIT3Q, STM32H563IIT6, STM32H563MIY3QTR, STM32H563RGT6, STM32H563RGV6, STM32H563RIT6, STM32H563RIV6, STM32H563VGT6, STM32H563VIT3Q, STM32H563VIT6, STM32H563ZGT6, STM32H563ZIT3Q, STM32H563ZIT6, STM32H573AII3Q, STM32H573AII6, STM32H573I-DK, STM32H573IIK3Q, STM32H573IIK6, STM32H573IIT3Q, STM32H573IIT6, STM32H573MIY3QTR, STM32H573RIT6, STM32H573RIV6, STM32H573VIT3Q, STM32H573VIT6, STM32H573ZIT3Q, STM32H573ZIT6, STM32L4R5QGI6STR, STM32MP131AAE3, STM32MP131AAF3, STM32MP131AAG3, STM32MP131CAE3, STM32MP131CAF3, STM32MP131CAG3, STM32MP131DAE7, STM32MP131DAF7, STM32MP131DAG7, STM32MP131FAE7, STM32MP131FAF7, STM32MP131FAG7, STM32MP133AAE3, STM32MP133AAF3, STM32MP133AAG3, STM32MP133CAE3, STM32MP133CAF3, STM32MP133CAG3, STM32MP133DAE7, STM32MP133DAF7, STM32MP133DAG7, STM32MP133FAE7, STM32MP133FAF7, STM32MP133FAG7, STM32MP135AAE3, STM32MP135AAF3, STM32MP135AAG3, STM32MP135CAE3, STM32MP135CAF3, STM32MP135CAG3, STM32MP135DAE7, STM32MP135DAF7, STM32MP135DAG7, STM32MP135F-DK, STM32MP135FAE7, STM32MP135FAF7, STM32MP135FAF7T, STM32MP135FAF7U, STM32MP135FAG7, STM32U535CBT6, STM32U535CBT6Q, STM32U535CBU6, STM32U535CBU6Q, STM32U535CCT6, STM32U535CCT6Q, STM32U535CCU6, STM32U535CCU6Q, STM32U535CET6, STM32U535CET6Q, STM32U535CEU6, STM32U535CEU6Q, STM32U535JEY6QTR, STM32U535NCY6QTR, STM32U535NEY6QTR, STM32U535RBI6, STM32U535RBI6Q, STM32U535RBT6, STM32U535RBT6Q, STM32U535RCI6, STM32U535RCI6Q, STM32U535RCT6, STM32U535RCT6Q, STM32U535REI6, STM32U535REI6Q, STM32U535RET6, STM32U535RET6Q, STM32U535VCI6, STM32U535VCI6Q, STM32U535VCT6, STM32U535VCT6Q, STM32U535VEI6, STM32U535VEI6Q, STM32U535VET6, STM32U535VET6Q, STM32U545CET6, STM32U545CET6Q, STM32U545CEU6, STM32U545CEU6Q, STM32U545JEY6QTR, STM32U545NEY6QTR, STM32U545REI6, STM32U545REI6Q, STM32U545RET6, STM32U545RET6Q, STM32U545VEI6, STM32U545VEI6Q, STM32U545VET6, STM32U545VET6Q, STM32U595AIH6, STM32U595AIH6Q, STM32U595AJH6, STM32U595AJH6Q, STM32U595QII6, STM32U595QII6Q, STM32U595QJI6, STM32U595QJI6Q, STM32U595RIT6, STM32U595RIT6Q, STM32U595RJT6, STM32U595RJT6Q, STM32U595VIT6, STM32U595VIT6Q, STM32U595VJT6, STM32U595VJT6Q, STM32U595ZIT6, STM32U595ZIT6Q, STM32U595ZIY6QTR, STM32U595ZJT6, STM32U595ZJT6Q, STM32U595ZJY6QTR, STM32U599BJY6QTR, STM32U599NIH6Q, STM32U599NJH6Q, STM32U599VIT6Q, STM32U599VJT6, STM32U599VJT6Q, STM32U599ZIT6Q, STM32U599ZIY6QTR, STM32U599ZJT6Q, STM32U599ZJY6QTR, STM32U5A5AJH6, STM32U5A5AJH6Q, STM32U5A5QJI6, STM32U5A5QJI6Q, STM32U5A5RJT6, STM32U5A5RJT6Q, STM32U5A5VJT6, STM32U5A5VJT6Q, STM32U5A5ZJT6, STM32U5A5ZJT6Q, STM32U5A5ZJY6QTR, STM32U5A9BJY6QTR, STM32U5A9J-DK, STM32U5A9NJH6Q, STM32U5A9VJT6Q, STM32U5A9ZJT6Q, STM32U5A9ZJY6QTR, STM32U5F7VIT6, STM32U5F7VIT6Q, STM32U5F7VJT6, STM32U5F7VJT6Q, STM32U5F9BJY6QTR, STM32U5F9NJH6Q, STM32U5F9VIT6Q, STM32U5F9VJT6Q, STM32U5F9ZIJ6QTR, STM32U5F9ZIT6Q, STM32U5F9ZJJ6QTR, STM32U5F9ZJT6Q, STM32U5G7VJT6, STM32U5G7VJT6Q, STM32U5G9BJY6QTR, STM32U5G9J-DK1, STM32U5G9J-DK2, STM32U5G9NJH6Q, STM32U5G9VJT6Q, STM32U5G9ZJJ6QTR, STM32U5G9ZJT6Q, STM32WB1MMCH6, STM32WBA52CEU6, STM32WBA52CEU6T, STM32WBA52CGU6, STM32WBA52CGU6T, STM32WBA52KEU6, STM32WBA52KEU6T, STM32WBA52KGU6, STM32WBA52KGU6T, STM32WL5MOCH6, STM32WL5MOCH6TR]
2023-09-25 14:13:19,631 [INFO] BoardInfo:880 - No configuration file found for board P-NUCLEO-WB55
2023-09-25 14:13:19,632 [INFO] DbBoards:157 - Kit is not supported: P-NUCLEO-WB55
2023-09-25 14:13:19,637 [INFO] BoardInfo:880 - No configuration file found for board STEVAL-BFA001V1B
2023-09-25 14:13:19,637 [INFO] DbBoards:157 - Kit is not supported: STEVAL-BFA001V1B
2023-09-25 14:13:19,638 [INFO] BoardInfo:880 - No configuration file found for board STEVAL-BFA001V2B
2023-09-25 14:13:19,638 [INFO] DbBoards:157 - Kit is not supported: STEVAL-BFA001V2B
2023-09-25 14:13:19,784 [INFO] DbBoards:161 - Found 190 boards, 187 are supported
2023-09-25 14:13:19,789 [INFO] ApiDb:668 - CubeFinder database Data Model version=2.1
2023-09-25 14:13:19,789 [INFO] ApiDb:669 - CubeFinder database Configuration version=3.0.37
2023-09-25 14:13:19,789 [INFO] ApiDb:670 - CubeFinder database generation date=2023-08-09 (1691586011)
2023-09-25 14:13:19,789 [INFO] ApiDb:671 - CubeFinder database FW Pack versions=[FP-ATR-ASTRA1_V2.0.0, FP-SNS-FLIGHT1_V5.0.1, FP-SNS-FLIGHT1_V5.0.2, FP-SNS-MOTENV1_V4.3.1, FP-SNS-MOTENV1_V4.3.2, STM32Cube_FW_C0_V1.1.0, STM32Cube_FW_F4_V1.27.1, STM32Cube_FW_F7_V1.17.0, STM32Cube_FW_G0_V1.6.1, STM32Cube_FW_G4_V1.5.1, STM32Cube_FW_H5_V0.5.1, STM32Cube_FW_H5_V1.1.0, STM32Cube_FW_H7_V1.11.0, STM32Cube_FW_L0_V1.12.2, STM32Cube_FW_L5_V1.5.0, STM32Cube_FW_U5_V1.3.0, STM32Cube_FW_U5_V1.3.0RC4, STM32Cube_FW_WBA_V1.0.0RC1, STM32Cube_FW_WBA_V1.1.0, STM32Cube_FW_WBA_V1.1.0RC1, STM32Cube_FW_WB_V1.15.0RC1, STM32Cube_FW_WB_V1.16.0, STM32Cube_FW_WB_V1.16.0RC2, STM32Cube_FW_WB_V1.17.0, STM32Cube_FW_WL_V1.3.0, X-CUBE-ALGOBUILD_V1.3.0, X-CUBE-ALS_V1.0.1, X-CUBE-AZRTOS-F4_V1.1.0, X-CUBE-AZRTOS-F7_V1.1.0, X-CUBE-AZRTOS-G0_V1.1.0, X-CUBE-AZRTOS-G4_V2.0.0, X-CUBE-AZRTOS-H7_V3.1.0, X-CUBE-AZRTOS-L4_V1.0.0, X-CUBE-AZRTOS-L4_V2.0.0, X-CUBE-AZRTOS-L5_V1.1.0, X-CUBE-AZRTOS-WB_V1.1.0, X-CUBE-AZRTOS-WL_V2.0.0, X-CUBE-BLE1_V7.0.0, X-CUBE-BLE2_V3.3.0, X-CUBE-BLEMGR_V2.0.0, X-CUBE-EEPRMA1_V4.1.0, X-CUBE-FREERTOS_V1.1.0, X-CUBE-GNSS1_V6.0.0, X-CUBE-MEMS1_V9.1.0, X-CUBE-MEMS1_V9.4.0, X-CUBE-MEMS1_V9.6.0, X-CUBE-NFC4_V3.0.0, X-CUBE-NFC7_V1.0.0, X-CUBE-SFXS2LP1_V4.0.0, X-CUBE-SUBG2_V5.0.0, X-CUBE-TOF1_V3.3.1]
2023-09-25 14:13:21,504 [INFO] ApiDb:240 - Found 323 in-development CPN: [B-G473E-ZEST1S, B-WB1M-WPAN1, B-WL5M-SUBG1, NUCLEO-C031C6, NUCLEO-H503RB, NUCLEO-H563ZI, NUCLEO-U545RE-Q, NUCLEO-U5A5ZJ-Q, NUCLEO-WBA52CG, STEVAL-PROTEUS1, STEVAL-SMARTAG2, STEVAL-STWINBX1, STM320518-EVAL, STM32C0116-DK, STM32C011D6Y3TR, STM32C011D6Y6TR, STM32C011F4P3, STM32C011F4P6, STM32C011F4U3, STM32C011F4U6TR, STM32C011F6P3, STM32C011F6P6, STM32C011F6U3, STM32C011F6U6TR, STM32C011J4M3, STM32C011J4M6, STM32C011J6M3, STM32C011J6M6, STM32C0316-DK, STM32C031C4T3, STM32C031C4T6, STM32C031C4U3, STM32C031C4U6, STM32C031C6T3, STM32C031C6T6, STM32C031C6U3, STM32C031C6U6, STM32C031F4P3, STM32C031F4P6, STM32C031F6P3, STM32C031F6P6, STM32C031G4U3, STM32C031G4U6, STM32C031G6U3, STM32C031G6U6, STM32C031K4T3, STM32C031K4T6, STM32C031K4U3, STM32C031K4U6, STM32C031K6T3, STM32C031K6T6, STM32C031K6U3, STM32C031K6U6, STM32G071K8TXN, STM32G071K8UXN, STM32G081GBU6N, STM32G081KBT6N, STM32G081KBUXN, STM32G0B1CCT6N, STM32G0B1KCT6, STM32G0B1NEY6TR, STM32G0B1RCT6N, STM32G0C1CCT6, STM32G0C1CCT6N, STM32G0C1CCU6N, STM32G0C1CET6N, STM32G0C1CEU6N, STM32G0C1KCT6, STM32G0C1NEY6TR, STM32G0C1RCI6N, STM32G0C1RCT6N, STM32G0C1REI6N, STM32G0C1RET6N, STM32G0C1VCI6, STM32G0C1VEI6, STM32G471CCT6, STM32G471CCU6, STM32G471CET3, STM32G471CET6, STM32G471CEU3, STM32G471CEU6, STM32G471MCT6, STM32G471MET3, STM32G471MET6, STM32G471MEY6TR, STM32G471QCT6, STM32G471QET3, STM32G471RCT6, STM32G471RET3, STM32G471RET6, STM32G471VCH6, STM32G471VCI6, STM32G471VCT6, STM32G471VEH3, STM32G471VEH6, STM32G471VEI3, STM32G471VEI6, STM32G471VET3, STM32G471VET6, STM32G474CCT6, STM32H503CBT6, STM32H503CBU6, STM32H503EBY6TR, STM32H503KBU6, STM32H503RBT6, STM32H562AGI6, STM32H562AII6, STM32H562IGK6, STM32H562IGT6, STM32H562IIK6, STM32H562IIT6, STM32H562RGT6, STM32H562RGV6, STM32H562RIT6, STM32H562RIV6, STM32H562VGT6, STM32H562VIT6, STM32H562ZGT6, STM32H562ZIT6, STM32H563AGI6, STM32H563AII3Q, STM32H563AII6, STM32H563IGK6, STM32H563IGT6, STM32H563IIK3Q, STM32H563IIK6, STM32H563IIT3Q, STM32H563IIT6, STM32H563MIY3QTR, STM32H563RGT6, STM32H563RGV6, STM32H563RIT6, STM32H563RIV6, STM32H563VGT6, STM32H563VIT3Q, STM32H563VIT6, STM32H563ZGT6, STM32H563ZIT3Q, STM32H563ZIT6, STM32H573AII3Q, STM32H573AII6, STM32H573I-DK, STM32H573IIK3Q, STM32H573IIK6, STM32H573IIT3Q, STM32H573IIT6, STM32H573MIY3QTR, STM32H573RIT6, STM32H573RIV6, STM32H573VIT3Q, STM32H573VIT6, STM32H573ZIT3Q, STM32H573ZIT6, STM32L4R5QGI6STR, STM32MP131AAE3, STM32MP131AAF3, STM32MP131AAG3, STM32MP131CAE3, STM32MP131CAF3, STM32MP131CAG3, STM32MP131DAE7, STM32MP131DAF7, STM32MP131DAG7, STM32MP131FAE7, STM32MP131FAF7, STM32MP131FAG7, STM32MP133AAE3, STM32MP133AAF3, STM32MP133AAG3, STM32MP133CAE3, STM32MP133CAF3, STM32MP133CAG3, STM32MP133DAE7, STM32MP133DAF7, STM32MP133DAG7, STM32MP133FAE7, STM32MP133FAF7, STM32MP133FAG7, STM32MP135AAE3, STM32MP135AAF3, STM32MP135AAG3, STM32MP135CAE3, STM32MP135CAF3, STM32MP135CAG3, STM32MP135DAE7, STM32MP135DAF7, STM32MP135DAG7, STM32MP135F-DK, STM32MP135FAE7, STM32MP135FAF7, STM32MP135FAF7T, STM32MP135FAF7U, STM32MP135FAG7, STM32U535CBT6, STM32U535CBT6Q, STM32U535CBU6, STM32U535CBU6Q, STM32U535CCT6, STM32U535CCT6Q, STM32U535CCU6, STM32U535CCU6Q, STM32U535CET6, STM32U535CET6Q, STM32U535CEU6, STM32U535CEU6Q, STM32U535JEY6QTR, STM32U535NCY6QTR, STM32U535NEY6QTR, STM32U535RBI6, STM32U535RBI6Q, STM32U535RBT6, STM32U535RBT6Q, STM32U535RCI6, STM32U535RCI6Q, STM32U535RCT6, STM32U535RCT6Q, STM32U535REI6, STM32U535REI6Q, STM32U535RET6, STM32U535RET6Q, STM32U535VCI6, STM32U535VCI6Q, STM32U535VCT6, STM32U535VCT6Q, STM32U535VEI6, STM32U535VEI6Q, STM32U535VET6, STM32U535VET6Q, STM32U545CET6, STM32U545CET6Q, STM32U545CEU6, STM32U545CEU6Q, STM32U545JEY6QTR, STM32U545NEY6QTR, STM32U545REI6, STM32U545REI6Q, STM32U545RET6, STM32U545RET6Q, STM32U545VEI6, STM32U545VEI6Q, STM32U545VET6, STM32U545VET6Q, STM32U595AIH6, STM32U595AIH6Q, STM32U595AJH6, STM32U595AJH6Q, STM32U595QII6, STM32U595QII6Q, STM32U595QJI6, STM32U595QJI6Q, STM32U595RIT6, STM32U595RIT6Q, STM32U595RJT6, STM32U595RJT6Q, STM32U595VIT6, STM32U595VIT6Q, STM32U595VJT6, STM32U595VJT6Q, STM32U595ZIT6, STM32U595ZIT6Q, STM32U595ZIY6QTR, STM32U595ZJT6, STM32U595ZJT6Q, STM32U595ZJY6QTR, STM32U599BJY6QTR, STM32U599NIH6Q, STM32U599NJH6Q, STM32U599VIT6Q, STM32U599VJT6, STM32U599VJT6Q, STM32U599ZIT6Q, STM32U599ZIY6QTR, STM32U599ZJT6Q, STM32U599ZJY6QTR, STM32U5A5AJH6, STM32U5A5AJH6Q, STM32U5A5QJI6, STM32U5A5QJI6Q, STM32U5A5RJT6, STM32U5A5RJT6Q, STM32U5A5VJT6, STM32U5A5VJT6Q, STM32U5A5ZJT6, STM32U5A5ZJT6Q, STM32U5A5ZJY6QTR, STM32U5A9BJY6QTR, STM32U5A9J-DK, STM32U5A9NJH6Q, STM32U5A9VJT6Q, STM32U5A9ZJT6Q, STM32U5A9ZJY6QTR, STM32U5F7VIT6, STM32U5F7VIT6Q, STM32U5F7VJT6, STM32U5F7VJT6Q, STM32U5F9BJY6QTR, STM32U5F9NJH6Q, STM32U5F9VIT6Q, STM32U5F9VJT6Q, STM32U5F9ZIJ6QTR, STM32U5F9ZIT6Q, STM32U5F9ZJJ6QTR, STM32U5F9ZJT6Q, STM32U5G7VJT6, STM32U5G7VJT6Q, STM32U5G9BJY6QTR, STM32U5G9J-DK1, STM32U5G9J-DK2, STM32U5G9NJH6Q, STM32U5G9VJT6Q, STM32U5G9ZJJ6QTR, STM32U5G9ZJT6Q, STM32WB1MMCH6, STM32WBA52CEU6, STM32WBA52CEU6T, STM32WBA52CGU6, STM32WBA52CGU6T, STM32WBA52KEU6, STM32WBA52KEU6T, STM32WBA52KGU6, STM32WBA52KGU6T, STM32WL5MOCH6, STM32WL5MOCH6TR]
2023-09-25 14:13:21,514 [INFO] DbMcus:217 - Found 3848 MCUs, 3848 are supported
2023-09-25 14:13:21,516 [INFO] ApiDb:423 - Load user favorites file C:\Users\brbar/.stm32cubeide/favorites.mcus.txt: 0 item(s)
2023-09-25 14:13:21,516 [INFO] ApiDb:427 - User favorites MCUs=[]
2023-09-25 14:13:21,516 [INFO] DbMcus:223 - Set 0 / 0 favorites MCUs
2023-09-25 14:13:21,768 [INFO] ApiDb:423 - Load user favorites file C:\Users\brbar/.stm32cubeide/favorites.boards.txt: 0 item(s)
2023-09-25 14:13:21,768 [INFO] ApiDb:427 - User favorites Boards=[]
2023-09-25 14:13:21,768 [INFO] DbBoards:190 - Set 0 / 0 favorites Boards
2023-09-25 14:13:21,769 [INFO] McuFinderGlobals:76 - Set McuFinderConnectedMode to true
2023-09-25 14:13:21,777 [INFO] MultiScanPanel:200 - Auto-refresh data requested => check proxy status ongoing
2023-09-25 14:13:21,780 [INFO] FinderPluginLoader:95 - Searching for filters in installed packs
2023-09-25 14:13:23,201 [INFO] LoadUrlFilesThread:185 - End of LoadServerUrlFiles without Thread
2023-09-25 14:13:23,221 [INFO] DetailPanel:341 - Set advertising image to C:/Users/brbar/STM32Cube/Repository/\en.prom-stm32h5-mcu-finder.jpg
2023-09-25 14:13:23,691 [INFO] MultiScanPanel:727 - adjusting invalid saved split location: -0.1
2023-09-25 14:13:24,112 [INFO] MultiScanPanel:727 - adjusting invalid saved split location: -0.1
2023-09-25 14:25:30,072 [INFO] MainUpdater:2868 - connection check result : 10
2023-09-25 14:25:30,073 [INFO] MainUpdater:2868 - connection check result : 10
2023-09-25 14:25:30,130 [INFO] MicroXplorer:468 - Change Database Path : 
2023-09-25 14:25:30,131 [INFO] MicroXplorer:498 - Change Database Version : DB.6.0.91
2023-09-25 14:25:30,139 [WARN] ThirdParty:871 - waiting for thirdparty lock release [close project]
2023-09-25 14:25:30,139 [INFO] ThirdParty:873 - entering critical section [close project]
2023-09-25 14:25:30,143 [INFO] ThirdParty:883 - exiting critical section [close project]
2023-09-25 14:25:30,149 [INFO] PinOutPanel:1499 - setPackage(No Configuration,No Configuration)
2023-09-25 14:25:30,160 [INFO] UtilMem:75 - Begin LoadConfig() Used Memory: 280670272 Bytes (482344960)
2023-09-25 14:25:30,162 [INFO] MicroXplorer:468 - Change Database Path : 
2023-09-25 14:25:30,163 [INFO] MicroXplorer:498 - Change Database Version : DB.6.0.91
2023-09-25 14:25:30,163 [INFO] OpenFileManager:308 - Change cursor
2023-09-25 14:25:30,357 [INFO] Mcu:1946 - Initializing MCU STM32F103C8Tx STM32F103C8Tx STM32F103C8T6
2023-09-25 14:25:31,476 [INFO] Context:659 - Trying to add GPIOservice into a context  which must be forbidden
2023-09-25 14:25:32,075 [INFO] ImportTextPane:194 - (OptionalMessage_ERROR) Unable to find key (Mcu.ThirdPartyNb) in loaded IOC file
2023-09-25 14:25:32,075 [INFO] ImportTextPane:194 - (OptionalMessage_ERROR) Unable to find key (Mcu.PinsNb) in loaded IOC file
2023-09-25 14:25:32,075 [INFO] ImportTextPane:194 - (OptionalMessage_ERROR) Unable to find key (Mcu.IPNb) in loaded IOC file
2023-09-25 14:25:32,417 [INFO] RtosManager:555 - Registered RTOS mode: class=CMSIS, group=RTOS, mode=CMSIS_V1, owner=FREERTOS
2023-09-25 14:25:32,417 [INFO] RtosManager:555 - Registered RTOS mode: class=CMSIS, group=RTOS2, mode=CMSIS_V2, owner=FREERTOS
2023-09-25 14:25:32,417 [INFO] RtosManager:555 - Registered RTOS mode: class=RTOS, group=Core, mode=CMSIS_V1, owner=FREERTOS
2023-09-25 14:25:32,417 [INFO] RtosManager:555 - Registered RTOS mode: class=RTOS, group=Core, mode=CMSIS_V2, owner=FREERTOS
2023-09-25 14:25:32,417 [WARN] ModelIntegratedComponent:184 - Missing modes for component STMicroelectronics:FreeRTOS:0.0.1:STMicroelectronics:RTOS:FreeRTOS:Core:::10.2.0:
2023-09-25 14:25:32,434 [WARN] ModelIntegratedComponent:63 - No mode defined for component null
2023-09-25 14:25:32,434 [WARN] ModelIntegratedComponent:63 - No mode defined for component null
2023-09-25 14:25:32,434 [WARN] ModelIntegratedComponent:63 - No mode defined for component null
2023-09-25 14:25:32,434 [WARN] ModelIntegratedComponent:63 - No mode defined for component null
2023-09-25 14:25:32,434 [WARN] ModelIntegratedComponent:63 - No mode defined for component null
2023-09-25 14:25:32,434 [WARN] ModelIntegratedComponent:63 - No mode defined for component null
2023-09-25 14:25:32,435 [WARN] ModelIntegratedComponent:63 - No mode defined for component null
2023-09-25 14:25:32,435 [WARN] ModelIntegratedComponent:63 - No mode defined for component null
2023-09-25 14:25:32,435 [WARN] ModelIntegratedComponent:63 - No mode defined for component null
2023-09-25 14:25:32,435 [WARN] ModelIntegratedComponent:63 - No mode defined for component null
2023-09-25 14:25:32,435 [WARN] ModelIntegratedComponent:63 - No mode defined for component null
2023-09-25 14:25:32,435 [WARN] ModelIntegratedComponent:63 - No mode defined for component null
2023-09-25 14:25:32,435 [WARN] ModelIntegratedComponent:63 - No mode defined for component null
2023-09-25 14:25:32,435 [WARN] ModelIntegratedComponent:63 - No mode defined for component null
2023-09-25 14:25:32,435 [WARN] ModelIntegratedComponent:63 - No mode defined for component null
2023-09-25 14:25:32,435 [WARN] ModelIntegratedComponent:63 - No mode defined for component null
2023-09-25 14:25:32,435 [WARN] ModelIntegratedComponent:63 - No mode defined for component null
2023-09-25 14:25:32,435 [WARN] ModelIntegratedComponent:63 - No mode defined for component null
2023-09-25 14:25:32,435 [WARN] ModelIntegratedComponent:63 - No mode defined for component null
2023-09-25 14:25:32,435 [WARN] ModelIntegratedComponent:63 - No mode defined for component null
2023-09-25 14:25:32,436 [WARN] ModelIntegratedComponent:63 - No mode defined for component null
2023-09-25 14:25:32,436 [WARN] ModelIntegratedComponent:63 - No mode defined for component null
2023-09-25 14:25:32,436 [WARN] ModelIntegratedComponent:63 - No mode defined for component null
2023-09-25 14:25:32,436 [WARN] ModelIntegratedComponent:63 - No mode defined for component null
2023-09-25 14:25:32,436 [WARN] ModelIntegratedComponent:63 - No mode defined for component null
2023-09-25 14:25:32,436 [WARN] ModelIntegratedComponent:63 - No mode defined for component null
2023-09-25 14:25:32,436 [WARN] ModelIntegratedComponent:63 - No mode defined for component null
2023-09-25 14:25:32,436 [WARN] ModelIntegratedComponent:63 - No mode defined for component null
2023-09-25 14:25:32,436 [WARN] ModelIntegratedComponent:63 - No mode defined for component null
2023-09-25 14:25:32,436 [WARN] ModelIntegratedComponent:63 - No mode defined for component null
2023-09-25 14:25:32,436 [WARN] ModelIntegratedComponent:63 - No mode defined for component null
2023-09-25 14:25:32,437 [WARN] ModelIntegratedComponent:63 - No mode defined for component null
2023-09-25 14:25:32,437 [WARN] ModelIntegratedComponent:63 - No mode defined for component null
2023-09-25 14:25:32,462 [INFO] ThirdPartyModel:298 - Start build external matchings
2023-09-25 14:25:32,762 [INFO] ThirdPartyModel:316 - End build external matchings
2023-09-25 14:25:33,023 [INFO] UtilMem:75 - End LoadConfig() Used Memory: 395654352 Bytes (482344960)
2023-09-25 14:25:33,077 [WARN] ThirdParty:833 - waiting for thirdparty lock release [change project]
2023-09-25 14:25:33,077 [INFO] ThirdParty:835 - entering critical section [change project]
2023-09-25 14:25:33,078 [INFO] ThirdParty:1030 - CMSIS Pack Vendor :STMicroelectronics X-CUBE-ISPU 1.1.0
2023-09-25 14:25:33,078 [INFO] ThirdParty:1030 - CMSIS Pack Vendor :STMicroelectronics USBPD 4.1
2023-09-25 14:25:33,078 [INFO] ThirdParty:1030 - CMSIS Pack Vendor :STMicroelectronics X-CUBE-GNSS1 6.0.0
2023-09-25 14:25:33,078 [INFO] ThirdParty:1030 - CMSIS Pack Vendor :STMicroelectronics USB_HOST 2.0.0
2023-09-25 14:25:33,078 [INFO] ThirdParty:1030 - CMSIS Pack Vendor :STMicroelectronics X-CUBE-AZRTOS-F4 1.1.0
2023-09-25 14:25:33,078 [INFO] ThirdParty:1030 - CMSIS Pack Vendor :STMicroelectronics LIBJPEG 8.0.0
2023-09-25 14:25:33,078 [INFO] ThirdParty:1030 - CMSIS Pack Vendor :wolfSSL I-CUBE-wolfSSL 5.6.3
2023-09-25 14:25:33,078 [INFO] ThirdParty:1030 - CMSIS Pack Vendor :STMicroelectronics X-CUBE-SMBUS 2.1.0
2023-09-25 14:25:33,078 [INFO] ThirdParty:1030 - CMSIS Pack Vendor :STMicroelectronics USB_DEVICE 3.0.0
2023-09-25 14:25:33,078 [INFO] ThirdParty:1030 - CMSIS Pack Vendor :STMicroelectronics X-CUBE-AZRTOS-WB 2.0.0
2023-09-25 14:25:33,078 [INFO] ThirdParty:1030 - CMSIS Pack Vendor :STMicroelectronics X-CUBE-AZRTOS-F7 1.1.0
2023-09-25 14:25:33,078 [INFO] ThirdParty:1030 - CMSIS Pack Vendor :STMicroelectronics X-CUBE-AZRTOS-L5 2.0.0
2023-09-25 14:25:33,078 [INFO] ThirdParty:1030 - CMSIS Pack Vendor :STMicroelectronics USB_DEVICE 2.0.0
2023-09-25 14:25:33,079 [INFO] ThirdParty:1030 - CMSIS Pack Vendor :STMicroelectronics X-CUBE-MEMS1 9.6.0
2023-09-25 14:25:33,079 [INFO] ThirdParty:1030 - CMSIS Pack Vendor :STMicroelectronics FP-SNS-MOTENV1 4.3.2
2023-09-25 14:25:33,079 [INFO] ThirdParty:1030 - CMSIS Pack Vendor :STMicroelectronics X-CUBE-ALGOBUILD 1.3.0
2023-09-25 14:25:33,079 [INFO] ThirdParty:1030 - CMSIS Pack Vendor :STMicroelectronics FreeRTOS 0.0.1
2023-09-25 14:25:33,079 [INFO] ThirdParty:1030 - CMSIS Pack Vendor :STMicroelectronics X-CUBE-AZRTOS-G0 1.1.0
2023-09-25 14:25:33,079 [INFO] ThirdParty:1030 - CMSIS Pack Vendor :STMicroelectronics X-CUBE-BLEMGR 2.0.0
2023-09-25 14:25:33,079 [INFO] ThirdParty:1030 - CMSIS Pack Vendor :STMicroelectronics X-CUBE-NFC4 3.0.0
2023-09-25 14:25:33,079 [INFO] ThirdParty:1030 - CMSIS Pack Vendor :STMicroelectronics X-CUBE-SUBG2 5.0.0
2023-09-25 14:25:33,079 [INFO] ThirdParty:1030 - CMSIS Pack Vendor :STMicroelectronics STM32_WPAN 1.0.0
2023-09-25 14:25:33,079 [INFO] ThirdParty:1030 - CMSIS Pack Vendor :STMicroelectronics lwIP 2.0.3
2023-09-25 14:25:33,079 [INFO] ThirdParty:1030 - CMSIS Pack Vendor :STMicroelectronics FP-SNS-FLIGHT1 5.0.2
2023-09-25 14:25:33,079 [INFO] ThirdParty:1030 - CMSIS Pack Vendor :STMicroelectronics USB_HOST 1.0.0
2023-09-25 14:25:33,079 [INFO] ThirdParty:1030 - CMSIS Pack Vendor :STMicroelectronics X-CUBE-TOF1 3.3.1
2023-09-25 14:25:33,079 [INFO] ThirdParty:1030 - CMSIS Pack Vendor :STMicroelectronics X-CUBE-AZRTOS-G4 2.0.0
2023-09-25 14:25:33,079 [INFO] ThirdParty:1030 - CMSIS Pack Vendor :STMicroelectronics PDM2PCM 3.1.0
2023-09-25 14:25:33,079 [INFO] ThirdParty:1030 - CMSIS Pack Vendor :STMicroelectronics X-CUBE-AZRTOS-H7 3.1.0
2023-09-25 14:25:33,079 [INFO] ThirdParty:1030 - CMSIS Pack Vendor :STMicroelectronics PDM2PCM 3.3.0
2023-09-25 14:25:33,079 [INFO] ThirdParty:1030 - CMSIS Pack Vendor :STMicroelectronics X-CUBE-DISPLAY 3.0.0
2023-09-25 14:25:33,080 [INFO] ThirdParty:1030 - CMSIS Pack Vendor :STMicroelectronics X-CUBE-BLE1 7.0.0
2023-09-25 14:25:33,080 [INFO] ThirdParty:1030 - CMSIS Pack Vendor :STMicroelectronics FP-ATR-SIGFOX1 3.2.0
2023-09-25 14:25:33,080 [INFO] ThirdParty:1030 - CMSIS Pack Vendor :STMicroelectronics HAL Drivers 0.0.0
2023-09-25 14:25:33,080 [INFO] ThirdParty:1030 - CMSIS Pack Vendor :STMicroelectronics MBEDTLS 2.16.2
2023-09-25 14:25:33,080 [INFO] ThirdParty:1030 - CMSIS Pack Vendor :emotas I-CUBE-CANOPEN 1.3.0
2023-09-25 14:25:33,080 [INFO] ThirdParty:1030 - CMSIS Pack Vendor :STMicroelectronics X-CUBE-FREERTOS 1.1.0
2023-09-25 14:25:33,080 [INFO] ThirdParty:1030 - CMSIS Pack Vendor :STMicroelectronics X-CUBE-TOUCHGFX 4.22.0
2023-09-25 14:25:33,080 [INFO] ThirdParty:1030 - CMSIS Pack Vendor :STMicroelectronics X-CUBE-NFC7 1.0.1
2023-09-25 14:25:33,081 [INFO] ThirdParty:1030 - CMSIS Pack Vendor :STMicroelectronics MBEDTLS 2.14.1
2023-09-25 14:25:33,081 [INFO] ThirdParty:1030 - CMSIS Pack Vendor :STMicroelectronics X-CUBE-NFC6 3.0.0
2023-09-25 14:25:33,081 [INFO] ThirdParty:1030 - CMSIS Pack Vendor :STMicroelectronics X-CUBE-EEPRMA1 4.1.0
2023-09-25 14:25:33,081 [INFO] ThirdParty:1030 - CMSIS Pack Vendor :portGmbH I-Cube-SoM-uGOAL 1.1.0
2023-09-25 14:25:33,081 [INFO] ThirdParty:1030 - CMSIS Pack Vendor :STMicroelectronics X-CUBE-ALS 1.0.1
2023-09-25 14:25:33,081 [INFO] ThirdParty:1030 - CMSIS Pack Vendor :STMicroelectronics ThreadX 1.0.0
2023-09-25 14:25:33,081 [INFO] ThirdParty:1030 - CMSIS Pack Vendor :STMicroelectronics FP-SNS-SMARTAG2 1.2.0
2023-09-25 14:25:33,081 [INFO] ThirdParty:1030 - CMSIS Pack Vendor :STMicroelectronics X-CUBE-AZRTOS-WL 2.0.0
2023-09-25 14:25:33,082 [INFO] ThirdParty:1030 - CMSIS Pack Vendor :SEGGER I-CUBE-embOS 1.3.1
2023-09-25 14:25:33,082 [INFO] ThirdParty:1030 - CMSIS Pack Vendor :STMicroelectronics USB_DEVICE 1.0.0
2023-09-25 14:25:33,082 [INFO] ThirdParty:1030 - CMSIS Pack Vendor :STMicroelectronics X-CUBE-AI 8.1.0
2023-09-25 14:25:33,082 [INFO] ThirdParty:1030 - CMSIS Pack Vendor :STMicroelectronics X-CUBE-AZRTOS-L4 2.0.0
2023-09-25 14:25:33,082 [INFO] ThirdParty:1030 - CMSIS Pack Vendor :STMicroelectronics ThreadX 0.0.2
2023-09-25 14:25:33,082 [INFO] ThirdParty:1030 - CMSIS Pack Vendor :WES I-CUBE-Cesium 1.3.0
2023-09-25 14:25:33,082 [INFO] ThirdParty:1030 - CMSIS Pack Vendor :STMicroelectronics FP-ATR-ASTRA1 2.0.0
2023-09-25 14:25:33,082 [INFO] ThirdParty:1030 - CMSIS Pack Vendor :STMicroelectronics lwIP 2.1.2
2023-09-25 14:25:33,082 [INFO] ThirdParty:1030 - CMSIS Pack Vendor :STMicroelectronics X-CUBE-SFXS2LP1 4.0.0
2023-09-25 14:25:33,082 [INFO] ThirdParty:1030 - CMSIS Pack Vendor :STMicroelectronics X-CUBE-BLE2 3.3.0
2023-09-25 14:25:33,082 [INFO] ThirdParty:1030 - CMSIS Pack Vendor :STMicroelectronics PDM2PCM 3.2.0
2023-09-25 14:25:33,083 [INFO] ThirdParty:841 - exiting critical section [change project]
2023-09-25 14:25:33,434 [INFO] PinOutPanel:1499 - setPackage(No Configuration,No Configuration)
2023-09-25 14:25:33,437 [INFO] PinOutPanel:1499 - setPackage(STM32F103C8Tx,LQFP48)
2023-09-25 14:25:34,037 [INFO] UtilMem:75 - Before build in PCC Used Memory: 233283448 Bytes (482344960)
2023-09-25 14:25:35,169 [INFO] UtilMem:75 - After build in PCC Used Memory: 296884976 Bytes (482344960)
2023-09-25 14:25:35,197 [INFO] IPUIPlugin:80 - create IPUIPlugin
2023-09-25 14:25:35,197 [INFO] IPUIPlugin:80 - create IPUIPlugin
2023-09-25 14:25:35,198 [INFO] IPUIPlugin:80 - create IPUIPlugin
2023-09-25 14:25:35,198 [INFO] IPUIPlugin:80 - create IPUIPlugin
2023-09-25 14:25:35,198 [INFO] IPUIPlugin:80 - create IPUIPlugin
2023-09-25 14:25:35,198 [INFO] IPUIPlugin:80 - create IPUIPlugin
2023-09-25 14:25:35,198 [INFO] IPUIPlugin:80 - create IPUIPlugin
2023-09-25 14:25:35,199 [INFO] IPUIPlugin:80 - create IPUIPlugin
2023-09-25 14:25:35,199 [INFO] IPUIPlugin:80 - create IPUIPlugin
2023-09-25 14:25:35,199 [INFO] IPUIPlugin:80 - create IPUIPlugin
2023-09-25 14:25:35,199 [INFO] IPUIPlugin:80 - create IPUIPlugin
2023-09-25 14:25:35,199 [INFO] IPUIPlugin:80 - create IPUIPlugin
2023-09-25 14:25:35,200 [INFO] IPUIPlugin:80 - create IPUIPlugin
2023-09-25 14:25:35,200 [INFO] IPUIPlugin:80 - create IPUIPlugin
2023-09-25 14:25:35,200 [INFO] IPUIPlugin:80 - create IPUIPlugin
2023-09-25 14:25:35,200 [INFO] IPUIPlugin:80 - create IPUIPlugin
2023-09-25 14:25:35,201 [INFO] IPUIPlugin:80 - create IPUIPlugin
2023-09-25 14:25:35,201 [INFO] IPUIPlugin:80 - create IPUIPlugin
2023-09-25 14:25:35,201 [INFO] IPUIPlugin:80 - create IPUIPlugin
2023-09-25 14:25:35,201 [INFO] IPUIPlugin:80 - create IPUIPlugin
2023-09-25 14:25:35,202 [INFO] IPUIPlugin:80 - create IPUIPlugin
2023-09-25 14:25:35,202 [INFO] IPUIPlugin:80 - create IPUIPlugin
2023-09-25 14:25:35,202 [INFO] IPUIPlugin:80 - create IPUIPlugin
2023-09-25 14:25:35,203 [INFO] IPUIPlugin:80 - create IPUIPlugin
2023-09-25 14:25:35,203 [INFO] IPUIPlugin:80 - create IPUIPlugin
2023-09-25 14:25:35,203 [INFO] IPUIPlugin:80 - create IPUIPlugin
2023-09-25 14:25:35,204 [INFO] IPUIPlugin:80 - create IPUIPlugin
2023-09-25 14:25:35,482 [INFO] CADModel:165 - CPN selected for project levelSTM32F103C8T6
2023-09-25 14:25:35,483 [INFO] CADModel:114 - Register for checkConnection events
2023-09-25 14:25:35,538 [INFO] OpenFileManager:328 - Restore cursor
2023-09-25 14:25:36,596 [INFO] UtilMem:75 - End SaveConfig() Used Memory: 366617328 Bytes (482344960)
2023-09-25 14:25:37,730 [INFO] ServerAccessManage:473 - Download File stm32cube_fw_f1_v180.zip
2023-09-25 14:43:02,757 [ERROR] FileExtend:455 - File entry not found
2023-09-25 14:43:02,767 [INFO] FileExtend:240 - Unzip File : stm32cube_fw_f1_v180.zip
2023-09-25 14:43:02,767 [INFO] FileExtend:255 - Standard Zip Deflate
2023-09-25 14:44:03,327 [WARN] ServerAccessManage:1168 - Warning during Server Connection :  timeout Read timed out
2023-09-25 14:44:03,332 [ERROR] ServerAccessManage:1146 - Warning during Server Connection :  Unknown host sw-center.st.com
2023-09-25 14:44:03,332 [ERROR] ServerAccessManage:651 - Unknown host server name. : stm32cube_fw_f1_v185.zip.
2023-09-25 14:44:35,300 [INFO] LoadServerPackagesThread:196 - End of LoadServerPackages Thread
2023-09-25 14:44:35,493 [INFO] ThirdPartyModel:298 - Start build external matchings
2023-09-25 14:44:36,532 [INFO] ThirdPartyModel:316 - End build external matchings
2023-09-25 14:44:36,555 [INFO] CheckServerUpdateThread:120 - End of CheckServer Thread
2023-09-25 14:45:04,754 [ERROR] ConfigurationRetriever:142 - IOException on connection: sw-center.st.com
2023-09-25 14:45:04,758 [ERROR] ConfigurationRetriever:142 - IOException on connection: sw-center.st.com
2023-09-25 14:45:04,759 [ERROR] ConfigurationRetriever:142 - IOException on connection: sw-center.st.com
2023-09-25 14:45:04,956 [ERROR] AdobePublisher:162 - Exception while opening the connection: java.net.UnknownHostException: stmicroelectronics.d3.sc.omtrdc.net
2023-09-25 14:45:04,957 [ERROR] AdobePublisher:162 - Exception while opening the connection: java.net.UnknownHostException: stmicroelectronics.d3.sc.omtrdc.net
2023-09-25 14:45:04,957 [ERROR] AdobePublisher:162 - Exception while opening the connection: java.net.UnknownHostException: stmicroelectronics.d3.sc.omtrdc.net
2023-09-25 14:45:04,957 [ERROR] AdobePublisher:162 - Exception while opening the connection: java.net.UnknownHostException: stmicroelectronics.d3.sc.omtrdc.net
2023-09-25 14:45:04,958 [ERROR] AdobePublisher:162 - Exception while opening the connection: java.net.UnknownHostException: stmicroelectronics.d3.sc.omtrdc.net
2023-09-25 14:45:04,960 [INFO] McuFinderGlobals:76 - Set McuFinderConnectedMode to true
2023-09-25 14:45:04,988 [INFO] ApiDb:448 - Save user favorites file C:\Users\brbar/.stm32cubeide/favorites.mcus.txt: 0 item(s)
2023-09-25 14:45:04,989 [INFO] ApiDb:452 - User favorites MCUs=[]
2023-09-25 14:45:07,147 [ERROR] ConfigurationRetriever:142 - IOException on connection: sw-center.st.com
2023-09-25 14:45:07,148 [ERROR] ConfigurationRetriever:142 - IOException on connection: sw-center.st.com
2023-09-25 14:45:07,149 [ERROR] ConfigurationRetriever:142 - IOException on connection: sw-center.st.com
2023-09-25 23:35:15,299 [INFO] Activator:176 - 


2023-09-25 23:35:15,302 [INFO] Activator:177 - !SESSION log4j initialized
