2026-05-19 00:11:23,365 [INFO] LogOutputStream:77 - [STDOUT_REDIRECT] 
2026-05-19 00:11:24,855 [INFO] ProjectBuilder:5496 - Time for Generating toolchain IDE Files: 2222mS.
2026-05-19 00:11:24,858 [INFO] ProjectBuilder:3463 - Time for Copy CMSIS : 2mS.
2026-05-19 00:11:24,861 [INFO] ProjectBuilder:3463 - Time for Copy CMSIS : 0mS.
2026-05-19 00:18:03,710 [WARN] IP:2250 - I2C_Coeff_DF not found: check if there is a RefParameter without a condition.
2026-05-19 00:18:03,710 [WARN] IP:2250 - Analog_Filter not found: check if there is a RefParameter without a condition.
2026-05-19 00:18:03,710 [WARN] IP:2250 - I2C_Coeff_DF not found: check if there is a RefParameter without a condition.
2026-05-19 00:18:03,710 [WARN] IP:2250 - Analog_Filter not found: check if there is a RefParameter without a condition.
2026-05-19 00:18:39,774 [INFO] UtilMem:75 - End SaveConfig() Used Memory: 788325296 Bytes (1073741824)
2026-05-19 00:18:39,910 [INFO] UtilMem:75 - End SaveConfig() Used Memory: 801816664 Bytes (1073741824)
2026-05-19 00:18:40,884 [INFO] UtilMem:75 - End SaveConfig() Used Memory: 861834104 Bytes (1073741824)
2026-05-19 00:18:41,332 [INFO] BlockDiagram:2775 - set Specific Code input for plugin: NVIC
2026-05-19 00:18:41,332 [INFO] BlockDiagram:2775 - set Specific Code input for plugin: USART
2026-05-19 00:18:41,332 [INFO] BlockDiagram:2775 - set Specific Code input for plugin: SYS
2026-05-19 00:18:41,333 [INFO] BlockDiagram:2775 - set Specific Code input for plugin: GPIO
2026-05-19 00:18:41,333 [INFO] BlockDiagram:2775 - set Specific Code input for plugin: RCC
2026-05-19 00:18:41,333 [INFO] BlockDiagram:2775 - set Specific Code input for plugin: I2C
2026-05-19 00:18:41,335 [INFO] CodeGenerator:892 - code generatio: config db path: C:\ST\STM32CubeIDE_1.13.1\STM32CubeIDE\plugins\com.st.stm32cube.common.mx_6.15.0.202507011659\\db\
2026-05-19 00:18:41,336 [WARN] IP:2250 - I2C_Coeff_DF not found: check if there is a RefParameter without a condition.
2026-05-19 00:18:41,336 [WARN] IP:2250 - Analog_Filter not found: check if there is a RefParameter without a condition.
2026-05-19 00:18:41,467 [INFO] CodeEngine:265 - oldGeneratedFile, C:\Users\brbar\STM32CubeIDE\workspace_1.13.1\uart_trial\MXTmpFiles\license.tmp_save
2026-05-19 00:18:41,670 [INFO] CodeEngine:289 - Generated code: C:\Users\brbar\STM32CubeIDE\workspace_1.13.1\uart_trial\MXTmpFiles\license.tmp
2026-05-19 00:18:41,713 [INFO] CodeEngine:265 - oldGeneratedFile, C:\Users\brbar\STM32CubeIDE\workspace_1.13.1\uart_trial\MXTmpFiles\gpio.tmp_save
2026-05-19 00:18:41,861 [INFO] CodeEngine:289 - Generated code: C:\Users\brbar\STM32CubeIDE\workspace_1.13.1\uart_trial\MXTmpFiles\gpio.tmp
2026-05-19 00:18:41,964 [INFO] CodeEngine:265 - oldGeneratedFile, C:\Users\brbar\STM32CubeIDE\workspace_1.13.1\uart_trial\Core\Src\stm32f1xx_it.c_save
2026-05-19 00:18:42,190 [INFO] CodeEngine:289 - Generated code: C:\Users\brbar\STM32CubeIDE\workspace_1.13.1\uart_trial\Core\Src\stm32f1xx_it.c
2026-05-19 00:18:42,200 [INFO] CodeEngine:265 - oldGeneratedFile, C:\Users\brbar\STM32CubeIDE\workspace_1.13.1\uart_trial\Core\Inc\stm32f1xx_it.h_save
2026-05-19 00:18:42,285 [INFO] CodeEngine:289 - Generated code: C:\Users\brbar\STM32CubeIDE\workspace_1.13.1\uart_trial\Core\Inc\stm32f1xx_it.h
2026-05-19 00:18:42,304 [INFO] CodeEngine:265 - oldGeneratedFile, C:\Users\brbar\STM32CubeIDE\workspace_1.13.1\uart_trial\Core\Src\stm32f1xx_hal_msp.c_save
2026-05-19 00:18:42,472 [INFO] CodeEngine:289 - Generated code: C:\Users\brbar\STM32CubeIDE\workspace_1.13.1\uart_trial\Core\Src\stm32f1xx_hal_msp.c
2026-05-19 00:18:42,479 [INFO] CodeEngine:265 - oldGeneratedFile, C:\Users\brbar\STM32CubeIDE\workspace_1.13.1\uart_trial\MXTmpFiles\system.tmp_save
2026-05-19 00:18:42,547 [INFO] CodeEngine:289 - Generated code: C:\Users\brbar\STM32CubeIDE\workspace_1.13.1\uart_trial\MXTmpFiles\system.tmp
2026-05-19 00:18:42,564 [INFO] CodeEngine:321 - oldGeneratedFile, C:\Users\brbar\STM32CubeIDE\workspace_1.13.1\uart_trial\Core\Inc\stm32f1xx_hal_conf.h_save
2026-05-19 00:18:42,660 [INFO] CodeEngine:345 - Generated code: C:\Users\brbar\STM32CubeIDE\workspace_1.13.1\uart_trial\Core\Inc\stm32f1xx_hal_conf.h
2026-05-19 00:18:42,699 [INFO] CodeEngine:265 - oldGeneratedFile, C:\Users\brbar\STM32CubeIDE\workspace_1.13.1\uart_trial\Core\Inc\main.h_save
2026-05-19 00:18:42,803 [INFO] CodeEngine:289 - Generated code: C:\Users\brbar\STM32CubeIDE\workspace_1.13.1\uart_trial\Core\Inc\main.h
2026-05-19 00:18:42,813 [INFO] CodeEngine:265 - oldGeneratedFile, C:\Users\brbar\STM32CubeIDE\workspace_1.13.1\uart_trial\Core\Src\main.c_save
2026-05-19 00:18:42,949 [INFO] CodeEngine:289 - Generated code: C:\Users\brbar\STM32CubeIDE\workspace_1.13.1\uart_trial\Core\Src\main.c
2026-05-19 00:18:43,363 [INFO] ProjectBuilder:3606 - Time for Copy HAL[1] : 200mS.
2026-05-19 00:18:43,367 [INFO] ProjectBuilder:5216 - Project Generator version: 4.7.0-B52
2026-05-19 00:18:43,459 [INFO] ConfigFileManager:1595 - The Die is : DIE410
2026-05-19 00:18:44,688 [INFO] ProjectBuilder:5496 - Time for Generating toolchain IDE Files: 1320mS.
2026-05-19 00:18:44,689 [INFO] ProjectBuilder:3463 - Time for Copy CMSIS : 1mS.
2026-05-19 00:18:44,767 [INFO] ProjectBuilder:3463 - Time for Copy CMSIS : 0mS.
2026-05-19 16:07:06,375 [INFO] Activator:176 - 


2026-05-19 16:07:06,378 [INFO] Activator:177 - !SESSION log4j initialized
2026-05-19 16:07:14,507 [INFO] LogOutputStream:77 - [STDOUT_REDIRECT] 
2026-05-19 16:07:20,874 [INFO] ApplicationProperties:184 - Using Application install path: C:\ST\STM32CubeIDE_1.13.1\STM32CubeIDE\plugins\com.st.stm32cube.common.mx_6.15.0.202507011659
2026-05-19 16:07:20,906 [INFO] DbMcusXml:78 - Set database path to: C:\ST\STM32CubeIDE_1.13.1\STM32CubeIDE\plugins\com.st.stm32cube.common.mx_6.15.0.202507011659\\db\/mcu/
2026-05-19 16:07:20,906 [INFO] ApiDb:274 - Set plugin database path to: C:\ST\STM32CubeIDE_1.13.1\STM32CubeIDE\plugins\com.st.stm32cube.common.mx_6.15.0.202507011659\\db\/plugins/boardmanager/
2026-05-19 16:07:20,906 [WARN] ApiDb:259 - Overriding images path with different value:  => C:\ST\STM32CubeIDE_1.13.1\STM32CubeIDE\plugins\com.st.stm32cube.common.mx_6.15.0.202507011659\\db\/plugins/mcufinder/images/
2026-05-19 16:07:20,921 [INFO] ApiDb:250 - Set database path to: C:\Users\brbar\.stmcufinder\plugins\mcufinder//mcu/
2026-05-19 16:07:20,922 [INFO] DbMcusAds:125 - Set database path to: C:\Users\brbar\.stmcufinder\plugins\mcufinder//mcu/
2026-05-19 16:07:20,926 [INFO] CrossReferenceDbSqlite:203 - Set database path to: C:\Users\brbar\.stmcufinder\plugins\mcufinder//mcu/cs/
2026-05-19 16:07:21,101 [INFO] RulesReader:64 - Compatibility file has been processed (317 Rules)
2026-05-19 16:07:21,240 [INFO] DbMcusXml:78 - Set database path to: C:\ST\STM32CubeIDE_1.13.1\STM32CubeIDE\plugins\com.st.stm32cube.common.mx_6.15.0.202507011659\\db\/mcu/
2026-05-19 16:07:21,240 [INFO] ApiDb:274 - Set plugin database path to: C:\ST\STM32CubeIDE_1.13.1\STM32CubeIDE\plugins\com.st.stm32cube.common.mx_6.15.0.202507011659\\db\/plugins/boardmanager/
2026-05-19 16:07:21,241 [INFO] ApiDb:261 - Set plugin images path to: C:\ST\STM32CubeIDE_1.13.1\STM32CubeIDE\plugins\com.st.stm32cube.common.mx_6.15.0.202507011659\\db\/plugins/mcufinder/images/
2026-05-19 16:07:21,241 [WARN] DbFile:41 - Overriding database path with different value: C:\Users\brbar\.stmcufinder\plugins\mcufinder/ => C:\Users\brbar\.stmcufinder\plugins\mcufinder
2026-05-19 16:07:21,241 [INFO] ApiDb:250 - Set database path to: C:\Users\brbar\.stmcufinder\plugins\mcufinder//mcu/
2026-05-19 16:07:21,241 [WARN] DbFile:41 - Overriding database path with different value: C:\Users\brbar\.stmcufinder\plugins\mcufinder/ => C:\Users\brbar\.stmcufinder\plugins\mcufinder
2026-05-19 16:07:21,241 [INFO] DbMcusAds:125 - Set database path to: C:\Users\brbar\.stmcufinder\plugins\mcufinder//mcu/
2026-05-19 16:07:21,241 [WARN] DbFile:41 - Overriding database path with different value: C:\Users\brbar\.stmcufinder\plugins\mcufinder/ => C:\Users\brbar\.stmcufinder\plugins\mcufinder
2026-05-19 16:07:21,241 [WARN] DbFile:41 - Overriding database path with different value: C:\Users\brbar\.stmcufinder\plugins\mcufinder/ => C:\Users\brbar\.stmcufinder\plugins\mcufinder
2026-05-19 16:07:21,242 [INFO] CrossReferenceDbSqlite:203 - Set database path to: C:\Users\brbar\.stmcufinder\plugins\mcufinder//mcu/cs/
2026-05-19 16:07:21,364 [INFO] MainPanel:274 - HeapMemory: 268435456
2026-05-19 16:07:21,538 [INFO] DbMcusXml:78 - Set database path to: C:\ST\STM32CubeIDE_1.13.1\STM32CubeIDE\plugins\com.st.stm32cube.common.mx_6.15.0.202507011659\\db\/mcu/
2026-05-19 16:07:21,539 [INFO] ApiDb:274 - Set plugin database path to: C:\ST\STM32CubeIDE_1.13.1\STM32CubeIDE\plugins\com.st.stm32cube.common.mx_6.15.0.202507011659\\db\/plugins/boardmanager/
2026-05-19 16:07:21,539 [INFO] ApiDb:261 - Set plugin images path to: C:\ST\STM32CubeIDE_1.13.1\STM32CubeIDE\plugins\com.st.stm32cube.common.mx_6.15.0.202507011659\\db\/plugins/mcufinder/images/
2026-05-19 16:07:21,539 [WARN] DbFile:41 - Overriding database path with different value: C:\Users\brbar\.stmcufinder\plugins\mcufinder/ => C:\Users\brbar\.stmcufinder\plugins\mcufinder
2026-05-19 16:07:21,539 [INFO] ApiDb:250 - Set database path to: C:\Users\brbar\.stmcufinder\plugins\mcufinder//mcu/
2026-05-19 16:07:21,539 [WARN] DbFile:41 - Overriding database path with different value: C:\Users\brbar\.stmcufinder\plugins\mcufinder/ => C:\Users\brbar\.stmcufinder\plugins\mcufinder
2026-05-19 16:07:21,539 [INFO] DbMcusAds:125 - Set database path to: C:\Users\brbar\.stmcufinder\plugins\mcufinder//mcu/
2026-05-19 16:07:21,540 [WARN] DbFile:41 - Overriding database path with different value: C:\Users\brbar\.stmcufinder\plugins\mcufinder/ => C:\Users\brbar\.stmcufinder\plugins\mcufinder
2026-05-19 16:07:21,540 [WARN] DbFile:41 - Overriding database path with different value: C:\Users\brbar\.stmcufinder\plugins\mcufinder/ => C:\Users\brbar\.stmcufinder\plugins\mcufinder
2026-05-19 16:07:21,540 [INFO] CrossReferenceDbSqlite:203 - Set database path to: C:\Users\brbar\.stmcufinder\plugins\mcufinder//mcu/cs/
2026-05-19 16:07:21,568 [INFO] ApplicationProperties:184 - Using Application install path: C:\ST\STM32CubeIDE_1.13.1\STM32CubeIDE\plugins\com.st.stm32cube.common.mx_6.15.0.202507011659
2026-05-19 16:07:21,570 [INFO] PluginManage:196 - Search for loadable plugins [exclusion list=, ]
2026-05-19 16:07:21,572 [INFO] PluginManage:310 - Check plugin analytics
2026-05-19 16:07:26,814 [INFO] AnalyticsPlugin:253 - Accepted Software Licenses: 
2026-05-19 16:07:26,814 [INFO] AnalyticsPlugin:255 - Accepted CMSIS Pack Licenses: 
2026-05-19 16:07:26,815 [INFO] AnalyticsPlugin:257 - Accepted Firmware Licenses: 
2026-05-19 16:07:26,822 [INFO] PluginManage:359 - Loaded plugin analytics (category:tool,tabindex:-1)
2026-05-19 16:07:26,823 [INFO] PluginManage:310 - Check plugin cadmodel
2026-05-19 16:07:26,837 [INFO] CADModel:105 - Init CAD model plugin
2026-05-19 16:07:26,837 [INFO] PluginManage:359 - Loaded plugin cadmodel (category:power,tabindex:5)
2026-05-19 16:07:26,837 [INFO] PluginManage:310 - Check plugin clock
2026-05-19 16:07:26,865 [INFO] PluginManage:359 - Loaded plugin clock (category:base,tabindex:2)
2026-05-19 16:07:26,866 [INFO] PluginManage:310 - Check plugin ddr
2026-05-19 16:07:26,874 [INFO] PluginManage:359 - Loaded plugin ddr (category:tool,tabindex:6)
2026-05-19 16:07:26,874 [INFO] PluginManage:310 - Check plugin filemanager
2026-05-19 16:07:27,231 [INFO] PluginManage:359 - Loaded plugin filemanager (category:base,tabindex:10)
2026-05-19 16:07:27,232 [INFO] PluginManage:310 - Check plugin ipmanager
2026-05-19 16:07:27,251 [INFO] PluginManage:359 - Loaded plugin ipmanager (category:base,tabindex:5)
2026-05-19 16:07:27,251 [INFO] PluginManage:310 - Check plugin lpbam
2026-05-19 16:07:27,311 [INFO] PluginManage:359 - Loaded plugin lpbam (category:base,tabindex:0)
2026-05-19 16:07:27,312 [INFO] PluginManage:310 - Check plugin memorymap
2026-05-19 16:07:27,382 [INFO] PluginManage:359 - Loaded plugin memorymap (category:base,tabindex:4)
2026-05-19 16:07:27,383 [INFO] PluginManage:310 - Check plugin pinoutandconfiguration
2026-05-19 16:07:27,405 [INFO] PluginManage:359 - Loaded plugin pinoutandconfiguration (category:base,tabindex:1)
2026-05-19 16:07:27,405 [INFO] PluginManage:310 - Check plugin pinoutconfig
2026-05-19 16:07:27,664 [WARN] SupportedApi:132 - Cannot load RTOS API schema: s4s-elt-must-match.1: The content of 'definitions' must match (annotation?, (simpleType | complexType)?, (unique | key | keyref)*)). A problem was found starting at: attribute.
2026-05-19 16:07:28,127 [INFO] PluginManage:359 - Loaded plugin pinoutconfig (category:base,tabindex:0)
2026-05-19 16:07:28,128 [INFO] PluginManage:310 - Check plugin power
2026-05-19 16:07:28,152 [INFO] PluginManage:359 - Loaded plugin power (category:power,tabindex:4)
2026-05-19 16:07:28,152 [INFO] PluginManage:310 - Check plugin projectmanager
2026-05-19 16:07:28,188 [INFO] PluginManage:359 - Loaded plugin projectmanager (category:projectmanager,tabindex:4)
2026-05-19 16:07:28,189 [INFO] PluginManage:310 - Check plugin rif
2026-05-19 16:07:28,228 [INFO] PluginManage:359 - Loaded plugin rif (category:base,tabindex:3)
2026-05-19 16:07:28,229 [INFO] PluginManage:310 - Check plugin thirdparty
2026-05-19 16:07:28,508 [WARN] IntegrityCheckThread:84 - waiting for thirdparty lock release [integrity check]
2026-05-19 16:07:28,509 [INFO] IntegrityCheckThread:86 - entering critical section [integrity check]
2026-05-19 16:07:28,509 [INFO] ThirdPartyUpdaterWithRetryManager:70 - Updater plugin not ready yet. [1/15]
2026-05-19 16:07:28,509 [INFO] PluginManage:359 - Loaded plugin thirdparty (category:base,tabindex:-1)
2026-05-19 16:07:28,510 [INFO] PluginManage:310 - Check plugin tools
2026-05-19 16:07:28,516 [INFO] PluginManage:359 - Loaded plugin tools (category:base,tabindex:7)
2026-05-19 16:07:28,517 [INFO] PluginManage:310 - Check plugin tutovideos
2026-05-19 16:07:28,951 [INFO] PluginManage:359 - Loaded plugin tutovideos (category:base,tabindex:-1)
2026-05-19 16:07:28,952 [INFO] PluginManage:310 - Check plugin updater
2026-05-19 16:07:28,995 [INFO] PluginManage:359 - Loaded plugin updater (category:base,tabindex:12)
2026-05-19 16:07:28,996 [INFO] PluginManage:310 - Check plugin userauth
2026-05-19 16:07:29,004 [INFO] UserAuth:118 - Init User Auth plugin
2026-05-19 16:07:29,005 [INFO] PluginManage:359 - Loaded plugin userauth (category:base,tabindex:14)
2026-05-19 16:07:29,007 [INFO] PluginManage:283 - PluginManage : Loaded plugins [18]
2026-05-19 16:07:29,458 [INFO] PinOutPanel:1589 - setPackage(No Configuration,No Configuration)
2026-05-19 16:07:29,623 [INFO] CADModel:165 - CPN selected for project level
2026-05-19 16:07:29,623 [INFO] CADModel:114 - Register for checkConnection events
2026-05-19 16:07:29,656 [INFO] IPUIPlugin:80 - create IPUIPlugin
2026-05-19 16:07:29,657 [INFO] PluginManager:220 - loadIPPluginJar : add adc
2026-05-19 16:07:29,661 [INFO] IPUIPlugin:80 - create IPUIPlugin
2026-05-19 16:07:29,661 [INFO] PluginManager:220 - loadIPPluginJar : add aes
2026-05-19 16:07:29,666 [INFO] IPUIPlugin:80 - create IPUIPlugin
2026-05-19 16:07:29,666 [INFO] PluginManager:220 - loadIPPluginJar : add can
2026-05-19 16:07:29,669 [INFO] IPUIPlugin:80 - create IPUIPlugin
2026-05-19 16:07:29,669 [INFO] PluginManager:220 - loadIPPluginJar : add comp
2026-05-19 16:07:29,676 [INFO] IPUIPlugin:80 - create IPUIPlugin
2026-05-19 16:07:29,677 [INFO] PluginManager:220 - loadIPPluginJar : add cryp
2026-05-19 16:07:29,686 [INFO] IPUIPlugin:80 - create IPUIPlugin
2026-05-19 16:07:29,686 [INFO] PluginManager:220 - loadIPPluginJar : add ddr_ctrl_phy
2026-05-19 16:07:29,691 [INFO] IPUIPlugin:80 - create IPUIPlugin
2026-05-19 16:07:29,691 [INFO] PluginManager:220 - loadIPPluginJar : add dfsdm
2026-05-19 16:07:29,700 [INFO] IPUIPlugin:80 - create IPUIPlugin
2026-05-19 16:07:29,702 [INFO] PluginManager:220 - loadIPPluginJar : add dma
2026-05-19 16:07:29,707 [INFO] IPUIPlugin:80 - create IPUIPlugin
2026-05-19 16:07:29,707 [INFO] PluginManager:220 - loadIPPluginJar : add dma3
2026-05-19 16:07:29,713 [INFO] IPUIPlugin:80 - create IPUIPlugin
2026-05-19 16:07:29,713 [INFO] PluginManager:220 - loadIPPluginJar : add extmemmanager
2026-05-19 16:07:29,718 [INFO] IPUIPlugin:80 - create IPUIPlugin
2026-05-19 16:07:29,718 [INFO] PluginManager:220 - loadIPPluginJar : add fatfs
2026-05-19 16:07:29,725 [INFO] IPUIPlugin:80 - create IPUIPlugin
2026-05-19 16:07:29,725 [INFO] PluginManager:220 - loadIPPluginJar : add fmc
2026-05-19 16:07:29,735 [INFO] IPUIPlugin:80 - create IPUIPlugin
2026-05-19 16:07:29,735 [INFO] PluginManager:220 - loadIPPluginJar : add freertos
2026-05-19 16:07:29,738 [INFO] IPUIPlugin:80 - create IPUIPlugin
2026-05-19 16:07:29,738 [INFO] PluginManager:220 - loadIPPluginJar : add genericplugin
2026-05-19 16:07:29,742 [INFO] IPUIPlugin:80 - create IPUIPlugin
2026-05-19 16:07:29,743 [INFO] PluginManager:220 - loadIPPluginJar : add gfxmmu
2026-05-19 16:07:29,750 [INFO] IPUIPlugin:80 - create IPUIPlugin
2026-05-19 16:07:29,751 [INFO] PluginManager:220 - loadIPPluginJar : add gic
2026-05-19 16:07:29,756 [INFO] IPUIPlugin:80 - create IPUIPlugin
2026-05-19 16:07:29,756 [INFO] PluginManager:220 - loadIPPluginJar : add gpio
2026-05-19 16:07:29,760 [INFO] IPUIPlugin:80 - create IPUIPlugin
2026-05-19 16:07:29,760 [INFO] PluginManager:220 - loadIPPluginJar : add gtzc
2026-05-19 16:07:29,764 [INFO] IPUIPlugin:80 - create IPUIPlugin
2026-05-19 16:07:29,764 [INFO] PluginManager:220 - loadIPPluginJar : add hash
2026-05-19 16:07:29,769 [INFO] IPUIPlugin:80 - create IPUIPlugin
2026-05-19 16:07:29,770 [INFO] PluginManager:220 - loadIPPluginJar : add i2c
2026-05-19 16:07:29,775 [INFO] IPUIPlugin:80 - create IPUIPlugin
2026-05-19 16:07:29,775 [INFO] PluginManager:220 - loadIPPluginJar : add i2s
2026-05-19 16:07:29,780 [INFO] IPUIPlugin:80 - create IPUIPlugin
2026-05-19 16:07:29,780 [INFO] PluginManager:220 - loadIPPluginJar : add i3c
2026-05-19 16:07:29,785 [INFO] IPUIPlugin:80 - create IPUIPlugin
2026-05-19 16:07:29,785 [INFO] PluginManager:220 - loadIPPluginJar : add ipddr
2026-05-19 16:07:29,796 [INFO] IPUIPlugin:80 - create IPUIPlugin
2026-05-19 16:07:29,796 [INFO] PluginManager:220 - loadIPPluginJar : add linkedlist
2026-05-19 16:07:29,802 [INFO] IPUIPlugin:80 - create IPUIPlugin
2026-05-19 16:07:29,802 [INFO] PluginManager:220 - loadIPPluginJar : add lorawan
2026-05-19 16:07:29,805 [INFO] IPUIPlugin:80 - create IPUIPlugin
2026-05-19 16:07:29,805 [INFO] PluginManager:220 - loadIPPluginJar : add ltdc
2026-05-19 16:07:29,813 [INFO] IPUIPlugin:80 - create IPUIPlugin
2026-05-19 16:07:29,814 [INFO] PluginManager:220 - loadIPPluginJar : add mdma
2026-05-19 16:07:29,821 [INFO] IPUIPlugin:80 - create IPUIPlugin
2026-05-19 16:07:29,821 [INFO] PluginManager:220 - loadIPPluginJar : add nvic
2026-05-19 16:07:29,826 [INFO] IPUIPlugin:80 - create IPUIPlugin
2026-05-19 16:07:29,827 [INFO] PluginManager:220 - loadIPPluginJar : add opamp
2026-05-19 16:07:29,836 [INFO] IPUIPlugin:80 - create IPUIPlugin
2026-05-19 16:07:29,836 [INFO] PluginManager:220 - loadIPPluginJar : add openamp
2026-05-19 16:07:29,841 [INFO] IPUIPlugin:80 - create IPUIPlugin
2026-05-19 16:07:29,841 [INFO] PluginManager:220 - loadIPPluginJar : add pdm2pcm
2026-05-19 16:07:29,849 [INFO] IPUIPlugin:80 - create IPUIPlugin
2026-05-19 16:07:29,855 [INFO] PluginManager:220 - loadIPPluginJar : add plateformsettings
2026-05-19 16:07:29,859 [INFO] IPUIPlugin:80 - create IPUIPlugin
2026-05-19 16:07:29,859 [INFO] PluginManager:220 - loadIPPluginJar : add quadspi
2026-05-19 16:07:29,864 [INFO] IPUIPlugin:80 - create IPUIPlugin
2026-05-19 16:07:29,865 [INFO] PluginManager:220 - loadIPPluginJar : add radio
2026-05-19 16:07:29,872 [INFO] IPUIPlugin:80 - create IPUIPlugin
2026-05-19 16:07:29,873 [INFO] PluginManager:220 - loadIPPluginJar : add resmgrutility
2026-05-19 16:07:29,879 [INFO] IPUIPlugin:80 - create IPUIPlugin
2026-05-19 16:07:29,879 [INFO] PluginManager:220 - loadIPPluginJar : add sai
2026-05-19 16:07:29,885 [INFO] IPUIPlugin:80 - create IPUIPlugin
2026-05-19 16:07:29,885 [INFO] PluginManager:220 - loadIPPluginJar : add spi
2026-05-19 16:07:29,897 [INFO] IPUIPlugin:80 - create IPUIPlugin
2026-05-19 16:07:29,897 [INFO] PluginManager:220 - loadIPPluginJar : add stm32_wpan
2026-05-19 16:07:29,901 [INFO] IPUIPlugin:80 - create IPUIPlugin
2026-05-19 16:07:29,901 [INFO] PluginManager:220 - loadIPPluginJar : add tim
2026-05-19 16:07:29,907 [INFO] IPUIPlugin:80 - create IPUIPlugin
2026-05-19 16:07:29,907 [INFO] PluginManager:220 - loadIPPluginJar : add touchsensing
2026-05-19 16:07:29,910 [INFO] IPUIPlugin:80 - create IPUIPlugin
2026-05-19 16:07:29,911 [INFO] PluginManager:220 - loadIPPluginJar : add tracer_emb
2026-05-19 16:07:29,915 [INFO] IPUIPlugin:80 - create IPUIPlugin
2026-05-19 16:07:29,915 [INFO] PluginManager:220 - loadIPPluginJar : add ts
2026-05-19 16:07:29,919 [INFO] IPUIPlugin:80 - create IPUIPlugin
2026-05-19 16:07:29,919 [INFO] PluginManager:220 - loadIPPluginJar : add tsc
2026-05-19 16:07:29,925 [INFO] IPUIPlugin:80 - create IPUIPlugin
2026-05-19 16:07:29,926 [INFO] PluginManager:220 - loadIPPluginJar : add ucpd
2026-05-19 16:07:29,930 [INFO] IPUIPlugin:80 - create IPUIPlugin
2026-05-19 16:07:29,930 [INFO] PluginManager:220 - loadIPPluginJar : add usart
2026-05-19 16:07:29,935 [INFO] IPUIPlugin:80 - create IPUIPlugin
2026-05-19 16:07:29,935 [INFO] PluginManager:220 - loadIPPluginJar : add usbx
2026-05-19 16:07:30,097 [FATAL] Updater:351 - Updater called before beeing initialized
2026-05-19 16:07:30,149 [INFO] RulesReader:64 - Compatibility file has been processed (317 Rules)
2026-05-19 16:07:30,168 [INFO] RulesReader:64 - Compatibility file has been processed (317 Rules)
2026-05-19 16:07:30,179 [INFO] CADModel:165 - CPN selected for project level
2026-05-19 16:07:30,180 [INFO] CADModel:114 - Register for checkConnection events
2026-05-19 16:07:30,180 [FATAL] Updater:351 - Updater called before beeing initialized
2026-05-19 16:07:30,180 [ERROR] CADModel:125 - Updater not yet initialized, retry later 
2026-05-19 16:07:30,450 [FATAL] Updater:351 - Updater called before beeing initialized
2026-05-19 16:07:30,454 [INFO] CADModel:165 - CPN selected for project level
2026-05-19 16:07:30,454 [INFO] CADModel:114 - Register for checkConnection events
2026-05-19 16:07:30,454 [FATAL] Updater:351 - Updater called before beeing initialized
2026-05-19 16:07:30,454 [ERROR] CADModel:125 - Updater not yet initialized, retry later 
2026-05-19 16:07:30,460 [FATAL] Updater:351 - Updater called before beeing initialized
2026-05-19 16:07:30,670 [FATAL] Updater:351 - Updater called before beeing initialized
2026-05-19 16:07:30,676 [INFO] DbMcusAds:53 - JSON generation date=Mon Apr 27 11:14:29 EEST 2026 (1777277669577)
2026-05-19 16:07:30,676 [FATAL] Updater:351 - Updater called before beeing initialized
2026-05-19 16:07:30,730 [WARN] DetailPanel:346 - Failed to get advertising image, set to default
2026-05-19 16:07:30,859 [FATAL] Updater:351 - Updater called before beeing initialized
2026-05-19 16:07:30,862 [FATAL] Updater:351 - Updater called before beeing initialized
2026-05-19 16:07:30,862 [FATAL] Updater:351 - Updater called before beeing initialized
2026-05-19 16:07:30,863 [WARN] DetailPanel:346 - Failed to get advertising image, set to default
2026-05-19 16:07:30,864 [FATAL] Updater:351 - Updater called before beeing initialized
2026-05-19 16:07:30,936 [ERROR] Updater:1198 - MainUpdater not yet initialized. External WinMGr cannot be set.
2026-05-19 16:07:30,939 [INFO] Updater:1134 - Updater Version found : 6.15.0
2026-05-19 16:07:30,967 [INFO] ApplicationProperties:184 - Using Application install path: C:\ST\STM32CubeIDE_1.13.1\STM32CubeIDE\plugins\com.st.stm32cube.common.mx_6.15.0.202507011659
2026-05-19 16:07:31,511 [INFO] ThirdPartyUpdaterWithRetryManager:70 - Updater plugin not ready yet. [2/15]
2026-05-19 16:07:32,561 [ERROR] LogOutputStream:75 - [STDERR_REDIRECT] May 19, 2026 4:07:32 PM java.util.prefs.WindowsPreferences <init>
2026-05-19 16:07:32,564 [ERROR] LogOutputStream:75 - [STDERR_REDIRECT] WARNING: Could not open/create prefs root node Software\JavaSoft\Prefs at root 0xffffffff80000002. Windows RegCreateKeyEx(...) returned error code 5.
2026-05-19 16:07:32,564 [ERROR] LogOutputStream:75 - [STDERR_REDIRECT] 
2026-05-19 16:07:33,652 [INFO] MainUpdater:2872 - connection check result : 10
2026-05-19 16:07:33,654 [INFO] MainUpdater:289 - Updater Check For Update Now.
2026-05-19 16:07:33,654 [INFO] MicroXplorer:498 - Change Database Version : DB.6.0.150
2026-05-19 16:07:33,675 [INFO] McuFinderGlobals:63 - Set McuFinder mode to 2 (CubeIDE integrated)
2026-05-19 16:07:33,677 [INFO] UserAuth:487 - Internet connection configuration mode: 1
2026-05-19 16:07:33,722 [INFO] JxBrowserEngine:152 - Initiate JxBrowser Engine with user profile folder
2026-05-19 16:07:33,904 [INFO] CheckServerUpdateThread:120 - End of CheckServer Thread
2026-05-19 16:07:35,255 [WARN] PackLoader:240 - Cannot read IP mode file for STMicroelectronics.X-CUBE-AZRTOS-H7.3.5.0
2026-05-19 16:07:35,274 [WARN] PackLoader:240 - Cannot read IP mode file for STMicroelectronics.FP-SNS-MOTENVWB1.1.4.0
2026-05-19 16:07:35,285 [WARN] PackLoader:240 - Cannot read IP mode file for STMicroelectronics.FP-ATR-ASTRA1.2.0.2
2026-05-19 16:07:35,333 [WARN] PackLoader:240 - Cannot read IP mode file for STMicroelectronics.X-CUBE-SMBUS.2.1.0
2026-05-19 16:07:35,344 [WARN] PackLoader:240 - Cannot read IP mode file for STMicroelectronics.X-CUBE-ST60.1.0.0
2026-05-19 16:07:35,382 [WARN] PackLoader:240 - Cannot read IP mode file for STMicroelectronics.X-CUBE-AZRTOS-F7.1.1.0
2026-05-19 16:07:35,397 [WARN] PackLoader:240 - Cannot read IP mode file for STMicroelectronics.FP-SNS-MOTENV1.4.3.2
2026-05-19 16:07:35,407 [WARN] PackLoader:240 - Cannot read IP mode file for STMicroelectronics.FP-SNS-MOTENV1.5.1.0
2026-05-19 16:07:35,417 [WARN] PackLoader:240 - Cannot read IP mode file for STMicroelectronics.FP-SNS-FLIGHT1.5.0.2
2026-05-19 16:07:35,453 [WARN] PackLoader:240 - Cannot read IP mode file for Infineon.AIROC-Wi-Fi-Bluetooth-STM32.1.7.0
2026-05-19 16:07:35,488 [WARN] PackLoader:240 - Cannot read IP mode file for STMicroelectronics.X-CUBE-AZRTOS-H7.3.4.0
2026-05-19 16:07:35,503 [WARN] PackLoader:240 - Cannot read IP mode file for STMicroelectronics.X-CUBE-DISPLAY.3.0.0
2026-05-19 16:07:35,522 [WARN] PackLoader:240 - Cannot read IP mode file for STMicroelectronics.X-CUBE-GNSS1.7.1.1
2026-05-19 16:07:35,531 [WARN] PackLoader:240 - Cannot read IP mode file for STMicroelectronics.FP-SNS-MOTENVWB1.1.5.0
2026-05-19 16:07:35,540 [INFO] WebApp:169 - Instantiating new browser for Auth
2026-05-19 16:07:35,540 [WARN] PackLoader:240 - Cannot read IP mode file for STMicroelectronics.X-CUBE-BLE1.7.0.0
2026-05-19 16:07:35,550 [WARN] PackLoader:240 - Cannot read IP mode file for STMicroelectronics.X-CUBE-NFC10.1.0.0
2026-05-19 16:07:35,571 [WARN] PackLoader:240 - Cannot read IP mode file for STMicroelectronics.X-CUBE-BLEMGR.4.0.0
2026-05-19 16:07:35,584 [WARN] PackLoader:240 - Cannot read IP mode file for STMicroelectronics.X-CUBE-ST60.1.1.0
2026-05-19 16:07:35,604 [WARN] PackLoader:240 - Cannot read IP mode file for emotas.I-CUBE-CANOPEN.1.3.0
2026-05-19 16:07:35,615 [WARN] PackLoader:240 - Cannot read IP mode file for STMicroelectronics.X-CUBE-TOUCHGFX.4.22.0
2026-05-19 16:07:35,624 [WARN] PackLoader:240 - Cannot read IP mode file for STMicroelectronics.X-CUBE-GNSS1.7.1.0
2026-05-19 16:07:35,639 [WARN] ConditionMgr:438 - getConditionDescription Invalid condition id : Cortex-A Device cause : null
2026-05-19 16:07:35,661 [WARN] ConditionMgr:1044 - genDependencies : Invalid condition id : Cortex-A Device cause : null
2026-05-19 16:07:35,662 [WARN] ConditionMgr:1044 - genDependencies : Invalid condition id : Cortex-A Device cause : null
2026-05-19 16:07:35,662 [WARN] ConditionMgr:1044 - genDependencies : Invalid condition id : Cortex-A Device cause : null
2026-05-19 16:07:35,669 [WARN] PackLoader:240 - Cannot read IP mode file for STMicroelectronics.X-CUBE-AI.10.0.0
2026-05-19 16:07:35,676 [WARN] PackLoader:240 - Cannot read IP mode file for STMicroelectronics.FP-SNS-SMARTAG2.1.2.0
2026-05-19 16:07:35,683 [WARN] PackLoader:240 - Cannot read IP mode file for STMicroelectronics.FP-SNS-FLIGHT1.5.1.0
2026-05-19 16:07:35,697 [INFO] LogOutputStream:77 - [STDOUT_REDIRECT] 1 : Invalid condition id : UX_CORESTACK_Condition cause : null
2026-05-19 16:07:35,698 [INFO] LogOutputStream:77 - [STDOUT_REDIRECT] 1 : Invalid condition id : UX_CORESTACK_Condition cause : null
2026-05-19 16:07:35,701 [INFO] LogOutputStream:77 - [STDOUT_REDIRECT] 1 : Invalid condition id : UX_CORESTACK_Condition cause : null
2026-05-19 16:07:35,702 [INFO] LogOutputStream:77 - [STDOUT_REDIRECT] 1 : Invalid condition id : UX_CORESTACK_Condition cause : null
2026-05-19 16:07:35,704 [INFO] LogOutputStream:77 - [STDOUT_REDIRECT] 1 : Invalid condition id : UX_CORESTACK_Condition cause : null
2026-05-19 16:07:35,708 [WARN] PackLoader:240 - Cannot read IP mode file for STMicroelectronics.X-CUBE-AZRTOS-WL.2.0.0
2026-05-19 16:07:35,717 [WARN] PackLoader:240 - Cannot read IP mode file for STMicroelectronics.FP-SNS-MOTENV1.5.0.0
2026-05-19 16:07:35,754 [WARN] PackLoader:240 - Cannot read IP mode file for STMicroelectronics.X-CUBE-AZRTOS-H7RS.1.2.0
2026-05-19 16:07:35,775 [WARN] PackLoader:240 - Cannot read IP mode file for WES.I-CUBE-Cesium.1.3.0
2026-05-19 16:07:35,787 [WARN] PackLoader:240 - Cannot read IP mode file for STMicroelectronics.X-CUBE-BLE2.3.3.0
2026-05-19 16:07:35,817 [WARN] PackLoader:240 - Cannot read IP mode file for STMicroelectronics.X-CUBE-NFC9.1.0.0
2026-05-19 16:07:35,828 [WARN] PackLoader:240 - Cannot read IP mode file for STMicroelectronics.X-CUBE-BLE1.7.1.0
2026-05-19 16:07:35,847 [WARN] PackLoader:240 - Cannot read IP mode file for wolfSSL.I-CUBE-wolfMQTT.1.19.2
2026-05-19 16:07:35,861 [WARN] PackLoader:240 - Cannot read IP mode file for STMicroelectronics.X-CUBE-FREERTOS.1.4.0
2026-05-19 16:07:35,874 [WARN] PackLoader:240 - Cannot read IP mode file for STMicroelectronics.X-CUBE-EEPRMA1.5.2.0
2026-05-19 16:07:35,886 [WARN] PackLoader:240 - Cannot read IP mode file for STMicroelectronics.X-CUBE-ST67W61.1.1.0
2026-05-19 16:07:35,895 [WARN] PackLoader:240 - Cannot read IP mode file for STMicroelectronics.FP-SNS-STAIOTCFT.1.1.0
2026-05-19 16:07:35,955 [WARN] PackLoader:240 - Cannot read IP mode file for STMicroelectronics.X-CUBE-MEMS1.12.0.0
2026-05-19 16:07:36,085 [WARN] PackLoader:240 - Cannot read IP mode file for STMicroelectronics.X-CUBE-ALGOBUILD.1.3.0
2026-05-19 16:07:36,167 [WARN] PackLoader:240 - Cannot read IP mode file for STMicroelectronics.X-CUBE-MEMS1.11.2.0
2026-05-19 16:07:36,503 [WARN] PackLoader:240 - Cannot read IP mode file for STMicroelectronics.X-CUBE-AZRTOS-G0.1.1.0
2026-05-19 16:07:36,514 [WARN] PackLoader:240 - Cannot read IP mode file for STMicroelectronics.X-CUBE-SAFEA1.1.2.2
2026-05-19 16:07:36,524 [WARN] PackLoader:240 - Cannot read IP mode file for STMicroelectronics.X-CUBE-NFC4.3.0.0
2026-05-19 16:07:36,543 [WARN] PackLoader:240 - Cannot read IP mode file for EmbeddedOffice.I-CUBE-FS-RTOS.1.0.1
2026-05-19 16:07:36,553 [WARN] PackLoader:240 - Cannot read IP mode file for STMicroelectronics.X-CUBE-WB05N.2.0.0
2026-05-19 16:07:36,559 [WARN] PackLoader:240 - Cannot read IP mode file for wolfSSL.I-CUBE-wolfTPM.3.8.0
2026-05-19 16:07:36,567 [WARN] PackLoader:240 - Cannot read IP mode file for STMicroelectronics.X-CUBE-TCPP.4.2.0
2026-05-19 16:07:36,577 [WARN] PackLoader:240 - Cannot read IP mode file for RealThread.X-CUBE-RT-Thread_Nano.4.1.1
2026-05-19 16:07:36,584 [WARN] PackLoader:240 - Cannot read IP mode file for STMicroelectronics.FP-ATR-SIGFOX1.3.2.0
2026-05-19 16:07:36,593 [WARN] PackLoader:240 - Cannot read IP mode file for STMicroelectronics.X-CUBE-EEPRMA1.5.1.0
2026-05-19 16:07:36,599 [WARN] PackLoader:240 - Cannot read IP mode file for STMicroelectronics.X-CUBE-FREERTOS.1.5.0
2026-05-19 16:07:36,610 [WARN] PackLoader:240 - Cannot read IP mode file for ITTIA_DB.I-CUBE-ITTIADB.8.9.0
2026-05-19 16:07:36,623 [WARN] PackLoader:240 - Cannot read IP mode file for STMicroelectronics.X-CUBE-NFC6.3.2.0
2026-05-19 16:07:36,637 [WARN] PackLoader:240 - Cannot read IP mode file for STMicroelectronics.X-CUBE-ST67W61.1.0.0
2026-05-19 16:07:36,691 [WARN] PackLoader:240 - Cannot read IP mode file for STMicroelectronics.X-CUBE-MEMS1.12.1.0
2026-05-19 16:07:36,779 [WARN] PackLoader:240 - Cannot read IP mode file for SEGGER.I-CUBE-embOS.1.3.1
2026-05-19 16:07:36,826 [WARN] PackLoader:240 - Cannot read IP mode file for STMicroelectronics.X-CUBE-ALGOBUILD.1.4.0
2026-05-19 16:07:36,861 [WARN] PackLoader:240 - Cannot read IP mode file for STMicroelectronics.X-CUBE-MEMS1.11.3.0
2026-05-19 16:07:36,971 [WARN] PackLoader:240 - Cannot read IP mode file for STMicroelectronics.X-CUBE-PM33A1.1.0.0
2026-05-19 16:07:36,978 [WARN] PackLoader:240 - Cannot read IP mode file for STMicroelectronics.X-CUBE-GNSS1.6.0.0
2026-05-19 16:07:36,994 [WARN] PackLoader:240 - Cannot read IP mode file for STMicroelectronics.X-CUBE-AZRTOS-F4.1.1.0
2026-05-19 16:07:37,003 [WARN] PackLoader:240 - Cannot read IP mode file for wolfSSL.I-CUBE-wolfSSL.5.6.3
2026-05-19 16:07:37,010 [WARN] PackLoader:240 - Cannot read IP mode file for Avnet-IotConnect.X-CUBE-IoTC-DA16k-PMOD.1.0.0
2026-05-19 16:07:37,018 [WARN] PackLoader:240 - Cannot read IP mode file for STMicroelectronics.X-CUBE-ISPU.2.1.0
2026-05-19 16:07:37,035 [WARN] PackLoader:240 - Cannot read IP mode file for STMicroelectronics.X-CUBE-IPS.3.2.0
2026-05-19 16:07:37,050 [WARN] PackLoader:240 - Cannot read IP mode file for STMicroelectronics.eDS-WB_DPC_TT-BIDIR.2.1.1
2026-05-19 16:07:37,062 [WARN] PackLoader:240 - Cannot read IP mode file for STMicroelectronics.X-CUBE-NFC12.1.0.0
2026-05-19 16:07:37,085 [WARN] PackLoader:240 - Cannot read IP mode file for STMicroelectronics.X-CUBE-AZRTOS-L5.2.0.0
2026-05-19 16:07:37,145 [WARN] PackLoader:240 - Cannot read IP mode file for STMicroelectronics.X-CUBE-MEMS1.9.6.0
2026-05-19 16:07:37,291 [WARN] PackLoader:240 - Cannot read IP mode file for STMicroelectronics.X-CUBE-NFC6.3.1.0
2026-05-19 16:07:37,299 [WARN] PackLoader:240 - Cannot read IP mode file for STMicroelectronics.X-CUBE-BLEMGR.2.0.0
2026-05-19 16:07:37,306 [WARN] PackLoader:240 - Cannot read IP mode file for STMicroelectronics.eDS-WB_DPC_VIENNA.1.2.0
2026-05-19 16:07:37,312 [WARN] PackLoader:240 - Cannot read IP mode file for STMicroelectronics.eDS-WB_DPC_3PH2L-BIDIR.1.1.1
2026-05-19 16:07:37,329 [WARN] ConditionMgr:438 - getConditionDescription Invalid condition id : UX DEVICE CLASS RTOS Condition cause : null
2026-05-19 16:07:37,329 [WARN] ConditionMgr:438 - getConditionDescription Invalid condition id : UX DEVICE CLASS RTOS Condition cause : null
2026-05-19 16:07:37,332 [WARN] PackLoader:240 - Cannot read IP mode file for STMicroelectronics.X-CUBE-AZRTOS-H7.3.1.0
2026-05-19 16:07:37,333 [WARN] ConditionMgr:1044 - genDependencies : Invalid condition id : UX DEVICE CLASS RTOS Condition cause : null
2026-05-19 16:07:37,333 [WARN] ConditionMgr:1044 - genDependencies : Invalid condition id : UX DEVICE CLASS RTOS Condition cause : null
2026-05-19 16:07:37,334 [WARN] ConditionMgr:1044 - genDependencies : Invalid condition id : UX DEVICE CLASS RTOS Condition cause : null
2026-05-19 16:07:37,334 [WARN] ConditionMgr:1044 - genDependencies : Invalid condition id : UX DEVICE CLASS RTOS Condition cause : null
2026-05-19 16:07:37,334 [WARN] ConditionMgr:1044 - genDependencies : Invalid condition id : UX DEVICE CLASS RTOS Condition cause : null
2026-05-19 16:07:37,341 [ERROR] Engine:466 - C:\Users\brbar\.stm32cubemx\thirdparties\pdsc\STMicroelectronics.X-CUBE-ST67W61.1.3.0.pdsc: PDSC version is not supported
2026-05-19 16:07:37,348 [WARN] PackLoader:240 - Cannot read IP mode file for STMicroelectronics.X-CUBE-FREERTOS.1.3.1
2026-05-19 16:07:37,356 [WARN] PackLoader:240 - Cannot read IP mode file for STMicroelectronics.X-CUBE-NFC7.1.0.1
2026-05-19 16:07:37,361 [WARN] PackLoader:240 - Cannot read IP mode file for STMicroelectronics.X-CUBE-TOUCHGFX.4.26.0
2026-05-19 16:07:37,371 [WARN] PackLoader:240 - Cannot read IP mode file for STMicroelectronics.X-CUBE-NFC6.3.0.0
2026-05-19 16:07:37,378 [WARN] PackLoader:240 - Cannot read IP mode file for STMicroelectronics.X-CUBE-TOUCHGFX.4.26.1
2026-05-19 16:07:37,385 [WARN] PackLoader:240 - Cannot read IP mode file for STMicroelectronics.X-CUBE-EEPRMA1.4.1.0
2026-05-19 16:07:37,392 [WARN] PackLoader:240 - Cannot read IP mode file for STMicroelectronics.FP-SNS-STAIOTCFT.1.0.0
2026-05-19 16:07:37,400 [WARN] PackLoader:240 - Cannot read IP mode file for STMicroelectronics.X-CUBE-DPower.1.3.0
2026-05-19 16:07:37,406 [WARN] PackLoader:240 - Cannot read IP mode file for STMicroelectronics.X-CUBE-AI.8.1.0
2026-05-19 16:07:37,426 [WARN] ConditionMgr:438 - getConditionDescription Invalid condition id : LAN8742 Phy interface Condition cause : null
2026-05-19 16:07:37,427 [WARN] PackLoader:240 - Cannot read IP mode file for STMicroelectronics.X-CUBE-AZRTOS-L4.2.0.0
2026-05-19 16:07:37,428 [WARN] ConditionMgr:1044 - genDependencies : Invalid condition id : LAN8742 Phy interface Condition cause : null
2026-05-19 16:07:37,428 [WARN] ConditionMgr:1044 - genDependencies : Invalid condition id : LAN8742 Phy interface Condition cause : null
2026-05-19 16:07:37,429 [WARN] ConditionMgr:1044 - genDependencies : Invalid condition id : LAN8742 Phy interface Condition cause : null
2026-05-19 16:07:37,454 [WARN] PackLoader:240 - Cannot read IP mode file for STMicroelectronics.X-CUBE-SFXS2LP1.4.0.0
2026-05-19 16:07:37,460 [WARN] PackLoader:240 - Cannot read IP mode file for STMicroelectronics.X-CUBE-WB05N.2.1.0
2026-05-19 16:07:37,467 [WARN] PackLoader:240 - Cannot read IP mode file for STMicroelectronics.X-CUBE-ST67W61.1.2.0
2026-05-19 16:07:37,472 [WARN] PackLoader:240 - Cannot read IP mode file for STMicroelectronics.X-CUBE-ISPU.1.1.0
2026-05-19 16:07:37,494 [WARN] PackLoader:240 - Cannot read IP mode file for STMicroelectronics.X-CUBE-AZRTOS-H7.3.3.0
2026-05-19 16:07:37,508 [WARN] PackLoader:240 - Cannot read IP mode file for STMicroelectronics.X-CUBE-BLEMGR.4.1.0
2026-05-19 16:07:37,528 [WARN] ConditionMgr:438 - getConditionDescription Invalid condition id : UX DEVICE CLASS RTOS Condition cause : null
2026-05-19 16:07:37,528 [WARN] ConditionMgr:438 - getConditionDescription Invalid condition id : UX DEVICE CLASS RTOS Condition cause : null
2026-05-19 16:07:37,530 [WARN] PackLoader:240 - Cannot read IP mode file for STMicroelectronics.X-CUBE-AZRTOS-WB.2.0.0
2026-05-19 16:07:37,531 [WARN] ConditionMgr:1044 - genDependencies : Invalid condition id : UX DEVICE CLASS RTOS Condition cause : null
2026-05-19 16:07:37,531 [WARN] ConditionMgr:1044 - genDependencies : Invalid condition id : UX DEVICE CLASS RTOS Condition cause : null
2026-05-19 16:07:37,531 [WARN] ConditionMgr:1044 - genDependencies : Invalid condition id : UX DEVICE CLASS RTOS Condition cause : null
2026-05-19 16:07:37,532 [WARN] ConditionMgr:1044 - genDependencies : Invalid condition id : UX DEVICE CLASS RTOS Condition cause : null
2026-05-19 16:07:37,532 [WARN] ConditionMgr:1044 - genDependencies : Invalid condition id : UX DEVICE CLASS RTOS Condition cause : null
2026-05-19 16:07:37,539 [WARN] PackLoader:240 - Cannot read IP mode file for STMicroelectronics.X-CUBE-GNSS1.7.0.1
2026-05-19 16:07:37,544 [WARN] PackLoader:240 - Cannot read IP mode file for STMicroelectronics.X-CUBE-TOUCHGFX.4.25.0
2026-05-19 16:07:37,556 [WARN] PackLoader:240 - Cannot read IP mode file for STMicroelectronics.FP-SNS-STBOX1.2.0.0
2026-05-19 16:07:37,573 [WARN] PackLoader:240 - Cannot read IP mode file for STMicroelectronics.X-CUBE-STSE01.2.0.0
2026-05-19 16:07:37,594 [WARN] PackLoader:240 - Cannot read IP mode file for STMicroelectronics.X-CUBE-SUBG2.5.0.0
2026-05-19 16:07:37,626 [WARN] PackLoader:240 - Cannot read IP mode file for STMicroelectronics.X-CUBE-AZRTOS-H7RS.1.1.0
2026-05-19 16:07:37,639 [WARN] PackLoader:240 - Cannot read IP mode file for Cesanta.I-CUBE-Mongoose.7.13.0
2026-05-19 16:07:37,654 [WARN] PackLoader:240 - Cannot read IP mode file for STMicroelectronics.X-CUBE-TOF1.3.3.1
2026-05-19 16:07:37,689 [WARN] PackLoader:240 - Cannot read IP mode file for STMicroelectronics.X-CUBE-AZRTOS-G4.2.0.0
2026-05-19 16:07:37,698 [WARN] PackLoader:240 - Cannot read IP mode file for wolfSSL.I-CUBE-wolfSSH.1.4.20
2026-05-19 16:07:37,703 [WARN] PackLoader:240 - Cannot read IP mode file for STMicroelectronics.X-CUBE-NFC7.2.0.0
2026-05-19 16:07:37,715 [WARN] PackLoader:240 - Cannot read IP mode file for STMicroelectronics.X-CUBE-IPS.3.1.0
2026-05-19 16:07:37,727 [WARN] PackLoader:240 - Cannot read IP mode file for STMicroelectronics.X-CUBE-ALS.1.0.2
2026-05-19 16:07:37,735 [WARN] PackLoader:240 - Cannot read IP mode file for STMicroelectronics.X-CUBE-FREERTOS.1.1.0
2026-05-19 16:07:37,742 [WARN] PackLoader:240 - Cannot read IP mode file for STMicroelectronics.X-CUBE-STSE01.1.0.0
2026-05-19 16:07:37,756 [WARN] PackLoader:240 - Cannot read IP mode file for portGmbH.I-Cube-SoM-uGOAL.1.1.0
2026-05-19 16:07:37,765 [WARN] PackLoader:240 - Cannot read IP mode file for STMicroelectronics.X-CUBE-ALS.1.0.1
2026-05-19 16:07:37,773 [WARN] PackLoader:240 - Cannot read IP mode file for STMicroelectronics.FP-ATR-ASTRA1.2.0.0
2026-05-19 16:07:37,788 [WARN] PackLoader:240 - Cannot read IP mode file for STMicroelectronics.X-CUBE-TOF1.3.4.3
2026-05-19 16:07:37,800 [INFO] ThirdParty:978 - Integrity check success = true
2026-05-19 16:07:37,801 [INFO] IntegrityCheckThread:100 - exiting critical section [integrity check]
2026-05-19 16:07:37,801 [INFO] IntegrityCheckThread:103 - End integrity checks thread
2026-05-19 16:07:37,871 [INFO] WebApp:463 - Apply proxy settings
2026-05-19 16:07:37,872 [INFO] WebApp:548 - Chromium requires no authentication
2026-05-19 16:07:37,903 [INFO] WebApp:491 - Direct internet connection detected
2026-05-19 16:07:37,978 [INFO] WebApp:900 - Register for checkConnection events
2026-05-19 16:07:37,979 [INFO] WebApp:463 - Apply proxy settings
2026-05-19 16:07:37,979 [INFO] WebApp:548 - Chromium requires no authentication
2026-05-19 16:07:37,980 [INFO] WebApp:491 - Direct internet connection detected
2026-05-19 16:07:38,308 [INFO] WebApp:191 - Connection restablished
2026-05-19 16:07:38,507 [INFO] WebApp:225 - Starting web application
2026-05-19 16:07:38,507 [INFO] WebApp:593 - Web application path used C:\ST\STM32CubeIDE_1.13.1\STM32CubeIDE\plugins\com.st.stm32cube.common.mx_6.15.0.202507011659\db\plugins\mcufinder\reactClient1\index.html
2026-05-19 16:07:38,677 [INFO] UserAuth:487 - Internet connection configuration mode: 1
2026-05-19 16:08:36,515 [ERROR] LogOutputStream:75 - [STDERR_REDIRECT] 
