2025-05-27 02:23:00,326 [INFO] Activator:176 - 


2025-05-27 02:23:00,334 [INFO] Activator:177 - !SESSION log4j initialized
2025-05-27 02:23:07,067 [INFO] LogOutputStream:77 - [STDOUT_REDIRECT] 
2025-05-27 02:23:08,290 [INFO] ApplicationProperties:184 - Using Application install path: C:\ST\STM32CubeIDE_1.13.1\STM32CubeIDE\plugins\com.st.stm32cube.common.mx_6.9.1.202307191849
2025-05-27 02:23:08,330 [INFO] DbMcusXml:78 - Set database path to: C:\ST\STM32CubeIDE_1.13.1\STM32CubeIDE\plugins\com.st.stm32cube.common.mx_6.9.1.202307191849\\db\/mcu/
2025-05-27 02:23:08,330 [INFO] ApiDb:274 - Set plugin database path to: C:\ST\STM32CubeIDE_1.13.1\STM32CubeIDE\plugins\com.st.stm32cube.common.mx_6.9.1.202307191849\\db\/plugins/boardmanager/
2025-05-27 02:23:08,331 [WARN] ApiDb:259 - Overriding images path with different value:  => C:\ST\STM32CubeIDE_1.13.1\STM32CubeIDE\plugins\com.st.stm32cube.common.mx_6.9.1.202307191849\\db\/plugins/mcufinder/images/
2025-05-27 02:23:08,355 [INFO] ApiDb:250 - Set database path to: C:\Users\brbar\.stmcufinder\plugins\mcufinder//mcu/
2025-05-27 02:23:08,357 [INFO] DbMcusAds:125 - Set database path to: C:\Users\brbar\.stmcufinder\plugins\mcufinder//mcu/
2025-05-27 02:23:08,361 [INFO] CrossReferenceDbSqlite:203 - Set database path to: C:\Users\brbar\.stmcufinder\plugins\mcufinder//mcu/cs/
2025-05-27 02:23:08,678 [INFO] RulesReader:64 - Compatibility file has been processed (293 Rules)
2025-05-27 02:23:08,819 [INFO] DbMcusXml:78 - Set database path to: C:\ST\STM32CubeIDE_1.13.1\STM32CubeIDE\plugins\com.st.stm32cube.common.mx_6.9.1.202307191849\\db\/mcu/
2025-05-27 02:23:08,820 [INFO] ApiDb:274 - Set plugin database path to: C:\ST\STM32CubeIDE_1.13.1\STM32CubeIDE\plugins\com.st.stm32cube.common.mx_6.9.1.202307191849\\db\/plugins/boardmanager/
2025-05-27 02:23:08,820 [INFO] ApiDb:261 - Set plugin images path to: C:\ST\STM32CubeIDE_1.13.1\STM32CubeIDE\plugins\com.st.stm32cube.common.mx_6.9.1.202307191849\\db\/plugins/mcufinder/images/
2025-05-27 02:23:08,820 [WARN] DbFile:41 - Overriding database path with different value: C:\Users\brbar\.stmcufinder\plugins\mcufinder/ => C:\Users\brbar\.stmcufinder\plugins\mcufinder
2025-05-27 02:23:08,821 [INFO] ApiDb:250 - Set database path to: C:\Users\brbar\.stmcufinder\plugins\mcufinder//mcu/
2025-05-27 02:23:08,821 [WARN] DbFile:41 - Overriding database path with different value: C:\Users\brbar\.stmcufinder\plugins\mcufinder/ => C:\Users\brbar\.stmcufinder\plugins\mcufinder
2025-05-27 02:23:08,821 [INFO] DbMcusAds:125 - Set database path to: C:\Users\brbar\.stmcufinder\plugins\mcufinder//mcu/
2025-05-27 02:23:08,821 [WARN] DbFile:41 - Overriding database path with different value: C:\Users\brbar\.stmcufinder\plugins\mcufinder/ => C:\Users\brbar\.stmcufinder\plugins\mcufinder
2025-05-27 02:23:08,821 [WARN] DbFile:41 - Overriding database path with different value: C:\Users\brbar\.stmcufinder\plugins\mcufinder/ => C:\Users\brbar\.stmcufinder\plugins\mcufinder
2025-05-27 02:23:08,821 [INFO] CrossReferenceDbSqlite:203 - Set database path to: C:\Users\brbar\.stmcufinder\plugins\mcufinder//mcu/cs/
2025-05-27 02:23:08,981 [INFO] MainPanel:262 - HeapMemory: 268435456
2025-05-27 02:23:09,164 [INFO] DbMcusXml:78 - Set database path to: C:\ST\STM32CubeIDE_1.13.1\STM32CubeIDE\plugins\com.st.stm32cube.common.mx_6.9.1.202307191849\\db\/mcu/
2025-05-27 02:23:09,165 [INFO] ApiDb:274 - Set plugin database path to: C:\ST\STM32CubeIDE_1.13.1\STM32CubeIDE\plugins\com.st.stm32cube.common.mx_6.9.1.202307191849\\db\/plugins/boardmanager/
2025-05-27 02:23:09,165 [INFO] ApiDb:261 - Set plugin images path to: C:\ST\STM32CubeIDE_1.13.1\STM32CubeIDE\plugins\com.st.stm32cube.common.mx_6.9.1.202307191849\\db\/plugins/mcufinder/images/
2025-05-27 02:23:09,166 [WARN] DbFile:41 - Overriding database path with different value: C:\Users\brbar\.stmcufinder\plugins\mcufinder/ => C:\Users\brbar\.stmcufinder\plugins\mcufinder
2025-05-27 02:23:09,166 [INFO] ApiDb:250 - Set database path to: C:\Users\brbar\.stmcufinder\plugins\mcufinder//mcu/
2025-05-27 02:23:09,166 [WARN] DbFile:41 - Overriding database path with different value: C:\Users\brbar\.stmcufinder\plugins\mcufinder/ => C:\Users\brbar\.stmcufinder\plugins\mcufinder
2025-05-27 02:23:09,166 [INFO] DbMcusAds:125 - Set database path to: C:\Users\brbar\.stmcufinder\plugins\mcufinder//mcu/
2025-05-27 02:23:09,166 [WARN] DbFile:41 - Overriding database path with different value: C:\Users\brbar\.stmcufinder\plugins\mcufinder/ => C:\Users\brbar\.stmcufinder\plugins\mcufinder
2025-05-27 02:23:09,166 [WARN] DbFile:41 - Overriding database path with different value: C:\Users\brbar\.stmcufinder\plugins\mcufinder/ => C:\Users\brbar\.stmcufinder\plugins\mcufinder
2025-05-27 02:23:09,167 [INFO] CrossReferenceDbSqlite:203 - Set database path to: C:\Users\brbar\.stmcufinder\plugins\mcufinder//mcu/cs/
2025-05-27 02:23:09,197 [INFO] ApplicationProperties:184 - Using Application install path: C:\ST\STM32CubeIDE_1.13.1\STM32CubeIDE\plugins\com.st.stm32cube.common.mx_6.9.1.202307191849
2025-05-27 02:23:09,199 [INFO] PluginManage:196 - Search for loadable plugins [exclusion list=, ]
2025-05-27 02:23:09,202 [INFO] PluginManage:310 - Check plugin analytics
2025-05-27 02:23:09,493 [INFO] AnalyticsPlugin:253 - Accepted Software Licenses: 
2025-05-27 02:23:09,493 [INFO] AnalyticsPlugin:255 - Accepted CMSIS Pack Licenses: 
2025-05-27 02:23:09,493 [INFO] AnalyticsPlugin:257 - Accepted Firmware Licenses: 
2025-05-27 02:23:09,498 [INFO] PluginManage:359 - Loaded plugin analytics (category:tool,tabindex:-1)
2025-05-27 02:23:09,499 [INFO] PluginManage:310 - Check plugin cadmodel
2025-05-27 02:23:09,507 [INFO] CADModel:105 - Init CAD model plugin
2025-05-27 02:23:09,507 [INFO] PluginManage:359 - Loaded plugin cadmodel (category:power,tabindex:5)
2025-05-27 02:23:09,508 [INFO] PluginManage:310 - Check plugin clock
2025-05-27 02:23:09,523 [INFO] PluginManage:359 - Loaded plugin clock (category:base,tabindex:2)
2025-05-27 02:23:09,524 [INFO] PluginManage:310 - Check plugin ddr
2025-05-27 02:23:09,528 [INFO] PluginManage:359 - Loaded plugin ddr (category:tool,tabindex:6)
2025-05-27 02:23:09,528 [INFO] PluginManage:310 - Check plugin filemanager
2025-05-27 02:23:09,733 [INFO] PluginManage:359 - Loaded plugin filemanager (category:base,tabindex:10)
2025-05-27 02:23:09,733 [INFO] PluginManage:310 - Check plugin ipmanager
2025-05-27 02:23:09,744 [INFO] PluginManage:359 - Loaded plugin ipmanager (category:base,tabindex:5)
2025-05-27 02:23:09,744 [INFO] PluginManage:310 - Check plugin lpbam
2025-05-27 02:23:09,756 [INFO] PluginManage:359 - Loaded plugin lpbam (category:base,tabindex:0)
2025-05-27 02:23:09,757 [INFO] PluginManage:310 - Check plugin memorymap
2025-05-27 02:23:09,778 [INFO] PluginManage:359 - Loaded plugin memorymap (category:base,tabindex:4)
2025-05-27 02:23:09,778 [INFO] PluginManage:310 - Check plugin pinoutandconfiguration
2025-05-27 02:23:09,792 [INFO] PluginManage:359 - Loaded plugin pinoutandconfiguration (category:base,tabindex:1)
2025-05-27 02:23:09,792 [INFO] PluginManage:310 - Check plugin pinoutconfig
2025-05-27 02:23:09,942 [WARN] SupportedApi:132 - Cannot load RTOS API schema: s4s-elt-must-match.1: The content of 'definitions' must match (annotation?, (simpleType | complexType)?, (unique | key | keyref)*)). A problem was found starting at: attribute.
2025-05-27 02:23:10,218 [INFO] PluginManage:359 - Loaded plugin pinoutconfig (category:base,tabindex:0)
2025-05-27 02:23:10,219 [INFO] PluginManage:310 - Check plugin power
2025-05-27 02:23:10,240 [INFO] PluginManage:359 - Loaded plugin power (category:power,tabindex:4)
2025-05-27 02:23:10,241 [INFO] PluginManage:310 - Check plugin projectmanager
2025-05-27 02:23:10,268 [INFO] PluginManage:359 - Loaded plugin projectmanager (category:projectmanager,tabindex:3)
2025-05-27 02:23:10,268 [INFO] PluginManage:310 - Check plugin thirdparty
2025-05-27 02:23:10,458 [INFO] PluginManage:359 - Loaded plugin thirdparty (category:base,tabindex:-1)
2025-05-27 02:23:10,458 [WARN] IntegrityCheckThread:84 - waiting for thirdparty lock release [integrity check]
2025-05-27 02:23:10,458 [INFO] PluginManage:310 - Check plugin tools
2025-05-27 02:23:10,458 [INFO] IntegrityCheckThread:86 - entering critical section [integrity check]
2025-05-27 02:23:10,459 [INFO] ThirdPartyUpdaterWithRetryManager:70 - Updater plugin not ready yet. [1/15]
2025-05-27 02:23:10,462 [INFO] PluginManage:359 - Loaded plugin tools (category:base,tabindex:7)
2025-05-27 02:23:10,462 [INFO] PluginManage:310 - Check plugin tutovideos
2025-05-27 02:23:10,741 [INFO] PluginManage:359 - Loaded plugin tutovideos (category:base,tabindex:-1)
2025-05-27 02:23:10,742 [INFO] PluginManage:310 - Check plugin updater
2025-05-27 02:23:10,757 [INFO] PluginManage:359 - Loaded plugin updater (category:base,tabindex:12)
2025-05-27 02:23:10,757 [INFO] PluginManage:310 - Check plugin userauth
2025-05-27 02:23:10,766 [INFO] UserAuth:113 - Init User Auth plugin
2025-05-27 02:23:10,767 [INFO] PluginManage:359 - Loaded plugin userauth (category:base,tabindex:14)
2025-05-27 02:23:10,767 [INFO] PluginManage:283 - PluginManage : Loaded plugins [17]
2025-05-27 02:23:11,078 [INFO] PinOutPanel:1499 - setPackage(No Configuration,No Configuration)
2025-05-27 02:23:11,227 [INFO] CADModel:165 - CPN selected for project level
2025-05-27 02:23:11,228 [INFO] CADModel:114 - Register for checkConnection events
2025-05-27 02:23:11,249 [INFO] IPUIPlugin:80 - create IPUIPlugin
2025-05-27 02:23:11,249 [INFO] PluginManager:220 - loadIPPluginJar : add adc
2025-05-27 02:23:11,252 [INFO] IPUIPlugin:80 - create IPUIPlugin
2025-05-27 02:23:11,252 [INFO] PluginManager:220 - loadIPPluginJar : add aes
2025-05-27 02:23:11,255 [INFO] IPUIPlugin:80 - create IPUIPlugin
2025-05-27 02:23:11,256 [INFO] PluginManager:220 - loadIPPluginJar : add can
2025-05-27 02:23:11,258 [INFO] IPUIPlugin:80 - create IPUIPlugin
2025-05-27 02:23:11,259 [INFO] PluginManager:220 - loadIPPluginJar : add comp
2025-05-27 02:23:11,262 [INFO] IPUIPlugin:80 - create IPUIPlugin
2025-05-27 02:23:11,262 [INFO] PluginManager:220 - loadIPPluginJar : add cryp
2025-05-27 02:23:11,267 [INFO] IPUIPlugin:80 - create IPUIPlugin
2025-05-27 02:23:11,267 [INFO] PluginManager:220 - loadIPPluginJar : add dfsdm
2025-05-27 02:23:11,275 [INFO] IPUIPlugin:80 - create IPUIPlugin
2025-05-27 02:23:11,276 [INFO] PluginManager:220 - loadIPPluginJar : add dma
2025-05-27 02:23:11,282 [INFO] IPUIPlugin:80 - create IPUIPlugin
2025-05-27 02:23:11,282 [INFO] PluginManager:220 - loadIPPluginJar : add dma3
2025-05-27 02:23:11,284 [INFO] IPUIPlugin:80 - create IPUIPlugin
2025-05-27 02:23:11,284 [INFO] PluginManager:220 - loadIPPluginJar : add fatfs
2025-05-27 02:23:11,290 [INFO] IPUIPlugin:80 - create IPUIPlugin
2025-05-27 02:23:11,290 [INFO] PluginManager:220 - loadIPPluginJar : add fmc
2025-05-27 02:23:11,298 [INFO] IPUIPlugin:80 - create IPUIPlugin
2025-05-27 02:23:11,298 [INFO] PluginManager:220 - loadIPPluginJar : add freertos
2025-05-27 02:23:11,301 [INFO] IPUIPlugin:80 - create IPUIPlugin
2025-05-27 02:23:11,302 [INFO] PluginManager:220 - loadIPPluginJar : add genericplugin
2025-05-27 02:23:11,306 [INFO] IPUIPlugin:80 - create IPUIPlugin
2025-05-27 02:23:11,306 [INFO] PluginManager:220 - loadIPPluginJar : add gfxmmu
2025-05-27 02:23:11,314 [INFO] IPUIPlugin:80 - create IPUIPlugin
2025-05-27 02:23:11,314 [INFO] PluginManager:220 - loadIPPluginJar : add gic
2025-05-27 02:23:11,320 [INFO] IPUIPlugin:80 - create IPUIPlugin
2025-05-27 02:23:11,320 [INFO] PluginManager:220 - loadIPPluginJar : add gpio
2025-05-27 02:23:11,324 [INFO] IPUIPlugin:80 - create IPUIPlugin
2025-05-27 02:23:11,325 [INFO] PluginManager:220 - loadIPPluginJar : add gtzc
2025-05-27 02:23:11,328 [INFO] IPUIPlugin:80 - create IPUIPlugin
2025-05-27 02:23:11,328 [INFO] PluginManager:220 - loadIPPluginJar : add hash
2025-05-27 02:23:11,332 [INFO] IPUIPlugin:80 - create IPUIPlugin
2025-05-27 02:23:11,332 [INFO] PluginManager:220 - loadIPPluginJar : add i2c
2025-05-27 02:23:11,335 [INFO] IPUIPlugin:80 - create IPUIPlugin
2025-05-27 02:23:11,335 [INFO] PluginManager:220 - loadIPPluginJar : add i2s
2025-05-27 02:23:11,338 [INFO] IPUIPlugin:80 - create IPUIPlugin
2025-05-27 02:23:11,339 [INFO] PluginManager:220 - loadIPPluginJar : add i3c
2025-05-27 02:23:11,343 [INFO] IPUIPlugin:80 - create IPUIPlugin
2025-05-27 02:23:11,343 [INFO] PluginManager:220 - loadIPPluginJar : add ipddr
2025-05-27 02:23:11,352 [INFO] IPUIPlugin:80 - create IPUIPlugin
2025-05-27 02:23:11,352 [INFO] PluginManager:220 - loadIPPluginJar : add linkedlist
2025-05-27 02:23:11,355 [INFO] IPUIPlugin:80 - create IPUIPlugin
2025-05-27 02:23:11,355 [INFO] PluginManager:220 - loadIPPluginJar : add lorawan
2025-05-27 02:23:11,357 [INFO] IPUIPlugin:80 - create IPUIPlugin
2025-05-27 02:23:11,358 [INFO] PluginManager:220 - loadIPPluginJar : add ltdc
2025-05-27 02:23:11,365 [INFO] IPUIPlugin:80 - create IPUIPlugin
2025-05-27 02:23:11,365 [INFO] PluginManager:220 - loadIPPluginJar : add mdma
2025-05-27 02:23:11,370 [INFO] IPUIPlugin:80 - create IPUIPlugin
2025-05-27 02:23:11,371 [INFO] PluginManager:220 - loadIPPluginJar : add nvic
2025-05-27 02:23:11,374 [INFO] IPUIPlugin:80 - create IPUIPlugin
2025-05-27 02:23:11,374 [INFO] PluginManager:220 - loadIPPluginJar : add opamp
2025-05-27 02:23:11,377 [INFO] IPUIPlugin:80 - create IPUIPlugin
2025-05-27 02:23:11,378 [INFO] PluginManager:220 - loadIPPluginJar : add openamp
2025-05-27 02:23:11,381 [INFO] IPUIPlugin:80 - create IPUIPlugin
2025-05-27 02:23:11,381 [INFO] PluginManager:220 - loadIPPluginJar : add pdm2pcm
2025-05-27 02:23:11,387 [INFO] IPUIPlugin:80 - create IPUIPlugin
2025-05-27 02:23:11,390 [INFO] PluginManager:220 - loadIPPluginJar : add plateformsettings
2025-05-27 02:23:11,392 [INFO] IPUIPlugin:80 - create IPUIPlugin
2025-05-27 02:23:11,392 [INFO] PluginManager:220 - loadIPPluginJar : add quadspi
2025-05-27 02:23:11,397 [INFO] IPUIPlugin:80 - create IPUIPlugin
2025-05-27 02:23:11,397 [INFO] PluginManager:220 - loadIPPluginJar : add resmgrutility
2025-05-27 02:23:11,400 [INFO] IPUIPlugin:80 - create IPUIPlugin
2025-05-27 02:23:11,400 [INFO] PluginManager:220 - loadIPPluginJar : add sai
2025-05-27 02:23:11,404 [INFO] IPUIPlugin:80 - create IPUIPlugin
2025-05-27 02:23:11,404 [INFO] PluginManager:220 - loadIPPluginJar : add spi
2025-05-27 02:23:11,410 [INFO] IPUIPlugin:80 - create IPUIPlugin
2025-05-27 02:23:11,410 [INFO] PluginManager:220 - loadIPPluginJar : add stm32_wpan
2025-05-27 02:23:11,413 [INFO] IPUIPlugin:80 - create IPUIPlugin
2025-05-27 02:23:11,413 [INFO] PluginManager:220 - loadIPPluginJar : add tim
2025-05-27 02:23:11,419 [INFO] IPUIPlugin:80 - create IPUIPlugin
2025-05-27 02:23:11,419 [INFO] PluginManager:220 - loadIPPluginJar : add touchsensing
2025-05-27 02:23:11,423 [INFO] IPUIPlugin:80 - create IPUIPlugin
2025-05-27 02:23:11,423 [INFO] PluginManager:220 - loadIPPluginJar : add tracer_emb
2025-05-27 02:23:11,426 [INFO] IPUIPlugin:80 - create IPUIPlugin
2025-05-27 02:23:11,426 [INFO] PluginManager:220 - loadIPPluginJar : add ts
2025-05-27 02:23:11,428 [INFO] IPUIPlugin:80 - create IPUIPlugin
2025-05-27 02:23:11,428 [INFO] PluginManager:220 - loadIPPluginJar : add tsc
2025-05-27 02:23:11,431 [INFO] IPUIPlugin:80 - create IPUIPlugin
2025-05-27 02:23:11,432 [INFO] PluginManager:220 - loadIPPluginJar : add ucpd
2025-05-27 02:23:11,435 [INFO] IPUIPlugin:80 - create IPUIPlugin
2025-05-27 02:23:11,435 [INFO] PluginManager:220 - loadIPPluginJar : add usart
2025-05-27 02:23:11,439 [INFO] IPUIPlugin:80 - create IPUIPlugin
2025-05-27 02:23:11,439 [INFO] PluginManager:220 - loadIPPluginJar : add usbx
2025-05-27 02:23:11,577 [INFO] CADModel:165 - CPN selected for project level
2025-05-27 02:23:11,577 [INFO] CADModel:114 - Register for checkConnection events
2025-05-27 02:23:11,578 [FATAL] Updater:308 - Updater called before beeing initialized
2025-05-27 02:23:11,579 [ERROR] CADModel:125 - Updater not yet initialized, retry later 
2025-05-27 02:23:11,847 [INFO] CADModel:165 - CPN selected for project level
2025-05-27 02:23:11,848 [INFO] CADModel:114 - Register for checkConnection events
2025-05-27 02:23:11,848 [FATAL] Updater:308 - Updater called before beeing initialized
2025-05-27 02:23:11,848 [ERROR] CADModel:125 - Updater not yet initialized, retry later 
2025-05-27 02:23:11,853 [FATAL] Updater:308 - Updater called before beeing initialized
2025-05-27 02:23:11,984 [FATAL] Updater:308 - Updater called before beeing initialized
2025-05-27 02:23:11,991 [INFO] DbMcusAds:53 - JSON generation date=Tue Mar 07 10:50:55 EET 2023 (1678179055114)
2025-05-27 02:23:11,991 [FATAL] Updater:308 - Updater called before beeing initialized
2025-05-27 02:23:12,080 [WARN] DetailPanel:346 - Failed to get advertising image, set to default
2025-05-27 02:23:12,248 [FATAL] Updater:308 - Updater called before beeing initialized
2025-05-27 02:23:12,251 [FATAL] Updater:308 - Updater called before beeing initialized
2025-05-27 02:23:12,252 [FATAL] Updater:308 - Updater called before beeing initialized
2025-05-27 02:23:12,252 [WARN] DetailPanel:346 - Failed to get advertising image, set to default
2025-05-27 02:23:12,253 [FATAL] Updater:308 - Updater called before beeing initialized
2025-05-27 02:23:12,346 [ERROR] Updater:1120 - MainUpdater not yet initialized. External WinMGr cannot be set.
2025-05-27 02:23:12,349 [INFO] Updater:1056 - Updater Version found : 6.9.1
2025-05-27 02:23:12,370 [INFO] ApplicationProperties:184 - Using Application install path: C:\ST\STM32CubeIDE_1.13.1\STM32CubeIDE\plugins\com.st.stm32cube.common.mx_6.9.1.202307191849
2025-05-27 02:23:12,717 [INFO] MainUpdater:2868 - connection check result : 10
2025-05-27 02:23:12,718 [INFO] MainUpdater:3562 - Updater definition file requires update
2025-05-27 02:23:12,721 [INFO] MainUpdater:285 - Updater Check For Update Now.
2025-05-27 02:23:12,722 [INFO] MicroXplorer:498 - Change Database Version : DB.6.0.91
2025-05-27 02:23:12,760 [INFO] McuFinderGlobals:63 - Set McuFinder mode to 2 (CubeIDE integrated)
2025-05-27 02:23:12,861 [INFO] ServerAccessManage:473 - Download File updaters.zip
2025-05-27 02:23:13,460 [WARN] MainUpdater:1189 - Updater busy. Cannot search thirdparties
2025-05-27 02:23:13,461 [INFO] ThirdPartyUpdaterWithRetryManager:96 - Updater plugin is busy. [1/15]
2025-05-27 02:23:13,534 [INFO] FileExtend:240 - Unzip File : updaters.zip
2025-05-27 02:23:13,535 [INFO] FileExtend:255 - Standard Zip Deflate
2025-05-27 02:23:14,093 [INFO] ServerAccessManage:473 - Download File PacksControlFlags.xml
2025-05-27 02:23:14,314 [INFO] ServerAccessManage:473 - Download File cubemx.pidx
2025-05-27 02:23:14,969 [INFO] ServerAccessManage:473 - Download File STMicroelectronics.FP-ATR-ASTRA1.pdsc
2025-05-27 02:23:16,022 [INFO] ServerAccessManage:473 - Download File STMicroelectronics.FP-SNS-STBOX1.pdsc
2025-05-27 02:23:16,420 [INFO] ServerAccessManage:473 - Download File STMicroelectronics.FP-SNS-FLIGHT1.pdsc
2025-05-27 02:23:16,467 [WARN] MainUpdater:1189 - Updater busy. Cannot search thirdparties
2025-05-27 02:23:16,468 [INFO] ThirdPartyUpdaterWithRetryManager:96 - Updater plugin is busy. [2/15]
2025-05-27 02:23:17,307 [INFO] ServerAccessManage:473 - Download File STMicroelectronics.FP-SNS-MOTENV1.pdsc
2025-05-27 02:23:18,158 [INFO] ServerAccessManage:473 - Download File STMicroelectronics.FP-SNS-MOTENVWB1.pdsc
2025-05-27 02:23:18,832 [INFO] ServerAccessManage:473 - Download File STMicroelectronics.X-CUBE-AI.pdsc
2025-05-27 02:23:19,472 [WARN] MainUpdater:1189 - Updater busy. Cannot search thirdparties
2025-05-27 02:23:19,472 [INFO] ThirdPartyUpdaterWithRetryManager:96 - Updater plugin is busy. [3/15]
2025-05-27 02:23:21,733 [INFO] ServerAccessManage:473 - Download File STMicroelectronics.X-CUBE-ALS.pdsc
2025-05-27 02:23:22,478 [WARN] MainUpdater:1189 - Updater busy. Cannot search thirdparties
2025-05-27 02:23:22,479 [INFO] ThirdPartyUpdaterWithRetryManager:96 - Updater plugin is busy. [4/15]
2025-05-27 02:23:22,510 [INFO] ServerAccessManage:473 - Download File STMicroelectronics.X-CUBE-BLE1.pdsc
2025-05-27 02:23:25,003 [ERROR] ServerAccessManage:1089 - Problem, file not found on Server
2025-05-27 02:23:25,233 [INFO] ServerAccessManage:473 - Download File STMicroelectronics.X-CUBE-BLEMGR.pdsc
2025-05-27 02:23:25,484 [WARN] MainUpdater:1189 - Updater busy. Cannot search thirdparties
2025-05-27 02:23:25,484 [INFO] ThirdPartyUpdaterWithRetryManager:96 - Updater plugin is busy. [5/15]
2025-05-27 02:23:25,716 [ERROR] ServerAccessManage:1089 - Problem, file not found on Server
2025-05-27 02:23:26,894 [INFO] ServerAccessManage:473 - Download File STMicroelectronics.X-CUBE-DPOWER.pdsc
2025-05-27 02:23:27,567 [ERROR] ServerAccessManage:1089 - Problem, file not found on Server
2025-05-27 02:23:27,867 [ERROR] ServerAccessManage:1089 - Problem, file not found on Server
2025-05-27 02:23:28,180 [ERROR] ServerAccessManage:1089 - Problem, file not found on Server
2025-05-27 02:23:28,451 [ERROR] ServerAccessManage:1089 - Problem, file not found on Server
2025-05-27 02:23:28,494 [WARN] MainUpdater:1189 - Updater busy. Cannot search thirdparties
2025-05-27 02:23:28,494 [INFO] ThirdPartyUpdaterWithRetryManager:96 - Updater plugin is busy. [6/15]
2025-05-27 02:23:28,624 [ERROR] ServerAccessManage:1089 - Problem, file not found on Server
2025-05-27 02:23:28,897 [ERROR] ServerAccessManage:1089 - Problem, file not found on Server
2025-05-27 02:23:29,093 [ERROR] ServerAccessManage:1089 - Problem, file not found on Server
2025-05-27 02:23:29,410 [ERROR] ServerAccessManage:1089 - Problem, file not found on Server
2025-05-27 02:23:29,714 [ERROR] ServerAccessManage:1089 - Problem, file not found on Server
2025-05-27 02:23:30,128 [ERROR] ServerAccessManage:1089 - Problem, file not found on Server
2025-05-27 02:23:30,430 [ERROR] ServerAccessManage:1089 - Problem, file not found on Server
2025-05-27 02:23:30,653 [INFO] ServerAccessManage:473 - Download File STMicroelectronics.X-CUBE-EEPRMA1.pdsc
2025-05-27 02:23:31,145 [ERROR] ServerAccessManage:1089 - Problem, file not found on Server
2025-05-27 02:23:31,496 [WARN] MainUpdater:1189 - Updater busy. Cannot search thirdparties
2025-05-27 02:23:31,496 [INFO] ThirdPartyUpdaterWithRetryManager:96 - Updater plugin is busy. [7/15]
2025-05-27 02:23:31,979 [ERROR] ServerAccessManage:1089 - Problem, file not found on Server
2025-05-27 02:23:32,573 [INFO] ServerAccessManage:473 - Download File STMicroelectronics.X-CUBE-FREERTOS.pdsc
2025-05-27 02:23:33,680 [INFO] ServerAccessManage:473 - Download File STMicroelectronics.X-CUBE-GNSS1.pdsc
2025-05-27 02:23:34,503 [WARN] MainUpdater:1189 - Updater busy. Cannot search thirdparties
2025-05-27 02:23:34,503 [INFO] ThirdPartyUpdaterWithRetryManager:96 - Updater plugin is busy. [8/15]
2025-05-27 02:23:35,095 [ERROR] LogOutputStream:75 - [STDERR_REDIRECT] SLF4J: Failed to load class "org.slf4j.impl.StaticLoggerBinder".
2025-05-27 02:23:35,095 [ERROR] LogOutputStream:75 - [STDERR_REDIRECT] SLF4J: Defaulting to no-operation (NOP) logger implementation
2025-05-27 02:23:35,102 [ERROR] LogOutputStream:75 - [STDERR_REDIRECT] SLF4J: See http://www.slf4j.org/codes.html#StaticLoggerBinder for further details.
2025-05-27 02:23:35,427 [ERROR] ServerAccessManage:1089 - Problem, file not found on Server
2025-05-27 02:23:35,703 [ERROR] ServerAccessManage:1089 - Problem, file not found on Server
2025-05-27 02:23:35,962 [ERROR] ServerAccessManage:1089 - Problem, file not found on Server
2025-05-27 02:23:36,236 [ERROR] ServerAccessManage:1089 - Problem, file not found on Server
2025-05-27 02:23:36,517 [ERROR] ServerAccessManage:1089 - Problem, file not found on Server
2025-05-27 02:23:36,718 [ERROR] ServerAccessManage:1089 - Problem, file not found on Server
2025-05-27 02:23:36,903 [INFO] ServerAccessManage:473 - Download File STMicroelectronics.X-CUBE-ISPU.pdsc
2025-05-27 02:23:37,508 [WARN] MainUpdater:1189 - Updater busy. Cannot search thirdparties
2025-05-27 02:23:37,508 [INFO] ThirdPartyUpdaterWithRetryManager:96 - Updater plugin is busy. [9/15]
2025-05-27 02:23:37,735 [INFO] ServerAccessManage:473 - Download File STMicroelectronics.X-CUBE-IPS.pdsc
2025-05-27 02:23:38,360 [INFO] ServerAccessManage:473 - Download File STMicroelectronics.X-CUBE-MEMS1.pdsc
2025-05-27 02:23:40,518 [WARN] MainUpdater:1189 - Updater busy. Cannot search thirdparties
2025-05-27 02:23:40,518 [INFO] ThirdPartyUpdaterWithRetryManager:96 - Updater plugin is busy. [10/15]
2025-05-27 02:23:42,814 [INFO] ServerAccessManage:473 - Download File STMicroelectronics.X-CUBE-NFC6.pdsc
2025-05-27 02:23:43,297 [INFO] ServerAccessManage:473 - Download File STMicroelectronics.X-CUBE-NFC7.pdsc
2025-05-27 02:23:43,520 [WARN] MainUpdater:1189 - Updater busy. Cannot search thirdparties
2025-05-27 02:23:43,520 [INFO] ThirdPartyUpdaterWithRetryManager:96 - Updater plugin is busy. [11/15]
2025-05-27 02:23:43,885 [INFO] ServerAccessManage:473 - Download File STMicroelectronics.X-CUBE-NFC9.pdsc
2025-05-27 02:23:44,186 [INFO] ServerAccessManage:473 - Download File STMicroelectronics.X-CUBE-NFC10.pdsc
2025-05-27 02:23:44,517 [INFO] ServerAccessManage:473 - Download File STMicroelectronics.X-CUBE-SAFEA1.pdsc
2025-05-27 02:23:44,938 [INFO] ServerAccessManage:473 - Download File STMicroelectronics.X-CUBE-ST60.pdsc
2025-05-27 02:23:45,291 [INFO] ServerAccessManage:473 - Download File STMicroelectronics.X-CUBE-TCPP.pdsc
2025-05-27 02:23:45,790 [INFO] ServerAccessManage:473 - Download File STMicroelectronics.X-CUBE-TOF1.pdsc
2025-05-27 02:23:46,521 [WARN] MainUpdater:1189 - Updater busy. Cannot search thirdparties
2025-05-27 02:23:46,521 [INFO] ThirdPartyUpdaterWithRetryManager:96 - Updater plugin is busy. [12/15]
2025-05-27 02:23:47,502 [ERROR] ServerAccessManage:1089 - Problem, file not found on Server
2025-05-27 02:23:47,829 [INFO] ServerAccessManage:473 - Download File STMicroelectronics.X-CUBE-TOUCHGFX.pdsc
2025-05-27 02:23:49,530 [WARN] MainUpdater:1189 - Updater busy. Cannot search thirdparties
2025-05-27 02:23:49,530 [INFO] ThirdPartyUpdaterWithRetryManager:96 - Updater plugin is busy. [13/15]
2025-05-27 02:23:51,598 [INFO] ServerAccessManage:473 - Download File STMicroelectronics.X-CUBE-ALGOBUILD.pdsc
2025-05-27 02:23:52,533 [WARN] MainUpdater:1189 - Updater busy. Cannot search thirdparties
2025-05-27 02:23:52,533 [INFO] ThirdPartyUpdaterWithRetryManager:96 - Updater plugin is busy. [14/15]
2025-05-27 02:23:52,643 [INFO] ServerAccessManage:473 - Download File STMicroelectronics.X-CUBE-AZRTOS-H7.pdsc
2025-05-27 02:23:54,165 [INFO] ServerAccessManage:473 - Download File STMicroelectronics.X-CUBE-AZRTOS-H7RS.pdsc
2025-05-27 02:23:55,212 [INFO] ServerAccessManage:473 - Download File STMicroelectronics.X-CUBE-WB05N.pdsc
2025-05-27 02:23:55,543 [WARN] MainUpdater:1189 - Updater busy. Cannot search thirdparties
2025-05-27 02:23:55,543 [INFO] ThirdPartyUpdaterWithRetryManager:96 - Updater plugin is busy. [15/15]
2025-05-27 02:23:55,543 [ERROR] IntegrityCheckThread:130 - Cannot retrieve database content from updater: error -1
2025-05-27 02:23:55,543 [INFO] ThirdParty:978 - Integrity check success = false
2025-05-27 02:23:55,543 [INFO] IntegrityCheckThread:100 - exiting critical section [integrity check]
2025-05-27 02:23:55,543 [INFO] IntegrityCheckThread:103 - End integrity checks thread
2025-05-27 02:23:56,185 [INFO] ServerAccessManage:473 - Download File wolfSSL.I-CUBE-wolfMQTT.pdsc
2025-05-27 02:23:57,963 [ERROR] ServerAccessManage:1089 - Problem, file not found on Server
2025-05-27 02:23:58,133 [INFO] ServerAccessManage:473 - Download File wolfSSL.I-CUBE-wolfTPM.pdsc
2025-05-27 02:24:00,782 [INFO] ServerAccessManage:473 - Download File wolfSSL.I-CUBE-wolfSSH.pdsc
2025-05-27 02:24:03,324 [INFO] ServerAccessManage:473 - Download File RealThread.X-CUBE-RT-Thread_Nano.pdsc
2025-05-27 02:24:04,591 [INFO] ServerAccessManage:473 - Download File ITTIA_DB.I-CUBE-ITTIADB.pdsc
2025-05-27 02:24:09,814 [INFO] ServerAccessManage:473 - Download File Infineon.AIROC-Wi-Fi-Bluetooth-STM32.pdsc
2025-05-27 02:24:15,711 [INFO] ServerAccessManage:473 - Download File Cesanta.I-CUBE-Mongoose.pdsc
2025-05-27 02:24:17,658 [INFO] ServerAccessManage:473 - Download File EmbeddedOffice.I-CUBE-FS-RTOS.pdsc
2025-05-27 02:24:18,770 [INFO] ServerAccessManage:473 - Download File quantropi.X-CUBE-qispace-sdk-base.pdsc
2025-05-27 02:24:19,551 [ERROR] ServerAccessManage:1172 - Problem during Server Connection :  IO error PKIX path validation failed: java.security.cert.CertPathValidatorException: validity check failed
2025-05-27 02:24:19,551 [ERROR] ServerAccessManage:651 - Problem during Server Connection :  : Avnet-IotConnect.X-CUBE-IoTC-DA16k-PMOD.pdsc.
2025-05-27 02:24:19,821 [WARN] PackLoader:240 - Cannot read IP mode file for STMicroelectronics.FP-ATR-ASTRA1.2.0.2
2025-05-27 02:24:19,831 [WARN] PopulateThirdPartyThread:106 - Error when creating pack: C:/Users/brbar/.stm32cubemx/thirdparties/pdsc/STMicroelectronics.FP-SNS-STBOX1.pdsc
2025-05-27 02:24:19,841 [WARN] PopulateThirdPartyThread:106 - Error when creating pack: C:/Users/brbar/.stm32cubemx/thirdparties/pdsc/STMicroelectronics.FP-SNS-FLIGHT1.pdsc
2025-05-27 02:24:19,861 [WARN] PackLoader:240 - Cannot read IP mode file for STMicroelectronics.FP-SNS-MOTENV1.5.0.0
2025-05-27 02:24:19,891 [WARN] PackLoader:240 - Cannot read IP mode file for STMicroelectronics.FP-SNS-MOTENVWB1.1.4.0
2025-05-27 02:24:19,901 [WARN] PackLoader:240 - Cannot read IP mode file for STMicroelectronics.X-CUBE-AI.10.0.0
2025-05-27 02:24:19,921 [WARN] PackLoader:240 - Cannot read IP mode file for STMicroelectronics.X-CUBE-ALS.1.0.2
2025-05-27 02:24:19,941 [WARN] PackLoader:240 - Cannot read IP mode file for STMicroelectronics.X-CUBE-BLE1.7.1.0
2025-05-27 02:24:19,971 [WARN] PopulateThirdPartyThread:106 - Error when creating pack: C:/Users/brbar/.stm32cubemx/thirdparties/pdsc/STMicroelectronics.X-CUBE-BLEMGR.pdsc
2025-05-27 02:24:19,991 [WARN] PopulateThirdPartyThread:106 - Error when creating pack: C:/Users/brbar/.stm32cubemx/thirdparties/pdsc/STMicroelectronics.X-CUBE-DPOWER.pdsc
2025-05-27 02:24:20,011 [WARN] PackLoader:240 - Cannot read IP mode file for STMicroelectronics.X-CUBE-EEPRMA1.5.1.0
2025-05-27 02:24:20,011 [INFO] CheckServerUpdateThread:120 - End of CheckServer Thread
2025-05-27 02:24:20,041 [WARN] PackLoader:240 - Cannot read IP mode file for STMicroelectronics.X-CUBE-FREERTOS.1.3.1
2025-05-27 02:24:20,071 [WARN] PackLoader:240 - Cannot read IP mode file for STMicroelectronics.X-CUBE-GNSS1.7.0.1
2025-05-27 02:24:20,081 [WARN] PackLoader:240 - Cannot read IP mode file for STMicroelectronics.X-CUBE-ISPU.2.1.0
2025-05-27 02:24:20,101 [WARN] PopulateThirdPartyThread:106 - Error when creating pack: C:/Users/brbar/.stm32cubemx/thirdparties/pdsc/STMicroelectronics.X-CUBE-IPS.pdsc
2025-05-27 02:24:20,271 [WARN] PackLoader:240 - Cannot read IP mode file for STMicroelectronics.X-CUBE-MEMS1.11.2.0
2025-05-27 02:24:20,802 [WARN] PackLoader:240 - Cannot read IP mode file for STMicroelectronics.X-CUBE-NFC6.3.1.0
2025-05-27 02:24:20,822 [WARN] PackLoader:240 - Cannot read IP mode file for STMicroelectronics.X-CUBE-NFC7.2.0.0
2025-05-27 02:24:20,842 [WARN] PackLoader:240 - Cannot read IP mode file for STMicroelectronics.X-CUBE-NFC9.1.0.0
2025-05-27 02:24:20,872 [WARN] PackLoader:240 - Cannot read IP mode file for STMicroelectronics.X-CUBE-NFC10.1.0.0
2025-05-27 02:24:20,892 [WARN] PackLoader:240 - Cannot read IP mode file for STMicroelectronics.X-CUBE-SAFEA1.1.2.2
2025-05-27 02:24:20,902 [WARN] PopulateThirdPartyThread:106 - Error when creating pack: C:/Users/brbar/.stm32cubemx/thirdparties/pdsc/STMicroelectronics.X-CUBE-ST60.pdsc
2025-05-27 02:24:20,912 [WARN] PopulateThirdPartyThread:106 - Error when creating pack: C:/Users/brbar/.stm32cubemx/thirdparties/pdsc/STMicroelectronics.X-CUBE-TCPP.pdsc
2025-05-27 02:24:20,922 [WARN] PopulateThirdPartyThread:106 - Error when creating pack: C:/Users/brbar/.stm32cubemx/thirdparties/pdsc/STMicroelectronics.X-CUBE-TOF1.pdsc
2025-05-27 02:24:20,932 [WARN] PackLoader:240 - Cannot read IP mode file for STMicroelectronics.X-CUBE-TOUCHGFX.4.25.0
2025-05-27 02:24:20,952 [WARN] PackLoader:240 - Cannot read IP mode file for STMicroelectronics.X-CUBE-ALGOBUILD.1.4.0
2025-05-27 02:24:21,012 [WARN] PackLoader:240 - Cannot read IP mode file for STMicroelectronics.X-CUBE-AZRTOS-H7.3.3.0
2025-05-27 02:24:21,072 [WARN] PackLoader:240 - Cannot read IP mode file for STMicroelectronics.X-CUBE-AZRTOS-H7RS.1.1.0
2025-05-27 02:24:21,092 [WARN] PackLoader:240 - Cannot read IP mode file for STMicroelectronics.X-CUBE-WB05N.2.0.0
2025-05-27 02:24:21,112 [WARN] PackLoader:240 - Cannot read IP mode file for wolfSSL.I-CUBE-wolfMQTT.1.19.2
2025-05-27 02:24:21,112 [WARN] PackLoader:240 - Cannot read IP mode file for wolfSSL.I-CUBE-wolfTPM.3.8.0
2025-05-27 02:24:21,122 [WARN] PackLoader:240 - Cannot read IP mode file for wolfSSL.I-CUBE-wolfSSH.1.4.20
2025-05-27 02:24:21,132 [WARN] PopulateThirdPartyThread:106 - Error when creating pack: C:/Users/brbar/.stm32cubemx/thirdparties/pdsc/RealThread.X-CUBE-RT-Thread_Nano.pdsc
2025-05-27 02:24:21,142 [WARN] PackLoader:240 - Cannot read IP mode file for ITTIA_DB.I-CUBE-ITTIADB.8.9.0
2025-05-27 02:24:21,162 [WARN] PopulateThirdPartyThread:106 - Error when creating pack: C:/Users/brbar/.stm32cubemx/thirdparties/pdsc/Infineon.AIROC-Wi-Fi-Bluetooth-STM32.pdsc
2025-05-27 02:24:21,172 [WARN] PackLoader:240 - Cannot read IP mode file for Cesanta.I-CUBE-Mongoose.7.13.0
2025-05-27 02:24:21,182 [WARN] PopulateThirdPartyThread:106 - Error when creating pack: C:/Users/brbar/.stm32cubemx/thirdparties/pdsc/EmbeddedOffice.I-CUBE-FS-RTOS.pdsc
2025-05-27 02:24:21,182 [WARN] PopulateThirdPartyThread:106 - Error when creating pack: C:/Users/brbar/.stm32cubemx/thirdparties/pdsc/quantropi.X-CUBE-qispace-sdk-base.pdsc
2025-05-27 02:24:21,182 [INFO] PopulateThirdPartyThread:66 - Ending populate Thread
2025-05-27 02:24:21,192 [INFO] ThirdParty:1030 - CMSIS Pack Vendor :wolfSSL I-CUBE-wolfTPM 3.8.0
2025-05-27 02:24:21,192 [INFO] ThirdParty:1030 - CMSIS Pack Vendor :STMicroelectronics X-CUBE-AZRTOS-H7 3.3.0
2025-05-27 02:24:21,192 [INFO] ThirdParty:1030 - CMSIS Pack Vendor :STMicroelectronics X-CUBE-NFC9 1.0.0
2025-05-27 02:24:21,192 [INFO] ThirdParty:1030 - CMSIS Pack Vendor :wolfSSL I-CUBE-wolfSSH 1.4.20
2025-05-27 02:24:21,192 [INFO] ThirdParty:1030 - CMSIS Pack Vendor :STMicroelectronics X-CUBE-NFC7 2.0.0
2025-05-27 02:24:21,192 [INFO] ThirdParty:1030 - CMSIS Pack Vendor :STMicroelectronics FP-SNS-MOTENVWB1 1.4.0
2025-05-27 02:24:21,192 [INFO] ThirdParty:1030 - CMSIS Pack Vendor :STMicroelectronics FP-ATR-ASTRA1 2.0.2
2025-05-27 02:24:21,192 [INFO] ThirdParty:1030 - CMSIS Pack Vendor :STMicroelectronics X-CUBE-BLE1 7.1.0
2025-05-27 02:24:21,192 [INFO] ThirdParty:1030 - CMSIS Pack Vendor :STMicroelectronics X-CUBE-NFC10 1.0.0
2025-05-27 02:24:21,192 [INFO] ThirdParty:1030 - CMSIS Pack Vendor :wolfSSL I-CUBE-wolfMQTT 1.19.2
2025-05-27 02:24:21,192 [INFO] ThirdParty:1030 - CMSIS Pack Vendor :STMicroelectronics X-CUBE-ISPU 2.1.0
2025-05-27 02:24:21,192 [INFO] ThirdParty:1030 - CMSIS Pack Vendor :STMicroelectronics X-CUBE-EEPRMA1 5.1.0
2025-05-27 02:24:21,192 [INFO] ThirdParty:1030 - CMSIS Pack Vendor :STMicroelectronics X-CUBE-FREERTOS 1.3.1
2025-05-27 02:24:21,192 [INFO] ThirdParty:1030 - CMSIS Pack Vendor :STMicroelectronics X-CUBE-ALS 1.0.2
2025-05-27 02:24:21,192 [INFO] ThirdParty:1030 - CMSIS Pack Vendor :STMicroelectronics X-CUBE-GNSS1 7.0.1
2025-05-27 02:24:21,192 [INFO] ThirdParty:1030 - CMSIS Pack Vendor :ITTIA_DB I-CUBE-ITTIADB 8.9.0
2025-05-27 02:24:21,192 [INFO] ThirdParty:1030 - CMSIS Pack Vendor :STMicroelectronics X-CUBE-TOUCHGFX 4.25.0
2025-05-27 02:24:21,192 [INFO] ThirdParty:1030 - CMSIS Pack Vendor :STMicroelectronics X-CUBE-NFC6 3.1.0
2025-05-27 02:24:21,192 [INFO] ThirdParty:1030 - CMSIS Pack Vendor :STMicroelectronics X-CUBE-AI 10.0.0
2025-05-27 02:24:21,192 [INFO] ThirdParty:1030 - CMSIS Pack Vendor :STMicroelectronics X-CUBE-ALGOBUILD 1.4.0
2025-05-27 02:24:21,192 [INFO] ThirdParty:1030 - CMSIS Pack Vendor :STMicroelectronics X-CUBE-MEMS1 11.2.0
2025-05-27 02:24:21,192 [INFO] ThirdParty:1030 - CMSIS Pack Vendor :STMicroelectronics FP-SNS-MOTENV1 5.0.0
2025-05-27 02:24:21,192 [INFO] ThirdParty:1030 - CMSIS Pack Vendor :STMicroelectronics X-CUBE-SAFEA1 1.2.2
2025-05-27 02:24:21,192 [INFO] ThirdParty:1030 - CMSIS Pack Vendor :STMicroelectronics X-CUBE-AZRTOS-H7RS 1.1.0
2025-05-27 02:24:21,192 [INFO] ThirdParty:1030 - CMSIS Pack Vendor :Cesanta I-CUBE-Mongoose 7.13.0
2025-05-27 02:24:21,202 [INFO] ThirdParty:1030 - CMSIS Pack Vendor :STMicroelectronics X-CUBE-WB05N 2.0.0
2025-05-27 02:24:21,202 [INFO] LoadServerUpdatesThread:373 - End of LoadServerUpdate Thread
