06:46:46 **** Incremental Build of configuration Debug for project yarab ****
make -j12 all 
arm-none-eabi-gcc "../Core/Src/encoder.c" -mcpu=cortex-m4 -std=gnu11 -g3 -DDEBUG -DUSE_HAL_DRIVER -DSTM32F401xC -c -I../Core/Inc -I../Drivers/STM32F4xx_HAL_Driver/Inc -I../Drivers/STM32F4xx_HAL_Driver/Inc/Legacy -I../Drivers/CMSIS/Device/ST/STM32F4xx/Include -I../Drivers/CMSIS/Include -O0 -ffunction-sections -fdata-sections -Wall -fstack-usage -fcyclomatic-complexity -MMD -MP -MF"Core/Src/encoder.d" -MT"Core/Src/encoder.o" --specs=nano.specs -mfpu=fpv4-sp-d16 -mfloat-abi=hard -mthumb -o "Core/Src/encoder.o"
arm-none-eabi-gcc -o "yarab.elf" @"objects.list"   -mcpu=cortex-m4 -T"C:\Users\brbar\STM32CubeIDE\workspace_1.13.1\RPOD-Chaser2\RPOD-Chaser\STM32F401RCTX_FLASH.ld" --specs=nosys.specs -Wl,-Map="yarab.map" -Wl,--gc-sections -static --specs=nano.specs -mfpu=fpv4-sp-d16 -mfloat-abi=hard -mthumb -Wl,--start-group -lc -lm -Wl,--end-group
Finished building target: yarab.elf
 
arm-none-eabi-size  yarab.elf 
arm-none-eabi-objdump -h -S yarab.elf  > "yarab.list"
arm-none-eabi-objcopy  -O ihex yarab.elf  "yarab.hex"
   text	   data	    bss	    dec	    hex	filename
  26352	     28	   2916	  29296	   7270	yarab.elf
arm-none-eabi-objcopy  -O binary yarab.elf  "yarab.bin"
Finished building: default.size.stdout
 
Finished building: yarab.hex
Finished building: yarab.bin
 
 
Finished building: yarab.list
 
06:47:20 **** Incremental Build of configuration Debug for project yarab ****
make -j12 all 
arm-none-eabi-size  yarab.elf 
   text	   data	    bss	    dec	    hex	filename
  26352	     28	   2916	  29296	   7270	yarab.elf
Finished building: default.size.stdout
 
07:14:27 **** Incremental Build of configuration Debug for project yarab ****
make -j12 all 
arm-none-eabi-gcc "../Core/Src/comm.c" -mcpu=cortex-m4 -std=gnu11 -g3 -DDEBUG -DUSE_HAL_DRIVER -DSTM32F401xC -c -I../Core/Inc -I../Drivers/STM32F4xx_HAL_Driver/Inc -I../Drivers/STM32F4xx_HAL_Driver/Inc/Legacy -I../Drivers/CMSIS/Device/ST/STM32F4xx/Include -I../Drivers/CMSIS/Include -O0 -ffunction-sections -fdata-sections -Wall -fstack-usage -fcyclomatic-complexity -MMD -MP -MF"Core/Src/comm.d" -MT"Core/Src/comm.o" --specs=nano.specs -mfpu=fpv4-sp-d16 -mfloat-abi=hard -mthumb -o "Core/Src/comm.o"
arm-none-eabi-gcc "../Core/Src/control_loop.c" -mcpu=cortex-m4 -std=gnu11 -g3 -DDEBUG -DUSE_HAL_DRIVER -DSTM32F401xC -c -I../Core/Inc -I../Drivers/STM32F4xx_HAL_Driver/Inc -I../Drivers/STM32F4xx_HAL_Driver/Inc/Legacy -I../Drivers/CMSIS/Device/ST/STM32F4xx/Include -I../Drivers/CMSIS/Include -O0 -ffunction-sections -fdata-sections -Wall -fstack-usage -fcyclomatic-complexity -MMD -MP -MF"Core/Src/control_loop.d" -MT"Core/Src/control_loop.o" --specs=nano.specs -mfpu=fpv4-sp-d16 -mfloat-abi=hard -mthumb -o "Core/Src/control_loop.o"
arm-none-eabi-gcc "../Core/Src/main.c" -mcpu=cortex-m4 -std=gnu11 -g3 -DDEBUG -DUSE_HAL_DRIVER -DSTM32F401xC -c -I../Core/Inc -I../Drivers/STM32F4xx_HAL_Driver/Inc -I../Drivers/STM32F4xx_HAL_Driver/Inc/Legacy -I../Drivers/CMSIS/Device/ST/STM32F4xx/Include -I../Drivers/CMSIS/Include -O0 -ffunction-sections -fdata-sections -Wall -fstack-usage -fcyclomatic-complexity -MMD -MP -MF"Core/Src/main.d" -MT"Core/Src/main.o" --specs=nano.specs -mfpu=fpv4-sp-d16 -mfloat-abi=hard -mthumb -o "Core/Src/main.o"
arm-none-eabi-gcc "../Core/Src/stm32f4xx_it.c" -mcpu=cortex-m4 -std=gnu11 -g3 -DDEBUG -DUSE_HAL_DRIVER -DSTM32F401xC -c -I../Core/Inc -I../Drivers/STM32F4xx_HAL_Driver/Inc -I../Drivers/STM32F4xx_HAL_Driver/Inc/Legacy -I../Drivers/CMSIS/Device/ST/STM32F4xx/Include -I../Drivers/CMSIS/Include -O0 -ffunction-sections -fdata-sections -Wall -fstack-usage -fcyclomatic-complexity -MMD -MP -MF"Core/Src/stm32f4xx_it.d" -MT"Core/Src/stm32f4xx_it.o" --specs=nano.specs -mfpu=fpv4-sp-d16 -mfloat-abi=hard -mthumb -o "Core/Src/stm32f4xx_it.o"
arm-none-eabi-gcc -o "yarab.elf" @"objects.list"   -mcpu=cortex-m4 -T"C:\Users\brbar\STM32CubeIDE\workspace_1.13.1\RPOD-Chaser2\RPOD-Chaser\STM32F401RCTX_FLASH.ld" --specs=nosys.specs -Wl,-Map="yarab.map" -Wl,--gc-sections -static --specs=nano.specs -mfpu=fpv4-sp-d16 -mfloat-abi=hard -mthumb -Wl,--start-group -lc -lm -Wl,--end-group
Finished building target: yarab.elf
 
arm-none-eabi-size  yarab.elf 
arm-none-eabi-objdump -h -S yarab.elf  > "yarab.list"
arm-none-eabi-objcopy  -O ihex yarab.elf  "yarab.hex"
   text	   data	    bss	    dec	    hex	filename
  26648	     28	   2916	  29592	   7398	yarab.elf
arm-none-eabi-objcopy  -O binary yarab.elf  "yarab.bin"
Finished building: default.size.stdout
 
Finished building: yarab.hex
Finished building: yarab.bin
 
 
Finished building: yarab.list
 
07:31:41 **** Incremental Build of configuration Debug for project yarab ****
make -j12 all 
arm-none-eabi-gcc "../Core/Src/comm.c" -mcpu=cortex-m4 -std=gnu11 -g3 -DDEBUG -DUSE_HAL_DRIVER -DSTM32F401xC -c -I../Core/Inc -I../Drivers/STM32F4xx_HAL_Driver/Inc -I../Drivers/STM32F4xx_HAL_Driver/Inc/Legacy -I../Drivers/CMSIS/Device/ST/STM32F4xx/Include -I../Drivers/CMSIS/Include -O0 -ffunction-sections -fdata-sections -Wall -fstack-usage -fcyclomatic-complexity -MMD -MP -MF"Core/Src/comm.d" -MT"Core/Src/comm.o" --specs=nano.specs -mfpu=fpv4-sp-d16 -mfloat-abi=hard -mthumb -o "Core/Src/comm.o"
arm-none-eabi-gcc "../Core/Src/control_loop.c" -mcpu=cortex-m4 -std=gnu11 -g3 -DDEBUG -DUSE_HAL_DRIVER -DSTM32F401xC -c -I../Core/Inc -I../Drivers/STM32F4xx_HAL_Driver/Inc -I../Drivers/STM32F4xx_HAL_Driver/Inc/Legacy -I../Drivers/CMSIS/Device/ST/STM32F4xx/Include -I../Drivers/CMSIS/Include -O0 -ffunction-sections -fdata-sections -Wall -fstack-usage -fcyclomatic-complexity -MMD -MP -MF"Core/Src/control_loop.d" -MT"Core/Src/control_loop.o" --specs=nano.specs -mfpu=fpv4-sp-d16 -mfloat-abi=hard -mthumb -o "Core/Src/control_loop.o"
arm-none-eabi-gcc "../Core/Src/main.c" -mcpu=cortex-m4 -std=gnu11 -g3 -DDEBUG -DUSE_HAL_DRIVER -DSTM32F401xC -c -I../Core/Inc -I../Drivers/STM32F4xx_HAL_Driver/Inc -I../Drivers/STM32F4xx_HAL_Driver/Inc/Legacy -I../Drivers/CMSIS/Device/ST/STM32F4xx/Include -I../Drivers/CMSIS/Include -O0 -ffunction-sections -fdata-sections -Wall -fstack-usage -fcyclomatic-complexity -MMD -MP -MF"Core/Src/main.d" -MT"Core/Src/main.o" --specs=nano.specs -mfpu=fpv4-sp-d16 -mfloat-abi=hard -mthumb -o "Core/Src/main.o"
arm-none-eabi-gcc "../Core/Src/stm32f4xx_it.c" -mcpu=cortex-m4 -std=gnu11 -g3 -DDEBUG -DUSE_HAL_DRIVER -DSTM32F401xC -c -I../Core/Inc -I../Drivers/STM32F4xx_HAL_Driver/Inc -I../Drivers/STM32F4xx_HAL_Driver/Inc/Legacy -I../Drivers/CMSIS/Device/ST/STM32F4xx/Include -I../Drivers/CMSIS/Include -O0 -ffunction-sections -fdata-sections -Wall -fstack-usage -fcyclomatic-complexity -MMD -MP -MF"Core/Src/stm32f4xx_it.d" -MT"Core/Src/stm32f4xx_it.o" --specs=nano.specs -mfpu=fpv4-sp-d16 -mfloat-abi=hard -mthumb -o "Core/Src/stm32f4xx_it.o"
arm-none-eabi-gcc -o "yarab.elf" @"objects.list"   -mcpu=cortex-m4 -T"C:\Users\brbar\STM32CubeIDE\workspace_1.13.1\RPOD-Chaser2\RPOD-Chaser\STM32F401RCTX_FLASH.ld" --specs=nosys.specs -Wl,-Map="yarab.map" -Wl,--gc-sections -static --specs=nano.specs -mfpu=fpv4-sp-d16 -mfloat-abi=hard -mthumb -Wl,--start-group -lc -lm -Wl,--end-group
Finished building target: yarab.elf
 
arm-none-eabi-size  yarab.elf 
arm-none-eabi-objdump -h -S yarab.elf  > "yarab.list"
arm-none-eabi-objcopy  -O ihex yarab.elf  "yarab.hex"
   text	   data	    bss	    dec	    hex	filename
  26352	     28	   2916	  29296	   7270	yarab.elf
arm-none-eabi-objcopy  -O binary yarab.elf  "yarab.bin"
Finished building: default.size.stdout
 
Finished building: yarab.hex
Finished building: yarab.bin
 
 
Finished building: yarab.list
 
17:39:01 **** Incremental Build of configuration Debug for project yarab ****
make -j12 all 
arm-none-eabi-gcc "../Core/Src/comm.c" -mcpu=cortex-m4 -std=gnu11 -g3 -DDEBUG -DUSE_HAL_DRIVER -DSTM32F401xC -c -I../Core/Inc -I../Drivers/STM32F4xx_HAL_Driver/Inc -I../Drivers/STM32F4xx_HAL_Driver/Inc/Legacy -I../Drivers/CMSIS/Device/ST/STM32F4xx/Include -I../Drivers/CMSIS/Include -O0 -ffunction-sections -fdata-sections -Wall -fstack-usage -fcyclomatic-complexity -MMD -MP -MF"Core/Src/comm.d" -MT"Core/Src/comm.o" --specs=nano.specs -mfpu=fpv4-sp-d16 -mfloat-abi=hard -mthumb -o "Core/Src/comm.o"
arm-none-eabi-gcc "../Core/Src/control_loop.c" -mcpu=cortex-m4 -std=gnu11 -g3 -DDEBUG -DUSE_HAL_DRIVER -DSTM32F401xC -c -I../Core/Inc -I../Drivers/STM32F4xx_HAL_Driver/Inc -I../Drivers/STM32F4xx_HAL_Driver/Inc/Legacy -I../Drivers/CMSIS/Device/ST/STM32F4xx/Include -I../Drivers/CMSIS/Include -O0 -ffunction-sections -fdata-sections -Wall -fstack-usage -fcyclomatic-complexity -MMD -MP -MF"Core/Src/control_loop.d" -MT"Core/Src/control_loop.o" --specs=nano.specs -mfpu=fpv4-sp-d16 -mfloat-abi=hard -mthumb -o "Core/Src/control_loop.o"
arm-none-eabi-gcc "../Core/Src/main.c" -mcpu=cortex-m4 -std=gnu11 -g3 -DDEBUG -DUSE_HAL_DRIVER -DSTM32F401xC -c -I../Core/Inc -I../Drivers/STM32F4xx_HAL_Driver/Inc -I../Drivers/STM32F4xx_HAL_Driver/Inc/Legacy -I../Drivers/CMSIS/Device/ST/STM32F4xx/Include -I../Drivers/CMSIS/Include -O0 -ffunction-sections -fdata-sections -Wall -fstack-usage -fcyclomatic-complexity -MMD -MP -MF"Core/Src/main.d" -MT"Core/Src/main.o" --specs=nano.specs -mfpu=fpv4-sp-d16 -mfloat-abi=hard -mthumb -o "Core/Src/main.o"
arm-none-eabi-gcc "../Core/Src/stm32f4xx_it.c" -mcpu=cortex-m4 -std=gnu11 -g3 -DDEBUG -DUSE_HAL_DRIVER -DSTM32F401xC -c -I../Core/Inc -I../Drivers/STM32F4xx_HAL_Driver/Inc -I../Drivers/STM32F4xx_HAL_Driver/Inc/Legacy -I../Drivers/CMSIS/Device/ST/STM32F4xx/Include -I../Drivers/CMSIS/Include -O0 -ffunction-sections -fdata-sections -Wall -fstack-usage -fcyclomatic-complexity -MMD -MP -MF"Core/Src/stm32f4xx_it.d" -MT"Core/Src/stm32f4xx_it.o" --specs=nano.specs -mfpu=fpv4-sp-d16 -mfloat-abi=hard -mthumb -o "Core/Src/stm32f4xx_it.o"
arm-none-eabi-gcc -o "yarab.elf" @"objects.list"   -mcpu=cortex-m4 -T"C:\Users\brbar\STM32CubeIDE\workspace_1.13.1\RPOD-Chaser2\RPOD-Chaser\STM32F401RCTX_FLASH.ld" --specs=nosys.specs -Wl,-Map="yarab.map" -Wl,--gc-sections -static --specs=nano.specs -mfpu=fpv4-sp-d16 -mfloat-abi=hard -mthumb -Wl,--start-group -lc -lm -Wl,--end-group
Finished building target: yarab.elf
 
arm-none-eabi-size  yarab.elf 
arm-none-eabi-objdump -h -S yarab.elf  > "yarab.list"
arm-none-eabi-objcopy  -O ihex yarab.elf  "yarab.hex"
   text	   data	    bss	    dec	    hex	filename
  26576	     28	   2916	  29520	   7350	yarab.elf
arm-none-eabi-objcopy  -O binary yarab.elf  "yarab.bin"
Finished building: default.size.stdout
 
Finished building: yarab.hex
Finished building: yarab.bin
 
 
Finished building: yarab.list
 
18:10:38 **** Incremental Build of configuration Debug for project yarab ****
make -j12 all 
arm-none-eabi-gcc "../Core/Src/comm.c" -mcpu=cortex-m4 -std=gnu11 -g3 -DDEBUG -DUSE_HAL_DRIVER -DSTM32F401xC -c -I../Core/Inc -I../Drivers/STM32F4xx_HAL_Driver/Inc -I../Drivers/STM32F4xx_HAL_Driver/Inc/Legacy -I../Drivers/CMSIS/Device/ST/STM32F4xx/Include -I../Drivers/CMSIS/Include -O0 -ffunction-sections -fdata-sections -Wall -fstack-usage -fcyclomatic-complexity -MMD -MP -MF"Core/Src/comm.d" -MT"Core/Src/comm.o" --specs=nano.specs -mfpu=fpv4-sp-d16 -mfloat-abi=hard -mthumb -o "Core/Src/comm.o"
arm-none-eabi-gcc "../Core/Src/control_loop.c" -mcpu=cortex-m4 -std=gnu11 -g3 -DDEBUG -DUSE_HAL_DRIVER -DSTM32F401xC -c -I../Core/Inc -I../Drivers/STM32F4xx_HAL_Driver/Inc -I../Drivers/STM32F4xx_HAL_Driver/Inc/Legacy -I../Drivers/CMSIS/Device/ST/STM32F4xx/Include -I../Drivers/CMSIS/Include -O0 -ffunction-sections -fdata-sections -Wall -fstack-usage -fcyclomatic-complexity -MMD -MP -MF"Core/Src/control_loop.d" -MT"Core/Src/control_loop.o" --specs=nano.specs -mfpu=fpv4-sp-d16 -mfloat-abi=hard -mthumb -o "Core/Src/control_loop.o"
arm-none-eabi-gcc "../Core/Src/main.c" -mcpu=cortex-m4 -std=gnu11 -g3 -DDEBUG -DUSE_HAL_DRIVER -DSTM32F401xC -c -I../Core/Inc -I../Drivers/STM32F4xx_HAL_Driver/Inc -I../Drivers/STM32F4xx_HAL_Driver/Inc/Legacy -I../Drivers/CMSIS/Device/ST/STM32F4xx/Include -I../Drivers/CMSIS/Include -O0 -ffunction-sections -fdata-sections -Wall -fstack-usage -fcyclomatic-complexity -MMD -MP -MF"Core/Src/main.d" -MT"Core/Src/main.o" --specs=nano.specs -mfpu=fpv4-sp-d16 -mfloat-abi=hard -mthumb -o "Core/Src/main.o"
arm-none-eabi-gcc "../Core/Src/pid.c" -mcpu=cortex-m4 -std=gnu11 -g3 -DDEBUG -DUSE_HAL_DRIVER -DSTM32F401xC -c -I../Core/Inc -I../Drivers/STM32F4xx_HAL_Driver/Inc -I../Drivers/STM32F4xx_HAL_Driver/Inc/Legacy -I../Drivers/CMSIS/Device/ST/STM32F4xx/Include -I../Drivers/CMSIS/Include -O0 -ffunction-sections -fdata-sections -Wall -fstack-usage -fcyclomatic-complexity -MMD -MP -MF"Core/Src/pid.d" -MT"Core/Src/pid.o" --specs=nano.specs -mfpu=fpv4-sp-d16 -mfloat-abi=hard -mthumb -o "Core/Src/pid.o"
arm-none-eabi-gcc "../Core/Src/stm32f4xx_it.c" -mcpu=cortex-m4 -std=gnu11 -g3 -DDEBUG -DUSE_HAL_DRIVER -DSTM32F401xC -c -I../Core/Inc -I../Drivers/STM32F4xx_HAL_Driver/Inc -I../Drivers/STM32F4xx_HAL_Driver/Inc/Legacy -I../Drivers/CMSIS/Device/ST/STM32F4xx/Include -I../Drivers/CMSIS/Include -O0 -ffunction-sections -fdata-sections -Wall -fstack-usage -fcyclomatic-complexity -MMD -MP -MF"Core/Src/stm32f4xx_it.d" -MT"Core/Src/stm32f4xx_it.o" --specs=nano.specs -mfpu=fpv4-sp-d16 -mfloat-abi=hard -mthumb -o "Core/Src/stm32f4xx_it.o"
arm-none-eabi-gcc -o "yarab.elf" @"objects.list"   -mcpu=cortex-m4 -T"C:\Users\brbar\STM32CubeIDE\workspace_1.13.1\RPOD-Chaser2\RPOD-Chaser\STM32F401RCTX_FLASH.ld" --specs=nosys.specs -Wl,-Map="yarab.map" -Wl,--gc-sections -static --specs=nano.specs -mfpu=fpv4-sp-d16 -mfloat-abi=hard -mthumb -Wl,--start-group -lc -lm -Wl,--end-group
Finished building target: yarab.elf
 
arm-none-eabi-size  yarab.elf 
arm-none-eabi-objdump -h -S yarab.elf  > "yarab.list"
arm-none-eabi-objcopy  -O ihex yarab.elf  "yarab.hex"
arm-none-eabi-objcopy  -O binary yarab.elf  "yarab.bin"
   text	   data	    bss	    dec	    hex	filename
  26760	     28	   2916	  29704	   7408	yarab.elf
Finished building: default.size.stdout
 
Finished building: yarab.hex
Finished building: yarab.bin
 
 
Finished building: yarab.list
 
18:23:56 **** Incremental Build of configuration Debug for project yarab ****
make -j12 all 
arm-none-eabi-gcc "../Core/Src/comm.c" -mcpu=cortex-m4 -std=gnu11 -g3 -DDEBUG -DUSE_HAL_DRIVER -DSTM32F401xC -c -I../Core/Inc -I../Drivers/STM32F4xx_HAL_Driver/Inc -I../Drivers/STM32F4xx_HAL_Driver/Inc/Legacy -I../Drivers/CMSIS/Device/ST/STM32F4xx/Include -I../Drivers/CMSIS/Include -O0 -ffunction-sections -fdata-sections -Wall -fstack-usage -fcyclomatic-complexity -MMD -MP -MF"Core/Src/comm.d" -MT"Core/Src/comm.o" --specs=nano.specs -mfpu=fpv4-sp-d16 -mfloat-abi=hard -mthumb -o "Core/Src/comm.o"
arm-none-eabi-gcc "../Core/Src/control_loop.c" -mcpu=cortex-m4 -std=gnu11 -g3 -DDEBUG -DUSE_HAL_DRIVER -DSTM32F401xC -c -I../Core/Inc -I../Drivers/STM32F4xx_HAL_Driver/Inc -I../Drivers/STM32F4xx_HAL_Driver/Inc/Legacy -I../Drivers/CMSIS/Device/ST/STM32F4xx/Include -I../Drivers/CMSIS/Include -O0 -ffunction-sections -fdata-sections -Wall -fstack-usage -fcyclomatic-complexity -MMD -MP -MF"Core/Src/control_loop.d" -MT"Core/Src/control_loop.o" --specs=nano.specs -mfpu=fpv4-sp-d16 -mfloat-abi=hard -mthumb -o "Core/Src/control_loop.o"
arm-none-eabi-gcc "../Core/Src/main.c" -mcpu=cortex-m4 -std=gnu11 -g3 -DDEBUG -DUSE_HAL_DRIVER -DSTM32F401xC -c -I../Core/Inc -I../Drivers/STM32F4xx_HAL_Driver/Inc -I../Drivers/STM32F4xx_HAL_Driver/Inc/Legacy -I../Drivers/CMSIS/Device/ST/STM32F4xx/Include -I../Drivers/CMSIS/Include -O0 -ffunction-sections -fdata-sections -Wall -fstack-usage -fcyclomatic-complexity -MMD -MP -MF"Core/Src/main.d" -MT"Core/Src/main.o" --specs=nano.specs -mfpu=fpv4-sp-d16 -mfloat-abi=hard -mthumb -o "Core/Src/main.o"
arm-none-eabi-gcc "../Core/Src/stm32f4xx_it.c" -mcpu=cortex-m4 -std=gnu11 -g3 -DDEBUG -DUSE_HAL_DRIVER -DSTM32F401xC -c -I../Core/Inc -I../Drivers/STM32F4xx_HAL_Driver/Inc -I../Drivers/STM32F4xx_HAL_Driver/Inc/Legacy -I../Drivers/CMSIS/Device/ST/STM32F4xx/Include -I../Drivers/CMSIS/Include -O0 -ffunction-sections -fdata-sections -Wall -fstack-usage -fcyclomatic-complexity -MMD -MP -MF"Core/Src/stm32f4xx_it.d" -MT"Core/Src/stm32f4xx_it.o" --specs=nano.specs -mfpu=fpv4-sp-d16 -mfloat-abi=hard -mthumb -o "Core/Src/stm32f4xx_it.o"
arm-none-eabi-gcc -o "yarab.elf" @"objects.list"   -mcpu=cortex-m4 -T"C:\Users\brbar\STM32CubeIDE\workspace_1.13.1\RPOD-Chaser2\RPOD-Chaser\STM32F401RCTX_FLASH.ld" --specs=nosys.specs -Wl,-Map="yarab.map" -Wl,--gc-sections -static --specs=nano.specs -mfpu=fpv4-sp-d16 -mfloat-abi=hard -mthumb -Wl,--start-group -lc -lm -Wl,--end-group
Finished building target: yarab.elf
 
arm-none-eabi-size  yarab.elf 
arm-none-eabi-objdump -h -S yarab.elf  > "yarab.list"
arm-none-eabi-objcopy  -O ihex yarab.elf  "yarab.hex"
   text	   data	    bss	    dec	    hex	filename
  26760	     28	   2916	  29704	   7408	yarab.elf
arm-none-eabi-objcopy  -O binary yarab.elf  "yarab.bin"
Finished building: default.size.stdout
 
Finished building: yarab.hex
Finished building: yarab.bin
 
 
Finished building: yarab.list
 
18:24:17 **** Incremental Build of configuration Debug for project yarab ****
make -j12 all 
arm-none-eabi-size  yarab.elf 
   text	   data	    bss	    dec	    hex	filename
  26760	     28	   2916	  29704	   7408	yarab.elf
Finished building: default.size.stdout
 
18:42:11 **** Incremental Build of configuration Debug for project yarab ****
make -j12 all 
arm-none-eabi-gcc "../Core/Src/control_loop.c" -mcpu=cortex-m4 -std=gnu11 -g3 -DDEBUG -DUSE_HAL_DRIVER -DSTM32F401xC -c -I../Core/Inc -I../Drivers/STM32F4xx_HAL_Driver/Inc -I../Drivers/STM32F4xx_HAL_Driver/Inc/Legacy -I../Drivers/CMSIS/Device/ST/STM32F4xx/Include -I../Drivers/CMSIS/Include -O0 -ffunction-sections -fdata-sections -Wall -fstack-usage -fcyclomatic-complexity -MMD -MP -MF"Core/Src/control_loop.d" -MT"Core/Src/control_loop.o" --specs=nano.specs -mfpu=fpv4-sp-d16 -mfloat-abi=hard -mthumb -o "Core/Src/control_loop.o"
arm-none-eabi-gcc "../Core/Src/main.c" -mcpu=cortex-m4 -std=gnu11 -g3 -DDEBUG -DUSE_HAL_DRIVER -DSTM32F401xC -c -I../Core/Inc -I../Drivers/STM32F4xx_HAL_Driver/Inc -I../Drivers/STM32F4xx_HAL_Driver/Inc/Legacy -I../Drivers/CMSIS/Device/ST/STM32F4xx/Include -I../Drivers/CMSIS/Include -O0 -ffunction-sections -fdata-sections -Wall -fstack-usage -fcyclomatic-complexity -MMD -MP -MF"Core/Src/main.d" -MT"Core/Src/main.o" --specs=nano.specs -mfpu=fpv4-sp-d16 -mfloat-abi=hard -mthumb -o "Core/Src/main.o"
arm-none-eabi-gcc -o "yarab.elf" @"objects.list"   -mcpu=cortex-m4 -T"C:\Users\brbar\STM32CubeIDE\workspace_1.13.1\RPOD-Chaser2\RPOD-Chaser\STM32F401RCTX_FLASH.ld" --specs=nosys.specs -Wl,-Map="yarab.map" -Wl,--gc-sections -static --specs=nano.specs -mfpu=fpv4-sp-d16 -mfloat-abi=hard -mthumb -Wl,--start-group -lc -lm -Wl,--end-group
Finished building target: yarab.elf
 
arm-none-eabi-size  yarab.elf 
arm-none-eabi-objdump -h -S yarab.elf  > "yarab.list"
arm-none-eabi-objcopy  -O ihex yarab.elf  "yarab.hex"
   text	   data	    bss	    dec	    hex	filename
  26356	     28	   2916	  29300	   7274	yarab.elf
arm-none-eabi-objcopy  -O binary yarab.elf  "yarab.bin"
Finished building: default.size.stdout
 
Finished building: yarab.hex
Finished building: yarab.bin
 
 
Finished building: yarab.list
 
18:42:49 **** Incremental Build of configuration Debug for project yarab ****
make -j12 all 
arm-none-eabi-size  yarab.elf 
   text	   data	    bss	    dec	    hex	filename
  26356	     28	   2916	  29300	   7274	yarab.elf
Finished building: default.size.stdout
 
19:21:52 **** Incremental Build of configuration Debug for project yarab ****
make -j12 all 
arm-none-eabi-gcc "../Core/Src/comm.c" -mcpu=cortex-m4 -std=gnu11 -g3 -DDEBUG -DUSE_HAL_DRIVER -DSTM32F401xC -c -I../Core/Inc -I../Drivers/STM32F4xx_HAL_Driver/Inc -I../Drivers/STM32F4xx_HAL_Driver/Inc/Legacy -I../Drivers/CMSIS/Device/ST/STM32F4xx/Include -I../Drivers/CMSIS/Include -O0 -ffunction-sections -fdata-sections -Wall -fstack-usage -fcyclomatic-complexity -MMD -MP -MF"Core/Src/comm.d" -MT"Core/Src/comm.o" --specs=nano.specs -mfpu=fpv4-sp-d16 -mfloat-abi=hard -mthumb -o "Core/Src/comm.o"
arm-none-eabi-gcc "../Core/Src/control_loop.c" -mcpu=cortex-m4 -std=gnu11 -g3 -DDEBUG -DUSE_HAL_DRIVER -DSTM32F401xC -c -I../Core/Inc -I../Drivers/STM32F4xx_HAL_Driver/Inc -I../Drivers/STM32F4xx_HAL_Driver/Inc/Legacy -I../Drivers/CMSIS/Device/ST/STM32F4xx/Include -I../Drivers/CMSIS/Include -O0 -ffunction-sections -fdata-sections -Wall -fstack-usage -fcyclomatic-complexity -MMD -MP -MF"Core/Src/control_loop.d" -MT"Core/Src/control_loop.o" --specs=nano.specs -mfpu=fpv4-sp-d16 -mfloat-abi=hard -mthumb -o "Core/Src/control_loop.o"
arm-none-eabi-gcc "../Core/Src/encoder.c" -mcpu=cortex-m4 -std=gnu11 -g3 -DDEBUG -DUSE_HAL_DRIVER -DSTM32F401xC -c -I../Core/Inc -I../Drivers/STM32F4xx_HAL_Driver/Inc -I../Drivers/STM32F4xx_HAL_Driver/Inc/Legacy -I../Drivers/CMSIS/Device/ST/STM32F4xx/Include -I../Drivers/CMSIS/Include -O0 -ffunction-sections -fdata-sections -Wall -fstack-usage -fcyclomatic-complexity -MMD -MP -MF"Core/Src/encoder.d" -MT"Core/Src/encoder.o" --specs=nano.specs -mfpu=fpv4-sp-d16 -mfloat-abi=hard -mthumb -o "Core/Src/encoder.o"
arm-none-eabi-gcc "../Core/Src/main.c" -mcpu=cortex-m4 -std=gnu11 -g3 -DDEBUG -DUSE_HAL_DRIVER -DSTM32F401xC -c -I../Core/Inc -I../Drivers/STM32F4xx_HAL_Driver/Inc -I../Drivers/STM32F4xx_HAL_Driver/Inc/Legacy -I../Drivers/CMSIS/Device/ST/STM32F4xx/Include -I../Drivers/CMSIS/Include -O0 -ffunction-sections -fdata-sections -Wall -fstack-usage -fcyclomatic-complexity -MMD -MP -MF"Core/Src/main.d" -MT"Core/Src/main.o" --specs=nano.specs -mfpu=fpv4-sp-d16 -mfloat-abi=hard -mthumb -o "Core/Src/main.o"
arm-none-eabi-gcc "../Core/Src/stm32f4xx_it.c" -mcpu=cortex-m4 -std=gnu11 -g3 -DDEBUG -DUSE_HAL_DRIVER -DSTM32F401xC -c -I../Core/Inc -I../Drivers/STM32F4xx_HAL_Driver/Inc -I../Drivers/STM32F4xx_HAL_Driver/Inc/Legacy -I../Drivers/CMSIS/Device/ST/STM32F4xx/Include -I../Drivers/CMSIS/Include -O0 -ffunction-sections -fdata-sections -Wall -fstack-usage -fcyclomatic-complexity -MMD -MP -MF"Core/Src/stm32f4xx_it.d" -MT"Core/Src/stm32f4xx_it.o" --specs=nano.specs -mfpu=fpv4-sp-d16 -mfloat-abi=hard -mthumb -o "Core/Src/stm32f4xx_it.o"
arm-none-eabi-gcc -o "yarab.elf" @"objects.list"   -mcpu=cortex-m4 -T"C:\Users\brbar\STM32CubeIDE\workspace_1.13.1\RPOD-Chaser2\RPOD-Chaser\STM32F401RCTX_FLASH.ld" --specs=nosys.specs -Wl,-Map="yarab.map" -Wl,--gc-sections -static --specs=nano.specs -mfpu=fpv4-sp-d16 -mfloat-abi=hard -mthumb -Wl,--start-group -lc -lm -Wl,--end-group
Finished building target: yarab.elf
 
arm-none-eabi-size  yarab.elf 
arm-none-eabi-objdump -h -S yarab.elf  > "yarab.list"
arm-none-eabi-objcopy  -O ihex yarab.elf  "yarab.hex"
   text	   data	    bss	    dec	    hex	filename
  26364	     28	   2916	  29308	   727c	yarab.elf
arm-none-eabi-objcopy  -O binary yarab.elf  "yarab.bin"
Finished building: default.size.stdout
 
Finished building: yarab.hex
Finished building: yarab.bin
 
 
Finished building: yarab.list
 
19:22:10 **** Incremental Build of configuration Debug for project yarab ****
make -j12 all 
arm-none-eabi-size  yarab.elf 
   text	   data	    bss	    dec	    hex	filename
  26364	     28	   2916	  29308	   727c	yarab.elf
Finished building: default.size.stdout
 
19:37:57 **** Incremental Build of configuration Debug for project yarab ****
make -j12 all 
arm-none-eabi-gcc "../Core/Src/comm.c" -mcpu=cortex-m4 -std=gnu11 -g3 -DDEBUG -DUSE_HAL_DRIVER -DSTM32F401xC -c -I../Core/Inc -I../Drivers/STM32F4xx_HAL_Driver/Inc -I../Drivers/STM32F4xx_HAL_Driver/Inc/Legacy -I../Drivers/CMSIS/Device/ST/STM32F4xx/Include -I../Drivers/CMSIS/Include -O0 -ffunction-sections -fdata-sections -Wall -fstack-usage -fcyclomatic-complexity -MMD -MP -MF"Core/Src/comm.d" -MT"Core/Src/comm.o" --specs=nano.specs -mfpu=fpv4-sp-d16 -mfloat-abi=hard -mthumb -o "Core/Src/comm.o"
arm-none-eabi-gcc "../Core/Src/control_loop.c" -mcpu=cortex-m4 -std=gnu11 -g3 -DDEBUG -DUSE_HAL_DRIVER -DSTM32F401xC -c -I../Core/Inc -I../Drivers/STM32F4xx_HAL_Driver/Inc -I../Drivers/STM32F4xx_HAL_Driver/Inc/Legacy -I../Drivers/CMSIS/Device/ST/STM32F4xx/Include -I../Drivers/CMSIS/Include -O0 -ffunction-sections -fdata-sections -Wall -fstack-usage -fcyclomatic-complexity -MMD -MP -MF"Core/Src/control_loop.d" -MT"Core/Src/control_loop.o" --specs=nano.specs -mfpu=fpv4-sp-d16 -mfloat-abi=hard -mthumb -o "Core/Src/control_loop.o"
arm-none-eabi-gcc "../Core/Src/main.c" -mcpu=cortex-m4 -std=gnu11 -g3 -DDEBUG -DUSE_HAL_DRIVER -DSTM32F401xC -c -I../Core/Inc -I../Drivers/STM32F4xx_HAL_Driver/Inc -I../Drivers/STM32F4xx_HAL_Driver/Inc/Legacy -I../Drivers/CMSIS/Device/ST/STM32F4xx/Include -I../Drivers/CMSIS/Include -O0 -ffunction-sections -fdata-sections -Wall -fstack-usage -fcyclomatic-complexity -MMD -MP -MF"Core/Src/main.d" -MT"Core/Src/main.o" --specs=nano.specs -mfpu=fpv4-sp-d16 -mfloat-abi=hard -mthumb -o "Core/Src/main.o"
arm-none-eabi-gcc "../Core/Src/stm32f4xx_it.c" -mcpu=cortex-m4 -std=gnu11 -g3 -DDEBUG -DUSE_HAL_DRIVER -DSTM32F401xC -c -I../Core/Inc -I../Drivers/STM32F4xx_HAL_Driver/Inc -I../Drivers/STM32F4xx_HAL_Driver/Inc/Legacy -I../Drivers/CMSIS/Device/ST/STM32F4xx/Include -I../Drivers/CMSIS/Include -O0 -ffunction-sections -fdata-sections -Wall -fstack-usage -fcyclomatic-complexity -MMD -MP -MF"Core/Src/stm32f4xx_it.d" -MT"Core/Src/stm32f4xx_it.o" --specs=nano.specs -mfpu=fpv4-sp-d16 -mfloat-abi=hard -mthumb -o "Core/Src/stm32f4xx_it.o"
arm-none-eabi-gcc -o "yarab.elf" @"objects.list"   -mcpu=cortex-m4 -T"C:\Users\brbar\STM32CubeIDE\workspace_1.13.1\RPOD-Chaser2\RPOD-Chaser\STM32F401RCTX_FLASH.ld" --specs=nosys.specs -Wl,-Map="yarab.map" -Wl,--gc-sections -static --specs=nano.specs -mfpu=fpv4-sp-d16 -mfloat-abi=hard -mthumb -Wl,--start-group -lc -lm -Wl,--end-group
Finished building target: yarab.elf
 
arm-none-eabi-size  yarab.elf 
arm-none-eabi-objdump -h -S yarab.elf  > "yarab.list"
arm-none-eabi-objcopy  -O ihex yarab.elf  "yarab.hex"
   text	   data	    bss	    dec	    hex	filename
  26344	     28	   2916	  29288	   7268	yarab.elf
arm-none-eabi-objcopy  -O binary yarab.elf  "yarab.bin"
Finished building: default.size.stdout
 
Finished building: yarab.hex
Finished building: yarab.bin
 
 
Finished building: yarab.list
 
19:52:03 **** Incremental Build of configuration Debug for project yarab ****
make -j12 all 
arm-none-eabi-gcc "../Core/Src/motor_control.c" -mcpu=cortex-m4 -std=gnu11 -g3 -DDEBUG -DUSE_HAL_DRIVER -DSTM32F401xC -c -I../Core/Inc -I../Drivers/STM32F4xx_HAL_Driver/Inc -I../Drivers/STM32F4xx_HAL_Driver/Inc/Legacy -I../Drivers/CMSIS/Device/ST/STM32F4xx/Include -I../Drivers/CMSIS/Include -O0 -ffunction-sections -fdata-sections -Wall -fstack-usage -fcyclomatic-complexity -MMD -MP -MF"Core/Src/motor_control.d" -MT"Core/Src/motor_control.o" --specs=nano.specs -mfpu=fpv4-sp-d16 -mfloat-abi=hard -mthumb -o "Core/Src/motor_control.o"
arm-none-eabi-gcc -o "yarab.elf" @"objects.list"   -mcpu=cortex-m4 -T"C:\Users\brbar\STM32CubeIDE\workspace_1.13.1\RPOD-Chaser2\RPOD-Chaser\STM32F401RCTX_FLASH.ld" --specs=nosys.specs -Wl,-Map="yarab.map" -Wl,--gc-sections -static --specs=nano.specs -mfpu=fpv4-sp-d16 -mfloat-abi=hard -mthumb -Wl,--start-group -lc -lm -Wl,--end-group
Finished building target: yarab.elf
 
arm-none-eabi-size  yarab.elf 
arm-none-eabi-objdump -h -S yarab.elf  > "yarab.list"
arm-none-eabi-objcopy  -O ihex yarab.elf  "yarab.hex"
   text	   data	    bss	    dec	    hex	filename
  26352	     28	   2916	  29296	   7270	yarab.elf
arm-none-eabi-objcopy  -O binary yarab.elf  "yarab.bin"
Finished building: default.size.stdout
 
Finished building: yarab.hex
Finished building: yarab.bin
 
 
Finished building: yarab.list
 
